CRITICAL - 2022-05-16 02:58:23 --> syntax error, unexpected end of file
#0 W:\domains\va.mypham.com\vendor\codeigniter4\framework\system\Common.php(1119): CodeIgniter\View\View->render('frontend/produc...', Array, true)
#1 W:\domains\va.mypham.com\app\Views\frontend\homepage\layout\home.php(72): view('frontend/produc...')
#2 W:\domains\va.mypham.com\vendor\codeigniter4\framework\system\View\View.php(246): include('W:\\domains\\va.m...')
#3 W:\domains\va.mypham.com\vendor\codeigniter4\framework\system\Common.php(1119): CodeIgniter\View\View->render('frontend/homepa...', Array, true)
#4 W:\domains\va.mypham.com\app\Controllers\Frontend\Product\Catalogue.php(215): view('frontend/homepa...', Array)
#5 W:\domains\va.mypham.com\vendor\codeigniter4\framework\system\View\Cell.php(180): App\Controllers\Frontend\Product\Catalogue->index(1, 0)
#6 W:\domains\va.mypham.com\vendor\codeigniter4\framework\system\Common.php(1140): CodeIgniter\View\Cell->render('\\App\\Controller...', 'id=1, page=1', 0, 'AppControllersF...')
#7 W:\domains\va.mypham.com\app\Controllers\Frontend\Homepage\Router.php(59): view_cell('\\App\\Controller...', 'id=1, page=1')
#8 W:\domains\va.mypham.com\vendor\codeigniter4\framework\system\CodeIgniter.php(918): App\Controllers\Frontend\Homepage\Router->index('san-pham')
#9 W:\domains\va.mypham.com\vendor\codeigniter4\framework\system\CodeIgniter.php(404): CodeIgniter\CodeIgniter->runController(Object(App\Controllers\Frontend\Homepage\Router))
#10 W:\domains\va.mypham.com\vendor\codeigniter4\framework\system\CodeIgniter.php(312): CodeIgniter\CodeIgniter->handleRequest(NULL, Object(Config\Cache), false)
#11 W:\domains\va.mypham.com\index.php(48): CodeIgniter\CodeIgniter->run()
#12 {main}
CRITICAL - 2022-05-16 03:49:52 --> Undefined index: another_contact_1
#0 W:\domains\va.mypham.com\app\Views\frontend\contact\contact\index.php(17): CodeIgniter\Debug\Exceptions->errorHandler(8, 'Undefined index...', 'W:\\domains\\va.m...', 17, Array)
#1 W:\domains\va.mypham.com\vendor\codeigniter4\framework\system\View\View.php(246): include('W:\\domains\\va.m...')
#2 W:\domains\va.mypham.com\vendor\codeigniter4\framework\system\Common.php(1119): CodeIgniter\View\View->render('frontend/contac...', Array, true)
#3 W:\domains\va.mypham.com\app\Views\frontend\homepage\layout\home.php(72): view('frontend/contac...')
#4 W:\domains\va.mypham.com\vendor\codeigniter4\framework\system\View\View.php(246): include('W:\\domains\\va.m...')
#5 W:\domains\va.mypham.com\vendor\codeigniter4\framework\system\Common.php(1119): CodeIgniter\View\View->render('frontend/homepa...', Array, true)
#6 W:\domains\va.mypham.com\app\Controllers\Frontend\Contact\Contact.php(116): view('frontend/homepa...', Array)
#7 W:\domains\va.mypham.com\vendor\codeigniter4\framework\system\CodeIgniter.php(918): App\Controllers\Frontend\Contact\Contact->index()
#8 W:\domains\va.mypham.com\vendor\codeigniter4\framework\system\CodeIgniter.php(404): CodeIgniter\CodeIgniter->runController(Object(App\Controllers\Frontend\Contact\Contact))
#9 W:\domains\va.mypham.com\vendor\codeigniter4\framework\system\CodeIgniter.php(312): CodeIgniter\CodeIgniter->handleRequest(NULL, Object(Config\Cache), false)
#10 W:\domains\va.mypham.com\index.php(48): CodeIgniter\CodeIgniter->run()
#11 {main}
CRITICAL - 2022-05-16 10:01:23 --> Undefined index: detailCatalogue
#0 W:\domains\va.mypham.com\app\Controllers\Frontend\Contact\Contact.php(21): CodeIgniter\Debug\Exceptions->errorHandler(8, 'Undefined index...', 'W:\\domains\\va.m...', 21, Array)
#1 W:\domains\va.mypham.com\vendor\codeigniter4\framework\system\CodeIgniter.php(918): App\Controllers\Frontend\Contact\Contact->index()
#2 W:\domains\va.mypham.com\vendor\codeigniter4\framework\system\CodeIgniter.php(404): CodeIgniter\CodeIgniter->runController(Object(App\Controllers\Frontend\Contact\Contact))
#3 W:\domains\va.mypham.com\vendor\codeigniter4\framework\system\CodeIgniter.php(312): CodeIgniter\CodeIgniter->handleRequest(NULL, Object(Config\Cache), false)
#4 W:\domains\va.mypham.com\index.php(48): CodeIgniter\CodeIgniter->run()
#5 {main}
CRITICAL - 2022-05-16 10:01:59 --> Undefined variable: config
#0 W:\domains\va.mypham.com\app\Controllers\Frontend\Contact\Contact.php(26): CodeIgniter\Debug\Exceptions->errorHandler(8, 'Undefined varia...', 'W:\\domains\\va.m...', 26, Array)
#1 W:\domains\va.mypham.com\vendor\codeigniter4\framework\system\CodeIgniter.php(918): App\Controllers\Frontend\Contact\Contact->index()
#2 W:\domains\va.mypham.com\vendor\codeigniter4\framework\system\CodeIgniter.php(404): CodeIgniter\CodeIgniter->runController(Object(App\Controllers\Frontend\Contact\Contact))
#3 W:\domains\va.mypham.com\vendor\codeigniter4\framework\system\CodeIgniter.php(312): CodeIgniter\CodeIgniter->handleRequest(NULL, Object(Config\Cache), false)
#4 W:\domains\va.mypham.com\index.php(48): CodeIgniter\CodeIgniter->run()
#5 {main}
CRITICAL - 2022-05-16 10:21:02 --> syntax error, unexpected ';', expecting ',' or ')'
#0 W:\domains\va.mypham.com\vendor\codeigniter4\framework\system\Common.php(1119): CodeIgniter\View\View->render('frontend/contac...', Array, true)
#1 W:\domains\va.mypham.com\app\Views\frontend\homepage\layout\home.php(72): view('frontend/contac...')
#2 W:\domains\va.mypham.com\vendor\codeigniter4\framework\system\View\View.php(246): include('W:\\domains\\va.m...')
#3 W:\domains\va.mypham.com\vendor\codeigniter4\framework\system\Common.php(1119): CodeIgniter\View\View->render('frontend/homepa...', Array, true)
#4 W:\domains\va.mypham.com\app\Controllers\Frontend\Contact\Contact.php(40): view('frontend/homepa...', Array)
#5 W:\domains\va.mypham.com\vendor\codeigniter4\framework\system\CodeIgniter.php(918): App\Controllers\Frontend\Contact\Contact->index()
#6 W:\domains\va.mypham.com\vendor\codeigniter4\framework\system\CodeIgniter.php(404): CodeIgniter\CodeIgniter->runController(Object(App\Controllers\Frontend\Contact\Contact))
#7 W:\domains\va.mypham.com\vendor\codeigniter4\framework\system\CodeIgniter.php(312): CodeIgniter\CodeIgniter->handleRequest(NULL, Object(Config\Cache), false)
#8 W:\domains\va.mypham.com\index.php(48): CodeIgniter\CodeIgniter->run()
#9 {main}
CRITICAL - 2022-05-16 10:22:19 --> Undefined variable: info
#0 W:\domains\va.mypham.com\app\Views\frontend\contact\contact\index.php(30): CodeIgniter\Debug\Exceptions->errorHandler(8, 'Undefined varia...', 'W:\\domains\\va.m...', 30, Array)
#1 W:\domains\va.mypham.com\vendor\codeigniter4\framework\system\View\View.php(246): include('W:\\domains\\va.m...')
#2 W:\domains\va.mypham.com\vendor\codeigniter4\framework\system\Common.php(1119): CodeIgniter\View\View->render('frontend/contac...', Array, true)
#3 W:\domains\va.mypham.com\app\Views\frontend\homepage\layout\home.php(72): view('frontend/contac...')
#4 W:\domains\va.mypham.com\vendor\codeigniter4\framework\system\View\View.php(246): include('W:\\domains\\va.m...')
#5 W:\domains\va.mypham.com\vendor\codeigniter4\framework\system\Common.php(1119): CodeIgniter\View\View->render('frontend/homepa...', Array, true)
#6 W:\domains\va.mypham.com\app\Controllers\Frontend\Contact\Contact.php(40): view('frontend/homepa...', Array)
#7 W:\domains\va.mypham.com\vendor\codeigniter4\framework\system\CodeIgniter.php(918): App\Controllers\Frontend\Contact\Contact->index()
#8 W:\domains\va.mypham.com\vendor\codeigniter4\framework\system\CodeIgniter.php(404): CodeIgniter\CodeIgniter->runController(Object(App\Controllers\Frontend\Contact\Contact))
#9 W:\domains\va.mypham.com\vendor\codeigniter4\framework\system\CodeIgniter.php(312): CodeIgniter\CodeIgniter->handleRequest(NULL, Object(Config\Cache), false)
#10 W:\domains\va.mypham.com\index.php(48): CodeIgniter\CodeIgniter->run()
#11 {main}
CRITICAL - 2022-05-16 11:20:24 --> Undefined variable: info
#0 W:\domains\va.mypham.com\app\Views\frontend\contact\contact\index.php(111): CodeIgniter\Debug\Exceptions->errorHandler(8, 'Undefined varia...', 'W:\\domains\\va.m...', 111, Array)
#1 W:\domains\va.mypham.com\vendor\codeigniter4\framework\system\View\View.php(246): include('W:\\domains\\va.m...')
#2 W:\domains\va.mypham.com\vendor\codeigniter4\framework\system\Common.php(1119): CodeIgniter\View\View->render('frontend/contac...', Array, true)
#3 W:\domains\va.mypham.com\app\Views\frontend\homepage\layout\home.php(72): view('frontend/contac...')
#4 W:\domains\va.mypham.com\vendor\codeigniter4\framework\system\View\View.php(246): include('W:\\domains\\va.m...')
#5 W:\domains\va.mypham.com\vendor\codeigniter4\framework\system\Common.php(1119): CodeIgniter\View\View->render('frontend/homepa...', Array, true)
#6 W:\domains\va.mypham.com\app\Controllers\Frontend\Contact\Contact.php(39): view('frontend/homepa...', Array)
#7 W:\domains\va.mypham.com\vendor\codeigniter4\framework\system\CodeIgniter.php(918): App\Controllers\Frontend\Contact\Contact->index()
#8 W:\domains\va.mypham.com\vendor\codeigniter4\framework\system\CodeIgniter.php(404): CodeIgniter\CodeIgniter->runController(Object(App\Controllers\Frontend\Contact\Contact))
#9 W:\domains\va.mypham.com\vendor\codeigniter4\framework\system\CodeIgniter.php(312): CodeIgniter\CodeIgniter->handleRequest(NULL, Object(Config\Cache), false)
#10 W:\domains\va.mypham.com\index.php(48): CodeIgniter\CodeIgniter->run()
#11 {main}
CRITICAL - 2022-05-16 11:20:59 --> in_array() expects parameter 2 to be array, string given
#0 [internal function]: CodeIgniter\Debug\Exceptions->errorHandler(2, 'in_array() expe...', 'W:\\domains\\va.m...', 87, Array)
#1 W:\domains\va.mypham.com\app\Views\frontend\contact\contact\index.php(87): in_array('Anemia (Thi\xE1\xBA\xBFu...', 'Diabetes (Ti\xE1\xBB\x83...')
#2 W:\domains\va.mypham.com\vendor\codeigniter4\framework\system\View\View.php(246): include('W:\\domains\\va.m...')
#3 W:\domains\va.mypham.com\vendor\codeigniter4\framework\system\Common.php(1119): CodeIgniter\View\View->render('frontend/contac...', Array, true)
#4 W:\domains\va.mypham.com\app\Views\frontend\homepage\layout\home.php(72): view('frontend/contac...')
#5 W:\domains\va.mypham.com\vendor\codeigniter4\framework\system\View\View.php(246): include('W:\\domains\\va.m...')
#6 W:\domains\va.mypham.com\vendor\codeigniter4\framework\system\Common.php(1119): CodeIgniter\View\View->render('frontend/homepa...', Array, true)
#7 W:\domains\va.mypham.com\app\Controllers\Frontend\Contact\Contact.php(39): view('frontend/homepa...', Array)
#8 W:\domains\va.mypham.com\vendor\codeigniter4\framework\system\CodeIgniter.php(918): App\Controllers\Frontend\Contact\Contact->index()
#9 W:\domains\va.mypham.com\vendor\codeigniter4\framework\system\CodeIgniter.php(404): CodeIgniter\CodeIgniter->runController(Object(App\Controllers\Frontend\Contact\Contact))
#10 W:\domains\va.mypham.com\vendor\codeigniter4\framework\system\CodeIgniter.php(312): CodeIgniter\CodeIgniter->handleRequest(NULL, Object(Config\Cache), false)
#11 W:\domains\va.mypham.com\index.php(48): CodeIgniter\CodeIgniter->run()
#12 {main}
CRITICAL - 2022-05-16 11:23:53 --> in_array() expects parameter 2 to be array, string given
#0 [internal function]: CodeIgniter\Debug\Exceptions->errorHandler(2, 'in_array() expe...', 'W:\\domains\\va.m...', 87, Array)
#1 W:\domains\va.mypham.com\app\Views\frontend\contact\contact\index.php(87): in_array('Anemia (Thi\xE1\xBA\xBFu...', 'Diabetes (Ti\xE1\xBB\x83...')
#2 W:\domains\va.mypham.com\vendor\codeigniter4\framework\system\View\View.php(246): include('W:\\domains\\va.m...')
#3 W:\domains\va.mypham.com\vendor\codeigniter4\framework\system\Common.php(1119): CodeIgniter\View\View->render('frontend/contac...', Array, true)
#4 W:\domains\va.mypham.com\app\Views\frontend\homepage\layout\home.php(72): view('frontend/contac...')
#5 W:\domains\va.mypham.com\vendor\codeigniter4\framework\system\View\View.php(246): include('W:\\domains\\va.m...')
#6 W:\domains\va.mypham.com\vendor\codeigniter4\framework\system\Common.php(1119): CodeIgniter\View\View->render('frontend/homepa...', Array, true)
#7 W:\domains\va.mypham.com\app\Controllers\Frontend\Contact\Contact.php(39): view('frontend/homepa...', Array)
#8 W:\domains\va.mypham.com\vendor\codeigniter4\framework\system\CodeIgniter.php(918): App\Controllers\Frontend\Contact\Contact->index()
#9 W:\domains\va.mypham.com\vendor\codeigniter4\framework\system\CodeIgniter.php(404): CodeIgniter\CodeIgniter->runController(Object(App\Controllers\Frontend\Contact\Contact))
#10 W:\domains\va.mypham.com\vendor\codeigniter4\framework\system\CodeIgniter.php(312): CodeIgniter\CodeIgniter->handleRequest(NULL, Object(Config\Cache), false)
#11 W:\domains\va.mypham.com\index.php(48): CodeIgniter\CodeIgniter->run()
#12 {main}
CRITICAL - 2022-05-16 12:06:46 --> Array to string conversion
#0 W:\domains\va.mypham.com\app\Views\backend\contact\contact\store.php(36): CodeIgniter\Debug\Exceptions->errorHandler(8, 'Array to string...', 'W:\\domains\\va.m...', 36, Array)
#1 W:\domains\va.mypham.com\vendor\codeigniter4\framework\system\View\View.php(246): include('W:\\domains\\va.m...')
#2 W:\domains\va.mypham.com\vendor\codeigniter4\framework\system\Common.php(1119): CodeIgniter\View\View->render('backend/contact...', Array, true)
#3 W:\domains\va.mypham.com\app\Views\backend\contact\contact\reply.php(12): view('backend/contact...')
#4 W:\domains\va.mypham.com\vendor\codeigniter4\framework\system\View\View.php(246): include('W:\\domains\\va.m...')
#5 W:\domains\va.mypham.com\vendor\codeigniter4\framework\system\Common.php(1119): CodeIgniter\View\View->render('backend/contact...', Array, true)
#6 W:\domains\va.mypham.com\app\Views\backend\dashboard\layout\popup.php(40): view('backend/contact...')
#7 W:\domains\va.mypham.com\vendor\codeigniter4\framework\system\View\View.php(246): include('W:\\domains\\va.m...')
#8 W:\domains\va.mypham.com\vendor\codeigniter4\framework\system\Common.php(1119): CodeIgniter\View\View->render('backend/dashboa...', Array, true)
#9 W:\domains\va.mypham.com\app\Controllers\Backend\Contact\Contact.php(105): view('backend/dashboa...', Array)
#10 W:\domains\va.mypham.com\vendor\codeigniter4\framework\system\CodeIgniter.php(918): App\Controllers\Backend\Contact\Contact->reply(3)
#11 W:\domains\va.mypham.com\vendor\codeigniter4\framework\system\CodeIgniter.php(404): CodeIgniter\CodeIgniter->runController(Object(App\Controllers\Backend\Contact\Contact))
#12 W:\domains\va.mypham.com\vendor\codeigniter4\framework\system\CodeIgniter.php(312): CodeIgniter\CodeIgniter->handleRequest(NULL, Object(Config\Cache), false)
#13 W:\domains\va.mypham.com\index.php(48): CodeIgniter\CodeIgniter->run()
#14 {main}
CRITICAL - 2022-05-16 12:09:41 --> Array to string conversion
#0 W:\domains\va.mypham.com\app\Views\backend\contact\contact\store.php(41): CodeIgniter\Debug\Exceptions->errorHandler(8, 'Array to string...', 'W:\\domains\\va.m...', 41, Array)
#1 W:\domains\va.mypham.com\vendor\codeigniter4\framework\system\View\View.php(246): include('W:\\domains\\va.m...')
#2 W:\domains\va.mypham.com\vendor\codeigniter4\framework\system\Common.php(1119): CodeIgniter\View\View->render('backend/contact...', Array, true)
#3 W:\domains\va.mypham.com\app\Views\backend\contact\contact\reply.php(12): view('backend/contact...')
#4 W:\domains\va.mypham.com\vendor\codeigniter4\framework\system\View\View.php(246): include('W:\\domains\\va.m...')
#5 W:\domains\va.mypham.com\vendor\codeigniter4\framework\system\Common.php(1119): CodeIgniter\View\View->render('backend/contact...', Array, true)
#6 W:\domains\va.mypham.com\app\Views\backend\dashboard\layout\popup.php(40): view('backend/contact...')
#7 W:\domains\va.mypham.com\vendor\codeigniter4\framework\system\View\View.php(246): include('W:\\domains\\va.m...')
#8 W:\domains\va.mypham.com\vendor\codeigniter4\framework\system\Common.php(1119): CodeIgniter\View\View->render('backend/dashboa...', Array, true)
#9 W:\domains\va.mypham.com\app\Controllers\Backend\Contact\Contact.php(105): view('backend/dashboa...', Array)
#10 W:\domains\va.mypham.com\vendor\codeigniter4\framework\system\CodeIgniter.php(918): App\Controllers\Backend\Contact\Contact->reply(3)
#11 W:\domains\va.mypham.com\vendor\codeigniter4\framework\system\CodeIgniter.php(404): CodeIgniter\CodeIgniter->runController(Object(App\Controllers\Backend\Contact\Contact))
#12 W:\domains\va.mypham.com\vendor\codeigniter4\framework\system\CodeIgniter.php(312): CodeIgniter\CodeIgniter->handleRequest(NULL, Object(Config\Cache), false)
#13 W:\domains\va.mypham.com\index.php(48): CodeIgniter\CodeIgniter->run()
#14 {main}
CRITICAL - 2022-05-16 12:09:47 --> Array to string conversion
#0 W:\domains\va.mypham.com\app\Views\backend\contact\contact\store.php(41): CodeIgniter\Debug\Exceptions->errorHandler(8, 'Array to string...', 'W:\\domains\\va.m...', 41, Array)
#1 W:\domains\va.mypham.com\vendor\codeigniter4\framework\system\View\View.php(246): include('W:\\domains\\va.m...')
#2 W:\domains\va.mypham.com\vendor\codeigniter4\framework\system\Common.php(1119): CodeIgniter\View\View->render('backend/contact...', Array, true)
#3 W:\domains\va.mypham.com\app\Views\backend\contact\contact\reply.php(12): view('backend/contact...')
#4 W:\domains\va.mypham.com\vendor\codeigniter4\framework\system\View\View.php(246): include('W:\\domains\\va.m...')
#5 W:\domains\va.mypham.com\vendor\codeigniter4\framework\system\Common.php(1119): CodeIgniter\View\View->render('backend/contact...', Array, true)
#6 W:\domains\va.mypham.com\app\Views\backend\dashboard\layout\popup.php(40): view('backend/contact...')
#7 W:\domains\va.mypham.com\vendor\codeigniter4\framework\system\View\View.php(246): include('W:\\domains\\va.m...')
#8 W:\domains\va.mypham.com\vendor\codeigniter4\framework\system\Common.php(1119): CodeIgniter\View\View->render('backend/dashboa...', Array, true)
#9 W:\domains\va.mypham.com\app\Controllers\Backend\Contact\Contact.php(105): view('backend/dashboa...', Array)
#10 W:\domains\va.mypham.com\vendor\codeigniter4\framework\system\CodeIgniter.php(918): App\Controllers\Backend\Contact\Contact->reply(3)
#11 W:\domains\va.mypham.com\vendor\codeigniter4\framework\system\CodeIgniter.php(404): CodeIgniter\CodeIgniter->runController(Object(App\Controllers\Backend\Contact\Contact))
#12 W:\domains\va.mypham.com\vendor\codeigniter4\framework\system\CodeIgniter.php(312): CodeIgniter\CodeIgniter->handleRequest(NULL, Object(Config\Cache), false)
#13 W:\domains\va.mypham.com\index.php(48): CodeIgniter\CodeIgniter->run()
#14 {main}
CRITICAL - 2022-05-16 12:09:48 --> Array to string conversion
#0 W:\domains\va.mypham.com\app\Views\backend\contact\contact\store.php(41): CodeIgniter\Debug\Exceptions->errorHandler(8, 'Array to string...', 'W:\\domains\\va.m...', 41, Array)
#1 W:\domains\va.mypham.com\vendor\codeigniter4\framework\system\View\View.php(246): include('W:\\domains\\va.m...')
#2 W:\domains\va.mypham.com\vendor\codeigniter4\framework\system\Common.php(1119): CodeIgniter\View\View->render('backend/contact...', Array, true)
#3 W:\domains\va.mypham.com\app\Views\backend\contact\contact\reply.php(12): view('backend/contact...')
#4 W:\domains\va.mypham.com\vendor\codeigniter4\framework\system\View\View.php(246): include('W:\\domains\\va.m...')
#5 W:\domains\va.mypham.com\vendor\codeigniter4\framework\system\Common.php(1119): CodeIgniter\View\View->render('backend/contact...', Array, true)
#6 W:\domains\va.mypham.com\app\Views\backend\dashboard\layout\popup.php(40): view('backend/contact...')
#7 W:\domains\va.mypham.com\vendor\codeigniter4\framework\system\View\View.php(246): include('W:\\domains\\va.m...')
#8 W:\domains\va.mypham.com\vendor\codeigniter4\framework\system\Common.php(1119): CodeIgniter\View\View->render('backend/dashboa...', Array, true)
#9 W:\domains\va.mypham.com\app\Controllers\Backend\Contact\Contact.php(105): view('backend/dashboa...', Array)
#10 W:\domains\va.mypham.com\vendor\codeigniter4\framework\system\CodeIgniter.php(918): App\Controllers\Backend\Contact\Contact->reply(3)
#11 W:\domains\va.mypham.com\vendor\codeigniter4\framework\system\CodeIgniter.php(404): CodeIgniter\CodeIgniter->runController(Object(App\Controllers\Backend\Contact\Contact))
#12 W:\domains\va.mypham.com\vendor\codeigniter4\framework\system\CodeIgniter.php(312): CodeIgniter\CodeIgniter->handleRequest(NULL, Object(Config\Cache), false)
#13 W:\domains\va.mypham.com\index.php(48): CodeIgniter\CodeIgniter->run()
#14 {main}
CRITICAL - 2022-05-16 13:08:16 --> syntax error, unexpected '}', expecting end of file
#0 W:\domains\va.mypham.com\vendor\codeigniter4\framework\system\Common.php(1119): CodeIgniter\View\View->render('frontend/media/...', Array, true)
#1 W:\domains\va.mypham.com\app\Views\frontend\homepage\layout\home.php(72): view('frontend/media/...')
#2 W:\domains\va.mypham.com\vendor\codeigniter4\framework\system\View\View.php(246): include('W:\\domains\\va.m...')
#3 W:\domains\va.mypham.com\vendor\codeigniter4\framework\system\Common.php(1119): CodeIgniter\View\View->render('frontend/homepa...', Array, true)
#4 W:\domains\va.mypham.com\app\Controllers\Frontend\Media\Catalogue.php(171): view('frontend/homepa...', Array)
#5 W:\domains\va.mypham.com\vendor\codeigniter4\framework\system\View\Cell.php(180): App\Controllers\Frontend\Media\Catalogue->index(1, 0)
#6 W:\domains\va.mypham.com\vendor\codeigniter4\framework\system\Common.php(1140): CodeIgniter\View\Cell->render('\\App\\Controller...', 'id=1, page=1', 0, 'AppControllersF...')
#7 W:\domains\va.mypham.com\app\Controllers\Frontend\Homepage\Router.php(59): view_cell('\\App\\Controller...', 'id=1, page=1')
#8 W:\domains\va.mypham.com\vendor\codeigniter4\framework\system\CodeIgniter.php(918): App\Controllers\Frontend\Homepage\Router->index('thu-vien-anh-vi...')
#9 W:\domains\va.mypham.com\vendor\codeigniter4\framework\system\CodeIgniter.php(404): CodeIgniter\CodeIgniter->runController(Object(App\Controllers\Frontend\Homepage\Router))
#10 W:\domains\va.mypham.com\vendor\codeigniter4\framework\system\CodeIgniter.php(312): CodeIgniter\CodeIgniter->handleRequest(NULL, Object(Config\Cache), false)
#11 W:\domains\va.mypham.com\index.php(48): CodeIgniter\CodeIgniter->run()
#12 {main}
CRITICAL - 2022-05-16 13:33:31 --> Array to string conversion
#0 W:\domains\va.mypham.com\app\Views\frontend\product\product\index.php(80): CodeIgniter\Debug\Exceptions->errorHandler(8, 'Array to string...', 'W:\\domains\\va.m...', 80, Array)
#1 W:\domains\va.mypham.com\vendor\codeigniter4\framework\system\View\View.php(246): include('W:\\domains\\va.m...')
#2 W:\domains\va.mypham.com\vendor\codeigniter4\framework\system\Common.php(1119): CodeIgniter\View\View->render('frontend/produc...', Array, true)
#3 W:\domains\va.mypham.com\app\Views\frontend\homepage\layout\home.php(72): view('frontend/produc...')
#4 W:\domains\va.mypham.com\vendor\codeigniter4\framework\system\View\View.php(246): include('W:\\domains\\va.m...')
#5 W:\domains\va.mypham.com\vendor\codeigniter4\framework\system\Common.php(1119): CodeIgniter\View\View->render('frontend/homepa...', Array, true)
#6 W:\domains\va.mypham.com\app\Controllers\Frontend\Product\Product.php(127): view('frontend/homepa...', Array)
#7 W:\domains\va.mypham.com\vendor\codeigniter4\framework\system\View\Cell.php(180): App\Controllers\Frontend\Product\Product->index(Array, '1')
#8 W:\domains\va.mypham.com\vendor\codeigniter4\framework\system\Common.php(1140): CodeIgniter\View\Cell->render('\\App\\Controller...', 'id=1, page=1', 0, 'AppControllersF...')
#9 W:\domains\va.mypham.com\app\Controllers\Frontend\Homepage\Router.php(59): view_cell('\\App\\Controller...', 'id=1, page=1')
#10 W:\domains\va.mypham.com\vendor\codeigniter4\framework\system\CodeIgniter.php(918): App\Controllers\Frontend\Homepage\Router->index('hydration-serum...')
#11 W:\domains\va.mypham.com\vendor\codeigniter4\framework\system\CodeIgniter.php(404): CodeIgniter\CodeIgniter->runController(Object(App\Controllers\Frontend\Homepage\Router))
#12 W:\domains\va.mypham.com\vendor\codeigniter4\framework\system\CodeIgniter.php(312): CodeIgniter\CodeIgniter->handleRequest(NULL, Object(Config\Cache), false)
#13 W:\domains\va.mypham.com\index.php(48): CodeIgniter\CodeIgniter->run()
#14 {main}
