CRITICAL - 2021-05-27 01:57:18 --> Undefined index: image
#0 E:\OpenServer\domains\ht.aloprint.com\app\Views\frontend\homepage\home\index.php(218): CodeIgniter\Debug\Exceptions->errorHandler(8, 'Undefined index...', 'E:\\OpenServer\\d...', 218, Array)
#1 E:\OpenServer\domains\ht.aloprint.com\vendor\codeigniter4\framework\system\View\View.php(246): include('E:\\OpenServer\\d...')
#2 E:\OpenServer\domains\ht.aloprint.com\vendor\codeigniter4\framework\system\Common.php(1119): CodeIgniter\View\View->render('frontend/homepa...', Array, true)
#3 E:\OpenServer\domains\ht.aloprint.com\app\Views\frontend\homepage\layout\home.php(67): view('frontend/homepa...')
#4 E:\OpenServer\domains\ht.aloprint.com\vendor\codeigniter4\framework\system\View\View.php(246): include('E:\\OpenServer\\d...')
#5 E:\OpenServer\domains\ht.aloprint.com\vendor\codeigniter4\framework\system\Common.php(1119): CodeIgniter\View\View->render('frontend/homepa...', Array, true)
#6 E:\OpenServer\domains\ht.aloprint.com\app\Controllers\Frontend\Homepage\Home.php(28): view('frontend/homepa...', Array)
#7 E:\OpenServer\domains\ht.aloprint.com\vendor\codeigniter4\framework\system\CodeIgniter.php(918): App\Controllers\Frontend\Homepage\Home->index()
#8 E:\OpenServer\domains\ht.aloprint.com\vendor\codeigniter4\framework\system\CodeIgniter.php(404): CodeIgniter\CodeIgniter->runController(Object(App\Controllers\Frontend\Homepage\Home))
#9 E:\OpenServer\domains\ht.aloprint.com\vendor\codeigniter4\framework\system\CodeIgniter.php(312): CodeIgniter\CodeIgniter->handleRequest(NULL, Object(Config\Cache), false)
#10 E:\OpenServer\domains\ht.aloprint.com\index.php(48): CodeIgniter\CodeIgniter->run()
#11 {main}
CRITICAL - 2021-05-27 01:57:25 --> Undefined index: src
#0 E:\OpenServer\domains\ht.aloprint.com\app\Views\frontend\homepage\home\index.php(218): CodeIgniter\Debug\Exceptions->errorHandler(8, 'Undefined index...', 'E:\\OpenServer\\d...', 218, Array)
#1 E:\OpenServer\domains\ht.aloprint.com\vendor\codeigniter4\framework\system\View\View.php(246): include('E:\\OpenServer\\d...')
#2 E:\OpenServer\domains\ht.aloprint.com\vendor\codeigniter4\framework\system\Common.php(1119): CodeIgniter\View\View->render('frontend/homepa...', Array, true)
#3 E:\OpenServer\domains\ht.aloprint.com\app\Views\frontend\homepage\layout\home.php(67): view('frontend/homepa...')
#4 E:\OpenServer\domains\ht.aloprint.com\vendor\codeigniter4\framework\system\View\View.php(246): include('E:\\OpenServer\\d...')
#5 E:\OpenServer\domains\ht.aloprint.com\vendor\codeigniter4\framework\system\Common.php(1119): CodeIgniter\View\View->render('frontend/homepa...', Array, true)
#6 E:\OpenServer\domains\ht.aloprint.com\app\Controllers\Frontend\Homepage\Home.php(28): view('frontend/homepa...', Array)
#7 E:\OpenServer\domains\ht.aloprint.com\vendor\codeigniter4\framework\system\CodeIgniter.php(918): App\Controllers\Frontend\Homepage\Home->index()
#8 E:\OpenServer\domains\ht.aloprint.com\vendor\codeigniter4\framework\system\CodeIgniter.php(404): CodeIgniter\CodeIgniter->runController(Object(App\Controllers\Frontend\Homepage\Home))
#9 E:\OpenServer\domains\ht.aloprint.com\vendor\codeigniter4\framework\system\CodeIgniter.php(312): CodeIgniter\CodeIgniter->handleRequest(NULL, Object(Config\Cache), false)
#10 E:\OpenServer\domains\ht.aloprint.com\index.php(48): CodeIgniter\CodeIgniter->run()
#11 {main}
CRITICAL - 2021-05-27 01:57:26 --> Undefined index: src
#0 E:\OpenServer\domains\ht.aloprint.com\app\Views\frontend\homepage\home\index.php(218): CodeIgniter\Debug\Exceptions->errorHandler(8, 'Undefined index...', 'E:\\OpenServer\\d...', 218, Array)
#1 E:\OpenServer\domains\ht.aloprint.com\vendor\codeigniter4\framework\system\View\View.php(246): include('E:\\OpenServer\\d...')
#2 E:\OpenServer\domains\ht.aloprint.com\vendor\codeigniter4\framework\system\Common.php(1119): CodeIgniter\View\View->render('frontend/homepa...', Array, true)
#3 E:\OpenServer\domains\ht.aloprint.com\app\Views\frontend\homepage\layout\home.php(67): view('frontend/homepa...')
#4 E:\OpenServer\domains\ht.aloprint.com\vendor\codeigniter4\framework\system\View\View.php(246): include('E:\\OpenServer\\d...')
#5 E:\OpenServer\domains\ht.aloprint.com\vendor\codeigniter4\framework\system\Common.php(1119): CodeIgniter\View\View->render('frontend/homepa...', Array, true)
#6 E:\OpenServer\domains\ht.aloprint.com\app\Controllers\Frontend\Homepage\Home.php(28): view('frontend/homepa...', Array)
#7 E:\OpenServer\domains\ht.aloprint.com\vendor\codeigniter4\framework\system\CodeIgniter.php(918): App\Controllers\Frontend\Homepage\Home->index()
#8 E:\OpenServer\domains\ht.aloprint.com\vendor\codeigniter4\framework\system\CodeIgniter.php(404): CodeIgniter\CodeIgniter->runController(Object(App\Controllers\Frontend\Homepage\Home))
#9 E:\OpenServer\domains\ht.aloprint.com\vendor\codeigniter4\framework\system\CodeIgniter.php(312): CodeIgniter\CodeIgniter->handleRequest(NULL, Object(Config\Cache), false)
#10 E:\OpenServer\domains\ht.aloprint.com\index.php(48): CodeIgniter\CodeIgniter->run()
#11 {main}
CRITICAL - 2021-05-27 03:39:17 --> Undefined index: canonical
#0 E:\OpenServer\domains\ht.aloprint.com\app\Views\frontend\homepage\home\index.php(245): CodeIgniter\Debug\Exceptions->errorHandler(8, 'Undefined index...', 'E:\\OpenServer\\d...', 245, Array)
#1 E:\OpenServer\domains\ht.aloprint.com\vendor\codeigniter4\framework\system\View\View.php(246): include('E:\\OpenServer\\d...')
#2 E:\OpenServer\domains\ht.aloprint.com\vendor\codeigniter4\framework\system\Common.php(1119): CodeIgniter\View\View->render('frontend/homepa...', Array, true)
#3 E:\OpenServer\domains\ht.aloprint.com\app\Views\frontend\homepage\layout\home.php(67): view('frontend/homepa...')
#4 E:\OpenServer\domains\ht.aloprint.com\vendor\codeigniter4\framework\system\View\View.php(246): include('E:\\OpenServer\\d...')
#5 E:\OpenServer\domains\ht.aloprint.com\vendor\codeigniter4\framework\system\Common.php(1119): CodeIgniter\View\View->render('frontend/homepa...', Array, true)
#6 E:\OpenServer\domains\ht.aloprint.com\app\Controllers\Frontend\Homepage\Home.php(28): view('frontend/homepa...', Array)
#7 E:\OpenServer\domains\ht.aloprint.com\vendor\codeigniter4\framework\system\CodeIgniter.php(918): App\Controllers\Frontend\Homepage\Home->index()
#8 E:\OpenServer\domains\ht.aloprint.com\vendor\codeigniter4\framework\system\CodeIgniter.php(404): CodeIgniter\CodeIgniter->runController(Object(App\Controllers\Frontend\Homepage\Home))
#9 E:\OpenServer\domains\ht.aloprint.com\vendor\codeigniter4\framework\system\CodeIgniter.php(312): CodeIgniter\CodeIgniter->handleRequest(NULL, Object(Config\Cache), false)
#10 E:\OpenServer\domains\ht.aloprint.com\index.php(48): CodeIgniter\CodeIgniter->run()
#11 {main}
CRITICAL - 2021-05-27 03:39:19 --> Undefined index: canonical
#0 E:\OpenServer\domains\ht.aloprint.com\app\Views\frontend\homepage\home\index.php(245): CodeIgniter\Debug\Exceptions->errorHandler(8, 'Undefined index...', 'E:\\OpenServer\\d...', 245, Array)
#1 E:\OpenServer\domains\ht.aloprint.com\vendor\codeigniter4\framework\system\View\View.php(246): include('E:\\OpenServer\\d...')
#2 E:\OpenServer\domains\ht.aloprint.com\vendor\codeigniter4\framework\system\Common.php(1119): CodeIgniter\View\View->render('frontend/homepa...', Array, true)
#3 E:\OpenServer\domains\ht.aloprint.com\app\Views\frontend\homepage\layout\home.php(67): view('frontend/homepa...')
#4 E:\OpenServer\domains\ht.aloprint.com\vendor\codeigniter4\framework\system\View\View.php(246): include('E:\\OpenServer\\d...')
#5 E:\OpenServer\domains\ht.aloprint.com\vendor\codeigniter4\framework\system\Common.php(1119): CodeIgniter\View\View->render('frontend/homepa...', Array, true)
#6 E:\OpenServer\domains\ht.aloprint.com\app\Controllers\Frontend\Homepage\Home.php(28): view('frontend/homepa...', Array)
#7 E:\OpenServer\domains\ht.aloprint.com\vendor\codeigniter4\framework\system\CodeIgniter.php(918): App\Controllers\Frontend\Homepage\Home->index()
#8 E:\OpenServer\domains\ht.aloprint.com\vendor\codeigniter4\framework\system\CodeIgniter.php(404): CodeIgniter\CodeIgniter->runController(Object(App\Controllers\Frontend\Homepage\Home))
#9 E:\OpenServer\domains\ht.aloprint.com\vendor\codeigniter4\framework\system\CodeIgniter.php(312): CodeIgniter\CodeIgniter->handleRequest(NULL, Object(Config\Cache), false)
#10 E:\OpenServer\domains\ht.aloprint.com\index.php(48): CodeIgniter\CodeIgniter->run()
#11 {main}
CRITICAL - 2021-05-27 03:48:52 --> Undefined property: CodeIgniter\View\View::$general
#0 E:\OpenServer\domains\ht.aloprint.com\app\Views\frontend\homepage\home\index.php(265): CodeIgniter\Debug\Exceptions->errorHandler(8, 'Undefined prope...', 'E:\\OpenServer\\d...', 265, Array)
#1 E:\OpenServer\domains\ht.aloprint.com\vendor\codeigniter4\framework\system\View\View.php(246): include('E:\\OpenServer\\d...')
#2 E:\OpenServer\domains\ht.aloprint.com\vendor\codeigniter4\framework\system\Common.php(1119): CodeIgniter\View\View->render('frontend/homepa...', Array, true)
#3 E:\OpenServer\domains\ht.aloprint.com\app\Views\frontend\homepage\layout\home.php(67): view('frontend/homepa...')
#4 E:\OpenServer\domains\ht.aloprint.com\vendor\codeigniter4\framework\system\View\View.php(246): include('E:\\OpenServer\\d...')
#5 E:\OpenServer\domains\ht.aloprint.com\vendor\codeigniter4\framework\system\Common.php(1119): CodeIgniter\View\View->render('frontend/homepa...', Array, true)
#6 E:\OpenServer\domains\ht.aloprint.com\app\Controllers\Frontend\Homepage\Home.php(28): view('frontend/homepa...', Array)
#7 E:\OpenServer\domains\ht.aloprint.com\vendor\codeigniter4\framework\system\CodeIgniter.php(918): App\Controllers\Frontend\Homepage\Home->index()
#8 E:\OpenServer\domains\ht.aloprint.com\vendor\codeigniter4\framework\system\CodeIgniter.php(404): CodeIgniter\CodeIgniter->runController(Object(App\Controllers\Frontend\Homepage\Home))
#9 E:\OpenServer\domains\ht.aloprint.com\vendor\codeigniter4\framework\system\CodeIgniter.php(312): CodeIgniter\CodeIgniter->handleRequest(NULL, Object(Config\Cache), false)
#10 E:\OpenServer\domains\ht.aloprint.com\index.php(48): CodeIgniter\CodeIgniter->run()
#11 {main}
CRITICAL - 2021-05-27 04:24:38 --> Undefined variable: valPost
#0 E:\OpenServer\domains\ht.aloprint.com\app\Views\frontend\product\catalogue\index.php(48): CodeIgniter\Debug\Exceptions->errorHandler(8, 'Undefined varia...', 'E:\\OpenServer\\d...', 48, Array)
#1 E:\OpenServer\domains\ht.aloprint.com\vendor\codeigniter4\framework\system\View\View.php(246): include('E:\\OpenServer\\d...')
#2 E:\OpenServer\domains\ht.aloprint.com\vendor\codeigniter4\framework\system\Common.php(1119): CodeIgniter\View\View->render('frontend/produc...', Array, true)
#3 E:\OpenServer\domains\ht.aloprint.com\app\Views\frontend\homepage\layout\home.php(67): view('frontend/produc...')
#4 E:\OpenServer\domains\ht.aloprint.com\vendor\codeigniter4\framework\system\View\View.php(246): include('E:\\OpenServer\\d...')
#5 E:\OpenServer\domains\ht.aloprint.com\vendor\codeigniter4\framework\system\Common.php(1119): CodeIgniter\View\View->render('frontend/homepa...', Array, true)
#6 E:\OpenServer\domains\ht.aloprint.com\app\Controllers\Frontend\Product\Catalogue.php(138): view('frontend/homepa...', Array)
#7 E:\OpenServer\domains\ht.aloprint.com\vendor\codeigniter4\framework\system\View\Cell.php(180): App\Controllers\Frontend\Product\Catalogue->index(8, 0)
#8 E:\OpenServer\domains\ht.aloprint.com\vendor\codeigniter4\framework\system\Common.php(1140): CodeIgniter\View\Cell->render('\\App\\Controller...', 'id=8, page=1', 0, 'AppControllersF...')
#9 E:\OpenServer\domains\ht.aloprint.com\app\Controllers\Frontend\Homepage\Router.php(53): view_cell('\\App\\Controller...', 'id=8, page=1')
#10 E:\OpenServer\domains\ht.aloprint.com\vendor\codeigniter4\framework\system\CodeIgniter.php(918): App\Controllers\Frontend\Homepage\Router->index('hop-cung')
#11 E:\OpenServer\domains\ht.aloprint.com\vendor\codeigniter4\framework\system\CodeIgniter.php(404): CodeIgniter\CodeIgniter->runController(Object(App\Controllers\Frontend\Homepage\Router))
#12 E:\OpenServer\domains\ht.aloprint.com\vendor\codeigniter4\framework\system\CodeIgniter.php(312): CodeIgniter\CodeIgniter->handleRequest(NULL, Object(Config\Cache), false)
#13 E:\OpenServer\domains\ht.aloprint.com\index.php(48): CodeIgniter\CodeIgniter->run()
#14 {main}
CRITICAL - 2021-05-27 20:54:37 --> unlink(E:\OpenServer\domains\ht.aloprint.com\writable\debugbar/debugbar_1622107840.json): No such file or directory
#0 [internal function]: CodeIgniter\Debug\Exceptions->errorHandler(2, 'unlink(E:\\OpenS...', 'E:\\OpenServer\\d...', 106, Array)
#1 E:\OpenServer\domains\ht.aloprint.com\vendor\codeigniter4\framework\system\Debug\Toolbar\Collectors\History.php(106): unlink('E:\\OpenServer\\d...')
#2 E:\OpenServer\domains\ht.aloprint.com\vendor\codeigniter4\framework\system\Debug\Toolbar.php(483): CodeIgniter\Debug\Toolbar\Collectors\History->setFiles(1622166875, 20)
#3 E:\OpenServer\domains\ht.aloprint.com\vendor\codeigniter4\framework\system\Debug\Toolbar.php(455): CodeIgniter\Debug\Toolbar->format(Array, 'html')
#4 E:\OpenServer\domains\ht.aloprint.com\app\Config\Events.php(44): CodeIgniter\Debug\Toolbar->respond()
#5 [internal function]: CodeIgniter\Events\Events::Config\{closure}()
#6 E:\OpenServer\domains\ht.aloprint.com\vendor\codeigniter4\framework\system\Events\Events.php(188): call_user_func(Object(Closure))
#7 E:\OpenServer\domains\ht.aloprint.com\vendor\codeigniter4\framework\system\CodeIgniter.php(293): CodeIgniter\Events\Events::trigger('pre_system')
#8 E:\OpenServer\domains\ht.aloprint.com\index.php(48): CodeIgniter\CodeIgniter->run()
#9 {main}
CRITICAL - 2021-05-27 20:56:26 --> Undefined index: highlight
#0 E:\OpenServer\domains\ht.aloprint.com\app\Views\frontend\homepage\common\aside.php(35): CodeIgniter\Debug\Exceptions->errorHandler(8, 'Undefined index...', 'E:\\OpenServer\\d...', 35, Array)
#1 E:\OpenServer\domains\ht.aloprint.com\vendor\codeigniter4\framework\system\View\View.php(246): include('E:\\OpenServer\\d...')
#2 E:\OpenServer\domains\ht.aloprint.com\vendor\codeigniter4\framework\system\Common.php(1119): CodeIgniter\View\View->render('frontend/homepa...', Array, true)
#3 E:\OpenServer\domains\ht.aloprint.com\app\Views\frontend\product\catalogue\index.php(29): view('frontend/homepa...')
#4 E:\OpenServer\domains\ht.aloprint.com\vendor\codeigniter4\framework\system\View\View.php(246): include('E:\\OpenServer\\d...')
#5 E:\OpenServer\domains\ht.aloprint.com\vendor\codeigniter4\framework\system\Common.php(1119): CodeIgniter\View\View->render('frontend/produc...', Array, true)
#6 E:\OpenServer\domains\ht.aloprint.com\app\Views\frontend\homepage\layout\home.php(67): view('frontend/produc...')
#7 E:\OpenServer\domains\ht.aloprint.com\vendor\codeigniter4\framework\system\View\View.php(246): include('E:\\OpenServer\\d...')
#8 E:\OpenServer\domains\ht.aloprint.com\vendor\codeigniter4\framework\system\Common.php(1119): CodeIgniter\View\View->render('frontend/homepa...', Array, true)
#9 E:\OpenServer\domains\ht.aloprint.com\app\Controllers\Frontend\Product\Catalogue.php(144): view('frontend/homepa...', Array)
#10 E:\OpenServer\domains\ht.aloprint.com\vendor\codeigniter4\framework\system\View\Cell.php(180): App\Controllers\Frontend\Product\Catalogue->index(8, 0)
#11 E:\OpenServer\domains\ht.aloprint.com\vendor\codeigniter4\framework\system\Common.php(1140): CodeIgniter\View\Cell->render('\\App\\Controller...', 'id=8, page=1', 0, 'AppControllersF...')
#12 E:\OpenServer\domains\ht.aloprint.com\app\Controllers\Frontend\Homepage\Router.php(53): view_cell('\\App\\Controller...', 'id=8, page=1')
#13 E:\OpenServer\domains\ht.aloprint.com\vendor\codeigniter4\framework\system\CodeIgniter.php(918): App\Controllers\Frontend\Homepage\Router->index('hop-cung')
#14 E:\OpenServer\domains\ht.aloprint.com\vendor\codeigniter4\framework\system\CodeIgniter.php(404): CodeIgniter\CodeIgniter->runController(Object(App\Controllers\Frontend\Homepage\Router))
#15 E:\OpenServer\domains\ht.aloprint.com\vendor\codeigniter4\framework\system\CodeIgniter.php(312): CodeIgniter\CodeIgniter->handleRequest(NULL, Object(Config\Cache), false)
#16 E:\OpenServer\domains\ht.aloprint.com\index.php(48): CodeIgniter\CodeIgniter->run()
#17 {main}
CRITICAL - 2021-05-27 20:56:26 --> Undefined index: highlight
#0 E:\OpenServer\domains\ht.aloprint.com\app\Views\frontend\homepage\common\aside.php(35): CodeIgniter\Debug\Exceptions->errorHandler(8, 'Undefined index...', 'E:\\OpenServer\\d...', 35, Array)
#1 E:\OpenServer\domains\ht.aloprint.com\vendor\codeigniter4\framework\system\View\View.php(246): include('E:\\OpenServer\\d...')
#2 E:\OpenServer\domains\ht.aloprint.com\vendor\codeigniter4\framework\system\Common.php(1119): CodeIgniter\View\View->render('frontend/homepa...', Array, true)
#3 E:\OpenServer\domains\ht.aloprint.com\app\Views\frontend\product\catalogue\index.php(29): view('frontend/homepa...')
#4 E:\OpenServer\domains\ht.aloprint.com\vendor\codeigniter4\framework\system\View\View.php(246): include('E:\\OpenServer\\d...')
#5 E:\OpenServer\domains\ht.aloprint.com\vendor\codeigniter4\framework\system\Common.php(1119): CodeIgniter\View\View->render('frontend/produc...', Array, true)
#6 E:\OpenServer\domains\ht.aloprint.com\app\Views\frontend\homepage\layout\home.php(67): view('frontend/produc...')
#7 E:\OpenServer\domains\ht.aloprint.com\vendor\codeigniter4\framework\system\View\View.php(246): include('E:\\OpenServer\\d...')
#8 E:\OpenServer\domains\ht.aloprint.com\vendor\codeigniter4\framework\system\Common.php(1119): CodeIgniter\View\View->render('frontend/homepa...', Array, true)
#9 E:\OpenServer\domains\ht.aloprint.com\app\Controllers\Frontend\Product\Catalogue.php(144): view('frontend/homepa...', Array)
#10 E:\OpenServer\domains\ht.aloprint.com\vendor\codeigniter4\framework\system\View\Cell.php(180): App\Controllers\Frontend\Product\Catalogue->index(8, 0)
#11 E:\OpenServer\domains\ht.aloprint.com\vendor\codeigniter4\framework\system\Common.php(1140): CodeIgniter\View\Cell->render('\\App\\Controller...', 'id=8, page=1', 0, 'AppControllersF...')
#12 E:\OpenServer\domains\ht.aloprint.com\app\Controllers\Frontend\Homepage\Router.php(53): view_cell('\\App\\Controller...', 'id=8, page=1')
#13 E:\OpenServer\domains\ht.aloprint.com\vendor\codeigniter4\framework\system\CodeIgniter.php(918): App\Controllers\Frontend\Homepage\Router->index('hop-cung')
#14 E:\OpenServer\domains\ht.aloprint.com\vendor\codeigniter4\framework\system\CodeIgniter.php(404): CodeIgniter\CodeIgniter->runController(Object(App\Controllers\Frontend\Homepage\Router))
#15 E:\OpenServer\domains\ht.aloprint.com\vendor\codeigniter4\framework\system\CodeIgniter.php(312): CodeIgniter\CodeIgniter->handleRequest(NULL, Object(Config\Cache), false)
#16 E:\OpenServer\domains\ht.aloprint.com\index.php(48): CodeIgniter\CodeIgniter->run()
#17 {main}
CRITICAL - 2021-05-27 20:56:28 --> Undefined index: highlight
#0 E:\OpenServer\domains\ht.aloprint.com\app\Views\frontend\homepage\common\aside.php(35): CodeIgniter\Debug\Exceptions->errorHandler(8, 'Undefined index...', 'E:\\OpenServer\\d...', 35, Array)
#1 E:\OpenServer\domains\ht.aloprint.com\vendor\codeigniter4\framework\system\View\View.php(246): include('E:\\OpenServer\\d...')
#2 E:\OpenServer\domains\ht.aloprint.com\vendor\codeigniter4\framework\system\Common.php(1119): CodeIgniter\View\View->render('frontend/homepa...', Array, true)
#3 E:\OpenServer\domains\ht.aloprint.com\app\Views\frontend\product\catalogue\index.php(29): view('frontend/homepa...')
#4 E:\OpenServer\domains\ht.aloprint.com\vendor\codeigniter4\framework\system\View\View.php(246): include('E:\\OpenServer\\d...')
#5 E:\OpenServer\domains\ht.aloprint.com\vendor\codeigniter4\framework\system\Common.php(1119): CodeIgniter\View\View->render('frontend/produc...', Array, true)
#6 E:\OpenServer\domains\ht.aloprint.com\app\Views\frontend\homepage\layout\home.php(67): view('frontend/produc...')
#7 E:\OpenServer\domains\ht.aloprint.com\vendor\codeigniter4\framework\system\View\View.php(246): include('E:\\OpenServer\\d...')
#8 E:\OpenServer\domains\ht.aloprint.com\vendor\codeigniter4\framework\system\Common.php(1119): CodeIgniter\View\View->render('frontend/homepa...', Array, true)
#9 E:\OpenServer\domains\ht.aloprint.com\app\Controllers\Frontend\Product\Catalogue.php(144): view('frontend/homepa...', Array)
#10 E:\OpenServer\domains\ht.aloprint.com\vendor\codeigniter4\framework\system\View\Cell.php(180): App\Controllers\Frontend\Product\Catalogue->index(8, 0)
#11 E:\OpenServer\domains\ht.aloprint.com\vendor\codeigniter4\framework\system\Common.php(1140): CodeIgniter\View\Cell->render('\\App\\Controller...', 'id=8, page=1', 0, 'AppControllersF...')
#12 E:\OpenServer\domains\ht.aloprint.com\app\Controllers\Frontend\Homepage\Router.php(53): view_cell('\\App\\Controller...', 'id=8, page=1')
#13 E:\OpenServer\domains\ht.aloprint.com\vendor\codeigniter4\framework\system\CodeIgniter.php(918): App\Controllers\Frontend\Homepage\Router->index('hop-cung')
#14 E:\OpenServer\domains\ht.aloprint.com\vendor\codeigniter4\framework\system\CodeIgniter.php(404): CodeIgniter\CodeIgniter->runController(Object(App\Controllers\Frontend\Homepage\Router))
#15 E:\OpenServer\domains\ht.aloprint.com\vendor\codeigniter4\framework\system\CodeIgniter.php(312): CodeIgniter\CodeIgniter->handleRequest(NULL, Object(Config\Cache), false)
#16 E:\OpenServer\domains\ht.aloprint.com\index.php(48): CodeIgniter\CodeIgniter->run()
#17 {main}
CRITICAL - 2021-05-27 21:02:59 --> Operand should contain 1 column(s)
#0 E:\OpenServer\domains\ht.aloprint.com\vendor\codeigniter4\framework\system\Database\MySQLi\Connection.php(331): mysqli->query('UPDATE `product...')
#1 E:\OpenServer\domains\ht.aloprint.com\vendor\codeigniter4\framework\system\Database\BaseConnection.php(741): CodeIgniter\Database\MySQLi\Connection->execute('UPDATE `product...')
#2 E:\OpenServer\domains\ht.aloprint.com\vendor\codeigniter4\framework\system\Database\BaseConnection.php(669): CodeIgniter\Database\BaseConnection->simpleQuery('UPDATE `product...')
#3 E:\OpenServer\domains\ht.aloprint.com\vendor\codeigniter4\framework\system\Database\BaseBuilder.php(2456): CodeIgniter\Database\BaseConnection->query('UPDATE `product...', Array, false)
#4 E:\OpenServer\domains\ht.aloprint.com\app\Models\AutoloadModel.php(105): CodeIgniter\Database\BaseBuilder->update(Array)
#5 E:\OpenServer\domains\ht.aloprint.com\app\Controllers\Frontend\Product\Product.php(281): App\Models\AutoloadModel->_update(Array)
#6 E:\OpenServer\domains\ht.aloprint.com\app\Controllers\Frontend\Product\Product.php(110): App\Controllers\Frontend\Product\Product->set_cookie(Array, Array)
#7 E:\OpenServer\domains\ht.aloprint.com\vendor\codeigniter4\framework\system\View\Cell.php(180): App\Controllers\Frontend\Product\Product->index(Array, '1')
#8 E:\OpenServer\domains\ht.aloprint.com\vendor\codeigniter4\framework\system\Common.php(1140): CodeIgniter\View\Cell->render('\\App\\Controller...', 'id=1, page=1', 0, 'AppControllersF...')
#9 E:\OpenServer\domains\ht.aloprint.com\app\Controllers\Frontend\Homepage\Router.php(53): view_cell('\\App\\Controller...', 'id=1, page=1')
#10 E:\OpenServer\domains\ht.aloprint.com\vendor\codeigniter4\framework\system\CodeIgniter.php(918): App\Controllers\Frontend\Homepage\Router->index('in-hop-cung')
#11 E:\OpenServer\domains\ht.aloprint.com\vendor\codeigniter4\framework\system\CodeIgniter.php(404): CodeIgniter\CodeIgniter->runController(Object(App\Controllers\Frontend\Homepage\Router))
#12 E:\OpenServer\domains\ht.aloprint.com\vendor\codeigniter4\framework\system\CodeIgniter.php(312): CodeIgniter\CodeIgniter->handleRequest(NULL, Object(Config\Cache), false)
#13 E:\OpenServer\domains\ht.aloprint.com\index.php(48): CodeIgniter\CodeIgniter->run()
#14 {main}
CRITICAL - 2021-05-27 21:38:34 --> Undefined variable: value
#0 E:\OpenServer\domains\ht.aloprint.com\app\Views\frontend\article\catalogue\index.php(29): CodeIgniter\Debug\Exceptions->errorHandler(8, 'Undefined varia...', 'E:\\OpenServer\\d...', 29, Array)
#1 E:\OpenServer\domains\ht.aloprint.com\vendor\codeigniter4\framework\system\View\View.php(246): include('E:\\OpenServer\\d...')
#2 E:\OpenServer\domains\ht.aloprint.com\vendor\codeigniter4\framework\system\Common.php(1119): CodeIgniter\View\View->render('frontend/articl...', Array, true)
#3 E:\OpenServer\domains\ht.aloprint.com\app\Views\frontend\homepage\layout\home.php(67): view('frontend/articl...')
#4 E:\OpenServer\domains\ht.aloprint.com\vendor\codeigniter4\framework\system\View\View.php(246): include('E:\\OpenServer\\d...')
#5 E:\OpenServer\domains\ht.aloprint.com\vendor\codeigniter4\framework\system\Common.php(1119): CodeIgniter\View\View->render('frontend/homepa...', Array, true)
#6 E:\OpenServer\domains\ht.aloprint.com\app\Controllers\Frontend\Article\Catalogue.php(136): view('frontend/homepa...', Array)
#7 E:\OpenServer\domains\ht.aloprint.com\vendor\codeigniter4\framework\system\View\Cell.php(180): App\Controllers\Frontend\Article\Catalogue->index(4, 0)
#8 E:\OpenServer\domains\ht.aloprint.com\vendor\codeigniter4\framework\system\Common.php(1140): CodeIgniter\View\Cell->render('\\App\\Controller...', 'id=4, page=1', 0, 'AppControllersF...')
#9 E:\OpenServer\domains\ht.aloprint.com\app\Controllers\Frontend\Homepage\Router.php(53): view_cell('\\App\\Controller...', 'id=4, page=1')
#10 E:\OpenServer\domains\ht.aloprint.com\vendor\codeigniter4\framework\system\CodeIgniter.php(918): App\Controllers\Frontend\Homepage\Router->index('tin-tuc')
#11 E:\OpenServer\domains\ht.aloprint.com\vendor\codeigniter4\framework\system\CodeIgniter.php(404): CodeIgniter\CodeIgniter->runController(Object(App\Controllers\Frontend\Homepage\Router))
#12 E:\OpenServer\domains\ht.aloprint.com\vendor\codeigniter4\framework\system\CodeIgniter.php(312): CodeIgniter\CodeIgniter->handleRequest(NULL, Object(Config\Cache), false)
#13 E:\OpenServer\domains\ht.aloprint.com\index.php(48): CodeIgniter\CodeIgniter->run()
#14 {main}
CRITICAL - 2021-05-27 21:38:35 --> Undefined variable: value
#0 E:\OpenServer\domains\ht.aloprint.com\app\Views\frontend\article\catalogue\index.php(29): CodeIgniter\Debug\Exceptions->errorHandler(8, 'Undefined varia...', 'E:\\OpenServer\\d...', 29, Array)
#1 E:\OpenServer\domains\ht.aloprint.com\vendor\codeigniter4\framework\system\View\View.php(246): include('E:\\OpenServer\\d...')
#2 E:\OpenServer\domains\ht.aloprint.com\vendor\codeigniter4\framework\system\Common.php(1119): CodeIgniter\View\View->render('frontend/articl...', Array, true)
#3 E:\OpenServer\domains\ht.aloprint.com\app\Views\frontend\homepage\layout\home.php(67): view('frontend/articl...')
#4 E:\OpenServer\domains\ht.aloprint.com\vendor\codeigniter4\framework\system\View\View.php(246): include('E:\\OpenServer\\d...')
#5 E:\OpenServer\domains\ht.aloprint.com\vendor\codeigniter4\framework\system\Common.php(1119): CodeIgniter\View\View->render('frontend/homepa...', Array, true)
#6 E:\OpenServer\domains\ht.aloprint.com\app\Controllers\Frontend\Article\Catalogue.php(136): view('frontend/homepa...', Array)
#7 E:\OpenServer\domains\ht.aloprint.com\vendor\codeigniter4\framework\system\View\Cell.php(180): App\Controllers\Frontend\Article\Catalogue->index(4, 0)
#8 E:\OpenServer\domains\ht.aloprint.com\vendor\codeigniter4\framework\system\Common.php(1140): CodeIgniter\View\Cell->render('\\App\\Controller...', 'id=4, page=1', 0, 'AppControllersF...')
#9 E:\OpenServer\domains\ht.aloprint.com\app\Controllers\Frontend\Homepage\Router.php(53): view_cell('\\App\\Controller...', 'id=4, page=1')
#10 E:\OpenServer\domains\ht.aloprint.com\vendor\codeigniter4\framework\system\CodeIgniter.php(918): App\Controllers\Frontend\Homepage\Router->index('tin-tuc')
#11 E:\OpenServer\domains\ht.aloprint.com\vendor\codeigniter4\framework\system\CodeIgniter.php(404): CodeIgniter\CodeIgniter->runController(Object(App\Controllers\Frontend\Homepage\Router))
#12 E:\OpenServer\domains\ht.aloprint.com\vendor\codeigniter4\framework\system\CodeIgniter.php(312): CodeIgniter\CodeIgniter->handleRequest(NULL, Object(Config\Cache), false)
#13 E:\OpenServer\domains\ht.aloprint.com\index.php(48): CodeIgniter\CodeIgniter->run()
#14 {main}
CRITICAL - 2021-05-27 21:49:12 --> syntax error, unexpected '}'
#0 E:\OpenServer\domains\ht.aloprint.com\vendor\codeigniter4\framework\system\Common.php(1119): CodeIgniter\View\View->render('frontend/homepa...', Array, true)
#1 E:\OpenServer\domains\ht.aloprint.com\app\Views\frontend\homepage\layout\home.php(66): view('frontend/homepa...')
#2 E:\OpenServer\domains\ht.aloprint.com\vendor\codeigniter4\framework\system\View\View.php(246): include('E:\\OpenServer\\d...')
#3 E:\OpenServer\domains\ht.aloprint.com\vendor\codeigniter4\framework\system\Common.php(1119): CodeIgniter\View\View->render('frontend/homepa...', Array, true)
#4 E:\OpenServer\domains\ht.aloprint.com\app\Controllers\Frontend\Article\Article.php(106): view('frontend/homepa...', Array)
#5 E:\OpenServer\domains\ht.aloprint.com\vendor\codeigniter4\framework\system\View\Cell.php(180): App\Controllers\Frontend\Article\Article->index(1, '1')
#6 E:\OpenServer\domains\ht.aloprint.com\vendor\codeigniter4\framework\system\Common.php(1140): CodeIgniter\View\Cell->render('\\App\\Controller...', 'id=1, page=1', 0, 'AppControllersF...')
#7 E:\OpenServer\domains\ht.aloprint.com\app\Controllers\Frontend\Homepage\Router.php(53): view_cell('\\App\\Controller...', 'id=1, page=1')
#8 E:\OpenServer\domains\ht.aloprint.com\vendor\codeigniter4\framework\system\CodeIgniter.php(918): App\Controllers\Frontend\Homepage\Router->index('kich-thuoc-cua-...')
#9 E:\OpenServer\domains\ht.aloprint.com\vendor\codeigniter4\framework\system\CodeIgniter.php(404): CodeIgniter\CodeIgniter->runController(Object(App\Controllers\Frontend\Homepage\Router))
#10 E:\OpenServer\domains\ht.aloprint.com\vendor\codeigniter4\framework\system\CodeIgniter.php(312): CodeIgniter\CodeIgniter->handleRequest(NULL, Object(Config\Cache), false)
#11 E:\OpenServer\domains\ht.aloprint.com\index.php(48): CodeIgniter\CodeIgniter->run()
#12 {main}
CRITICAL - 2021-05-27 21:49:13 --> syntax error, unexpected '}'
#0 E:\OpenServer\domains\ht.aloprint.com\vendor\codeigniter4\framework\system\Common.php(1119): CodeIgniter\View\View->render('frontend/homepa...', Array, true)
#1 E:\OpenServer\domains\ht.aloprint.com\app\Views\frontend\homepage\layout\home.php(66): view('frontend/homepa...')
#2 E:\OpenServer\domains\ht.aloprint.com\vendor\codeigniter4\framework\system\View\View.php(246): include('E:\\OpenServer\\d...')
#3 E:\OpenServer\domains\ht.aloprint.com\vendor\codeigniter4\framework\system\Common.php(1119): CodeIgniter\View\View->render('frontend/homepa...', Array, true)
#4 E:\OpenServer\domains\ht.aloprint.com\app\Controllers\Frontend\Article\Article.php(106): view('frontend/homepa...', Array)
#5 E:\OpenServer\domains\ht.aloprint.com\vendor\codeigniter4\framework\system\View\Cell.php(180): App\Controllers\Frontend\Article\Article->index(1, '1')
#6 E:\OpenServer\domains\ht.aloprint.com\vendor\codeigniter4\framework\system\Common.php(1140): CodeIgniter\View\Cell->render('\\App\\Controller...', 'id=1, page=1', 0, 'AppControllersF...')
#7 E:\OpenServer\domains\ht.aloprint.com\app\Controllers\Frontend\Homepage\Router.php(53): view_cell('\\App\\Controller...', 'id=1, page=1')
#8 E:\OpenServer\domains\ht.aloprint.com\vendor\codeigniter4\framework\system\CodeIgniter.php(918): App\Controllers\Frontend\Homepage\Router->index('kich-thuoc-cua-...')
#9 E:\OpenServer\domains\ht.aloprint.com\vendor\codeigniter4\framework\system\CodeIgniter.php(404): CodeIgniter\CodeIgniter->runController(Object(App\Controllers\Frontend\Homepage\Router))
#10 E:\OpenServer\domains\ht.aloprint.com\vendor\codeigniter4\framework\system\CodeIgniter.php(312): CodeIgniter\CodeIgniter->handleRequest(NULL, Object(Config\Cache), false)
#11 E:\OpenServer\domains\ht.aloprint.com\index.php(48): CodeIgniter\CodeIgniter->run()
#12 {main}
