CRITICAL - 2022-09-06 11:02:25 --> Undefined variable: model
#0 G:\DoAnTotNghiep\OpenServer\domains\webwifi.com.va\app\Controllers\Ajax\Frontend\Dashboard.php(11): CodeIgniter\Debug\Exceptions->errorHandler(8, 'Undefined varia...', 'G:\\DoAnTotNghie...', 11, Array)
#1 G:\DoAnTotNghiep\OpenServer\domains\webwifi.com.va\vendor\codeigniter4\framework\system\CodeIgniter.php(918): App\Controllers\Ajax\Frontend\Dashboard->get_product_deal()
#2 G:\DoAnTotNghiep\OpenServer\domains\webwifi.com.va\vendor\codeigniter4\framework\system\CodeIgniter.php(404): CodeIgniter\CodeIgniter->runController(Object(App\Controllers\Ajax\Frontend\Dashboard))
#3 G:\DoAnTotNghiep\OpenServer\domains\webwifi.com.va\vendor\codeigniter4\framework\system\CodeIgniter.php(312): CodeIgniter\CodeIgniter->handleRequest(NULL, Object(Config\Cache), false)
#4 G:\DoAnTotNghiep\OpenServer\domains\webwifi.com.va\index.php(47): CodeIgniter\CodeIgniter->run()
#5 {main}
CRITICAL - 2022-09-06 11:33:59 --> Undefined index: id
#0 G:\DoAnTotNghiep\OpenServer\domains\webwifi.com.va\app\Views\frontend\homepage\home\index.php(89): CodeIgniter\Debug\Exceptions->errorHandler(8, 'Undefined index...', 'G:\\DoAnTotNghie...', 89, Array)
#1 G:\DoAnTotNghiep\OpenServer\domains\webwifi.com.va\vendor\codeigniter4\framework\system\View\View.php(246): include('G:\\DoAnTotNghie...')
#2 G:\DoAnTotNghiep\OpenServer\domains\webwifi.com.va\vendor\codeigniter4\framework\system\Common.php(1119): CodeIgniter\View\View->render('frontend/homepa...', Array, true)
#3 G:\DoAnTotNghiep\OpenServer\domains\webwifi.com.va\app\Views\frontend\homepage\layout\home.php(77): view('frontend/homepa...')
#4 G:\DoAnTotNghiep\OpenServer\domains\webwifi.com.va\vendor\codeigniter4\framework\system\View\View.php(246): include('G:\\DoAnTotNghie...')
#5 G:\DoAnTotNghiep\OpenServer\domains\webwifi.com.va\vendor\codeigniter4\framework\system\Common.php(1119): CodeIgniter\View\View->render('frontend/homepa...', Array, true)
#6 G:\DoAnTotNghiep\OpenServer\domains\webwifi.com.va\app\Controllers\Frontend\Homepage\Home.php(71): view('frontend/homepa...', Array)
#7 G:\DoAnTotNghiep\OpenServer\domains\webwifi.com.va\vendor\codeigniter4\framework\system\CodeIgniter.php(918): App\Controllers\Frontend\Homepage\Home->index()
#8 G:\DoAnTotNghiep\OpenServer\domains\webwifi.com.va\vendor\codeigniter4\framework\system\CodeIgniter.php(404): CodeIgniter\CodeIgniter->runController(Object(App\Controllers\Frontend\Homepage\Home))
#9 G:\DoAnTotNghiep\OpenServer\domains\webwifi.com.va\vendor\codeigniter4\framework\system\CodeIgniter.php(312): CodeIgniter\CodeIgniter->handleRequest(NULL, Object(Config\Cache), false)
#10 G:\DoAnTotNghiep\OpenServer\domains\webwifi.com.va\index.php(47): CodeIgniter\CodeIgniter->run()
#11 {main}
CRITICAL - 2022-09-06 11:40:04 --> Undefined variable: panel
#0 G:\DoAnTotNghiep\OpenServer\domains\webwifi.com.va\app\Views\frontend\homepage\home\index.php(98): CodeIgniter\Debug\Exceptions->errorHandler(8, 'Undefined varia...', 'G:\\DoAnTotNghie...', 98, Array)
#1 G:\DoAnTotNghiep\OpenServer\domains\webwifi.com.va\vendor\codeigniter4\framework\system\View\View.php(246): include('G:\\DoAnTotNghie...')
#2 G:\DoAnTotNghiep\OpenServer\domains\webwifi.com.va\vendor\codeigniter4\framework\system\Common.php(1119): CodeIgniter\View\View->render('frontend/homepa...', Array, true)
#3 G:\DoAnTotNghiep\OpenServer\domains\webwifi.com.va\app\Views\frontend\homepage\layout\home.php(77): view('frontend/homepa...')
#4 G:\DoAnTotNghiep\OpenServer\domains\webwifi.com.va\vendor\codeigniter4\framework\system\View\View.php(246): include('G:\\DoAnTotNghie...')
#5 G:\DoAnTotNghiep\OpenServer\domains\webwifi.com.va\vendor\codeigniter4\framework\system\Common.php(1119): CodeIgniter\View\View->render('frontend/homepa...', Array, true)
#6 G:\DoAnTotNghiep\OpenServer\domains\webwifi.com.va\app\Controllers\Frontend\Homepage\Home.php(71): view('frontend/homepa...', Array)
#7 G:\DoAnTotNghiep\OpenServer\domains\webwifi.com.va\vendor\codeigniter4\framework\system\CodeIgniter.php(918): App\Controllers\Frontend\Homepage\Home->index()
#8 G:\DoAnTotNghiep\OpenServer\domains\webwifi.com.va\vendor\codeigniter4\framework\system\CodeIgniter.php(404): CodeIgniter\CodeIgniter->runController(Object(App\Controllers\Frontend\Homepage\Home))
#9 G:\DoAnTotNghiep\OpenServer\domains\webwifi.com.va\vendor\codeigniter4\framework\system\CodeIgniter.php(312): CodeIgniter\CodeIgniter->handleRequest(NULL, Object(Config\Cache), false)
#10 G:\DoAnTotNghiep\OpenServer\domains\webwifi.com.va\index.php(47): CodeIgniter\CodeIgniter->run()
#11 {main}
CRITICAL - 2022-09-06 11:40:17 --> Undefined variable: panel
#0 G:\DoAnTotNghiep\OpenServer\domains\webwifi.com.va\app\Views\frontend\homepage\home\index.php(98): CodeIgniter\Debug\Exceptions->errorHandler(8, 'Undefined varia...', 'G:\\DoAnTotNghie...', 98, Array)
#1 G:\DoAnTotNghiep\OpenServer\domains\webwifi.com.va\vendor\codeigniter4\framework\system\View\View.php(246): include('G:\\DoAnTotNghie...')
#2 G:\DoAnTotNghiep\OpenServer\domains\webwifi.com.va\vendor\codeigniter4\framework\system\Common.php(1119): CodeIgniter\View\View->render('frontend/homepa...', Array, true)
#3 G:\DoAnTotNghiep\OpenServer\domains\webwifi.com.va\app\Views\frontend\homepage\layout\home.php(77): view('frontend/homepa...')
#4 G:\DoAnTotNghiep\OpenServer\domains\webwifi.com.va\vendor\codeigniter4\framework\system\View\View.php(246): include('G:\\DoAnTotNghie...')
#5 G:\DoAnTotNghiep\OpenServer\domains\webwifi.com.va\vendor\codeigniter4\framework\system\Common.php(1119): CodeIgniter\View\View->render('frontend/homepa...', Array, true)
#6 G:\DoAnTotNghiep\OpenServer\domains\webwifi.com.va\app\Controllers\Frontend\Homepage\Home.php(71): view('frontend/homepa...', Array)
#7 G:\DoAnTotNghiep\OpenServer\domains\webwifi.com.va\vendor\codeigniter4\framework\system\CodeIgniter.php(918): App\Controllers\Frontend\Homepage\Home->index()
#8 G:\DoAnTotNghiep\OpenServer\domains\webwifi.com.va\vendor\codeigniter4\framework\system\CodeIgniter.php(404): CodeIgniter\CodeIgniter->runController(Object(App\Controllers\Frontend\Homepage\Home))
#9 G:\DoAnTotNghiep\OpenServer\domains\webwifi.com.va\vendor\codeigniter4\framework\system\CodeIgniter.php(312): CodeIgniter\CodeIgniter->handleRequest(NULL, Object(Config\Cache), false)
#10 G:\DoAnTotNghiep\OpenServer\domains\webwifi.com.va\index.php(47): CodeIgniter\CodeIgniter->run()
#11 {main}
CRITICAL - 2022-09-06 11:40:36 --> Undefined variable: panel
#0 G:\DoAnTotNghiep\OpenServer\domains\webwifi.com.va\app\Views\frontend\homepage\home\index.php(98): CodeIgniter\Debug\Exceptions->errorHandler(8, 'Undefined varia...', 'G:\\DoAnTotNghie...', 98, Array)
#1 G:\DoAnTotNghiep\OpenServer\domains\webwifi.com.va\vendor\codeigniter4\framework\system\View\View.php(246): include('G:\\DoAnTotNghie...')
#2 G:\DoAnTotNghiep\OpenServer\domains\webwifi.com.va\vendor\codeigniter4\framework\system\Common.php(1119): CodeIgniter\View\View->render('frontend/homepa...', Array, true)
#3 G:\DoAnTotNghiep\OpenServer\domains\webwifi.com.va\app\Views\frontend\homepage\layout\home.php(77): view('frontend/homepa...')
#4 G:\DoAnTotNghiep\OpenServer\domains\webwifi.com.va\vendor\codeigniter4\framework\system\View\View.php(246): include('G:\\DoAnTotNghie...')
#5 G:\DoAnTotNghiep\OpenServer\domains\webwifi.com.va\vendor\codeigniter4\framework\system\Common.php(1119): CodeIgniter\View\View->render('frontend/homepa...', Array, true)
#6 G:\DoAnTotNghiep\OpenServer\domains\webwifi.com.va\app\Controllers\Frontend\Homepage\Home.php(71): view('frontend/homepa...', Array)
#7 G:\DoAnTotNghiep\OpenServer\domains\webwifi.com.va\vendor\codeigniter4\framework\system\CodeIgniter.php(918): App\Controllers\Frontend\Homepage\Home->index()
#8 G:\DoAnTotNghiep\OpenServer\domains\webwifi.com.va\vendor\codeigniter4\framework\system\CodeIgniter.php(404): CodeIgniter\CodeIgniter->runController(Object(App\Controllers\Frontend\Homepage\Home))
#9 G:\DoAnTotNghiep\OpenServer\domains\webwifi.com.va\vendor\codeigniter4\framework\system\CodeIgniter.php(312): CodeIgniter\CodeIgniter->handleRequest(NULL, Object(Config\Cache), false)
#10 G:\DoAnTotNghiep\OpenServer\domains\webwifi.com.va\index.php(47): CodeIgniter\CodeIgniter->run()
#11 {main}
CRITICAL - 2022-09-06 11:44:37 --> Undefined index: product-category 
#0 G:\DoAnTotNghiep\OpenServer\domains\webwifi.com.va\app\Views\frontend\homepage\home\index.php(106): CodeIgniter\Debug\Exceptions->errorHandler(8, 'Undefined index...', 'G:\\DoAnTotNghie...', 106, Array)
#1 G:\DoAnTotNghiep\OpenServer\domains\webwifi.com.va\vendor\codeigniter4\framework\system\View\View.php(246): include('G:\\DoAnTotNghie...')
#2 G:\DoAnTotNghiep\OpenServer\domains\webwifi.com.va\vendor\codeigniter4\framework\system\Common.php(1119): CodeIgniter\View\View->render('frontend/homepa...', Array, true)
#3 G:\DoAnTotNghiep\OpenServer\domains\webwifi.com.va\app\Views\frontend\homepage\layout\home.php(77): view('frontend/homepa...')
#4 G:\DoAnTotNghiep\OpenServer\domains\webwifi.com.va\vendor\codeigniter4\framework\system\View\View.php(246): include('G:\\DoAnTotNghie...')
#5 G:\DoAnTotNghiep\OpenServer\domains\webwifi.com.va\vendor\codeigniter4\framework\system\Common.php(1119): CodeIgniter\View\View->render('frontend/homepa...', Array, true)
#6 G:\DoAnTotNghiep\OpenServer\domains\webwifi.com.va\app\Controllers\Frontend\Homepage\Home.php(71): view('frontend/homepa...', Array)
#7 G:\DoAnTotNghiep\OpenServer\domains\webwifi.com.va\vendor\codeigniter4\framework\system\CodeIgniter.php(918): App\Controllers\Frontend\Homepage\Home->index()
#8 G:\DoAnTotNghiep\OpenServer\domains\webwifi.com.va\vendor\codeigniter4\framework\system\CodeIgniter.php(404): CodeIgniter\CodeIgniter->runController(Object(App\Controllers\Frontend\Homepage\Home))
#9 G:\DoAnTotNghiep\OpenServer\domains\webwifi.com.va\vendor\codeigniter4\framework\system\CodeIgniter.php(312): CodeIgniter\CodeIgniter->handleRequest(NULL, Object(Config\Cache), false)
#10 G:\DoAnTotNghiep\OpenServer\domains\webwifi.com.va\index.php(47): CodeIgniter\CodeIgniter->run()
#11 {main}
CRITICAL - 2022-09-06 11:58:07 --> syntax error, unexpected end of file
#0 G:\DoAnTotNghiep\OpenServer\domains\webwifi.com.va\vendor\codeigniter4\framework\system\Common.php(1119): CodeIgniter\View\View->render('frontend/homepa...', Array, true)
#1 G:\DoAnTotNghiep\OpenServer\domains\webwifi.com.va\app\Views\frontend\homepage\layout\home.php(77): view('frontend/homepa...')
#2 G:\DoAnTotNghiep\OpenServer\domains\webwifi.com.va\vendor\codeigniter4\framework\system\View\View.php(246): include('G:\\DoAnTotNghie...')
#3 G:\DoAnTotNghiep\OpenServer\domains\webwifi.com.va\vendor\codeigniter4\framework\system\Common.php(1119): CodeIgniter\View\View->render('frontend/homepa...', Array, true)
#4 G:\DoAnTotNghiep\OpenServer\domains\webwifi.com.va\app\Controllers\Frontend\Homepage\Home.php(88): view('frontend/homepa...', Array)
#5 G:\DoAnTotNghiep\OpenServer\domains\webwifi.com.va\vendor\codeigniter4\framework\system\CodeIgniter.php(918): App\Controllers\Frontend\Homepage\Home->index()
#6 G:\DoAnTotNghiep\OpenServer\domains\webwifi.com.va\vendor\codeigniter4\framework\system\CodeIgniter.php(404): CodeIgniter\CodeIgniter->runController(Object(App\Controllers\Frontend\Homepage\Home))
#7 G:\DoAnTotNghiep\OpenServer\domains\webwifi.com.va\vendor\codeigniter4\framework\system\CodeIgniter.php(312): CodeIgniter\CodeIgniter->handleRequest(NULL, Object(Config\Cache), false)
#8 G:\DoAnTotNghiep\OpenServer\domains\webwifi.com.va\index.php(47): CodeIgniter\CodeIgniter->run()
#9 {main}
CRITICAL - 2022-09-06 12:01:45 --> Call to undefined method App\Controllers\Ajax\Frontend\Dashboard::condition_catalogue()
#0 G:\DoAnTotNghiep\OpenServer\domains\webwifi.com.va\vendor\codeigniter4\framework\system\CodeIgniter.php(918): App\Controllers\Ajax\Frontend\Dashboard->get_product()
#1 G:\DoAnTotNghiep\OpenServer\domains\webwifi.com.va\vendor\codeigniter4\framework\system\CodeIgniter.php(404): CodeIgniter\CodeIgniter->runController(Object(App\Controllers\Ajax\Frontend\Dashboard))
#2 G:\DoAnTotNghiep\OpenServer\domains\webwifi.com.va\vendor\codeigniter4\framework\system\CodeIgniter.php(312): CodeIgniter\CodeIgniter->handleRequest(NULL, Object(Config\Cache), false)
#3 G:\DoAnTotNghiep\OpenServer\domains\webwifi.com.va\index.php(47): CodeIgniter\CodeIgniter->run()
#4 {main}
CRITICAL - 2022-09-06 12:01:45 --> Call to undefined method App\Controllers\Ajax\Frontend\Dashboard::condition_catalogue()
#0 G:\DoAnTotNghiep\OpenServer\domains\webwifi.com.va\vendor\codeigniter4\framework\system\CodeIgniter.php(918): App\Controllers\Ajax\Frontend\Dashboard->get_product()
#1 G:\DoAnTotNghiep\OpenServer\domains\webwifi.com.va\vendor\codeigniter4\framework\system\CodeIgniter.php(404): CodeIgniter\CodeIgniter->runController(Object(App\Controllers\Ajax\Frontend\Dashboard))
#2 G:\DoAnTotNghiep\OpenServer\domains\webwifi.com.va\vendor\codeigniter4\framework\system\CodeIgniter.php(312): CodeIgniter\CodeIgniter->handleRequest(NULL, Object(Config\Cache), false)
#3 G:\DoAnTotNghiep\OpenServer\domains\webwifi.com.va\index.php(47): CodeIgniter\CodeIgniter->run()
#4 {main}
CRITICAL - 2022-09-06 12:01:58 --> Call to undefined method App\Controllers\Ajax\Frontend\Dashboard::condition_catalogue()
#0 G:\DoAnTotNghiep\OpenServer\domains\webwifi.com.va\vendor\codeigniter4\framework\system\CodeIgniter.php(918): App\Controllers\Ajax\Frontend\Dashboard->get_product()
#1 G:\DoAnTotNghiep\OpenServer\domains\webwifi.com.va\vendor\codeigniter4\framework\system\CodeIgniter.php(404): CodeIgniter\CodeIgniter->runController(Object(App\Controllers\Ajax\Frontend\Dashboard))
#2 G:\DoAnTotNghiep\OpenServer\domains\webwifi.com.va\vendor\codeigniter4\framework\system\CodeIgniter.php(312): CodeIgniter\CodeIgniter->handleRequest(NULL, Object(Config\Cache), false)
#3 G:\DoAnTotNghiep\OpenServer\domains\webwifi.com.va\index.php(47): CodeIgniter\CodeIgniter->run()
#4 {main}
CRITICAL - 2022-09-06 12:02:56 --> Call to undefined function App\Controllers\Ajax\Frontend\condition_catalogue()
#0 G:\DoAnTotNghiep\OpenServer\domains\webwifi.com.va\vendor\codeigniter4\framework\system\CodeIgniter.php(918): App\Controllers\Ajax\Frontend\Dashboard->get_product()
#1 G:\DoAnTotNghiep\OpenServer\domains\webwifi.com.va\vendor\codeigniter4\framework\system\CodeIgniter.php(404): CodeIgniter\CodeIgniter->runController(Object(App\Controllers\Ajax\Frontend\Dashboard))
#2 G:\DoAnTotNghiep\OpenServer\domains\webwifi.com.va\vendor\codeigniter4\framework\system\CodeIgniter.php(312): CodeIgniter\CodeIgniter->handleRequest(NULL, Object(Config\Cache), false)
#3 G:\DoAnTotNghiep\OpenServer\domains\webwifi.com.va\index.php(47): CodeIgniter\CodeIgniter->run()
#4 {main}
CRITICAL - 2022-09-06 12:04:06 --> Undefined index: where_in
#0 G:\DoAnTotNghiep\OpenServer\domains\webwifi.com.va\app\Controllers\Ajax\Frontend\Dashboard.php(36): CodeIgniter\Debug\Exceptions->errorHandler(8, 'Undefined index...', 'G:\\DoAnTotNghie...', 36, Array)
#1 G:\DoAnTotNghiep\OpenServer\domains\webwifi.com.va\vendor\codeigniter4\framework\system\CodeIgniter.php(918): App\Controllers\Ajax\Frontend\Dashboard->get_product()
#2 G:\DoAnTotNghiep\OpenServer\domains\webwifi.com.va\vendor\codeigniter4\framework\system\CodeIgniter.php(404): CodeIgniter\CodeIgniter->runController(Object(App\Controllers\Ajax\Frontend\Dashboard))
#3 G:\DoAnTotNghiep\OpenServer\domains\webwifi.com.va\vendor\codeigniter4\framework\system\CodeIgniter.php(312): CodeIgniter\CodeIgniter->handleRequest(NULL, Object(Config\Cache), false)
#4 G:\DoAnTotNghiep\OpenServer\domains\webwifi.com.va\index.php(47): CodeIgniter\CodeIgniter->run()
#5 {main}
CRITICAL - 2022-09-06 23:47:43 --> Trying to access array offset on value of type null
#0 D:\OpenServer\domains\webwifi.com.va\app\Controllers\Ajax\Frontend\Cart.php(113): CodeIgniter\Debug\Exceptions->errorHandler()
#1 D:\OpenServer\domains\webwifi.com.va\vendor\codeigniter4\framework\system\CodeIgniter.php(918): App\Controllers\Ajax\Frontend\Cart->insert()
#2 D:\OpenServer\domains\webwifi.com.va\vendor\codeigniter4\framework\system\CodeIgniter.php(404): CodeIgniter\CodeIgniter->runController()
#3 D:\OpenServer\domains\webwifi.com.va\vendor\codeigniter4\framework\system\CodeIgniter.php(312): CodeIgniter\CodeIgniter->handleRequest()
#4 D:\OpenServer\domains\webwifi.com.va\index.php(47): CodeIgniter\CodeIgniter->run()
#5 {main}
