CRITICAL - 2021-06-23 02:42:14 --> Undefined index: address
#0 /home/itvc/domains/itvc.codechuanseo.com/public_html/app/Controllers/Ajax/Frontend/Dashboard.php(316): CodeIgniter\Debug\Exceptions->errorHandler(8, 'Undefined index...', '/home/itvc/doma...', 316, Array)
#1 /home/itvc/domains/itvc.codechuanseo.com/public_html/vendor/codeigniter4/framework/system/CodeIgniter.php(918): App\Controllers\Ajax\Frontend\Dashboard->contact()
#2 /home/itvc/domains/itvc.codechuanseo.com/public_html/vendor/codeigniter4/framework/system/CodeIgniter.php(404): CodeIgniter\CodeIgniter->runController(Object(App\Controllers\Ajax\Frontend\Dashboard))
#3 /home/itvc/domains/itvc.codechuanseo.com/public_html/vendor/codeigniter4/framework/system/CodeIgniter.php(312): CodeIgniter\CodeIgniter->handleRequest(NULL, Object(Config\Cache), false)
#4 /home/itvc/domains/itvc.codechuanseo.com/public_html/index.php(48): CodeIgniter\CodeIgniter->run()
#5 {main}
CRITICAL - 2021-06-23 02:42:16 --> Undefined index: address
#0 /home/itvc/domains/itvc.codechuanseo.com/public_html/app/Controllers/Ajax/Frontend/Dashboard.php(316): CodeIgniter\Debug\Exceptions->errorHandler(8, 'Undefined index...', '/home/itvc/doma...', 316, Array)
#1 /home/itvc/domains/itvc.codechuanseo.com/public_html/vendor/codeigniter4/framework/system/CodeIgniter.php(918): App\Controllers\Ajax\Frontend\Dashboard->contact()
#2 /home/itvc/domains/itvc.codechuanseo.com/public_html/vendor/codeigniter4/framework/system/CodeIgniter.php(404): CodeIgniter\CodeIgniter->runController(Object(App\Controllers\Ajax\Frontend\Dashboard))
#3 /home/itvc/domains/itvc.codechuanseo.com/public_html/vendor/codeigniter4/framework/system/CodeIgniter.php(312): CodeIgniter\CodeIgniter->handleRequest(NULL, Object(Config\Cache), false)
#4 /home/itvc/domains/itvc.codechuanseo.com/public_html/index.php(48): CodeIgniter\CodeIgniter->run()
#5 {main}
CRITICAL - 2021-06-23 02:42:16 --> Undefined index: address
#0 /home/itvc/domains/itvc.codechuanseo.com/public_html/app/Controllers/Ajax/Frontend/Dashboard.php(316): CodeIgniter\Debug\Exceptions->errorHandler(8, 'Undefined index...', '/home/itvc/doma...', 316, Array)
#1 /home/itvc/domains/itvc.codechuanseo.com/public_html/vendor/codeigniter4/framework/system/CodeIgniter.php(918): App\Controllers\Ajax\Frontend\Dashboard->contact()
#2 /home/itvc/domains/itvc.codechuanseo.com/public_html/vendor/codeigniter4/framework/system/CodeIgniter.php(404): CodeIgniter\CodeIgniter->runController(Object(App\Controllers\Ajax\Frontend\Dashboard))
#3 /home/itvc/domains/itvc.codechuanseo.com/public_html/vendor/codeigniter4/framework/system/CodeIgniter.php(312): CodeIgniter\CodeIgniter->handleRequest(NULL, Object(Config\Cache), false)
#4 /home/itvc/domains/itvc.codechuanseo.com/public_html/index.php(48): CodeIgniter\CodeIgniter->run()
#5 {main}
CRITICAL - 2021-06-23 02:42:17 --> Undefined index: address
#0 /home/itvc/domains/itvc.codechuanseo.com/public_html/app/Controllers/Ajax/Frontend/Dashboard.php(316): CodeIgniter\Debug\Exceptions->errorHandler(8, 'Undefined index...', '/home/itvc/doma...', 316, Array)
#1 /home/itvc/domains/itvc.codechuanseo.com/public_html/vendor/codeigniter4/framework/system/CodeIgniter.php(918): App\Controllers\Ajax\Frontend\Dashboard->contact()
#2 /home/itvc/domains/itvc.codechuanseo.com/public_html/vendor/codeigniter4/framework/system/CodeIgniter.php(404): CodeIgniter\CodeIgniter->runController(Object(App\Controllers\Ajax\Frontend\Dashboard))
#3 /home/itvc/domains/itvc.codechuanseo.com/public_html/vendor/codeigniter4/framework/system/CodeIgniter.php(312): CodeIgniter\CodeIgniter->handleRequest(NULL, Object(Config\Cache), false)
#4 /home/itvc/domains/itvc.codechuanseo.com/public_html/index.php(48): CodeIgniter\CodeIgniter->run()
#5 {main}
CRITICAL - 2021-06-23 02:42:25 --> Undefined index: address
#0 /home/itvc/domains/itvc.codechuanseo.com/public_html/app/Controllers/Ajax/Frontend/Dashboard.php(316): CodeIgniter\Debug\Exceptions->errorHandler(8, 'Undefined index...', '/home/itvc/doma...', 316, Array)
#1 /home/itvc/domains/itvc.codechuanseo.com/public_html/vendor/codeigniter4/framework/system/CodeIgniter.php(918): App\Controllers\Ajax\Frontend\Dashboard->contact()
#2 /home/itvc/domains/itvc.codechuanseo.com/public_html/vendor/codeigniter4/framework/system/CodeIgniter.php(404): CodeIgniter\CodeIgniter->runController(Object(App\Controllers\Ajax\Frontend\Dashboard))
#3 /home/itvc/domains/itvc.codechuanseo.com/public_html/vendor/codeigniter4/framework/system/CodeIgniter.php(312): CodeIgniter\CodeIgniter->handleRequest(NULL, Object(Config\Cache), false)
#4 /home/itvc/domains/itvc.codechuanseo.com/public_html/index.php(48): CodeIgniter\CodeIgniter->run()
#5 {main}
CRITICAL - 2021-06-23 02:42:26 --> Undefined index: address
#0 /home/itvc/domains/itvc.codechuanseo.com/public_html/app/Controllers/Ajax/Frontend/Dashboard.php(316): CodeIgniter\Debug\Exceptions->errorHandler(8, 'Undefined index...', '/home/itvc/doma...', 316, Array)
#1 /home/itvc/domains/itvc.codechuanseo.com/public_html/vendor/codeigniter4/framework/system/CodeIgniter.php(918): App\Controllers\Ajax\Frontend\Dashboard->contact()
#2 /home/itvc/domains/itvc.codechuanseo.com/public_html/vendor/codeigniter4/framework/system/CodeIgniter.php(404): CodeIgniter\CodeIgniter->runController(Object(App\Controllers\Ajax\Frontend\Dashboard))
#3 /home/itvc/domains/itvc.codechuanseo.com/public_html/vendor/codeigniter4/framework/system/CodeIgniter.php(312): CodeIgniter\CodeIgniter->handleRequest(NULL, Object(Config\Cache), false)
#4 /home/itvc/domains/itvc.codechuanseo.com/public_html/index.php(48): CodeIgniter\CodeIgniter->run()
#5 {main}
CRITICAL - 2021-06-23 02:42:26 --> Undefined index: address
#0 /home/itvc/domains/itvc.codechuanseo.com/public_html/app/Controllers/Ajax/Frontend/Dashboard.php(316): CodeIgniter\Debug\Exceptions->errorHandler(8, 'Undefined index...', '/home/itvc/doma...', 316, Array)
#1 /home/itvc/domains/itvc.codechuanseo.com/public_html/vendor/codeigniter4/framework/system/CodeIgniter.php(918): App\Controllers\Ajax\Frontend\Dashboard->contact()
#2 /home/itvc/domains/itvc.codechuanseo.com/public_html/vendor/codeigniter4/framework/system/CodeIgniter.php(404): CodeIgniter\CodeIgniter->runController(Object(App\Controllers\Ajax\Frontend\Dashboard))
#3 /home/itvc/domains/itvc.codechuanseo.com/public_html/vendor/codeigniter4/framework/system/CodeIgniter.php(312): CodeIgniter\CodeIgniter->handleRequest(NULL, Object(Config\Cache), false)
#4 /home/itvc/domains/itvc.codechuanseo.com/public_html/index.php(48): CodeIgniter\CodeIgniter->run()
#5 {main}
CRITICAL - 2021-06-23 02:42:26 --> Undefined index: address
#0 /home/itvc/domains/itvc.codechuanseo.com/public_html/app/Controllers/Ajax/Frontend/Dashboard.php(316): CodeIgniter\Debug\Exceptions->errorHandler(8, 'Undefined index...', '/home/itvc/doma...', 316, Array)
#1 /home/itvc/domains/itvc.codechuanseo.com/public_html/vendor/codeigniter4/framework/system/CodeIgniter.php(918): App\Controllers\Ajax\Frontend\Dashboard->contact()
#2 /home/itvc/domains/itvc.codechuanseo.com/public_html/vendor/codeigniter4/framework/system/CodeIgniter.php(404): CodeIgniter\CodeIgniter->runController(Object(App\Controllers\Ajax\Frontend\Dashboard))
#3 /home/itvc/domains/itvc.codechuanseo.com/public_html/vendor/codeigniter4/framework/system/CodeIgniter.php(312): CodeIgniter\CodeIgniter->handleRequest(NULL, Object(Config\Cache), false)
#4 /home/itvc/domains/itvc.codechuanseo.com/public_html/index.php(48): CodeIgniter\CodeIgniter->run()
#5 {main}
CRITICAL - 2021-06-23 02:42:27 --> Undefined index: address
#0 /home/itvc/domains/itvc.codechuanseo.com/public_html/app/Controllers/Ajax/Frontend/Dashboard.php(316): CodeIgniter\Debug\Exceptions->errorHandler(8, 'Undefined index...', '/home/itvc/doma...', 316, Array)
#1 /home/itvc/domains/itvc.codechuanseo.com/public_html/vendor/codeigniter4/framework/system/CodeIgniter.php(918): App\Controllers\Ajax\Frontend\Dashboard->contact()
#2 /home/itvc/domains/itvc.codechuanseo.com/public_html/vendor/codeigniter4/framework/system/CodeIgniter.php(404): CodeIgniter\CodeIgniter->runController(Object(App\Controllers\Ajax\Frontend\Dashboard))
#3 /home/itvc/domains/itvc.codechuanseo.com/public_html/vendor/codeigniter4/framework/system/CodeIgniter.php(312): CodeIgniter\CodeIgniter->handleRequest(NULL, Object(Config\Cache), false)
#4 /home/itvc/domains/itvc.codechuanseo.com/public_html/index.php(48): CodeIgniter\CodeIgniter->run()
#5 {main}
CRITICAL - 2021-06-23 02:42:27 --> Undefined index: address
#0 /home/itvc/domains/itvc.codechuanseo.com/public_html/app/Controllers/Ajax/Frontend/Dashboard.php(316): CodeIgniter\Debug\Exceptions->errorHandler(8, 'Undefined index...', '/home/itvc/doma...', 316, Array)
#1 /home/itvc/domains/itvc.codechuanseo.com/public_html/vendor/codeigniter4/framework/system/CodeIgniter.php(918): App\Controllers\Ajax\Frontend\Dashboard->contact()
#2 /home/itvc/domains/itvc.codechuanseo.com/public_html/vendor/codeigniter4/framework/system/CodeIgniter.php(404): CodeIgniter\CodeIgniter->runController(Object(App\Controllers\Ajax\Frontend\Dashboard))
#3 /home/itvc/domains/itvc.codechuanseo.com/public_html/vendor/codeigniter4/framework/system/CodeIgniter.php(312): CodeIgniter\CodeIgniter->handleRequest(NULL, Object(Config\Cache), false)
#4 /home/itvc/domains/itvc.codechuanseo.com/public_html/index.php(48): CodeIgniter\CodeIgniter->run()
#5 {main}
CRITICAL - 2021-06-23 02:42:28 --> Undefined index: address
#0 /home/itvc/domains/itvc.codechuanseo.com/public_html/app/Controllers/Ajax/Frontend/Dashboard.php(316): CodeIgniter\Debug\Exceptions->errorHandler(8, 'Undefined index...', '/home/itvc/doma...', 316, Array)
#1 /home/itvc/domains/itvc.codechuanseo.com/public_html/vendor/codeigniter4/framework/system/CodeIgniter.php(918): App\Controllers\Ajax\Frontend\Dashboard->contact()
#2 /home/itvc/domains/itvc.codechuanseo.com/public_html/vendor/codeigniter4/framework/system/CodeIgniter.php(404): CodeIgniter\CodeIgniter->runController(Object(App\Controllers\Ajax\Frontend\Dashboard))
#3 /home/itvc/domains/itvc.codechuanseo.com/public_html/vendor/codeigniter4/framework/system/CodeIgniter.php(312): CodeIgniter\CodeIgniter->handleRequest(NULL, Object(Config\Cache), false)
#4 /home/itvc/domains/itvc.codechuanseo.com/public_html/index.php(48): CodeIgniter\CodeIgniter->run()
#5 {main}
CRITICAL - 2021-06-23 02:42:28 --> Undefined index: address
#0 /home/itvc/domains/itvc.codechuanseo.com/public_html/app/Controllers/Ajax/Frontend/Dashboard.php(316): CodeIgniter\Debug\Exceptions->errorHandler(8, 'Undefined index...', '/home/itvc/doma...', 316, Array)
#1 /home/itvc/domains/itvc.codechuanseo.com/public_html/vendor/codeigniter4/framework/system/CodeIgniter.php(918): App\Controllers\Ajax\Frontend\Dashboard->contact()
#2 /home/itvc/domains/itvc.codechuanseo.com/public_html/vendor/codeigniter4/framework/system/CodeIgniter.php(404): CodeIgniter\CodeIgniter->runController(Object(App\Controllers\Ajax\Frontend\Dashboard))
#3 /home/itvc/domains/itvc.codechuanseo.com/public_html/vendor/codeigniter4/framework/system/CodeIgniter.php(312): CodeIgniter\CodeIgniter->handleRequest(NULL, Object(Config\Cache), false)
#4 /home/itvc/domains/itvc.codechuanseo.com/public_html/index.php(48): CodeIgniter\CodeIgniter->run()
#5 {main}
CRITICAL - 2021-06-23 02:42:35 --> Undefined index: address
#0 /home/itvc/domains/itvc.codechuanseo.com/public_html/app/Controllers/Ajax/Frontend/Dashboard.php(316): CodeIgniter\Debug\Exceptions->errorHandler(8, 'Undefined index...', '/home/itvc/doma...', 316, Array)
#1 /home/itvc/domains/itvc.codechuanseo.com/public_html/vendor/codeigniter4/framework/system/CodeIgniter.php(918): App\Controllers\Ajax\Frontend\Dashboard->contact()
#2 /home/itvc/domains/itvc.codechuanseo.com/public_html/vendor/codeigniter4/framework/system/CodeIgniter.php(404): CodeIgniter\CodeIgniter->runController(Object(App\Controllers\Ajax\Frontend\Dashboard))
#3 /home/itvc/domains/itvc.codechuanseo.com/public_html/vendor/codeigniter4/framework/system/CodeIgniter.php(312): CodeIgniter\CodeIgniter->handleRequest(NULL, Object(Config\Cache), false)
#4 /home/itvc/domains/itvc.codechuanseo.com/public_html/index.php(48): CodeIgniter\CodeIgniter->run()
#5 {main}
CRITICAL - 2021-06-23 02:42:35 --> Undefined index: address
#0 /home/itvc/domains/itvc.codechuanseo.com/public_html/app/Controllers/Ajax/Frontend/Dashboard.php(316): CodeIgniter\Debug\Exceptions->errorHandler(8, 'Undefined index...', '/home/itvc/doma...', 316, Array)
#1 /home/itvc/domains/itvc.codechuanseo.com/public_html/vendor/codeigniter4/framework/system/CodeIgniter.php(918): App\Controllers\Ajax\Frontend\Dashboard->contact()
#2 /home/itvc/domains/itvc.codechuanseo.com/public_html/vendor/codeigniter4/framework/system/CodeIgniter.php(404): CodeIgniter\CodeIgniter->runController(Object(App\Controllers\Ajax\Frontend\Dashboard))
#3 /home/itvc/domains/itvc.codechuanseo.com/public_html/vendor/codeigniter4/framework/system/CodeIgniter.php(312): CodeIgniter\CodeIgniter->handleRequest(NULL, Object(Config\Cache), false)
#4 /home/itvc/domains/itvc.codechuanseo.com/public_html/index.php(48): CodeIgniter\CodeIgniter->run()
#5 {main}
CRITICAL - 2021-06-23 02:42:35 --> Undefined index: address
#0 /home/itvc/domains/itvc.codechuanseo.com/public_html/app/Controllers/Ajax/Frontend/Dashboard.php(316): CodeIgniter\Debug\Exceptions->errorHandler(8, 'Undefined index...', '/home/itvc/doma...', 316, Array)
#1 /home/itvc/domains/itvc.codechuanseo.com/public_html/vendor/codeigniter4/framework/system/CodeIgniter.php(918): App\Controllers\Ajax\Frontend\Dashboard->contact()
#2 /home/itvc/domains/itvc.codechuanseo.com/public_html/vendor/codeigniter4/framework/system/CodeIgniter.php(404): CodeIgniter\CodeIgniter->runController(Object(App\Controllers\Ajax\Frontend\Dashboard))
#3 /home/itvc/domains/itvc.codechuanseo.com/public_html/vendor/codeigniter4/framework/system/CodeIgniter.php(312): CodeIgniter\CodeIgniter->handleRequest(NULL, Object(Config\Cache), false)
#4 /home/itvc/domains/itvc.codechuanseo.com/public_html/index.php(48): CodeIgniter\CodeIgniter->run()
#5 {main}
CRITICAL - 2021-06-23 02:42:52 --> Undefined index: address
#0 /home/itvc/domains/itvc.codechuanseo.com/public_html/app/Controllers/Ajax/Frontend/Dashboard.php(316): CodeIgniter\Debug\Exceptions->errorHandler(8, 'Undefined index...', '/home/itvc/doma...', 316, Array)
#1 /home/itvc/domains/itvc.codechuanseo.com/public_html/vendor/codeigniter4/framework/system/CodeIgniter.php(918): App\Controllers\Ajax\Frontend\Dashboard->contact()
#2 /home/itvc/domains/itvc.codechuanseo.com/public_html/vendor/codeigniter4/framework/system/CodeIgniter.php(404): CodeIgniter\CodeIgniter->runController(Object(App\Controllers\Ajax\Frontend\Dashboard))
#3 /home/itvc/domains/itvc.codechuanseo.com/public_html/vendor/codeigniter4/framework/system/CodeIgniter.php(312): CodeIgniter\CodeIgniter->handleRequest(NULL, Object(Config\Cache), false)
#4 /home/itvc/domains/itvc.codechuanseo.com/public_html/index.php(48): CodeIgniter\CodeIgniter->run()
#5 {main}
CRITICAL - 2021-06-23 02:42:53 --> Undefined index: address
#0 /home/itvc/domains/itvc.codechuanseo.com/public_html/app/Controllers/Ajax/Frontend/Dashboard.php(316): CodeIgniter\Debug\Exceptions->errorHandler(8, 'Undefined index...', '/home/itvc/doma...', 316, Array)
#1 /home/itvc/domains/itvc.codechuanseo.com/public_html/vendor/codeigniter4/framework/system/CodeIgniter.php(918): App\Controllers\Ajax\Frontend\Dashboard->contact()
#2 /home/itvc/domains/itvc.codechuanseo.com/public_html/vendor/codeigniter4/framework/system/CodeIgniter.php(404): CodeIgniter\CodeIgniter->runController(Object(App\Controllers\Ajax\Frontend\Dashboard))
#3 /home/itvc/domains/itvc.codechuanseo.com/public_html/vendor/codeigniter4/framework/system/CodeIgniter.php(312): CodeIgniter\CodeIgniter->handleRequest(NULL, Object(Config\Cache), false)
#4 /home/itvc/domains/itvc.codechuanseo.com/public_html/index.php(48): CodeIgniter\CodeIgniter->run()
#5 {main}
CRITICAL - 2021-06-23 02:42:53 --> Undefined index: address
#0 /home/itvc/domains/itvc.codechuanseo.com/public_html/app/Controllers/Ajax/Frontend/Dashboard.php(316): CodeIgniter\Debug\Exceptions->errorHandler(8, 'Undefined index...', '/home/itvc/doma...', 316, Array)
#1 /home/itvc/domains/itvc.codechuanseo.com/public_html/vendor/codeigniter4/framework/system/CodeIgniter.php(918): App\Controllers\Ajax\Frontend\Dashboard->contact()
#2 /home/itvc/domains/itvc.codechuanseo.com/public_html/vendor/codeigniter4/framework/system/CodeIgniter.php(404): CodeIgniter\CodeIgniter->runController(Object(App\Controllers\Ajax\Frontend\Dashboard))
#3 /home/itvc/domains/itvc.codechuanseo.com/public_html/vendor/codeigniter4/framework/system/CodeIgniter.php(312): CodeIgniter\CodeIgniter->handleRequest(NULL, Object(Config\Cache), false)
#4 /home/itvc/domains/itvc.codechuanseo.com/public_html/index.php(48): CodeIgniter\CodeIgniter->run()
#5 {main}
CRITICAL - 2021-06-23 02:42:53 --> Undefined index: address
#0 /home/itvc/domains/itvc.codechuanseo.com/public_html/app/Controllers/Ajax/Frontend/Dashboard.php(316): CodeIgniter\Debug\Exceptions->errorHandler(8, 'Undefined index...', '/home/itvc/doma...', 316, Array)
#1 /home/itvc/domains/itvc.codechuanseo.com/public_html/vendor/codeigniter4/framework/system/CodeIgniter.php(918): App\Controllers\Ajax\Frontend\Dashboard->contact()
#2 /home/itvc/domains/itvc.codechuanseo.com/public_html/vendor/codeigniter4/framework/system/CodeIgniter.php(404): CodeIgniter\CodeIgniter->runController(Object(App\Controllers\Ajax\Frontend\Dashboard))
#3 /home/itvc/domains/itvc.codechuanseo.com/public_html/vendor/codeigniter4/framework/system/CodeIgniter.php(312): CodeIgniter\CodeIgniter->handleRequest(NULL, Object(Config\Cache), false)
#4 /home/itvc/domains/itvc.codechuanseo.com/public_html/index.php(48): CodeIgniter\CodeIgniter->run()
#5 {main}
CRITICAL - 2021-06-23 02:42:53 --> Undefined index: address
#0 /home/itvc/domains/itvc.codechuanseo.com/public_html/app/Controllers/Ajax/Frontend/Dashboard.php(316): CodeIgniter\Debug\Exceptions->errorHandler(8, 'Undefined index...', '/home/itvc/doma...', 316, Array)
#1 /home/itvc/domains/itvc.codechuanseo.com/public_html/vendor/codeigniter4/framework/system/CodeIgniter.php(918): App\Controllers\Ajax\Frontend\Dashboard->contact()
#2 /home/itvc/domains/itvc.codechuanseo.com/public_html/vendor/codeigniter4/framework/system/CodeIgniter.php(404): CodeIgniter\CodeIgniter->runController(Object(App\Controllers\Ajax\Frontend\Dashboard))
#3 /home/itvc/domains/itvc.codechuanseo.com/public_html/vendor/codeigniter4/framework/system/CodeIgniter.php(312): CodeIgniter\CodeIgniter->handleRequest(NULL, Object(Config\Cache), false)
#4 /home/itvc/domains/itvc.codechuanseo.com/public_html/index.php(48): CodeIgniter\CodeIgniter->run()
#5 {main}
CRITICAL - 2021-06-23 02:42:54 --> Undefined index: address
#0 /home/itvc/domains/itvc.codechuanseo.com/public_html/app/Controllers/Ajax/Frontend/Dashboard.php(316): CodeIgniter\Debug\Exceptions->errorHandler(8, 'Undefined index...', '/home/itvc/doma...', 316, Array)
#1 /home/itvc/domains/itvc.codechuanseo.com/public_html/vendor/codeigniter4/framework/system/CodeIgniter.php(918): App\Controllers\Ajax\Frontend\Dashboard->contact()
#2 /home/itvc/domains/itvc.codechuanseo.com/public_html/vendor/codeigniter4/framework/system/CodeIgniter.php(404): CodeIgniter\CodeIgniter->runController(Object(App\Controllers\Ajax\Frontend\Dashboard))
#3 /home/itvc/domains/itvc.codechuanseo.com/public_html/vendor/codeigniter4/framework/system/CodeIgniter.php(312): CodeIgniter\CodeIgniter->handleRequest(NULL, Object(Config\Cache), false)
#4 /home/itvc/domains/itvc.codechuanseo.com/public_html/index.php(48): CodeIgniter\CodeIgniter->run()
#5 {main}
CRITICAL - 2021-06-23 02:42:54 --> Undefined index: address
#0 /home/itvc/domains/itvc.codechuanseo.com/public_html/app/Controllers/Ajax/Frontend/Dashboard.php(316): CodeIgniter\Debug\Exceptions->errorHandler(8, 'Undefined index...', '/home/itvc/doma...', 316, Array)
#1 /home/itvc/domains/itvc.codechuanseo.com/public_html/vendor/codeigniter4/framework/system/CodeIgniter.php(918): App\Controllers\Ajax\Frontend\Dashboard->contact()
#2 /home/itvc/domains/itvc.codechuanseo.com/public_html/vendor/codeigniter4/framework/system/CodeIgniter.php(404): CodeIgniter\CodeIgniter->runController(Object(App\Controllers\Ajax\Frontend\Dashboard))
#3 /home/itvc/domains/itvc.codechuanseo.com/public_html/vendor/codeigniter4/framework/system/CodeIgniter.php(312): CodeIgniter\CodeIgniter->handleRequest(NULL, Object(Config\Cache), false)
#4 /home/itvc/domains/itvc.codechuanseo.com/public_html/index.php(48): CodeIgniter\CodeIgniter->run()
#5 {main}
CRITICAL - 2021-06-23 02:42:54 --> Undefined index: address
#0 /home/itvc/domains/itvc.codechuanseo.com/public_html/app/Controllers/Ajax/Frontend/Dashboard.php(316): CodeIgniter\Debug\Exceptions->errorHandler(8, 'Undefined index...', '/home/itvc/doma...', 316, Array)
#1 /home/itvc/domains/itvc.codechuanseo.com/public_html/vendor/codeigniter4/framework/system/CodeIgniter.php(918): App\Controllers\Ajax\Frontend\Dashboard->contact()
#2 /home/itvc/domains/itvc.codechuanseo.com/public_html/vendor/codeigniter4/framework/system/CodeIgniter.php(404): CodeIgniter\CodeIgniter->runController(Object(App\Controllers\Ajax\Frontend\Dashboard))
#3 /home/itvc/domains/itvc.codechuanseo.com/public_html/vendor/codeigniter4/framework/system/CodeIgniter.php(312): CodeIgniter\CodeIgniter->handleRequest(NULL, Object(Config\Cache), false)
#4 /home/itvc/domains/itvc.codechuanseo.com/public_html/index.php(48): CodeIgniter\CodeIgniter->run()
#5 {main}
CRITICAL - 2021-06-23 03:29:13 --> Undefined index: address
#0 /home/itvc/domains/itvc.codechuanseo.com/public_html/app/Controllers/Ajax/Frontend/Dashboard.php(316): CodeIgniter\Debug\Exceptions->errorHandler(8, 'Undefined index...', '/home/itvc/doma...', 316, Array)
#1 /home/itvc/domains/itvc.codechuanseo.com/public_html/vendor/codeigniter4/framework/system/CodeIgniter.php(918): App\Controllers\Ajax\Frontend\Dashboard->contact()
#2 /home/itvc/domains/itvc.codechuanseo.com/public_html/vendor/codeigniter4/framework/system/CodeIgniter.php(404): CodeIgniter\CodeIgniter->runController(Object(App\Controllers\Ajax\Frontend\Dashboard))
#3 /home/itvc/domains/itvc.codechuanseo.com/public_html/vendor/codeigniter4/framework/system/CodeIgniter.php(312): CodeIgniter\CodeIgniter->handleRequest(NULL, Object(Config\Cache), false)
#4 /home/itvc/domains/itvc.codechuanseo.com/public_html/index.php(48): CodeIgniter\CodeIgniter->run()
#5 {main}
CRITICAL - 2021-06-23 03:29:14 --> Undefined index: address
#0 /home/itvc/domains/itvc.codechuanseo.com/public_html/app/Controllers/Ajax/Frontend/Dashboard.php(316): CodeIgniter\Debug\Exceptions->errorHandler(8, 'Undefined index...', '/home/itvc/doma...', 316, Array)
#1 /home/itvc/domains/itvc.codechuanseo.com/public_html/vendor/codeigniter4/framework/system/CodeIgniter.php(918): App\Controllers\Ajax\Frontend\Dashboard->contact()
#2 /home/itvc/domains/itvc.codechuanseo.com/public_html/vendor/codeigniter4/framework/system/CodeIgniter.php(404): CodeIgniter\CodeIgniter->runController(Object(App\Controllers\Ajax\Frontend\Dashboard))
#3 /home/itvc/domains/itvc.codechuanseo.com/public_html/vendor/codeigniter4/framework/system/CodeIgniter.php(312): CodeIgniter\CodeIgniter->handleRequest(NULL, Object(Config\Cache), false)
#4 /home/itvc/domains/itvc.codechuanseo.com/public_html/index.php(48): CodeIgniter\CodeIgniter->run()
#5 {main}
CRITICAL - 2021-06-23 03:29:14 --> Undefined index: address
#0 /home/itvc/domains/itvc.codechuanseo.com/public_html/app/Controllers/Ajax/Frontend/Dashboard.php(316): CodeIgniter\Debug\Exceptions->errorHandler(8, 'Undefined index...', '/home/itvc/doma...', 316, Array)
#1 /home/itvc/domains/itvc.codechuanseo.com/public_html/vendor/codeigniter4/framework/system/CodeIgniter.php(918): App\Controllers\Ajax\Frontend\Dashboard->contact()
#2 /home/itvc/domains/itvc.codechuanseo.com/public_html/vendor/codeigniter4/framework/system/CodeIgniter.php(404): CodeIgniter\CodeIgniter->runController(Object(App\Controllers\Ajax\Frontend\Dashboard))
#3 /home/itvc/domains/itvc.codechuanseo.com/public_html/vendor/codeigniter4/framework/system/CodeIgniter.php(312): CodeIgniter\CodeIgniter->handleRequest(NULL, Object(Config\Cache), false)
#4 /home/itvc/domains/itvc.codechuanseo.com/public_html/index.php(48): CodeIgniter\CodeIgniter->run()
#5 {main}
CRITICAL - 2021-06-23 03:29:14 --> Undefined index: address
#0 /home/itvc/domains/itvc.codechuanseo.com/public_html/app/Controllers/Ajax/Frontend/Dashboard.php(316): CodeIgniter\Debug\Exceptions->errorHandler(8, 'Undefined index...', '/home/itvc/doma...', 316, Array)
#1 /home/itvc/domains/itvc.codechuanseo.com/public_html/vendor/codeigniter4/framework/system/CodeIgniter.php(918): App\Controllers\Ajax\Frontend\Dashboard->contact()
#2 /home/itvc/domains/itvc.codechuanseo.com/public_html/vendor/codeigniter4/framework/system/CodeIgniter.php(404): CodeIgniter\CodeIgniter->runController(Object(App\Controllers\Ajax\Frontend\Dashboard))
#3 /home/itvc/domains/itvc.codechuanseo.com/public_html/vendor/codeigniter4/framework/system/CodeIgniter.php(312): CodeIgniter\CodeIgniter->handleRequest(NULL, Object(Config\Cache), false)
#4 /home/itvc/domains/itvc.codechuanseo.com/public_html/index.php(48): CodeIgniter\CodeIgniter->run()
#5 {main}
CRITICAL - 2021-06-23 03:29:15 --> Undefined index: address
#0 /home/itvc/domains/itvc.codechuanseo.com/public_html/app/Controllers/Ajax/Frontend/Dashboard.php(316): CodeIgniter\Debug\Exceptions->errorHandler(8, 'Undefined index...', '/home/itvc/doma...', 316, Array)
#1 /home/itvc/domains/itvc.codechuanseo.com/public_html/vendor/codeigniter4/framework/system/CodeIgniter.php(918): App\Controllers\Ajax\Frontend\Dashboard->contact()
#2 /home/itvc/domains/itvc.codechuanseo.com/public_html/vendor/codeigniter4/framework/system/CodeIgniter.php(404): CodeIgniter\CodeIgniter->runController(Object(App\Controllers\Ajax\Frontend\Dashboard))
#3 /home/itvc/domains/itvc.codechuanseo.com/public_html/vendor/codeigniter4/framework/system/CodeIgniter.php(312): CodeIgniter\CodeIgniter->handleRequest(NULL, Object(Config\Cache), false)
#4 /home/itvc/domains/itvc.codechuanseo.com/public_html/index.php(48): CodeIgniter\CodeIgniter->run()
#5 {main}
CRITICAL - 2021-06-23 03:29:15 --> Undefined index: address
#0 /home/itvc/domains/itvc.codechuanseo.com/public_html/app/Controllers/Ajax/Frontend/Dashboard.php(316): CodeIgniter\Debug\Exceptions->errorHandler(8, 'Undefined index...', '/home/itvc/doma...', 316, Array)
#1 /home/itvc/domains/itvc.codechuanseo.com/public_html/vendor/codeigniter4/framework/system/CodeIgniter.php(918): App\Controllers\Ajax\Frontend\Dashboard->contact()
#2 /home/itvc/domains/itvc.codechuanseo.com/public_html/vendor/codeigniter4/framework/system/CodeIgniter.php(404): CodeIgniter\CodeIgniter->runController(Object(App\Controllers\Ajax\Frontend\Dashboard))
#3 /home/itvc/domains/itvc.codechuanseo.com/public_html/vendor/codeigniter4/framework/system/CodeIgniter.php(312): CodeIgniter\CodeIgniter->handleRequest(NULL, Object(Config\Cache), false)
#4 /home/itvc/domains/itvc.codechuanseo.com/public_html/index.php(48): CodeIgniter\CodeIgniter->run()
#5 {main}
CRITICAL - 2021-06-23 03:29:15 --> Undefined index: address
#0 /home/itvc/domains/itvc.codechuanseo.com/public_html/app/Controllers/Ajax/Frontend/Dashboard.php(316): CodeIgniter\Debug\Exceptions->errorHandler(8, 'Undefined index...', '/home/itvc/doma...', 316, Array)
#1 /home/itvc/domains/itvc.codechuanseo.com/public_html/vendor/codeigniter4/framework/system/CodeIgniter.php(918): App\Controllers\Ajax\Frontend\Dashboard->contact()
#2 /home/itvc/domains/itvc.codechuanseo.com/public_html/vendor/codeigniter4/framework/system/CodeIgniter.php(404): CodeIgniter\CodeIgniter->runController(Object(App\Controllers\Ajax\Frontend\Dashboard))
#3 /home/itvc/domains/itvc.codechuanseo.com/public_html/vendor/codeigniter4/framework/system/CodeIgniter.php(312): CodeIgniter\CodeIgniter->handleRequest(NULL, Object(Config\Cache), false)
#4 /home/itvc/domains/itvc.codechuanseo.com/public_html/index.php(48): CodeIgniter\CodeIgniter->run()
#5 {main}
CRITICAL - 2021-06-23 03:29:18 --> Undefined index: address
#0 /home/itvc/domains/itvc.codechuanseo.com/public_html/app/Controllers/Ajax/Frontend/Dashboard.php(316): CodeIgniter\Debug\Exceptions->errorHandler(8, 'Undefined index...', '/home/itvc/doma...', 316, Array)
#1 /home/itvc/domains/itvc.codechuanseo.com/public_html/vendor/codeigniter4/framework/system/CodeIgniter.php(918): App\Controllers\Ajax\Frontend\Dashboard->contact()
#2 /home/itvc/domains/itvc.codechuanseo.com/public_html/vendor/codeigniter4/framework/system/CodeIgniter.php(404): CodeIgniter\CodeIgniter->runController(Object(App\Controllers\Ajax\Frontend\Dashboard))
#3 /home/itvc/domains/itvc.codechuanseo.com/public_html/vendor/codeigniter4/framework/system/CodeIgniter.php(312): CodeIgniter\CodeIgniter->handleRequest(NULL, Object(Config\Cache), false)
#4 /home/itvc/domains/itvc.codechuanseo.com/public_html/index.php(48): CodeIgniter\CodeIgniter->run()
#5 {main}
CRITICAL - 2021-06-23 03:29:20 --> Undefined index: address
#0 /home/itvc/domains/itvc.codechuanseo.com/public_html/app/Controllers/Ajax/Frontend/Dashboard.php(316): CodeIgniter\Debug\Exceptions->errorHandler(8, 'Undefined index...', '/home/itvc/doma...', 316, Array)
#1 /home/itvc/domains/itvc.codechuanseo.com/public_html/vendor/codeigniter4/framework/system/CodeIgniter.php(918): App\Controllers\Ajax\Frontend\Dashboard->contact()
#2 /home/itvc/domains/itvc.codechuanseo.com/public_html/vendor/codeigniter4/framework/system/CodeIgniter.php(404): CodeIgniter\CodeIgniter->runController(Object(App\Controllers\Ajax\Frontend\Dashboard))
#3 /home/itvc/domains/itvc.codechuanseo.com/public_html/vendor/codeigniter4/framework/system/CodeIgniter.php(312): CodeIgniter\CodeIgniter->handleRequest(NULL, Object(Config\Cache), false)
#4 /home/itvc/domains/itvc.codechuanseo.com/public_html/index.php(48): CodeIgniter\CodeIgniter->run()
#5 {main}
CRITICAL - 2021-06-23 03:29:23 --> Undefined index: address
#0 /home/itvc/domains/itvc.codechuanseo.com/public_html/app/Controllers/Ajax/Frontend/Dashboard.php(316): CodeIgniter\Debug\Exceptions->errorHandler(8, 'Undefined index...', '/home/itvc/doma...', 316, Array)
#1 /home/itvc/domains/itvc.codechuanseo.com/public_html/vendor/codeigniter4/framework/system/CodeIgniter.php(918): App\Controllers\Ajax\Frontend\Dashboard->contact()
#2 /home/itvc/domains/itvc.codechuanseo.com/public_html/vendor/codeigniter4/framework/system/CodeIgniter.php(404): CodeIgniter\CodeIgniter->runController(Object(App\Controllers\Ajax\Frontend\Dashboard))
#3 /home/itvc/domains/itvc.codechuanseo.com/public_html/vendor/codeigniter4/framework/system/CodeIgniter.php(312): CodeIgniter\CodeIgniter->handleRequest(NULL, Object(Config\Cache), false)
#4 /home/itvc/domains/itvc.codechuanseo.com/public_html/index.php(48): CodeIgniter\CodeIgniter->run()
#5 {main}
CRITICAL - 2021-06-23 03:29:28 --> Undefined index: address
#0 /home/itvc/domains/itvc.codechuanseo.com/public_html/app/Controllers/Ajax/Frontend/Dashboard.php(316): CodeIgniter\Debug\Exceptions->errorHandler(8, 'Undefined index...', '/home/itvc/doma...', 316, Array)
#1 /home/itvc/domains/itvc.codechuanseo.com/public_html/vendor/codeigniter4/framework/system/CodeIgniter.php(918): App\Controllers\Ajax\Frontend\Dashboard->contact()
#2 /home/itvc/domains/itvc.codechuanseo.com/public_html/vendor/codeigniter4/framework/system/CodeIgniter.php(404): CodeIgniter\CodeIgniter->runController(Object(App\Controllers\Ajax\Frontend\Dashboard))
#3 /home/itvc/domains/itvc.codechuanseo.com/public_html/vendor/codeigniter4/framework/system/CodeIgniter.php(312): CodeIgniter\CodeIgniter->handleRequest(NULL, Object(Config\Cache), false)
#4 /home/itvc/domains/itvc.codechuanseo.com/public_html/index.php(48): CodeIgniter\CodeIgniter->run()
#5 {main}
CRITICAL - 2021-06-23 03:29:31 --> Undefined index: address
#0 /home/itvc/domains/itvc.codechuanseo.com/public_html/app/Controllers/Ajax/Frontend/Dashboard.php(316): CodeIgniter\Debug\Exceptions->errorHandler(8, 'Undefined index...', '/home/itvc/doma...', 316, Array)
#1 /home/itvc/domains/itvc.codechuanseo.com/public_html/vendor/codeigniter4/framework/system/CodeIgniter.php(918): App\Controllers\Ajax\Frontend\Dashboard->contact()
#2 /home/itvc/domains/itvc.codechuanseo.com/public_html/vendor/codeigniter4/framework/system/CodeIgniter.php(404): CodeIgniter\CodeIgniter->runController(Object(App\Controllers\Ajax\Frontend\Dashboard))
#3 /home/itvc/domains/itvc.codechuanseo.com/public_html/vendor/codeigniter4/framework/system/CodeIgniter.php(312): CodeIgniter\CodeIgniter->handleRequest(NULL, Object(Config\Cache), false)
#4 /home/itvc/domains/itvc.codechuanseo.com/public_html/index.php(48): CodeIgniter\CodeIgniter->run()
#5 {main}
CRITICAL - 2021-06-23 03:29:33 --> Undefined index: address
#0 /home/itvc/domains/itvc.codechuanseo.com/public_html/app/Controllers/Ajax/Frontend/Dashboard.php(316): CodeIgniter\Debug\Exceptions->errorHandler(8, 'Undefined index...', '/home/itvc/doma...', 316, Array)
#1 /home/itvc/domains/itvc.codechuanseo.com/public_html/vendor/codeigniter4/framework/system/CodeIgniter.php(918): App\Controllers\Ajax\Frontend\Dashboard->contact()
#2 /home/itvc/domains/itvc.codechuanseo.com/public_html/vendor/codeigniter4/framework/system/CodeIgniter.php(404): CodeIgniter\CodeIgniter->runController(Object(App\Controllers\Ajax\Frontend\Dashboard))
#3 /home/itvc/domains/itvc.codechuanseo.com/public_html/vendor/codeigniter4/framework/system/CodeIgniter.php(312): CodeIgniter\CodeIgniter->handleRequest(NULL, Object(Config\Cache), false)
#4 /home/itvc/domains/itvc.codechuanseo.com/public_html/index.php(48): CodeIgniter\CodeIgniter->run()
#5 {main}
CRITICAL - 2021-06-23 03:53:40 --> Undefined index: address
#0 /home/itvc/domains/itvc.codechuanseo.com/public_html/app/Controllers/Ajax/Frontend/Dashboard.php(316): CodeIgniter\Debug\Exceptions->errorHandler(8, 'Undefined index...', '/home/itvc/doma...', 316, Array)
#1 /home/itvc/domains/itvc.codechuanseo.com/public_html/vendor/codeigniter4/framework/system/CodeIgniter.php(918): App\Controllers\Ajax\Frontend\Dashboard->contact()
#2 /home/itvc/domains/itvc.codechuanseo.com/public_html/vendor/codeigniter4/framework/system/CodeIgniter.php(404): CodeIgniter\CodeIgniter->runController(Object(App\Controllers\Ajax\Frontend\Dashboard))
#3 /home/itvc/domains/itvc.codechuanseo.com/public_html/vendor/codeigniter4/framework/system/CodeIgniter.php(312): CodeIgniter\CodeIgniter->handleRequest(NULL, Object(Config\Cache), false)
#4 /home/itvc/domains/itvc.codechuanseo.com/public_html/index.php(48): CodeIgniter\CodeIgniter->run()
#5 {main}
CRITICAL - 2021-06-23 04:37:13 --> unlink(/home/itvc/domains/itvc.codechuanseo.com/public_html/writable/debugbar/debugbar_1624437958.json): No such file or directory
#0 [internal function]: CodeIgniter\Debug\Exceptions->errorHandler(2, 'unlink(/home/it...', '/home/itvc/doma...', 106, Array)
#1 /home/itvc/domains/itvc.codechuanseo.com/public_html/vendor/codeigniter4/framework/system/Debug/Toolbar/Collectors/History.php(106): unlink('/home/itvc/doma...')
#2 /home/itvc/domains/itvc.codechuanseo.com/public_html/vendor/codeigniter4/framework/system/Debug/Toolbar.php(483): CodeIgniter\Debug\Toolbar\Collectors\History->setFiles(1624441032, 20)
#3 /home/itvc/domains/itvc.codechuanseo.com/public_html/vendor/codeigniter4/framework/system/Debug/Toolbar.php(455): CodeIgniter\Debug\Toolbar->format(Array, 'html')
#4 /home/itvc/domains/itvc.codechuanseo.com/public_html/app/Config/Events.php(44): CodeIgniter\Debug\Toolbar->respond()
#5 [internal function]: CodeIgniter\Events\Events::Config\{closure}()
#6 /home/itvc/domains/itvc.codechuanseo.com/public_html/vendor/codeigniter4/framework/system/Events/Events.php(188): call_user_func(Object(Closure))
#7 /home/itvc/domains/itvc.codechuanseo.com/public_html/vendor/codeigniter4/framework/system/CodeIgniter.php(293): CodeIgniter\Events\Events::trigger('pre_system')
#8 /home/itvc/domains/itvc.codechuanseo.com/public_html/index.php(48): CodeIgniter\CodeIgniter->run()
#9 {main}
CRITICAL - 2021-06-23 09:31:20 --> Undefined index: address
#0 /home/itvc/domains/itvc.codechuanseo.com/public_html/app/Controllers/Ajax/Frontend/Dashboard.php(316): CodeIgniter\Debug\Exceptions->errorHandler(8, 'Undefined index...', '/home/itvc/doma...', 316, Array)
#1 /home/itvc/domains/itvc.codechuanseo.com/public_html/vendor/codeigniter4/framework/system/CodeIgniter.php(918): App\Controllers\Ajax\Frontend\Dashboard->contact()
#2 /home/itvc/domains/itvc.codechuanseo.com/public_html/vendor/codeigniter4/framework/system/CodeIgniter.php(404): CodeIgniter\CodeIgniter->runController(Object(App\Controllers\Ajax\Frontend\Dashboard))
#3 /home/itvc/domains/itvc.codechuanseo.com/public_html/vendor/codeigniter4/framework/system/CodeIgniter.php(312): CodeIgniter\CodeIgniter->handleRequest(NULL, Object(Config\Cache), false)
#4 /home/itvc/domains/itvc.codechuanseo.com/public_html/index.php(48): CodeIgniter\CodeIgniter->run()
#5 {main}
CRITICAL - 2021-06-23 09:31:27 --> Undefined index: address
#0 /home/itvc/domains/itvc.codechuanseo.com/public_html/app/Controllers/Ajax/Frontend/Dashboard.php(316): CodeIgniter\Debug\Exceptions->errorHandler(8, 'Undefined index...', '/home/itvc/doma...', 316, Array)
#1 /home/itvc/domains/itvc.codechuanseo.com/public_html/vendor/codeigniter4/framework/system/CodeIgniter.php(918): App\Controllers\Ajax\Frontend\Dashboard->contact()
#2 /home/itvc/domains/itvc.codechuanseo.com/public_html/vendor/codeigniter4/framework/system/CodeIgniter.php(404): CodeIgniter\CodeIgniter->runController(Object(App\Controllers\Ajax\Frontend\Dashboard))
#3 /home/itvc/domains/itvc.codechuanseo.com/public_html/vendor/codeigniter4/framework/system/CodeIgniter.php(312): CodeIgniter\CodeIgniter->handleRequest(NULL, Object(Config\Cache), false)
#4 /home/itvc/domains/itvc.codechuanseo.com/public_html/index.php(48): CodeIgniter\CodeIgniter->run()
#5 {main}
CRITICAL - 2021-06-23 09:31:28 --> Undefined index: address
#0 /home/itvc/domains/itvc.codechuanseo.com/public_html/app/Controllers/Ajax/Frontend/Dashboard.php(316): CodeIgniter\Debug\Exceptions->errorHandler(8, 'Undefined index...', '/home/itvc/doma...', 316, Array)
#1 /home/itvc/domains/itvc.codechuanseo.com/public_html/vendor/codeigniter4/framework/system/CodeIgniter.php(918): App\Controllers\Ajax\Frontend\Dashboard->contact()
#2 /home/itvc/domains/itvc.codechuanseo.com/public_html/vendor/codeigniter4/framework/system/CodeIgniter.php(404): CodeIgniter\CodeIgniter->runController(Object(App\Controllers\Ajax\Frontend\Dashboard))
#3 /home/itvc/domains/itvc.codechuanseo.com/public_html/vendor/codeigniter4/framework/system/CodeIgniter.php(312): CodeIgniter\CodeIgniter->handleRequest(NULL, Object(Config\Cache), false)
#4 /home/itvc/domains/itvc.codechuanseo.com/public_html/index.php(48): CodeIgniter\CodeIgniter->run()
#5 {main}
CRITICAL - 2021-06-23 09:31:31 --> Undefined index: address
#0 /home/itvc/domains/itvc.codechuanseo.com/public_html/app/Controllers/Ajax/Frontend/Dashboard.php(316): CodeIgniter\Debug\Exceptions->errorHandler(8, 'Undefined index...', '/home/itvc/doma...', 316, Array)
#1 /home/itvc/domains/itvc.codechuanseo.com/public_html/vendor/codeigniter4/framework/system/CodeIgniter.php(918): App\Controllers\Ajax\Frontend\Dashboard->contact()
#2 /home/itvc/domains/itvc.codechuanseo.com/public_html/vendor/codeigniter4/framework/system/CodeIgniter.php(404): CodeIgniter\CodeIgniter->runController(Object(App\Controllers\Ajax\Frontend\Dashboard))
#3 /home/itvc/domains/itvc.codechuanseo.com/public_html/vendor/codeigniter4/framework/system/CodeIgniter.php(312): CodeIgniter\CodeIgniter->handleRequest(NULL, Object(Config\Cache), false)
#4 /home/itvc/domains/itvc.codechuanseo.com/public_html/index.php(48): CodeIgniter\CodeIgniter->run()
#5 {main}
CRITICAL - 2021-06-23 09:31:31 --> Undefined index: address
#0 /home/itvc/domains/itvc.codechuanseo.com/public_html/app/Controllers/Ajax/Frontend/Dashboard.php(316): CodeIgniter\Debug\Exceptions->errorHandler(8, 'Undefined index...', '/home/itvc/doma...', 316, Array)
#1 /home/itvc/domains/itvc.codechuanseo.com/public_html/vendor/codeigniter4/framework/system/CodeIgniter.php(918): App\Controllers\Ajax\Frontend\Dashboard->contact()
#2 /home/itvc/domains/itvc.codechuanseo.com/public_html/vendor/codeigniter4/framework/system/CodeIgniter.php(404): CodeIgniter\CodeIgniter->runController(Object(App\Controllers\Ajax\Frontend\Dashboard))
#3 /home/itvc/domains/itvc.codechuanseo.com/public_html/vendor/codeigniter4/framework/system/CodeIgniter.php(312): CodeIgniter\CodeIgniter->handleRequest(NULL, Object(Config\Cache), false)
#4 /home/itvc/domains/itvc.codechuanseo.com/public_html/index.php(48): CodeIgniter\CodeIgniter->run()
#5 {main}
CRITICAL - 2021-06-23 09:31:31 --> Undefined index: address
#0 /home/itvc/domains/itvc.codechuanseo.com/public_html/app/Controllers/Ajax/Frontend/Dashboard.php(316): CodeIgniter\Debug\Exceptions->errorHandler(8, 'Undefined index...', '/home/itvc/doma...', 316, Array)
#1 /home/itvc/domains/itvc.codechuanseo.com/public_html/vendor/codeigniter4/framework/system/CodeIgniter.php(918): App\Controllers\Ajax\Frontend\Dashboard->contact()
#2 /home/itvc/domains/itvc.codechuanseo.com/public_html/vendor/codeigniter4/framework/system/CodeIgniter.php(404): CodeIgniter\CodeIgniter->runController(Object(App\Controllers\Ajax\Frontend\Dashboard))
#3 /home/itvc/domains/itvc.codechuanseo.com/public_html/vendor/codeigniter4/framework/system/CodeIgniter.php(312): CodeIgniter\CodeIgniter->handleRequest(NULL, Object(Config\Cache), false)
#4 /home/itvc/domains/itvc.codechuanseo.com/public_html/index.php(48): CodeIgniter\CodeIgniter->run()
#5 {main}
CRITICAL - 2021-06-23 09:31:32 --> Undefined index: address
#0 /home/itvc/domains/itvc.codechuanseo.com/public_html/app/Controllers/Ajax/Frontend/Dashboard.php(316): CodeIgniter\Debug\Exceptions->errorHandler(8, 'Undefined index...', '/home/itvc/doma...', 316, Array)
#1 /home/itvc/domains/itvc.codechuanseo.com/public_html/vendor/codeigniter4/framework/system/CodeIgniter.php(918): App\Controllers\Ajax\Frontend\Dashboard->contact()
#2 /home/itvc/domains/itvc.codechuanseo.com/public_html/vendor/codeigniter4/framework/system/CodeIgniter.php(404): CodeIgniter\CodeIgniter->runController(Object(App\Controllers\Ajax\Frontend\Dashboard))
#3 /home/itvc/domains/itvc.codechuanseo.com/public_html/vendor/codeigniter4/framework/system/CodeIgniter.php(312): CodeIgniter\CodeIgniter->handleRequest(NULL, Object(Config\Cache), false)
#4 /home/itvc/domains/itvc.codechuanseo.com/public_html/index.php(48): CodeIgniter\CodeIgniter->run()
#5 {main}
CRITICAL - 2021-06-23 09:31:32 --> Undefined index: address
#0 /home/itvc/domains/itvc.codechuanseo.com/public_html/app/Controllers/Ajax/Frontend/Dashboard.php(316): CodeIgniter\Debug\Exceptions->errorHandler(8, 'Undefined index...', '/home/itvc/doma...', 316, Array)
#1 /home/itvc/domains/itvc.codechuanseo.com/public_html/vendor/codeigniter4/framework/system/CodeIgniter.php(918): App\Controllers\Ajax\Frontend\Dashboard->contact()
#2 /home/itvc/domains/itvc.codechuanseo.com/public_html/vendor/codeigniter4/framework/system/CodeIgniter.php(404): CodeIgniter\CodeIgniter->runController(Object(App\Controllers\Ajax\Frontend\Dashboard))
#3 /home/itvc/domains/itvc.codechuanseo.com/public_html/vendor/codeigniter4/framework/system/CodeIgniter.php(312): CodeIgniter\CodeIgniter->handleRequest(NULL, Object(Config\Cache), false)
#4 /home/itvc/domains/itvc.codechuanseo.com/public_html/index.php(48): CodeIgniter\CodeIgniter->run()
#5 {main}
CRITICAL - 2021-06-23 09:31:32 --> Undefined index: address
#0 /home/itvc/domains/itvc.codechuanseo.com/public_html/app/Controllers/Ajax/Frontend/Dashboard.php(316): CodeIgniter\Debug\Exceptions->errorHandler(8, 'Undefined index...', '/home/itvc/doma...', 316, Array)
#1 /home/itvc/domains/itvc.codechuanseo.com/public_html/vendor/codeigniter4/framework/system/CodeIgniter.php(918): App\Controllers\Ajax\Frontend\Dashboard->contact()
#2 /home/itvc/domains/itvc.codechuanseo.com/public_html/vendor/codeigniter4/framework/system/CodeIgniter.php(404): CodeIgniter\CodeIgniter->runController(Object(App\Controllers\Ajax\Frontend\Dashboard))
#3 /home/itvc/domains/itvc.codechuanseo.com/public_html/vendor/codeigniter4/framework/system/CodeIgniter.php(312): CodeIgniter\CodeIgniter->handleRequest(NULL, Object(Config\Cache), false)
#4 /home/itvc/domains/itvc.codechuanseo.com/public_html/index.php(48): CodeIgniter\CodeIgniter->run()
#5 {main}
CRITICAL - 2021-06-23 09:31:32 --> Undefined index: address
#0 /home/itvc/domains/itvc.codechuanseo.com/public_html/app/Controllers/Ajax/Frontend/Dashboard.php(316): CodeIgniter\Debug\Exceptions->errorHandler(8, 'Undefined index...', '/home/itvc/doma...', 316, Array)
#1 /home/itvc/domains/itvc.codechuanseo.com/public_html/vendor/codeigniter4/framework/system/CodeIgniter.php(918): App\Controllers\Ajax\Frontend\Dashboard->contact()
#2 /home/itvc/domains/itvc.codechuanseo.com/public_html/vendor/codeigniter4/framework/system/CodeIgniter.php(404): CodeIgniter\CodeIgniter->runController(Object(App\Controllers\Ajax\Frontend\Dashboard))
#3 /home/itvc/domains/itvc.codechuanseo.com/public_html/vendor/codeigniter4/framework/system/CodeIgniter.php(312): CodeIgniter\CodeIgniter->handleRequest(NULL, Object(Config\Cache), false)
#4 /home/itvc/domains/itvc.codechuanseo.com/public_html/index.php(48): CodeIgniter\CodeIgniter->run()
#5 {main}
CRITICAL - 2021-06-23 09:31:32 --> Undefined index: address
#0 /home/itvc/domains/itvc.codechuanseo.com/public_html/app/Controllers/Ajax/Frontend/Dashboard.php(316): CodeIgniter\Debug\Exceptions->errorHandler(8, 'Undefined index...', '/home/itvc/doma...', 316, Array)
#1 /home/itvc/domains/itvc.codechuanseo.com/public_html/vendor/codeigniter4/framework/system/CodeIgniter.php(918): App\Controllers\Ajax\Frontend\Dashboard->contact()
#2 /home/itvc/domains/itvc.codechuanseo.com/public_html/vendor/codeigniter4/framework/system/CodeIgniter.php(404): CodeIgniter\CodeIgniter->runController(Object(App\Controllers\Ajax\Frontend\Dashboard))
#3 /home/itvc/domains/itvc.codechuanseo.com/public_html/vendor/codeigniter4/framework/system/CodeIgniter.php(312): CodeIgniter\CodeIgniter->handleRequest(NULL, Object(Config\Cache), false)
#4 /home/itvc/domains/itvc.codechuanseo.com/public_html/index.php(48): CodeIgniter\CodeIgniter->run()
#5 {main}
CRITICAL - 2021-06-23 09:31:33 --> Undefined index: address
#0 /home/itvc/domains/itvc.codechuanseo.com/public_html/app/Controllers/Ajax/Frontend/Dashboard.php(316): CodeIgniter\Debug\Exceptions->errorHandler(8, 'Undefined index...', '/home/itvc/doma...', 316, Array)
#1 /home/itvc/domains/itvc.codechuanseo.com/public_html/vendor/codeigniter4/framework/system/CodeIgniter.php(918): App\Controllers\Ajax\Frontend\Dashboard->contact()
#2 /home/itvc/domains/itvc.codechuanseo.com/public_html/vendor/codeigniter4/framework/system/CodeIgniter.php(404): CodeIgniter\CodeIgniter->runController(Object(App\Controllers\Ajax\Frontend\Dashboard))
#3 /home/itvc/domains/itvc.codechuanseo.com/public_html/vendor/codeigniter4/framework/system/CodeIgniter.php(312): CodeIgniter\CodeIgniter->handleRequest(NULL, Object(Config\Cache), false)
#4 /home/itvc/domains/itvc.codechuanseo.com/public_html/index.php(48): CodeIgniter\CodeIgniter->run()
#5 {main}
CRITICAL - 2021-06-23 09:31:34 --> Undefined index: address
#0 /home/itvc/domains/itvc.codechuanseo.com/public_html/app/Controllers/Ajax/Frontend/Dashboard.php(316): CodeIgniter\Debug\Exceptions->errorHandler(8, 'Undefined index...', '/home/itvc/doma...', 316, Array)
#1 /home/itvc/domains/itvc.codechuanseo.com/public_html/vendor/codeigniter4/framework/system/CodeIgniter.php(918): App\Controllers\Ajax\Frontend\Dashboard->contact()
#2 /home/itvc/domains/itvc.codechuanseo.com/public_html/vendor/codeigniter4/framework/system/CodeIgniter.php(404): CodeIgniter\CodeIgniter->runController(Object(App\Controllers\Ajax\Frontend\Dashboard))
#3 /home/itvc/domains/itvc.codechuanseo.com/public_html/vendor/codeigniter4/framework/system/CodeIgniter.php(312): CodeIgniter\CodeIgniter->handleRequest(NULL, Object(Config\Cache), false)
#4 /home/itvc/domains/itvc.codechuanseo.com/public_html/index.php(48): CodeIgniter\CodeIgniter->run()
#5 {main}
CRITICAL - 2021-06-23 09:31:34 --> Undefined index: address
#0 /home/itvc/domains/itvc.codechuanseo.com/public_html/app/Controllers/Ajax/Frontend/Dashboard.php(316): CodeIgniter\Debug\Exceptions->errorHandler(8, 'Undefined index...', '/home/itvc/doma...', 316, Array)
#1 /home/itvc/domains/itvc.codechuanseo.com/public_html/vendor/codeigniter4/framework/system/CodeIgniter.php(918): App\Controllers\Ajax\Frontend\Dashboard->contact()
#2 /home/itvc/domains/itvc.codechuanseo.com/public_html/vendor/codeigniter4/framework/system/CodeIgniter.php(404): CodeIgniter\CodeIgniter->runController(Object(App\Controllers\Ajax\Frontend\Dashboard))
#3 /home/itvc/domains/itvc.codechuanseo.com/public_html/vendor/codeigniter4/framework/system/CodeIgniter.php(312): CodeIgniter\CodeIgniter->handleRequest(NULL, Object(Config\Cache), false)
#4 /home/itvc/domains/itvc.codechuanseo.com/public_html/index.php(48): CodeIgniter\CodeIgniter->run()
#5 {main}
CRITICAL - 2021-06-23 09:31:40 --> Undefined index: address
#0 /home/itvc/domains/itvc.codechuanseo.com/public_html/app/Controllers/Ajax/Frontend/Dashboard.php(316): CodeIgniter\Debug\Exceptions->errorHandler(8, 'Undefined index...', '/home/itvc/doma...', 316, Array)
#1 /home/itvc/domains/itvc.codechuanseo.com/public_html/vendor/codeigniter4/framework/system/CodeIgniter.php(918): App\Controllers\Ajax\Frontend\Dashboard->contact()
#2 /home/itvc/domains/itvc.codechuanseo.com/public_html/vendor/codeigniter4/framework/system/CodeIgniter.php(404): CodeIgniter\CodeIgniter->runController(Object(App\Controllers\Ajax\Frontend\Dashboard))
#3 /home/itvc/domains/itvc.codechuanseo.com/public_html/vendor/codeigniter4/framework/system/CodeIgniter.php(312): CodeIgniter\CodeIgniter->handleRequest(NULL, Object(Config\Cache), false)
#4 /home/itvc/domains/itvc.codechuanseo.com/public_html/index.php(48): CodeIgniter\CodeIgniter->run()
#5 {main}
CRITICAL - 2021-06-23 09:31:40 --> Undefined index: address
#0 /home/itvc/domains/itvc.codechuanseo.com/public_html/app/Controllers/Ajax/Frontend/Dashboard.php(316): CodeIgniter\Debug\Exceptions->errorHandler(8, 'Undefined index...', '/home/itvc/doma...', 316, Array)
#1 /home/itvc/domains/itvc.codechuanseo.com/public_html/vendor/codeigniter4/framework/system/CodeIgniter.php(918): App\Controllers\Ajax\Frontend\Dashboard->contact()
#2 /home/itvc/domains/itvc.codechuanseo.com/public_html/vendor/codeigniter4/framework/system/CodeIgniter.php(404): CodeIgniter\CodeIgniter->runController(Object(App\Controllers\Ajax\Frontend\Dashboard))
#3 /home/itvc/domains/itvc.codechuanseo.com/public_html/vendor/codeigniter4/framework/system/CodeIgniter.php(312): CodeIgniter\CodeIgniter->handleRequest(NULL, Object(Config\Cache), false)
#4 /home/itvc/domains/itvc.codechuanseo.com/public_html/index.php(48): CodeIgniter\CodeIgniter->run()
#5 {main}
CRITICAL - 2021-06-23 09:31:42 --> Undefined index: address
#0 /home/itvc/domains/itvc.codechuanseo.com/public_html/app/Controllers/Ajax/Frontend/Dashboard.php(316): CodeIgniter\Debug\Exceptions->errorHandler(8, 'Undefined index...', '/home/itvc/doma...', 316, Array)
#1 /home/itvc/domains/itvc.codechuanseo.com/public_html/vendor/codeigniter4/framework/system/CodeIgniter.php(918): App\Controllers\Ajax\Frontend\Dashboard->contact()
#2 /home/itvc/domains/itvc.codechuanseo.com/public_html/vendor/codeigniter4/framework/system/CodeIgniter.php(404): CodeIgniter\CodeIgniter->runController(Object(App\Controllers\Ajax\Frontend\Dashboard))
#3 /home/itvc/domains/itvc.codechuanseo.com/public_html/vendor/codeigniter4/framework/system/CodeIgniter.php(312): CodeIgniter\CodeIgniter->handleRequest(NULL, Object(Config\Cache), false)
#4 /home/itvc/domains/itvc.codechuanseo.com/public_html/index.php(48): CodeIgniter\CodeIgniter->run()
#5 {main}
CRITICAL - 2021-06-23 09:31:43 --> Undefined index: address
#0 /home/itvc/domains/itvc.codechuanseo.com/public_html/app/Controllers/Ajax/Frontend/Dashboard.php(316): CodeIgniter\Debug\Exceptions->errorHandler(8, 'Undefined index...', '/home/itvc/doma...', 316, Array)
#1 /home/itvc/domains/itvc.codechuanseo.com/public_html/vendor/codeigniter4/framework/system/CodeIgniter.php(918): App\Controllers\Ajax\Frontend\Dashboard->contact()
#2 /home/itvc/domains/itvc.codechuanseo.com/public_html/vendor/codeigniter4/framework/system/CodeIgniter.php(404): CodeIgniter\CodeIgniter->runController(Object(App\Controllers\Ajax\Frontend\Dashboard))
#3 /home/itvc/domains/itvc.codechuanseo.com/public_html/vendor/codeigniter4/framework/system/CodeIgniter.php(312): CodeIgniter\CodeIgniter->handleRequest(NULL, Object(Config\Cache), false)
#4 /home/itvc/domains/itvc.codechuanseo.com/public_html/index.php(48): CodeIgniter\CodeIgniter->run()
#5 {main}
CRITICAL - 2021-06-23 09:33:01 --> Undefined index: address
#0 /home/itvc/domains/itvc.codechuanseo.com/public_html/app/Controllers/Ajax/Frontend/Dashboard.php(316): CodeIgniter\Debug\Exceptions->errorHandler(8, 'Undefined index...', '/home/itvc/doma...', 316, Array)
#1 /home/itvc/domains/itvc.codechuanseo.com/public_html/vendor/codeigniter4/framework/system/CodeIgniter.php(918): App\Controllers\Ajax\Frontend\Dashboard->contact()
#2 /home/itvc/domains/itvc.codechuanseo.com/public_html/vendor/codeigniter4/framework/system/CodeIgniter.php(404): CodeIgniter\CodeIgniter->runController(Object(App\Controllers\Ajax\Frontend\Dashboard))
#3 /home/itvc/domains/itvc.codechuanseo.com/public_html/vendor/codeigniter4/framework/system/CodeIgniter.php(312): CodeIgniter\CodeIgniter->handleRequest(NULL, Object(Config\Cache), false)
#4 /home/itvc/domains/itvc.codechuanseo.com/public_html/index.php(48): CodeIgniter\CodeIgniter->run()
#5 {main}
CRITICAL - 2021-06-23 09:33:03 --> Undefined index: address
#0 /home/itvc/domains/itvc.codechuanseo.com/public_html/app/Controllers/Ajax/Frontend/Dashboard.php(316): CodeIgniter\Debug\Exceptions->errorHandler(8, 'Undefined index...', '/home/itvc/doma...', 316, Array)
#1 /home/itvc/domains/itvc.codechuanseo.com/public_html/vendor/codeigniter4/framework/system/CodeIgniter.php(918): App\Controllers\Ajax\Frontend\Dashboard->contact()
#2 /home/itvc/domains/itvc.codechuanseo.com/public_html/vendor/codeigniter4/framework/system/CodeIgniter.php(404): CodeIgniter\CodeIgniter->runController(Object(App\Controllers\Ajax\Frontend\Dashboard))
#3 /home/itvc/domains/itvc.codechuanseo.com/public_html/vendor/codeigniter4/framework/system/CodeIgniter.php(312): CodeIgniter\CodeIgniter->handleRequest(NULL, Object(Config\Cache), false)
#4 /home/itvc/domains/itvc.codechuanseo.com/public_html/index.php(48): CodeIgniter\CodeIgniter->run()
#5 {main}
CRITICAL - 2021-06-23 09:33:06 --> Undefined index: address
#0 /home/itvc/domains/itvc.codechuanseo.com/public_html/app/Controllers/Ajax/Frontend/Dashboard.php(316): CodeIgniter\Debug\Exceptions->errorHandler(8, 'Undefined index...', '/home/itvc/doma...', 316, Array)
#1 /home/itvc/domains/itvc.codechuanseo.com/public_html/vendor/codeigniter4/framework/system/CodeIgniter.php(918): App\Controllers\Ajax\Frontend\Dashboard->contact()
#2 /home/itvc/domains/itvc.codechuanseo.com/public_html/vendor/codeigniter4/framework/system/CodeIgniter.php(404): CodeIgniter\CodeIgniter->runController(Object(App\Controllers\Ajax\Frontend\Dashboard))
#3 /home/itvc/domains/itvc.codechuanseo.com/public_html/vendor/codeigniter4/framework/system/CodeIgniter.php(312): CodeIgniter\CodeIgniter->handleRequest(NULL, Object(Config\Cache), false)
#4 /home/itvc/domains/itvc.codechuanseo.com/public_html/index.php(48): CodeIgniter\CodeIgniter->run()
#5 {main}
CRITICAL - 2021-06-23 09:33:07 --> Undefined index: address
#0 /home/itvc/domains/itvc.codechuanseo.com/public_html/app/Controllers/Ajax/Frontend/Dashboard.php(316): CodeIgniter\Debug\Exceptions->errorHandler(8, 'Undefined index...', '/home/itvc/doma...', 316, Array)
#1 /home/itvc/domains/itvc.codechuanseo.com/public_html/vendor/codeigniter4/framework/system/CodeIgniter.php(918): App\Controllers\Ajax\Frontend\Dashboard->contact()
#2 /home/itvc/domains/itvc.codechuanseo.com/public_html/vendor/codeigniter4/framework/system/CodeIgniter.php(404): CodeIgniter\CodeIgniter->runController(Object(App\Controllers\Ajax\Frontend\Dashboard))
#3 /home/itvc/domains/itvc.codechuanseo.com/public_html/vendor/codeigniter4/framework/system/CodeIgniter.php(312): CodeIgniter\CodeIgniter->handleRequest(NULL, Object(Config\Cache), false)
#4 /home/itvc/domains/itvc.codechuanseo.com/public_html/index.php(48): CodeIgniter\CodeIgniter->run()
#5 {main}
CRITICAL - 2021-06-23 09:34:01 --> Undefined index: 
#0 /home/itvc/domains/itvc.codechuanseo.com/public_html/app/Controllers/Ajax/Dashboard.php(467): CodeIgniter\Debug\Exceptions->errorHandler(8, 'Undefined index...', '/home/itvc/doma...', 467, Array)
#1 /home/itvc/domains/itvc.codechuanseo.com/public_html/vendor/codeigniter4/framework/system/CodeIgniter.php(918): App\Controllers\Ajax\Dashboard->update_field()
#2 /home/itvc/domains/itvc.codechuanseo.com/public_html/vendor/codeigniter4/framework/system/CodeIgniter.php(404): CodeIgniter\CodeIgniter->runController(Object(App\Controllers\Ajax\Dashboard))
#3 /home/itvc/domains/itvc.codechuanseo.com/public_html/vendor/codeigniter4/framework/system/CodeIgniter.php(312): CodeIgniter\CodeIgniter->handleRequest(NULL, Object(Config\Cache), false)
#4 /home/itvc/domains/itvc.codechuanseo.com/public_html/index.php(48): CodeIgniter\CodeIgniter->run()
#5 {main}
CRITICAL - 2021-06-23 09:39:20 --> Undefined index: address
#0 /home/itvc/domains/itvc.codechuanseo.com/public_html/app/Controllers/Ajax/Frontend/Dashboard.php(316): CodeIgniter\Debug\Exceptions->errorHandler(8, 'Undefined index...', '/home/itvc/doma...', 316, Array)
#1 /home/itvc/domains/itvc.codechuanseo.com/public_html/vendor/codeigniter4/framework/system/CodeIgniter.php(918): App\Controllers\Ajax\Frontend\Dashboard->contact()
#2 /home/itvc/domains/itvc.codechuanseo.com/public_html/vendor/codeigniter4/framework/system/CodeIgniter.php(404): CodeIgniter\CodeIgniter->runController(Object(App\Controllers\Ajax\Frontend\Dashboard))
#3 /home/itvc/domains/itvc.codechuanseo.com/public_html/vendor/codeigniter4/framework/system/CodeIgniter.php(312): CodeIgniter\CodeIgniter->handleRequest(NULL, Object(Config\Cache), false)
#4 /home/itvc/domains/itvc.codechuanseo.com/public_html/index.php(48): CodeIgniter\CodeIgniter->run()
#5 {main}
CRITICAL - 2021-06-23 09:39:20 --> Undefined index: address
#0 /home/itvc/domains/itvc.codechuanseo.com/public_html/app/Controllers/Ajax/Frontend/Dashboard.php(316): CodeIgniter\Debug\Exceptions->errorHandler(8, 'Undefined index...', '/home/itvc/doma...', 316, Array)
#1 /home/itvc/domains/itvc.codechuanseo.com/public_html/vendor/codeigniter4/framework/system/CodeIgniter.php(918): App\Controllers\Ajax\Frontend\Dashboard->contact()
#2 /home/itvc/domains/itvc.codechuanseo.com/public_html/vendor/codeigniter4/framework/system/CodeIgniter.php(404): CodeIgniter\CodeIgniter->runController(Object(App\Controllers\Ajax\Frontend\Dashboard))
#3 /home/itvc/domains/itvc.codechuanseo.com/public_html/vendor/codeigniter4/framework/system/CodeIgniter.php(312): CodeIgniter\CodeIgniter->handleRequest(NULL, Object(Config\Cache), false)
#4 /home/itvc/domains/itvc.codechuanseo.com/public_html/index.php(48): CodeIgniter\CodeIgniter->run()
#5 {main}
CRITICAL - 2021-06-23 09:39:20 --> Undefined index: address
#0 /home/itvc/domains/itvc.codechuanseo.com/public_html/app/Controllers/Ajax/Frontend/Dashboard.php(316): CodeIgniter\Debug\Exceptions->errorHandler(8, 'Undefined index...', '/home/itvc/doma...', 316, Array)
#1 /home/itvc/domains/itvc.codechuanseo.com/public_html/vendor/codeigniter4/framework/system/CodeIgniter.php(918): App\Controllers\Ajax\Frontend\Dashboard->contact()
#2 /home/itvc/domains/itvc.codechuanseo.com/public_html/vendor/codeigniter4/framework/system/CodeIgniter.php(404): CodeIgniter\CodeIgniter->runController(Object(App\Controllers\Ajax\Frontend\Dashboard))
#3 /home/itvc/domains/itvc.codechuanseo.com/public_html/vendor/codeigniter4/framework/system/CodeIgniter.php(312): CodeIgniter\CodeIgniter->handleRequest(NULL, Object(Config\Cache), false)
#4 /home/itvc/domains/itvc.codechuanseo.com/public_html/index.php(48): CodeIgniter\CodeIgniter->run()
#5 {main}
CRITICAL - 2021-06-23 09:39:21 --> Undefined index: address
#0 /home/itvc/domains/itvc.codechuanseo.com/public_html/app/Controllers/Ajax/Frontend/Dashboard.php(316): CodeIgniter\Debug\Exceptions->errorHandler(8, 'Undefined index...', '/home/itvc/doma...', 316, Array)
#1 /home/itvc/domains/itvc.codechuanseo.com/public_html/vendor/codeigniter4/framework/system/CodeIgniter.php(918): App\Controllers\Ajax\Frontend\Dashboard->contact()
#2 /home/itvc/domains/itvc.codechuanseo.com/public_html/vendor/codeigniter4/framework/system/CodeIgniter.php(404): CodeIgniter\CodeIgniter->runController(Object(App\Controllers\Ajax\Frontend\Dashboard))
#3 /home/itvc/domains/itvc.codechuanseo.com/public_html/vendor/codeigniter4/framework/system/CodeIgniter.php(312): CodeIgniter\CodeIgniter->handleRequest(NULL, Object(Config\Cache), false)
#4 /home/itvc/domains/itvc.codechuanseo.com/public_html/index.php(48): CodeIgniter\CodeIgniter->run()
#5 {main}
CRITICAL - 2021-06-23 09:39:22 --> Undefined index: address
#0 /home/itvc/domains/itvc.codechuanseo.com/public_html/app/Controllers/Ajax/Frontend/Dashboard.php(316): CodeIgniter\Debug\Exceptions->errorHandler(8, 'Undefined index...', '/home/itvc/doma...', 316, Array)
#1 /home/itvc/domains/itvc.codechuanseo.com/public_html/vendor/codeigniter4/framework/system/CodeIgniter.php(918): App\Controllers\Ajax\Frontend\Dashboard->contact()
#2 /home/itvc/domains/itvc.codechuanseo.com/public_html/vendor/codeigniter4/framework/system/CodeIgniter.php(404): CodeIgniter\CodeIgniter->runController(Object(App\Controllers\Ajax\Frontend\Dashboard))
#3 /home/itvc/domains/itvc.codechuanseo.com/public_html/vendor/codeigniter4/framework/system/CodeIgniter.php(312): CodeIgniter\CodeIgniter->handleRequest(NULL, Object(Config\Cache), false)
#4 /home/itvc/domains/itvc.codechuanseo.com/public_html/index.php(48): CodeIgniter\CodeIgniter->run()
#5 {main}
CRITICAL - 2021-06-23 22:09:22 --> Undefined index: address
#0 /home/itvc/domains/itvc.codechuanseo.com/public_html/app/Controllers/Ajax/Frontend/Dashboard.php(316): CodeIgniter\Debug\Exceptions->errorHandler(8, 'Undefined index...', '/home/itvc/doma...', 316, Array)
#1 /home/itvc/domains/itvc.codechuanseo.com/public_html/vendor/codeigniter4/framework/system/CodeIgniter.php(918): App\Controllers\Ajax\Frontend\Dashboard->contact()
#2 /home/itvc/domains/itvc.codechuanseo.com/public_html/vendor/codeigniter4/framework/system/CodeIgniter.php(404): CodeIgniter\CodeIgniter->runController(Object(App\Controllers\Ajax\Frontend\Dashboard))
#3 /home/itvc/domains/itvc.codechuanseo.com/public_html/vendor/codeigniter4/framework/system/CodeIgniter.php(312): CodeIgniter\CodeIgniter->handleRequest(NULL, Object(Config\Cache), false)
#4 /home/itvc/domains/itvc.codechuanseo.com/public_html/index.php(48): CodeIgniter\CodeIgniter->run()
#5 {main}
CRITICAL - 2021-06-23 22:09:28 --> Undefined index: address
#0 /home/itvc/domains/itvc.codechuanseo.com/public_html/app/Controllers/Ajax/Frontend/Dashboard.php(316): CodeIgniter\Debug\Exceptions->errorHandler(8, 'Undefined index...', '/home/itvc/doma...', 316, Array)
#1 /home/itvc/domains/itvc.codechuanseo.com/public_html/vendor/codeigniter4/framework/system/CodeIgniter.php(918): App\Controllers\Ajax\Frontend\Dashboard->contact()
#2 /home/itvc/domains/itvc.codechuanseo.com/public_html/vendor/codeigniter4/framework/system/CodeIgniter.php(404): CodeIgniter\CodeIgniter->runController(Object(App\Controllers\Ajax\Frontend\Dashboard))
#3 /home/itvc/domains/itvc.codechuanseo.com/public_html/vendor/codeigniter4/framework/system/CodeIgniter.php(312): CodeIgniter\CodeIgniter->handleRequest(NULL, Object(Config\Cache), false)
#4 /home/itvc/domains/itvc.codechuanseo.com/public_html/index.php(48): CodeIgniter\CodeIgniter->run()
#5 {main}
CRITICAL - 2021-06-23 22:13:10 --> Undefined index: address
#0 /home/itvc/domains/itvc.codechuanseo.com/public_html/app/Controllers/Ajax/Frontend/Dashboard.php(316): CodeIgniter\Debug\Exceptions->errorHandler(8, 'Undefined index...', '/home/itvc/doma...', 316, Array)
#1 /home/itvc/domains/itvc.codechuanseo.com/public_html/vendor/codeigniter4/framework/system/CodeIgniter.php(918): App\Controllers\Ajax\Frontend\Dashboard->contact()
#2 /home/itvc/domains/itvc.codechuanseo.com/public_html/vendor/codeigniter4/framework/system/CodeIgniter.php(404): CodeIgniter\CodeIgniter->runController(Object(App\Controllers\Ajax\Frontend\Dashboard))
#3 /home/itvc/domains/itvc.codechuanseo.com/public_html/vendor/codeigniter4/framework/system/CodeIgniter.php(312): CodeIgniter\CodeIgniter->handleRequest(NULL, Object(Config\Cache), false)
#4 /home/itvc/domains/itvc.codechuanseo.com/public_html/index.php(48): CodeIgniter\CodeIgniter->run()
#5 {main}
CRITICAL - 2021-06-23 22:13:10 --> Undefined index: address
#0 /home/itvc/domains/itvc.codechuanseo.com/public_html/app/Controllers/Ajax/Frontend/Dashboard.php(316): CodeIgniter\Debug\Exceptions->errorHandler(8, 'Undefined index...', '/home/itvc/doma...', 316, Array)
#1 /home/itvc/domains/itvc.codechuanseo.com/public_html/vendor/codeigniter4/framework/system/CodeIgniter.php(918): App\Controllers\Ajax\Frontend\Dashboard->contact()
#2 /home/itvc/domains/itvc.codechuanseo.com/public_html/vendor/codeigniter4/framework/system/CodeIgniter.php(404): CodeIgniter\CodeIgniter->runController(Object(App\Controllers\Ajax\Frontend\Dashboard))
#3 /home/itvc/domains/itvc.codechuanseo.com/public_html/vendor/codeigniter4/framework/system/CodeIgniter.php(312): CodeIgniter\CodeIgniter->handleRequest(NULL, Object(Config\Cache), false)
#4 /home/itvc/domains/itvc.codechuanseo.com/public_html/index.php(48): CodeIgniter\CodeIgniter->run()
#5 {main}
CRITICAL - 2021-06-23 22:13:11 --> Undefined index: address
#0 /home/itvc/domains/itvc.codechuanseo.com/public_html/app/Controllers/Ajax/Frontend/Dashboard.php(316): CodeIgniter\Debug\Exceptions->errorHandler(8, 'Undefined index...', '/home/itvc/doma...', 316, Array)
#1 /home/itvc/domains/itvc.codechuanseo.com/public_html/vendor/codeigniter4/framework/system/CodeIgniter.php(918): App\Controllers\Ajax\Frontend\Dashboard->contact()
#2 /home/itvc/domains/itvc.codechuanseo.com/public_html/vendor/codeigniter4/framework/system/CodeIgniter.php(404): CodeIgniter\CodeIgniter->runController(Object(App\Controllers\Ajax\Frontend\Dashboard))
#3 /home/itvc/domains/itvc.codechuanseo.com/public_html/vendor/codeigniter4/framework/system/CodeIgniter.php(312): CodeIgniter\CodeIgniter->handleRequest(NULL, Object(Config\Cache), false)
#4 /home/itvc/domains/itvc.codechuanseo.com/public_html/index.php(48): CodeIgniter\CodeIgniter->run()
#5 {main}
CRITICAL - 2021-06-23 22:13:50 --> Undefined index: address
#0 /home/itvc/domains/itvc.codechuanseo.com/public_html/app/Controllers/Ajax/Frontend/Dashboard.php(316): CodeIgniter\Debug\Exceptions->errorHandler(8, 'Undefined index...', '/home/itvc/doma...', 316, Array)
#1 /home/itvc/domains/itvc.codechuanseo.com/public_html/vendor/codeigniter4/framework/system/CodeIgniter.php(918): App\Controllers\Ajax\Frontend\Dashboard->contact()
#2 /home/itvc/domains/itvc.codechuanseo.com/public_html/vendor/codeigniter4/framework/system/CodeIgniter.php(404): CodeIgniter\CodeIgniter->runController(Object(App\Controllers\Ajax\Frontend\Dashboard))
#3 /home/itvc/domains/itvc.codechuanseo.com/public_html/vendor/codeigniter4/framework/system/CodeIgniter.php(312): CodeIgniter\CodeIgniter->handleRequest(NULL, Object(Config\Cache), false)
#4 /home/itvc/domains/itvc.codechuanseo.com/public_html/index.php(48): CodeIgniter\CodeIgniter->run()
#5 {main}
CRITICAL - 2021-06-23 22:13:50 --> Undefined index: address
#0 /home/itvc/domains/itvc.codechuanseo.com/public_html/app/Controllers/Ajax/Frontend/Dashboard.php(316): CodeIgniter\Debug\Exceptions->errorHandler(8, 'Undefined index...', '/home/itvc/doma...', 316, Array)
#1 /home/itvc/domains/itvc.codechuanseo.com/public_html/vendor/codeigniter4/framework/system/CodeIgniter.php(918): App\Controllers\Ajax\Frontend\Dashboard->contact()
#2 /home/itvc/domains/itvc.codechuanseo.com/public_html/vendor/codeigniter4/framework/system/CodeIgniter.php(404): CodeIgniter\CodeIgniter->runController(Object(App\Controllers\Ajax\Frontend\Dashboard))
#3 /home/itvc/domains/itvc.codechuanseo.com/public_html/vendor/codeigniter4/framework/system/CodeIgniter.php(312): CodeIgniter\CodeIgniter->handleRequest(NULL, Object(Config\Cache), false)
#4 /home/itvc/domains/itvc.codechuanseo.com/public_html/index.php(48): CodeIgniter\CodeIgniter->run()
#5 {main}
CRITICAL - 2021-06-23 22:13:50 --> Undefined index: address
#0 /home/itvc/domains/itvc.codechuanseo.com/public_html/app/Controllers/Ajax/Frontend/Dashboard.php(316): CodeIgniter\Debug\Exceptions->errorHandler(8, 'Undefined index...', '/home/itvc/doma...', 316, Array)
#1 /home/itvc/domains/itvc.codechuanseo.com/public_html/vendor/codeigniter4/framework/system/CodeIgniter.php(918): App\Controllers\Ajax\Frontend\Dashboard->contact()
#2 /home/itvc/domains/itvc.codechuanseo.com/public_html/vendor/codeigniter4/framework/system/CodeIgniter.php(404): CodeIgniter\CodeIgniter->runController(Object(App\Controllers\Ajax\Frontend\Dashboard))
#3 /home/itvc/domains/itvc.codechuanseo.com/public_html/vendor/codeigniter4/framework/system/CodeIgniter.php(312): CodeIgniter\CodeIgniter->handleRequest(NULL, Object(Config\Cache), false)
#4 /home/itvc/domains/itvc.codechuanseo.com/public_html/index.php(48): CodeIgniter\CodeIgniter->run()
#5 {main}
CRITICAL - 2021-06-23 22:16:03 --> Undefined index: address
#0 /home/itvc/domains/itvc.codechuanseo.com/public_html/app/Controllers/Ajax/Frontend/Dashboard.php(316): CodeIgniter\Debug\Exceptions->errorHandler(8, 'Undefined index...', '/home/itvc/doma...', 316, Array)
#1 /home/itvc/domains/itvc.codechuanseo.com/public_html/vendor/codeigniter4/framework/system/CodeIgniter.php(918): App\Controllers\Ajax\Frontend\Dashboard->contact()
#2 /home/itvc/domains/itvc.codechuanseo.com/public_html/vendor/codeigniter4/framework/system/CodeIgniter.php(404): CodeIgniter\CodeIgniter->runController(Object(App\Controllers\Ajax\Frontend\Dashboard))
#3 /home/itvc/domains/itvc.codechuanseo.com/public_html/vendor/codeigniter4/framework/system/CodeIgniter.php(312): CodeIgniter\CodeIgniter->handleRequest(NULL, Object(Config\Cache), false)
#4 /home/itvc/domains/itvc.codechuanseo.com/public_html/index.php(48): CodeIgniter\CodeIgniter->run()
#5 {main}
CRITICAL - 2021-06-23 22:16:03 --> Undefined index: address
#0 /home/itvc/domains/itvc.codechuanseo.com/public_html/app/Controllers/Ajax/Frontend/Dashboard.php(316): CodeIgniter\Debug\Exceptions->errorHandler(8, 'Undefined index...', '/home/itvc/doma...', 316, Array)
#1 /home/itvc/domains/itvc.codechuanseo.com/public_html/vendor/codeigniter4/framework/system/CodeIgniter.php(918): App\Controllers\Ajax\Frontend\Dashboard->contact()
#2 /home/itvc/domains/itvc.codechuanseo.com/public_html/vendor/codeigniter4/framework/system/CodeIgniter.php(404): CodeIgniter\CodeIgniter->runController(Object(App\Controllers\Ajax\Frontend\Dashboard))
#3 /home/itvc/domains/itvc.codechuanseo.com/public_html/vendor/codeigniter4/framework/system/CodeIgniter.php(312): CodeIgniter\CodeIgniter->handleRequest(NULL, Object(Config\Cache), false)
#4 /home/itvc/domains/itvc.codechuanseo.com/public_html/index.php(48): CodeIgniter\CodeIgniter->run()
#5 {main}
CRITICAL - 2021-06-23 22:16:03 --> Undefined index: address
#0 /home/itvc/domains/itvc.codechuanseo.com/public_html/app/Controllers/Ajax/Frontend/Dashboard.php(316): CodeIgniter\Debug\Exceptions->errorHandler(8, 'Undefined index...', '/home/itvc/doma...', 316, Array)
#1 /home/itvc/domains/itvc.codechuanseo.com/public_html/vendor/codeigniter4/framework/system/CodeIgniter.php(918): App\Controllers\Ajax\Frontend\Dashboard->contact()
#2 /home/itvc/domains/itvc.codechuanseo.com/public_html/vendor/codeigniter4/framework/system/CodeIgniter.php(404): CodeIgniter\CodeIgniter->runController(Object(App\Controllers\Ajax\Frontend\Dashboard))
#3 /home/itvc/domains/itvc.codechuanseo.com/public_html/vendor/codeigniter4/framework/system/CodeIgniter.php(312): CodeIgniter\CodeIgniter->handleRequest(NULL, Object(Config\Cache), false)
#4 /home/itvc/domains/itvc.codechuanseo.com/public_html/index.php(48): CodeIgniter\CodeIgniter->run()
#5 {main}
CRITICAL - 2021-06-23 23:43:38 --> Undefined index: address
#0 /home/itvc/domains/itvc.codechuanseo.com/public_html/app/Controllers/Ajax/Frontend/Dashboard.php(316): CodeIgniter\Debug\Exceptions->errorHandler(8, 'Undefined index...', '/home/itvc/doma...', 316, Array)
#1 /home/itvc/domains/itvc.codechuanseo.com/public_html/vendor/codeigniter4/framework/system/CodeIgniter.php(918): App\Controllers\Ajax\Frontend\Dashboard->contact()
#2 /home/itvc/domains/itvc.codechuanseo.com/public_html/vendor/codeigniter4/framework/system/CodeIgniter.php(404): CodeIgniter\CodeIgniter->runController(Object(App\Controllers\Ajax\Frontend\Dashboard))
#3 /home/itvc/domains/itvc.codechuanseo.com/public_html/vendor/codeigniter4/framework/system/CodeIgniter.php(312): CodeIgniter\CodeIgniter->handleRequest(NULL, Object(Config\Cache), false)
#4 /home/itvc/domains/itvc.codechuanseo.com/public_html/index.php(48): CodeIgniter\CodeIgniter->run()
#5 {main}
CRITICAL - 2021-06-23 23:43:39 --> Undefined index: address
#0 /home/itvc/domains/itvc.codechuanseo.com/public_html/app/Controllers/Ajax/Frontend/Dashboard.php(316): CodeIgniter\Debug\Exceptions->errorHandler(8, 'Undefined index...', '/home/itvc/doma...', 316, Array)
#1 /home/itvc/domains/itvc.codechuanseo.com/public_html/vendor/codeigniter4/framework/system/CodeIgniter.php(918): App\Controllers\Ajax\Frontend\Dashboard->contact()
#2 /home/itvc/domains/itvc.codechuanseo.com/public_html/vendor/codeigniter4/framework/system/CodeIgniter.php(404): CodeIgniter\CodeIgniter->runController(Object(App\Controllers\Ajax\Frontend\Dashboard))
#3 /home/itvc/domains/itvc.codechuanseo.com/public_html/vendor/codeigniter4/framework/system/CodeIgniter.php(312): CodeIgniter\CodeIgniter->handleRequest(NULL, Object(Config\Cache), false)
#4 /home/itvc/domains/itvc.codechuanseo.com/public_html/index.php(48): CodeIgniter\CodeIgniter->run()
#5 {main}
CRITICAL - 2021-06-23 23:43:39 --> Undefined index: address
#0 /home/itvc/domains/itvc.codechuanseo.com/public_html/app/Controllers/Ajax/Frontend/Dashboard.php(316): CodeIgniter\Debug\Exceptions->errorHandler(8, 'Undefined index...', '/home/itvc/doma...', 316, Array)
#1 /home/itvc/domains/itvc.codechuanseo.com/public_html/vendor/codeigniter4/framework/system/CodeIgniter.php(918): App\Controllers\Ajax\Frontend\Dashboard->contact()
#2 /home/itvc/domains/itvc.codechuanseo.com/public_html/vendor/codeigniter4/framework/system/CodeIgniter.php(404): CodeIgniter\CodeIgniter->runController(Object(App\Controllers\Ajax\Frontend\Dashboard))
#3 /home/itvc/domains/itvc.codechuanseo.com/public_html/vendor/codeigniter4/framework/system/CodeIgniter.php(312): CodeIgniter\CodeIgniter->handleRequest(NULL, Object(Config\Cache), false)
#4 /home/itvc/domains/itvc.codechuanseo.com/public_html/index.php(48): CodeIgniter\CodeIgniter->run()
#5 {main}
CRITICAL - 2021-06-23 23:43:39 --> Undefined index: address
#0 /home/itvc/domains/itvc.codechuanseo.com/public_html/app/Controllers/Ajax/Frontend/Dashboard.php(316): CodeIgniter\Debug\Exceptions->errorHandler(8, 'Undefined index...', '/home/itvc/doma...', 316, Array)
#1 /home/itvc/domains/itvc.codechuanseo.com/public_html/vendor/codeigniter4/framework/system/CodeIgniter.php(918): App\Controllers\Ajax\Frontend\Dashboard->contact()
#2 /home/itvc/domains/itvc.codechuanseo.com/public_html/vendor/codeigniter4/framework/system/CodeIgniter.php(404): CodeIgniter\CodeIgniter->runController(Object(App\Controllers\Ajax\Frontend\Dashboard))
#3 /home/itvc/domains/itvc.codechuanseo.com/public_html/vendor/codeigniter4/framework/system/CodeIgniter.php(312): CodeIgniter\CodeIgniter->handleRequest(NULL, Object(Config\Cache), false)
#4 /home/itvc/domains/itvc.codechuanseo.com/public_html/index.php(48): CodeIgniter\CodeIgniter->run()
#5 {main}
CRITICAL - 2021-06-23 23:43:44 --> Undefined index: address
#0 /home/itvc/domains/itvc.codechuanseo.com/public_html/app/Controllers/Ajax/Frontend/Dashboard.php(316): CodeIgniter\Debug\Exceptions->errorHandler(8, 'Undefined index...', '/home/itvc/doma...', 316, Array)
#1 /home/itvc/domains/itvc.codechuanseo.com/public_html/vendor/codeigniter4/framework/system/CodeIgniter.php(918): App\Controllers\Ajax\Frontend\Dashboard->contact()
#2 /home/itvc/domains/itvc.codechuanseo.com/public_html/vendor/codeigniter4/framework/system/CodeIgniter.php(404): CodeIgniter\CodeIgniter->runController(Object(App\Controllers\Ajax\Frontend\Dashboard))
#3 /home/itvc/domains/itvc.codechuanseo.com/public_html/vendor/codeigniter4/framework/system/CodeIgniter.php(312): CodeIgniter\CodeIgniter->handleRequest(NULL, Object(Config\Cache), false)
#4 /home/itvc/domains/itvc.codechuanseo.com/public_html/index.php(48): CodeIgniter\CodeIgniter->run()
#5 {main}
