CRITICAL - 2022-05-14 12:29:05 --> Unable to connect to the database.
#0 W:\domains\va.mypham.com\vendor\codeigniter4\framework\system\Database\BaseConnection.php(646): CodeIgniter\Database\BaseConnection->initialize()
#1 W:\domains\va.mypham.com\vendor\codeigniter4\framework\system\Database\BaseBuilder.php(1860): CodeIgniter\Database\BaseConnection->query('SELECT `keyword...', Array, false)
#2 W:\domains\va.mypham.com\app\Models\AutoloadModel.php(76): CodeIgniter\Database\BaseBuilder->get()
#3 W:\domains\va.mypham.com\app\Helpers\mydatafrontend_helper.php(166): App\Models\AutoloadModel->_get_where(Array, true)
#4 W:\domains\va.mypham.com\app\Controllers\FrontendController.php(27): get_general('vi')
#5 W:\domains\va.mypham.com\vendor\codeigniter4\framework\system\CodeIgniter.php(891): App\Controllers\FrontendController->initController(Object(CodeIgniter\HTTP\IncomingRequest), Object(CodeIgniter\HTTP\Response), Object(CodeIgniter\Log\Logger))
#6 W:\domains\va.mypham.com\vendor\codeigniter4\framework\system\CodeIgniter.php(399): CodeIgniter\CodeIgniter->createController()
#7 W:\domains\va.mypham.com\vendor\codeigniter4\framework\system\CodeIgniter.php(312): CodeIgniter\CodeIgniter->handleRequest(NULL, Object(Config\Cache), false)
#8 W:\domains\va.mypham.com\index.php(48): CodeIgniter\CodeIgniter->run()
#9 {main}
CRITICAL - 2022-05-14 12:29:05 --> Unable to connect to the database.
#0 W:\domains\va.mypham.com\vendor\codeigniter4\framework\system\Database\BaseConnection.php(646): CodeIgniter\Database\BaseConnection->initialize()
#1 W:\domains\va.mypham.com\vendor\codeigniter4\framework\system\Database\BaseBuilder.php(1860): CodeIgniter\Database\BaseConnection->query('SELECT `canonic...', Array, false)
#2 W:\domains\va.mypham.com\app\Models\AutoloadModel.php(74): CodeIgniter\Database\BaseBuilder->get()
#3 W:\domains\va.mypham.com\app\Controllers\BaseController.php(64): App\Models\AutoloadModel->_get_where(Array)
#4 W:\domains\va.mypham.com\vendor\codeigniter4\framework\system\CodeIgniter.php(891): App\Controllers\BaseController->initController(Object(CodeIgniter\HTTP\IncomingRequest), Object(CodeIgniter\HTTP\Response), Object(CodeIgniter\Log\Logger))
#5 W:\domains\va.mypham.com\vendor\codeigniter4\framework\system\CodeIgniter.php(399): CodeIgniter\CodeIgniter->createController()
#6 W:\domains\va.mypham.com\vendor\codeigniter4\framework\system\CodeIgniter.php(312): CodeIgniter\CodeIgniter->handleRequest(NULL, Object(Config\Cache), false)
#7 W:\domains\va.mypham.com\index.php(48): CodeIgniter\CodeIgniter->run()
#8 {main}
CRITICAL - 2022-05-14 12:41:30 --> Undefined variable: genral
#0 W:\domains\va.mypham.com\app\Views\frontend\homepage\common\footer.php(11): CodeIgniter\Debug\Exceptions->errorHandler(8, 'Undefined varia...', 'W:\\domains\\va.m...', 11, Array)
#1 W:\domains\va.mypham.com\vendor\codeigniter4\framework\system\View\View.php(246): include('W:\\domains\\va.m...')
#2 W:\domains\va.mypham.com\vendor\codeigniter4\framework\system\Common.php(1119): CodeIgniter\View\View->render('frontend/homepa...', Array, true)
#3 W:\domains\va.mypham.com\app\Views\frontend\homepage\layout\home.php(77): view('frontend/homepa...')
#4 W:\domains\va.mypham.com\vendor\codeigniter4\framework\system\View\View.php(246): include('W:\\domains\\va.m...')
#5 W:\domains\va.mypham.com\vendor\codeigniter4\framework\system\Common.php(1119): CodeIgniter\View\View->render('frontend/homepa...', Array, true)
#6 W:\domains\va.mypham.com\app\Controllers\Frontend\Homepage\Home.php(30): view('frontend/homepa...', Array)
#7 W:\domains\va.mypham.com\vendor\codeigniter4\framework\system\CodeIgniter.php(918): App\Controllers\Frontend\Homepage\Home->index()
#8 W:\domains\va.mypham.com\vendor\codeigniter4\framework\system\CodeIgniter.php(404): CodeIgniter\CodeIgniter->runController(Object(App\Controllers\Frontend\Homepage\Home))
#9 W:\domains\va.mypham.com\vendor\codeigniter4\framework\system\CodeIgniter.php(312): CodeIgniter\CodeIgniter->handleRequest(NULL, Object(Config\Cache), false)
#10 W:\domains\va.mypham.com\index.php(48): CodeIgniter\CodeIgniter->run()
#11 {main}
CRITICAL - 2022-05-14 12:41:57 --> unlink(W:\domains\va.mypham.com\writable\debugbar/debugbar_1652344333.json): No such file or directory
#0 [internal function]: CodeIgniter\Debug\Exceptions->errorHandler(2, 'unlink(W:\\domai...', 'W:\\domains\\va.m...', 106, Array)
#1 W:\domains\va.mypham.com\vendor\codeigniter4\framework\system\Debug\Toolbar\Collectors\History.php(106): unlink('W:\\domains\\va.m...')
#2 W:\domains\va.mypham.com\vendor\codeigniter4\framework\system\Debug\Toolbar.php(483): CodeIgniter\Debug\Toolbar\Collectors\History->setFiles(1652550116, 20)
#3 W:\domains\va.mypham.com\vendor\codeigniter4\framework\system\Debug\Toolbar.php(455): CodeIgniter\Debug\Toolbar->format(Array, 'html')
#4 W:\domains\va.mypham.com\app\Config\Events.php(44): CodeIgniter\Debug\Toolbar->respond()
#5 [internal function]: CodeIgniter\Events\Events::Config\{closure}()
#6 W:\domains\va.mypham.com\vendor\codeigniter4\framework\system\Events\Events.php(188): call_user_func(Object(Closure))
#7 W:\domains\va.mypham.com\vendor\codeigniter4\framework\system\CodeIgniter.php(293): CodeIgniter\Events\Events::trigger('pre_system')
#8 W:\domains\va.mypham.com\index.php(48): CodeIgniter\CodeIgniter->run()
#9 {main}
CRITICAL - 2022-05-14 12:43:58 --> Undefined index: social_twiter
#0 W:\domains\va.mypham.com\app\Views\frontend\homepage\common\footer.php(21): CodeIgniter\Debug\Exceptions->errorHandler(8, 'Undefined index...', 'W:\\domains\\va.m...', 21, Array)
#1 W:\domains\va.mypham.com\vendor\codeigniter4\framework\system\View\View.php(246): include('W:\\domains\\va.m...')
#2 W:\domains\va.mypham.com\vendor\codeigniter4\framework\system\Common.php(1119): CodeIgniter\View\View->render('frontend/homepa...', Array, true)
#3 W:\domains\va.mypham.com\app\Views\frontend\homepage\layout\home.php(77): view('frontend/homepa...')
#4 W:\domains\va.mypham.com\vendor\codeigniter4\framework\system\View\View.php(246): include('W:\\domains\\va.m...')
#5 W:\domains\va.mypham.com\vendor\codeigniter4\framework\system\Common.php(1119): CodeIgniter\View\View->render('frontend/homepa...', Array, true)
#6 W:\domains\va.mypham.com\app\Controllers\Frontend\Homepage\Home.php(30): view('frontend/homepa...', Array)
#7 W:\domains\va.mypham.com\vendor\codeigniter4\framework\system\CodeIgniter.php(918): App\Controllers\Frontend\Homepage\Home->index()
#8 W:\domains\va.mypham.com\vendor\codeigniter4\framework\system\CodeIgniter.php(404): CodeIgniter\CodeIgniter->runController(Object(App\Controllers\Frontend\Homepage\Home))
#9 W:\domains\va.mypham.com\vendor\codeigniter4\framework\system\CodeIgniter.php(312): CodeIgniter\CodeIgniter->handleRequest(NULL, Object(Config\Cache), false)
#10 W:\domains\va.mypham.com\index.php(48): CodeIgniter\CodeIgniter->run()
#11 {main}
CRITICAL - 2022-05-14 12:46:15 --> unlink(W:\domains\va.mypham.com\writable\debugbar/debugbar_1652549413.json): No such file or directory
#0 [internal function]: CodeIgniter\Debug\Exceptions->errorHandler(2, 'unlink(W:\\domai...', 'W:\\domains\\va.m...', 106, Array)
#1 W:\domains\va.mypham.com\vendor\codeigniter4\framework\system\Debug\Toolbar\Collectors\History.php(106): unlink('W:\\domains\\va.m...')
#2 W:\domains\va.mypham.com\vendor\codeigniter4\framework\system\Debug\Toolbar.php(483): CodeIgniter\Debug\Toolbar\Collectors\History->setFiles(1652550375, 20)
#3 W:\domains\va.mypham.com\vendor\codeigniter4\framework\system\Debug\Toolbar.php(455): CodeIgniter\Debug\Toolbar->format(Array, 'html')
#4 W:\domains\va.mypham.com\app\Config\Events.php(44): CodeIgniter\Debug\Toolbar->respond()
#5 [internal function]: CodeIgniter\Events\Events::Config\{closure}()
#6 W:\domains\va.mypham.com\vendor\codeigniter4\framework\system\Events\Events.php(188): call_user_func(Object(Closure))
#7 W:\domains\va.mypham.com\vendor\codeigniter4\framework\system\CodeIgniter.php(293): CodeIgniter\Events\Events::trigger('pre_system')
#8 W:\domains\va.mypham.com\index.php(48): CodeIgniter\CodeIgniter->run()
#9 {main}
CRITICAL - 2022-05-14 12:49:10 --> Undefined index: homepage_iso
#0 W:\domains\va.mypham.com\app\Views\frontend\homepage\common\header.php(20): CodeIgniter\Debug\Exceptions->errorHandler(8, 'Undefined index...', 'W:\\domains\\va.m...', 20, Array)
#1 W:\domains\va.mypham.com\vendor\codeigniter4\framework\system\View\View.php(246): include('W:\\domains\\va.m...')
#2 W:\domains\va.mypham.com\vendor\codeigniter4\framework\system\Common.php(1119): CodeIgniter\View\View->render('frontend/homepa...', Array, true)
#3 W:\domains\va.mypham.com\app\Views\frontend\homepage\layout\home.php(70): view('frontend/homepa...')
#4 W:\domains\va.mypham.com\vendor\codeigniter4\framework\system\View\View.php(246): include('W:\\domains\\va.m...')
#5 W:\domains\va.mypham.com\vendor\codeigniter4\framework\system\Common.php(1119): CodeIgniter\View\View->render('frontend/homepa...', Array, true)
#6 W:\domains\va.mypham.com\app\Controllers\Frontend\Homepage\Home.php(30): view('frontend/homepa...', Array)
#7 W:\domains\va.mypham.com\vendor\codeigniter4\framework\system\CodeIgniter.php(918): App\Controllers\Frontend\Homepage\Home->index()
#8 W:\domains\va.mypham.com\vendor\codeigniter4\framework\system\CodeIgniter.php(404): CodeIgniter\CodeIgniter->runController(Object(App\Controllers\Frontend\Homepage\Home))
#9 W:\domains\va.mypham.com\vendor\codeigniter4\framework\system\CodeIgniter.php(312): CodeIgniter\CodeIgniter->handleRequest(NULL, Object(Config\Cache), false)
#10 W:\domains\va.mypham.com\index.php(48): CodeIgniter\CodeIgniter->run()
#11 {main}
CRITICAL - 2022-05-14 22:14:21 --> Undefined variable: fullname
#0 W:\domains\va.mypham.com\app\Controllers\Ajax\Frontend\Action.php(200): CodeIgniter\Debug\Exceptions->errorHandler(8, 'Undefined varia...', 'W:\\domains\\va.m...', 200, Array)
#1 W:\domains\va.mypham.com\vendor\codeigniter4\framework\system\CodeIgniter.php(918): App\Controllers\Ajax\Frontend\Action->contact_phone()
#2 W:\domains\va.mypham.com\vendor\codeigniter4\framework\system\CodeIgniter.php(404): CodeIgniter\CodeIgniter->runController(Object(App\Controllers\Ajax\Frontend\Action))
#3 W:\domains\va.mypham.com\vendor\codeigniter4\framework\system\CodeIgniter.php(312): CodeIgniter\CodeIgniter->handleRequest(NULL, Object(Config\Cache), false)
#4 W:\domains\va.mypham.com\index.php(48): CodeIgniter\CodeIgniter->run()
#5 {main}
CRITICAL - 2022-05-14 22:14:26 --> Undefined variable: fullname
#0 W:\domains\va.mypham.com\app\Controllers\Ajax\Frontend\Action.php(200): CodeIgniter\Debug\Exceptions->errorHandler(8, 'Undefined varia...', 'W:\\domains\\va.m...', 200, Array)
#1 W:\domains\va.mypham.com\vendor\codeigniter4\framework\system\CodeIgniter.php(918): App\Controllers\Ajax\Frontend\Action->contact_phone()
#2 W:\domains\va.mypham.com\vendor\codeigniter4\framework\system\CodeIgniter.php(404): CodeIgniter\CodeIgniter->runController(Object(App\Controllers\Ajax\Frontend\Action))
#3 W:\domains\va.mypham.com\vendor\codeigniter4\framework\system\CodeIgniter.php(312): CodeIgniter\CodeIgniter->handleRequest(NULL, Object(Config\Cache), false)
#4 W:\domains\va.mypham.com\index.php(48): CodeIgniter\CodeIgniter->run()
#5 {main}
