CRITICAL - 2022-03-13 09:43:00 --> syntax error, unexpected ';'
#0 W:\domains\thuduc.com.va\vendor\codeigniter4\framework\system\Common.php(1119): CodeIgniter\View\View->render('backend/product...', Array, true)
#1 W:\domains\thuduc.com.va\app\Views\backend\product\product\update.php(12): view('backend/product...', Array)
#2 W:\domains\thuduc.com.va\vendor\codeigniter4\framework\system\View\View.php(246): include('W:\\domains\\thud...')
#3 W:\domains\thuduc.com.va\vendor\codeigniter4\framework\system\Common.php(1119): CodeIgniter\View\View->render('backend/product...', Array, true)
#4 W:\domains\thuduc.com.va\app\Views\backend\dashboard\layout\home.php(44): view('backend/product...')
#5 W:\domains\thuduc.com.va\vendor\codeigniter4\framework\system\View\View.php(246): include('W:\\domains\\thud...')
#6 W:\domains\thuduc.com.va\vendor\codeigniter4\framework\system\Common.php(1119): CodeIgniter\View\View->render('backend/dashboa...', Array, true)
#7 W:\domains\thuduc.com.va\app\Controllers\Backend\Product\Product.php(272): view('backend/dashboa...', Array)
#8 W:\domains\thuduc.com.va\vendor\codeigniter4\framework\system\CodeIgniter.php(918): App\Controllers\Backend\Product\Product->update(5)
#9 W:\domains\thuduc.com.va\vendor\codeigniter4\framework\system\CodeIgniter.php(404): CodeIgniter\CodeIgniter->runController(Object(App\Controllers\Backend\Product\Product))
#10 W:\domains\thuduc.com.va\vendor\codeigniter4\framework\system\CodeIgniter.php(312): CodeIgniter\CodeIgniter->handleRequest(NULL, Object(Config\Cache), false)
#11 W:\domains\thuduc.com.va\index.php(48): CodeIgniter\CodeIgniter->run()
#12 {main}
CRITICAL - 2022-03-13 09:43:23 --> syntax error, unexpected 'public' (T_PUBLIC), expecting end of file
#0 W:\domains\thuduc.com.va\vendor\codeigniter4\framework\system\Common.php(1119): CodeIgniter\View\View->render('backend/product...', Array, true)
#1 W:\domains\thuduc.com.va\app\Views\backend\product\product\update.php(12): view('backend/product...', Array)
#2 W:\domains\thuduc.com.va\vendor\codeigniter4\framework\system\View\View.php(246): include('W:\\domains\\thud...')
#3 W:\domains\thuduc.com.va\vendor\codeigniter4\framework\system\Common.php(1119): CodeIgniter\View\View->render('backend/product...', Array, true)
#4 W:\domains\thuduc.com.va\app\Views\backend\dashboard\layout\home.php(44): view('backend/product...')
#5 W:\domains\thuduc.com.va\vendor\codeigniter4\framework\system\View\View.php(246): include('W:\\domains\\thud...')
#6 W:\domains\thuduc.com.va\vendor\codeigniter4\framework\system\Common.php(1119): CodeIgniter\View\View->render('backend/dashboa...', Array, true)
#7 W:\domains\thuduc.com.va\app\Controllers\Backend\Product\Product.php(272): view('backend/dashboa...', Array)
#8 W:\domains\thuduc.com.va\vendor\codeigniter4\framework\system\CodeIgniter.php(918): App\Controllers\Backend\Product\Product->update(5)
#9 W:\domains\thuduc.com.va\vendor\codeigniter4\framework\system\CodeIgniter.php(404): CodeIgniter\CodeIgniter->runController(Object(App\Controllers\Backend\Product\Product))
#10 W:\domains\thuduc.com.va\vendor\codeigniter4\framework\system\CodeIgniter.php(312): CodeIgniter\CodeIgniter->handleRequest(NULL, Object(Config\Cache), false)
#11 W:\domains\thuduc.com.va\index.php(48): CodeIgniter\CodeIgniter->run()
#12 {main}
CRITICAL - 2022-03-13 09:43:28 --> Undefined variable: model
#0 W:\domains\thuduc.com.va\app\Views\backend\product\product\store.php(41): CodeIgniter\Debug\Exceptions->errorHandler(8, 'Undefined varia...', 'W:\\domains\\thud...', 41, Array)
#1 W:\domains\thuduc.com.va\app\Views\backend\product\product\store.php(32): condition_catalogue('12')
#2 W:\domains\thuduc.com.va\vendor\codeigniter4\framework\system\View\View.php(246): include('W:\\domains\\thud...')
#3 W:\domains\thuduc.com.va\vendor\codeigniter4\framework\system\Common.php(1119): CodeIgniter\View\View->render('backend/product...', Array, true)
#4 W:\domains\thuduc.com.va\app\Views\backend\product\product\update.php(12): view('backend/product...', Array)
#5 W:\domains\thuduc.com.va\vendor\codeigniter4\framework\system\View\View.php(246): include('W:\\domains\\thud...')
#6 W:\domains\thuduc.com.va\vendor\codeigniter4\framework\system\Common.php(1119): CodeIgniter\View\View->render('backend/product...', Array, true)
#7 W:\domains\thuduc.com.va\app\Views\backend\dashboard\layout\home.php(44): view('backend/product...')
#8 W:\domains\thuduc.com.va\vendor\codeigniter4\framework\system\View\View.php(246): include('W:\\domains\\thud...')
#9 W:\domains\thuduc.com.va\vendor\codeigniter4\framework\system\Common.php(1119): CodeIgniter\View\View->render('backend/dashboa...', Array, true)
#10 W:\domains\thuduc.com.va\app\Controllers\Backend\Product\Product.php(272): view('backend/dashboa...', Array)
#11 W:\domains\thuduc.com.va\vendor\codeigniter4\framework\system\CodeIgniter.php(918): App\Controllers\Backend\Product\Product->update(5)
#12 W:\domains\thuduc.com.va\vendor\codeigniter4\framework\system\CodeIgniter.php(404): CodeIgniter\CodeIgniter->runController(Object(App\Controllers\Backend\Product\Product))
#13 W:\domains\thuduc.com.va\vendor\codeigniter4\framework\system\CodeIgniter.php(312): CodeIgniter\CodeIgniter->handleRequest(NULL, Object(Config\Cache), false)
#14 W:\domains\thuduc.com.va\index.php(48): CodeIgniter\CodeIgniter->run()
#15 {main}
CRITICAL - 2022-03-13 09:43:43 --> Undefined variable: model
#0 W:\domains\thuduc.com.va\app\Views\backend\product\product\store.php(40): CodeIgniter\Debug\Exceptions->errorHandler(8, 'Undefined varia...', 'W:\\domains\\thud...', 40, Array)
#1 W:\domains\thuduc.com.va\app\Views\backend\product\product\store.php(31): condition_catalogue('12')
#2 W:\domains\thuduc.com.va\vendor\codeigniter4\framework\system\View\View.php(246): include('W:\\domains\\thud...')
#3 W:\domains\thuduc.com.va\vendor\codeigniter4\framework\system\Common.php(1119): CodeIgniter\View\View->render('backend/product...', Array, true)
#4 W:\domains\thuduc.com.va\app\Views\backend\product\product\update.php(12): view('backend/product...', Array)
#5 W:\domains\thuduc.com.va\vendor\codeigniter4\framework\system\View\View.php(246): include('W:\\domains\\thud...')
#6 W:\domains\thuduc.com.va\vendor\codeigniter4\framework\system\Common.php(1119): CodeIgniter\View\View->render('backend/product...', Array, true)
#7 W:\domains\thuduc.com.va\app\Views\backend\dashboard\layout\home.php(44): view('backend/product...')
#8 W:\domains\thuduc.com.va\vendor\codeigniter4\framework\system\View\View.php(246): include('W:\\domains\\thud...')
#9 W:\domains\thuduc.com.va\vendor\codeigniter4\framework\system\Common.php(1119): CodeIgniter\View\View->render('backend/dashboa...', Array, true)
#10 W:\domains\thuduc.com.va\app\Controllers\Backend\Product\Product.php(272): view('backend/dashboa...', Array)
#11 W:\domains\thuduc.com.va\vendor\codeigniter4\framework\system\CodeIgniter.php(918): App\Controllers\Backend\Product\Product->update(5)
#12 W:\domains\thuduc.com.va\vendor\codeigniter4\framework\system\CodeIgniter.php(404): CodeIgniter\CodeIgniter->runController(Object(App\Controllers\Backend\Product\Product))
#13 W:\domains\thuduc.com.va\vendor\codeigniter4\framework\system\CodeIgniter.php(312): CodeIgniter\CodeIgniter->handleRequest(NULL, Object(Config\Cache), false)
#14 W:\domains\thuduc.com.va\index.php(48): CodeIgniter\CodeIgniter->run()
#15 {main}
CRITICAL - 2022-03-13 09:43:53 --> Undefined variable: language
#0 W:\domains\thuduc.com.va\app\Views\backend\product\product\store.php(46): CodeIgniter\Debug\Exceptions->errorHandler(8, 'Undefined varia...', 'W:\\domains\\thud...', 46, Array)
#1 W:\domains\thuduc.com.va\app\Views\backend\product\product\store.php(31): condition_catalogue('12')
#2 W:\domains\thuduc.com.va\vendor\codeigniter4\framework\system\View\View.php(246): include('W:\\domains\\thud...')
#3 W:\domains\thuduc.com.va\vendor\codeigniter4\framework\system\Common.php(1119): CodeIgniter\View\View->render('backend/product...', Array, true)
#4 W:\domains\thuduc.com.va\app\Views\backend\product\product\update.php(12): view('backend/product...', Array)
#5 W:\domains\thuduc.com.va\vendor\codeigniter4\framework\system\View\View.php(246): include('W:\\domains\\thud...')
#6 W:\domains\thuduc.com.va\vendor\codeigniter4\framework\system\Common.php(1119): CodeIgniter\View\View->render('backend/product...', Array, true)
#7 W:\domains\thuduc.com.va\app\Views\backend\dashboard\layout\home.php(44): view('backend/product...')
#8 W:\domains\thuduc.com.va\vendor\codeigniter4\framework\system\View\View.php(246): include('W:\\domains\\thud...')
#9 W:\domains\thuduc.com.va\vendor\codeigniter4\framework\system\Common.php(1119): CodeIgniter\View\View->render('backend/dashboa...', Array, true)
#10 W:\domains\thuduc.com.va\app\Controllers\Backend\Product\Product.php(272): view('backend/dashboa...', Array)
#11 W:\domains\thuduc.com.va\vendor\codeigniter4\framework\system\CodeIgniter.php(918): App\Controllers\Backend\Product\Product->update(5)
#12 W:\domains\thuduc.com.va\vendor\codeigniter4\framework\system\CodeIgniter.php(404): CodeIgniter\CodeIgniter->runController(Object(App\Controllers\Backend\Product\Product))
#13 W:\domains\thuduc.com.va\vendor\codeigniter4\framework\system\CodeIgniter.php(312): CodeIgniter\CodeIgniter->handleRequest(NULL, Object(Config\Cache), false)
#14 W:\domains\thuduc.com.va\index.php(48): CodeIgniter\CodeIgniter->run()
#15 {main}
CRITICAL - 2022-03-13 09:44:10 --> Undefined variable: baseController
#0 W:\domains\thuduc.com.va\app\Views\backend\product\product\store.php(40): CodeIgniter\Debug\Exceptions->errorHandler(8, 'Undefined varia...', 'W:\\domains\\thud...', 40, Array)
#1 W:\domains\thuduc.com.va\app\Views\backend\product\product\store.php(31): condition_catalogue('12')
#2 W:\domains\thuduc.com.va\vendor\codeigniter4\framework\system\View\View.php(246): include('W:\\domains\\thud...')
#3 W:\domains\thuduc.com.va\vendor\codeigniter4\framework\system\Common.php(1119): CodeIgniter\View\View->render('backend/product...', Array, true)
#4 W:\domains\thuduc.com.va\app\Views\backend\product\product\update.php(12): view('backend/product...', Array)
#5 W:\domains\thuduc.com.va\vendor\codeigniter4\framework\system\View\View.php(246): include('W:\\domains\\thud...')
#6 W:\domains\thuduc.com.va\vendor\codeigniter4\framework\system\Common.php(1119): CodeIgniter\View\View->render('backend/product...', Array, true)
#7 W:\domains\thuduc.com.va\app\Views\backend\dashboard\layout\home.php(44): view('backend/product...')
#8 W:\domains\thuduc.com.va\vendor\codeigniter4\framework\system\View\View.php(246): include('W:\\domains\\thud...')
#9 W:\domains\thuduc.com.va\vendor\codeigniter4\framework\system\Common.php(1119): CodeIgniter\View\View->render('backend/dashboa...', Array, true)
#10 W:\domains\thuduc.com.va\app\Controllers\Backend\Product\Product.php(272): view('backend/dashboa...', Array)
#11 W:\domains\thuduc.com.va\vendor\codeigniter4\framework\system\CodeIgniter.php(918): App\Controllers\Backend\Product\Product->update(5)
#12 W:\domains\thuduc.com.va\vendor\codeigniter4\framework\system\CodeIgniter.php(404): CodeIgniter\CodeIgniter->runController(Object(App\Controllers\Backend\Product\Product))
#13 W:\domains\thuduc.com.va\vendor\codeigniter4\framework\system\CodeIgniter.php(312): CodeIgniter\CodeIgniter->handleRequest(NULL, Object(Config\Cache), false)
#14 W:\domains\thuduc.com.va\index.php(48): CodeIgniter\CodeIgniter->run()
#15 {main}
CRITICAL - 2022-03-13 10:19:40 --> Call to undefined function App\Controllers\Backend\Product\json_encodede()
#0 W:\domains\thuduc.com.va\app\Controllers\Backend\Product\Product.php(221): App\Controllers\Backend\Product\Product->storeLanguage(5)
#1 W:\domains\thuduc.com.va\vendor\codeigniter4\framework\system\CodeIgniter.php(918): App\Controllers\Backend\Product\Product->update(5)
#2 W:\domains\thuduc.com.va\vendor\codeigniter4\framework\system\CodeIgniter.php(404): CodeIgniter\CodeIgniter->runController(Object(App\Controllers\Backend\Product\Product))
#3 W:\domains\thuduc.com.va\vendor\codeigniter4\framework\system\CodeIgniter.php(312): CodeIgniter\CodeIgniter->handleRequest(NULL, Object(Config\Cache), false)
#4 W:\domains\thuduc.com.va\index.php(48): CodeIgniter\CodeIgniter->run()
#5 {main}
