CRITICAL - 2022-03-12 07:39:40 --> Undefined variable: sanpham
#0 W:\domains\thuduc.com.va\app\Views\frontend\homepage\home\index.php(47): CodeIgniter\Debug\Exceptions->errorHandler(8, 'Undefined varia...', 'W:\\domains\\thud...', 47, Array)
#1 W:\domains\thuduc.com.va\vendor\codeigniter4\framework\system\View\View.php(246): include('W:\\domains\\thud...')
#2 W:\domains\thuduc.com.va\vendor\codeigniter4\framework\system\Common.php(1119): CodeIgniter\View\View->render('frontend/homepa...', Array, true)
#3 W:\domains\thuduc.com.va\app\Views\frontend\homepage\layout\home.php(72): view('frontend/homepa...')
#4 W:\domains\thuduc.com.va\vendor\codeigniter4\framework\system\View\View.php(246): include('W:\\domains\\thud...')
#5 W:\domains\thuduc.com.va\vendor\codeigniter4\framework\system\Common.php(1119): CodeIgniter\View\View->render('frontend/homepa...', Array, true)
#6 W:\domains\thuduc.com.va\app\Controllers\Frontend\Homepage\Home.php(92): view('frontend/homepa...', Array)
#7 W:\domains\thuduc.com.va\vendor\codeigniter4\framework\system\CodeIgniter.php(918): App\Controllers\Frontend\Homepage\Home->index()
#8 W:\domains\thuduc.com.va\vendor\codeigniter4\framework\system\CodeIgniter.php(404): CodeIgniter\CodeIgniter->runController(Object(App\Controllers\Frontend\Homepage\Home))
#9 W:\domains\thuduc.com.va\vendor\codeigniter4\framework\system\CodeIgniter.php(312): CodeIgniter\CodeIgniter->handleRequest(NULL, Object(Config\Cache), false)
#10 W:\domains\thuduc.com.va\index.php(48): CodeIgniter\CodeIgniter->run()
#11 {main}
CRITICAL - 2022-03-12 07:40:11 --> Undefined variable: sanpham
#0 W:\domains\thuduc.com.va\app\Views\frontend\homepage\home\index.php(47): CodeIgniter\Debug\Exceptions->errorHandler(8, 'Undefined varia...', 'W:\\domains\\thud...', 47, Array)
#1 W:\domains\thuduc.com.va\vendor\codeigniter4\framework\system\View\View.php(246): include('W:\\domains\\thud...')
#2 W:\domains\thuduc.com.va\vendor\codeigniter4\framework\system\Common.php(1119): CodeIgniter\View\View->render('frontend/homepa...', Array, true)
#3 W:\domains\thuduc.com.va\app\Views\frontend\homepage\layout\home.php(72): view('frontend/homepa...')
#4 W:\domains\thuduc.com.va\vendor\codeigniter4\framework\system\View\View.php(246): include('W:\\domains\\thud...')
#5 W:\domains\thuduc.com.va\vendor\codeigniter4\framework\system\Common.php(1119): CodeIgniter\View\View->render('frontend/homepa...', Array, true)
#6 W:\domains\thuduc.com.va\app\Controllers\Frontend\Homepage\Home.php(92): view('frontend/homepa...', Array)
#7 W:\domains\thuduc.com.va\vendor\codeigniter4\framework\system\CodeIgniter.php(918): App\Controllers\Frontend\Homepage\Home->index()
#8 W:\domains\thuduc.com.va\vendor\codeigniter4\framework\system\CodeIgniter.php(404): CodeIgniter\CodeIgniter->runController(Object(App\Controllers\Frontend\Homepage\Home))
#9 W:\domains\thuduc.com.va\vendor\codeigniter4\framework\system\CodeIgniter.php(312): CodeIgniter\CodeIgniter->handleRequest(NULL, Object(Config\Cache), false)
#10 W:\domains\thuduc.com.va\index.php(48): CodeIgniter\CodeIgniter->run()
#11 {main}
CRITICAL - 2022-03-12 07:41:17 --> Undefined variable: i
#0 W:\domains\thuduc.com.va\app\Views\frontend\homepage\home\index.php(49): CodeIgniter\Debug\Exceptions->errorHandler(8, 'Undefined varia...', 'W:\\domains\\thud...', 49, Array)
#1 W:\domains\thuduc.com.va\vendor\codeigniter4\framework\system\View\View.php(246): include('W:\\domains\\thud...')
#2 W:\domains\thuduc.com.va\vendor\codeigniter4\framework\system\Common.php(1119): CodeIgniter\View\View->render('frontend/homepa...', Array, true)
#3 W:\domains\thuduc.com.va\app\Views\frontend\homepage\layout\home.php(72): view('frontend/homepa...')
#4 W:\domains\thuduc.com.va\vendor\codeigniter4\framework\system\View\View.php(246): include('W:\\domains\\thud...')
#5 W:\domains\thuduc.com.va\vendor\codeigniter4\framework\system\Common.php(1119): CodeIgniter\View\View->render('frontend/homepa...', Array, true)
#6 W:\domains\thuduc.com.va\app\Controllers\Frontend\Homepage\Home.php(92): view('frontend/homepa...', Array)
#7 W:\domains\thuduc.com.va\vendor\codeigniter4\framework\system\CodeIgniter.php(918): App\Controllers\Frontend\Homepage\Home->index()
#8 W:\domains\thuduc.com.va\vendor\codeigniter4\framework\system\CodeIgniter.php(404): CodeIgniter\CodeIgniter->runController(Object(App\Controllers\Frontend\Homepage\Home))
#9 W:\domains\thuduc.com.va\vendor\codeigniter4\framework\system\CodeIgniter.php(312): CodeIgniter\CodeIgniter->handleRequest(NULL, Object(Config\Cache), false)
#10 W:\domains\thuduc.com.va\index.php(48): CodeIgniter\CodeIgniter->run()
#11 {main}
CRITICAL - 2022-03-12 07:41:21 --> Undefined variable: i
#0 W:\domains\thuduc.com.va\app\Views\frontend\homepage\home\index.php(49): CodeIgniter\Debug\Exceptions->errorHandler(8, 'Undefined varia...', 'W:\\domains\\thud...', 49, Array)
#1 W:\domains\thuduc.com.va\vendor\codeigniter4\framework\system\View\View.php(246): include('W:\\domains\\thud...')
#2 W:\domains\thuduc.com.va\vendor\codeigniter4\framework\system\Common.php(1119): CodeIgniter\View\View->render('frontend/homepa...', Array, true)
#3 W:\domains\thuduc.com.va\app\Views\frontend\homepage\layout\home.php(72): view('frontend/homepa...')
#4 W:\domains\thuduc.com.va\vendor\codeigniter4\framework\system\View\View.php(246): include('W:\\domains\\thud...')
#5 W:\domains\thuduc.com.va\vendor\codeigniter4\framework\system\Common.php(1119): CodeIgniter\View\View->render('frontend/homepa...', Array, true)
#6 W:\domains\thuduc.com.va\app\Controllers\Frontend\Homepage\Home.php(92): view('frontend/homepa...', Array)
#7 W:\domains\thuduc.com.va\vendor\codeigniter4\framework\system\CodeIgniter.php(918): App\Controllers\Frontend\Homepage\Home->index()
#8 W:\domains\thuduc.com.va\vendor\codeigniter4\framework\system\CodeIgniter.php(404): CodeIgniter\CodeIgniter->runController(Object(App\Controllers\Frontend\Homepage\Home))
#9 W:\domains\thuduc.com.va\vendor\codeigniter4\framework\system\CodeIgniter.php(312): CodeIgniter\CodeIgniter->handleRequest(NULL, Object(Config\Cache), false)
#10 W:\domains\thuduc.com.va\index.php(48): CodeIgniter\CodeIgniter->run()
#11 {main}
CRITICAL - 2022-03-12 10:22:11 --> unlink(W:\domains\thuduc.com.va\writable\debugbar/debugbar_1647102005.json): No such file or directory
#0 [internal function]: CodeIgniter\Debug\Exceptions->errorHandler(2, 'unlink(W:\\domai...', 'W:\\domains\\thud...', 106, Array)
#1 W:\domains\thuduc.com.va\vendor\codeigniter4\framework\system\Debug\Toolbar\Collectors\History.php(106): unlink('W:\\domains\\thud...')
#2 W:\domains\thuduc.com.va\vendor\codeigniter4\framework\system\Debug\Toolbar.php(483): CodeIgniter\Debug\Toolbar\Collectors\History->setFiles(1647102125, 20)
#3 W:\domains\thuduc.com.va\vendor\codeigniter4\framework\system\Debug\Toolbar.php(455): CodeIgniter\Debug\Toolbar->format(Array, 'html')
#4 W:\domains\thuduc.com.va\app\Config\Events.php(44): CodeIgniter\Debug\Toolbar->respond()
#5 [internal function]: CodeIgniter\Events\Events::Config\{closure}()
#6 W:\domains\thuduc.com.va\vendor\codeigniter4\framework\system\Events\Events.php(188): call_user_func(Object(Closure))
#7 W:\domains\thuduc.com.va\vendor\codeigniter4\framework\system\CodeIgniter.php(293): CodeIgniter\Events\Events::trigger('pre_system')
#8 W:\domains\thuduc.com.va\index.php(48): CodeIgniter\CodeIgniter->run()
#9 {main}
CRITICAL - 2022-03-12 10:50:44 --> syntax error, unexpected '}', expecting end of file
#0 W:\domains\thuduc.com.va\vendor\codeigniter4\framework\system\Common.php(1119): CodeIgniter\View\View->render('backend/product...', Array, true)
#1 W:\domains\thuduc.com.va\app\Views\backend\product\product\update.php(12): view('backend/product...', Array)
#2 W:\domains\thuduc.com.va\vendor\codeigniter4\framework\system\View\View.php(246): include('W:\\domains\\thud...')
#3 W:\domains\thuduc.com.va\vendor\codeigniter4\framework\system\Common.php(1119): CodeIgniter\View\View->render('backend/product...', Array, true)
#4 W:\domains\thuduc.com.va\app\Views\backend\dashboard\layout\home.php(44): view('backend/product...')
#5 W:\domains\thuduc.com.va\vendor\codeigniter4\framework\system\View\View.php(246): include('W:\\domains\\thud...')
#6 W:\domains\thuduc.com.va\vendor\codeigniter4\framework\system\Common.php(1119): CodeIgniter\View\View->render('backend/dashboa...', Array, true)
#7 W:\domains\thuduc.com.va\app\Controllers\Backend\Product\Product.php(272): view('backend/dashboa...', Array)
#8 W:\domains\thuduc.com.va\vendor\codeigniter4\framework\system\CodeIgniter.php(918): App\Controllers\Backend\Product\Product->update(5)
#9 W:\domains\thuduc.com.va\vendor\codeigniter4\framework\system\CodeIgniter.php(404): CodeIgniter\CodeIgniter->runController(Object(App\Controllers\Backend\Product\Product))
#10 W:\domains\thuduc.com.va\vendor\codeigniter4\framework\system\CodeIgniter.php(312): CodeIgniter\CodeIgniter->handleRequest(NULL, Object(Config\Cache), false)
#11 W:\domains\thuduc.com.va\index.php(48): CodeIgniter\CodeIgniter->run()
#12 {main}
CRITICAL - 2022-03-12 10:50:52 --> Call to undefined function get_general()
#0 W:\domains\thuduc.com.va\vendor\codeigniter4\framework\system\View\View.php(246): include()
#1 W:\domains\thuduc.com.va\vendor\codeigniter4\framework\system\Common.php(1119): CodeIgniter\View\View->render('backend/product...', Array, true)
#2 W:\domains\thuduc.com.va\app\Views\backend\product\product\update.php(12): view('backend/product...', Array)
#3 W:\domains\thuduc.com.va\vendor\codeigniter4\framework\system\View\View.php(246): include('W:\\domains\\thud...')
#4 W:\domains\thuduc.com.va\vendor\codeigniter4\framework\system\Common.php(1119): CodeIgniter\View\View->render('backend/product...', Array, true)
#5 W:\domains\thuduc.com.va\app\Views\backend\dashboard\layout\home.php(44): view('backend/product...')
#6 W:\domains\thuduc.com.va\vendor\codeigniter4\framework\system\View\View.php(246): include('W:\\domains\\thud...')
#7 W:\domains\thuduc.com.va\vendor\codeigniter4\framework\system\Common.php(1119): CodeIgniter\View\View->render('backend/dashboa...', Array, true)
#8 W:\domains\thuduc.com.va\app\Controllers\Backend\Product\Product.php(272): view('backend/dashboa...', Array)
#9 W:\domains\thuduc.com.va\vendor\codeigniter4\framework\system\CodeIgniter.php(918): App\Controllers\Backend\Product\Product->update(5)
#10 W:\domains\thuduc.com.va\vendor\codeigniter4\framework\system\CodeIgniter.php(404): CodeIgniter\CodeIgniter->runController(Object(App\Controllers\Backend\Product\Product))
#11 W:\domains\thuduc.com.va\vendor\codeigniter4\framework\system\CodeIgniter.php(312): CodeIgniter\CodeIgniter->handleRequest(NULL, Object(Config\Cache), false)
#12 W:\domains\thuduc.com.va\index.php(48): CodeIgniter\CodeIgniter->run()
#13 {main}
CRITICAL - 2022-03-12 10:51:13 --> Call to undefined method CodeIgniter\View\View::currentLanguage()
#0 W:\domains\thuduc.com.va\vendor\codeigniter4\framework\system\View\View.php(246): include()
#1 W:\domains\thuduc.com.va\vendor\codeigniter4\framework\system\Common.php(1119): CodeIgniter\View\View->render('backend/product...', Array, true)
#2 W:\domains\thuduc.com.va\app\Views\backend\product\product\update.php(12): view('backend/product...', Array)
#3 W:\domains\thuduc.com.va\vendor\codeigniter4\framework\system\View\View.php(246): include('W:\\domains\\thud...')
#4 W:\domains\thuduc.com.va\vendor\codeigniter4\framework\system\Common.php(1119): CodeIgniter\View\View->render('backend/product...', Array, true)
#5 W:\domains\thuduc.com.va\app\Views\backend\dashboard\layout\home.php(44): view('backend/product...')
#6 W:\domains\thuduc.com.va\vendor\codeigniter4\framework\system\View\View.php(246): include('W:\\domains\\thud...')
#7 W:\domains\thuduc.com.va\vendor\codeigniter4\framework\system\Common.php(1119): CodeIgniter\View\View->render('backend/dashboa...', Array, true)
#8 W:\domains\thuduc.com.va\app\Controllers\Backend\Product\Product.php(272): view('backend/dashboa...', Array)
#9 W:\domains\thuduc.com.va\vendor\codeigniter4\framework\system\CodeIgniter.php(918): App\Controllers\Backend\Product\Product->update(5)
#10 W:\domains\thuduc.com.va\vendor\codeigniter4\framework\system\CodeIgniter.php(404): CodeIgniter\CodeIgniter->runController(Object(App\Controllers\Backend\Product\Product))
#11 W:\domains\thuduc.com.va\vendor\codeigniter4\framework\system\CodeIgniter.php(312): CodeIgniter\CodeIgniter->handleRequest(NULL, Object(Config\Cache), false)
#12 W:\domains\thuduc.com.va\index.php(48): CodeIgniter\CodeIgniter->run()
#13 {main}
CRITICAL - 2022-03-12 10:55:18 --> syntax error, unexpected ')', expecting ',' or ';'
#0 W:\domains\thuduc.com.va\vendor\codeigniter4\framework\system\Common.php(1119): CodeIgniter\View\View->render('backend/product...', Array, true)
#1 W:\domains\thuduc.com.va\app\Views\backend\product\product\update.php(12): view('backend/product...', Array)
#2 W:\domains\thuduc.com.va\vendor\codeigniter4\framework\system\View\View.php(246): include('W:\\domains\\thud...')
#3 W:\domains\thuduc.com.va\vendor\codeigniter4\framework\system\Common.php(1119): CodeIgniter\View\View->render('backend/product...', Array, true)
#4 W:\domains\thuduc.com.va\app\Views\backend\dashboard\layout\home.php(44): view('backend/product...')
#5 W:\domains\thuduc.com.va\vendor\codeigniter4\framework\system\View\View.php(246): include('W:\\domains\\thud...')
#6 W:\domains\thuduc.com.va\vendor\codeigniter4\framework\system\Common.php(1119): CodeIgniter\View\View->render('backend/dashboa...', Array, true)
#7 W:\domains\thuduc.com.va\app\Controllers\Backend\Product\Product.php(272): view('backend/dashboa...', Array)
#8 W:\domains\thuduc.com.va\vendor\codeigniter4\framework\system\CodeIgniter.php(918): App\Controllers\Backend\Product\Product->update(5)
#9 W:\domains\thuduc.com.va\vendor\codeigniter4\framework\system\CodeIgniter.php(404): CodeIgniter\CodeIgniter->runController(Object(App\Controllers\Backend\Product\Product))
#10 W:\domains\thuduc.com.va\vendor\codeigniter4\framework\system\CodeIgniter.php(312): CodeIgniter\CodeIgniter->handleRequest(NULL, Object(Config\Cache), false)
#11 W:\domains\thuduc.com.va\index.php(48): CodeIgniter\CodeIgniter->run()
#12 {main}
