CRITICAL - 2022-03-14 03:23:54 --> syntax error, unexpected end of file
#0 W:\domains\thuduc.com.va\vendor\codeigniter4\framework\system\Common.php(1119): CodeIgniter\View\View->render('frontend/homepa...', Array, true)
#1 W:\domains\thuduc.com.va\app\Views\frontend\homepage\home\index.php(107): view('frontend/homepa...')
#2 W:\domains\thuduc.com.va\vendor\codeigniter4\framework\system\View\View.php(246): include('W:\\domains\\thud...')
#3 W:\domains\thuduc.com.va\vendor\codeigniter4\framework\system\Common.php(1119): CodeIgniter\View\View->render('frontend/homepa...', Array, true)
#4 W:\domains\thuduc.com.va\app\Views\frontend\homepage\layout\home.php(71): view('frontend/homepa...')
#5 W:\domains\thuduc.com.va\vendor\codeigniter4\framework\system\View\View.php(246): include('W:\\domains\\thud...')
#6 W:\domains\thuduc.com.va\vendor\codeigniter4\framework\system\Common.php(1119): CodeIgniter\View\View->render('frontend/homepa...', Array, true)
#7 W:\domains\thuduc.com.va\app\Controllers\Frontend\Homepage\Home.php(53): view('frontend/homepa...', Array)
#8 W:\domains\thuduc.com.va\vendor\codeigniter4\framework\system\CodeIgniter.php(918): App\Controllers\Frontend\Homepage\Home->index()
#9 W:\domains\thuduc.com.va\vendor\codeigniter4\framework\system\CodeIgniter.php(404): CodeIgniter\CodeIgniter->runController(Object(App\Controllers\Frontend\Homepage\Home))
#10 W:\domains\thuduc.com.va\vendor\codeigniter4\framework\system\CodeIgniter.php(312): CodeIgniter\CodeIgniter->handleRequest(NULL, Object(Config\Cache), false)
#11 W:\domains\thuduc.com.va\index.php(48): CodeIgniter\CodeIgniter->run()
#12 {main}
CRITICAL - 2022-03-14 03:23:59 --> syntax error, unexpected end of file
#0 W:\domains\thuduc.com.va\vendor\codeigniter4\framework\system\Common.php(1119): CodeIgniter\View\View->render('frontend/homepa...', Array, true)
#1 W:\domains\thuduc.com.va\app\Views\frontend\homepage\home\index.php(107): view('frontend/homepa...')
#2 W:\domains\thuduc.com.va\vendor\codeigniter4\framework\system\View\View.php(246): include('W:\\domains\\thud...')
#3 W:\domains\thuduc.com.va\vendor\codeigniter4\framework\system\Common.php(1119): CodeIgniter\View\View->render('frontend/homepa...', Array, true)
#4 W:\domains\thuduc.com.va\app\Views\frontend\homepage\layout\home.php(71): view('frontend/homepa...')
#5 W:\domains\thuduc.com.va\vendor\codeigniter4\framework\system\View\View.php(246): include('W:\\domains\\thud...')
#6 W:\domains\thuduc.com.va\vendor\codeigniter4\framework\system\Common.php(1119): CodeIgniter\View\View->render('frontend/homepa...', Array, true)
#7 W:\domains\thuduc.com.va\app\Controllers\Frontend\Homepage\Home.php(53): view('frontend/homepa...', Array)
#8 W:\domains\thuduc.com.va\vendor\codeigniter4\framework\system\CodeIgniter.php(918): App\Controllers\Frontend\Homepage\Home->index()
#9 W:\domains\thuduc.com.va\vendor\codeigniter4\framework\system\CodeIgniter.php(404): CodeIgniter\CodeIgniter->runController(Object(App\Controllers\Frontend\Homepage\Home))
#10 W:\domains\thuduc.com.va\vendor\codeigniter4\framework\system\CodeIgniter.php(312): CodeIgniter\CodeIgniter->handleRequest(NULL, Object(Config\Cache), false)
#11 W:\domains\thuduc.com.va\index.php(48): CodeIgniter\CodeIgniter->run()
#12 {main}
CRITICAL - 2022-03-14 04:04:34 --> Undefined index: type
#0 W:\domains\thuduc.com.va\app\Views\frontend\homepage\home\index.php(119): CodeIgniter\Debug\Exceptions->errorHandler(8, 'Undefined index...', 'W:\\domains\\thud...', 119, Array)
#1 W:\domains\thuduc.com.va\vendor\codeigniter4\framework\system\View\View.php(246): include('W:\\domains\\thud...')
#2 W:\domains\thuduc.com.va\vendor\codeigniter4\framework\system\Common.php(1119): CodeIgniter\View\View->render('frontend/homepa...', Array, true)
#3 W:\domains\thuduc.com.va\app\Views\frontend\homepage\layout\home.php(71): view('frontend/homepa...')
#4 W:\domains\thuduc.com.va\vendor\codeigniter4\framework\system\View\View.php(246): include('W:\\domains\\thud...')
#5 W:\domains\thuduc.com.va\vendor\codeigniter4\framework\system\Common.php(1119): CodeIgniter\View\View->render('frontend/homepa...', Array, true)
#6 W:\domains\thuduc.com.va\app\Controllers\Frontend\Homepage\Home.php(42): view('frontend/homepa...', Array)
#7 W:\domains\thuduc.com.va\vendor\codeigniter4\framework\system\CodeIgniter.php(918): App\Controllers\Frontend\Homepage\Home->index()
#8 W:\domains\thuduc.com.va\vendor\codeigniter4\framework\system\CodeIgniter.php(404): CodeIgniter\CodeIgniter->runController(Object(App\Controllers\Frontend\Homepage\Home))
#9 W:\domains\thuduc.com.va\vendor\codeigniter4\framework\system\CodeIgniter.php(312): CodeIgniter\CodeIgniter->handleRequest(NULL, Object(Config\Cache), false)
#10 W:\domains\thuduc.com.va\index.php(48): CodeIgniter\CodeIgniter->run()
#11 {main}
CRITICAL - 2022-03-14 04:04:58 --> Undefined index: type
#0 W:\domains\thuduc.com.va\app\Views\frontend\homepage\home\index.php(119): CodeIgniter\Debug\Exceptions->errorHandler(8, 'Undefined index...', 'W:\\domains\\thud...', 119, Array)
#1 W:\domains\thuduc.com.va\vendor\codeigniter4\framework\system\View\View.php(246): include('W:\\domains\\thud...')
#2 W:\domains\thuduc.com.va\vendor\codeigniter4\framework\system\Common.php(1119): CodeIgniter\View\View->render('frontend/homepa...', Array, true)
#3 W:\domains\thuduc.com.va\app\Views\frontend\homepage\layout\home.php(71): view('frontend/homepa...')
#4 W:\domains\thuduc.com.va\vendor\codeigniter4\framework\system\View\View.php(246): include('W:\\domains\\thud...')
#5 W:\domains\thuduc.com.va\vendor\codeigniter4\framework\system\Common.php(1119): CodeIgniter\View\View->render('frontend/homepa...', Array, true)
#6 W:\domains\thuduc.com.va\app\Controllers\Frontend\Homepage\Home.php(42): view('frontend/homepa...', Array)
#7 W:\domains\thuduc.com.va\vendor\codeigniter4\framework\system\CodeIgniter.php(918): App\Controllers\Frontend\Homepage\Home->index()
#8 W:\domains\thuduc.com.va\vendor\codeigniter4\framework\system\CodeIgniter.php(404): CodeIgniter\CodeIgniter->runController(Object(App\Controllers\Frontend\Homepage\Home))
#9 W:\domains\thuduc.com.va\vendor\codeigniter4\framework\system\CodeIgniter.php(312): CodeIgniter\CodeIgniter->handleRequest(NULL, Object(Config\Cache), false)
#10 W:\domains\thuduc.com.va\index.php(48): CodeIgniter\CodeIgniter->run()
#11 {main}
CRITICAL - 2022-03-14 04:04:59 --> Undefined index: type
#0 W:\domains\thuduc.com.va\app\Views\frontend\homepage\home\index.php(119): CodeIgniter\Debug\Exceptions->errorHandler(8, 'Undefined index...', 'W:\\domains\\thud...', 119, Array)
#1 W:\domains\thuduc.com.va\vendor\codeigniter4\framework\system\View\View.php(246): include('W:\\domains\\thud...')
#2 W:\domains\thuduc.com.va\vendor\codeigniter4\framework\system\Common.php(1119): CodeIgniter\View\View->render('frontend/homepa...', Array, true)
#3 W:\domains\thuduc.com.va\app\Views\frontend\homepage\layout\home.php(71): view('frontend/homepa...')
#4 W:\domains\thuduc.com.va\vendor\codeigniter4\framework\system\View\View.php(246): include('W:\\domains\\thud...')
#5 W:\domains\thuduc.com.va\vendor\codeigniter4\framework\system\Common.php(1119): CodeIgniter\View\View->render('frontend/homepa...', Array, true)
#6 W:\domains\thuduc.com.va\app\Controllers\Frontend\Homepage\Home.php(42): view('frontend/homepa...', Array)
#7 W:\domains\thuduc.com.va\vendor\codeigniter4\framework\system\CodeIgniter.php(918): App\Controllers\Frontend\Homepage\Home->index()
#8 W:\domains\thuduc.com.va\vendor\codeigniter4\framework\system\CodeIgniter.php(404): CodeIgniter\CodeIgniter->runController(Object(App\Controllers\Frontend\Homepage\Home))
#9 W:\domains\thuduc.com.va\vendor\codeigniter4\framework\system\CodeIgniter.php(312): CodeIgniter\CodeIgniter->handleRequest(NULL, Object(Config\Cache), false)
#10 W:\domains\thuduc.com.va\index.php(48): CodeIgniter\CodeIgniter->run()
#11 {main}
CRITICAL - 2022-03-14 04:05:53 --> Undefined index: type
#0 W:\domains\thuduc.com.va\app\Views\frontend\homepage\home\index.php(119): CodeIgniter\Debug\Exceptions->errorHandler(8, 'Undefined index...', 'W:\\domains\\thud...', 119, Array)
#1 W:\domains\thuduc.com.va\vendor\codeigniter4\framework\system\View\View.php(246): include('W:\\domains\\thud...')
#2 W:\domains\thuduc.com.va\vendor\codeigniter4\framework\system\Common.php(1119): CodeIgniter\View\View->render('frontend/homepa...', Array, true)
#3 W:\domains\thuduc.com.va\app\Views\frontend\homepage\layout\home.php(71): view('frontend/homepa...')
#4 W:\domains\thuduc.com.va\vendor\codeigniter4\framework\system\View\View.php(246): include('W:\\domains\\thud...')
#5 W:\domains\thuduc.com.va\vendor\codeigniter4\framework\system\Common.php(1119): CodeIgniter\View\View->render('frontend/homepa...', Array, true)
#6 W:\domains\thuduc.com.va\app\Controllers\Frontend\Homepage\Home.php(42): view('frontend/homepa...', Array)
#7 W:\domains\thuduc.com.va\vendor\codeigniter4\framework\system\CodeIgniter.php(918): App\Controllers\Frontend\Homepage\Home->index()
#8 W:\domains\thuduc.com.va\vendor\codeigniter4\framework\system\CodeIgniter.php(404): CodeIgniter\CodeIgniter->runController(Object(App\Controllers\Frontend\Homepage\Home))
#9 W:\domains\thuduc.com.va\vendor\codeigniter4\framework\system\CodeIgniter.php(312): CodeIgniter\CodeIgniter->handleRequest(NULL, Object(Config\Cache), false)
#10 W:\domains\thuduc.com.va\index.php(48): CodeIgniter\CodeIgniter->run()
#11 {main}
CRITICAL - 2022-03-14 04:11:53 --> Undefined index: model
#0 W:\domains\thuduc.com.va\app\Views\frontend\homepage\home\index.php(121): CodeIgniter\Debug\Exceptions->errorHandler(8, 'Undefined index...', 'W:\\domains\\thud...', 121, Array)
#1 W:\domains\thuduc.com.va\vendor\codeigniter4\framework\system\View\View.php(246): include('W:\\domains\\thud...')
#2 W:\domains\thuduc.com.va\vendor\codeigniter4\framework\system\Common.php(1119): CodeIgniter\View\View->render('frontend/homepa...', Array, true)
#3 W:\domains\thuduc.com.va\app\Views\frontend\homepage\layout\home.php(71): view('frontend/homepa...')
#4 W:\domains\thuduc.com.va\vendor\codeigniter4\framework\system\View\View.php(246): include('W:\\domains\\thud...')
#5 W:\domains\thuduc.com.va\vendor\codeigniter4\framework\system\Common.php(1119): CodeIgniter\View\View->render('frontend/homepa...', Array, true)
#6 W:\domains\thuduc.com.va\app\Controllers\Frontend\Homepage\Home.php(42): view('frontend/homepa...', Array)
#7 W:\domains\thuduc.com.va\vendor\codeigniter4\framework\system\CodeIgniter.php(918): App\Controllers\Frontend\Homepage\Home->index()
#8 W:\domains\thuduc.com.va\vendor\codeigniter4\framework\system\CodeIgniter.php(404): CodeIgniter\CodeIgniter->runController(Object(App\Controllers\Frontend\Homepage\Home))
#9 W:\domains\thuduc.com.va\vendor\codeigniter4\framework\system\CodeIgniter.php(312): CodeIgniter\CodeIgniter->handleRequest(NULL, Object(Config\Cache), false)
#10 W:\domains\thuduc.com.va\index.php(48): CodeIgniter\CodeIgniter->run()
#11 {main}
CRITICAL - 2022-03-14 04:11:58 --> Undefined index: model
#0 W:\domains\thuduc.com.va\app\Views\frontend\homepage\home\index.php(121): CodeIgniter\Debug\Exceptions->errorHandler(8, 'Undefined index...', 'W:\\domains\\thud...', 121, Array)
#1 W:\domains\thuduc.com.va\vendor\codeigniter4\framework\system\View\View.php(246): include('W:\\domains\\thud...')
#2 W:\domains\thuduc.com.va\vendor\codeigniter4\framework\system\Common.php(1119): CodeIgniter\View\View->render('frontend/homepa...', Array, true)
#3 W:\domains\thuduc.com.va\app\Views\frontend\homepage\layout\home.php(71): view('frontend/homepa...')
#4 W:\domains\thuduc.com.va\vendor\codeigniter4\framework\system\View\View.php(246): include('W:\\domains\\thud...')
#5 W:\domains\thuduc.com.va\vendor\codeigniter4\framework\system\Common.php(1119): CodeIgniter\View\View->render('frontend/homepa...', Array, true)
#6 W:\domains\thuduc.com.va\app\Controllers\Frontend\Homepage\Home.php(42): view('frontend/homepa...', Array)
#7 W:\domains\thuduc.com.va\vendor\codeigniter4\framework\system\CodeIgniter.php(918): App\Controllers\Frontend\Homepage\Home->index()
#8 W:\domains\thuduc.com.va\vendor\codeigniter4\framework\system\CodeIgniter.php(404): CodeIgniter\CodeIgniter->runController(Object(App\Controllers\Frontend\Homepage\Home))
#9 W:\domains\thuduc.com.va\vendor\codeigniter4\framework\system\CodeIgniter.php(312): CodeIgniter\CodeIgniter->handleRequest(NULL, Object(Config\Cache), false)
#10 W:\domains\thuduc.com.va\index.php(48): CodeIgniter\CodeIgniter->run()
#11 {main}
CRITICAL - 2022-03-14 08:34:28 --> Undefined index: viewed
#0 W:\domains\thuduc.com.va\app\Views\frontend\homepage\home\index.php(165): CodeIgniter\Debug\Exceptions->errorHandler(8, 'Undefined index...', 'W:\\domains\\thud...', 165, Array)
#1 W:\domains\thuduc.com.va\vendor\codeigniter4\framework\system\View\View.php(246): include('W:\\domains\\thud...')
#2 W:\domains\thuduc.com.va\vendor\codeigniter4\framework\system\Common.php(1119): CodeIgniter\View\View->render('frontend/homepa...', Array, true)
#3 W:\domains\thuduc.com.va\app\Views\frontend\homepage\layout\home.php(71): view('frontend/homepa...')
#4 W:\domains\thuduc.com.va\vendor\codeigniter4\framework\system\View\View.php(246): include('W:\\domains\\thud...')
#5 W:\domains\thuduc.com.va\vendor\codeigniter4\framework\system\Common.php(1119): CodeIgniter\View\View->render('frontend/homepa...', Array, true)
#6 W:\domains\thuduc.com.va\app\Controllers\Frontend\Homepage\Home.php(42): view('frontend/homepa...', Array)
#7 W:\domains\thuduc.com.va\vendor\codeigniter4\framework\system\CodeIgniter.php(918): App\Controllers\Frontend\Homepage\Home->index()
#8 W:\domains\thuduc.com.va\vendor\codeigniter4\framework\system\CodeIgniter.php(404): CodeIgniter\CodeIgniter->runController(Object(App\Controllers\Frontend\Homepage\Home))
#9 W:\domains\thuduc.com.va\vendor\codeigniter4\framework\system\CodeIgniter.php(312): CodeIgniter\CodeIgniter->handleRequest(NULL, Object(Config\Cache), false)
#10 W:\domains\thuduc.com.va\index.php(48): CodeIgniter\CodeIgniter->run()
#11 {main}
CRITICAL - 2022-03-14 08:34:52 --> Undefined index: contact_address_1
#0 W:\domains\thuduc.com.va\app\Views\frontend\article\article\index.php(35): CodeIgniter\Debug\Exceptions->errorHandler(8, 'Undefined index...', 'W:\\domains\\thud...', 35, Array)
#1 W:\domains\thuduc.com.va\vendor\codeigniter4\framework\system\View\View.php(246): include('W:\\domains\\thud...')
#2 W:\domains\thuduc.com.va\vendor\codeigniter4\framework\system\Common.php(1119): CodeIgniter\View\View->render('frontend/articl...', Array, true)
#3 W:\domains\thuduc.com.va\app\Views\frontend\homepage\layout\home.php(71): view('frontend/articl...')
#4 W:\domains\thuduc.com.va\vendor\codeigniter4\framework\system\View\View.php(246): include('W:\\domains\\thud...')
#5 W:\domains\thuduc.com.va\vendor\codeigniter4\framework\system\Common.php(1119): CodeIgniter\View\View->render('frontend/homepa...', Array, true)
#6 W:\domains\thuduc.com.va\app\Controllers\Frontend\Article\Article.php(238): view('frontend/homepa...', Array)
#7 W:\domains\thuduc.com.va\vendor\codeigniter4\framework\system\View\Cell.php(180): App\Controllers\Frontend\Article\Article->index(9, '1')
#8 W:\domains\thuduc.com.va\vendor\codeigniter4\framework\system\Common.php(1140): CodeIgniter\View\Cell->render('\\App\\Controller...', 'id=9, page=1', 0, 'AppControllersF...')
#9 W:\domains\thuduc.com.va\app\Controllers\Frontend\Homepage\Router.php(59): view_cell('\\App\\Controller...', 'id=9, page=1')
#10 W:\domains\thuduc.com.va\vendor\codeigniter4\framework\system\CodeIgniter.php(918): App\Controllers\Frontend\Homepage\Router->index('he-thong-tien-i...')
#11 W:\domains\thuduc.com.va\vendor\codeigniter4\framework\system\CodeIgniter.php(404): CodeIgniter\CodeIgniter->runController(Object(App\Controllers\Frontend\Homepage\Router))
#12 W:\domains\thuduc.com.va\vendor\codeigniter4\framework\system\CodeIgniter.php(312): CodeIgniter\CodeIgniter->handleRequest(NULL, Object(Config\Cache), false)
#13 W:\domains\thuduc.com.va\index.php(48): CodeIgniter\CodeIgniter->run()
#14 {main}
CRITICAL - 2022-03-14 08:41:39 --> Undefined index: contact_address_1
#0 W:\domains\thuduc.com.va\app\Views\frontend\article\article\index.php(35): CodeIgniter\Debug\Exceptions->errorHandler(8, 'Undefined index...', 'W:\\domains\\thud...', 35, Array)
#1 W:\domains\thuduc.com.va\vendor\codeigniter4\framework\system\View\View.php(246): include('W:\\domains\\thud...')
#2 W:\domains\thuduc.com.va\vendor\codeigniter4\framework\system\Common.php(1119): CodeIgniter\View\View->render('frontend/articl...', Array, true)
#3 W:\domains\thuduc.com.va\app\Views\frontend\homepage\layout\home.php(71): view('frontend/articl...')
#4 W:\domains\thuduc.com.va\vendor\codeigniter4\framework\system\View\View.php(246): include('W:\\domains\\thud...')
#5 W:\domains\thuduc.com.va\vendor\codeigniter4\framework\system\Common.php(1119): CodeIgniter\View\View->render('frontend/homepa...', Array, true)
#6 W:\domains\thuduc.com.va\app\Controllers\Frontend\Article\Article.php(238): view('frontend/homepa...', Array)
#7 W:\domains\thuduc.com.va\vendor\codeigniter4\framework\system\View\Cell.php(180): App\Controllers\Frontend\Article\Article->index(10, '1')
#8 W:\domains\thuduc.com.va\vendor\codeigniter4\framework\system\Common.php(1140): CodeIgniter\View\Cell->render('\\App\\Controller...', 'id=10, page=1', 0, 'AppControllersF...')
#9 W:\domains\thuduc.com.va\app\Controllers\Frontend\Homepage\Router.php(59): view_cell('\\App\\Controller...', 'id=10, page=1')
#10 W:\domains\thuduc.com.va\vendor\codeigniter4\framework\system\CodeIgniter.php(918): App\Controllers\Frontend\Homepage\Router->index('cap-nhat-tien-d...')
#11 W:\domains\thuduc.com.va\vendor\codeigniter4\framework\system\CodeIgniter.php(404): CodeIgniter\CodeIgniter->runController(Object(App\Controllers\Frontend\Homepage\Router))
#12 W:\domains\thuduc.com.va\vendor\codeigniter4\framework\system\CodeIgniter.php(312): CodeIgniter\CodeIgniter->handleRequest(NULL, Object(Config\Cache), false)
#13 W:\domains\thuduc.com.va\index.php(48): CodeIgniter\CodeIgniter->run()
#14 {main}
CRITICAL - 2022-03-14 08:41:56 --> Undefined index: contact_address_1
#0 W:\domains\thuduc.com.va\app\Views\frontend\article\article\index.php(35): CodeIgniter\Debug\Exceptions->errorHandler(8, 'Undefined index...', 'W:\\domains\\thud...', 35, Array)
#1 W:\domains\thuduc.com.va\vendor\codeigniter4\framework\system\View\View.php(246): include('W:\\domains\\thud...')
#2 W:\domains\thuduc.com.va\vendor\codeigniter4\framework\system\Common.php(1119): CodeIgniter\View\View->render('frontend/articl...', Array, true)
#3 W:\domains\thuduc.com.va\app\Views\frontend\homepage\layout\home.php(71): view('frontend/articl...')
#4 W:\domains\thuduc.com.va\vendor\codeigniter4\framework\system\View\View.php(246): include('W:\\domains\\thud...')
#5 W:\domains\thuduc.com.va\vendor\codeigniter4\framework\system\Common.php(1119): CodeIgniter\View\View->render('frontend/homepa...', Array, true)
#6 W:\domains\thuduc.com.va\app\Controllers\Frontend\Article\Article.php(238): view('frontend/homepa...', Array)
#7 W:\domains\thuduc.com.va\vendor\codeigniter4\framework\system\View\Cell.php(180): App\Controllers\Frontend\Article\Article->index(9, '1')
#8 W:\domains\thuduc.com.va\vendor\codeigniter4\framework\system\Common.php(1140): CodeIgniter\View\Cell->render('\\App\\Controller...', 'id=9, page=1', 0, 'AppControllersF...')
#9 W:\domains\thuduc.com.va\app\Controllers\Frontend\Homepage\Router.php(59): view_cell('\\App\\Controller...', 'id=9, page=1')
#10 W:\domains\thuduc.com.va\vendor\codeigniter4\framework\system\CodeIgniter.php(918): App\Controllers\Frontend\Homepage\Router->index('he-thong-tien-i...')
#11 W:\domains\thuduc.com.va\vendor\codeigniter4\framework\system\CodeIgniter.php(404): CodeIgniter\CodeIgniter->runController(Object(App\Controllers\Frontend\Homepage\Router))
#12 W:\domains\thuduc.com.va\vendor\codeigniter4\framework\system\CodeIgniter.php(312): CodeIgniter\CodeIgniter->handleRequest(NULL, Object(Config\Cache), false)
#13 W:\domains\thuduc.com.va\index.php(48): CodeIgniter\CodeIgniter->run()
#14 {main}
CRITICAL - 2022-03-14 08:49:28 --> Undefined index: description
#0 W:\domains\thuduc.com.va\app\Views\frontend\product\catalogue\index.php(15): CodeIgniter\Debug\Exceptions->errorHandler(8, 'Undefined index...', 'W:\\domains\\thud...', 15, Array)
#1 W:\domains\thuduc.com.va\vendor\codeigniter4\framework\system\View\View.php(246): include('W:\\domains\\thud...')
#2 W:\domains\thuduc.com.va\vendor\codeigniter4\framework\system\Common.php(1119): CodeIgniter\View\View->render('frontend/produc...', Array, true)
#3 W:\domains\thuduc.com.va\app\Views\frontend\homepage\layout\home.php(71): view('frontend/produc...')
#4 W:\domains\thuduc.com.va\vendor\codeigniter4\framework\system\View\View.php(246): include('W:\\domains\\thud...')
#5 W:\domains\thuduc.com.va\vendor\codeigniter4\framework\system\Common.php(1119): CodeIgniter\View\View->render('frontend/homepa...', Array, true)
#6 W:\domains\thuduc.com.va\app\Controllers\Frontend\Product\Catalogue.php(214): view('frontend/homepa...', Array)
#7 W:\domains\thuduc.com.va\vendor\codeigniter4\framework\system\View\Cell.php(180): App\Controllers\Frontend\Product\Catalogue->index(21, 0)
#8 W:\domains\thuduc.com.va\vendor\codeigniter4\framework\system\Common.php(1140): CodeIgniter\View\Cell->render('\\App\\Controller...', 'id=21, page=1', 0, 'AppControllersF...')
#9 W:\domains\thuduc.com.va\app\Controllers\Frontend\Homepage\Router.php(59): view_cell('\\App\\Controller...', 'id=21, page=1')
#10 W:\domains\thuduc.com.va\vendor\codeigniter4\framework\system\CodeIgniter.php(918): App\Controllers\Frontend\Homepage\Router->index('ban-shophouse')
#11 W:\domains\thuduc.com.va\vendor\codeigniter4\framework\system\CodeIgniter.php(404): CodeIgniter\CodeIgniter->runController(Object(App\Controllers\Frontend\Homepage\Router))
#12 W:\domains\thuduc.com.va\vendor\codeigniter4\framework\system\CodeIgniter.php(312): CodeIgniter\CodeIgniter->handleRequest(NULL, Object(Config\Cache), false)
#13 W:\domains\thuduc.com.va\index.php(48): CodeIgniter\CodeIgniter->run()
#14 {main}
CRITICAL - 2022-03-14 08:52:18 --> Undefined variable: valueChild
#0 W:\domains\thuduc.com.va\app\Views\frontend\product\catalogue\index.php(23): CodeIgniter\Debug\Exceptions->errorHandler(8, 'Undefined varia...', 'W:\\domains\\thud...', 23, Array)
#1 W:\domains\thuduc.com.va\vendor\codeigniter4\framework\system\View\View.php(246): include('W:\\domains\\thud...')
#2 W:\domains\thuduc.com.va\vendor\codeigniter4\framework\system\Common.php(1119): CodeIgniter\View\View->render('frontend/produc...', Array, true)
#3 W:\domains\thuduc.com.va\app\Views\frontend\homepage\layout\home.php(71): view('frontend/produc...')
#4 W:\domains\thuduc.com.va\vendor\codeigniter4\framework\system\View\View.php(246): include('W:\\domains\\thud...')
#5 W:\domains\thuduc.com.va\vendor\codeigniter4\framework\system\Common.php(1119): CodeIgniter\View\View->render('frontend/homepa...', Array, true)
#6 W:\domains\thuduc.com.va\app\Controllers\Frontend\Product\Catalogue.php(214): view('frontend/homepa...', Array)
#7 W:\domains\thuduc.com.va\vendor\codeigniter4\framework\system\View\Cell.php(180): App\Controllers\Frontend\Product\Catalogue->index(21, 0)
#8 W:\domains\thuduc.com.va\vendor\codeigniter4\framework\system\Common.php(1140): CodeIgniter\View\Cell->render('\\App\\Controller...', 'id=21, page=1', 0, 'AppControllersF...')
#9 W:\domains\thuduc.com.va\app\Controllers\Frontend\Homepage\Router.php(59): view_cell('\\App\\Controller...', 'id=21, page=1')
#10 W:\domains\thuduc.com.va\vendor\codeigniter4\framework\system\CodeIgniter.php(918): App\Controllers\Frontend\Homepage\Router->index('ban-shophouse')
#11 W:\domains\thuduc.com.va\vendor\codeigniter4\framework\system\CodeIgniter.php(404): CodeIgniter\CodeIgniter->runController(Object(App\Controllers\Frontend\Homepage\Router))
#12 W:\domains\thuduc.com.va\vendor\codeigniter4\framework\system\CodeIgniter.php(312): CodeIgniter\CodeIgniter->handleRequest(NULL, Object(Config\Cache), false)
#13 W:\domains\thuduc.com.va\index.php(48): CodeIgniter\CodeIgniter->run()
#14 {main}
CRITICAL - 2022-03-14 08:52:42 --> Undefined variable: valueChild
#0 W:\domains\thuduc.com.va\app\Views\frontend\product\catalogue\index.php(23): CodeIgniter\Debug\Exceptions->errorHandler(8, 'Undefined varia...', 'W:\\domains\\thud...', 23, Array)
#1 W:\domains\thuduc.com.va\vendor\codeigniter4\framework\system\View\View.php(246): include('W:\\domains\\thud...')
#2 W:\domains\thuduc.com.va\vendor\codeigniter4\framework\system\Common.php(1119): CodeIgniter\View\View->render('frontend/produc...', Array, true)
#3 W:\domains\thuduc.com.va\app\Views\frontend\homepage\layout\home.php(71): view('frontend/produc...')
#4 W:\domains\thuduc.com.va\vendor\codeigniter4\framework\system\View\View.php(246): include('W:\\domains\\thud...')
#5 W:\domains\thuduc.com.va\vendor\codeigniter4\framework\system\Common.php(1119): CodeIgniter\View\View->render('frontend/homepa...', Array, true)
#6 W:\domains\thuduc.com.va\app\Controllers\Frontend\Product\Catalogue.php(214): view('frontend/homepa...', Array)
#7 W:\domains\thuduc.com.va\vendor\codeigniter4\framework\system\View\Cell.php(180): App\Controllers\Frontend\Product\Catalogue->index(21, 0)
#8 W:\domains\thuduc.com.va\vendor\codeigniter4\framework\system\Common.php(1140): CodeIgniter\View\Cell->render('\\App\\Controller...', 'id=21, page=1', 0, 'AppControllersF...')
#9 W:\domains\thuduc.com.va\app\Controllers\Frontend\Homepage\Router.php(59): view_cell('\\App\\Controller...', 'id=21, page=1')
#10 W:\domains\thuduc.com.va\vendor\codeigniter4\framework\system\CodeIgniter.php(918): App\Controllers\Frontend\Homepage\Router->index('ban-shophouse')
#11 W:\domains\thuduc.com.va\vendor\codeigniter4\framework\system\CodeIgniter.php(404): CodeIgniter\CodeIgniter->runController(Object(App\Controllers\Frontend\Homepage\Router))
#12 W:\domains\thuduc.com.va\vendor\codeigniter4\framework\system\CodeIgniter.php(312): CodeIgniter\CodeIgniter->handleRequest(NULL, Object(Config\Cache), false)
#13 W:\domains\thuduc.com.va\index.php(48): CodeIgniter\CodeIgniter->run()
#14 {main}
CRITICAL - 2022-03-14 08:53:19 --> Undefined variable: valueChild
#0 W:\domains\thuduc.com.va\app\Views\frontend\product\catalogue\index.php(23): CodeIgniter\Debug\Exceptions->errorHandler(8, 'Undefined varia...', 'W:\\domains\\thud...', 23, Array)
#1 W:\domains\thuduc.com.va\vendor\codeigniter4\framework\system\View\View.php(246): include('W:\\domains\\thud...')
#2 W:\domains\thuduc.com.va\vendor\codeigniter4\framework\system\Common.php(1119): CodeIgniter\View\View->render('frontend/produc...', Array, true)
#3 W:\domains\thuduc.com.va\app\Views\frontend\homepage\layout\home.php(71): view('frontend/produc...')
#4 W:\domains\thuduc.com.va\vendor\codeigniter4\framework\system\View\View.php(246): include('W:\\domains\\thud...')
#5 W:\domains\thuduc.com.va\vendor\codeigniter4\framework\system\Common.php(1119): CodeIgniter\View\View->render('frontend/homepa...', Array, true)
#6 W:\domains\thuduc.com.va\app\Controllers\Frontend\Product\Catalogue.php(214): view('frontend/homepa...', Array)
#7 W:\domains\thuduc.com.va\vendor\codeigniter4\framework\system\View\Cell.php(180): App\Controllers\Frontend\Product\Catalogue->index(21, 0)
#8 W:\domains\thuduc.com.va\vendor\codeigniter4\framework\system\Common.php(1140): CodeIgniter\View\Cell->render('\\App\\Controller...', 'id=21, page=1', 0, 'AppControllersF...')
#9 W:\domains\thuduc.com.va\app\Controllers\Frontend\Homepage\Router.php(59): view_cell('\\App\\Controller...', 'id=21, page=1')
#10 W:\domains\thuduc.com.va\vendor\codeigniter4\framework\system\CodeIgniter.php(918): App\Controllers\Frontend\Homepage\Router->index('ban-shophouse')
#11 W:\domains\thuduc.com.va\vendor\codeigniter4\framework\system\CodeIgniter.php(404): CodeIgniter\CodeIgniter->runController(Object(App\Controllers\Frontend\Homepage\Router))
#12 W:\domains\thuduc.com.va\vendor\codeigniter4\framework\system\CodeIgniter.php(312): CodeIgniter\CodeIgniter->handleRequest(NULL, Object(Config\Cache), false)
#13 W:\domains\thuduc.com.va\index.php(48): CodeIgniter\CodeIgniter->run()
#14 {main}
CRITICAL - 2022-03-14 08:56:41 --> Using $this when not in object context
#0 W:\domains\thuduc.com.va\app\Views\frontend\product\catalogue\index.php(23): convert_number_to_words('28000000000')
#1 W:\domains\thuduc.com.va\vendor\codeigniter4\framework\system\View\View.php(246): include('W:\\domains\\thud...')
#2 W:\domains\thuduc.com.va\vendor\codeigniter4\framework\system\Common.php(1119): CodeIgniter\View\View->render('frontend/produc...', Array, true)
#3 W:\domains\thuduc.com.va\app\Views\frontend\homepage\layout\home.php(71): view('frontend/produc...')
#4 W:\domains\thuduc.com.va\vendor\codeigniter4\framework\system\View\View.php(246): include('W:\\domains\\thud...')
#5 W:\domains\thuduc.com.va\vendor\codeigniter4\framework\system\Common.php(1119): CodeIgniter\View\View->render('frontend/homepa...', Array, true)
#6 W:\domains\thuduc.com.va\app\Controllers\Frontend\Product\Catalogue.php(214): view('frontend/homepa...', Array)
#7 W:\domains\thuduc.com.va\vendor\codeigniter4\framework\system\View\Cell.php(180): App\Controllers\Frontend\Product\Catalogue->index(21, 0)
#8 W:\domains\thuduc.com.va\vendor\codeigniter4\framework\system\Common.php(1140): CodeIgniter\View\Cell->render('\\App\\Controller...', 'id=21, page=1', 0, 'AppControllersF...')
#9 W:\domains\thuduc.com.va\app\Controllers\Frontend\Homepage\Router.php(59): view_cell('\\App\\Controller...', 'id=21, page=1')
#10 W:\domains\thuduc.com.va\vendor\codeigniter4\framework\system\CodeIgniter.php(918): App\Controllers\Frontend\Homepage\Router->index('ban-shophouse')
#11 W:\domains\thuduc.com.va\vendor\codeigniter4\framework\system\CodeIgniter.php(404): CodeIgniter\CodeIgniter->runController(Object(App\Controllers\Frontend\Homepage\Router))
#12 W:\domains\thuduc.com.va\vendor\codeigniter4\framework\system\CodeIgniter.php(312): CodeIgniter\CodeIgniter->handleRequest(NULL, Object(Config\Cache), false)
#13 W:\domains\thuduc.com.va\index.php(48): CodeIgniter\CodeIgniter->run()
#14 {main}
CRITICAL - 2022-03-14 08:56:44 --> Using $this when not in object context
#0 W:\domains\thuduc.com.va\app\Views\frontend\product\catalogue\index.php(23): convert_number_to_words('28000000000')
#1 W:\domains\thuduc.com.va\vendor\codeigniter4\framework\system\View\View.php(246): include('W:\\domains\\thud...')
#2 W:\domains\thuduc.com.va\vendor\codeigniter4\framework\system\Common.php(1119): CodeIgniter\View\View->render('frontend/produc...', Array, true)
#3 W:\domains\thuduc.com.va\app\Views\frontend\homepage\layout\home.php(71): view('frontend/produc...')
#4 W:\domains\thuduc.com.va\vendor\codeigniter4\framework\system\View\View.php(246): include('W:\\domains\\thud...')
#5 W:\domains\thuduc.com.va\vendor\codeigniter4\framework\system\Common.php(1119): CodeIgniter\View\View->render('frontend/homepa...', Array, true)
#6 W:\domains\thuduc.com.va\app\Controllers\Frontend\Product\Catalogue.php(214): view('frontend/homepa...', Array)
#7 W:\domains\thuduc.com.va\vendor\codeigniter4\framework\system\View\Cell.php(180): App\Controllers\Frontend\Product\Catalogue->index(21, 0)
#8 W:\domains\thuduc.com.va\vendor\codeigniter4\framework\system\Common.php(1140): CodeIgniter\View\Cell->render('\\App\\Controller...', 'id=21, page=1', 0, 'AppControllersF...')
#9 W:\domains\thuduc.com.va\app\Controllers\Frontend\Homepage\Router.php(59): view_cell('\\App\\Controller...', 'id=21, page=1')
#10 W:\domains\thuduc.com.va\vendor\codeigniter4\framework\system\CodeIgniter.php(918): App\Controllers\Frontend\Homepage\Router->index('ban-shophouse')
#11 W:\domains\thuduc.com.va\vendor\codeigniter4\framework\system\CodeIgniter.php(404): CodeIgniter\CodeIgniter->runController(Object(App\Controllers\Frontend\Homepage\Router))
#12 W:\domains\thuduc.com.va\vendor\codeigniter4\framework\system\CodeIgniter.php(312): CodeIgniter\CodeIgniter->handleRequest(NULL, Object(Config\Cache), false)
#13 W:\domains\thuduc.com.va\index.php(48): CodeIgniter\CodeIgniter->run()
#14 {main}
CRITICAL - 2022-03-14 08:57:36 --> Undefined offset: 20
#0 W:\domains\thuduc.com.va\app\Helpers\mydatafrontend_helper.php(712): CodeIgniter\Debug\Exceptions->errorHandler(8, 'Undefined offse...', 'W:\\domains\\thud...', 712, Array)
#1 W:\domains\thuduc.com.va\app\Helpers\mydatafrontend_helper.php(729): convert_number_to_words(28)
#2 W:\domains\thuduc.com.va\app\Views\frontend\product\catalogue\index.php(23): convert_number_to_words('28000000000')
#3 W:\domains\thuduc.com.va\vendor\codeigniter4\framework\system\View\View.php(246): include('W:\\domains\\thud...')
#4 W:\domains\thuduc.com.va\vendor\codeigniter4\framework\system\Common.php(1119): CodeIgniter\View\View->render('frontend/produc...', Array, true)
#5 W:\domains\thuduc.com.va\app\Views\frontend\homepage\layout\home.php(71): view('frontend/produc...')
#6 W:\domains\thuduc.com.va\vendor\codeigniter4\framework\system\View\View.php(246): include('W:\\domains\\thud...')
#7 W:\domains\thuduc.com.va\vendor\codeigniter4\framework\system\Common.php(1119): CodeIgniter\View\View->render('frontend/homepa...', Array, true)
#8 W:\domains\thuduc.com.va\app\Controllers\Frontend\Product\Catalogue.php(214): view('frontend/homepa...', Array)
#9 W:\domains\thuduc.com.va\vendor\codeigniter4\framework\system\View\Cell.php(180): App\Controllers\Frontend\Product\Catalogue->index(21, 0)
#10 W:\domains\thuduc.com.va\vendor\codeigniter4\framework\system\Common.php(1140): CodeIgniter\View\Cell->render('\\App\\Controller...', 'id=21, page=1', 0, 'AppControllersF...')
#11 W:\domains\thuduc.com.va\app\Controllers\Frontend\Homepage\Router.php(59): view_cell('\\App\\Controller...', 'id=21, page=1')
#12 W:\domains\thuduc.com.va\vendor\codeigniter4\framework\system\CodeIgniter.php(918): App\Controllers\Frontend\Homepage\Router->index('ban-shophouse')
#13 W:\domains\thuduc.com.va\vendor\codeigniter4\framework\system\CodeIgniter.php(404): CodeIgniter\CodeIgniter->runController(Object(App\Controllers\Frontend\Homepage\Router))
#14 W:\domains\thuduc.com.va\vendor\codeigniter4\framework\system\CodeIgniter.php(312): CodeIgniter\CodeIgniter->handleRequest(NULL, Object(Config\Cache), false)
#15 W:\domains\thuduc.com.va\index.php(48): CodeIgniter\CodeIgniter->run()
#16 {main}
CRITICAL - 2022-03-14 08:58:44 --> 'break' not in the 'loop' or 'switch' context
#0 [internal function]: CodeIgniter\Debug\Exceptions->shutdownHandler()
#1 {main}
CRITICAL - 2022-03-14 08:58:46 --> 'break' not in the 'loop' or 'switch' context
#0 [internal function]: CodeIgniter\Debug\Exceptions->shutdownHandler()
#1 {main}
CRITICAL - 2022-03-14 09:01:13 --> syntax error, unexpected ')', expecting '='
#0 W:\domains\thuduc.com.va\vendor\codeigniter4\framework\system\Controller.php(175): helper(Array)
#1 W:\domains\thuduc.com.va\vendor\codeigniter4\framework\system\Controller.php(126): CodeIgniter\Controller->loadHelpers()
#2 W:\domains\thuduc.com.va\app\Controllers\FrontendController.php(20): CodeIgniter\Controller->initController(Object(CodeIgniter\HTTP\IncomingRequest), Object(CodeIgniter\HTTP\Response), Object(CodeIgniter\Log\Logger))
#3 W:\domains\thuduc.com.va\vendor\codeigniter4\framework\system\CodeIgniter.php(891): App\Controllers\FrontendController->initController(Object(CodeIgniter\HTTP\IncomingRequest), Object(CodeIgniter\HTTP\Response), Object(CodeIgniter\Log\Logger))
#4 W:\domains\thuduc.com.va\vendor\codeigniter4\framework\system\CodeIgniter.php(399): CodeIgniter\CodeIgniter->createController()
#5 W:\domains\thuduc.com.va\vendor\codeigniter4\framework\system\CodeIgniter.php(312): CodeIgniter\CodeIgniter->handleRequest(NULL, Object(Config\Cache), false)
#6 W:\domains\thuduc.com.va\index.php(48): CodeIgniter\CodeIgniter->run()
#7 {main}
CRITICAL - 2022-03-14 10:56:07 --> Undefined variable: bar_code
#0 W:\domains\thuduc.com.va\app\Views\frontend\product\product\index.php(57): CodeIgniter\Debug\Exceptions->errorHandler(8, 'Undefined varia...', 'W:\\domains\\thud...', 57, Array)
#1 W:\domains\thuduc.com.va\vendor\codeigniter4\framework\system\View\View.php(246): include('W:\\domains\\thud...')
#2 W:\domains\thuduc.com.va\vendor\codeigniter4\framework\system\Common.php(1119): CodeIgniter\View\View->render('frontend/produc...', Array, true)
#3 W:\domains\thuduc.com.va\app\Views\frontend\homepage\layout\home.php(71): view('frontend/produc...')
#4 W:\domains\thuduc.com.va\vendor\codeigniter4\framework\system\View\View.php(246): include('W:\\domains\\thud...')
#5 W:\domains\thuduc.com.va\vendor\codeigniter4\framework\system\Common.php(1119): CodeIgniter\View\View->render('frontend/homepa...', Array, true)
#6 W:\domains\thuduc.com.va\app\Controllers\Frontend\Product\Product.php(125): view('frontend/homepa...', Array)
#7 W:\domains\thuduc.com.va\vendor\codeigniter4\framework\system\View\Cell.php(180): App\Controllers\Frontend\Product\Product->index(Array, '1')
#8 W:\domains\thuduc.com.va\vendor\codeigniter4\framework\system\Common.php(1140): CodeIgniter\View\Cell->render('\\App\\Controller...', 'id=10, page=1', 0, 'AppControllersF...')
#9 W:\domains\thuduc.com.va\app\Controllers\Frontend\Homepage\Router.php(59): view_cell('\\App\\Controller...', 'id=10, page=1')
#10 W:\domains\thuduc.com.va\vendor\codeigniter4\framework\system\CodeIgniter.php(918): App\Controllers\Frontend\Homepage\Router->index('chuyen-nhuong-g...')
#11 W:\domains\thuduc.com.va\vendor\codeigniter4\framework\system\CodeIgniter.php(404): CodeIgniter\CodeIgniter->runController(Object(App\Controllers\Frontend\Homepage\Router))
#12 W:\domains\thuduc.com.va\vendor\codeigniter4\framework\system\CodeIgniter.php(312): CodeIgniter\CodeIgniter->handleRequest(NULL, Object(Config\Cache), false)
#13 W:\domains\thuduc.com.va\index.php(48): CodeIgniter\CodeIgniter->run()
#14 {main}
CRITICAL - 2022-03-14 10:56:10 --> Undefined variable: bar_code
#0 W:\domains\thuduc.com.va\app\Views\frontend\product\product\index.php(57): CodeIgniter\Debug\Exceptions->errorHandler(8, 'Undefined varia...', 'W:\\domains\\thud...', 57, Array)
#1 W:\domains\thuduc.com.va\vendor\codeigniter4\framework\system\View\View.php(246): include('W:\\domains\\thud...')
#2 W:\domains\thuduc.com.va\vendor\codeigniter4\framework\system\Common.php(1119): CodeIgniter\View\View->render('frontend/produc...', Array, true)
#3 W:\domains\thuduc.com.va\app\Views\frontend\homepage\layout\home.php(71): view('frontend/produc...')
#4 W:\domains\thuduc.com.va\vendor\codeigniter4\framework\system\View\View.php(246): include('W:\\domains\\thud...')
#5 W:\domains\thuduc.com.va\vendor\codeigniter4\framework\system\Common.php(1119): CodeIgniter\View\View->render('frontend/homepa...', Array, true)
#6 W:\domains\thuduc.com.va\app\Controllers\Frontend\Product\Product.php(125): view('frontend/homepa...', Array)
#7 W:\domains\thuduc.com.va\vendor\codeigniter4\framework\system\View\Cell.php(180): App\Controllers\Frontend\Product\Product->index(Array, '1')
#8 W:\domains\thuduc.com.va\vendor\codeigniter4\framework\system\Common.php(1140): CodeIgniter\View\Cell->render('\\App\\Controller...', 'id=10, page=1', 0, 'AppControllersF...')
#9 W:\domains\thuduc.com.va\app\Controllers\Frontend\Homepage\Router.php(59): view_cell('\\App\\Controller...', 'id=10, page=1')
#10 W:\domains\thuduc.com.va\vendor\codeigniter4\framework\system\CodeIgniter.php(918): App\Controllers\Frontend\Homepage\Router->index('chuyen-nhuong-g...')
#11 W:\domains\thuduc.com.va\vendor\codeigniter4\framework\system\CodeIgniter.php(404): CodeIgniter\CodeIgniter->runController(Object(App\Controllers\Frontend\Homepage\Router))
#12 W:\domains\thuduc.com.va\vendor\codeigniter4\framework\system\CodeIgniter.php(312): CodeIgniter\CodeIgniter->handleRequest(NULL, Object(Config\Cache), false)
#13 W:\domains\thuduc.com.va\index.php(48): CodeIgniter\CodeIgniter->run()
#14 {main}
CRITICAL - 2022-03-14 11:43:36 --> Undefined index: model
#0 W:\domains\thuduc.com.va\app\Views\frontend\product\product\index.php(116): CodeIgniter\Debug\Exceptions->errorHandler(8, 'Undefined index...', 'W:\\domains\\thud...', 116, Array)
#1 W:\domains\thuduc.com.va\vendor\codeigniter4\framework\system\View\View.php(246): include('W:\\domains\\thud...')
#2 W:\domains\thuduc.com.va\vendor\codeigniter4\framework\system\Common.php(1119): CodeIgniter\View\View->render('frontend/produc...', Array, true)
#3 W:\domains\thuduc.com.va\app\Views\frontend\homepage\layout\home.php(71): view('frontend/produc...')
#4 W:\domains\thuduc.com.va\vendor\codeigniter4\framework\system\View\View.php(246): include('W:\\domains\\thud...')
#5 W:\domains\thuduc.com.va\vendor\codeigniter4\framework\system\Common.php(1119): CodeIgniter\View\View->render('frontend/homepa...', Array, true)
#6 W:\domains\thuduc.com.va\app\Controllers\Frontend\Product\Product.php(125): view('frontend/homepa...', Array)
#7 W:\domains\thuduc.com.va\vendor\codeigniter4\framework\system\View\Cell.php(180): App\Controllers\Frontend\Product\Product->index(Array, '1')
#8 W:\domains\thuduc.com.va\vendor\codeigniter4\framework\system\Common.php(1140): CodeIgniter\View\Cell->render('\\App\\Controller...', 'id=10, page=1', 0, 'AppControllersF...')
#9 W:\domains\thuduc.com.va\app\Controllers\Frontend\Homepage\Router.php(59): view_cell('\\App\\Controller...', 'id=10, page=1')
#10 W:\domains\thuduc.com.va\vendor\codeigniter4\framework\system\CodeIgniter.php(918): App\Controllers\Frontend\Homepage\Router->index('chuyen-nhuong-g...')
#11 W:\domains\thuduc.com.va\vendor\codeigniter4\framework\system\CodeIgniter.php(404): CodeIgniter\CodeIgniter->runController(Object(App\Controllers\Frontend\Homepage\Router))
#12 W:\domains\thuduc.com.va\vendor\codeigniter4\framework\system\CodeIgniter.php(312): CodeIgniter\CodeIgniter->handleRequest(NULL, Object(Config\Cache), false)
#13 W:\domains\thuduc.com.va\index.php(48): CodeIgniter\CodeIgniter->run()
#14 {main}
CRITICAL - 2022-03-14 11:43:58 --> Undefined index: model
#0 W:\domains\thuduc.com.va\app\Views\frontend\product\product\index.php(116): CodeIgniter\Debug\Exceptions->errorHandler(8, 'Undefined index...', 'W:\\domains\\thud...', 116, Array)
#1 W:\domains\thuduc.com.va\vendor\codeigniter4\framework\system\View\View.php(246): include('W:\\domains\\thud...')
#2 W:\domains\thuduc.com.va\vendor\codeigniter4\framework\system\Common.php(1119): CodeIgniter\View\View->render('frontend/produc...', Array, true)
#3 W:\domains\thuduc.com.va\app\Views\frontend\homepage\layout\home.php(71): view('frontend/produc...')
#4 W:\domains\thuduc.com.va\vendor\codeigniter4\framework\system\View\View.php(246): include('W:\\domains\\thud...')
#5 W:\domains\thuduc.com.va\vendor\codeigniter4\framework\system\Common.php(1119): CodeIgniter\View\View->render('frontend/homepa...', Array, true)
#6 W:\domains\thuduc.com.va\app\Controllers\Frontend\Product\Product.php(125): view('frontend/homepa...', Array)
#7 W:\domains\thuduc.com.va\vendor\codeigniter4\framework\system\View\Cell.php(180): App\Controllers\Frontend\Product\Product->index(Array, '1')
#8 W:\domains\thuduc.com.va\vendor\codeigniter4\framework\system\Common.php(1140): CodeIgniter\View\Cell->render('\\App\\Controller...', 'id=10, page=1', 0, 'AppControllersF...')
#9 W:\domains\thuduc.com.va\app\Controllers\Frontend\Homepage\Router.php(59): view_cell('\\App\\Controller...', 'id=10, page=1')
#10 W:\domains\thuduc.com.va\vendor\codeigniter4\framework\system\CodeIgniter.php(918): App\Controllers\Frontend\Homepage\Router->index('chuyen-nhuong-g...')
#11 W:\domains\thuduc.com.va\vendor\codeigniter4\framework\system\CodeIgniter.php(404): CodeIgniter\CodeIgniter->runController(Object(App\Controllers\Frontend\Homepage\Router))
#12 W:\domains\thuduc.com.va\vendor\codeigniter4\framework\system\CodeIgniter.php(312): CodeIgniter\CodeIgniter->handleRequest(NULL, Object(Config\Cache), false)
#13 W:\domains\thuduc.com.va\index.php(48): CodeIgniter\CodeIgniter->run()
#14 {main}
CRITICAL - 2022-03-14 11:56:54 --> Undefined variable: order_by
#0 W:\domains\thuduc.com.va\app\Controllers\Frontend\Brand\Brand.php(131): CodeIgniter\Debug\Exceptions->errorHandler(8, 'Undefined varia...', 'W:\\domains\\thud...', 131, Array)
#1 W:\domains\thuduc.com.va\vendor\codeigniter4\framework\system\View\Cell.php(180): App\Controllers\Frontend\Brand\Brand->index(19, 0)
#2 W:\domains\thuduc.com.va\vendor\codeigniter4\framework\system\Common.php(1140): CodeIgniter\View\Cell->render('\\App\\Controller...', 'id=19, page=1', 0, 'AppControllersF...')
#3 W:\domains\thuduc.com.va\app\Controllers\Frontend\Homepage\Router.php(59): view_cell('\\App\\Controller...', 'id=19, page=1')
#4 W:\domains\thuduc.com.va\vendor\codeigniter4\framework\system\CodeIgniter.php(918): App\Controllers\Frontend\Homepage\Router->index('ban-golden-shop...')
#5 W:\domains\thuduc.com.va\vendor\codeigniter4\framework\system\CodeIgniter.php(404): CodeIgniter\CodeIgniter->runController(Object(App\Controllers\Frontend\Homepage\Router))
#6 W:\domains\thuduc.com.va\vendor\codeigniter4\framework\system\CodeIgniter.php(312): CodeIgniter\CodeIgniter->handleRequest(NULL, Object(Config\Cache), false)
#7 W:\domains\thuduc.com.va\index.php(48): CodeIgniter\CodeIgniter->run()
#8 {main}
CRITICAL - 2022-03-14 12:05:02 --> Undefined offset: 0
#0 W:\domains\thuduc.com.va\app\Controllers\Frontend\Brand\Catalogue.php(64): CodeIgniter\Debug\Exceptions->errorHandler(8, 'Undefined offse...', 'W:\\domains\\thud...', 64, Array)
#1 W:\domains\thuduc.com.va\vendor\codeigniter4\framework\system\View\Cell.php(180): App\Controllers\Frontend\Brand\Catalogue->index(19, '1')
#2 W:\domains\thuduc.com.va\vendor\codeigniter4\framework\system\Common.php(1140): CodeIgniter\View\Cell->render('\\App\\Controller...', 'id=19, page=1', 0, 'AppControllersF...')
#3 W:\domains\thuduc.com.va\app\Controllers\Frontend\Homepage\Router.php(59): view_cell('\\App\\Controller...', 'id=19, page=1')
#4 W:\domains\thuduc.com.va\vendor\codeigniter4\framework\system\CodeIgniter.php(918): App\Controllers\Frontend\Homepage\Router->index('golden-shophous...')
#5 W:\domains\thuduc.com.va\vendor\codeigniter4\framework\system\CodeIgniter.php(404): CodeIgniter\CodeIgniter->runController(Object(App\Controllers\Frontend\Homepage\Router))
#6 W:\domains\thuduc.com.va\vendor\codeigniter4\framework\system\CodeIgniter.php(312): CodeIgniter\CodeIgniter->handleRequest(NULL, Object(Config\Cache), false)
#7 W:\domains\thuduc.com.va\index.php(48): CodeIgniter\CodeIgniter->run()
#8 {main}
CRITICAL - 2022-03-14 12:05:23 --> Undefined offset: 0
#0 W:\domains\thuduc.com.va\app\Controllers\Frontend\Brand\Catalogue.php(75): CodeIgniter\Debug\Exceptions->errorHandler(8, 'Undefined offse...', 'W:\\domains\\thud...', 75, Array)
#1 W:\domains\thuduc.com.va\vendor\codeigniter4\framework\system\View\Cell.php(180): App\Controllers\Frontend\Brand\Catalogue->index(19, '1')
#2 W:\domains\thuduc.com.va\vendor\codeigniter4\framework\system\Common.php(1140): CodeIgniter\View\Cell->render('\\App\\Controller...', 'id=19, page=1', 0, 'AppControllersF...')
#3 W:\domains\thuduc.com.va\app\Controllers\Frontend\Homepage\Router.php(59): view_cell('\\App\\Controller...', 'id=19, page=1')
#4 W:\domains\thuduc.com.va\vendor\codeigniter4\framework\system\CodeIgniter.php(918): App\Controllers\Frontend\Homepage\Router->index('golden-shophous...')
#5 W:\domains\thuduc.com.va\vendor\codeigniter4\framework\system\CodeIgniter.php(404): CodeIgniter\CodeIgniter->runController(Object(App\Controllers\Frontend\Homepage\Router))
#6 W:\domains\thuduc.com.va\vendor\codeigniter4\framework\system\CodeIgniter.php(312): CodeIgniter\CodeIgniter->handleRequest(NULL, Object(Config\Cache), false)
#7 W:\domains\thuduc.com.va\index.php(48): CodeIgniter\CodeIgniter->run()
#8 {main}
CRITICAL - 2022-03-14 12:18:51 --> Undefined index: contact_address_1
#0 W:\domains\thuduc.com.va\app\Views\frontend\article\article\index.php(35): CodeIgniter\Debug\Exceptions->errorHandler(8, 'Undefined index...', 'W:\\domains\\thud...', 35, Array)
#1 W:\domains\thuduc.com.va\vendor\codeigniter4\framework\system\View\View.php(246): include('W:\\domains\\thud...')
#2 W:\domains\thuduc.com.va\vendor\codeigniter4\framework\system\Common.php(1119): CodeIgniter\View\View->render('frontend/articl...', Array, true)
#3 W:\domains\thuduc.com.va\app\Views\frontend\homepage\layout\home.php(71): view('frontend/articl...')
#4 W:\domains\thuduc.com.va\vendor\codeigniter4\framework\system\View\View.php(246): include('W:\\domains\\thud...')
#5 W:\domains\thuduc.com.va\vendor\codeigniter4\framework\system\Common.php(1119): CodeIgniter\View\View->render('frontend/homepa...', Array, true)
#6 W:\domains\thuduc.com.va\app\Controllers\Frontend\Article\Article.php(238): view('frontend/homepa...', Array)
#7 W:\domains\thuduc.com.va\vendor\codeigniter4\framework\system\View\Cell.php(180): App\Controllers\Frontend\Article\Article->index(10, '1')
#8 W:\domains\thuduc.com.va\vendor\codeigniter4\framework\system\Common.php(1140): CodeIgniter\View\Cell->render('\\App\\Controller...', 'id=10, page=1', 0, 'AppControllersF...')
#9 W:\domains\thuduc.com.va\app\Controllers\Frontend\Homepage\Router.php(59): view_cell('\\App\\Controller...', 'id=10, page=1')
#10 W:\domains\thuduc.com.va\vendor\codeigniter4\framework\system\CodeIgniter.php(918): App\Controllers\Frontend\Homepage\Router->index('cap-nhat-tien-d...')
#11 W:\domains\thuduc.com.va\vendor\codeigniter4\framework\system\CodeIgniter.php(404): CodeIgniter\CodeIgniter->runController(Object(App\Controllers\Frontend\Homepage\Router))
#12 W:\domains\thuduc.com.va\vendor\codeigniter4\framework\system\CodeIgniter.php(312): CodeIgniter\CodeIgniter->handleRequest(NULL, Object(Config\Cache), false)
#13 W:\domains\thuduc.com.va\index.php(48): CodeIgniter\CodeIgniter->run()
#14 {main}
CRITICAL - 2022-03-14 12:18:58 --> Undefined index: contact_address_1
#0 W:\domains\thuduc.com.va\app\Views\frontend\article\article\index.php(35): CodeIgniter\Debug\Exceptions->errorHandler(8, 'Undefined index...', 'W:\\domains\\thud...', 35, Array)
#1 W:\domains\thuduc.com.va\vendor\codeigniter4\framework\system\View\View.php(246): include('W:\\domains\\thud...')
#2 W:\domains\thuduc.com.va\vendor\codeigniter4\framework\system\Common.php(1119): CodeIgniter\View\View->render('frontend/articl...', Array, true)
#3 W:\domains\thuduc.com.va\app\Views\frontend\homepage\layout\home.php(71): view('frontend/articl...')
#4 W:\domains\thuduc.com.va\vendor\codeigniter4\framework\system\View\View.php(246): include('W:\\domains\\thud...')
#5 W:\domains\thuduc.com.va\vendor\codeigniter4\framework\system\Common.php(1119): CodeIgniter\View\View->render('frontend/homepa...', Array, true)
#6 W:\domains\thuduc.com.va\app\Controllers\Frontend\Article\Article.php(238): view('frontend/homepa...', Array)
#7 W:\domains\thuduc.com.va\vendor\codeigniter4\framework\system\View\Cell.php(180): App\Controllers\Frontend\Article\Article->index(10, '1')
#8 W:\domains\thuduc.com.va\vendor\codeigniter4\framework\system\Common.php(1140): CodeIgniter\View\Cell->render('\\App\\Controller...', 'id=10, page=1', 0, 'AppControllersF...')
#9 W:\domains\thuduc.com.va\app\Controllers\Frontend\Homepage\Router.php(59): view_cell('\\App\\Controller...', 'id=10, page=1')
#10 W:\domains\thuduc.com.va\vendor\codeigniter4\framework\system\CodeIgniter.php(918): App\Controllers\Frontend\Homepage\Router->index('cap-nhat-tien-d...')
#11 W:\domains\thuduc.com.va\vendor\codeigniter4\framework\system\CodeIgniter.php(404): CodeIgniter\CodeIgniter->runController(Object(App\Controllers\Frontend\Homepage\Router))
#12 W:\domains\thuduc.com.va\vendor\codeigniter4\framework\system\CodeIgniter.php(312): CodeIgniter\CodeIgniter->handleRequest(NULL, Object(Config\Cache), false)
#13 W:\domains\thuduc.com.va\index.php(48): CodeIgniter\CodeIgniter->run()
#14 {main}
CRITICAL - 2022-03-14 12:20:49 --> Undefined index: model
#0 W:\domains\thuduc.com.va\app\Views\frontend\article\article\index.php(83): CodeIgniter\Debug\Exceptions->errorHandler(8, 'Undefined index...', 'W:\\domains\\thud...', 83, Array)
#1 W:\domains\thuduc.com.va\vendor\codeigniter4\framework\system\View\View.php(246): include('W:\\domains\\thud...')
#2 W:\domains\thuduc.com.va\vendor\codeigniter4\framework\system\Common.php(1119): CodeIgniter\View\View->render('frontend/articl...', Array, true)
#3 W:\domains\thuduc.com.va\app\Views\frontend\homepage\layout\home.php(71): view('frontend/articl...')
#4 W:\domains\thuduc.com.va\vendor\codeigniter4\framework\system\View\View.php(246): include('W:\\domains\\thud...')
#5 W:\domains\thuduc.com.va\vendor\codeigniter4\framework\system\Common.php(1119): CodeIgniter\View\View->render('frontend/homepa...', Array, true)
#6 W:\domains\thuduc.com.va\app\Controllers\Frontend\Article\Article.php(238): view('frontend/homepa...', Array)
#7 W:\domains\thuduc.com.va\vendor\codeigniter4\framework\system\View\Cell.php(180): App\Controllers\Frontend\Article\Article->index(10, '1')
#8 W:\domains\thuduc.com.va\vendor\codeigniter4\framework\system\Common.php(1140): CodeIgniter\View\Cell->render('\\App\\Controller...', 'id=10, page=1', 0, 'AppControllersF...')
#9 W:\domains\thuduc.com.va\app\Controllers\Frontend\Homepage\Router.php(59): view_cell('\\App\\Controller...', 'id=10, page=1')
#10 W:\domains\thuduc.com.va\vendor\codeigniter4\framework\system\CodeIgniter.php(918): App\Controllers\Frontend\Homepage\Router->index('cap-nhat-tien-d...')
#11 W:\domains\thuduc.com.va\vendor\codeigniter4\framework\system\CodeIgniter.php(404): CodeIgniter\CodeIgniter->runController(Object(App\Controllers\Frontend\Homepage\Router))
#12 W:\domains\thuduc.com.va\vendor\codeigniter4\framework\system\CodeIgniter.php(312): CodeIgniter\CodeIgniter->handleRequest(NULL, Object(Config\Cache), false)
#13 W:\domains\thuduc.com.va\index.php(48): CodeIgniter\CodeIgniter->run()
#14 {main}
CRITICAL - 2022-03-14 12:21:40 --> Undefined index: model
#0 W:\domains\thuduc.com.va\app\Views\frontend\article\article\index.php(27): CodeIgniter\Debug\Exceptions->errorHandler(8, 'Undefined index...', 'W:\\domains\\thud...', 27, Array)
#1 W:\domains\thuduc.com.va\vendor\codeigniter4\framework\system\View\View.php(246): include('W:\\domains\\thud...')
#2 W:\domains\thuduc.com.va\vendor\codeigniter4\framework\system\Common.php(1119): CodeIgniter\View\View->render('frontend/articl...', Array, true)
#3 W:\domains\thuduc.com.va\app\Views\frontend\homepage\layout\home.php(71): view('frontend/articl...')
#4 W:\domains\thuduc.com.va\vendor\codeigniter4\framework\system\View\View.php(246): include('W:\\domains\\thud...')
#5 W:\domains\thuduc.com.va\vendor\codeigniter4\framework\system\Common.php(1119): CodeIgniter\View\View->render('frontend/homepa...', Array, true)
#6 W:\domains\thuduc.com.va\app\Controllers\Frontend\Article\Article.php(238): view('frontend/homepa...', Array)
#7 W:\domains\thuduc.com.va\vendor\codeigniter4\framework\system\View\Cell.php(180): App\Controllers\Frontend\Article\Article->index(10, '1')
#8 W:\domains\thuduc.com.va\vendor\codeigniter4\framework\system\Common.php(1140): CodeIgniter\View\Cell->render('\\App\\Controller...', 'id=10, page=1', 0, 'AppControllersF...')
#9 W:\domains\thuduc.com.va\app\Controllers\Frontend\Homepage\Router.php(59): view_cell('\\App\\Controller...', 'id=10, page=1')
#10 W:\domains\thuduc.com.va\vendor\codeigniter4\framework\system\CodeIgniter.php(918): App\Controllers\Frontend\Homepage\Router->index('cap-nhat-tien-d...')
#11 W:\domains\thuduc.com.va\vendor\codeigniter4\framework\system\CodeIgniter.php(404): CodeIgniter\CodeIgniter->runController(Object(App\Controllers\Frontend\Homepage\Router))
#12 W:\domains\thuduc.com.va\vendor\codeigniter4\framework\system\CodeIgniter.php(312): CodeIgniter\CodeIgniter->handleRequest(NULL, Object(Config\Cache), false)
#13 W:\domains\thuduc.com.va\index.php(48): CodeIgniter\CodeIgniter->run()
#14 {main}
CRITICAL - 2022-03-14 21:07:49 --> Unable to connect to the database.
#0 W:\domains\thuduc.com.va\vendor\codeigniter4\framework\system\Database\BaseConnection.php(646): CodeIgniter\Database\BaseConnection->initialize()
#1 W:\domains\thuduc.com.va\vendor\codeigniter4\framework\system\Database\BaseBuilder.php(1860): CodeIgniter\Database\BaseConnection->query('SELECT `keyword...', Array, false)
#2 W:\domains\thuduc.com.va\app\Models\AutoloadModel.php(76): CodeIgniter\Database\BaseBuilder->get()
#3 W:\domains\thuduc.com.va\app\Helpers\mydatafrontend_helper.php(166): App\Models\AutoloadModel->_get_where(Array, true)
#4 W:\domains\thuduc.com.va\app\Controllers\FrontendController.php(27): get_general('vi')
#5 W:\domains\thuduc.com.va\vendor\codeigniter4\framework\system\CodeIgniter.php(891): App\Controllers\FrontendController->initController(Object(CodeIgniter\HTTP\IncomingRequest), Object(CodeIgniter\HTTP\Response), Object(CodeIgniter\Log\Logger))
#6 W:\domains\thuduc.com.va\vendor\codeigniter4\framework\system\CodeIgniter.php(399): CodeIgniter\CodeIgniter->createController()
#7 W:\domains\thuduc.com.va\vendor\codeigniter4\framework\system\CodeIgniter.php(312): CodeIgniter\CodeIgniter->handleRequest(NULL, Object(Config\Cache), false)
#8 W:\domains\thuduc.com.va\index.php(48): CodeIgniter\CodeIgniter->run()
#9 {main}
CRITICAL - 2022-03-14 21:13:11 --> Undefined variable: object
#0 W:\domains\thuduc.com.va\app\Views\frontend\article\catalogue\index.php(14): CodeIgniter\Debug\Exceptions->errorHandler(8, 'Undefined varia...', 'W:\\domains\\thud...', 14, Array)
#1 W:\domains\thuduc.com.va\vendor\codeigniter4\framework\system\View\View.php(246): include('W:\\domains\\thud...')
#2 W:\domains\thuduc.com.va\vendor\codeigniter4\framework\system\Common.php(1119): CodeIgniter\View\View->render('frontend/articl...', Array, true)
#3 W:\domains\thuduc.com.va\app\Views\frontend\homepage\layout\home.php(71): view('frontend/articl...')
#4 W:\domains\thuduc.com.va\vendor\codeigniter4\framework\system\View\View.php(246): include('W:\\domains\\thud...')
#5 W:\domains\thuduc.com.va\vendor\codeigniter4\framework\system\Common.php(1119): CodeIgniter\View\View->render('frontend/homepa...', Array, true)
#6 W:\domains\thuduc.com.va\app\Controllers\Frontend\Article\Catalogue.php(161): view('frontend/homepa...', Array)
#7 W:\domains\thuduc.com.va\vendor\codeigniter4\framework\system\View\Cell.php(180): App\Controllers\Frontend\Article\Catalogue->index(7, 0)
#8 W:\domains\thuduc.com.va\vendor\codeigniter4\framework\system\Common.php(1140): CodeIgniter\View\Cell->render('\\App\\Controller...', 'id=7, page=1', 0, 'AppControllersF...')
#9 W:\domains\thuduc.com.va\app\Controllers\Frontend\Homepage\Router.php(59): view_cell('\\App\\Controller...', 'id=7, page=1')
#10 W:\domains\thuduc.com.va\vendor\codeigniter4\framework\system\CodeIgniter.php(918): App\Controllers\Frontend\Homepage\Router->index('tien-do-van-phu...')
#11 W:\domains\thuduc.com.va\vendor\codeigniter4\framework\system\CodeIgniter.php(404): CodeIgniter\CodeIgniter->runController(Object(App\Controllers\Frontend\Homepage\Router))
#12 W:\domains\thuduc.com.va\vendor\codeigniter4\framework\system\CodeIgniter.php(312): CodeIgniter\CodeIgniter->handleRequest(NULL, Object(Config\Cache), false)
#13 W:\domains\thuduc.com.va\index.php(48): CodeIgniter\CodeIgniter->run()
#14 {main}
