CRITICAL - 2022-02-12 02:00:18 --> Invalid file: frontend/homepage/common/áide.php
#0 W:\domains\vanhtech.com.va\vendor\codeigniter4\framework\system\View\View.php(228): CodeIgniter\Exceptions\FrameworkException::forInvalidFile('frontend/homepa...')
#1 W:\domains\vanhtech.com.va\vendor\codeigniter4\framework\system\Common.php(1119): CodeIgniter\View\View->render('frontend/homepa...', Array, true)
#2 W:\domains\vanhtech.com.va\app\Views\frontend\product\product\index.php(125): view('frontend/homepa...')
#3 W:\domains\vanhtech.com.va\vendor\codeigniter4\framework\system\View\View.php(246): include('W:\\domains\\vanh...')
#4 W:\domains\vanhtech.com.va\vendor\codeigniter4\framework\system\Common.php(1119): CodeIgniter\View\View->render('frontend/produc...', Array, true)
#5 W:\domains\vanhtech.com.va\app\Views\frontend\homepage\layout\home.php(72): view('frontend/produc...')
#6 W:\domains\vanhtech.com.va\vendor\codeigniter4\framework\system\View\View.php(246): include('W:\\domains\\vanh...')
#7 W:\domains\vanhtech.com.va\vendor\codeigniter4\framework\system\Common.php(1119): CodeIgniter\View\View->render('frontend/homepa...', Array, true)
#8 W:\domains\vanhtech.com.va\app\Controllers\Frontend\Product\Product.php(125): view('frontend/homepa...', Array)
#9 W:\domains\vanhtech.com.va\vendor\codeigniter4\framework\system\View\Cell.php(180): App\Controllers\Frontend\Product\Product->index(Array, '1')
#10 W:\domains\vanhtech.com.va\vendor\codeigniter4\framework\system\Common.php(1140): CodeIgniter\View\Cell->render('\\App\\Controller...', 'id=4, page=1', 0, 'AppControllersF...')
#11 W:\domains\vanhtech.com.va\app\Controllers\Frontend\Homepage\Router.php(59): view_cell('\\App\\Controller...', 'id=4, page=1')
#12 W:\domains\vanhtech.com.va\vendor\codeigniter4\framework\system\CodeIgniter.php(918): App\Controllers\Frontend\Homepage\Router->index('honda-36220-ph4...')
#13 W:\domains\vanhtech.com.va\vendor\codeigniter4\framework\system\CodeIgniter.php(404): CodeIgniter\CodeIgniter->runController(Object(App\Controllers\Frontend\Homepage\Router))
#14 W:\domains\vanhtech.com.va\vendor\codeigniter4\framework\system\CodeIgniter.php(312): CodeIgniter\CodeIgniter->handleRequest(NULL, Object(Config\Cache), false)
#15 W:\domains\vanhtech.com.va\index.php(48): CodeIgniter\CodeIgniter->run()
#16 {main}
CRITICAL - 2022-02-12 02:00:50 --> Invalid file: frontend/homepage/common/áide.php
#0 W:\domains\vanhtech.com.va\vendor\codeigniter4\framework\system\View\View.php(228): CodeIgniter\Exceptions\FrameworkException::forInvalidFile('frontend/homepa...')
#1 W:\domains\vanhtech.com.va\vendor\codeigniter4\framework\system\Common.php(1119): CodeIgniter\View\View->render('frontend/homepa...', Array, true)
#2 W:\domains\vanhtech.com.va\app\Views\frontend\product\product\index.php(125): view('frontend/homepa...')
#3 W:\domains\vanhtech.com.va\vendor\codeigniter4\framework\system\View\View.php(246): include('W:\\domains\\vanh...')
#4 W:\domains\vanhtech.com.va\vendor\codeigniter4\framework\system\Common.php(1119): CodeIgniter\View\View->render('frontend/produc...', Array, true)
#5 W:\domains\vanhtech.com.va\app\Views\frontend\homepage\layout\home.php(72): view('frontend/produc...')
#6 W:\domains\vanhtech.com.va\vendor\codeigniter4\framework\system\View\View.php(246): include('W:\\domains\\vanh...')
#7 W:\domains\vanhtech.com.va\vendor\codeigniter4\framework\system\Common.php(1119): CodeIgniter\View\View->render('frontend/homepa...', Array, true)
#8 W:\domains\vanhtech.com.va\app\Controllers\Frontend\Product\Product.php(125): view('frontend/homepa...', Array)
#9 W:\domains\vanhtech.com.va\vendor\codeigniter4\framework\system\View\Cell.php(180): App\Controllers\Frontend\Product\Product->index(Array, '1')
#10 W:\domains\vanhtech.com.va\vendor\codeigniter4\framework\system\Common.php(1140): CodeIgniter\View\Cell->render('\\App\\Controller...', 'id=4, page=1', 0, 'AppControllersF...')
#11 W:\domains\vanhtech.com.va\app\Controllers\Frontend\Homepage\Router.php(59): view_cell('\\App\\Controller...', 'id=4, page=1')
#12 W:\domains\vanhtech.com.va\vendor\codeigniter4\framework\system\CodeIgniter.php(918): App\Controllers\Frontend\Homepage\Router->index('honda-36220-ph4...')
#13 W:\domains\vanhtech.com.va\vendor\codeigniter4\framework\system\CodeIgniter.php(404): CodeIgniter\CodeIgniter->runController(Object(App\Controllers\Frontend\Homepage\Router))
#14 W:\domains\vanhtech.com.va\vendor\codeigniter4\framework\system\CodeIgniter.php(312): CodeIgniter\CodeIgniter->handleRequest(NULL, Object(Config\Cache), false)
#15 W:\domains\vanhtech.com.va\index.php(48): CodeIgniter\CodeIgniter->run()
#16 {main}
CRITICAL - 2022-02-12 02:08:34 --> Undefined variable: count_product
#0 W:\domains\vanhtech.com.va\app\Views\frontend\product\catalogue\index.php(18): CodeIgniter\Debug\Exceptions->errorHandler(8, 'Undefined varia...', 'W:\\domains\\vanh...', 18, Array)
#1 W:\domains\vanhtech.com.va\vendor\codeigniter4\framework\system\View\View.php(246): include('W:\\domains\\vanh...')
#2 W:\domains\vanhtech.com.va\vendor\codeigniter4\framework\system\Common.php(1119): CodeIgniter\View\View->render('frontend/produc...', Array, true)
#3 W:\domains\vanhtech.com.va\app\Views\frontend\homepage\layout\home.php(72): view('frontend/produc...')
#4 W:\domains\vanhtech.com.va\vendor\codeigniter4\framework\system\View\View.php(246): include('W:\\domains\\vanh...')
#5 W:\domains\vanhtech.com.va\vendor\codeigniter4\framework\system\Common.php(1119): CodeIgniter\View\View->render('frontend/homepa...', Array, true)
#6 W:\domains\vanhtech.com.va\app\Controllers\Frontend\Product\Catalogue.php(212): view('frontend/homepa...', Array)
#7 W:\domains\vanhtech.com.va\vendor\codeigniter4\framework\system\View\Cell.php(180): App\Controllers\Frontend\Product\Catalogue->index(1, 1)
#8 W:\domains\vanhtech.com.va\vendor\codeigniter4\framework\system\Common.php(1140): CodeIgniter\View\Cell->render('\\App\\Controller...', 'id=1, page=1', 0, 'AppControllersF...')
#9 W:\domains\vanhtech.com.va\app\Controllers\Frontend\Homepage\Router.php(59): view_cell('\\App\\Controller...', 'id=1, page=1')
#10 W:\domains\vanhtech.com.va\vendor\codeigniter4\framework\system\CodeIgniter.php(918): App\Controllers\Frontend\Homepage\Router->index('accord-hybrid')
#11 W:\domains\vanhtech.com.va\vendor\codeigniter4\framework\system\CodeIgniter.php(404): CodeIgniter\CodeIgniter->runController(Object(App\Controllers\Frontend\Homepage\Router))
#12 W:\domains\vanhtech.com.va\vendor\codeigniter4\framework\system\CodeIgniter.php(312): CodeIgniter\CodeIgniter->handleRequest(NULL, Object(Config\Cache), false)
#13 W:\domains\vanhtech.com.va\index.php(48): CodeIgniter\CodeIgniter->run()
#14 {main}
CRITICAL - 2022-02-12 02:13:08 --> Undefined index: made_in
#0 W:\domains\vanhtech.com.va\app\Views\frontend\product\product\index.php(52): CodeIgniter\Debug\Exceptions->errorHandler(8, 'Undefined index...', 'W:\\domains\\vanh...', 52, Array)
#1 W:\domains\vanhtech.com.va\vendor\codeigniter4\framework\system\View\View.php(246): include('W:\\domains\\vanh...')
#2 W:\domains\vanhtech.com.va\vendor\codeigniter4\framework\system\Common.php(1119): CodeIgniter\View\View->render('frontend/produc...', Array, true)
#3 W:\domains\vanhtech.com.va\app\Views\frontend\homepage\layout\home.php(72): view('frontend/produc...')
#4 W:\domains\vanhtech.com.va\vendor\codeigniter4\framework\system\View\View.php(246): include('W:\\domains\\vanh...')
#5 W:\domains\vanhtech.com.va\vendor\codeigniter4\framework\system\Common.php(1119): CodeIgniter\View\View->render('frontend/homepa...', Array, true)
#6 W:\domains\vanhtech.com.va\app\Controllers\Frontend\Product\Product.php(125): view('frontend/homepa...', Array)
#7 W:\domains\vanhtech.com.va\vendor\codeigniter4\framework\system\View\Cell.php(180): App\Controllers\Frontend\Product\Product->index(Array, '1')
#8 W:\domains\vanhtech.com.va\vendor\codeigniter4\framework\system\Common.php(1140): CodeIgniter\View\Cell->render('\\App\\Controller...', 'id=4, page=1', 0, 'AppControllersF...')
#9 W:\domains\vanhtech.com.va\app\Controllers\Frontend\Homepage\Router.php(59): view_cell('\\App\\Controller...', 'id=4, page=1')
#10 W:\domains\vanhtech.com.va\vendor\codeigniter4\framework\system\CodeIgniter.php(918): App\Controllers\Frontend\Homepage\Router->index('honda-36220-ph4...')
#11 W:\domains\vanhtech.com.va\vendor\codeigniter4\framework\system\CodeIgniter.php(404): CodeIgniter\CodeIgniter->runController(Object(App\Controllers\Frontend\Homepage\Router))
#12 W:\domains\vanhtech.com.va\vendor\codeigniter4\framework\system\CodeIgniter.php(312): CodeIgniter\CodeIgniter->handleRequest(NULL, Object(Config\Cache), false)
#13 W:\domains\vanhtech.com.va\index.php(48): CodeIgniter\CodeIgniter->run()
#14 {main}
CRITICAL - 2022-02-12 03:54:16 --> Undefined variable: count_product
#0 W:\domains\vanhtech.com.va\app\Views\frontend\product\catalogue\index.php(18): CodeIgniter\Debug\Exceptions->errorHandler(8, 'Undefined varia...', 'W:\\domains\\vanh...', 18, Array)
#1 W:\domains\vanhtech.com.va\vendor\codeigniter4\framework\system\View\View.php(246): include('W:\\domains\\vanh...')
#2 W:\domains\vanhtech.com.va\vendor\codeigniter4\framework\system\Common.php(1119): CodeIgniter\View\View->render('frontend/produc...', Array, true)
#3 W:\domains\vanhtech.com.va\app\Views\frontend\homepage\layout\home.php(72): view('frontend/produc...')
#4 W:\domains\vanhtech.com.va\vendor\codeigniter4\framework\system\View\View.php(246): include('W:\\domains\\vanh...')
#5 W:\domains\vanhtech.com.va\vendor\codeigniter4\framework\system\Common.php(1119): CodeIgniter\View\View->render('frontend/homepa...', Array, true)
#6 W:\domains\vanhtech.com.va\app\Controllers\Frontend\Product\Catalogue.php(212): view('frontend/homepa...', Array)
#7 W:\domains\vanhtech.com.va\vendor\codeigniter4\framework\system\View\Cell.php(180): App\Controllers\Frontend\Product\Catalogue->index(7, 0)
#8 W:\domains\vanhtech.com.va\vendor\codeigniter4\framework\system\Common.php(1140): CodeIgniter\View\Cell->render('\\App\\Controller...', 'id=7, page=1', 0, 'AppControllersF...')
#9 W:\domains\vanhtech.com.va\app\Controllers\Frontend\Homepage\Router.php(59): view_cell('\\App\\Controller...', 'id=7, page=1')
#10 W:\domains\vanhtech.com.va\vendor\codeigniter4\framework\system\CodeIgniter.php(918): App\Controllers\Frontend\Homepage\Router->index('civic')
#11 W:\domains\vanhtech.com.va\vendor\codeigniter4\framework\system\CodeIgniter.php(404): CodeIgniter\CodeIgniter->runController(Object(App\Controllers\Frontend\Homepage\Router))
#12 W:\domains\vanhtech.com.va\vendor\codeigniter4\framework\system\CodeIgniter.php(312): CodeIgniter\CodeIgniter->handleRequest(NULL, Object(Config\Cache), false)
#13 W:\domains\vanhtech.com.va\index.php(48): CodeIgniter\CodeIgniter->run()
#14 {main}
CRITICAL - 2022-02-12 03:54:18 --> Undefined variable: count_product
#0 W:\domains\vanhtech.com.va\app\Views\frontend\product\catalogue\index.php(18): CodeIgniter\Debug\Exceptions->errorHandler(8, 'Undefined varia...', 'W:\\domains\\vanh...', 18, Array)
#1 W:\domains\vanhtech.com.va\vendor\codeigniter4\framework\system\View\View.php(246): include('W:\\domains\\vanh...')
#2 W:\domains\vanhtech.com.va\vendor\codeigniter4\framework\system\Common.php(1119): CodeIgniter\View\View->render('frontend/produc...', Array, true)
#3 W:\domains\vanhtech.com.va\app\Views\frontend\homepage\layout\home.php(72): view('frontend/produc...')
#4 W:\domains\vanhtech.com.va\vendor\codeigniter4\framework\system\View\View.php(246): include('W:\\domains\\vanh...')
#5 W:\domains\vanhtech.com.va\vendor\codeigniter4\framework\system\Common.php(1119): CodeIgniter\View\View->render('frontend/homepa...', Array, true)
#6 W:\domains\vanhtech.com.va\app\Controllers\Frontend\Product\Catalogue.php(212): view('frontend/homepa...', Array)
#7 W:\domains\vanhtech.com.va\vendor\codeigniter4\framework\system\View\Cell.php(180): App\Controllers\Frontend\Product\Catalogue->index(7, 0)
#8 W:\domains\vanhtech.com.va\vendor\codeigniter4\framework\system\Common.php(1140): CodeIgniter\View\Cell->render('\\App\\Controller...', 'id=7, page=1', 0, 'AppControllersF...')
#9 W:\domains\vanhtech.com.va\app\Controllers\Frontend\Homepage\Router.php(59): view_cell('\\App\\Controller...', 'id=7, page=1')
#10 W:\domains\vanhtech.com.va\vendor\codeigniter4\framework\system\CodeIgniter.php(918): App\Controllers\Frontend\Homepage\Router->index('civic')
#11 W:\domains\vanhtech.com.va\vendor\codeigniter4\framework\system\CodeIgniter.php(404): CodeIgniter\CodeIgniter->runController(Object(App\Controllers\Frontend\Homepage\Router))
#12 W:\domains\vanhtech.com.va\vendor\codeigniter4\framework\system\CodeIgniter.php(312): CodeIgniter\CodeIgniter->handleRequest(NULL, Object(Config\Cache), false)
#13 W:\domains\vanhtech.com.va\index.php(48): CodeIgniter\CodeIgniter->run()
#14 {main}
CRITICAL - 2022-02-12 03:55:01 --> Undefined index: bar_code
#0 W:\domains\vanhtech.com.va\app\Views\frontend\product\catalogue\index.php(44): CodeIgniter\Debug\Exceptions->errorHandler(8, 'Undefined index...', 'W:\\domains\\vanh...', 44, Array)
#1 W:\domains\vanhtech.com.va\vendor\codeigniter4\framework\system\View\View.php(246): include('W:\\domains\\vanh...')
#2 W:\domains\vanhtech.com.va\vendor\codeigniter4\framework\system\Common.php(1119): CodeIgniter\View\View->render('frontend/produc...', Array, true)
#3 W:\domains\vanhtech.com.va\app\Views\frontend\homepage\layout\home.php(72): view('frontend/produc...')
#4 W:\domains\vanhtech.com.va\vendor\codeigniter4\framework\system\View\View.php(246): include('W:\\domains\\vanh...')
#5 W:\domains\vanhtech.com.va\vendor\codeigniter4\framework\system\Common.php(1119): CodeIgniter\View\View->render('frontend/homepa...', Array, true)
#6 W:\domains\vanhtech.com.va\app\Controllers\Frontend\Product\Catalogue.php(214): view('frontend/homepa...', Array)
#7 W:\domains\vanhtech.com.va\vendor\codeigniter4\framework\system\View\Cell.php(180): App\Controllers\Frontend\Product\Catalogue->index(7, 0)
#8 W:\domains\vanhtech.com.va\vendor\codeigniter4\framework\system\Common.php(1140): CodeIgniter\View\Cell->render('\\App\\Controller...', 'id=7, page=1', 0, 'AppControllersF...')
#9 W:\domains\vanhtech.com.va\app\Controllers\Frontend\Homepage\Router.php(59): view_cell('\\App\\Controller...', 'id=7, page=1')
#10 W:\domains\vanhtech.com.va\vendor\codeigniter4\framework\system\CodeIgniter.php(918): App\Controllers\Frontend\Homepage\Router->index('civic')
#11 W:\domains\vanhtech.com.va\vendor\codeigniter4\framework\system\CodeIgniter.php(404): CodeIgniter\CodeIgniter->runController(Object(App\Controllers\Frontend\Homepage\Router))
#12 W:\domains\vanhtech.com.va\vendor\codeigniter4\framework\system\CodeIgniter.php(312): CodeIgniter\CodeIgniter->handleRequest(NULL, Object(Config\Cache), false)
#13 W:\domains\vanhtech.com.va\index.php(48): CodeIgniter\CodeIgniter->run()
#14 {main}
CRITICAL - 2022-02-12 03:55:13 --> Undefined index: model
#0 W:\domains\vanhtech.com.va\app\Views\frontend\product\catalogue\index.php(48): CodeIgniter\Debug\Exceptions->errorHandler(8, 'Undefined index...', 'W:\\domains\\vanh...', 48, Array)
#1 W:\domains\vanhtech.com.va\vendor\codeigniter4\framework\system\View\View.php(246): include('W:\\domains\\vanh...')
#2 W:\domains\vanhtech.com.va\vendor\codeigniter4\framework\system\Common.php(1119): CodeIgniter\View\View->render('frontend/produc...', Array, true)
#3 W:\domains\vanhtech.com.va\app\Views\frontend\homepage\layout\home.php(72): view('frontend/produc...')
#4 W:\domains\vanhtech.com.va\vendor\codeigniter4\framework\system\View\View.php(246): include('W:\\domains\\vanh...')
#5 W:\domains\vanhtech.com.va\vendor\codeigniter4\framework\system\Common.php(1119): CodeIgniter\View\View->render('frontend/homepa...', Array, true)
#6 W:\domains\vanhtech.com.va\app\Controllers\Frontend\Product\Catalogue.php(214): view('frontend/homepa...', Array)
#7 W:\domains\vanhtech.com.va\vendor\codeigniter4\framework\system\View\Cell.php(180): App\Controllers\Frontend\Product\Catalogue->index(7, 0)
#8 W:\domains\vanhtech.com.va\vendor\codeigniter4\framework\system\Common.php(1140): CodeIgniter\View\Cell->render('\\App\\Controller...', 'id=7, page=1', 0, 'AppControllersF...')
#9 W:\domains\vanhtech.com.va\app\Controllers\Frontend\Homepage\Router.php(59): view_cell('\\App\\Controller...', 'id=7, page=1')
#10 W:\domains\vanhtech.com.va\vendor\codeigniter4\framework\system\CodeIgniter.php(918): App\Controllers\Frontend\Homepage\Router->index('civic')
#11 W:\domains\vanhtech.com.va\vendor\codeigniter4\framework\system\CodeIgniter.php(404): CodeIgniter\CodeIgniter->runController(Object(App\Controllers\Frontend\Homepage\Router))
#12 W:\domains\vanhtech.com.va\vendor\codeigniter4\framework\system\CodeIgniter.php(312): CodeIgniter\CodeIgniter->handleRequest(NULL, Object(Config\Cache), false)
#13 W:\domains\vanhtech.com.va\index.php(48): CodeIgniter\CodeIgniter->run()
#14 {main}
CRITICAL - 2022-02-12 04:00:13 --> Array to string conversion
#0 W:\domains\vanhtech.com.va\app\Views\frontend\product\product\index.php(21): CodeIgniter\Debug\Exceptions->errorHandler(8, 'Array to string...', 'W:\\domains\\vanh...', 21, Array)
#1 W:\domains\vanhtech.com.va\vendor\codeigniter4\framework\system\View\View.php(246): include('W:\\domains\\vanh...')
#2 W:\domains\vanhtech.com.va\vendor\codeigniter4\framework\system\Common.php(1119): CodeIgniter\View\View->render('frontend/produc...', Array, true)
#3 W:\domains\vanhtech.com.va\app\Views\frontend\homepage\layout\home.php(72): view('frontend/produc...')
#4 W:\domains\vanhtech.com.va\vendor\codeigniter4\framework\system\View\View.php(246): include('W:\\domains\\vanh...')
#5 W:\domains\vanhtech.com.va\vendor\codeigniter4\framework\system\Common.php(1119): CodeIgniter\View\View->render('frontend/homepa...', Array, true)
#6 W:\domains\vanhtech.com.va\app\Controllers\Frontend\Product\Product.php(125): view('frontend/homepa...', Array)
#7 W:\domains\vanhtech.com.va\vendor\codeigniter4\framework\system\View\Cell.php(180): App\Controllers\Frontend\Product\Product->index(Array, '1')
#8 W:\domains\vanhtech.com.va\vendor\codeigniter4\framework\system\Common.php(1140): CodeIgniter\View\Cell->render('\\App\\Controller...', 'id=3, page=1', 0, 'AppControllersF...')
#9 W:\domains\vanhtech.com.va\app\Controllers\Frontend\Homepage\Router.php(59): view_cell('\\App\\Controller...', 'id=3, page=1')
#10 W:\domains\vanhtech.com.va\vendor\codeigniter4\framework\system\CodeIgniter.php(918): App\Controllers\Frontend\Homepage\Router->index('honda-93891-050...')
#11 W:\domains\vanhtech.com.va\vendor\codeigniter4\framework\system\CodeIgniter.php(404): CodeIgniter\CodeIgniter->runController(Object(App\Controllers\Frontend\Homepage\Router))
#12 W:\domains\vanhtech.com.va\vendor\codeigniter4\framework\system\CodeIgniter.php(312): CodeIgniter\CodeIgniter->handleRequest(NULL, Object(Config\Cache), false)
#13 W:\domains\vanhtech.com.va\index.php(48): CodeIgniter\CodeIgniter->run()
#14 {main}
CRITICAL - 2022-02-12 04:00:17 --> Array to string conversion
#0 W:\domains\vanhtech.com.va\app\Views\frontend\product\product\index.php(21): CodeIgniter\Debug\Exceptions->errorHandler(8, 'Array to string...', 'W:\\domains\\vanh...', 21, Array)
#1 W:\domains\vanhtech.com.va\vendor\codeigniter4\framework\system\View\View.php(246): include('W:\\domains\\vanh...')
#2 W:\domains\vanhtech.com.va\vendor\codeigniter4\framework\system\Common.php(1119): CodeIgniter\View\View->render('frontend/produc...', Array, true)
#3 W:\domains\vanhtech.com.va\app\Views\frontend\homepage\layout\home.php(72): view('frontend/produc...')
#4 W:\domains\vanhtech.com.va\vendor\codeigniter4\framework\system\View\View.php(246): include('W:\\domains\\vanh...')
#5 W:\domains\vanhtech.com.va\vendor\codeigniter4\framework\system\Common.php(1119): CodeIgniter\View\View->render('frontend/homepa...', Array, true)
#6 W:\domains\vanhtech.com.va\app\Controllers\Frontend\Product\Product.php(125): view('frontend/homepa...', Array)
#7 W:\domains\vanhtech.com.va\vendor\codeigniter4\framework\system\View\Cell.php(180): App\Controllers\Frontend\Product\Product->index(Array, '1')
#8 W:\domains\vanhtech.com.va\vendor\codeigniter4\framework\system\Common.php(1140): CodeIgniter\View\Cell->render('\\App\\Controller...', 'id=3, page=1', 0, 'AppControllersF...')
#9 W:\domains\vanhtech.com.va\app\Controllers\Frontend\Homepage\Router.php(59): view_cell('\\App\\Controller...', 'id=3, page=1')
#10 W:\domains\vanhtech.com.va\vendor\codeigniter4\framework\system\CodeIgniter.php(918): App\Controllers\Frontend\Homepage\Router->index('honda-93891-050...')
#11 W:\domains\vanhtech.com.va\vendor\codeigniter4\framework\system\CodeIgniter.php(404): CodeIgniter\CodeIgniter->runController(Object(App\Controllers\Frontend\Homepage\Router))
#12 W:\domains\vanhtech.com.va\vendor\codeigniter4\framework\system\CodeIgniter.php(312): CodeIgniter\CodeIgniter->handleRequest(NULL, Object(Config\Cache), false)
#13 W:\domains\vanhtech.com.va\index.php(48): CodeIgniter\CodeIgniter->run()
#14 {main}
CRITICAL - 2022-02-12 04:17:16 --> Undefined index: contact_address
#0 W:\domains\vanhtech.com.va\app\Controllers\Frontend\Product\Cart.php(254): CodeIgniter\Debug\Exceptions->errorHandler(8, 'Undefined index...', 'W:\\domains\\vanh...', 254, Array)
#1 W:\domains\vanhtech.com.va\app\Controllers\Frontend\Product\Cart.php(98): App\Controllers\Frontend\Product\Cart->send_mail(Array, Array, 'ORDER_000001')
#2 W:\domains\vanhtech.com.va\vendor\codeigniter4\framework\system\CodeIgniter.php(918): App\Controllers\Frontend\Product\Cart->pay()
#3 W:\domains\vanhtech.com.va\vendor\codeigniter4\framework\system\CodeIgniter.php(404): CodeIgniter\CodeIgniter->runController(Object(App\Controllers\Frontend\Product\Cart))
#4 W:\domains\vanhtech.com.va\vendor\codeigniter4\framework\system\CodeIgniter.php(312): CodeIgniter\CodeIgniter->handleRequest(NULL, Object(Config\Cache), false)
#5 W:\domains\vanhtech.com.va\index.php(48): CodeIgniter\CodeIgniter->run()
#6 {main}
CRITICAL - 2022-02-12 04:26:02 --> Illegal string offset 'canonical'
#0 W:\domains\vanhtech.com.va\app\Views\frontend\product\product\index.php(41): CodeIgniter\Debug\Exceptions->errorHandler(2, 'Illegal string ...', 'W:\\domains\\vanh...', 41, Array)
#1 W:\domains\vanhtech.com.va\vendor\codeigniter4\framework\system\View\View.php(246): include('W:\\domains\\vanh...')
#2 W:\domains\vanhtech.com.va\vendor\codeigniter4\framework\system\Common.php(1119): CodeIgniter\View\View->render('frontend/produc...', Array, true)
#3 W:\domains\vanhtech.com.va\app\Views\frontend\homepage\layout\home.php(72): view('frontend/produc...')
#4 W:\domains\vanhtech.com.va\vendor\codeigniter4\framework\system\View\View.php(246): include('W:\\domains\\vanh...')
#5 W:\domains\vanhtech.com.va\vendor\codeigniter4\framework\system\Common.php(1119): CodeIgniter\View\View->render('frontend/homepa...', Array, true)
#6 W:\domains\vanhtech.com.va\app\Controllers\Frontend\Product\Product.php(125): view('frontend/homepa...', Array)
#7 W:\domains\vanhtech.com.va\vendor\codeigniter4\framework\system\View\Cell.php(180): App\Controllers\Frontend\Product\Product->index(Array, '1')
#8 W:\domains\vanhtech.com.va\vendor\codeigniter4\framework\system\Common.php(1140): CodeIgniter\View\Cell->render('\\App\\Controller...', 'id=4, page=1', 0, 'AppControllersF...')
#9 W:\domains\vanhtech.com.va\app\Controllers\Frontend\Homepage\Router.php(59): view_cell('\\App\\Controller...', 'id=4, page=1')
#10 W:\domains\vanhtech.com.va\vendor\codeigniter4\framework\system\CodeIgniter.php(918): App\Controllers\Frontend\Homepage\Router->index('honda-36220-ph4...')
#11 W:\domains\vanhtech.com.va\vendor\codeigniter4\framework\system\CodeIgniter.php(404): CodeIgniter\CodeIgniter->runController(Object(App\Controllers\Frontend\Homepage\Router))
#12 W:\domains\vanhtech.com.va\vendor\codeigniter4\framework\system\CodeIgniter.php(312): CodeIgniter\CodeIgniter->handleRequest(NULL, Object(Config\Cache), false)
#13 W:\domains\vanhtech.com.va\index.php(48): CodeIgniter\CodeIgniter->run()
#14 {main}
CRITICAL - 2022-02-12 04:26:21 --> Illegal string offset 'canonical'
#0 W:\domains\vanhtech.com.va\app\Views\frontend\product\product\index.php(41): CodeIgniter\Debug\Exceptions->errorHandler(2, 'Illegal string ...', 'W:\\domains\\vanh...', 41, Array)
#1 W:\domains\vanhtech.com.va\vendor\codeigniter4\framework\system\View\View.php(246): include('W:\\domains\\vanh...')
#2 W:\domains\vanhtech.com.va\vendor\codeigniter4\framework\system\Common.php(1119): CodeIgniter\View\View->render('frontend/produc...', Array, true)
#3 W:\domains\vanhtech.com.va\app\Views\frontend\homepage\layout\home.php(72): view('frontend/produc...')
#4 W:\domains\vanhtech.com.va\vendor\codeigniter4\framework\system\View\View.php(246): include('W:\\domains\\vanh...')
#5 W:\domains\vanhtech.com.va\vendor\codeigniter4\framework\system\Common.php(1119): CodeIgniter\View\View->render('frontend/homepa...', Array, true)
#6 W:\domains\vanhtech.com.va\app\Controllers\Frontend\Product\Product.php(125): view('frontend/homepa...', Array)
#7 W:\domains\vanhtech.com.va\vendor\codeigniter4\framework\system\View\Cell.php(180): App\Controllers\Frontend\Product\Product->index(Array, '1')
#8 W:\domains\vanhtech.com.va\vendor\codeigniter4\framework\system\Common.php(1140): CodeIgniter\View\Cell->render('\\App\\Controller...', 'id=4, page=1', 0, 'AppControllersF...')
#9 W:\domains\vanhtech.com.va\app\Controllers\Frontend\Homepage\Router.php(59): view_cell('\\App\\Controller...', 'id=4, page=1')
#10 W:\domains\vanhtech.com.va\vendor\codeigniter4\framework\system\CodeIgniter.php(918): App\Controllers\Frontend\Homepage\Router->index('honda-36220-ph4...')
#11 W:\domains\vanhtech.com.va\vendor\codeigniter4\framework\system\CodeIgniter.php(404): CodeIgniter\CodeIgniter->runController(Object(App\Controllers\Frontend\Homepage\Router))
#12 W:\domains\vanhtech.com.va\vendor\codeigniter4\framework\system\CodeIgniter.php(312): CodeIgniter\CodeIgniter->handleRequest(NULL, Object(Config\Cache), false)
#13 W:\domains\vanhtech.com.va\index.php(48): CodeIgniter\CodeIgniter->run()
#14 {main}
CRITICAL - 2022-02-12 04:29:02 --> Undefined variable: article
#0 W:\domains\vanhtech.com.va\app\Controllers\Frontend\Search\Search.php(20): CodeIgniter\Debug\Exceptions->errorHandler(8, 'Undefined varia...', 'W:\\domains\\vanh...', 20, Array)
#1 W:\domains\vanhtech.com.va\vendor\codeigniter4\framework\system\View\Cell.php(180): App\Controllers\Frontend\Search\Search->index('0', '')
#2 W:\domains\vanhtech.com.va\vendor\codeigniter4\framework\system\Common.php(1140): CodeIgniter\View\Cell->render('\\App\\Controller...', 'page=0, module=', 0, 'AppControllersF...')
#3 W:\domains\vanhtech.com.va\app\Controllers\Frontend\Homepage\Router.php(41): view_cell('\\App\\Controller...', 'page=0, module=')
#4 W:\domains\vanhtech.com.va\vendor\codeigniter4\framework\system\CodeIgniter.php(918): App\Controllers\Frontend\Homepage\Router->search(0)
#5 W:\domains\vanhtech.com.va\vendor\codeigniter4\framework\system\CodeIgniter.php(404): CodeIgniter\CodeIgniter->runController(Object(App\Controllers\Frontend\Homepage\Router))
#6 W:\domains\vanhtech.com.va\vendor\codeigniter4\framework\system\CodeIgniter.php(312): CodeIgniter\CodeIgniter->handleRequest(NULL, Object(Config\Cache), false)
#7 W:\domains\vanhtech.com.va\index.php(48): CodeIgniter\CodeIgniter->run()
#8 {main}
CRITICAL - 2022-02-12 04:29:11 --> Undefined variable: count_product
#0 W:\domains\vanhtech.com.va\app\Views\frontend\product\catalogue\index.php(18): CodeIgniter\Debug\Exceptions->errorHandler(8, 'Undefined varia...', 'W:\\domains\\vanh...', 18, Array)
#1 W:\domains\vanhtech.com.va\vendor\codeigniter4\framework\system\View\View.php(246): include('W:\\domains\\vanh...')
#2 W:\domains\vanhtech.com.va\vendor\codeigniter4\framework\system\Common.php(1119): CodeIgniter\View\View->render('frontend/produc...', Array, true)
#3 W:\domains\vanhtech.com.va\app\Views\frontend\homepage\layout\home.php(72): view('frontend/produc...')
#4 W:\domains\vanhtech.com.va\vendor\codeigniter4\framework\system\View\View.php(246): include('W:\\domains\\vanh...')
#5 W:\domains\vanhtech.com.va\vendor\codeigniter4\framework\system\Common.php(1119): CodeIgniter\View\View->render('frontend/homepa...', Array, true)
#6 W:\domains\vanhtech.com.va\app\Controllers\Frontend\Search\Search.php(43): view('frontend/homepa...', Array)
#7 W:\domains\vanhtech.com.va\vendor\codeigniter4\framework\system\View\Cell.php(180): App\Controllers\Frontend\Search\Search->index('0', '')
#8 W:\domains\vanhtech.com.va\vendor\codeigniter4\framework\system\Common.php(1140): CodeIgniter\View\Cell->render('\\App\\Controller...', 'page=0, module=', 0, 'AppControllersF...')
#9 W:\domains\vanhtech.com.va\app\Controllers\Frontend\Homepage\Router.php(41): view_cell('\\App\\Controller...', 'page=0, module=')
#10 W:\domains\vanhtech.com.va\vendor\codeigniter4\framework\system\CodeIgniter.php(918): App\Controllers\Frontend\Homepage\Router->search(0)
#11 W:\domains\vanhtech.com.va\vendor\codeigniter4\framework\system\CodeIgniter.php(404): CodeIgniter\CodeIgniter->runController(Object(App\Controllers\Frontend\Homepage\Router))
#12 W:\domains\vanhtech.com.va\vendor\codeigniter4\framework\system\CodeIgniter.php(312): CodeIgniter\CodeIgniter->handleRequest(NULL, Object(Config\Cache), false)
#13 W:\domains\vanhtech.com.va\index.php(48): CodeIgniter\CodeIgniter->run()
#14 {main}
CRITICAL - 2022-02-12 04:29:13 --> Undefined variable: count_product
#0 W:\domains\vanhtech.com.va\app\Views\frontend\product\catalogue\index.php(18): CodeIgniter\Debug\Exceptions->errorHandler(8, 'Undefined varia...', 'W:\\domains\\vanh...', 18, Array)
#1 W:\domains\vanhtech.com.va\vendor\codeigniter4\framework\system\View\View.php(246): include('W:\\domains\\vanh...')
#2 W:\domains\vanhtech.com.va\vendor\codeigniter4\framework\system\Common.php(1119): CodeIgniter\View\View->render('frontend/produc...', Array, true)
#3 W:\domains\vanhtech.com.va\app\Views\frontend\homepage\layout\home.php(72): view('frontend/produc...')
#4 W:\domains\vanhtech.com.va\vendor\codeigniter4\framework\system\View\View.php(246): include('W:\\domains\\vanh...')
#5 W:\domains\vanhtech.com.va\vendor\codeigniter4\framework\system\Common.php(1119): CodeIgniter\View\View->render('frontend/homepa...', Array, true)
#6 W:\domains\vanhtech.com.va\app\Controllers\Frontend\Search\Search.php(43): view('frontend/homepa...', Array)
#7 W:\domains\vanhtech.com.va\vendor\codeigniter4\framework\system\View\Cell.php(180): App\Controllers\Frontend\Search\Search->index('0', '')
#8 W:\domains\vanhtech.com.va\vendor\codeigniter4\framework\system\Common.php(1140): CodeIgniter\View\Cell->render('\\App\\Controller...', 'page=0, module=', 0, 'AppControllersF...')
#9 W:\domains\vanhtech.com.va\app\Controllers\Frontend\Homepage\Router.php(41): view_cell('\\App\\Controller...', 'page=0, module=')
#10 W:\domains\vanhtech.com.va\vendor\codeigniter4\framework\system\CodeIgniter.php(918): App\Controllers\Frontend\Homepage\Router->search(0)
#11 W:\domains\vanhtech.com.va\vendor\codeigniter4\framework\system\CodeIgniter.php(404): CodeIgniter\CodeIgniter->runController(Object(App\Controllers\Frontend\Homepage\Router))
#12 W:\domains\vanhtech.com.va\vendor\codeigniter4\framework\system\CodeIgniter.php(312): CodeIgniter\CodeIgniter->handleRequest(NULL, Object(Config\Cache), false)
#13 W:\domains\vanhtech.com.va\index.php(48): CodeIgniter\CodeIgniter->run()
#14 {main}
CRITICAL - 2022-02-12 04:30:17 --> Undefined index: productid
#0 W:\domains\vanhtech.com.va\app\Views\frontend\product\catalogue\index.php(38): CodeIgniter\Debug\Exceptions->errorHandler(8, 'Undefined index...', 'W:\\domains\\vanh...', 38, Array)
#1 W:\domains\vanhtech.com.va\vendor\codeigniter4\framework\system\View\View.php(246): include('W:\\domains\\vanh...')
#2 W:\domains\vanhtech.com.va\vendor\codeigniter4\framework\system\Common.php(1119): CodeIgniter\View\View->render('frontend/produc...', Array, true)
#3 W:\domains\vanhtech.com.va\app\Views\frontend\homepage\layout\home.php(72): view('frontend/produc...')
#4 W:\domains\vanhtech.com.va\vendor\codeigniter4\framework\system\View\View.php(246): include('W:\\domains\\vanh...')
#5 W:\domains\vanhtech.com.va\vendor\codeigniter4\framework\system\Common.php(1119): CodeIgniter\View\View->render('frontend/homepa...', Array, true)
#6 W:\domains\vanhtech.com.va\app\Controllers\Frontend\Search\Search.php(44): view('frontend/homepa...', Array)
#7 W:\domains\vanhtech.com.va\vendor\codeigniter4\framework\system\View\Cell.php(180): App\Controllers\Frontend\Search\Search->index('0', '')
#8 W:\domains\vanhtech.com.va\vendor\codeigniter4\framework\system\Common.php(1140): CodeIgniter\View\Cell->render('\\App\\Controller...', 'page=0, module=', 0, 'AppControllersF...')
#9 W:\domains\vanhtech.com.va\app\Controllers\Frontend\Homepage\Router.php(41): view_cell('\\App\\Controller...', 'page=0, module=')
#10 W:\domains\vanhtech.com.va\vendor\codeigniter4\framework\system\CodeIgniter.php(918): App\Controllers\Frontend\Homepage\Router->search(0)
#11 W:\domains\vanhtech.com.va\vendor\codeigniter4\framework\system\CodeIgniter.php(404): CodeIgniter\CodeIgniter->runController(Object(App\Controllers\Frontend\Homepage\Router))
#12 W:\domains\vanhtech.com.va\vendor\codeigniter4\framework\system\CodeIgniter.php(312): CodeIgniter\CodeIgniter->handleRequest(NULL, Object(Config\Cache), false)
#13 W:\domains\vanhtech.com.va\index.php(48): CodeIgniter\CodeIgniter->run()
#14 {main}
