CRITICAL - 2021-04-23 02:39:21 --> Undefined index: homepage_favicon
#0 E:\OpenServer\domains\ht.bijisam.com\app\Views\frontend\homepage\layout\home.php(17): CodeIgniter\Debug\Exceptions->errorHandler(8, 'Undefined index...', 'E:\\OpenServer\\d...', 17, Array)
#1 E:\OpenServer\domains\ht.bijisam.com\vendor\codeigniter4\framework\system\View\View.php(246): include('E:\\OpenServer\\d...')
#2 E:\OpenServer\domains\ht.bijisam.com\vendor\codeigniter4\framework\system\Common.php(1119): CodeIgniter\View\View->render('frontend/homepa...', Array, true)
#3 E:\OpenServer\domains\ht.bijisam.com\app\Controllers\Frontend\Homepage\Home.php(28): view('frontend/homepa...', Array)
#4 E:\OpenServer\domains\ht.bijisam.com\vendor\codeigniter4\framework\system\CodeIgniter.php(918): App\Controllers\Frontend\Homepage\Home->index()
#5 E:\OpenServer\domains\ht.bijisam.com\vendor\codeigniter4\framework\system\CodeIgniter.php(404): CodeIgniter\CodeIgniter->runController(Object(App\Controllers\Frontend\Homepage\Home))
#6 E:\OpenServer\domains\ht.bijisam.com\vendor\codeigniter4\framework\system\CodeIgniter.php(312): CodeIgniter\CodeIgniter->handleRequest(NULL, Object(Config\Cache), false)
#7 E:\OpenServer\domains\ht.bijisam.com\index.php(48): CodeIgniter\CodeIgniter->run()
#8 {main}
CRITICAL - 2021-04-23 02:42:30 --> Undefined index: contact2_address
#0 E:\OpenServer\domains\ht.bijisam.com\app\Views\frontend\homepage\common\footer.php(24): CodeIgniter\Debug\Exceptions->errorHandler(8, 'Undefined index...', 'E:\\OpenServer\\d...', 24, Array)
#1 E:\OpenServer\domains\ht.bijisam.com\vendor\codeigniter4\framework\system\View\View.php(246): include('E:\\OpenServer\\d...')
#2 E:\OpenServer\domains\ht.bijisam.com\vendor\codeigniter4\framework\system\Common.php(1119): CodeIgniter\View\View->render('frontend/homepa...', Array, true)
#3 E:\OpenServer\domains\ht.bijisam.com\app\Views\frontend\homepage\layout\home.php(68): view('frontend/homepa...')
#4 E:\OpenServer\domains\ht.bijisam.com\vendor\codeigniter4\framework\system\View\View.php(246): include('E:\\OpenServer\\d...')
#5 E:\OpenServer\domains\ht.bijisam.com\vendor\codeigniter4\framework\system\Common.php(1119): CodeIgniter\View\View->render('frontend/homepa...', Array, true)
#6 E:\OpenServer\domains\ht.bijisam.com\app\Controllers\Frontend\Homepage\Home.php(28): view('frontend/homepa...', Array)
#7 E:\OpenServer\domains\ht.bijisam.com\vendor\codeigniter4\framework\system\CodeIgniter.php(918): App\Controllers\Frontend\Homepage\Home->index()
#8 E:\OpenServer\domains\ht.bijisam.com\vendor\codeigniter4\framework\system\CodeIgniter.php(404): CodeIgniter\CodeIgniter->runController(Object(App\Controllers\Frontend\Homepage\Home))
#9 E:\OpenServer\domains\ht.bijisam.com\vendor\codeigniter4\framework\system\CodeIgniter.php(312): CodeIgniter\CodeIgniter->handleRequest(NULL, Object(Config\Cache), false)
#10 E:\OpenServer\domains\ht.bijisam.com\index.php(48): CodeIgniter\CodeIgniter->run()
#11 {main}
CRITICAL - 2021-04-23 02:42:31 --> Undefined index: contact2_address
#0 E:\OpenServer\domains\ht.bijisam.com\app\Views\frontend\homepage\common\footer.php(24): CodeIgniter\Debug\Exceptions->errorHandler(8, 'Undefined index...', 'E:\\OpenServer\\d...', 24, Array)
#1 E:\OpenServer\domains\ht.bijisam.com\vendor\codeigniter4\framework\system\View\View.php(246): include('E:\\OpenServer\\d...')
#2 E:\OpenServer\domains\ht.bijisam.com\vendor\codeigniter4\framework\system\Common.php(1119): CodeIgniter\View\View->render('frontend/homepa...', Array, true)
#3 E:\OpenServer\domains\ht.bijisam.com\app\Views\frontend\homepage\layout\home.php(68): view('frontend/homepa...')
#4 E:\OpenServer\domains\ht.bijisam.com\vendor\codeigniter4\framework\system\View\View.php(246): include('E:\\OpenServer\\d...')
#5 E:\OpenServer\domains\ht.bijisam.com\vendor\codeigniter4\framework\system\Common.php(1119): CodeIgniter\View\View->render('frontend/homepa...', Array, true)
#6 E:\OpenServer\domains\ht.bijisam.com\app\Controllers\Frontend\Homepage\Home.php(28): view('frontend/homepa...', Array)
#7 E:\OpenServer\domains\ht.bijisam.com\vendor\codeigniter4\framework\system\CodeIgniter.php(918): App\Controllers\Frontend\Homepage\Home->index()
#8 E:\OpenServer\domains\ht.bijisam.com\vendor\codeigniter4\framework\system\CodeIgniter.php(404): CodeIgniter\CodeIgniter->runController(Object(App\Controllers\Frontend\Homepage\Home))
#9 E:\OpenServer\domains\ht.bijisam.com\vendor\codeigniter4\framework\system\CodeIgniter.php(312): CodeIgniter\CodeIgniter->handleRequest(NULL, Object(Config\Cache), false)
#10 E:\OpenServer\domains\ht.bijisam.com\index.php(48): CodeIgniter\CodeIgniter->run()
#11 {main}
CRITICAL - 2021-04-23 02:48:02 --> Undefined offset: 0
#0 E:\OpenServer\domains\ht.bijisam.com\app\Views\backend\menu\menu\store.php(84): CodeIgniter\Debug\Exceptions->errorHandler(8, 'Undefined offse...', 'E:\\OpenServer\\d...', 84, Array)
#1 E:\OpenServer\domains\ht.bijisam.com\vendor\codeigniter4\framework\system\View\View.php(246): include('E:\\OpenServer\\d...')
#2 E:\OpenServer\domains\ht.bijisam.com\vendor\codeigniter4\framework\system\Common.php(1119): CodeIgniter\View\View->render('backend/menu/me...', Array, true)
#3 E:\OpenServer\domains\ht.bijisam.com\app\Views\backend\dashboard\layout\home.php(42): view('backend/menu/me...')
#4 E:\OpenServer\domains\ht.bijisam.com\vendor\codeigniter4\framework\system\View\View.php(246): include('E:\\OpenServer\\d...')
#5 E:\OpenServer\domains\ht.bijisam.com\vendor\codeigniter4\framework\system\Common.php(1119): CodeIgniter\View\View->render('backend/dashboa...', Array, true)
#6 E:\OpenServer\domains\ht.bijisam.com\app\Controllers\Backend\Menu\Menu.php(230): view('backend/dashboa...', Array)
#7 E:\OpenServer\domains\ht.bijisam.com\vendor\codeigniter4\framework\system\CodeIgniter.php(918): App\Controllers\Backend\Menu\Menu->createmenu('vi')
#8 E:\OpenServer\domains\ht.bijisam.com\vendor\codeigniter4\framework\system\CodeIgniter.php(404): CodeIgniter\CodeIgniter->runController(Object(App\Controllers\Backend\Menu\Menu))
#9 E:\OpenServer\domains\ht.bijisam.com\vendor\codeigniter4\framework\system\CodeIgniter.php(312): CodeIgniter\CodeIgniter->handleRequest(NULL, Object(Config\Cache), false)
#10 E:\OpenServer\domains\ht.bijisam.com\index.php(48): CodeIgniter\CodeIgniter->run()
#11 {main}
CRITICAL - 2021-04-23 02:50:21 --> syntax error, unexpected '}', expecting ';'
#0 E:\OpenServer\domains\ht.bijisam.com\vendor\codeigniter4\framework\system\Router\Router.php(195): CodeIgniter\Router\Router->autoRoute('backend/menu/me...')
#1 E:\OpenServer\domains\ht.bijisam.com\vendor\codeigniter4\framework\system\CodeIgniter.php(793): CodeIgniter\Router\Router->handle('backend/menu/me...')
#2 E:\OpenServer\domains\ht.bijisam.com\vendor\codeigniter4\framework\system\CodeIgniter.php(364): CodeIgniter\CodeIgniter->tryToRouteIt(Object(CodeIgniter\Router\RouteCollection))
#3 E:\OpenServer\domains\ht.bijisam.com\vendor\codeigniter4\framework\system\CodeIgniter.php(312): CodeIgniter\CodeIgniter->handleRequest(NULL, Object(Config\Cache), false)
#4 E:\OpenServer\domains\ht.bijisam.com\index.php(48): CodeIgniter\CodeIgniter->run()
#5 {main}
CRITICAL - 2021-04-23 02:50:22 --> syntax error, unexpected '}', expecting ';'
#0 E:\OpenServer\domains\ht.bijisam.com\vendor\codeigniter4\framework\system\Router\Router.php(195): CodeIgniter\Router\Router->autoRoute('backend/menu/me...')
#1 E:\OpenServer\domains\ht.bijisam.com\vendor\codeigniter4\framework\system\CodeIgniter.php(793): CodeIgniter\Router\Router->handle('backend/menu/me...')
#2 E:\OpenServer\domains\ht.bijisam.com\vendor\codeigniter4\framework\system\CodeIgniter.php(364): CodeIgniter\CodeIgniter->tryToRouteIt(Object(CodeIgniter\Router\RouteCollection))
#3 E:\OpenServer\domains\ht.bijisam.com\vendor\codeigniter4\framework\system\CodeIgniter.php(312): CodeIgniter\CodeIgniter->handleRequest(NULL, Object(Config\Cache), false)
#4 E:\OpenServer\domains\ht.bijisam.com\index.php(48): CodeIgniter\CodeIgniter->run()
#5 {main}
CRITICAL - 2021-04-23 02:50:45 --> Undefined offset: 0
#0 E:\OpenServer\domains\ht.bijisam.com\app\Views\backend\menu\menu\store.php(83): CodeIgniter\Debug\Exceptions->errorHandler(8, 'Undefined offse...', 'E:\\OpenServer\\d...', 83, Array)
#1 E:\OpenServer\domains\ht.bijisam.com\vendor\codeigniter4\framework\system\View\View.php(246): include('E:\\OpenServer\\d...')
#2 E:\OpenServer\domains\ht.bijisam.com\vendor\codeigniter4\framework\system\Common.php(1119): CodeIgniter\View\View->render('backend/menu/me...', Array, true)
#3 E:\OpenServer\domains\ht.bijisam.com\app\Views\backend\dashboard\layout\home.php(42): view('backend/menu/me...')
#4 E:\OpenServer\domains\ht.bijisam.com\vendor\codeigniter4\framework\system\View\View.php(246): include('E:\\OpenServer\\d...')
#5 E:\OpenServer\domains\ht.bijisam.com\vendor\codeigniter4\framework\system\Common.php(1119): CodeIgniter\View\View->render('backend/dashboa...', Array, true)
#6 E:\OpenServer\domains\ht.bijisam.com\app\Controllers\Backend\Menu\Menu.php(230): view('backend/dashboa...', Array)
#7 E:\OpenServer\domains\ht.bijisam.com\vendor\codeigniter4\framework\system\CodeIgniter.php(918): App\Controllers\Backend\Menu\Menu->createmenu('vi')
#8 E:\OpenServer\domains\ht.bijisam.com\vendor\codeigniter4\framework\system\CodeIgniter.php(404): CodeIgniter\CodeIgniter->runController(Object(App\Controllers\Backend\Menu\Menu))
#9 E:\OpenServer\domains\ht.bijisam.com\vendor\codeigniter4\framework\system\CodeIgniter.php(312): CodeIgniter\CodeIgniter->handleRequest(NULL, Object(Config\Cache), false)
#10 E:\OpenServer\domains\ht.bijisam.com\index.php(48): CodeIgniter\CodeIgniter->run()
#11 {main}
CRITICAL - 2021-04-23 02:50:46 --> Undefined offset: 0
#0 E:\OpenServer\domains\ht.bijisam.com\app\Views\backend\menu\menu\store.php(83): CodeIgniter\Debug\Exceptions->errorHandler(8, 'Undefined offse...', 'E:\\OpenServer\\d...', 83, Array)
#1 E:\OpenServer\domains\ht.bijisam.com\vendor\codeigniter4\framework\system\View\View.php(246): include('E:\\OpenServer\\d...')
#2 E:\OpenServer\domains\ht.bijisam.com\vendor\codeigniter4\framework\system\Common.php(1119): CodeIgniter\View\View->render('backend/menu/me...', Array, true)
#3 E:\OpenServer\domains\ht.bijisam.com\app\Views\backend\dashboard\layout\home.php(42): view('backend/menu/me...')
#4 E:\OpenServer\domains\ht.bijisam.com\vendor\codeigniter4\framework\system\View\View.php(246): include('E:\\OpenServer\\d...')
#5 E:\OpenServer\domains\ht.bijisam.com\vendor\codeigniter4\framework\system\Common.php(1119): CodeIgniter\View\View->render('backend/dashboa...', Array, true)
#6 E:\OpenServer\domains\ht.bijisam.com\app\Controllers\Backend\Menu\Menu.php(230): view('backend/dashboa...', Array)
#7 E:\OpenServer\domains\ht.bijisam.com\vendor\codeigniter4\framework\system\CodeIgniter.php(918): App\Controllers\Backend\Menu\Menu->createmenu('vi')
#8 E:\OpenServer\domains\ht.bijisam.com\vendor\codeigniter4\framework\system\CodeIgniter.php(404): CodeIgniter\CodeIgniter->runController(Object(App\Controllers\Backend\Menu\Menu))
#9 E:\OpenServer\domains\ht.bijisam.com\vendor\codeigniter4\framework\system\CodeIgniter.php(312): CodeIgniter\CodeIgniter->handleRequest(NULL, Object(Config\Cache), false)
#10 E:\OpenServer\domains\ht.bijisam.com\index.php(48): CodeIgniter\CodeIgniter->run()
#11 {main}
CRITICAL - 2021-04-23 02:57:40 --> syntax error, unexpected '?>'
#0 E:\OpenServer\domains\ht.bijisam.com\vendor\codeigniter4\framework\system\Common.php(1119): CodeIgniter\View\View->render('frontend/homepa...', Array, true)
#1 E:\OpenServer\domains\ht.bijisam.com\app\Views\frontend\homepage\layout\home.php(66): view('frontend/homepa...')
#2 E:\OpenServer\domains\ht.bijisam.com\vendor\codeigniter4\framework\system\View\View.php(246): include('E:\\OpenServer\\d...')
#3 E:\OpenServer\domains\ht.bijisam.com\vendor\codeigniter4\framework\system\Common.php(1119): CodeIgniter\View\View->render('frontend/homepa...', Array, true)
#4 E:\OpenServer\domains\ht.bijisam.com\app\Controllers\Frontend\Homepage\Home.php(28): view('frontend/homepa...', Array)
#5 E:\OpenServer\domains\ht.bijisam.com\vendor\codeigniter4\framework\system\CodeIgniter.php(918): App\Controllers\Frontend\Homepage\Home->index()
#6 E:\OpenServer\domains\ht.bijisam.com\vendor\codeigniter4\framework\system\CodeIgniter.php(404): CodeIgniter\CodeIgniter->runController(Object(App\Controllers\Frontend\Homepage\Home))
#7 E:\OpenServer\domains\ht.bijisam.com\vendor\codeigniter4\framework\system\CodeIgniter.php(312): CodeIgniter\CodeIgniter->handleRequest(NULL, Object(Config\Cache), false)
#8 E:\OpenServer\domains\ht.bijisam.com\index.php(48): CodeIgniter\CodeIgniter->run()
#9 {main}
CRITICAL - 2021-04-23 02:57:40 --> syntax error, unexpected '?>'
#0 E:\OpenServer\domains\ht.bijisam.com\vendor\codeigniter4\framework\system\Common.php(1119): CodeIgniter\View\View->render('frontend/homepa...', Array, true)
#1 E:\OpenServer\domains\ht.bijisam.com\app\Views\frontend\homepage\layout\home.php(66): view('frontend/homepa...')
#2 E:\OpenServer\domains\ht.bijisam.com\vendor\codeigniter4\framework\system\View\View.php(246): include('E:\\OpenServer\\d...')
#3 E:\OpenServer\domains\ht.bijisam.com\vendor\codeigniter4\framework\system\Common.php(1119): CodeIgniter\View\View->render('frontend/homepa...', Array, true)
#4 E:\OpenServer\domains\ht.bijisam.com\app\Controllers\Frontend\Homepage\Home.php(28): view('frontend/homepa...', Array)
#5 E:\OpenServer\domains\ht.bijisam.com\vendor\codeigniter4\framework\system\CodeIgniter.php(918): App\Controllers\Frontend\Homepage\Home->index()
#6 E:\OpenServer\domains\ht.bijisam.com\vendor\codeigniter4\framework\system\CodeIgniter.php(404): CodeIgniter\CodeIgniter->runController(Object(App\Controllers\Frontend\Homepage\Home))
#7 E:\OpenServer\domains\ht.bijisam.com\vendor\codeigniter4\framework\system\CodeIgniter.php(312): CodeIgniter\CodeIgniter->handleRequest(NULL, Object(Config\Cache), false)
#8 E:\OpenServer\domains\ht.bijisam.com\index.php(48): CodeIgniter\CodeIgniter->run()
#9 {main}
CRITICAL - 2021-04-23 02:57:40 --> syntax error, unexpected '?>'
#0 E:\OpenServer\domains\ht.bijisam.com\vendor\codeigniter4\framework\system\Common.php(1119): CodeIgniter\View\View->render('frontend/homepa...', Array, true)
#1 E:\OpenServer\domains\ht.bijisam.com\app\Views\frontend\homepage\layout\home.php(66): view('frontend/homepa...')
#2 E:\OpenServer\domains\ht.bijisam.com\vendor\codeigniter4\framework\system\View\View.php(246): include('E:\\OpenServer\\d...')
#3 E:\OpenServer\domains\ht.bijisam.com\vendor\codeigniter4\framework\system\Common.php(1119): CodeIgniter\View\View->render('frontend/homepa...', Array, true)
#4 E:\OpenServer\domains\ht.bijisam.com\app\Controllers\Frontend\Homepage\Home.php(28): view('frontend/homepa...', Array)
#5 E:\OpenServer\domains\ht.bijisam.com\vendor\codeigniter4\framework\system\CodeIgniter.php(918): App\Controllers\Frontend\Homepage\Home->index()
#6 E:\OpenServer\domains\ht.bijisam.com\vendor\codeigniter4\framework\system\CodeIgniter.php(404): CodeIgniter\CodeIgniter->runController(Object(App\Controllers\Frontend\Homepage\Home))
#7 E:\OpenServer\domains\ht.bijisam.com\vendor\codeigniter4\framework\system\CodeIgniter.php(312): CodeIgniter\CodeIgniter->handleRequest(NULL, Object(Config\Cache), false)
#8 E:\OpenServer\domains\ht.bijisam.com\index.php(48): CodeIgniter\CodeIgniter->run()
#9 {main}
CRITICAL - 2021-04-23 03:35:15 --> Undefined index: product-hot
#0 E:\OpenServer\domains\ht.bijisam.com\app\Views\frontend\homepage\home\index.php(104): CodeIgniter\Debug\Exceptions->errorHandler(8, 'Undefined index...', 'E:\\OpenServer\\d...', 104, Array)
#1 E:\OpenServer\domains\ht.bijisam.com\vendor\codeigniter4\framework\system\View\View.php(246): include('E:\\OpenServer\\d...')
#2 E:\OpenServer\domains\ht.bijisam.com\vendor\codeigniter4\framework\system\Common.php(1119): CodeIgniter\View\View->render('frontend/homepa...', Array, true)
#3 E:\OpenServer\domains\ht.bijisam.com\app\Views\frontend\homepage\layout\home.php(67): view('frontend/homepa...')
#4 E:\OpenServer\domains\ht.bijisam.com\vendor\codeigniter4\framework\system\View\View.php(246): include('E:\\OpenServer\\d...')
#5 E:\OpenServer\domains\ht.bijisam.com\vendor\codeigniter4\framework\system\Common.php(1119): CodeIgniter\View\View->render('frontend/homepa...', Array, true)
#6 E:\OpenServer\domains\ht.bijisam.com\app\Controllers\Frontend\Homepage\Home.php(28): view('frontend/homepa...', Array)
#7 E:\OpenServer\domains\ht.bijisam.com\vendor\codeigniter4\framework\system\CodeIgniter.php(918): App\Controllers\Frontend\Homepage\Home->index()
#8 E:\OpenServer\domains\ht.bijisam.com\vendor\codeigniter4\framework\system\CodeIgniter.php(404): CodeIgniter\CodeIgniter->runController(Object(App\Controllers\Frontend\Homepage\Home))
#9 E:\OpenServer\domains\ht.bijisam.com\vendor\codeigniter4\framework\system\CodeIgniter.php(312): CodeIgniter\CodeIgniter->handleRequest(NULL, Object(Config\Cache), false)
#10 E:\OpenServer\domains\ht.bijisam.com\index.php(48): CodeIgniter\CodeIgniter->run()
#11 {main}
CRITICAL - 2021-04-23 03:35:16 --> Undefined index: product-hot
#0 E:\OpenServer\domains\ht.bijisam.com\app\Views\frontend\homepage\home\index.php(104): CodeIgniter\Debug\Exceptions->errorHandler(8, 'Undefined index...', 'E:\\OpenServer\\d...', 104, Array)
#1 E:\OpenServer\domains\ht.bijisam.com\vendor\codeigniter4\framework\system\View\View.php(246): include('E:\\OpenServer\\d...')
#2 E:\OpenServer\domains\ht.bijisam.com\vendor\codeigniter4\framework\system\Common.php(1119): CodeIgniter\View\View->render('frontend/homepa...', Array, true)
#3 E:\OpenServer\domains\ht.bijisam.com\app\Views\frontend\homepage\layout\home.php(67): view('frontend/homepa...')
#4 E:\OpenServer\domains\ht.bijisam.com\vendor\codeigniter4\framework\system\View\View.php(246): include('E:\\OpenServer\\d...')
#5 E:\OpenServer\domains\ht.bijisam.com\vendor\codeigniter4\framework\system\Common.php(1119): CodeIgniter\View\View->render('frontend/homepa...', Array, true)
#6 E:\OpenServer\domains\ht.bijisam.com\app\Controllers\Frontend\Homepage\Home.php(28): view('frontend/homepa...', Array)
#7 E:\OpenServer\domains\ht.bijisam.com\vendor\codeigniter4\framework\system\CodeIgniter.php(918): App\Controllers\Frontend\Homepage\Home->index()
#8 E:\OpenServer\domains\ht.bijisam.com\vendor\codeigniter4\framework\system\CodeIgniter.php(404): CodeIgniter\CodeIgniter->runController(Object(App\Controllers\Frontend\Homepage\Home))
#9 E:\OpenServer\domains\ht.bijisam.com\vendor\codeigniter4\framework\system\CodeIgniter.php(312): CodeIgniter\CodeIgniter->handleRequest(NULL, Object(Config\Cache), false)
#10 E:\OpenServer\domains\ht.bijisam.com\index.php(48): CodeIgniter\CodeIgniter->run()
#11 {main}
CRITICAL - 2021-04-23 03:38:49 --> syntax error, unexpected '.'
#0 E:\OpenServer\domains\ht.bijisam.com\vendor\codeigniter4\framework\system\Common.php(1119): CodeIgniter\View\View->render('frontend/homepa...', Array, true)
#1 E:\OpenServer\domains\ht.bijisam.com\app\Views\frontend\homepage\layout\home.php(67): view('frontend/homepa...')
#2 E:\OpenServer\domains\ht.bijisam.com\vendor\codeigniter4\framework\system\View\View.php(246): include('E:\\OpenServer\\d...')
#3 E:\OpenServer\domains\ht.bijisam.com\vendor\codeigniter4\framework\system\Common.php(1119): CodeIgniter\View\View->render('frontend/homepa...', Array, true)
#4 E:\OpenServer\domains\ht.bijisam.com\app\Controllers\Frontend\Homepage\Home.php(28): view('frontend/homepa...', Array)
#5 E:\OpenServer\domains\ht.bijisam.com\vendor\codeigniter4\framework\system\CodeIgniter.php(918): App\Controllers\Frontend\Homepage\Home->index()
#6 E:\OpenServer\domains\ht.bijisam.com\vendor\codeigniter4\framework\system\CodeIgniter.php(404): CodeIgniter\CodeIgniter->runController(Object(App\Controllers\Frontend\Homepage\Home))
#7 E:\OpenServer\domains\ht.bijisam.com\vendor\codeigniter4\framework\system\CodeIgniter.php(312): CodeIgniter\CodeIgniter->handleRequest(NULL, Object(Config\Cache), false)
#8 E:\OpenServer\domains\ht.bijisam.com\index.php(48): CodeIgniter\CodeIgniter->run()
#9 {main}
CRITICAL - 2021-04-23 03:59:08 --> syntax error, unexpected '?>', expecting variable (T_VARIABLE) or '{' or '$'
#0 E:\OpenServer\domains\ht.bijisam.com\vendor\codeigniter4\framework\system\Common.php(1119): CodeIgniter\View\View->render('frontend/homepa...', Array, true)
#1 E:\OpenServer\domains\ht.bijisam.com\app\Views\frontend\homepage\layout\home.php(67): view('frontend/homepa...')
#2 E:\OpenServer\domains\ht.bijisam.com\vendor\codeigniter4\framework\system\View\View.php(246): include('E:\\OpenServer\\d...')
#3 E:\OpenServer\domains\ht.bijisam.com\vendor\codeigniter4\framework\system\Common.php(1119): CodeIgniter\View\View->render('frontend/homepa...', Array, true)
#4 E:\OpenServer\domains\ht.bijisam.com\app\Controllers\Frontend\Homepage\Home.php(28): view('frontend/homepa...', Array)
#5 E:\OpenServer\domains\ht.bijisam.com\vendor\codeigniter4\framework\system\CodeIgniter.php(918): App\Controllers\Frontend\Homepage\Home->index()
#6 E:\OpenServer\domains\ht.bijisam.com\vendor\codeigniter4\framework\system\CodeIgniter.php(404): CodeIgniter\CodeIgniter->runController(Object(App\Controllers\Frontend\Homepage\Home))
#7 E:\OpenServer\domains\ht.bijisam.com\vendor\codeigniter4\framework\system\CodeIgniter.php(312): CodeIgniter\CodeIgniter->handleRequest(NULL, Object(Config\Cache), false)
#8 E:\OpenServer\domains\ht.bijisam.com\index.php(48): CodeIgniter\CodeIgniter->run()
#9 {main}
CRITICAL - 2021-04-23 03:59:19 --> Undefined variable: language
#0 E:\OpenServer\domains\ht.bijisam.com\app\Views\frontend\homepage\home\index.php(135): CodeIgniter\Debug\Exceptions->errorHandler(8, 'Undefined varia...', 'E:\\OpenServer\\d...', 135, Array)
#1 E:\OpenServer\domains\ht.bijisam.com\vendor\codeigniter4\framework\system\View\View.php(246): include('E:\\OpenServer\\d...')
#2 E:\OpenServer\domains\ht.bijisam.com\vendor\codeigniter4\framework\system\Common.php(1119): CodeIgniter\View\View->render('frontend/homepa...', Array, true)
#3 E:\OpenServer\domains\ht.bijisam.com\app\Views\frontend\homepage\layout\home.php(67): view('frontend/homepa...')
#4 E:\OpenServer\domains\ht.bijisam.com\vendor\codeigniter4\framework\system\View\View.php(246): include('E:\\OpenServer\\d...')
#5 E:\OpenServer\domains\ht.bijisam.com\vendor\codeigniter4\framework\system\Common.php(1119): CodeIgniter\View\View->render('frontend/homepa...', Array, true)
#6 E:\OpenServer\domains\ht.bijisam.com\app\Controllers\Frontend\Homepage\Home.php(28): view('frontend/homepa...', Array)
#7 E:\OpenServer\domains\ht.bijisam.com\vendor\codeigniter4\framework\system\CodeIgniter.php(918): App\Controllers\Frontend\Homepage\Home->index()
#8 E:\OpenServer\domains\ht.bijisam.com\vendor\codeigniter4\framework\system\CodeIgniter.php(404): CodeIgniter\CodeIgniter->runController(Object(App\Controllers\Frontend\Homepage\Home))
#9 E:\OpenServer\domains\ht.bijisam.com\vendor\codeigniter4\framework\system\CodeIgniter.php(312): CodeIgniter\CodeIgniter->handleRequest(NULL, Object(Config\Cache), false)
#10 E:\OpenServer\domains\ht.bijisam.com\index.php(48): CodeIgniter\CodeIgniter->run()
#11 {main}
CRITICAL - 2021-04-23 03:59:20 --> Undefined variable: language
#0 E:\OpenServer\domains\ht.bijisam.com\app\Views\frontend\homepage\home\index.php(135): CodeIgniter\Debug\Exceptions->errorHandler(8, 'Undefined varia...', 'E:\\OpenServer\\d...', 135, Array)
#1 E:\OpenServer\domains\ht.bijisam.com\vendor\codeigniter4\framework\system\View\View.php(246): include('E:\\OpenServer\\d...')
#2 E:\OpenServer\domains\ht.bijisam.com\vendor\codeigniter4\framework\system\Common.php(1119): CodeIgniter\View\View->render('frontend/homepa...', Array, true)
#3 E:\OpenServer\domains\ht.bijisam.com\app\Views\frontend\homepage\layout\home.php(67): view('frontend/homepa...')
#4 E:\OpenServer\domains\ht.bijisam.com\vendor\codeigniter4\framework\system\View\View.php(246): include('E:\\OpenServer\\d...')
#5 E:\OpenServer\domains\ht.bijisam.com\vendor\codeigniter4\framework\system\Common.php(1119): CodeIgniter\View\View->render('frontend/homepa...', Array, true)
#6 E:\OpenServer\domains\ht.bijisam.com\app\Controllers\Frontend\Homepage\Home.php(28): view('frontend/homepa...', Array)
#7 E:\OpenServer\domains\ht.bijisam.com\vendor\codeigniter4\framework\system\CodeIgniter.php(918): App\Controllers\Frontend\Homepage\Home->index()
#8 E:\OpenServer\domains\ht.bijisam.com\vendor\codeigniter4\framework\system\CodeIgniter.php(404): CodeIgniter\CodeIgniter->runController(Object(App\Controllers\Frontend\Homepage\Home))
#9 E:\OpenServer\domains\ht.bijisam.com\vendor\codeigniter4\framework\system\CodeIgniter.php(312): CodeIgniter\CodeIgniter->handleRequest(NULL, Object(Config\Cache), false)
#10 E:\OpenServer\domains\ht.bijisam.com\index.php(48): CodeIgniter\CodeIgniter->run()
#11 {main}
CRITICAL - 2021-04-23 03:59:28 --> Undefined variable: language
#0 E:\OpenServer\domains\ht.bijisam.com\app\Views\frontend\homepage\home\index.php(135): CodeIgniter\Debug\Exceptions->errorHandler(8, 'Undefined varia...', 'E:\\OpenServer\\d...', 135, Array)
#1 E:\OpenServer\domains\ht.bijisam.com\vendor\codeigniter4\framework\system\View\View.php(246): include('E:\\OpenServer\\d...')
#2 E:\OpenServer\domains\ht.bijisam.com\vendor\codeigniter4\framework\system\Common.php(1119): CodeIgniter\View\View->render('frontend/homepa...', Array, true)
#3 E:\OpenServer\domains\ht.bijisam.com\app\Views\frontend\homepage\layout\home.php(67): view('frontend/homepa...')
#4 E:\OpenServer\domains\ht.bijisam.com\vendor\codeigniter4\framework\system\View\View.php(246): include('E:\\OpenServer\\d...')
#5 E:\OpenServer\domains\ht.bijisam.com\vendor\codeigniter4\framework\system\Common.php(1119): CodeIgniter\View\View->render('frontend/homepa...', Array, true)
#6 E:\OpenServer\domains\ht.bijisam.com\app\Controllers\Frontend\Homepage\Home.php(28): view('frontend/homepa...', Array)
#7 E:\OpenServer\domains\ht.bijisam.com\vendor\codeigniter4\framework\system\CodeIgniter.php(918): App\Controllers\Frontend\Homepage\Home->index()
#8 E:\OpenServer\domains\ht.bijisam.com\vendor\codeigniter4\framework\system\CodeIgniter.php(404): CodeIgniter\CodeIgniter->runController(Object(App\Controllers\Frontend\Homepage\Home))
#9 E:\OpenServer\domains\ht.bijisam.com\vendor\codeigniter4\framework\system\CodeIgniter.php(312): CodeIgniter\CodeIgniter->handleRequest(NULL, Object(Config\Cache), false)
#10 E:\OpenServer\domains\ht.bijisam.com\index.php(48): CodeIgniter\CodeIgniter->run()
#11 {main}
CRITICAL - 2021-04-23 03:59:29 --> Undefined variable: language
#0 E:\OpenServer\domains\ht.bijisam.com\app\Views\frontend\homepage\home\index.php(135): CodeIgniter\Debug\Exceptions->errorHandler(8, 'Undefined varia...', 'E:\\OpenServer\\d...', 135, Array)
#1 E:\OpenServer\domains\ht.bijisam.com\vendor\codeigniter4\framework\system\View\View.php(246): include('E:\\OpenServer\\d...')
#2 E:\OpenServer\domains\ht.bijisam.com\vendor\codeigniter4\framework\system\Common.php(1119): CodeIgniter\View\View->render('frontend/homepa...', Array, true)
#3 E:\OpenServer\domains\ht.bijisam.com\app\Views\frontend\homepage\layout\home.php(67): view('frontend/homepa...')
#4 E:\OpenServer\domains\ht.bijisam.com\vendor\codeigniter4\framework\system\View\View.php(246): include('E:\\OpenServer\\d...')
#5 E:\OpenServer\domains\ht.bijisam.com\vendor\codeigniter4\framework\system\Common.php(1119): CodeIgniter\View\View->render('frontend/homepa...', Array, true)
#6 E:\OpenServer\domains\ht.bijisam.com\app\Controllers\Frontend\Homepage\Home.php(28): view('frontend/homepa...', Array)
#7 E:\OpenServer\domains\ht.bijisam.com\vendor\codeigniter4\framework\system\CodeIgniter.php(918): App\Controllers\Frontend\Homepage\Home->index()
#8 E:\OpenServer\domains\ht.bijisam.com\vendor\codeigniter4\framework\system\CodeIgniter.php(404): CodeIgniter\CodeIgniter->runController(Object(App\Controllers\Frontend\Homepage\Home))
#9 E:\OpenServer\domains\ht.bijisam.com\vendor\codeigniter4\framework\system\CodeIgniter.php(312): CodeIgniter\CodeIgniter->handleRequest(NULL, Object(Config\Cache), false)
#10 E:\OpenServer\domains\ht.bijisam.com\index.php(48): CodeIgniter\CodeIgniter->run()
#11 {main}
CRITICAL - 2021-04-23 04:00:23 --> Illegal string offset 'image'
#0 E:\OpenServer\domains\ht.bijisam.com\app\Views\frontend\homepage\home\index.php(141): CodeIgniter\Debug\Exceptions->errorHandler(2, 'Illegal string ...', 'E:\\OpenServer\\d...', 141, Array)
#1 E:\OpenServer\domains\ht.bijisam.com\vendor\codeigniter4\framework\system\View\View.php(246): include('E:\\OpenServer\\d...')
#2 E:\OpenServer\domains\ht.bijisam.com\vendor\codeigniter4\framework\system\Common.php(1119): CodeIgniter\View\View->render('frontend/homepa...', Array, true)
#3 E:\OpenServer\domains\ht.bijisam.com\app\Views\frontend\homepage\layout\home.php(67): view('frontend/homepa...')
#4 E:\OpenServer\domains\ht.bijisam.com\vendor\codeigniter4\framework\system\View\View.php(246): include('E:\\OpenServer\\d...')
#5 E:\OpenServer\domains\ht.bijisam.com\vendor\codeigniter4\framework\system\Common.php(1119): CodeIgniter\View\View->render('frontend/homepa...', Array, true)
#6 E:\OpenServer\domains\ht.bijisam.com\app\Controllers\Frontend\Homepage\Home.php(28): view('frontend/homepa...', Array)
#7 E:\OpenServer\domains\ht.bijisam.com\vendor\codeigniter4\framework\system\CodeIgniter.php(918): App\Controllers\Frontend\Homepage\Home->index()
#8 E:\OpenServer\domains\ht.bijisam.com\vendor\codeigniter4\framework\system\CodeIgniter.php(404): CodeIgniter\CodeIgniter->runController(Object(App\Controllers\Frontend\Homepage\Home))
#9 E:\OpenServer\domains\ht.bijisam.com\vendor\codeigniter4\framework\system\CodeIgniter.php(312): CodeIgniter\CodeIgniter->handleRequest(NULL, Object(Config\Cache), false)
#10 E:\OpenServer\domains\ht.bijisam.com\index.php(48): CodeIgniter\CodeIgniter->run()
#11 {main}
CRITICAL - 2021-04-23 04:00:23 --> Illegal string offset 'image'
#0 E:\OpenServer\domains\ht.bijisam.com\app\Views\frontend\homepage\home\index.php(141): CodeIgniter\Debug\Exceptions->errorHandler(2, 'Illegal string ...', 'E:\\OpenServer\\d...', 141, Array)
#1 E:\OpenServer\domains\ht.bijisam.com\vendor\codeigniter4\framework\system\View\View.php(246): include('E:\\OpenServer\\d...')
#2 E:\OpenServer\domains\ht.bijisam.com\vendor\codeigniter4\framework\system\Common.php(1119): CodeIgniter\View\View->render('frontend/homepa...', Array, true)
#3 E:\OpenServer\domains\ht.bijisam.com\app\Views\frontend\homepage\layout\home.php(67): view('frontend/homepa...')
#4 E:\OpenServer\domains\ht.bijisam.com\vendor\codeigniter4\framework\system\View\View.php(246): include('E:\\OpenServer\\d...')
#5 E:\OpenServer\domains\ht.bijisam.com\vendor\codeigniter4\framework\system\Common.php(1119): CodeIgniter\View\View->render('frontend/homepa...', Array, true)
#6 E:\OpenServer\domains\ht.bijisam.com\app\Controllers\Frontend\Homepage\Home.php(28): view('frontend/homepa...', Array)
#7 E:\OpenServer\domains\ht.bijisam.com\vendor\codeigniter4\framework\system\CodeIgniter.php(918): App\Controllers\Frontend\Homepage\Home->index()
#8 E:\OpenServer\domains\ht.bijisam.com\vendor\codeigniter4\framework\system\CodeIgniter.php(404): CodeIgniter\CodeIgniter->runController(Object(App\Controllers\Frontend\Homepage\Home))
#9 E:\OpenServer\domains\ht.bijisam.com\vendor\codeigniter4\framework\system\CodeIgniter.php(312): CodeIgniter\CodeIgniter->handleRequest(NULL, Object(Config\Cache), false)
#10 E:\OpenServer\domains\ht.bijisam.com\index.php(48): CodeIgniter\CodeIgniter->run()
#11 {main}
CRITICAL - 2021-04-23 04:05:24 --> Undefined variable: val
#0 E:\OpenServer\domains\ht.bijisam.com\app\Views\frontend\homepage\home\index.php(141): CodeIgniter\Debug\Exceptions->errorHandler(8, 'Undefined varia...', 'E:\\OpenServer\\d...', 141, Array)
#1 E:\OpenServer\domains\ht.bijisam.com\vendor\codeigniter4\framework\system\View\View.php(246): include('E:\\OpenServer\\d...')
#2 E:\OpenServer\domains\ht.bijisam.com\vendor\codeigniter4\framework\system\Common.php(1119): CodeIgniter\View\View->render('frontend/homepa...', Array, true)
#3 E:\OpenServer\domains\ht.bijisam.com\app\Views\frontend\homepage\layout\home.php(67): view('frontend/homepa...')
#4 E:\OpenServer\domains\ht.bijisam.com\vendor\codeigniter4\framework\system\View\View.php(246): include('E:\\OpenServer\\d...')
#5 E:\OpenServer\domains\ht.bijisam.com\vendor\codeigniter4\framework\system\Common.php(1119): CodeIgniter\View\View->render('frontend/homepa...', Array, true)
#6 E:\OpenServer\domains\ht.bijisam.com\app\Controllers\Frontend\Homepage\Home.php(28): view('frontend/homepa...', Array)
#7 E:\OpenServer\domains\ht.bijisam.com\vendor\codeigniter4\framework\system\CodeIgniter.php(918): App\Controllers\Frontend\Homepage\Home->index()
#8 E:\OpenServer\domains\ht.bijisam.com\vendor\codeigniter4\framework\system\CodeIgniter.php(404): CodeIgniter\CodeIgniter->runController(Object(App\Controllers\Frontend\Homepage\Home))
#9 E:\OpenServer\domains\ht.bijisam.com\vendor\codeigniter4\framework\system\CodeIgniter.php(312): CodeIgniter\CodeIgniter->handleRequest(NULL, Object(Config\Cache), false)
#10 E:\OpenServer\domains\ht.bijisam.com\index.php(48): CodeIgniter\CodeIgniter->run()
#11 {main}
CRITICAL - 2021-04-23 04:05:25 --> Undefined variable: val
#0 E:\OpenServer\domains\ht.bijisam.com\app\Views\frontend\homepage\home\index.php(141): CodeIgniter\Debug\Exceptions->errorHandler(8, 'Undefined varia...', 'E:\\OpenServer\\d...', 141, Array)
#1 E:\OpenServer\domains\ht.bijisam.com\vendor\codeigniter4\framework\system\View\View.php(246): include('E:\\OpenServer\\d...')
#2 E:\OpenServer\domains\ht.bijisam.com\vendor\codeigniter4\framework\system\Common.php(1119): CodeIgniter\View\View->render('frontend/homepa...', Array, true)
#3 E:\OpenServer\domains\ht.bijisam.com\app\Views\frontend\homepage\layout\home.php(67): view('frontend/homepa...')
#4 E:\OpenServer\domains\ht.bijisam.com\vendor\codeigniter4\framework\system\View\View.php(246): include('E:\\OpenServer\\d...')
#5 E:\OpenServer\domains\ht.bijisam.com\vendor\codeigniter4\framework\system\Common.php(1119): CodeIgniter\View\View->render('frontend/homepa...', Array, true)
#6 E:\OpenServer\domains\ht.bijisam.com\app\Controllers\Frontend\Homepage\Home.php(28): view('frontend/homepa...', Array)
#7 E:\OpenServer\domains\ht.bijisam.com\vendor\codeigniter4\framework\system\CodeIgniter.php(918): App\Controllers\Frontend\Homepage\Home->index()
#8 E:\OpenServer\domains\ht.bijisam.com\vendor\codeigniter4\framework\system\CodeIgniter.php(404): CodeIgniter\CodeIgniter->runController(Object(App\Controllers\Frontend\Homepage\Home))
#9 E:\OpenServer\domains\ht.bijisam.com\vendor\codeigniter4\framework\system\CodeIgniter.php(312): CodeIgniter\CodeIgniter->handleRequest(NULL, Object(Config\Cache), false)
#10 E:\OpenServer\domains\ht.bijisam.com\index.php(48): CodeIgniter\CodeIgniter->run()
#11 {main}
CRITICAL - 2021-04-23 04:12:37 --> Undefined index: data
#0 E:\OpenServer\domains\ht.bijisam.com\app\Helpers\mydatafrontend_helper.php(19): CodeIgniter\Debug\Exceptions->errorHandler(8, 'Undefined index...', 'E:\\OpenServer\\d...', 19, Array)
#1 E:\OpenServer\domains\ht.bijisam.com\app\Views\frontend\homepage\home\index.php(135): get_slide(Array)
#2 E:\OpenServer\domains\ht.bijisam.com\vendor\codeigniter4\framework\system\View\View.php(246): include('E:\\OpenServer\\d...')
#3 E:\OpenServer\domains\ht.bijisam.com\vendor\codeigniter4\framework\system\Common.php(1119): CodeIgniter\View\View->render('frontend/homepa...', Array, true)
#4 E:\OpenServer\domains\ht.bijisam.com\app\Views\frontend\homepage\layout\home.php(67): view('frontend/homepa...')
#5 E:\OpenServer\domains\ht.bijisam.com\vendor\codeigniter4\framework\system\View\View.php(246): include('E:\\OpenServer\\d...')
#6 E:\OpenServer\domains\ht.bijisam.com\vendor\codeigniter4\framework\system\Common.php(1119): CodeIgniter\View\View->render('frontend/homepa...', Array, true)
#7 E:\OpenServer\domains\ht.bijisam.com\app\Controllers\Frontend\Homepage\Home.php(28): view('frontend/homepa...', Array)
#8 E:\OpenServer\domains\ht.bijisam.com\vendor\codeigniter4\framework\system\CodeIgniter.php(918): App\Controllers\Frontend\Homepage\Home->index()
#9 E:\OpenServer\domains\ht.bijisam.com\vendor\codeigniter4\framework\system\CodeIgniter.php(404): CodeIgniter\CodeIgniter->runController(Object(App\Controllers\Frontend\Homepage\Home))
#10 E:\OpenServer\domains\ht.bijisam.com\vendor\codeigniter4\framework\system\CodeIgniter.php(312): CodeIgniter\CodeIgniter->handleRequest(NULL, Object(Config\Cache), false)
#11 E:\OpenServer\domains\ht.bijisam.com\index.php(48): CodeIgniter\CodeIgniter->run()
#12 {main}
CRITICAL - 2021-04-23 04:12:50 --> json_decode() expects parameter 1 to be string, array given
#0 [internal function]: CodeIgniter\Debug\Exceptions->errorHandler(2, 'json_decode() e...', 'E:\\OpenServer\\d...', 19, Array)
#1 E:\OpenServer\domains\ht.bijisam.com\app\Helpers\mydatafrontend_helper.php(19): json_decode(Array, true)
#2 E:\OpenServer\domains\ht.bijisam.com\app\Views\frontend\homepage\home\index.php(135): get_slide(Array)
#3 E:\OpenServer\domains\ht.bijisam.com\vendor\codeigniter4\framework\system\View\View.php(246): include('E:\\OpenServer\\d...')
#4 E:\OpenServer\domains\ht.bijisam.com\vendor\codeigniter4\framework\system\Common.php(1119): CodeIgniter\View\View->render('frontend/homepa...', Array, true)
#5 E:\OpenServer\domains\ht.bijisam.com\app\Views\frontend\homepage\layout\home.php(67): view('frontend/homepa...')
#6 E:\OpenServer\domains\ht.bijisam.com\vendor\codeigniter4\framework\system\View\View.php(246): include('E:\\OpenServer\\d...')
#7 E:\OpenServer\domains\ht.bijisam.com\vendor\codeigniter4\framework\system\Common.php(1119): CodeIgniter\View\View->render('frontend/homepa...', Array, true)
#8 E:\OpenServer\domains\ht.bijisam.com\app\Controllers\Frontend\Homepage\Home.php(28): view('frontend/homepa...', Array)
#9 E:\OpenServer\domains\ht.bijisam.com\vendor\codeigniter4\framework\system\CodeIgniter.php(918): App\Controllers\Frontend\Homepage\Home->index()
#10 E:\OpenServer\domains\ht.bijisam.com\vendor\codeigniter4\framework\system\CodeIgniter.php(404): CodeIgniter\CodeIgniter->runController(Object(App\Controllers\Frontend\Homepage\Home))
#11 E:\OpenServer\domains\ht.bijisam.com\vendor\codeigniter4\framework\system\CodeIgniter.php(312): CodeIgniter\CodeIgniter->handleRequest(NULL, Object(Config\Cache), false)
#12 E:\OpenServer\domains\ht.bijisam.com\index.php(48): CodeIgniter\CodeIgniter->run()
#13 {main}
CRITICAL - 2021-04-23 04:12:50 --> json_decode() expects parameter 1 to be string, array given
#0 [internal function]: CodeIgniter\Debug\Exceptions->errorHandler(2, 'json_decode() e...', 'E:\\OpenServer\\d...', 19, Array)
#1 E:\OpenServer\domains\ht.bijisam.com\app\Helpers\mydatafrontend_helper.php(19): json_decode(Array, true)
#2 E:\OpenServer\domains\ht.bijisam.com\app\Views\frontend\homepage\home\index.php(135): get_slide(Array)
#3 E:\OpenServer\domains\ht.bijisam.com\vendor\codeigniter4\framework\system\View\View.php(246): include('E:\\OpenServer\\d...')
#4 E:\OpenServer\domains\ht.bijisam.com\vendor\codeigniter4\framework\system\Common.php(1119): CodeIgniter\View\View->render('frontend/homepa...', Array, true)
#5 E:\OpenServer\domains\ht.bijisam.com\app\Views\frontend\homepage\layout\home.php(67): view('frontend/homepa...')
#6 E:\OpenServer\domains\ht.bijisam.com\vendor\codeigniter4\framework\system\View\View.php(246): include('E:\\OpenServer\\d...')
#7 E:\OpenServer\domains\ht.bijisam.com\vendor\codeigniter4\framework\system\Common.php(1119): CodeIgniter\View\View->render('frontend/homepa...', Array, true)
#8 E:\OpenServer\domains\ht.bijisam.com\app\Controllers\Frontend\Homepage\Home.php(28): view('frontend/homepa...', Array)
#9 E:\OpenServer\domains\ht.bijisam.com\vendor\codeigniter4\framework\system\CodeIgniter.php(918): App\Controllers\Frontend\Homepage\Home->index()
#10 E:\OpenServer\domains\ht.bijisam.com\vendor\codeigniter4\framework\system\CodeIgniter.php(404): CodeIgniter\CodeIgniter->runController(Object(App\Controllers\Frontend\Homepage\Home))
#11 E:\OpenServer\domains\ht.bijisam.com\vendor\codeigniter4\framework\system\CodeIgniter.php(312): CodeIgniter\CodeIgniter->handleRequest(NULL, Object(Config\Cache), false)
#12 E:\OpenServer\domains\ht.bijisam.com\index.php(48): CodeIgniter\CodeIgniter->run()
#13 {main}
CRITICAL - 2021-04-23 04:12:51 --> json_decode() expects parameter 1 to be string, array given
#0 [internal function]: CodeIgniter\Debug\Exceptions->errorHandler(2, 'json_decode() e...', 'E:\\OpenServer\\d...', 19, Array)
#1 E:\OpenServer\domains\ht.bijisam.com\app\Helpers\mydatafrontend_helper.php(19): json_decode(Array, true)
#2 E:\OpenServer\domains\ht.bijisam.com\app\Views\frontend\homepage\home\index.php(135): get_slide(Array)
#3 E:\OpenServer\domains\ht.bijisam.com\vendor\codeigniter4\framework\system\View\View.php(246): include('E:\\OpenServer\\d...')
#4 E:\OpenServer\domains\ht.bijisam.com\vendor\codeigniter4\framework\system\Common.php(1119): CodeIgniter\View\View->render('frontend/homepa...', Array, true)
#5 E:\OpenServer\domains\ht.bijisam.com\app\Views\frontend\homepage\layout\home.php(67): view('frontend/homepa...')
#6 E:\OpenServer\domains\ht.bijisam.com\vendor\codeigniter4\framework\system\View\View.php(246): include('E:\\OpenServer\\d...')
#7 E:\OpenServer\domains\ht.bijisam.com\vendor\codeigniter4\framework\system\Common.php(1119): CodeIgniter\View\View->render('frontend/homepa...', Array, true)
#8 E:\OpenServer\domains\ht.bijisam.com\app\Controllers\Frontend\Homepage\Home.php(28): view('frontend/homepa...', Array)
#9 E:\OpenServer\domains\ht.bijisam.com\vendor\codeigniter4\framework\system\CodeIgniter.php(918): App\Controllers\Frontend\Homepage\Home->index()
#10 E:\OpenServer\domains\ht.bijisam.com\vendor\codeigniter4\framework\system\CodeIgniter.php(404): CodeIgniter\CodeIgniter->runController(Object(App\Controllers\Frontend\Homepage\Home))
#11 E:\OpenServer\domains\ht.bijisam.com\vendor\codeigniter4\framework\system\CodeIgniter.php(312): CodeIgniter\CodeIgniter->handleRequest(NULL, Object(Config\Cache), false)
#12 E:\OpenServer\domains\ht.bijisam.com\index.php(48): CodeIgniter\CodeIgniter->run()
#13 {main}
CRITICAL - 2021-04-23 04:46:31 --> syntax error, unexpected 'if' (T_IF)
#0 E:\OpenServer\domains\ht.bijisam.com\vendor\codeigniter4\framework\system\Controller.php(175): helper(Array)
#1 E:\OpenServer\domains\ht.bijisam.com\vendor\codeigniter4\framework\system\Controller.php(126): CodeIgniter\Controller->loadHelpers()
#2 E:\OpenServer\domains\ht.bijisam.com\app\Controllers\FrontendController.php(20): CodeIgniter\Controller->initController(Object(CodeIgniter\HTTP\IncomingRequest), Object(CodeIgniter\HTTP\Response), Object(CodeIgniter\Log\Logger))
#3 E:\OpenServer\domains\ht.bijisam.com\vendor\codeigniter4\framework\system\CodeIgniter.php(891): App\Controllers\FrontendController->initController(Object(CodeIgniter\HTTP\IncomingRequest), Object(CodeIgniter\HTTP\Response), Object(CodeIgniter\Log\Logger))
#4 E:\OpenServer\domains\ht.bijisam.com\vendor\codeigniter4\framework\system\CodeIgniter.php(399): CodeIgniter\CodeIgniter->createController()
#5 E:\OpenServer\domains\ht.bijisam.com\vendor\codeigniter4\framework\system\CodeIgniter.php(312): CodeIgniter\CodeIgniter->handleRequest(NULL, Object(Config\Cache), false)
#6 E:\OpenServer\domains\ht.bijisam.com\index.php(48): CodeIgniter\CodeIgniter->run()
#7 {main}
CRITICAL - 2021-04-23 04:46:31 --> syntax error, unexpected 'if' (T_IF)
#0 E:\OpenServer\domains\ht.bijisam.com\vendor\codeigniter4\framework\system\Controller.php(175): helper(Array)
#1 E:\OpenServer\domains\ht.bijisam.com\vendor\codeigniter4\framework\system\Controller.php(126): CodeIgniter\Controller->loadHelpers()
#2 E:\OpenServer\domains\ht.bijisam.com\app\Controllers\FrontendController.php(20): CodeIgniter\Controller->initController(Object(CodeIgniter\HTTP\IncomingRequest), Object(CodeIgniter\HTTP\Response), Object(CodeIgniter\Log\Logger))
#3 E:\OpenServer\domains\ht.bijisam.com\vendor\codeigniter4\framework\system\CodeIgniter.php(891): App\Controllers\FrontendController->initController(Object(CodeIgniter\HTTP\IncomingRequest), Object(CodeIgniter\HTTP\Response), Object(CodeIgniter\Log\Logger))
#4 E:\OpenServer\domains\ht.bijisam.com\vendor\codeigniter4\framework\system\CodeIgniter.php(399): CodeIgniter\CodeIgniter->createController()
#5 E:\OpenServer\domains\ht.bijisam.com\vendor\codeigniter4\framework\system\CodeIgniter.php(312): CodeIgniter\CodeIgniter->handleRequest(NULL, Object(Config\Cache), false)
#6 E:\OpenServer\domains\ht.bijisam.com\index.php(48): CodeIgniter\CodeIgniter->run()
#7 {main}
CRITICAL - 2021-04-23 04:46:31 --> syntax error, unexpected 'if' (T_IF)
#0 E:\OpenServer\domains\ht.bijisam.com\vendor\codeigniter4\framework\system\Controller.php(175): helper(Array)
#1 E:\OpenServer\domains\ht.bijisam.com\vendor\codeigniter4\framework\system\Controller.php(126): CodeIgniter\Controller->loadHelpers()
#2 E:\OpenServer\domains\ht.bijisam.com\app\Controllers\FrontendController.php(20): CodeIgniter\Controller->initController(Object(CodeIgniter\HTTP\IncomingRequest), Object(CodeIgniter\HTTP\Response), Object(CodeIgniter\Log\Logger))
#3 E:\OpenServer\domains\ht.bijisam.com\vendor\codeigniter4\framework\system\CodeIgniter.php(891): App\Controllers\FrontendController->initController(Object(CodeIgniter\HTTP\IncomingRequest), Object(CodeIgniter\HTTP\Response), Object(CodeIgniter\Log\Logger))
#4 E:\OpenServer\domains\ht.bijisam.com\vendor\codeigniter4\framework\system\CodeIgniter.php(399): CodeIgniter\CodeIgniter->createController()
#5 E:\OpenServer\domains\ht.bijisam.com\vendor\codeigniter4\framework\system\CodeIgniter.php(312): CodeIgniter\CodeIgniter->handleRequest(NULL, Object(Config\Cache), false)
#6 E:\OpenServer\domains\ht.bijisam.com\index.php(48): CodeIgniter\CodeIgniter->run()
#7 {main}
CRITICAL - 2021-04-23 04:46:37 --> Undefined variable: va
#0 E:\OpenServer\domains\ht.bijisam.com\app\Helpers\mypanel_helper.php(113): CodeIgniter\Debug\Exceptions->errorHandler(8, 'Undefined varia...', 'E:\\OpenServer\\d...', 113, Array)
#1 E:\OpenServer\domains\ht.bijisam.com\app\Helpers\mypanel_helper.php(136): recursive(Array)
#2 E:\OpenServer\domains\ht.bijisam.com\app\Helpers\mypanel_helper.php(90): post_and_cat(Array, Array, 'tb3.price, tb3....', Array, Array, 1)
#3 E:\OpenServer\domains\ht.bijisam.com\app\Helpers\mypanel_helper.php(25): panel_catalogue(Array, Array, 'tb3.price, tb3....', Array, Array, 1)
#4 E:\OpenServer\domains\ht.bijisam.com\app\Controllers\Frontend\Homepage\Home.php(21): get_panel(Array)
#5 E:\OpenServer\domains\ht.bijisam.com\vendor\codeigniter4\framework\system\CodeIgniter.php(918): App\Controllers\Frontend\Homepage\Home->index()
#6 E:\OpenServer\domains\ht.bijisam.com\vendor\codeigniter4\framework\system\CodeIgniter.php(404): CodeIgniter\CodeIgniter->runController(Object(App\Controllers\Frontend\Homepage\Home))
#7 E:\OpenServer\domains\ht.bijisam.com\vendor\codeigniter4\framework\system\CodeIgniter.php(312): CodeIgniter\CodeIgniter->handleRequest(NULL, Object(Config\Cache), false)
#8 E:\OpenServer\domains\ht.bijisam.com\index.php(48): CodeIgniter\CodeIgniter->run()
#9 {main}
CRITICAL - 2021-04-23 04:46:37 --> Undefined variable: va
#0 E:\OpenServer\domains\ht.bijisam.com\app\Helpers\mypanel_helper.php(113): CodeIgniter\Debug\Exceptions->errorHandler(8, 'Undefined varia...', 'E:\\OpenServer\\d...', 113, Array)
#1 E:\OpenServer\domains\ht.bijisam.com\app\Helpers\mypanel_helper.php(136): recursive(Array)
#2 E:\OpenServer\domains\ht.bijisam.com\app\Helpers\mypanel_helper.php(90): post_and_cat(Array, Array, 'tb3.price, tb3....', Array, Array, 1)
#3 E:\OpenServer\domains\ht.bijisam.com\app\Helpers\mypanel_helper.php(25): panel_catalogue(Array, Array, 'tb3.price, tb3....', Array, Array, 1)
#4 E:\OpenServer\domains\ht.bijisam.com\app\Controllers\Frontend\Homepage\Home.php(21): get_panel(Array)
#5 E:\OpenServer\domains\ht.bijisam.com\vendor\codeigniter4\framework\system\CodeIgniter.php(918): App\Controllers\Frontend\Homepage\Home->index()
#6 E:\OpenServer\domains\ht.bijisam.com\vendor\codeigniter4\framework\system\CodeIgniter.php(404): CodeIgniter\CodeIgniter->runController(Object(App\Controllers\Frontend\Homepage\Home))
#7 E:\OpenServer\domains\ht.bijisam.com\vendor\codeigniter4\framework\system\CodeIgniter.php(312): CodeIgniter\CodeIgniter->handleRequest(NULL, Object(Config\Cache), false)
#8 E:\OpenServer\domains\ht.bijisam.com\index.php(48): CodeIgniter\CodeIgniter->run()
#9 {main}
CRITICAL - 2021-04-23 04:46:38 --> Undefined variable: va
#0 E:\OpenServer\domains\ht.bijisam.com\app\Helpers\mypanel_helper.php(113): CodeIgniter\Debug\Exceptions->errorHandler(8, 'Undefined varia...', 'E:\\OpenServer\\d...', 113, Array)
#1 E:\OpenServer\domains\ht.bijisam.com\app\Helpers\mypanel_helper.php(136): recursive(Array)
#2 E:\OpenServer\domains\ht.bijisam.com\app\Helpers\mypanel_helper.php(90): post_and_cat(Array, Array, 'tb3.price, tb3....', Array, Array, 1)
#3 E:\OpenServer\domains\ht.bijisam.com\app\Helpers\mypanel_helper.php(25): panel_catalogue(Array, Array, 'tb3.price, tb3....', Array, Array, 1)
#4 E:\OpenServer\domains\ht.bijisam.com\app\Controllers\Frontend\Homepage\Home.php(21): get_panel(Array)
#5 E:\OpenServer\domains\ht.bijisam.com\vendor\codeigniter4\framework\system\CodeIgniter.php(918): App\Controllers\Frontend\Homepage\Home->index()
#6 E:\OpenServer\domains\ht.bijisam.com\vendor\codeigniter4\framework\system\CodeIgniter.php(404): CodeIgniter\CodeIgniter->runController(Object(App\Controllers\Frontend\Homepage\Home))
#7 E:\OpenServer\domains\ht.bijisam.com\vendor\codeigniter4\framework\system\CodeIgniter.php(312): CodeIgniter\CodeIgniter->handleRequest(NULL, Object(Config\Cache), false)
#8 E:\OpenServer\domains\ht.bijisam.com\index.php(48): CodeIgniter\CodeIgniter->run()
#9 {main}
CRITICAL - 2021-04-23 05:00:26 --> Too few arguments to function recursive_id(), 1 passed in E:\OpenServer\domains\ht.bijisam.com\app\Helpers\mypanel_helper.php on line 163 and exactly 2 expected
#0 E:\OpenServer\domains\ht.bijisam.com\app\Helpers\mypanel_helper.php(163): recursive_id(Array)
#1 E:\OpenServer\domains\ht.bijisam.com\app\Helpers\mypanel_helper.php(90): post_and_cat(Array, Array, 'tb3.price, tb3....', Array, Array, 0)
#2 E:\OpenServer\domains\ht.bijisam.com\app\Helpers\mypanel_helper.php(25): panel_catalogue(Array, Array, 'tb3.price, tb3....', Array, Array, 1)
#3 E:\OpenServer\domains\ht.bijisam.com\app\Controllers\Frontend\Homepage\Home.php(21): get_panel(Array)
#4 E:\OpenServer\domains\ht.bijisam.com\vendor\codeigniter4\framework\system\CodeIgniter.php(918): App\Controllers\Frontend\Homepage\Home->index()
#5 E:\OpenServer\domains\ht.bijisam.com\vendor\codeigniter4\framework\system\CodeIgniter.php(404): CodeIgniter\CodeIgniter->runController(Object(App\Controllers\Frontend\Homepage\Home))
#6 E:\OpenServer\domains\ht.bijisam.com\vendor\codeigniter4\framework\system\CodeIgniter.php(312): CodeIgniter\CodeIgniter->handleRequest(NULL, Object(Config\Cache), false)
#7 E:\OpenServer\domains\ht.bijisam.com\index.php(48): CodeIgniter\CodeIgniter->run()
#8 {main}
CRITICAL - 2021-04-23 05:00:27 --> Too few arguments to function recursive_id(), 1 passed in E:\OpenServer\domains\ht.bijisam.com\app\Helpers\mypanel_helper.php on line 163 and exactly 2 expected
#0 E:\OpenServer\domains\ht.bijisam.com\app\Helpers\mypanel_helper.php(163): recursive_id(Array)
#1 E:\OpenServer\domains\ht.bijisam.com\app\Helpers\mypanel_helper.php(90): post_and_cat(Array, Array, 'tb3.price, tb3....', Array, Array, 0)
#2 E:\OpenServer\domains\ht.bijisam.com\app\Helpers\mypanel_helper.php(25): panel_catalogue(Array, Array, 'tb3.price, tb3....', Array, Array, 1)
#3 E:\OpenServer\domains\ht.bijisam.com\app\Controllers\Frontend\Homepage\Home.php(21): get_panel(Array)
#4 E:\OpenServer\domains\ht.bijisam.com\vendor\codeigniter4\framework\system\CodeIgniter.php(918): App\Controllers\Frontend\Homepage\Home->index()
#5 E:\OpenServer\domains\ht.bijisam.com\vendor\codeigniter4\framework\system\CodeIgniter.php(404): CodeIgniter\CodeIgniter->runController(Object(App\Controllers\Frontend\Homepage\Home))
#6 E:\OpenServer\domains\ht.bijisam.com\vendor\codeigniter4\framework\system\CodeIgniter.php(312): CodeIgniter\CodeIgniter->handleRequest(NULL, Object(Config\Cache), false)
#7 E:\OpenServer\domains\ht.bijisam.com\index.php(48): CodeIgniter\CodeIgniter->run()
#8 {main}
CRITICAL - 2021-04-23 05:00:27 --> Too few arguments to function recursive_id(), 1 passed in E:\OpenServer\domains\ht.bijisam.com\app\Helpers\mypanel_helper.php on line 163 and exactly 2 expected
#0 E:\OpenServer\domains\ht.bijisam.com\app\Helpers\mypanel_helper.php(163): recursive_id(Array)
#1 E:\OpenServer\domains\ht.bijisam.com\app\Helpers\mypanel_helper.php(90): post_and_cat(Array, Array, 'tb3.price, tb3....', Array, Array, 0)
#2 E:\OpenServer\domains\ht.bijisam.com\app\Helpers\mypanel_helper.php(25): panel_catalogue(Array, Array, 'tb3.price, tb3....', Array, Array, 1)
#3 E:\OpenServer\domains\ht.bijisam.com\app\Controllers\Frontend\Homepage\Home.php(21): get_panel(Array)
#4 E:\OpenServer\domains\ht.bijisam.com\vendor\codeigniter4\framework\system\CodeIgniter.php(918): App\Controllers\Frontend\Homepage\Home->index()
#5 E:\OpenServer\domains\ht.bijisam.com\vendor\codeigniter4\framework\system\CodeIgniter.php(404): CodeIgniter\CodeIgniter->runController(Object(App\Controllers\Frontend\Homepage\Home))
#6 E:\OpenServer\domains\ht.bijisam.com\vendor\codeigniter4\framework\system\CodeIgniter.php(312): CodeIgniter\CodeIgniter->handleRequest(NULL, Object(Config\Cache), false)
#7 E:\OpenServer\domains\ht.bijisam.com\index.php(48): CodeIgniter\CodeIgniter->run()
#8 {main}
CRITICAL - 2021-04-23 05:01:07 --> Call to undefined function recursive_id()
#0 E:\OpenServer\domains\ht.bijisam.com\app\Helpers\mypanel_helper.php(90): post_and_cat(Array, Array, 'tb3.price, tb3....', Array, Array, 0)
#1 E:\OpenServer\domains\ht.bijisam.com\app\Helpers\mypanel_helper.php(25): panel_catalogue(Array, Array, 'tb3.price, tb3....', Array, Array, 1)
#2 E:\OpenServer\domains\ht.bijisam.com\app\Controllers\Frontend\Homepage\Home.php(21): get_panel(Array)
#3 E:\OpenServer\domains\ht.bijisam.com\vendor\codeigniter4\framework\system\CodeIgniter.php(918): App\Controllers\Frontend\Homepage\Home->index()
#4 E:\OpenServer\domains\ht.bijisam.com\vendor\codeigniter4\framework\system\CodeIgniter.php(404): CodeIgniter\CodeIgniter->runController(Object(App\Controllers\Frontend\Homepage\Home))
#5 E:\OpenServer\domains\ht.bijisam.com\vendor\codeigniter4\framework\system\CodeIgniter.php(312): CodeIgniter\CodeIgniter->handleRequest(NULL, Object(Config\Cache), false)
#6 E:\OpenServer\domains\ht.bijisam.com\index.php(48): CodeIgniter\CodeIgniter->run()
#7 {main}
CRITICAL - 2021-04-23 05:07:47 --> Undefined variable: i
#0 E:\OpenServer\domains\ht.bijisam.com\app\Views\frontend\homepage\home\index.php(166): CodeIgniter\Debug\Exceptions->errorHandler(8, 'Undefined varia...', 'E:\\OpenServer\\d...', 166, Array)
#1 E:\OpenServer\domains\ht.bijisam.com\vendor\codeigniter4\framework\system\View\View.php(246): include('E:\\OpenServer\\d...')
#2 E:\OpenServer\domains\ht.bijisam.com\vendor\codeigniter4\framework\system\Common.php(1119): CodeIgniter\View\View->render('frontend/homepa...', Array, true)
#3 E:\OpenServer\domains\ht.bijisam.com\app\Views\frontend\homepage\layout\home.php(67): view('frontend/homepa...')
#4 E:\OpenServer\domains\ht.bijisam.com\vendor\codeigniter4\framework\system\View\View.php(246): include('E:\\OpenServer\\d...')
#5 E:\OpenServer\domains\ht.bijisam.com\vendor\codeigniter4\framework\system\Common.php(1119): CodeIgniter\View\View->render('frontend/homepa...', Array, true)
#6 E:\OpenServer\domains\ht.bijisam.com\app\Controllers\Frontend\Homepage\Home.php(28): view('frontend/homepa...', Array)
#7 E:\OpenServer\domains\ht.bijisam.com\vendor\codeigniter4\framework\system\CodeIgniter.php(918): App\Controllers\Frontend\Homepage\Home->index()
#8 E:\OpenServer\domains\ht.bijisam.com\vendor\codeigniter4\framework\system\CodeIgniter.php(404): CodeIgniter\CodeIgniter->runController(Object(App\Controllers\Frontend\Homepage\Home))
#9 E:\OpenServer\domains\ht.bijisam.com\vendor\codeigniter4\framework\system\CodeIgniter.php(312): CodeIgniter\CodeIgniter->handleRequest(NULL, Object(Config\Cache), false)
#10 E:\OpenServer\domains\ht.bijisam.com\index.php(48): CodeIgniter\CodeIgniter->run()
#11 {main}
CRITICAL - 2021-04-23 21:16:50 --> Unable to connect to the database.
#0 E:\OpenServer\domains\ht.bijisam.com\vendor\codeigniter4\framework\system\Database\BaseConnection.php(646): CodeIgniter\Database\BaseConnection->initialize()
#1 E:\OpenServer\domains\ht.bijisam.com\vendor\codeigniter4\framework\system\Database\BaseBuilder.php(1860): CodeIgniter\Database\BaseConnection->query('SELECT `keyword...', Array, false)
#2 E:\OpenServer\domains\ht.bijisam.com\app\Models\AutoloadModel.php(76): CodeIgniter\Database\BaseBuilder->get()
#3 E:\OpenServer\domains\ht.bijisam.com\app\Helpers\mydatafrontend_helper.php(98): App\Models\AutoloadModel->_get_where(Array, true)
#4 E:\OpenServer\domains\ht.bijisam.com\app\Controllers\FrontendController.php(27): get_general('vi')
#5 E:\OpenServer\domains\ht.bijisam.com\vendor\codeigniter4\framework\system\CodeIgniter.php(891): App\Controllers\FrontendController->initController(Object(CodeIgniter\HTTP\IncomingRequest), Object(CodeIgniter\HTTP\Response), Object(CodeIgniter\Log\Logger))
#6 E:\OpenServer\domains\ht.bijisam.com\vendor\codeigniter4\framework\system\CodeIgniter.php(399): CodeIgniter\CodeIgniter->createController()
#7 E:\OpenServer\domains\ht.bijisam.com\vendor\codeigniter4\framework\system\CodeIgniter.php(312): CodeIgniter\CodeIgniter->handleRequest(NULL, Object(Config\Cache), false)
#8 E:\OpenServer\domains\ht.bijisam.com\index.php(48): CodeIgniter\CodeIgniter->run()
#9 {main}
CRITICAL - 2021-04-23 21:24:33 --> Undefined index: price_promotion
#0 E:\OpenServer\domains\ht.bijisam.com\app\Views\frontend\homepage\home\index.php(203): CodeIgniter\Debug\Exceptions->errorHandler(8, 'Undefined index...', 'E:\\OpenServer\\d...', 203, Array)
#1 E:\OpenServer\domains\ht.bijisam.com\vendor\codeigniter4\framework\system\View\View.php(246): include('E:\\OpenServer\\d...')
#2 E:\OpenServer\domains\ht.bijisam.com\vendor\codeigniter4\framework\system\Common.php(1119): CodeIgniter\View\View->render('frontend/homepa...', Array, true)
#3 E:\OpenServer\domains\ht.bijisam.com\app\Views\frontend\homepage\layout\home.php(67): view('frontend/homepa...')
#4 E:\OpenServer\domains\ht.bijisam.com\vendor\codeigniter4\framework\system\View\View.php(246): include('E:\\OpenServer\\d...')
#5 E:\OpenServer\domains\ht.bijisam.com\vendor\codeigniter4\framework\system\Common.php(1119): CodeIgniter\View\View->render('frontend/homepa...', Array, true)
#6 E:\OpenServer\domains\ht.bijisam.com\app\Controllers\Frontend\Homepage\Home.php(28): view('frontend/homepa...', Array)
#7 E:\OpenServer\domains\ht.bijisam.com\vendor\codeigniter4\framework\system\CodeIgniter.php(918): App\Controllers\Frontend\Homepage\Home->index()
#8 E:\OpenServer\domains\ht.bijisam.com\vendor\codeigniter4\framework\system\CodeIgniter.php(404): CodeIgniter\CodeIgniter->runController(Object(App\Controllers\Frontend\Homepage\Home))
#9 E:\OpenServer\domains\ht.bijisam.com\vendor\codeigniter4\framework\system\CodeIgniter.php(312): CodeIgniter\CodeIgniter->handleRequest(NULL, Object(Config\Cache), false)
#10 E:\OpenServer\domains\ht.bijisam.com\index.php(48): CodeIgniter\CodeIgniter->run()
#11 {main}
CRITICAL - 2021-04-23 22:10:02 --> Undefined variable: value
#0 E:\OpenServer\domains\ht.bijisam.com\app\Views\frontend\product\catalogue\index.php(31): CodeIgniter\Debug\Exceptions->errorHandler(8, 'Undefined varia...', 'E:\\OpenServer\\d...', 31, Array)
#1 E:\OpenServer\domains\ht.bijisam.com\vendor\codeigniter4\framework\system\View\View.php(246): include('E:\\OpenServer\\d...')
#2 E:\OpenServer\domains\ht.bijisam.com\vendor\codeigniter4\framework\system\Common.php(1119): CodeIgniter\View\View->render('frontend/produc...', Array, true)
#3 E:\OpenServer\domains\ht.bijisam.com\app\Views\frontend\homepage\layout\home.php(67): view('frontend/produc...')
#4 E:\OpenServer\domains\ht.bijisam.com\vendor\codeigniter4\framework\system\View\View.php(246): include('E:\\OpenServer\\d...')
#5 E:\OpenServer\domains\ht.bijisam.com\vendor\codeigniter4\framework\system\Common.php(1119): CodeIgniter\View\View->render('frontend/homepa...', Array, true)
#6 E:\OpenServer\domains\ht.bijisam.com\app\Controllers\Frontend\Product\Catalogue.php(138): view('frontend/homepa...', Array)
#7 E:\OpenServer\domains\ht.bijisam.com\vendor\codeigniter4\framework\system\View\Cell.php(180): App\Controllers\Frontend\Product\Catalogue->index(1, 0)
#8 E:\OpenServer\domains\ht.bijisam.com\vendor\codeigniter4\framework\system\Common.php(1140): CodeIgniter\View\Cell->render('\\App\\Controller...', 'id=1, page=1', 0, 'AppControllersF...')
#9 E:\OpenServer\domains\ht.bijisam.com\app\Controllers\Frontend\Homepage\Router.php(53): view_cell('\\App\\Controller...', 'id=1, page=1')
#10 E:\OpenServer\domains\ht.bijisam.com\vendor\codeigniter4\framework\system\CodeIgniter.php(918): App\Controllers\Frontend\Homepage\Router->index('san-pham')
#11 E:\OpenServer\domains\ht.bijisam.com\vendor\codeigniter4\framework\system\CodeIgniter.php(404): CodeIgniter\CodeIgniter->runController(Object(App\Controllers\Frontend\Homepage\Router))
#12 E:\OpenServer\domains\ht.bijisam.com\vendor\codeigniter4\framework\system\CodeIgniter.php(312): CodeIgniter\CodeIgniter->handleRequest(NULL, Object(Config\Cache), false)
#13 E:\OpenServer\domains\ht.bijisam.com\index.php(48): CodeIgniter\CodeIgniter->run()
#14 {main}
CRITICAL - 2021-04-23 22:10:03 --> Undefined variable: value
#0 E:\OpenServer\domains\ht.bijisam.com\app\Views\frontend\product\catalogue\index.php(31): CodeIgniter\Debug\Exceptions->errorHandler(8, 'Undefined varia...', 'E:\\OpenServer\\d...', 31, Array)
#1 E:\OpenServer\domains\ht.bijisam.com\vendor\codeigniter4\framework\system\View\View.php(246): include('E:\\OpenServer\\d...')
#2 E:\OpenServer\domains\ht.bijisam.com\vendor\codeigniter4\framework\system\Common.php(1119): CodeIgniter\View\View->render('frontend/produc...', Array, true)
#3 E:\OpenServer\domains\ht.bijisam.com\app\Views\frontend\homepage\layout\home.php(67): view('frontend/produc...')
#4 E:\OpenServer\domains\ht.bijisam.com\vendor\codeigniter4\framework\system\View\View.php(246): include('E:\\OpenServer\\d...')
#5 E:\OpenServer\domains\ht.bijisam.com\vendor\codeigniter4\framework\system\Common.php(1119): CodeIgniter\View\View->render('frontend/homepa...', Array, true)
#6 E:\OpenServer\domains\ht.bijisam.com\app\Controllers\Frontend\Product\Catalogue.php(138): view('frontend/homepa...', Array)
#7 E:\OpenServer\domains\ht.bijisam.com\vendor\codeigniter4\framework\system\View\Cell.php(180): App\Controllers\Frontend\Product\Catalogue->index(1, 0)
#8 E:\OpenServer\domains\ht.bijisam.com\vendor\codeigniter4\framework\system\Common.php(1140): CodeIgniter\View\Cell->render('\\App\\Controller...', 'id=1, page=1', 0, 'AppControllersF...')
#9 E:\OpenServer\domains\ht.bijisam.com\app\Controllers\Frontend\Homepage\Router.php(53): view_cell('\\App\\Controller...', 'id=1, page=1')
#10 E:\OpenServer\domains\ht.bijisam.com\vendor\codeigniter4\framework\system\CodeIgniter.php(918): App\Controllers\Frontend\Homepage\Router->index('san-pham')
#11 E:\OpenServer\domains\ht.bijisam.com\vendor\codeigniter4\framework\system\CodeIgniter.php(404): CodeIgniter\CodeIgniter->runController(Object(App\Controllers\Frontend\Homepage\Router))
#12 E:\OpenServer\domains\ht.bijisam.com\vendor\codeigniter4\framework\system\CodeIgniter.php(312): CodeIgniter\CodeIgniter->handleRequest(NULL, Object(Config\Cache), false)
#13 E:\OpenServer\domains\ht.bijisam.com\index.php(48): CodeIgniter\CodeIgniter->run()
#14 {main}
CRITICAL - 2021-04-23 22:10:03 --> Undefined variable: value
#0 E:\OpenServer\domains\ht.bijisam.com\app\Views\frontend\product\catalogue\index.php(31): CodeIgniter\Debug\Exceptions->errorHandler(8, 'Undefined varia...', 'E:\\OpenServer\\d...', 31, Array)
#1 E:\OpenServer\domains\ht.bijisam.com\vendor\codeigniter4\framework\system\View\View.php(246): include('E:\\OpenServer\\d...')
#2 E:\OpenServer\domains\ht.bijisam.com\vendor\codeigniter4\framework\system\Common.php(1119): CodeIgniter\View\View->render('frontend/produc...', Array, true)
#3 E:\OpenServer\domains\ht.bijisam.com\app\Views\frontend\homepage\layout\home.php(67): view('frontend/produc...')
#4 E:\OpenServer\domains\ht.bijisam.com\vendor\codeigniter4\framework\system\View\View.php(246): include('E:\\OpenServer\\d...')
#5 E:\OpenServer\domains\ht.bijisam.com\vendor\codeigniter4\framework\system\Common.php(1119): CodeIgniter\View\View->render('frontend/homepa...', Array, true)
#6 E:\OpenServer\domains\ht.bijisam.com\app\Controllers\Frontend\Product\Catalogue.php(138): view('frontend/homepa...', Array)
#7 E:\OpenServer\domains\ht.bijisam.com\vendor\codeigniter4\framework\system\View\Cell.php(180): App\Controllers\Frontend\Product\Catalogue->index(1, 0)
#8 E:\OpenServer\domains\ht.bijisam.com\vendor\codeigniter4\framework\system\Common.php(1140): CodeIgniter\View\Cell->render('\\App\\Controller...', 'id=1, page=1', 0, 'AppControllersF...')
#9 E:\OpenServer\domains\ht.bijisam.com\app\Controllers\Frontend\Homepage\Router.php(53): view_cell('\\App\\Controller...', 'id=1, page=1')
#10 E:\OpenServer\domains\ht.bijisam.com\vendor\codeigniter4\framework\system\CodeIgniter.php(918): App\Controllers\Frontend\Homepage\Router->index('san-pham')
#11 E:\OpenServer\domains\ht.bijisam.com\vendor\codeigniter4\framework\system\CodeIgniter.php(404): CodeIgniter\CodeIgniter->runController(Object(App\Controllers\Frontend\Homepage\Router))
#12 E:\OpenServer\domains\ht.bijisam.com\vendor\codeigniter4\framework\system\CodeIgniter.php(312): CodeIgniter\CodeIgniter->handleRequest(NULL, Object(Config\Cache), false)
#13 E:\OpenServer\domains\ht.bijisam.com\index.php(48): CodeIgniter\CodeIgniter->run()
#14 {main}
CRITICAL - 2021-04-23 22:50:59 --> Undefined index: contact2_address
#0 E:\OpenServer\domains\ht.bijisam.com\app\Views\frontend\product\product\index.php(183): CodeIgniter\Debug\Exceptions->errorHandler(8, 'Undefined index...', 'E:\\OpenServer\\d...', 183, Array)
#1 E:\OpenServer\domains\ht.bijisam.com\vendor\codeigniter4\framework\system\View\View.php(246): include('E:\\OpenServer\\d...')
#2 E:\OpenServer\domains\ht.bijisam.com\vendor\codeigniter4\framework\system\Common.php(1119): CodeIgniter\View\View->render('frontend/produc...', Array, true)
#3 E:\OpenServer\domains\ht.bijisam.com\app\Views\frontend\homepage\layout\home.php(67): view('frontend/produc...')
#4 E:\OpenServer\domains\ht.bijisam.com\vendor\codeigniter4\framework\system\View\View.php(246): include('E:\\OpenServer\\d...')
#5 E:\OpenServer\domains\ht.bijisam.com\vendor\codeigniter4\framework\system\Common.php(1119): CodeIgniter\View\View->render('frontend/homepa...', Array, true)
#6 E:\OpenServer\domains\ht.bijisam.com\app\Controllers\Frontend\Product\Product.php(120): view('frontend/homepa...', Array)
#7 E:\OpenServer\domains\ht.bijisam.com\vendor\codeigniter4\framework\system\View\Cell.php(180): App\Controllers\Frontend\Product\Product->index(Array, '1')
#8 E:\OpenServer\domains\ht.bijisam.com\vendor\codeigniter4\framework\system\Common.php(1140): CodeIgniter\View\Cell->render('\\App\\Controller...', 'id=4, page=1', 0, 'AppControllersF...')
#9 E:\OpenServer\domains\ht.bijisam.com\app\Controllers\Frontend\Homepage\Router.php(53): view_cell('\\App\\Controller...', 'id=4, page=1')
#10 E:\OpenServer\domains\ht.bijisam.com\vendor\codeigniter4\framework\system\CodeIgniter.php(918): App\Controllers\Frontend\Homepage\Router->index('red-queen-500mg...')
#11 E:\OpenServer\domains\ht.bijisam.com\vendor\codeigniter4\framework\system\CodeIgniter.php(404): CodeIgniter\CodeIgniter->runController(Object(App\Controllers\Frontend\Homepage\Router))
#12 E:\OpenServer\domains\ht.bijisam.com\vendor\codeigniter4\framework\system\CodeIgniter.php(312): CodeIgniter\CodeIgniter->handleRequest(NULL, Object(Config\Cache), false)
#13 E:\OpenServer\domains\ht.bijisam.com\index.php(48): CodeIgniter\CodeIgniter->run()
#14 {main}
CRITICAL - 2021-04-23 23:39:35 --> Undefined index: contact_bank
#0 E:\OpenServer\domains\ht.bijisam.com\app\Views\frontend\product\cart\index.php(207): CodeIgniter\Debug\Exceptions->errorHandler(8, 'Undefined index...', 'E:\\OpenServer\\d...', 207, Array)
#1 E:\OpenServer\domains\ht.bijisam.com\vendor\codeigniter4\framework\system\View\View.php(246): include('E:\\OpenServer\\d...')
#2 E:\OpenServer\domains\ht.bijisam.com\vendor\codeigniter4\framework\system\Common.php(1119): CodeIgniter\View\View->render('frontend/produc...', Array, true)
#3 E:\OpenServer\domains\ht.bijisam.com\app\Controllers\Frontend\Product\Cart.php(50): view('frontend/produc...', Array)
#4 E:\OpenServer\domains\ht.bijisam.com\vendor\codeigniter4\framework\system\CodeIgniter.php(918): App\Controllers\Frontend\Product\Cart->index()
#5 E:\OpenServer\domains\ht.bijisam.com\vendor\codeigniter4\framework\system\CodeIgniter.php(404): CodeIgniter\CodeIgniter->runController(Object(App\Controllers\Frontend\Product\Cart))
#6 E:\OpenServer\domains\ht.bijisam.com\vendor\codeigniter4\framework\system\CodeIgniter.php(312): CodeIgniter\CodeIgniter->handleRequest(NULL, Object(Config\Cache), false)
#7 E:\OpenServer\domains\ht.bijisam.com\index.php(48): CodeIgniter\CodeIgniter->run()
#8 {main}
CRITICAL - 2021-04-23 23:41:10 --> Undefined index: contact_bank
#0 E:\OpenServer\domains\ht.bijisam.com\app\Views\frontend\product\cart\index.php(207): CodeIgniter\Debug\Exceptions->errorHandler(8, 'Undefined index...', 'E:\\OpenServer\\d...', 207, Array)
#1 E:\OpenServer\domains\ht.bijisam.com\vendor\codeigniter4\framework\system\View\View.php(246): include('E:\\OpenServer\\d...')
#2 E:\OpenServer\domains\ht.bijisam.com\vendor\codeigniter4\framework\system\Common.php(1119): CodeIgniter\View\View->render('frontend/produc...', Array, true)
#3 E:\OpenServer\domains\ht.bijisam.com\app\Controllers\Frontend\Product\Cart.php(50): view('frontend/produc...', Array)
#4 E:\OpenServer\domains\ht.bijisam.com\vendor\codeigniter4\framework\system\CodeIgniter.php(918): App\Controllers\Frontend\Product\Cart->index()
#5 E:\OpenServer\domains\ht.bijisam.com\vendor\codeigniter4\framework\system\CodeIgniter.php(404): CodeIgniter\CodeIgniter->runController(Object(App\Controllers\Frontend\Product\Cart))
#6 E:\OpenServer\domains\ht.bijisam.com\vendor\codeigniter4\framework\system\CodeIgniter.php(312): CodeIgniter\CodeIgniter->handleRequest(NULL, Object(Config\Cache), false)
#7 E:\OpenServer\domains\ht.bijisam.com\index.php(48): CodeIgniter\CodeIgniter->run()
#8 {main}
CRITICAL - 2021-04-23 23:41:10 --> Undefined index: contact_bank
#0 E:\OpenServer\domains\ht.bijisam.com\app\Views\frontend\product\cart\index.php(207): CodeIgniter\Debug\Exceptions->errorHandler(8, 'Undefined index...', 'E:\\OpenServer\\d...', 207, Array)
#1 E:\OpenServer\domains\ht.bijisam.com\vendor\codeigniter4\framework\system\View\View.php(246): include('E:\\OpenServer\\d...')
#2 E:\OpenServer\domains\ht.bijisam.com\vendor\codeigniter4\framework\system\Common.php(1119): CodeIgniter\View\View->render('frontend/produc...', Array, true)
#3 E:\OpenServer\domains\ht.bijisam.com\app\Controllers\Frontend\Product\Cart.php(50): view('frontend/produc...', Array)
#4 E:\OpenServer\domains\ht.bijisam.com\vendor\codeigniter4\framework\system\CodeIgniter.php(918): App\Controllers\Frontend\Product\Cart->index()
#5 E:\OpenServer\domains\ht.bijisam.com\vendor\codeigniter4\framework\system\CodeIgniter.php(404): CodeIgniter\CodeIgniter->runController(Object(App\Controllers\Frontend\Product\Cart))
#6 E:\OpenServer\domains\ht.bijisam.com\vendor\codeigniter4\framework\system\CodeIgniter.php(312): CodeIgniter\CodeIgniter->handleRequest(NULL, Object(Config\Cache), false)
#7 E:\OpenServer\domains\ht.bijisam.com\index.php(48): CodeIgniter\CodeIgniter->run()
#8 {main}
CRITICAL - 2021-04-23 23:50:03 --> preg_match(): Compilation failed: range out of order in character class at offset 12
#0 [internal function]: CodeIgniter\Debug\Exceptions->errorHandler(2, 'preg_match(): C...', 'E:\\OpenServer\\d...', 56, Array)
#1 E:\OpenServer\domains\ht.bijisam.com\vendor\codeigniter4_cart_module\src\Cart.php(56): preg_match('/^[\\.a-z0-9_-*]...', 'SKU_4')
#2 E:\OpenServer\domains\ht.bijisam.com\vendor\codeigniter4_cart_module\src\Cart.php(26): CodeIgniterCart\Cart->_insert(Array)
#3 E:\OpenServer\domains\ht.bijisam.com\app\Controllers\Ajax\Frontend\Cart.php(39): CodeIgniterCart\Cart->insert(Array)
#4 E:\OpenServer\domains\ht.bijisam.com\vendor\codeigniter4\framework\system\CodeIgniter.php(918): App\Controllers\Ajax\Frontend\Cart->insert()
#5 E:\OpenServer\domains\ht.bijisam.com\vendor\codeigniter4\framework\system\CodeIgniter.php(404): CodeIgniter\CodeIgniter->runController(Object(App\Controllers\Ajax\Frontend\Cart))
#6 E:\OpenServer\domains\ht.bijisam.com\vendor\codeigniter4\framework\system\CodeIgniter.php(312): CodeIgniter\CodeIgniter->handleRequest(NULL, Object(Config\Cache), false)
#7 E:\OpenServer\domains\ht.bijisam.com\index.php(48): CodeIgniter\CodeIgniter->run()
#8 {main}
