CRITICAL - 2021-11-20 03:02:26 --> Unable to connect to the database.
#0 G:\OpenServer\domains\noithatva.com.va\vendor\codeigniter4\framework\system\Database\BaseConnection.php(646): CodeIgniter\Database\BaseConnection->initialize()
#1 G:\OpenServer\domains\noithatva.com.va\vendor\codeigniter4\framework\system\Database\BaseBuilder.php(1860): CodeIgniter\Database\BaseConnection->query('SELECT `id`, `e...', Array, false)
#2 G:\OpenServer\domains\noithatva.com.va\app\Models\AutoloadModel.php(74): CodeIgniter\Database\BaseBuilder->get()
#3 G:\OpenServer\domains\noithatva.com.va\app\Filters\Auth.php(27): App\Models\AutoloadModel->_get_where(Array)
#4 G:\OpenServer\domains\noithatva.com.va\vendor\codeigniter4\framework\system\Filters\Filters.php(173): App\Filters\Auth->before(Object(CodeIgniter\HTTP\IncomingRequest), NULL)
#5 G:\OpenServer\domains\noithatva.com.va\vendor\codeigniter4\framework\system\CodeIgniter.php(382): CodeIgniter\Filters\Filters->run('backend/article...', 'before')
#6 G:\OpenServer\domains\noithatva.com.va\vendor\codeigniter4\framework\system\CodeIgniter.php(312): CodeIgniter\CodeIgniter->handleRequest(NULL, Object(Config\Cache), false)
#7 G:\OpenServer\domains\noithatva.com.va\index.php(48): CodeIgniter\CodeIgniter->run()
#8 {main}
CRITICAL - 2021-11-20 03:02:32 --> Unable to connect to the database.
#0 G:\OpenServer\domains\noithatva.com.va\vendor\codeigniter4\framework\system\Database\BaseConnection.php(646): CodeIgniter\Database\BaseConnection->initialize()
#1 G:\OpenServer\domains\noithatva.com.va\vendor\codeigniter4\framework\system\Database\BaseBuilder.php(1860): CodeIgniter\Database\BaseConnection->query('SELECT `id`, `e...', Array, false)
#2 G:\OpenServer\domains\noithatva.com.va\app\Models\AutoloadModel.php(74): CodeIgniter\Database\BaseBuilder->get()
#3 G:\OpenServer\domains\noithatva.com.va\app\Filters\Auth.php(27): App\Models\AutoloadModel->_get_where(Array)
#4 G:\OpenServer\domains\noithatva.com.va\vendor\codeigniter4\framework\system\Filters\Filters.php(173): App\Filters\Auth->before(Object(CodeIgniter\HTTP\IncomingRequest), NULL)
#5 G:\OpenServer\domains\noithatva.com.va\vendor\codeigniter4\framework\system\CodeIgniter.php(382): CodeIgniter\Filters\Filters->run('backend/dashboa...', 'before')
#6 G:\OpenServer\domains\noithatva.com.va\vendor\codeigniter4\framework\system\CodeIgniter.php(312): CodeIgniter\CodeIgniter->handleRequest(NULL, Object(Config\Cache), false)
#7 G:\OpenServer\domains\noithatva.com.va\index.php(48): CodeIgniter\CodeIgniter->run()
#8 {main}
CRITICAL - 2021-11-20 03:03:09 --> Unable to connect to the database.
#0 G:\OpenServer\domains\noithatva.com.va\vendor\codeigniter4\framework\system\Database\BaseConnection.php(646): CodeIgniter\Database\BaseConnection->initialize()
#1 G:\OpenServer\domains\noithatva.com.va\vendor\codeigniter4\framework\system\Database\BaseBuilder.php(1860): CodeIgniter\Database\BaseConnection->query('SELECT `id`, `e...', Array, false)
#2 G:\OpenServer\domains\noithatva.com.va\app\Models\AutoloadModel.php(74): CodeIgniter\Database\BaseBuilder->get()
#3 G:\OpenServer\domains\noithatva.com.va\app\Filters\Auth.php(27): App\Models\AutoloadModel->_get_where(Array)
#4 G:\OpenServer\domains\noithatva.com.va\vendor\codeigniter4\framework\system\Filters\Filters.php(173): App\Filters\Auth->before(Object(CodeIgniter\HTTP\IncomingRequest), NULL)
#5 G:\OpenServer\domains\noithatva.com.va\vendor\codeigniter4\framework\system\CodeIgniter.php(382): CodeIgniter\Filters\Filters->run('backend/dashboa...', 'before')
#6 G:\OpenServer\domains\noithatva.com.va\vendor\codeigniter4\framework\system\CodeIgniter.php(312): CodeIgniter\CodeIgniter->handleRequest(NULL, Object(Config\Cache), false)
#7 G:\OpenServer\domains\noithatva.com.va\index.php(48): CodeIgniter\CodeIgniter->run()
#8 {main}
CRITICAL - 2021-11-20 03:03:12 --> Unable to connect to the database.
#0 G:\OpenServer\domains\noithatva.com.va\vendor\codeigniter4\framework\system\Database\BaseConnection.php(646): CodeIgniter\Database\BaseConnection->initialize()
#1 G:\OpenServer\domains\noithatva.com.va\vendor\codeigniter4\framework\system\Database\BaseBuilder.php(1860): CodeIgniter\Database\BaseConnection->query('SELECT `keyword...', Array, false)
#2 G:\OpenServer\domains\noithatva.com.va\app\Models\AutoloadModel.php(76): CodeIgniter\Database\BaseBuilder->get()
#3 G:\OpenServer\domains\noithatva.com.va\app\Helpers\mydatafrontend_helper.php(133): App\Models\AutoloadModel->_get_where(Array, true)
#4 G:\OpenServer\domains\noithatva.com.va\app\Controllers\FrontendController.php(27): get_general('vi')
#5 G:\OpenServer\domains\noithatva.com.va\vendor\codeigniter4\framework\system\CodeIgniter.php(891): App\Controllers\FrontendController->initController(Object(CodeIgniter\HTTP\IncomingRequest), Object(CodeIgniter\HTTP\Response), Object(CodeIgniter\Log\Logger))
#6 G:\OpenServer\domains\noithatva.com.va\vendor\codeigniter4\framework\system\CodeIgniter.php(399): CodeIgniter\CodeIgniter->createController()
#7 G:\OpenServer\domains\noithatva.com.va\vendor\codeigniter4\framework\system\CodeIgniter.php(312): CodeIgniter\CodeIgniter->handleRequest(NULL, Object(Config\Cache), false)
#8 G:\OpenServer\domains\noithatva.com.va\index.php(48): CodeIgniter\CodeIgniter->run()
#9 {main}
CRITICAL - 2021-11-20 03:04:05 --> Unknown column 'album_title' in 'field list'
#0 G:\OpenServer\domains\noithatva.com.va\vendor\codeigniter4\framework\system\Database\MySQLi\Connection.php(331): mysqli->query('INSERT INTO `ar...')
#1 G:\OpenServer\domains\noithatva.com.va\vendor\codeigniter4\framework\system\Database\BaseConnection.php(741): CodeIgniter\Database\MySQLi\Connection->execute('INSERT INTO `ar...')
#2 G:\OpenServer\domains\noithatva.com.va\vendor\codeigniter4\framework\system\Database\BaseConnection.php(669): CodeIgniter\Database\BaseConnection->simpleQuery('INSERT INTO `ar...')
#3 G:\OpenServer\domains\noithatva.com.va\vendor\codeigniter4\framework\system\Database\BaseBuilder.php(2249): CodeIgniter\Database\BaseConnection->query('INSERT INTO `ar...', Array, false)
#4 G:\OpenServer\domains\noithatva.com.va\app\Models\AutoloadModel.php(90): CodeIgniter\Database\BaseBuilder->insert(Array)
#5 G:\OpenServer\domains\noithatva.com.va\app\Controllers\Backend\Article\Article.php(128): App\Models\AutoloadModel->_insert(Array)
#6 G:\OpenServer\domains\noithatva.com.va\vendor\codeigniter4\framework\system\CodeIgniter.php(918): App\Controllers\Backend\Article\Article->create()
#7 G:\OpenServer\domains\noithatva.com.va\vendor\codeigniter4\framework\system\CodeIgniter.php(404): CodeIgniter\CodeIgniter->runController(Object(App\Controllers\Backend\Article\Article))
#8 G:\OpenServer\domains\noithatva.com.va\vendor\codeigniter4\framework\system\CodeIgniter.php(312): CodeIgniter\CodeIgniter->handleRequest(NULL, Object(Config\Cache), false)
#9 G:\OpenServer\domains\noithatva.com.va\index.php(48): CodeIgniter\CodeIgniter->run()
#10 {main}
CRITICAL - 2021-11-20 03:22:59 --> Undefined offset: 0
#0 G:\OpenServer\domains\noithatva.com.va\app\Controllers\Frontend\Article\Catalogue.php(62): CodeIgniter\Debug\Exceptions->errorHandler(8, 'Undefined offse...', 'G:\\OpenServer\\d...', 62, Array)
#1 G:\OpenServer\domains\noithatva.com.va\vendor\codeigniter4\framework\system\View\Cell.php(180): App\Controllers\Frontend\Article\Catalogue->index(2, '1')
#2 G:\OpenServer\domains\noithatva.com.va\vendor\codeigniter4\framework\system\Common.php(1140): CodeIgniter\View\Cell->render('\\App\\Controller...', 'id=2, page=1', 0, 'AppControllersF...')
#3 G:\OpenServer\domains\noithatva.com.va\app\Controllers\Frontend\Homepage\Router.php(59): view_cell('\\App\\Controller...', 'id=2, page=1')
#4 G:\OpenServer\domains\noithatva.com.va\vendor\codeigniter4\framework\system\CodeIgniter.php(918): App\Controllers\Frontend\Homepage\Router->index('thiet-ke')
#5 G:\OpenServer\domains\noithatva.com.va\vendor\codeigniter4\framework\system\CodeIgniter.php(404): CodeIgniter\CodeIgniter->runController(Object(App\Controllers\Frontend\Homepage\Router))
#6 G:\OpenServer\domains\noithatva.com.va\vendor\codeigniter4\framework\system\CodeIgniter.php(312): CodeIgniter\CodeIgniter->handleRequest(NULL, Object(Config\Cache), false)
#7 G:\OpenServer\domains\noithatva.com.va\index.php(48): CodeIgniter\CodeIgniter->run()
#8 {main}
CRITICAL - 2021-11-20 03:31:17 --> Undefined variable: value
#0 G:\OpenServer\domains\noithatva.com.va\app\Views\frontend\article\catalogue\index.php(19): CodeIgniter\Debug\Exceptions->errorHandler(8, 'Undefined varia...', 'G:\\OpenServer\\d...', 19, Array)
#1 G:\OpenServer\domains\noithatva.com.va\vendor\codeigniter4\framework\system\View\View.php(246): include('G:\\OpenServer\\d...')
#2 G:\OpenServer\domains\noithatva.com.va\vendor\codeigniter4\framework\system\Common.php(1119): CodeIgniter\View\View->render('frontend/articl...', Array, true)
#3 G:\OpenServer\domains\noithatva.com.va\app\Views\frontend\homepage\layout\home.php(70): view('frontend/articl...')
#4 G:\OpenServer\domains\noithatva.com.va\vendor\codeigniter4\framework\system\View\View.php(246): include('G:\\OpenServer\\d...')
#5 G:\OpenServer\domains\noithatva.com.va\vendor\codeigniter4\framework\system\Common.php(1119): CodeIgniter\View\View->render('frontend/homepa...', Array, true)
#6 G:\OpenServer\domains\noithatva.com.va\app\Controllers\Frontend\Article\Catalogue.php(161): view('frontend/homepa...', Array)
#7 G:\OpenServer\domains\noithatva.com.va\vendor\codeigniter4\framework\system\View\Cell.php(180): App\Controllers\Frontend\Article\Catalogue->index(3, 0)
#8 G:\OpenServer\domains\noithatva.com.va\vendor\codeigniter4\framework\system\Common.php(1140): CodeIgniter\View\Cell->render('\\App\\Controller...', 'id=3, page=1', 0, 'AppControllersF...')
#9 G:\OpenServer\domains\noithatva.com.va\app\Controllers\Frontend\Homepage\Router.php(59): view_cell('\\App\\Controller...', 'id=3, page=1')
#10 G:\OpenServer\domains\noithatva.com.va\vendor\codeigniter4\framework\system\CodeIgniter.php(918): App\Controllers\Frontend\Homepage\Router->index('thiet-ke-noi-th...')
#11 G:\OpenServer\domains\noithatva.com.va\vendor\codeigniter4\framework\system\CodeIgniter.php(404): CodeIgniter\CodeIgniter->runController(Object(App\Controllers\Frontend\Homepage\Router))
#12 G:\OpenServer\domains\noithatva.com.va\vendor\codeigniter4\framework\system\CodeIgniter.php(312): CodeIgniter\CodeIgniter->handleRequest(NULL, Object(Config\Cache), false)
#13 G:\OpenServer\domains\noithatva.com.va\index.php(48): CodeIgniter\CodeIgniter->run()
#14 {main}
CRITICAL - 2021-11-20 03:53:19 --> Undefined index: album_title
#0 G:\OpenServer\domains\noithatva.com.va\app\Controllers\Frontend\Article\Article.php(51): CodeIgniter\Debug\Exceptions->errorHandler(8, 'Undefined index...', 'G:\\OpenServer\\d...', 51, Array)
#1 G:\OpenServer\domains\noithatva.com.va\vendor\codeigniter4\framework\system\View\Cell.php(180): App\Controllers\Frontend\Article\Article->index(5, '1')
#2 G:\OpenServer\domains\noithatva.com.va\vendor\codeigniter4\framework\system\Common.php(1140): CodeIgniter\View\Cell->render('\\App\\Controller...', 'id=5, page=1', 0, 'AppControllersF...')
#3 G:\OpenServer\domains\noithatva.com.va\app\Controllers\Frontend\Homepage\Router.php(59): view_cell('\\App\\Controller...', 'id=5, page=1')
#4 G:\OpenServer\domains\noithatva.com.va\vendor\codeigniter4\framework\system\CodeIgniter.php(918): App\Controllers\Frontend\Homepage\Router->index('noi-that-phong-...')
#5 G:\OpenServer\domains\noithatva.com.va\vendor\codeigniter4\framework\system\CodeIgniter.php(404): CodeIgniter\CodeIgniter->runController(Object(App\Controllers\Frontend\Homepage\Router))
#6 G:\OpenServer\domains\noithatva.com.va\vendor\codeigniter4\framework\system\CodeIgniter.php(312): CodeIgniter\CodeIgniter->handleRequest(NULL, Object(Config\Cache), false)
#7 G:\OpenServer\domains\noithatva.com.va\index.php(48): CodeIgniter\CodeIgniter->run()
#8 {main}
CRITICAL - 2021-11-20 03:56:33 --> Undefined index: parameter_learn
#0 G:\OpenServer\domains\noithatva.com.va\app\Views\frontend\article\article\index.php(44): CodeIgniter\Debug\Exceptions->errorHandler(8, 'Undefined index...', 'G:\\OpenServer\\d...', 44, Array)
#1 G:\OpenServer\domains\noithatva.com.va\vendor\codeigniter4\framework\system\View\View.php(246): include('G:\\OpenServer\\d...')
#2 G:\OpenServer\domains\noithatva.com.va\vendor\codeigniter4\framework\system\Common.php(1119): CodeIgniter\View\View->render('frontend/articl...', Array, true)
#3 G:\OpenServer\domains\noithatva.com.va\app\Views\frontend\homepage\layout\home.php(70): view('frontend/articl...')
#4 G:\OpenServer\domains\noithatva.com.va\vendor\codeigniter4\framework\system\View\View.php(246): include('G:\\OpenServer\\d...')
#5 G:\OpenServer\domains\noithatva.com.va\vendor\codeigniter4\framework\system\Common.php(1119): CodeIgniter\View\View->render('frontend/homepa...', Array, true)
#6 G:\OpenServer\domains\noithatva.com.va\app\Controllers\Frontend\Article\Article.php(235): view('frontend/homepa...', Array)
#7 G:\OpenServer\domains\noithatva.com.va\vendor\codeigniter4\framework\system\View\Cell.php(180): App\Controllers\Frontend\Article\Article->index(5, '1')
#8 G:\OpenServer\domains\noithatva.com.va\vendor\codeigniter4\framework\system\Common.php(1140): CodeIgniter\View\Cell->render('\\App\\Controller...', 'id=5, page=1', 0, 'AppControllersF...')
#9 G:\OpenServer\domains\noithatva.com.va\app\Controllers\Frontend\Homepage\Router.php(59): view_cell('\\App\\Controller...', 'id=5, page=1')
#10 G:\OpenServer\domains\noithatva.com.va\vendor\codeigniter4\framework\system\CodeIgniter.php(918): App\Controllers\Frontend\Homepage\Router->index('noi-that-phong-...')
#11 G:\OpenServer\domains\noithatva.com.va\vendor\codeigniter4\framework\system\CodeIgniter.php(404): CodeIgniter\CodeIgniter->runController(Object(App\Controllers\Frontend\Homepage\Router))
#12 G:\OpenServer\domains\noithatva.com.va\vendor\codeigniter4\framework\system\CodeIgniter.php(312): CodeIgniter\CodeIgniter->handleRequest(NULL, Object(Config\Cache), false)
#13 G:\OpenServer\domains\noithatva.com.va\index.php(48): CodeIgniter\CodeIgniter->run()
#14 {main}
CRITICAL - 2021-11-20 04:43:29 --> syntax error, unexpected 'continue' (T_CONTINUE)
#0 G:\OpenServer\domains\noithatva.com.va\vendor\codeigniter4\framework\system\Common.php(1119): CodeIgniter\View\View->render('frontend/homepa...', Array, true)
#1 G:\OpenServer\domains\noithatva.com.va\app\Views\frontend\article\article\index.php(85): view('frontend/homepa...')
#2 G:\OpenServer\domains\noithatva.com.va\vendor\codeigniter4\framework\system\View\View.php(246): include('G:\\OpenServer\\d...')
#3 G:\OpenServer\domains\noithatva.com.va\vendor\codeigniter4\framework\system\Common.php(1119): CodeIgniter\View\View->render('frontend/articl...', Array, true)
#4 G:\OpenServer\domains\noithatva.com.va\app\Views\frontend\homepage\layout\home.php(70): view('frontend/articl...')
#5 G:\OpenServer\domains\noithatva.com.va\vendor\codeigniter4\framework\system\View\View.php(246): include('G:\\OpenServer\\d...')
#6 G:\OpenServer\domains\noithatva.com.va\vendor\codeigniter4\framework\system\Common.php(1119): CodeIgniter\View\View->render('frontend/homepa...', Array, true)
#7 G:\OpenServer\domains\noithatva.com.va\app\Controllers\Frontend\Article\Article.php(223): view('frontend/homepa...', Array)
#8 G:\OpenServer\domains\noithatva.com.va\vendor\codeigniter4\framework\system\View\Cell.php(180): App\Controllers\Frontend\Article\Article->index(5, '1')
#9 G:\OpenServer\domains\noithatva.com.va\vendor\codeigniter4\framework\system\Common.php(1140): CodeIgniter\View\Cell->render('\\App\\Controller...', 'id=5, page=1', 0, 'AppControllersF...')
#10 G:\OpenServer\domains\noithatva.com.va\app\Controllers\Frontend\Homepage\Router.php(59): view_cell('\\App\\Controller...', 'id=5, page=1')
#11 G:\OpenServer\domains\noithatva.com.va\vendor\codeigniter4\framework\system\CodeIgniter.php(918): App\Controllers\Frontend\Homepage\Router->index('noi-that-phong-...')
#12 G:\OpenServer\domains\noithatva.com.va\vendor\codeigniter4\framework\system\CodeIgniter.php(404): CodeIgniter\CodeIgniter->runController(Object(App\Controllers\Frontend\Homepage\Router))
#13 G:\OpenServer\domains\noithatva.com.va\vendor\codeigniter4\framework\system\CodeIgniter.php(312): CodeIgniter\CodeIgniter->handleRequest(NULL, Object(Config\Cache), false)
#14 G:\OpenServer\domains\noithatva.com.va\index.php(48): CodeIgniter\CodeIgniter->run()
#15 {main}
CRITICAL - 2021-11-20 04:43:32 --> syntax error, unexpected 'continue' (T_CONTINUE)
#0 G:\OpenServer\domains\noithatva.com.va\vendor\codeigniter4\framework\system\Common.php(1119): CodeIgniter\View\View->render('frontend/homepa...', Array, true)
#1 G:\OpenServer\domains\noithatva.com.va\app\Views\frontend\article\article\index.php(85): view('frontend/homepa...')
#2 G:\OpenServer\domains\noithatva.com.va\vendor\codeigniter4\framework\system\View\View.php(246): include('G:\\OpenServer\\d...')
#3 G:\OpenServer\domains\noithatva.com.va\vendor\codeigniter4\framework\system\Common.php(1119): CodeIgniter\View\View->render('frontend/articl...', Array, true)
#4 G:\OpenServer\domains\noithatva.com.va\app\Views\frontend\homepage\layout\home.php(70): view('frontend/articl...')
#5 G:\OpenServer\domains\noithatva.com.va\vendor\codeigniter4\framework\system\View\View.php(246): include('G:\\OpenServer\\d...')
#6 G:\OpenServer\domains\noithatva.com.va\vendor\codeigniter4\framework\system\Common.php(1119): CodeIgniter\View\View->render('frontend/homepa...', Array, true)
#7 G:\OpenServer\domains\noithatva.com.va\app\Controllers\Frontend\Article\Article.php(223): view('frontend/homepa...', Array)
#8 G:\OpenServer\domains\noithatva.com.va\vendor\codeigniter4\framework\system\View\Cell.php(180): App\Controllers\Frontend\Article\Article->index(5, '1')
#9 G:\OpenServer\domains\noithatva.com.va\vendor\codeigniter4\framework\system\Common.php(1140): CodeIgniter\View\Cell->render('\\App\\Controller...', 'id=5, page=1', 0, 'AppControllersF...')
#10 G:\OpenServer\domains\noithatva.com.va\app\Controllers\Frontend\Homepage\Router.php(59): view_cell('\\App\\Controller...', 'id=5, page=1')
#11 G:\OpenServer\domains\noithatva.com.va\vendor\codeigniter4\framework\system\CodeIgniter.php(918): App\Controllers\Frontend\Homepage\Router->index('noi-that-phong-...')
#12 G:\OpenServer\domains\noithatva.com.va\vendor\codeigniter4\framework\system\CodeIgniter.php(404): CodeIgniter\CodeIgniter->runController(Object(App\Controllers\Frontend\Homepage\Router))
#13 G:\OpenServer\domains\noithatva.com.va\vendor\codeigniter4\framework\system\CodeIgniter.php(312): CodeIgniter\CodeIgniter->handleRequest(NULL, Object(Config\Cache), false)
#14 G:\OpenServer\domains\noithatva.com.va\index.php(48): CodeIgniter\CodeIgniter->run()
#15 {main}
CRITICAL - 2021-11-20 04:54:49 --> Undefined index: homepage_address
#0 G:\OpenServer\domains\noithatva.com.va\app\Views\frontend\homepage\common\footer.php(49): CodeIgniter\Debug\Exceptions->errorHandler(8, 'Undefined index...', 'G:\\OpenServer\\d...', 49, Array)
#1 G:\OpenServer\domains\noithatva.com.va\vendor\codeigniter4\framework\system\View\View.php(246): include('G:\\OpenServer\\d...')
#2 G:\OpenServer\domains\noithatva.com.va\vendor\codeigniter4\framework\system\Common.php(1119): CodeIgniter\View\View->render('frontend/homepa...', Array, true)
#3 G:\OpenServer\domains\noithatva.com.va\app\Views\frontend\homepage\layout\home.php(71): view('frontend/homepa...')
#4 G:\OpenServer\domains\noithatva.com.va\vendor\codeigniter4\framework\system\View\View.php(246): include('G:\\OpenServer\\d...')
#5 G:\OpenServer\domains\noithatva.com.va\vendor\codeigniter4\framework\system\Common.php(1119): CodeIgniter\View\View->render('frontend/homepa...', Array, true)
#6 G:\OpenServer\domains\noithatva.com.va\app\Controllers\Frontend\Homepage\Home.php(33): view('frontend/homepa...', Array)
#7 G:\OpenServer\domains\noithatva.com.va\vendor\codeigniter4\framework\system\CodeIgniter.php(918): App\Controllers\Frontend\Homepage\Home->index()
#8 G:\OpenServer\domains\noithatva.com.va\vendor\codeigniter4\framework\system\CodeIgniter.php(404): CodeIgniter\CodeIgniter->runController(Object(App\Controllers\Frontend\Homepage\Home))
#9 G:\OpenServer\domains\noithatva.com.va\vendor\codeigniter4\framework\system\CodeIgniter.php(312): CodeIgniter\CodeIgniter->handleRequest(NULL, Object(Config\Cache), false)
#10 G:\OpenServer\domains\noithatva.com.va\index.php(48): CodeIgniter\CodeIgniter->run()
#11 {main}
CRITICAL - 2021-11-20 04:57:55 --> Undefined index: social_linkedin
#0 G:\OpenServer\domains\noithatva.com.va\app\Views\frontend\homepage\common\footer.php(162): CodeIgniter\Debug\Exceptions->errorHandler(8, 'Undefined index...', 'G:\\OpenServer\\d...', 162, Array)
#1 G:\OpenServer\domains\noithatva.com.va\vendor\codeigniter4\framework\system\View\View.php(246): include('G:\\OpenServer\\d...')
#2 G:\OpenServer\domains\noithatva.com.va\vendor\codeigniter4\framework\system\Common.php(1119): CodeIgniter\View\View->render('frontend/homepa...', Array, true)
#3 G:\OpenServer\domains\noithatva.com.va\app\Views\frontend\homepage\layout\home.php(71): view('frontend/homepa...')
#4 G:\OpenServer\domains\noithatva.com.va\vendor\codeigniter4\framework\system\View\View.php(246): include('G:\\OpenServer\\d...')
#5 G:\OpenServer\domains\noithatva.com.va\vendor\codeigniter4\framework\system\Common.php(1119): CodeIgniter\View\View->render('frontend/homepa...', Array, true)
#6 G:\OpenServer\domains\noithatva.com.va\app\Controllers\Frontend\Homepage\Home.php(33): view('frontend/homepa...', Array)
#7 G:\OpenServer\domains\noithatva.com.va\vendor\codeigniter4\framework\system\CodeIgniter.php(918): App\Controllers\Frontend\Homepage\Home->index()
#8 G:\OpenServer\domains\noithatva.com.va\vendor\codeigniter4\framework\system\CodeIgniter.php(404): CodeIgniter\CodeIgniter->runController(Object(App\Controllers\Frontend\Homepage\Home))
#9 G:\OpenServer\domains\noithatva.com.va\vendor\codeigniter4\framework\system\CodeIgniter.php(312): CodeIgniter\CodeIgniter->handleRequest(NULL, Object(Config\Cache), false)
#10 G:\OpenServer\domains\noithatva.com.va\index.php(48): CodeIgniter\CodeIgniter->run()
#11 {main}
CRITICAL - 2021-11-20 04:58:11 --> Undefined index: social_pinterest
#0 G:\OpenServer\domains\noithatva.com.va\app\Views\frontend\homepage\common\footer.php(164): CodeIgniter\Debug\Exceptions->errorHandler(8, 'Undefined index...', 'G:\\OpenServer\\d...', 164, Array)
#1 G:\OpenServer\domains\noithatva.com.va\vendor\codeigniter4\framework\system\View\View.php(246): include('G:\\OpenServer\\d...')
#2 G:\OpenServer\domains\noithatva.com.va\vendor\codeigniter4\framework\system\Common.php(1119): CodeIgniter\View\View->render('frontend/homepa...', Array, true)
#3 G:\OpenServer\domains\noithatva.com.va\app\Views\frontend\homepage\layout\home.php(71): view('frontend/homepa...')
#4 G:\OpenServer\domains\noithatva.com.va\vendor\codeigniter4\framework\system\View\View.php(246): include('G:\\OpenServer\\d...')
#5 G:\OpenServer\domains\noithatva.com.va\vendor\codeigniter4\framework\system\Common.php(1119): CodeIgniter\View\View->render('frontend/homepa...', Array, true)
#6 G:\OpenServer\domains\noithatva.com.va\app\Controllers\Frontend\Homepage\Home.php(33): view('frontend/homepa...', Array)
#7 G:\OpenServer\domains\noithatva.com.va\vendor\codeigniter4\framework\system\CodeIgniter.php(918): App\Controllers\Frontend\Homepage\Home->index()
#8 G:\OpenServer\domains\noithatva.com.va\vendor\codeigniter4\framework\system\CodeIgniter.php(404): CodeIgniter\CodeIgniter->runController(Object(App\Controllers\Frontend\Homepage\Home))
#9 G:\OpenServer\domains\noithatva.com.va\vendor\codeigniter4\framework\system\CodeIgniter.php(312): CodeIgniter\CodeIgniter->handleRequest(NULL, Object(Config\Cache), false)
#10 G:\OpenServer\domains\noithatva.com.va\index.php(48): CodeIgniter\CodeIgniter->run()
#11 {main}
CRITICAL - 2021-11-20 05:04:18 --> Illegal string offset 'title'
#0 G:\OpenServer\domains\noithatva.com.va\app\Views\frontend\homepage\common\footer.php(64): CodeIgniter\Debug\Exceptions->errorHandler(2, 'Illegal string ...', 'G:\\OpenServer\\d...', 64, Array)
#1 G:\OpenServer\domains\noithatva.com.va\vendor\codeigniter4\framework\system\View\View.php(246): include('G:\\OpenServer\\d...')
#2 G:\OpenServer\domains\noithatva.com.va\vendor\codeigniter4\framework\system\Common.php(1119): CodeIgniter\View\View->render('frontend/homepa...', Array, true)
#3 G:\OpenServer\domains\noithatva.com.va\app\Views\frontend\homepage\layout\home.php(71): view('frontend/homepa...')
#4 G:\OpenServer\domains\noithatva.com.va\vendor\codeigniter4\framework\system\View\View.php(246): include('G:\\OpenServer\\d...')
#5 G:\OpenServer\domains\noithatva.com.va\vendor\codeigniter4\framework\system\Common.php(1119): CodeIgniter\View\View->render('frontend/homepa...', Array, true)
#6 G:\OpenServer\domains\noithatva.com.va\app\Controllers\Frontend\Homepage\Home.php(33): view('frontend/homepa...', Array)
#7 G:\OpenServer\domains\noithatva.com.va\vendor\codeigniter4\framework\system\CodeIgniter.php(918): App\Controllers\Frontend\Homepage\Home->index()
#8 G:\OpenServer\domains\noithatva.com.va\vendor\codeigniter4\framework\system\CodeIgniter.php(404): CodeIgniter\CodeIgniter->runController(Object(App\Controllers\Frontend\Homepage\Home))
#9 G:\OpenServer\domains\noithatva.com.va\vendor\codeigniter4\framework\system\CodeIgniter.php(312): CodeIgniter\CodeIgniter->handleRequest(NULL, Object(Config\Cache), false)
#10 G:\OpenServer\domains\noithatva.com.va\index.php(48): CodeIgniter\CodeIgniter->run()
#11 {main}
CRITICAL - 2021-11-20 05:05:58 --> Undefined index: social_messenger
#0 G:\OpenServer\domains\noithatva.com.va\app\Views\frontend\homepage\common\footer.php(128): CodeIgniter\Debug\Exceptions->errorHandler(8, 'Undefined index...', 'G:\\OpenServer\\d...', 128, Array)
#1 G:\OpenServer\domains\noithatva.com.va\vendor\codeigniter4\framework\system\View\View.php(246): include('G:\\OpenServer\\d...')
#2 G:\OpenServer\domains\noithatva.com.va\vendor\codeigniter4\framework\system\Common.php(1119): CodeIgniter\View\View->render('frontend/homepa...', Array, true)
#3 G:\OpenServer\domains\noithatva.com.va\app\Views\frontend\homepage\layout\home.php(71): view('frontend/homepa...')
#4 G:\OpenServer\domains\noithatva.com.va\vendor\codeigniter4\framework\system\View\View.php(246): include('G:\\OpenServer\\d...')
#5 G:\OpenServer\domains\noithatva.com.va\vendor\codeigniter4\framework\system\Common.php(1119): CodeIgniter\View\View->render('frontend/homepa...', Array, true)
#6 G:\OpenServer\domains\noithatva.com.va\app\Controllers\Frontend\Homepage\Home.php(33): view('frontend/homepa...', Array)
#7 G:\OpenServer\domains\noithatva.com.va\vendor\codeigniter4\framework\system\CodeIgniter.php(918): App\Controllers\Frontend\Homepage\Home->index()
#8 G:\OpenServer\domains\noithatva.com.va\vendor\codeigniter4\framework\system\CodeIgniter.php(404): CodeIgniter\CodeIgniter->runController(Object(App\Controllers\Frontend\Homepage\Home))
#9 G:\OpenServer\domains\noithatva.com.va\vendor\codeigniter4\framework\system\CodeIgniter.php(312): CodeIgniter\CodeIgniter->handleRequest(NULL, Object(Config\Cache), false)
#10 G:\OpenServer\domains\noithatva.com.va\index.php(48): CodeIgniter\CodeIgniter->run()
#11 {main}
CRITICAL - 2021-11-20 05:19:10 --> syntax error, unexpected end of file
#0 G:\OpenServer\domains\noithatva.com.va\vendor\codeigniter4\framework\system\Common.php(1119): CodeIgniter\View\View->render('frontend/homepa...', Array, true)
#1 G:\OpenServer\domains\noithatva.com.va\app\Views\frontend\homepage\layout\home.php(69): view('frontend/homepa...')
#2 G:\OpenServer\domains\noithatva.com.va\vendor\codeigniter4\framework\system\View\View.php(246): include('G:\\OpenServer\\d...')
#3 G:\OpenServer\domains\noithatva.com.va\vendor\codeigniter4\framework\system\Common.php(1119): CodeIgniter\View\View->render('frontend/homepa...', Array, true)
#4 G:\OpenServer\domains\noithatva.com.va\app\Controllers\Frontend\Homepage\Home.php(33): view('frontend/homepa...', Array)
#5 G:\OpenServer\domains\noithatva.com.va\vendor\codeigniter4\framework\system\CodeIgniter.php(918): App\Controllers\Frontend\Homepage\Home->index()
#6 G:\OpenServer\domains\noithatva.com.va\vendor\codeigniter4\framework\system\CodeIgniter.php(404): CodeIgniter\CodeIgniter->runController(Object(App\Controllers\Frontend\Homepage\Home))
#7 G:\OpenServer\domains\noithatva.com.va\vendor\codeigniter4\framework\system\CodeIgniter.php(312): CodeIgniter\CodeIgniter->handleRequest(NULL, Object(Config\Cache), false)
#8 G:\OpenServer\domains\noithatva.com.va\index.php(48): CodeIgniter\CodeIgniter->run()
#9 {main}
CRITICAL - 2021-11-20 08:58:40 --> Cannot use isset() on the result of an expression (you can use "null !== expression" instead)
#0 [internal function]: CodeIgniter\Debug\Exceptions->shutdownHandler()
#1 {main}
CRITICAL - 2021-11-20 09:04:59 --> Undefined index: icon
#0 G:\OpenServer\domains\noithatva.com.va\app\Views\frontend\homepage\home\index.php(18): CodeIgniter\Debug\Exceptions->errorHandler(8, 'Undefined index...', 'G:\\OpenServer\\d...', 18, Array)
#1 G:\OpenServer\domains\noithatva.com.va\vendor\codeigniter4\framework\system\View\View.php(246): include('G:\\OpenServer\\d...')
#2 G:\OpenServer\domains\noithatva.com.va\vendor\codeigniter4\framework\system\Common.php(1119): CodeIgniter\View\View->render('frontend/homepa...', Array, true)
#3 G:\OpenServer\domains\noithatva.com.va\app\Views\frontend\homepage\layout\home.php(70): view('frontend/homepa...')
#4 G:\OpenServer\domains\noithatva.com.va\vendor\codeigniter4\framework\system\View\View.php(246): include('G:\\OpenServer\\d...')
#5 G:\OpenServer\domains\noithatva.com.va\vendor\codeigniter4\framework\system\Common.php(1119): CodeIgniter\View\View->render('frontend/homepa...', Array, true)
#6 G:\OpenServer\domains\noithatva.com.va\app\Controllers\Frontend\Homepage\Home.php(37): view('frontend/homepa...', Array)
#7 G:\OpenServer\domains\noithatva.com.va\vendor\codeigniter4\framework\system\CodeIgniter.php(918): App\Controllers\Frontend\Homepage\Home->index()
#8 G:\OpenServer\domains\noithatva.com.va\vendor\codeigniter4\framework\system\CodeIgniter.php(404): CodeIgniter\CodeIgniter->runController(Object(App\Controllers\Frontend\Homepage\Home))
#9 G:\OpenServer\domains\noithatva.com.va\vendor\codeigniter4\framework\system\CodeIgniter.php(312): CodeIgniter\CodeIgniter->handleRequest(NULL, Object(Config\Cache), false)
#10 G:\OpenServer\domains\noithatva.com.va\index.php(48): CodeIgniter\CodeIgniter->run()
#11 {main}
CRITICAL - 2021-11-20 09:09:49 --> Undefined index: data
#0 G:\OpenServer\domains\noithatva.com.va\app\Controllers\Frontend\Homepage\Home.php(60): CodeIgniter\Debug\Exceptions->errorHandler(8, 'Undefined index...', 'G:\\OpenServer\\d...', 60, Array)
#1 G:\OpenServer\domains\noithatva.com.va\app\Controllers\Frontend\Homepage\Home.php(34): App\Controllers\Frontend\Homepage\Home->handle_category(Array)
#2 G:\OpenServer\domains\noithatva.com.va\vendor\codeigniter4\framework\system\CodeIgniter.php(918): App\Controllers\Frontend\Homepage\Home->index()
#3 G:\OpenServer\domains\noithatva.com.va\vendor\codeigniter4\framework\system\CodeIgniter.php(404): CodeIgniter\CodeIgniter->runController(Object(App\Controllers\Frontend\Homepage\Home))
#4 G:\OpenServer\domains\noithatva.com.va\vendor\codeigniter4\framework\system\CodeIgniter.php(312): CodeIgniter\CodeIgniter->handleRequest(NULL, Object(Config\Cache), false)
#5 G:\OpenServer\domains\noithatva.com.va\index.php(48): CodeIgniter\CodeIgniter->run()
#6 {main}
CRITICAL - 2021-11-20 09:10:56 --> Call to undefined method App\Controllers\Frontend\Homepage\Home::get_child_panel()
#0 G:\OpenServer\domains\noithatva.com.va\app\Controllers\Frontend\Homepage\Home.php(30): App\Controllers\Frontend\Homepage\Home->handle_category(Array)
#1 G:\OpenServer\domains\noithatva.com.va\vendor\codeigniter4\framework\system\CodeIgniter.php(918): App\Controllers\Frontend\Homepage\Home->index()
#2 G:\OpenServer\domains\noithatva.com.va\vendor\codeigniter4\framework\system\CodeIgniter.php(404): CodeIgniter\CodeIgniter->runController(Object(App\Controllers\Frontend\Homepage\Home))
#3 G:\OpenServer\domains\noithatva.com.va\vendor\codeigniter4\framework\system\CodeIgniter.php(312): CodeIgniter\CodeIgniter->handleRequest(NULL, Object(Config\Cache), false)
#4 G:\OpenServer\domains\noithatva.com.va\index.php(48): CodeIgniter\CodeIgniter->run()
#5 {main}
CRITICAL - 2021-11-20 09:11:24 --> Undefined index: post
#0 G:\OpenServer\domains\noithatva.com.va\app\Controllers\Frontend\Homepage\Home.php(52): CodeIgniter\Debug\Exceptions->errorHandler(8, 'Undefined index...', 'G:\\OpenServer\\d...', 52, Array)
#1 G:\OpenServer\domains\noithatva.com.va\app\Controllers\Frontend\Homepage\Home.php(30): App\Controllers\Frontend\Homepage\Home->handle_category(Array)
#2 G:\OpenServer\domains\noithatva.com.va\vendor\codeigniter4\framework\system\CodeIgniter.php(918): App\Controllers\Frontend\Homepage\Home->index()
#3 G:\OpenServer\domains\noithatva.com.va\vendor\codeigniter4\framework\system\CodeIgniter.php(404): CodeIgniter\CodeIgniter->runController(Object(App\Controllers\Frontend\Homepage\Home))
#4 G:\OpenServer\domains\noithatva.com.va\vendor\codeigniter4\framework\system\CodeIgniter.php(312): CodeIgniter\CodeIgniter->handleRequest(NULL, Object(Config\Cache), false)
#5 G:\OpenServer\domains\noithatva.com.va\index.php(48): CodeIgniter\CodeIgniter->run()
#6 {main}
CRITICAL - 2021-11-20 09:17:46 --> Illegal string offset 'id'
#0 G:\OpenServer\domains\noithatva.com.va\app\Controllers\Frontend\Homepage\Home.php(48): CodeIgniter\Debug\Exceptions->errorHandler(2, 'Illegal string ...', 'G:\\OpenServer\\d...', 48, Array)
#1 G:\OpenServer\domains\noithatva.com.va\app\Controllers\Frontend\Homepage\Home.php(34): App\Controllers\Frontend\Homepage\Home->handle_category(Array)
#2 G:\OpenServer\domains\noithatva.com.va\vendor\codeigniter4\framework\system\CodeIgniter.php(918): App\Controllers\Frontend\Homepage\Home->index()
#3 G:\OpenServer\domains\noithatva.com.va\vendor\codeigniter4\framework\system\CodeIgniter.php(404): CodeIgniter\CodeIgniter->runController(Object(App\Controllers\Frontend\Homepage\Home))
#4 G:\OpenServer\domains\noithatva.com.va\vendor\codeigniter4\framework\system\CodeIgniter.php(312): CodeIgniter\CodeIgniter->handleRequest(NULL, Object(Config\Cache), false)
#5 G:\OpenServer\domains\noithatva.com.va\index.php(48): CodeIgniter\CodeIgniter->run()
#6 {main}
CRITICAL - 2021-11-20 09:18:00 --> Illegal string offset 'id'
#0 G:\OpenServer\domains\noithatva.com.va\app\Controllers\Frontend\Homepage\Home.php(48): CodeIgniter\Debug\Exceptions->errorHandler(2, 'Illegal string ...', 'G:\\OpenServer\\d...', 48, Array)
#1 G:\OpenServer\domains\noithatva.com.va\app\Controllers\Frontend\Homepage\Home.php(34): App\Controllers\Frontend\Homepage\Home->handle_category(Array)
#2 G:\OpenServer\domains\noithatva.com.va\vendor\codeigniter4\framework\system\CodeIgniter.php(918): App\Controllers\Frontend\Homepage\Home->index()
#3 G:\OpenServer\domains\noithatva.com.va\vendor\codeigniter4\framework\system\CodeIgniter.php(404): CodeIgniter\CodeIgniter->runController(Object(App\Controllers\Frontend\Homepage\Home))
#4 G:\OpenServer\domains\noithatva.com.va\vendor\codeigniter4\framework\system\CodeIgniter.php(312): CodeIgniter\CodeIgniter->handleRequest(NULL, Object(Config\Cache), false)
#5 G:\OpenServer\domains\noithatva.com.va\index.php(48): CodeIgniter\CodeIgniter->run()
#6 {main}
CRITICAL - 2021-11-20 09:18:22 --> Illegal string offset 'id'
#0 G:\OpenServer\domains\noithatva.com.va\app\Controllers\Frontend\Homepage\Home.php(48): CodeIgniter\Debug\Exceptions->errorHandler(2, 'Illegal string ...', 'G:\\OpenServer\\d...', 48, Array)
#1 G:\OpenServer\domains\noithatva.com.va\app\Controllers\Frontend\Homepage\Home.php(34): App\Controllers\Frontend\Homepage\Home->handle_category(Array)
#2 G:\OpenServer\domains\noithatva.com.va\vendor\codeigniter4\framework\system\CodeIgniter.php(918): App\Controllers\Frontend\Homepage\Home->index()
#3 G:\OpenServer\domains\noithatva.com.va\vendor\codeigniter4\framework\system\CodeIgniter.php(404): CodeIgniter\CodeIgniter->runController(Object(App\Controllers\Frontend\Homepage\Home))
#4 G:\OpenServer\domains\noithatva.com.va\vendor\codeigniter4\framework\system\CodeIgniter.php(312): CodeIgniter\CodeIgniter->handleRequest(NULL, Object(Config\Cache), false)
#5 G:\OpenServer\domains\noithatva.com.va\index.php(48): CodeIgniter\CodeIgniter->run()
#6 {main}
CRITICAL - 2021-11-20 09:19:09 --> syntax error, unexpected 'unset' (T_UNSET)
#0 G:\OpenServer\domains\noithatva.com.va\vendor\codeigniter4\framework\system\Autoloader\Autoloader.php(296): CodeIgniter\Autoloader\Autoloader->requireFile('G:\\OpenServer\\d...')
#1 G:\OpenServer\domains\noithatva.com.va\vendor\codeigniter4\framework\system\Autoloader\Autoloader.php(258): CodeIgniter\Autoloader\Autoloader->loadInNamespace('App\\Controllers...')
#2 [internal function]: CodeIgniter\Autoloader\Autoloader->loadClass('App\\Controllers...')
#3 [internal function]: spl_autoload_call('App\\Controllers...')
#4 G:\OpenServer\domains\noithatva.com.va\vendor\codeigniter4\framework\system\CodeIgniter.php(869): class_exists('\\App\\Controller...', true)
#5 G:\OpenServer\domains\noithatva.com.va\vendor\codeigniter4\framework\system\CodeIgniter.php(394): CodeIgniter\CodeIgniter->startController()
#6 G:\OpenServer\domains\noithatva.com.va\vendor\codeigniter4\framework\system\CodeIgniter.php(312): CodeIgniter\CodeIgniter->handleRequest(NULL, Object(Config\Cache), false)
#7 G:\OpenServer\domains\noithatva.com.va\index.php(48): CodeIgniter\CodeIgniter->run()
#8 {main}
CRITICAL - 2021-11-20 09:19:15 --> syntax error, unexpected 'unset' (T_UNSET)
#0 G:\OpenServer\domains\noithatva.com.va\vendor\codeigniter4\framework\system\Autoloader\Autoloader.php(296): CodeIgniter\Autoloader\Autoloader->requireFile('G:\\OpenServer\\d...')
#1 G:\OpenServer\domains\noithatva.com.va\vendor\codeigniter4\framework\system\Autoloader\Autoloader.php(258): CodeIgniter\Autoloader\Autoloader->loadInNamespace('App\\Controllers...')
#2 [internal function]: CodeIgniter\Autoloader\Autoloader->loadClass('App\\Controllers...')
#3 [internal function]: spl_autoload_call('App\\Controllers...')
#4 G:\OpenServer\domains\noithatva.com.va\vendor\codeigniter4\framework\system\CodeIgniter.php(869): class_exists('\\App\\Controller...', true)
#5 G:\OpenServer\domains\noithatva.com.va\vendor\codeigniter4\framework\system\CodeIgniter.php(394): CodeIgniter\CodeIgniter->startController()
#6 G:\OpenServer\domains\noithatva.com.va\vendor\codeigniter4\framework\system\CodeIgniter.php(312): CodeIgniter\CodeIgniter->handleRequest(NULL, Object(Config\Cache), false)
#7 G:\OpenServer\domains\noithatva.com.va\index.php(48): CodeIgniter\CodeIgniter->run()
#8 {main}
CRITICAL - 2021-11-20 09:19:17 --> syntax error, unexpected 'unset' (T_UNSET)
#0 G:\OpenServer\domains\noithatva.com.va\vendor\codeigniter4\framework\system\Autoloader\Autoloader.php(296): CodeIgniter\Autoloader\Autoloader->requireFile('G:\\OpenServer\\d...')
#1 G:\OpenServer\domains\noithatva.com.va\vendor\codeigniter4\framework\system\Autoloader\Autoloader.php(258): CodeIgniter\Autoloader\Autoloader->loadInNamespace('App\\Controllers...')
#2 [internal function]: CodeIgniter\Autoloader\Autoloader->loadClass('App\\Controllers...')
#3 [internal function]: spl_autoload_call('App\\Controllers...')
#4 G:\OpenServer\domains\noithatva.com.va\vendor\codeigniter4\framework\system\CodeIgniter.php(869): class_exists('\\App\\Controller...', true)
#5 G:\OpenServer\domains\noithatva.com.va\vendor\codeigniter4\framework\system\CodeIgniter.php(394): CodeIgniter\CodeIgniter->startController()
#6 G:\OpenServer\domains\noithatva.com.va\vendor\codeigniter4\framework\system\CodeIgniter.php(312): CodeIgniter\CodeIgniter->handleRequest(NULL, Object(Config\Cache), false)
#7 G:\OpenServer\domains\noithatva.com.va\index.php(48): CodeIgniter\CodeIgniter->run()
#8 {main}
CRITICAL - 2021-11-20 09:19:38 --> syntax error, unexpected 'array_values' (T_STRING), expecting ';'
#0 G:\OpenServer\domains\noithatva.com.va\vendor\codeigniter4\framework\system\Autoloader\Autoloader.php(296): CodeIgniter\Autoloader\Autoloader->requireFile('G:\\OpenServer\\d...')
#1 G:\OpenServer\domains\noithatva.com.va\vendor\codeigniter4\framework\system\Autoloader\Autoloader.php(258): CodeIgniter\Autoloader\Autoloader->loadInNamespace('App\\Controllers...')
#2 [internal function]: CodeIgniter\Autoloader\Autoloader->loadClass('App\\Controllers...')
#3 [internal function]: spl_autoload_call('App\\Controllers...')
#4 G:\OpenServer\domains\noithatva.com.va\vendor\codeigniter4\framework\system\CodeIgniter.php(869): class_exists('\\App\\Controller...', true)
#5 G:\OpenServer\domains\noithatva.com.va\vendor\codeigniter4\framework\system\CodeIgniter.php(394): CodeIgniter\CodeIgniter->startController()
#6 G:\OpenServer\domains\noithatva.com.va\vendor\codeigniter4\framework\system\CodeIgniter.php(312): CodeIgniter\CodeIgniter->handleRequest(NULL, Object(Config\Cache), false)
#7 G:\OpenServer\domains\noithatva.com.va\index.php(48): CodeIgniter\CodeIgniter->run()
#8 {main}
CRITICAL - 2021-11-20 09:19:43 --> Illegal string offset 'id'
#0 G:\OpenServer\domains\noithatva.com.va\app\Controllers\Frontend\Homepage\Home.php(49): CodeIgniter\Debug\Exceptions->errorHandler(2, 'Illegal string ...', 'G:\\OpenServer\\d...', 49, Array)
#1 G:\OpenServer\domains\noithatva.com.va\app\Controllers\Frontend\Homepage\Home.php(34): App\Controllers\Frontend\Homepage\Home->handle_category(Array)
#2 G:\OpenServer\domains\noithatva.com.va\vendor\codeigniter4\framework\system\CodeIgniter.php(918): App\Controllers\Frontend\Homepage\Home->index()
#3 G:\OpenServer\domains\noithatva.com.va\vendor\codeigniter4\framework\system\CodeIgniter.php(404): CodeIgniter\CodeIgniter->runController(Object(App\Controllers\Frontend\Homepage\Home))
#4 G:\OpenServer\domains\noithatva.com.va\vendor\codeigniter4\framework\system\CodeIgniter.php(312): CodeIgniter\CodeIgniter->handleRequest(NULL, Object(Config\Cache), false)
#5 G:\OpenServer\domains\noithatva.com.va\index.php(48): CodeIgniter\CodeIgniter->run()
#6 {main}
CRITICAL - 2021-11-20 09:22:01 --> Array to string conversion
#0 G:\OpenServer\domains\noithatva.com.va\app\Views\frontend\homepage\home\index.php(14): CodeIgniter\Debug\Exceptions->errorHandler(8, 'Array to string...', 'G:\\OpenServer\\d...', 14, Array)
#1 G:\OpenServer\domains\noithatva.com.va\vendor\codeigniter4\framework\system\View\View.php(246): include('G:\\OpenServer\\d...')
#2 G:\OpenServer\domains\noithatva.com.va\vendor\codeigniter4\framework\system\Common.php(1119): CodeIgniter\View\View->render('frontend/homepa...', Array, true)
#3 G:\OpenServer\domains\noithatva.com.va\app\Views\frontend\homepage\layout\home.php(70): view('frontend/homepa...')
#4 G:\OpenServer\domains\noithatva.com.va\vendor\codeigniter4\framework\system\View\View.php(246): include('G:\\OpenServer\\d...')
#5 G:\OpenServer\domains\noithatva.com.va\vendor\codeigniter4\framework\system\Common.php(1119): CodeIgniter\View\View->render('frontend/homepa...', Array, true)
#6 G:\OpenServer\domains\noithatva.com.va\app\Controllers\Frontend\Homepage\Home.php(37): view('frontend/homepa...', Array)
#7 G:\OpenServer\domains\noithatva.com.va\vendor\codeigniter4\framework\system\CodeIgniter.php(918): App\Controllers\Frontend\Homepage\Home->index()
#8 G:\OpenServer\domains\noithatva.com.va\vendor\codeigniter4\framework\system\CodeIgniter.php(404): CodeIgniter\CodeIgniter->runController(Object(App\Controllers\Frontend\Homepage\Home))
#9 G:\OpenServer\domains\noithatva.com.va\vendor\codeigniter4\framework\system\CodeIgniter.php(312): CodeIgniter\CodeIgniter->handleRequest(NULL, Object(Config\Cache), false)
#10 G:\OpenServer\domains\noithatva.com.va\index.php(48): CodeIgniter\CodeIgniter->run()
#11 {main}
CRITICAL - 2021-11-20 22:01:40 --> syntax error, unexpected ':', expecting ',' or ';'
#0 G:\OpenServer\domains\noithatva.com.va\vendor\codeigniter4\framework\system\Common.php(1119): CodeIgniter\View\View->render('frontend/homepa...', Array, true)
#1 G:\OpenServer\domains\noithatva.com.va\app\Views\frontend\homepage\layout\home.php(70): view('frontend/homepa...')
#2 G:\OpenServer\domains\noithatva.com.va\vendor\codeigniter4\framework\system\View\View.php(246): include('G:\\OpenServer\\d...')
#3 G:\OpenServer\domains\noithatva.com.va\vendor\codeigniter4\framework\system\Common.php(1119): CodeIgniter\View\View->render('frontend/homepa...', Array, true)
#4 G:\OpenServer\domains\noithatva.com.va\app\Controllers\Frontend\Homepage\Home.php(38): view('frontend/homepa...', Array)
#5 G:\OpenServer\domains\noithatva.com.va\vendor\codeigniter4\framework\system\CodeIgniter.php(918): App\Controllers\Frontend\Homepage\Home->index()
#6 G:\OpenServer\domains\noithatva.com.va\vendor\codeigniter4\framework\system\CodeIgniter.php(404): CodeIgniter\CodeIgniter->runController(Object(App\Controllers\Frontend\Homepage\Home))
#7 G:\OpenServer\domains\noithatva.com.va\vendor\codeigniter4\framework\system\CodeIgniter.php(312): CodeIgniter\CodeIgniter->handleRequest(NULL, Object(Config\Cache), false)
#8 G:\OpenServer\domains\noithatva.com.va\index.php(48): CodeIgniter\CodeIgniter->run()
#9 {main}
CRITICAL - 2021-11-20 22:41:38 --> Undefined variable: percent
#0 G:\OpenServer\domains\noithatva.com.va\app\Views\frontend\homepage\home\index.php(267): CodeIgniter\Debug\Exceptions->errorHandler(8, 'Undefined varia...', 'G:\\OpenServer\\d...', 267, Array)
#1 G:\OpenServer\domains\noithatva.com.va\vendor\codeigniter4\framework\system\View\View.php(246): include('G:\\OpenServer\\d...')
#2 G:\OpenServer\domains\noithatva.com.va\vendor\codeigniter4\framework\system\Common.php(1119): CodeIgniter\View\View->render('frontend/homepa...', Array, true)
#3 G:\OpenServer\domains\noithatva.com.va\app\Views\frontend\homepage\layout\home.php(70): view('frontend/homepa...')
#4 G:\OpenServer\domains\noithatva.com.va\vendor\codeigniter4\framework\system\View\View.php(246): include('G:\\OpenServer\\d...')
#5 G:\OpenServer\domains\noithatva.com.va\vendor\codeigniter4\framework\system\Common.php(1119): CodeIgniter\View\View->render('frontend/homepa...', Array, true)
#6 G:\OpenServer\domains\noithatva.com.va\app\Controllers\Frontend\Homepage\Home.php(38): view('frontend/homepa...', Array)
#7 G:\OpenServer\domains\noithatva.com.va\vendor\codeigniter4\framework\system\CodeIgniter.php(918): App\Controllers\Frontend\Homepage\Home->index()
#8 G:\OpenServer\domains\noithatva.com.va\vendor\codeigniter4\framework\system\CodeIgniter.php(404): CodeIgniter\CodeIgniter->runController(Object(App\Controllers\Frontend\Homepage\Home))
#9 G:\OpenServer\domains\noithatva.com.va\vendor\codeigniter4\framework\system\CodeIgniter.php(312): CodeIgniter\CodeIgniter->handleRequest(NULL, Object(Config\Cache), false)
#10 G:\OpenServer\domains\noithatva.com.va\index.php(48): CodeIgniter\CodeIgniter->run()
#11 {main}
CRITICAL - 2021-11-20 22:43:52 --> Undefined variable: language
#0 G:\OpenServer\domains\noithatva.com.va\app\Views\frontend\homepage\common\header.php(2): CodeIgniter\Debug\Exceptions->errorHandler(8, 'Undefined varia...', 'G:\\OpenServer\\d...', 2, Array)
#1 G:\OpenServer\domains\noithatva.com.va\vendor\codeigniter4\framework\system\View\View.php(246): include('G:\\OpenServer\\d...')
#2 G:\OpenServer\domains\noithatva.com.va\vendor\codeigniter4\framework\system\Common.php(1119): CodeIgniter\View\View->render('frontend/homepa...', Array, true)
#3 G:\OpenServer\domains\noithatva.com.va\app\Views\frontend\homepage\layout\home.php(69): view('frontend/homepa...')
#4 G:\OpenServer\domains\noithatva.com.va\vendor\codeigniter4\framework\system\View\View.php(246): include('G:\\OpenServer\\d...')
#5 G:\OpenServer\domains\noithatva.com.va\vendor\codeigniter4\framework\system\Common.php(1119): CodeIgniter\View\View->render('frontend/homepa...', Array, true)
#6 G:\OpenServer\domains\noithatva.com.va\app\Controllers\Frontend\Product\Product.php(123): view('frontend/homepa...', Array)
#7 G:\OpenServer\domains\noithatva.com.va\vendor\codeigniter4\framework\system\View\Cell.php(180): App\Controllers\Frontend\Product\Product->index(Array, '1')
#8 G:\OpenServer\domains\noithatva.com.va\vendor\codeigniter4\framework\system\Common.php(1140): CodeIgniter\View\Cell->render('\\App\\Controller...', 'id=3, page=1', 0, 'AppControllersF...')
#9 G:\OpenServer\domains\noithatva.com.va\app\Controllers\Frontend\Homepage\Router.php(59): view_cell('\\App\\Controller...', 'id=3, page=1')
#10 G:\OpenServer\domains\noithatva.com.va\vendor\codeigniter4\framework\system\CodeIgniter.php(918): App\Controllers\Frontend\Homepage\Router->index('bo-ban-ghe-phon...')
#11 G:\OpenServer\domains\noithatva.com.va\vendor\codeigniter4\framework\system\CodeIgniter.php(404): CodeIgniter\CodeIgniter->runController(Object(App\Controllers\Frontend\Homepage\Router))
#12 G:\OpenServer\domains\noithatva.com.va\vendor\codeigniter4\framework\system\CodeIgniter.php(312): CodeIgniter\CodeIgniter->handleRequest(NULL, Object(Config\Cache), false)
#13 G:\OpenServer\domains\noithatva.com.va\index.php(48): CodeIgniter\CodeIgniter->run()
#14 {main}
CRITICAL - 2021-11-20 22:44:25 --> Undefined variable: language
#0 G:\OpenServer\domains\noithatva.com.va\app\Views\frontend\homepage\common\header.php(2): CodeIgniter\Debug\Exceptions->errorHandler(8, 'Undefined varia...', 'G:\\OpenServer\\d...', 2, Array)
#1 G:\OpenServer\domains\noithatva.com.va\vendor\codeigniter4\framework\system\View\View.php(246): include('G:\\OpenServer\\d...')
#2 G:\OpenServer\domains\noithatva.com.va\vendor\codeigniter4\framework\system\Common.php(1119): CodeIgniter\View\View->render('frontend/homepa...', Array, true)
#3 G:\OpenServer\domains\noithatva.com.va\app\Views\frontend\homepage\layout\home.php(69): view('frontend/homepa...')
#4 G:\OpenServer\domains\noithatva.com.va\vendor\codeigniter4\framework\system\View\View.php(246): include('G:\\OpenServer\\d...')
#5 G:\OpenServer\domains\noithatva.com.va\vendor\codeigniter4\framework\system\Common.php(1119): CodeIgniter\View\View->render('frontend/homepa...', Array, true)
#6 G:\OpenServer\domains\noithatva.com.va\app\Controllers\Frontend\Product\Product.php(123): view('frontend/homepa...', Array)
#7 G:\OpenServer\domains\noithatva.com.va\vendor\codeigniter4\framework\system\View\Cell.php(180): App\Controllers\Frontend\Product\Product->index(Array, '1')
#8 G:\OpenServer\domains\noithatva.com.va\vendor\codeigniter4\framework\system\Common.php(1140): CodeIgniter\View\Cell->render('\\App\\Controller...', 'id=3, page=1', 0, 'AppControllersF...')
#9 G:\OpenServer\domains\noithatva.com.va\app\Controllers\Frontend\Homepage\Router.php(59): view_cell('\\App\\Controller...', 'id=3, page=1')
#10 G:\OpenServer\domains\noithatva.com.va\vendor\codeigniter4\framework\system\CodeIgniter.php(918): App\Controllers\Frontend\Homepage\Router->index('bo-ban-ghe-phon...')
#11 G:\OpenServer\domains\noithatva.com.va\vendor\codeigniter4\framework\system\CodeIgniter.php(404): CodeIgniter\CodeIgniter->runController(Object(App\Controllers\Frontend\Homepage\Router))
#12 G:\OpenServer\domains\noithatva.com.va\vendor\codeigniter4\framework\system\CodeIgniter.php(312): CodeIgniter\CodeIgniter->handleRequest(NULL, Object(Config\Cache), false)
#13 G:\OpenServer\domains\noithatva.com.va\index.php(48): CodeIgniter\CodeIgniter->run()
#14 {main}
CRITICAL - 2021-11-20 22:47:11 --> Undefined variable: language
#0 G:\OpenServer\domains\noithatva.com.va\app\Views\frontend\homepage\common\header.php(2): CodeIgniter\Debug\Exceptions->errorHandler(8, 'Undefined varia...', 'G:\\OpenServer\\d...', 2, Array)
#1 G:\OpenServer\domains\noithatva.com.va\vendor\codeigniter4\framework\system\View\View.php(246): include('G:\\OpenServer\\d...')
#2 G:\OpenServer\domains\noithatva.com.va\vendor\codeigniter4\framework\system\Common.php(1119): CodeIgniter\View\View->render('frontend/homepa...', Array, true)
#3 G:\OpenServer\domains\noithatva.com.va\app\Views\frontend\homepage\layout\home.php(69): view('frontend/homepa...')
#4 G:\OpenServer\domains\noithatva.com.va\vendor\codeigniter4\framework\system\View\View.php(246): include('G:\\OpenServer\\d...')
#5 G:\OpenServer\domains\noithatva.com.va\vendor\codeigniter4\framework\system\Common.php(1119): CodeIgniter\View\View->render('frontend/homepa...', Array, true)
#6 G:\OpenServer\domains\noithatva.com.va\app\Controllers\Frontend\Product\Product.php(123): view('frontend/homepa...', Array)
#7 G:\OpenServer\domains\noithatva.com.va\vendor\codeigniter4\framework\system\View\Cell.php(180): App\Controllers\Frontend\Product\Product->index(Array, '1')
#8 G:\OpenServer\domains\noithatva.com.va\vendor\codeigniter4\framework\system\Common.php(1140): CodeIgniter\View\Cell->render('\\App\\Controller...', 'id=3, page=1', 0, 'AppControllersF...')
#9 G:\OpenServer\domains\noithatva.com.va\app\Controllers\Frontend\Homepage\Router.php(59): view_cell('\\App\\Controller...', 'id=3, page=1')
#10 G:\OpenServer\domains\noithatva.com.va\vendor\codeigniter4\framework\system\CodeIgniter.php(918): App\Controllers\Frontend\Homepage\Router->index('bo-ban-ghe-phon...')
#11 G:\OpenServer\domains\noithatva.com.va\vendor\codeigniter4\framework\system\CodeIgniter.php(404): CodeIgniter\CodeIgniter->runController(Object(App\Controllers\Frontend\Homepage\Router))
#12 G:\OpenServer\domains\noithatva.com.va\vendor\codeigniter4\framework\system\CodeIgniter.php(312): CodeIgniter\CodeIgniter->handleRequest(NULL, Object(Config\Cache), false)
#13 G:\OpenServer\domains\noithatva.com.va\index.php(48): CodeIgniter\CodeIgniter->run()
#14 {main}
