CRITICAL - 2021-09-27 01:19:54 --> Undefined index: detail
#0 G:\OpenServer\domains\ht.anhtrong.com\app\Views\frontend\product\cart\index.php(322): CodeIgniter\Debug\Exceptions->errorHandler(8, 'Undefined index...', 'G:\\OpenServer\\d...', 322, Array)
#1 G:\OpenServer\domains\ht.anhtrong.com\vendor\codeigniter4\framework\system\View\View.php(246): include('G:\\OpenServer\\d...')
#2 G:\OpenServer\domains\ht.anhtrong.com\vendor\codeigniter4\framework\system\Common.php(1119): CodeIgniter\View\View->render('frontend/produc...', Array, true)
#3 G:\OpenServer\domains\ht.anhtrong.com\app\Controllers\Frontend\Product\Cart.php(62): view('frontend/produc...', Array)
#4 G:\OpenServer\domains\ht.anhtrong.com\vendor\codeigniter4\framework\system\CodeIgniter.php(918): App\Controllers\Frontend\Product\Cart->index()
#5 G:\OpenServer\domains\ht.anhtrong.com\vendor\codeigniter4\framework\system\CodeIgniter.php(404): CodeIgniter\CodeIgniter->runController(Object(App\Controllers\Frontend\Product\Cart))
#6 G:\OpenServer\domains\ht.anhtrong.com\vendor\codeigniter4\framework\system\CodeIgniter.php(312): CodeIgniter\CodeIgniter->handleRequest(NULL, Object(Config\Cache), false)
#7 G:\OpenServer\domains\ht.anhtrong.com\index.php(48): CodeIgniter\CodeIgniter->run()
#8 {main}
CRITICAL - 2021-09-27 01:20:06 --> Undefined variable: object
#0 G:\OpenServer\domains\ht.anhtrong.com\app\Controllers\Frontend\Product\Cart.php(219): CodeIgniter\Debug\Exceptions->errorHandler(8, 'Undefined varia...', 'G:\\OpenServer\\d...', 219, Array)
#1 G:\OpenServer\domains\ht.anhtrong.com\app\Controllers\Frontend\Product\Cart.php(16): App\Controllers\Frontend\Product\Cart->get_cart_detail(Array)
#2 G:\OpenServer\domains\ht.anhtrong.com\vendor\codeigniter4\framework\system\CodeIgniter.php(918): App\Controllers\Frontend\Product\Cart->index()
#3 G:\OpenServer\domains\ht.anhtrong.com\vendor\codeigniter4\framework\system\CodeIgniter.php(404): CodeIgniter\CodeIgniter->runController(Object(App\Controllers\Frontend\Product\Cart))
#4 G:\OpenServer\domains\ht.anhtrong.com\vendor\codeigniter4\framework\system\CodeIgniter.php(312): CodeIgniter\CodeIgniter->handleRequest(NULL, Object(Config\Cache), false)
#5 G:\OpenServer\domains\ht.anhtrong.com\index.php(48): CodeIgniter\CodeIgniter->run()
#6 {main}
CRITICAL - 2021-09-27 01:21:28 --> syntax error, unexpected ';', expecting ',' or ')'
#0 G:\OpenServer\domains\ht.anhtrong.com\vendor\codeigniter4\framework\system\Autoloader\Autoloader.php(296): CodeIgniter\Autoloader\Autoloader->requireFile('G:\\OpenServer\\d...')
#1 G:\OpenServer\domains\ht.anhtrong.com\vendor\codeigniter4\framework\system\Autoloader\Autoloader.php(258): CodeIgniter\Autoloader\Autoloader->loadInNamespace('App\\Controllers...')
#2 [internal function]: CodeIgniter\Autoloader\Autoloader->loadClass('App\\Controllers...')
#3 [internal function]: spl_autoload_call('App\\Controllers...')
#4 G:\OpenServer\domains\ht.anhtrong.com\vendor\codeigniter4\framework\system\CodeIgniter.php(869): class_exists('\\App\\Controller...', true)
#5 G:\OpenServer\domains\ht.anhtrong.com\vendor\codeigniter4\framework\system\CodeIgniter.php(394): CodeIgniter\CodeIgniter->startController()
#6 G:\OpenServer\domains\ht.anhtrong.com\vendor\codeigniter4\framework\system\CodeIgniter.php(312): CodeIgniter\CodeIgniter->handleRequest(NULL, Object(Config\Cache), false)
#7 G:\OpenServer\domains\ht.anhtrong.com\index.php(48): CodeIgniter\CodeIgniter->run()
#8 {main}
CRITICAL - 2021-09-27 01:23:32 --> Undefined index: detail
#0 G:\OpenServer\domains\ht.anhtrong.com\app\Views\frontend\product\cart\index.php(322): CodeIgniter\Debug\Exceptions->errorHandler(8, 'Undefined index...', 'G:\\OpenServer\\d...', 322, Array)
#1 G:\OpenServer\domains\ht.anhtrong.com\vendor\codeigniter4\framework\system\View\View.php(246): include('G:\\OpenServer\\d...')
#2 G:\OpenServer\domains\ht.anhtrong.com\vendor\codeigniter4\framework\system\Common.php(1119): CodeIgniter\View\View->render('frontend/produc...', Array, true)
#3 G:\OpenServer\domains\ht.anhtrong.com\app\Controllers\Frontend\Product\Cart.php(62): view('frontend/produc...', Array)
#4 G:\OpenServer\domains\ht.anhtrong.com\vendor\codeigniter4\framework\system\CodeIgniter.php(918): App\Controllers\Frontend\Product\Cart->index()
#5 G:\OpenServer\domains\ht.anhtrong.com\vendor\codeigniter4\framework\system\CodeIgniter.php(404): CodeIgniter\CodeIgniter->runController(Object(App\Controllers\Frontend\Product\Cart))
#6 G:\OpenServer\domains\ht.anhtrong.com\vendor\codeigniter4\framework\system\CodeIgniter.php(312): CodeIgniter\CodeIgniter->handleRequest(NULL, Object(Config\Cache), false)
#7 G:\OpenServer\domains\ht.anhtrong.com\index.php(48): CodeIgniter\CodeIgniter->run()
#8 {main}
CRITICAL - 2021-09-27 01:27:15 --> Undefined index: value
#0 G:\OpenServer\domains\ht.anhtrong.com\app\Controllers\Frontend\Product\Cart.php(128): CodeIgniter\Debug\Exceptions->errorHandler(8, 'Undefined index...', 'G:\\OpenServer\\d...', 128, Array)
#1 G:\OpenServer\domains\ht.anhtrong.com\app\Controllers\Frontend\Product\Cart.php(25): App\Controllers\Frontend\Product\Cart->create_bill_detail('1', Array)
#2 G:\OpenServer\domains\ht.anhtrong.com\vendor\codeigniter4\framework\system\CodeIgniter.php(918): App\Controllers\Frontend\Product\Cart->index()
#3 G:\OpenServer\domains\ht.anhtrong.com\vendor\codeigniter4\framework\system\CodeIgniter.php(404): CodeIgniter\CodeIgniter->runController(Object(App\Controllers\Frontend\Product\Cart))
#4 G:\OpenServer\domains\ht.anhtrong.com\vendor\codeigniter4\framework\system\CodeIgniter.php(312): CodeIgniter\CodeIgniter->handleRequest(NULL, Object(Config\Cache), false)
#5 G:\OpenServer\domains\ht.anhtrong.com\index.php(48): CodeIgniter\CodeIgniter->run()
#6 {main}
CRITICAL - 2021-09-27 01:28:09 --> syntax error, unexpected ')', expecting ']'
#0 G:\OpenServer\domains\ht.anhtrong.com\vendor\codeigniter4\framework\system\Autoloader\Autoloader.php(296): CodeIgniter\Autoloader\Autoloader->requireFile('G:\\OpenServer\\d...')
#1 G:\OpenServer\domains\ht.anhtrong.com\vendor\codeigniter4\framework\system\Autoloader\Autoloader.php(258): CodeIgniter\Autoloader\Autoloader->loadInNamespace('App\\Controllers...')
#2 [internal function]: CodeIgniter\Autoloader\Autoloader->loadClass('App\\Controllers...')
#3 [internal function]: spl_autoload_call('App\\Controllers...')
#4 G:\OpenServer\domains\ht.anhtrong.com\vendor\codeigniter4\framework\system\CodeIgniter.php(869): class_exists('\\App\\Controller...', true)
#5 G:\OpenServer\domains\ht.anhtrong.com\vendor\codeigniter4\framework\system\CodeIgniter.php(394): CodeIgniter\CodeIgniter->startController()
#6 G:\OpenServer\domains\ht.anhtrong.com\vendor\codeigniter4\framework\system\CodeIgniter.php(312): CodeIgniter\CodeIgniter->handleRequest(NULL, Object(Config\Cache), false)
#7 G:\OpenServer\domains\ht.anhtrong.com\index.php(48): CodeIgniter\CodeIgniter->run()
#8 {main}
CRITICAL - 2021-09-27 01:49:03 --> Undefined variable: breadcrumb
#0 G:\OpenServer\domains\ht.anhtrong.com\app\Views\frontend\article\catalogue\index.php(12): CodeIgniter\Debug\Exceptions->errorHandler(8, 'Undefined varia...', 'G:\\OpenServer\\d...', 12, Array)
#1 G:\OpenServer\domains\ht.anhtrong.com\vendor\codeigniter4\framework\system\View\View.php(246): include('G:\\OpenServer\\d...')
#2 G:\OpenServer\domains\ht.anhtrong.com\vendor\codeigniter4\framework\system\Common.php(1119): CodeIgniter\View\View->render('frontend/articl...', Array, true)
#3 G:\OpenServer\domains\ht.anhtrong.com\app\Views\frontend\homepage\layout\home.php(74): view('frontend/articl...')
#4 G:\OpenServer\domains\ht.anhtrong.com\vendor\codeigniter4\framework\system\View\View.php(246): include('G:\\OpenServer\\d...')
#5 G:\OpenServer\domains\ht.anhtrong.com\vendor\codeigniter4\framework\system\Common.php(1119): CodeIgniter\View\View->render('frontend/homepa...', Array, true)
#6 G:\OpenServer\domains\ht.anhtrong.com\app\Controllers\Frontend\Search\Search.php(89): view('frontend/homepa...', Array)
#7 G:\OpenServer\domains\ht.anhtrong.com\vendor\codeigniter4\framework\system\View\Cell.php(180): App\Controllers\Frontend\Search\Search->index(0)
#8 G:\OpenServer\domains\ht.anhtrong.com\vendor\codeigniter4\framework\system\Common.php(1140): CodeIgniter\View\Cell->render('\\App\\Controller...', 'page=0', 0, 'AppControllersF...')
#9 G:\OpenServer\domains\ht.anhtrong.com\app\Controllers\Frontend\Homepage\Router.php(41): view_cell('\\App\\Controller...', 'page=0')
#10 G:\OpenServer\domains\ht.anhtrong.com\vendor\codeigniter4\framework\system\CodeIgniter.php(918): App\Controllers\Frontend\Homepage\Router->search(0)
#11 G:\OpenServer\domains\ht.anhtrong.com\vendor\codeigniter4\framework\system\CodeIgniter.php(404): CodeIgniter\CodeIgniter->runController(Object(App\Controllers\Frontend\Homepage\Router))
#12 G:\OpenServer\domains\ht.anhtrong.com\vendor\codeigniter4\framework\system\CodeIgniter.php(312): CodeIgniter\CodeIgniter->handleRequest(NULL, Object(Config\Cache), false)
#13 G:\OpenServer\domains\ht.anhtrong.com\index.php(48): CodeIgniter\CodeIgniter->run()
#14 {main}
CRITICAL - 2021-09-27 01:49:28 --> Undefined variable: detailCatalogue
#0 G:\OpenServer\domains\ht.anhtrong.com\app\Views\frontend\product\catalogue\index.php(16): CodeIgniter\Debug\Exceptions->errorHandler(8, 'Undefined varia...', 'G:\\OpenServer\\d...', 16, Array)
#1 G:\OpenServer\domains\ht.anhtrong.com\vendor\codeigniter4\framework\system\View\View.php(246): include('G:\\OpenServer\\d...')
#2 G:\OpenServer\domains\ht.anhtrong.com\vendor\codeigniter4\framework\system\Common.php(1119): CodeIgniter\View\View->render('frontend/produc...', Array, true)
#3 G:\OpenServer\domains\ht.anhtrong.com\app\Views\frontend\homepage\layout\home.php(74): view('frontend/produc...')
#4 G:\OpenServer\domains\ht.anhtrong.com\vendor\codeigniter4\framework\system\View\View.php(246): include('G:\\OpenServer\\d...')
#5 G:\OpenServer\domains\ht.anhtrong.com\vendor\codeigniter4\framework\system\Common.php(1119): CodeIgniter\View\View->render('frontend/homepa...', Array, true)
#6 G:\OpenServer\domains\ht.anhtrong.com\app\Controllers\Frontend\Search\Search.php(89): view('frontend/homepa...', Array)
#7 G:\OpenServer\domains\ht.anhtrong.com\vendor\codeigniter4\framework\system\View\Cell.php(180): App\Controllers\Frontend\Search\Search->index(0)
#8 G:\OpenServer\domains\ht.anhtrong.com\vendor\codeigniter4\framework\system\Common.php(1140): CodeIgniter\View\Cell->render('\\App\\Controller...', 'page=0', 0, 'AppControllersF...')
#9 G:\OpenServer\domains\ht.anhtrong.com\app\Controllers\Frontend\Homepage\Router.php(41): view_cell('\\App\\Controller...', 'page=0')
#10 G:\OpenServer\domains\ht.anhtrong.com\vendor\codeigniter4\framework\system\CodeIgniter.php(918): App\Controllers\Frontend\Homepage\Router->search(0)
#11 G:\OpenServer\domains\ht.anhtrong.com\vendor\codeigniter4\framework\system\CodeIgniter.php(404): CodeIgniter\CodeIgniter->runController(Object(App\Controllers\Frontend\Homepage\Router))
#12 G:\OpenServer\domains\ht.anhtrong.com\vendor\codeigniter4\framework\system\CodeIgniter.php(312): CodeIgniter\CodeIgniter->handleRequest(NULL, Object(Config\Cache), false)
#13 G:\OpenServer\domains\ht.anhtrong.com\index.php(48): CodeIgniter\CodeIgniter->run()
#14 {main}
CRITICAL - 2021-09-27 01:50:05 --> Undefined variable: detailCatalogue
#0 G:\OpenServer\domains\ht.anhtrong.com\app\Views\frontend\product\catalogue\index.php(74): CodeIgniter\Debug\Exceptions->errorHandler(8, 'Undefined varia...', 'G:\\OpenServer\\d...', 74, Array)
#1 G:\OpenServer\domains\ht.anhtrong.com\vendor\codeigniter4\framework\system\View\View.php(246): include('G:\\OpenServer\\d...')
#2 G:\OpenServer\domains\ht.anhtrong.com\vendor\codeigniter4\framework\system\Common.php(1119): CodeIgniter\View\View->render('frontend/produc...', Array, true)
#3 G:\OpenServer\domains\ht.anhtrong.com\app\Views\frontend\homepage\layout\home.php(74): view('frontend/produc...')
#4 G:\OpenServer\domains\ht.anhtrong.com\vendor\codeigniter4\framework\system\View\View.php(246): include('G:\\OpenServer\\d...')
#5 G:\OpenServer\domains\ht.anhtrong.com\vendor\codeigniter4\framework\system\Common.php(1119): CodeIgniter\View\View->render('frontend/homepa...', Array, true)
#6 G:\OpenServer\domains\ht.anhtrong.com\app\Controllers\Frontend\Search\Search.php(89): view('frontend/homepa...', Array)
#7 G:\OpenServer\domains\ht.anhtrong.com\vendor\codeigniter4\framework\system\View\Cell.php(180): App\Controllers\Frontend\Search\Search->index(0)
#8 G:\OpenServer\domains\ht.anhtrong.com\vendor\codeigniter4\framework\system\Common.php(1140): CodeIgniter\View\Cell->render('\\App\\Controller...', 'page=0', 0, 'AppControllersF...')
#9 G:\OpenServer\domains\ht.anhtrong.com\app\Controllers\Frontend\Homepage\Router.php(41): view_cell('\\App\\Controller...', 'page=0')
#10 G:\OpenServer\domains\ht.anhtrong.com\vendor\codeigniter4\framework\system\CodeIgniter.php(918): App\Controllers\Frontend\Homepage\Router->search(0)
#11 G:\OpenServer\domains\ht.anhtrong.com\vendor\codeigniter4\framework\system\CodeIgniter.php(404): CodeIgniter\CodeIgniter->runController(Object(App\Controllers\Frontend\Homepage\Router))
#12 G:\OpenServer\domains\ht.anhtrong.com\vendor\codeigniter4\framework\system\CodeIgniter.php(312): CodeIgniter\CodeIgniter->handleRequest(NULL, Object(Config\Cache), false)
#13 G:\OpenServer\domains\ht.anhtrong.com\index.php(48): CodeIgniter\CodeIgniter->run()
#14 {main}
CRITICAL - 2021-09-27 01:50:14 --> Undefined variable: detailCatalogue
#0 G:\OpenServer\domains\ht.anhtrong.com\app\Views\frontend\product\catalogue\index.php(77): CodeIgniter\Debug\Exceptions->errorHandler(8, 'Undefined varia...', 'G:\\OpenServer\\d...', 77, Array)
#1 G:\OpenServer\domains\ht.anhtrong.com\vendor\codeigniter4\framework\system\View\View.php(246): include('G:\\OpenServer\\d...')
#2 G:\OpenServer\domains\ht.anhtrong.com\vendor\codeigniter4\framework\system\Common.php(1119): CodeIgniter\View\View->render('frontend/produc...', Array, true)
#3 G:\OpenServer\domains\ht.anhtrong.com\app\Views\frontend\homepage\layout\home.php(74): view('frontend/produc...')
#4 G:\OpenServer\domains\ht.anhtrong.com\vendor\codeigniter4\framework\system\View\View.php(246): include('G:\\OpenServer\\d...')
#5 G:\OpenServer\domains\ht.anhtrong.com\vendor\codeigniter4\framework\system\Common.php(1119): CodeIgniter\View\View->render('frontend/homepa...', Array, true)
#6 G:\OpenServer\domains\ht.anhtrong.com\app\Controllers\Frontend\Search\Search.php(89): view('frontend/homepa...', Array)
#7 G:\OpenServer\domains\ht.anhtrong.com\vendor\codeigniter4\framework\system\View\Cell.php(180): App\Controllers\Frontend\Search\Search->index(0)
#8 G:\OpenServer\domains\ht.anhtrong.com\vendor\codeigniter4\framework\system\Common.php(1140): CodeIgniter\View\Cell->render('\\App\\Controller...', 'page=0', 0, 'AppControllersF...')
#9 G:\OpenServer\domains\ht.anhtrong.com\app\Controllers\Frontend\Homepage\Router.php(41): view_cell('\\App\\Controller...', 'page=0')
#10 G:\OpenServer\domains\ht.anhtrong.com\vendor\codeigniter4\framework\system\CodeIgniter.php(918): App\Controllers\Frontend\Homepage\Router->search(0)
#11 G:\OpenServer\domains\ht.anhtrong.com\vendor\codeigniter4\framework\system\CodeIgniter.php(404): CodeIgniter\CodeIgniter->runController(Object(App\Controllers\Frontend\Homepage\Router))
#12 G:\OpenServer\domains\ht.anhtrong.com\vendor\codeigniter4\framework\system\CodeIgniter.php(312): CodeIgniter\CodeIgniter->handleRequest(NULL, Object(Config\Cache), false)
#13 G:\OpenServer\domains\ht.anhtrong.com\index.php(48): CodeIgniter\CodeIgniter->run()
#14 {main}
CRITICAL - 2021-09-27 01:52:12 --> Undefined index: image
#0 G:\OpenServer\domains\ht.anhtrong.com\app\Views\frontend\product\catalogue\index.php(16): CodeIgniter\Debug\Exceptions->errorHandler(8, 'Undefined index...', 'G:\\OpenServer\\d...', 16, Array)
#1 G:\OpenServer\domains\ht.anhtrong.com\vendor\codeigniter4\framework\system\View\View.php(246): include('G:\\OpenServer\\d...')
#2 G:\OpenServer\domains\ht.anhtrong.com\vendor\codeigniter4\framework\system\Common.php(1119): CodeIgniter\View\View->render('frontend/produc...', Array, true)
#3 G:\OpenServer\domains\ht.anhtrong.com\app\Views\frontend\homepage\layout\home.php(74): view('frontend/produc...')
#4 G:\OpenServer\domains\ht.anhtrong.com\vendor\codeigniter4\framework\system\View\View.php(246): include('G:\\OpenServer\\d...')
#5 G:\OpenServer\domains\ht.anhtrong.com\vendor\codeigniter4\framework\system\Common.php(1119): CodeIgniter\View\View->render('frontend/homepa...', Array, true)
#6 G:\OpenServer\domains\ht.anhtrong.com\app\Controllers\Frontend\Search\Search.php(95): view('frontend/homepa...', Array)
#7 G:\OpenServer\domains\ht.anhtrong.com\vendor\codeigniter4\framework\system\View\Cell.php(180): App\Controllers\Frontend\Search\Search->index(0)
#8 G:\OpenServer\domains\ht.anhtrong.com\vendor\codeigniter4\framework\system\Common.php(1140): CodeIgniter\View\Cell->render('\\App\\Controller...', 'page=0', 0, 'AppControllersF...')
#9 G:\OpenServer\domains\ht.anhtrong.com\app\Controllers\Frontend\Homepage\Router.php(41): view_cell('\\App\\Controller...', 'page=0')
#10 G:\OpenServer\domains\ht.anhtrong.com\vendor\codeigniter4\framework\system\CodeIgniter.php(918): App\Controllers\Frontend\Homepage\Router->search(0)
#11 G:\OpenServer\domains\ht.anhtrong.com\vendor\codeigniter4\framework\system\CodeIgniter.php(404): CodeIgniter\CodeIgniter->runController(Object(App\Controllers\Frontend\Homepage\Router))
#12 G:\OpenServer\domains\ht.anhtrong.com\vendor\codeigniter4\framework\system\CodeIgniter.php(312): CodeIgniter\CodeIgniter->handleRequest(NULL, Object(Config\Cache), false)
#13 G:\OpenServer\domains\ht.anhtrong.com\index.php(48): CodeIgniter\CodeIgniter->run()
#14 {main}
CRITICAL - 2021-09-27 01:52:15 --> Undefined index: file
#0 G:\OpenServer\domains\ht.anhtrong.com\app\Views\frontend\product\catalogue\index.php(22): CodeIgniter\Debug\Exceptions->errorHandler(8, 'Undefined index...', 'G:\\OpenServer\\d...', 22, Array)
#1 G:\OpenServer\domains\ht.anhtrong.com\vendor\codeigniter4\framework\system\View\View.php(246): include('G:\\OpenServer\\d...')
#2 G:\OpenServer\domains\ht.anhtrong.com\vendor\codeigniter4\framework\system\Common.php(1119): CodeIgniter\View\View->render('frontend/produc...', Array, true)
#3 G:\OpenServer\domains\ht.anhtrong.com\app\Views\frontend\homepage\layout\home.php(74): view('frontend/produc...')
#4 G:\OpenServer\domains\ht.anhtrong.com\vendor\codeigniter4\framework\system\View\View.php(246): include('G:\\OpenServer\\d...')
#5 G:\OpenServer\domains\ht.anhtrong.com\vendor\codeigniter4\framework\system\Common.php(1119): CodeIgniter\View\View->render('frontend/homepa...', Array, true)
#6 G:\OpenServer\domains\ht.anhtrong.com\app\Controllers\Frontend\Search\Search.php(96): view('frontend/homepa...', Array)
#7 G:\OpenServer\domains\ht.anhtrong.com\vendor\codeigniter4\framework\system\View\Cell.php(180): App\Controllers\Frontend\Search\Search->index(0)
#8 G:\OpenServer\domains\ht.anhtrong.com\vendor\codeigniter4\framework\system\Common.php(1140): CodeIgniter\View\Cell->render('\\App\\Controller...', 'page=0', 0, 'AppControllersF...')
#9 G:\OpenServer\domains\ht.anhtrong.com\app\Controllers\Frontend\Homepage\Router.php(41): view_cell('\\App\\Controller...', 'page=0')
#10 G:\OpenServer\domains\ht.anhtrong.com\vendor\codeigniter4\framework\system\CodeIgniter.php(918): App\Controllers\Frontend\Homepage\Router->search(0)
#11 G:\OpenServer\domains\ht.anhtrong.com\vendor\codeigniter4\framework\system\CodeIgniter.php(404): CodeIgniter\CodeIgniter->runController(Object(App\Controllers\Frontend\Homepage\Router))
#12 G:\OpenServer\domains\ht.anhtrong.com\vendor\codeigniter4\framework\system\CodeIgniter.php(312): CodeIgniter\CodeIgniter->handleRequest(NULL, Object(Config\Cache), false)
#13 G:\OpenServer\domains\ht.anhtrong.com\index.php(48): CodeIgniter\CodeIgniter->run()
#14 {main}
CRITICAL - 2021-09-27 01:53:45 --> Undefined index: id
#0 G:\OpenServer\domains\ht.anhtrong.com\app\Views\frontend\product\catalogue\index.php(96): CodeIgniter\Debug\Exceptions->errorHandler(8, 'Undefined index...', 'G:\\OpenServer\\d...', 96, Array)
#1 G:\OpenServer\domains\ht.anhtrong.com\vendor\codeigniter4\framework\system\View\View.php(246): include('G:\\OpenServer\\d...')
#2 G:\OpenServer\domains\ht.anhtrong.com\vendor\codeigniter4\framework\system\Common.php(1119): CodeIgniter\View\View->render('frontend/produc...', Array, true)
#3 G:\OpenServer\domains\ht.anhtrong.com\app\Views\frontend\homepage\layout\home.php(74): view('frontend/produc...')
#4 G:\OpenServer\domains\ht.anhtrong.com\vendor\codeigniter4\framework\system\View\View.php(246): include('G:\\OpenServer\\d...')
#5 G:\OpenServer\domains\ht.anhtrong.com\vendor\codeigniter4\framework\system\Common.php(1119): CodeIgniter\View\View->render('frontend/homepa...', Array, true)
#6 G:\OpenServer\domains\ht.anhtrong.com\app\Controllers\Frontend\Search\Search.php(95): view('frontend/homepa...', Array)
#7 G:\OpenServer\domains\ht.anhtrong.com\vendor\codeigniter4\framework\system\View\Cell.php(180): App\Controllers\Frontend\Search\Search->index(0)
#8 G:\OpenServer\domains\ht.anhtrong.com\vendor\codeigniter4\framework\system\Common.php(1140): CodeIgniter\View\Cell->render('\\App\\Controller...', 'page=0', 0, 'AppControllersF...')
#9 G:\OpenServer\domains\ht.anhtrong.com\app\Controllers\Frontend\Homepage\Router.php(41): view_cell('\\App\\Controller...', 'page=0')
#10 G:\OpenServer\domains\ht.anhtrong.com\vendor\codeigniter4\framework\system\CodeIgniter.php(918): App\Controllers\Frontend\Homepage\Router->search(0)
#11 G:\OpenServer\domains\ht.anhtrong.com\vendor\codeigniter4\framework\system\CodeIgniter.php(404): CodeIgniter\CodeIgniter->runController(Object(App\Controllers\Frontend\Homepage\Router))
#12 G:\OpenServer\domains\ht.anhtrong.com\vendor\codeigniter4\framework\system\CodeIgniter.php(312): CodeIgniter\CodeIgniter->handleRequest(NULL, Object(Config\Cache), false)
#13 G:\OpenServer\domains\ht.anhtrong.com\index.php(48): CodeIgniter\CodeIgniter->run()
#14 {main}
CRITICAL - 2021-09-27 01:56:41 --> syntax error, unexpected '}'
#0 G:\OpenServer\domains\ht.anhtrong.com\vendor\codeigniter4\framework\system\Autoloader\Autoloader.php(296): CodeIgniter\Autoloader\Autoloader->requireFile('G:\\OpenServer\\d...')
#1 G:\OpenServer\domains\ht.anhtrong.com\vendor\codeigniter4\framework\system\Autoloader\Autoloader.php(258): CodeIgniter\Autoloader\Autoloader->loadInNamespace('App\\Controllers...')
#2 [internal function]: CodeIgniter\Autoloader\Autoloader->loadClass('App\\Controllers...')
#3 [internal function]: spl_autoload_call('App\\Controllers...')
#4 G:\OpenServer\domains\ht.anhtrong.com\vendor\codeigniter4\framework\system\View\Cell.php(266): class_exists('\\App\\Controller...', true)
#5 G:\OpenServer\domains\ht.anhtrong.com\vendor\codeigniter4\framework\system\View\Cell.php(110): CodeIgniter\View\Cell->determineClass('\\App\\Controller...')
#6 G:\OpenServer\domains\ht.anhtrong.com\vendor\codeigniter4\framework\system\Common.php(1140): CodeIgniter\View\Cell->render('\\App\\Controller...', 'page=0', 0, NULL)
#7 G:\OpenServer\domains\ht.anhtrong.com\app\Controllers\Frontend\Homepage\Router.php(41): view_cell('\\App\\Controller...', 'page=0')
#8 G:\OpenServer\domains\ht.anhtrong.com\vendor\codeigniter4\framework\system\CodeIgniter.php(918): App\Controllers\Frontend\Homepage\Router->search(0)
#9 G:\OpenServer\domains\ht.anhtrong.com\vendor\codeigniter4\framework\system\CodeIgniter.php(404): CodeIgniter\CodeIgniter->runController(Object(App\Controllers\Frontend\Homepage\Router))
#10 G:\OpenServer\domains\ht.anhtrong.com\vendor\codeigniter4\framework\system\CodeIgniter.php(312): CodeIgniter\CodeIgniter->handleRequest(NULL, Object(Config\Cache), false)
#11 G:\OpenServer\domains\ht.anhtrong.com\index.php(48): CodeIgniter\CodeIgniter->run()
#12 {main}
