CRITICAL - 2021-08-09 08:32:20 --> Undefined variable: object
#0 G:\OpenServer\domains\benchmark.com.va\app\Views\frontend\article\catalogue\index.php(18): CodeIgniter\Debug\Exceptions->errorHandler(8, 'Undefined varia...', 'G:\\OpenServer\\d...', 18, Array)
#1 G:\OpenServer\domains\benchmark.com.va\vendor\codeigniter4\framework\system\View\View.php(246): include('G:\\OpenServer\\d...')
#2 G:\OpenServer\domains\benchmark.com.va\vendor\codeigniter4\framework\system\Common.php(1119): CodeIgniter\View\View->render('frontend/articl...', Array, true)
#3 G:\OpenServer\domains\benchmark.com.va\app\Views\frontend\homepage\layout\home.php(67): view('frontend/articl...')
#4 G:\OpenServer\domains\benchmark.com.va\vendor\codeigniter4\framework\system\View\View.php(246): include('G:\\OpenServer\\d...')
#5 G:\OpenServer\domains\benchmark.com.va\vendor\codeigniter4\framework\system\Common.php(1119): CodeIgniter\View\View->render('frontend/homepa...', Array, true)
#6 G:\OpenServer\domains\benchmark.com.va\app\Controllers\Frontend\Article\Catalogue.php(125): view('frontend/homepa...', Array)
#7 G:\OpenServer\domains\benchmark.com.va\vendor\codeigniter4\framework\system\View\Cell.php(180): App\Controllers\Frontend\Article\Catalogue->index(2, 0)
#8 G:\OpenServer\domains\benchmark.com.va\vendor\codeigniter4\framework\system\Common.php(1140): CodeIgniter\View\Cell->render('\\App\\Controller...', 'id=2, page=1', 0, 'AppControllersF...')
#9 G:\OpenServer\domains\benchmark.com.va\app\Controllers\Frontend\Homepage\Router.php(59): view_cell('\\App\\Controller...', 'id=2, page=1')
#10 G:\OpenServer\domains\benchmark.com.va\vendor\codeigniter4\framework\system\CodeIgniter.php(918): App\Controllers\Frontend\Homepage\Router->index('our-service')
#11 G:\OpenServer\domains\benchmark.com.va\vendor\codeigniter4\framework\system\CodeIgniter.php(404): CodeIgniter\CodeIgniter->runController(Object(App\Controllers\Frontend\Homepage\Router))
#12 G:\OpenServer\domains\benchmark.com.va\vendor\codeigniter4\framework\system\CodeIgniter.php(312): CodeIgniter\CodeIgniter->handleRequest(NULL, Object(Config\Cache), false)
#13 G:\OpenServer\domains\benchmark.com.va\index.php(48): CodeIgniter\CodeIgniter->run()
#14 {main}
CRITICAL - 2021-08-09 08:41:26 --> Undefined index: image
#0 G:\OpenServer\domains\benchmark.com.va\app\Views\frontend\article\catalogue\index.php(39): CodeIgniter\Debug\Exceptions->errorHandler(8, 'Undefined index...', 'G:\\OpenServer\\d...', 39, Array)
#1 G:\OpenServer\domains\benchmark.com.va\vendor\codeigniter4\framework\system\View\View.php(246): include('G:\\OpenServer\\d...')
#2 G:\OpenServer\domains\benchmark.com.va\vendor\codeigniter4\framework\system\Common.php(1119): CodeIgniter\View\View->render('frontend/articl...', Array, true)
#3 G:\OpenServer\domains\benchmark.com.va\app\Views\frontend\homepage\layout\home.php(67): view('frontend/articl...')
#4 G:\OpenServer\domains\benchmark.com.va\vendor\codeigniter4\framework\system\View\View.php(246): include('G:\\OpenServer\\d...')
#5 G:\OpenServer\domains\benchmark.com.va\vendor\codeigniter4\framework\system\Common.php(1119): CodeIgniter\View\View->render('frontend/homepa...', Array, true)
#6 G:\OpenServer\domains\benchmark.com.va\app\Controllers\Frontend\Article\Catalogue.php(148): view('frontend/homepa...', Array)
#7 G:\OpenServer\domains\benchmark.com.va\vendor\codeigniter4\framework\system\View\Cell.php(180): App\Controllers\Frontend\Article\Catalogue->index(9, 0)
#8 G:\OpenServer\domains\benchmark.com.va\vendor\codeigniter4\framework\system\Common.php(1140): CodeIgniter\View\Cell->render('\\App\\Controller...', 'id=9, page=1', 0, 'AppControllersF...')
#9 G:\OpenServer\domains\benchmark.com.va\app\Controllers\Frontend\Homepage\Router.php(59): view_cell('\\App\\Controller...', 'id=9, page=1')
#10 G:\OpenServer\domains\benchmark.com.va\vendor\codeigniter4\framework\system\CodeIgniter.php(918): App\Controllers\Frontend\Homepage\Router->index('conference-semi...')
#11 G:\OpenServer\domains\benchmark.com.va\vendor\codeigniter4\framework\system\CodeIgniter.php(404): CodeIgniter\CodeIgniter->runController(Object(App\Controllers\Frontend\Homepage\Router))
#12 G:\OpenServer\domains\benchmark.com.va\vendor\codeigniter4\framework\system\CodeIgniter.php(312): CodeIgniter\CodeIgniter->handleRequest(NULL, Object(Config\Cache), false)
#13 G:\OpenServer\domains\benchmark.com.va\index.php(48): CodeIgniter\CodeIgniter->run()
#14 {main}
CRITICAL - 2021-08-09 08:50:41 --> Undefined variable: language
#0 G:\OpenServer\domains\benchmark.com.va\app\Views\frontend\homepage\common\header.php(4): CodeIgniter\Debug\Exceptions->errorHandler(8, 'Undefined varia...', 'G:\\OpenServer\\d...', 4, Array)
#1 G:\OpenServer\domains\benchmark.com.va\vendor\codeigniter4\framework\system\View\View.php(246): include('G:\\OpenServer\\d...')
#2 G:\OpenServer\domains\benchmark.com.va\vendor\codeigniter4\framework\system\Common.php(1119): CodeIgniter\View\View->render('frontend/homepa...', Array, true)
#3 G:\OpenServer\domains\benchmark.com.va\app\Views\frontend\homepage\layout\home.php(65): view('frontend/homepa...')
#4 G:\OpenServer\domains\benchmark.com.va\vendor\codeigniter4\framework\system\View\View.php(246): include('G:\\OpenServer\\d...')
#5 G:\OpenServer\domains\benchmark.com.va\vendor\codeigniter4\framework\system\Common.php(1119): CodeIgniter\View\View->render('frontend/homepa...', Array, true)
#6 G:\OpenServer\domains\benchmark.com.va\app\Controllers\Frontend\Contact\Contact.php(33): view('frontend/homepa...', Array)
#7 G:\OpenServer\domains\benchmark.com.va\vendor\codeigniter4\framework\system\CodeIgniter.php(918): App\Controllers\Frontend\Contact\Contact->index()
#8 G:\OpenServer\domains\benchmark.com.va\vendor\codeigniter4\framework\system\CodeIgniter.php(404): CodeIgniter\CodeIgniter->runController(Object(App\Controllers\Frontend\Contact\Contact))
#9 G:\OpenServer\domains\benchmark.com.va\vendor\codeigniter4\framework\system\CodeIgniter.php(312): CodeIgniter\CodeIgniter->handleRequest(NULL, Object(Config\Cache), false)
#10 G:\OpenServer\domains\benchmark.com.va\index.php(48): CodeIgniter\CodeIgniter->run()
#11 {main}
CRITICAL - 2021-08-09 08:50:58 --> Undefined variable: language
#0 G:\OpenServer\domains\benchmark.com.va\app\Views\frontend\homepage\common\header.php(4): CodeIgniter\Debug\Exceptions->errorHandler(8, 'Undefined varia...', 'G:\\OpenServer\\d...', 4, Array)
#1 G:\OpenServer\domains\benchmark.com.va\vendor\codeigniter4\framework\system\View\View.php(246): include('G:\\OpenServer\\d...')
#2 G:\OpenServer\domains\benchmark.com.va\vendor\codeigniter4\framework\system\Common.php(1119): CodeIgniter\View\View->render('frontend/homepa...', Array, true)
#3 G:\OpenServer\domains\benchmark.com.va\app\Views\frontend\homepage\layout\home.php(65): view('frontend/homepa...')
#4 G:\OpenServer\domains\benchmark.com.va\vendor\codeigniter4\framework\system\View\View.php(246): include('G:\\OpenServer\\d...')
#5 G:\OpenServer\domains\benchmark.com.va\vendor\codeigniter4\framework\system\Common.php(1119): CodeIgniter\View\View->render('frontend/homepa...', Array, true)
#6 G:\OpenServer\domains\benchmark.com.va\app\Controllers\Frontend\Contact\Contact.php(33): view('frontend/homepa...', Array)
#7 G:\OpenServer\domains\benchmark.com.va\vendor\codeigniter4\framework\system\CodeIgniter.php(918): App\Controllers\Frontend\Contact\Contact->index()
#8 G:\OpenServer\domains\benchmark.com.va\vendor\codeigniter4\framework\system\CodeIgniter.php(404): CodeIgniter\CodeIgniter->runController(Object(App\Controllers\Frontend\Contact\Contact))
#9 G:\OpenServer\domains\benchmark.com.va\vendor\codeigniter4\framework\system\CodeIgniter.php(312): CodeIgniter\CodeIgniter->handleRequest(NULL, Object(Config\Cache), false)
#10 G:\OpenServer\domains\benchmark.com.va\index.php(48): CodeIgniter\CodeIgniter->run()
#11 {main}
CRITICAL - 2021-08-09 23:32:10 --> Unable to connect to the database.
#0 G:\OpenServer\domains\benchmark.com.va\vendor\codeigniter4\framework\system\Database\BaseConnection.php(646): CodeIgniter\Database\BaseConnection->initialize()
#1 G:\OpenServer\domains\benchmark.com.va\vendor\codeigniter4\framework\system\Database\BaseBuilder.php(1860): CodeIgniter\Database\BaseConnection->query('SELECT `keyword...', Array, false)
#2 G:\OpenServer\domains\benchmark.com.va\app\Models\AutoloadModel.php(76): CodeIgniter\Database\BaseBuilder->get()
#3 G:\OpenServer\domains\benchmark.com.va\app\Helpers\mydatafrontend_helper.php(129): App\Models\AutoloadModel->_get_where(Array, true)
#4 G:\OpenServer\domains\benchmark.com.va\app\Controllers\FrontendController.php(27): get_general('vi')
#5 G:\OpenServer\domains\benchmark.com.va\vendor\codeigniter4\framework\system\CodeIgniter.php(891): App\Controllers\FrontendController->initController(Object(CodeIgniter\HTTP\IncomingRequest), Object(CodeIgniter\HTTP\Response), Object(CodeIgniter\Log\Logger))
#6 G:\OpenServer\domains\benchmark.com.va\vendor\codeigniter4\framework\system\CodeIgniter.php(399): CodeIgniter\CodeIgniter->createController()
#7 G:\OpenServer\domains\benchmark.com.va\vendor\codeigniter4\framework\system\CodeIgniter.php(312): CodeIgniter\CodeIgniter->handleRequest(NULL, Object(Config\Cache), false)
#8 G:\OpenServer\domains\benchmark.com.va\index.php(48): CodeIgniter\CodeIgniter->run()
#9 {main}
