CRITICAL - 2021-12-06 22:42:50 --> Undefined index: price
#0 G:\OpenServer\domains\vademoweb.com\app\Views\frontend\homepage\core\product.php(10): CodeIgniter\Debug\Exceptions->errorHandler(8, 'Undefined index...', 'G:\\OpenServer\\d...', 10, Array)
#1 G:\OpenServer\domains\vademoweb.com\vendor\codeigniter4\framework\system\View\View.php(246): include('G:\\OpenServer\\d...')
#2 G:\OpenServer\domains\vademoweb.com\vendor\codeigniter4\framework\system\Common.php(1119): CodeIgniter\View\View->render('frontend/homepa...', Array, true)
#3 G:\OpenServer\domains\vademoweb.com\app\Views\frontend\homepage\home\index.php(264): view('frontend/homepa...', Array)
#4 G:\OpenServer\domains\vademoweb.com\vendor\codeigniter4\framework\system\View\View.php(246): include('G:\\OpenServer\\d...')
#5 G:\OpenServer\domains\vademoweb.com\vendor\codeigniter4\framework\system\Common.php(1119): CodeIgniter\View\View->render('frontend/homepa...', Array, true)
#6 G:\OpenServer\domains\vademoweb.com\app\Views\frontend\homepage\layout\home.php(69): view('frontend/homepa...')
#7 G:\OpenServer\domains\vademoweb.com\vendor\codeigniter4\framework\system\View\View.php(246): include('G:\\OpenServer\\d...')
#8 G:\OpenServer\domains\vademoweb.com\vendor\codeigniter4\framework\system\Common.php(1119): CodeIgniter\View\View->render('frontend/homepa...', Array, true)
#9 G:\OpenServer\domains\vademoweb.com\app\Controllers\Frontend\Homepage\Home.php(39): view('frontend/homepa...', Array)
#10 G:\OpenServer\domains\vademoweb.com\vendor\codeigniter4\framework\system\CodeIgniter.php(918): App\Controllers\Frontend\Homepage\Home->index()
#11 G:\OpenServer\domains\vademoweb.com\vendor\codeigniter4\framework\system\CodeIgniter.php(404): CodeIgniter\CodeIgniter->runController(Object(App\Controllers\Frontend\Homepage\Home))
#12 G:\OpenServer\domains\vademoweb.com\vendor\codeigniter4\framework\system\CodeIgniter.php(312): CodeIgniter\CodeIgniter->handleRequest(NULL, Object(Config\Cache), false)
#13 G:\OpenServer\domains\vademoweb.com\index.php(48): CodeIgniter\CodeIgniter->run()
#14 {main}
CRITICAL - 2021-12-06 22:44:18 --> Undefined index: price
#0 G:\OpenServer\domains\vademoweb.com\app\Views\frontend\homepage\core\product.php(10): CodeIgniter\Debug\Exceptions->errorHandler(8, 'Undefined index...', 'G:\\OpenServer\\d...', 10, Array)
#1 G:\OpenServer\domains\vademoweb.com\vendor\codeigniter4\framework\system\View\View.php(246): include('G:\\OpenServer\\d...')
#2 G:\OpenServer\domains\vademoweb.com\vendor\codeigniter4\framework\system\Common.php(1119): CodeIgniter\View\View->render('frontend/homepa...', Array, true)
#3 G:\OpenServer\domains\vademoweb.com\app\Views\frontend\homepage\home\index.php(264): view('frontend/homepa...', Array)
#4 G:\OpenServer\domains\vademoweb.com\vendor\codeigniter4\framework\system\View\View.php(246): include('G:\\OpenServer\\d...')
#5 G:\OpenServer\domains\vademoweb.com\vendor\codeigniter4\framework\system\Common.php(1119): CodeIgniter\View\View->render('frontend/homepa...', Array, true)
#6 G:\OpenServer\domains\vademoweb.com\app\Views\frontend\homepage\layout\home.php(69): view('frontend/homepa...')
#7 G:\OpenServer\domains\vademoweb.com\vendor\codeigniter4\framework\system\View\View.php(246): include('G:\\OpenServer\\d...')
#8 G:\OpenServer\domains\vademoweb.com\vendor\codeigniter4\framework\system\Common.php(1119): CodeIgniter\View\View->render('frontend/homepa...', Array, true)
#9 G:\OpenServer\domains\vademoweb.com\app\Controllers\Frontend\Homepage\Home.php(39): view('frontend/homepa...', Array)
#10 G:\OpenServer\domains\vademoweb.com\vendor\codeigniter4\framework\system\CodeIgniter.php(918): App\Controllers\Frontend\Homepage\Home->index()
#11 G:\OpenServer\domains\vademoweb.com\vendor\codeigniter4\framework\system\CodeIgniter.php(404): CodeIgniter\CodeIgniter->runController(Object(App\Controllers\Frontend\Homepage\Home))
#12 G:\OpenServer\domains\vademoweb.com\vendor\codeigniter4\framework\system\CodeIgniter.php(312): CodeIgniter\CodeIgniter->handleRequest(NULL, Object(Config\Cache), false)
#13 G:\OpenServer\domains\vademoweb.com\index.php(48): CodeIgniter\CodeIgniter->run()
#14 {main}
CRITICAL - 2021-12-06 22:45:42 --> Undefined index: price
#0 G:\OpenServer\domains\vademoweb.com\app\Views\frontend\homepage\core\product.php(10): CodeIgniter\Debug\Exceptions->errorHandler(8, 'Undefined index...', 'G:\\OpenServer\\d...', 10, Array)
#1 G:\OpenServer\domains\vademoweb.com\vendor\codeigniter4\framework\system\View\View.php(246): include('G:\\OpenServer\\d...')
#2 G:\OpenServer\domains\vademoweb.com\vendor\codeigniter4\framework\system\Common.php(1119): CodeIgniter\View\View->render('frontend/homepa...', Array, true)
#3 G:\OpenServer\domains\vademoweb.com\app\Views\frontend\homepage\home\index.php(264): view('frontend/homepa...', Array)
#4 G:\OpenServer\domains\vademoweb.com\vendor\codeigniter4\framework\system\View\View.php(246): include('G:\\OpenServer\\d...')
#5 G:\OpenServer\domains\vademoweb.com\vendor\codeigniter4\framework\system\Common.php(1119): CodeIgniter\View\View->render('frontend/homepa...', Array, true)
#6 G:\OpenServer\domains\vademoweb.com\app\Views\frontend\homepage\layout\home.php(69): view('frontend/homepa...')
#7 G:\OpenServer\domains\vademoweb.com\vendor\codeigniter4\framework\system\View\View.php(246): include('G:\\OpenServer\\d...')
#8 G:\OpenServer\domains\vademoweb.com\vendor\codeigniter4\framework\system\Common.php(1119): CodeIgniter\View\View->render('frontend/homepa...', Array, true)
#9 G:\OpenServer\domains\vademoweb.com\app\Controllers\Frontend\Homepage\Home.php(39): view('frontend/homepa...', Array)
#10 G:\OpenServer\domains\vademoweb.com\vendor\codeigniter4\framework\system\CodeIgniter.php(918): App\Controllers\Frontend\Homepage\Home->index()
#11 G:\OpenServer\domains\vademoweb.com\vendor\codeigniter4\framework\system\CodeIgniter.php(404): CodeIgniter\CodeIgniter->runController(Object(App\Controllers\Frontend\Homepage\Home))
#12 G:\OpenServer\domains\vademoweb.com\vendor\codeigniter4\framework\system\CodeIgniter.php(312): CodeIgniter\CodeIgniter->handleRequest(NULL, Object(Config\Cache), false)
#13 G:\OpenServer\domains\vademoweb.com\index.php(48): CodeIgniter\CodeIgniter->run()
#14 {main}
CRITICAL - 2021-12-06 22:45:46 --> Undefined index: price
#0 G:\OpenServer\domains\vademoweb.com\app\Views\frontend\homepage\core\product.php(10): CodeIgniter\Debug\Exceptions->errorHandler(8, 'Undefined index...', 'G:\\OpenServer\\d...', 10, Array)
#1 G:\OpenServer\domains\vademoweb.com\vendor\codeigniter4\framework\system\View\View.php(246): include('G:\\OpenServer\\d...')
#2 G:\OpenServer\domains\vademoweb.com\vendor\codeigniter4\framework\system\Common.php(1119): CodeIgniter\View\View->render('frontend/homepa...', Array, true)
#3 G:\OpenServer\domains\vademoweb.com\app\Views\frontend\homepage\home\index.php(264): view('frontend/homepa...', Array)
#4 G:\OpenServer\domains\vademoweb.com\vendor\codeigniter4\framework\system\View\View.php(246): include('G:\\OpenServer\\d...')
#5 G:\OpenServer\domains\vademoweb.com\vendor\codeigniter4\framework\system\Common.php(1119): CodeIgniter\View\View->render('frontend/homepa...', Array, true)
#6 G:\OpenServer\domains\vademoweb.com\app\Views\frontend\homepage\layout\home.php(69): view('frontend/homepa...')
#7 G:\OpenServer\domains\vademoweb.com\vendor\codeigniter4\framework\system\View\View.php(246): include('G:\\OpenServer\\d...')
#8 G:\OpenServer\domains\vademoweb.com\vendor\codeigniter4\framework\system\Common.php(1119): CodeIgniter\View\View->render('frontend/homepa...', Array, true)
#9 G:\OpenServer\domains\vademoweb.com\app\Controllers\Frontend\Homepage\Home.php(39): view('frontend/homepa...', Array)
#10 G:\OpenServer\domains\vademoweb.com\vendor\codeigniter4\framework\system\CodeIgniter.php(918): App\Controllers\Frontend\Homepage\Home->index()
#11 G:\OpenServer\domains\vademoweb.com\vendor\codeigniter4\framework\system\CodeIgniter.php(404): CodeIgniter\CodeIgniter->runController(Object(App\Controllers\Frontend\Homepage\Home))
#12 G:\OpenServer\domains\vademoweb.com\vendor\codeigniter4\framework\system\CodeIgniter.php(312): CodeIgniter\CodeIgniter->handleRequest(NULL, Object(Config\Cache), false)
#13 G:\OpenServer\domains\vademoweb.com\index.php(48): CodeIgniter\CodeIgniter->run()
#14 {main}
CRITICAL - 2021-12-06 22:47:22 --> Undefined index: price
#0 G:\OpenServer\domains\vademoweb.com\app\Views\frontend\homepage\core\product.php(10): CodeIgniter\Debug\Exceptions->errorHandler(8, 'Undefined index...', 'G:\\OpenServer\\d...', 10, Array)
#1 G:\OpenServer\domains\vademoweb.com\vendor\codeigniter4\framework\system\View\View.php(246): include('G:\\OpenServer\\d...')
#2 G:\OpenServer\domains\vademoweb.com\vendor\codeigniter4\framework\system\Common.php(1119): CodeIgniter\View\View->render('frontend/homepa...', Array, true)
#3 G:\OpenServer\domains\vademoweb.com\app\Views\frontend\homepage\home\index.php(264): view('frontend/homepa...', Array)
#4 G:\OpenServer\domains\vademoweb.com\vendor\codeigniter4\framework\system\View\View.php(246): include('G:\\OpenServer\\d...')
#5 G:\OpenServer\domains\vademoweb.com\vendor\codeigniter4\framework\system\Common.php(1119): CodeIgniter\View\View->render('frontend/homepa...', Array, true)
#6 G:\OpenServer\domains\vademoweb.com\app\Views\frontend\homepage\layout\home.php(69): view('frontend/homepa...')
#7 G:\OpenServer\domains\vademoweb.com\vendor\codeigniter4\framework\system\View\View.php(246): include('G:\\OpenServer\\d...')
#8 G:\OpenServer\domains\vademoweb.com\vendor\codeigniter4\framework\system\Common.php(1119): CodeIgniter\View\View->render('frontend/homepa...', Array, true)
#9 G:\OpenServer\domains\vademoweb.com\app\Controllers\Frontend\Homepage\Home.php(39): view('frontend/homepa...', Array)
#10 G:\OpenServer\domains\vademoweb.com\vendor\codeigniter4\framework\system\CodeIgniter.php(918): App\Controllers\Frontend\Homepage\Home->index()
#11 G:\OpenServer\domains\vademoweb.com\vendor\codeigniter4\framework\system\CodeIgniter.php(404): CodeIgniter\CodeIgniter->runController(Object(App\Controllers\Frontend\Homepage\Home))
#12 G:\OpenServer\domains\vademoweb.com\vendor\codeigniter4\framework\system\CodeIgniter.php(312): CodeIgniter\CodeIgniter->handleRequest(NULL, Object(Config\Cache), false)
#13 G:\OpenServer\domains\vademoweb.com\index.php(48): CodeIgniter\CodeIgniter->run()
#14 {main}
CRITICAL - 2021-12-06 22:47:31 --> Undefined index: price
#0 G:\OpenServer\domains\vademoweb.com\app\Views\frontend\homepage\core\product.php(10): CodeIgniter\Debug\Exceptions->errorHandler(8, 'Undefined index...', 'G:\\OpenServer\\d...', 10, Array)
#1 G:\OpenServer\domains\vademoweb.com\vendor\codeigniter4\framework\system\View\View.php(246): include('G:\\OpenServer\\d...')
#2 G:\OpenServer\domains\vademoweb.com\vendor\codeigniter4\framework\system\Common.php(1119): CodeIgniter\View\View->render('frontend/homepa...', Array, true)
#3 G:\OpenServer\domains\vademoweb.com\app\Views\frontend\homepage\home\index.php(264): view('frontend/homepa...', Array)
#4 G:\OpenServer\domains\vademoweb.com\vendor\codeigniter4\framework\system\View\View.php(246): include('G:\\OpenServer\\d...')
#5 G:\OpenServer\domains\vademoweb.com\vendor\codeigniter4\framework\system\Common.php(1119): CodeIgniter\View\View->render('frontend/homepa...', Array, true)
#6 G:\OpenServer\domains\vademoweb.com\app\Views\frontend\homepage\layout\home.php(69): view('frontend/homepa...')
#7 G:\OpenServer\domains\vademoweb.com\vendor\codeigniter4\framework\system\View\View.php(246): include('G:\\OpenServer\\d...')
#8 G:\OpenServer\domains\vademoweb.com\vendor\codeigniter4\framework\system\Common.php(1119): CodeIgniter\View\View->render('frontend/homepa...', Array, true)
#9 G:\OpenServer\domains\vademoweb.com\app\Controllers\Frontend\Homepage\Home.php(39): view('frontend/homepa...', Array)
#10 G:\OpenServer\domains\vademoweb.com\vendor\codeigniter4\framework\system\CodeIgniter.php(918): App\Controllers\Frontend\Homepage\Home->index()
#11 G:\OpenServer\domains\vademoweb.com\vendor\codeigniter4\framework\system\CodeIgniter.php(404): CodeIgniter\CodeIgniter->runController(Object(App\Controllers\Frontend\Homepage\Home))
#12 G:\OpenServer\domains\vademoweb.com\vendor\codeigniter4\framework\system\CodeIgniter.php(312): CodeIgniter\CodeIgniter->handleRequest(NULL, Object(Config\Cache), false)
#13 G:\OpenServer\domains\vademoweb.com\index.php(48): CodeIgniter\CodeIgniter->run()
#14 {main}
