CRITICAL - 2022-08-08 22:54:58 --> Trying to access array offset on value of type null
#0 D:\OpenServer\domains\new-allinci.com\app\Helpers\mystring_helper.php(106): CodeIgniter\Debug\Exceptions->errorHandler()
#1 D:\OpenServer\domains\new-allinci.com\app\Views\backend\product\product\index.php(161): get_first_img()
#2 D:\OpenServer\domains\new-allinci.com\vendor\codeigniter4\framework\system\View\View.php(246): include('D:\\OpenServer\\d...')
#3 D:\OpenServer\domains\new-allinci.com\vendor\codeigniter4\framework\system\Common.php(1119): CodeIgniter\View\View->render()
#4 D:\OpenServer\domains\new-allinci.com\app\Views\backend\dashboard\layout\home.php(44): view()
#5 D:\OpenServer\domains\new-allinci.com\vendor\codeigniter4\framework\system\View\View.php(246): include('D:\\OpenServer\\d...')
#6 D:\OpenServer\domains\new-allinci.com\vendor\codeigniter4\framework\system\Common.php(1119): CodeIgniter\View\View->render()
#7 D:\OpenServer\domains\new-allinci.com\app\Controllers\Backend\Product\Product.php(93): view()
#8 D:\OpenServer\domains\new-allinci.com\vendor\codeigniter4\framework\system\CodeIgniter.php(918): App\Controllers\Backend\Product\Product->index()
#9 D:\OpenServer\domains\new-allinci.com\vendor\codeigniter4\framework\system\CodeIgniter.php(404): CodeIgniter\CodeIgniter->runController()
#10 D:\OpenServer\domains\new-allinci.com\vendor\codeigniter4\framework\system\CodeIgniter.php(312): CodeIgniter\CodeIgniter->handleRequest()
#11 D:\OpenServer\domains\new-allinci.com\index.php(47): CodeIgniter\CodeIgniter->run()
#12 {main}
CRITICAL - 2022-08-08 22:55:05 --> Trying to access array offset on value of type null
#0 D:\OpenServer\domains\new-allinci.com\app\Helpers\mystring_helper.php(106): CodeIgniter\Debug\Exceptions->errorHandler()
#1 D:\OpenServer\domains\new-allinci.com\app\Views\backend\product\product\index.php(161): get_first_img()
#2 D:\OpenServer\domains\new-allinci.com\vendor\codeigniter4\framework\system\View\View.php(246): include('D:\\OpenServer\\d...')
#3 D:\OpenServer\domains\new-allinci.com\vendor\codeigniter4\framework\system\Common.php(1119): CodeIgniter\View\View->render()
#4 D:\OpenServer\domains\new-allinci.com\app\Views\backend\dashboard\layout\home.php(44): view()
#5 D:\OpenServer\domains\new-allinci.com\vendor\codeigniter4\framework\system\View\View.php(246): include('D:\\OpenServer\\d...')
#6 D:\OpenServer\domains\new-allinci.com\vendor\codeigniter4\framework\system\Common.php(1119): CodeIgniter\View\View->render()
#7 D:\OpenServer\domains\new-allinci.com\app\Controllers\Backend\Product\Product.php(93): view()
#8 D:\OpenServer\domains\new-allinci.com\vendor\codeigniter4\framework\system\CodeIgniter.php(918): App\Controllers\Backend\Product\Product->index()
#9 D:\OpenServer\domains\new-allinci.com\vendor\codeigniter4\framework\system\CodeIgniter.php(404): CodeIgniter\CodeIgniter->runController()
#10 D:\OpenServer\domains\new-allinci.com\vendor\codeigniter4\framework\system\CodeIgniter.php(312): CodeIgniter\CodeIgniter->handleRequest()
#11 D:\OpenServer\domains\new-allinci.com\index.php(47): CodeIgniter\CodeIgniter->run()
#12 {main}
CRITICAL - 2022-08-08 22:56:21 --> Undefined index: image
#0 D:\OpenServer\domains\new-allinci.com\app\Views\backend\product\product\index.php(161): CodeIgniter\Debug\Exceptions->errorHandler()
#1 D:\OpenServer\domains\new-allinci.com\vendor\codeigniter4\framework\system\View\View.php(246): include('D:\\OpenServer\\d...')
#2 D:\OpenServer\domains\new-allinci.com\vendor\codeigniter4\framework\system\Common.php(1119): CodeIgniter\View\View->render()
#3 D:\OpenServer\domains\new-allinci.com\app\Views\backend\dashboard\layout\home.php(44): view()
#4 D:\OpenServer\domains\new-allinci.com\vendor\codeigniter4\framework\system\View\View.php(246): include('D:\\OpenServer\\d...')
#5 D:\OpenServer\domains\new-allinci.com\vendor\codeigniter4\framework\system\Common.php(1119): CodeIgniter\View\View->render()
#6 D:\OpenServer\domains\new-allinci.com\app\Controllers\Backend\Product\Product.php(93): view()
#7 D:\OpenServer\domains\new-allinci.com\vendor\codeigniter4\framework\system\CodeIgniter.php(918): App\Controllers\Backend\Product\Product->index()
#8 D:\OpenServer\domains\new-allinci.com\vendor\codeigniter4\framework\system\CodeIgniter.php(404): CodeIgniter\CodeIgniter->runController()
#9 D:\OpenServer\domains\new-allinci.com\vendor\codeigniter4\framework\system\CodeIgniter.php(312): CodeIgniter\CodeIgniter->handleRequest()
#10 D:\OpenServer\domains\new-allinci.com\index.php(47): CodeIgniter\CodeIgniter->run()
#11 {main}
