CRITICAL - 2021-12-10 02:27:20 --> Invalid file: {0}
#0 G:\OpenServer\domains\vademoweb.com\vendor\codeigniter4\framework\system\View\View.php(228): CodeIgniter\Exceptions\FrameworkException::forInvalidFile('frontend/media/...')
#1 G:\OpenServer\domains\vademoweb.com\vendor\codeigniter4\framework\system\Common.php(1119): CodeIgniter\View\View->render('frontend/media/...', Array, true)
#2 G:\OpenServer\domains\vademoweb.com\app\Views\frontend\homepage\layout\home.php(69): view('frontend/media/...')
#3 G:\OpenServer\domains\vademoweb.com\vendor\codeigniter4\framework\system\View\View.php(246): include('G:\\OpenServer\\d...')
#4 G:\OpenServer\domains\vademoweb.com\vendor\codeigniter4\framework\system\Common.php(1119): CodeIgniter\View\View->render('frontend/homepa...', Array, true)
#5 G:\OpenServer\domains\vademoweb.com\app\Controllers\Frontend\Media\Catalogue.php(154): view('frontend/homepa...', Array)
#6 G:\OpenServer\domains\vademoweb.com\vendor\codeigniter4\framework\system\View\Cell.php(180): App\Controllers\Frontend\Media\Catalogue->index(17, 0)
#7 G:\OpenServer\domains\vademoweb.com\vendor\codeigniter4\framework\system\Common.php(1140): CodeIgniter\View\Cell->render('\\App\\Controller...', 'id=17, page=1', 0, 'AppControllersF...')
#8 G:\OpenServer\domains\vademoweb.com\app\Controllers\Frontend\Homepage\Router.php(59): view_cell('\\App\\Controller...', 'id=17, page=1')
#9 G:\OpenServer\domains\vademoweb.com\vendor\codeigniter4\framework\system\CodeIgniter.php(918): App\Controllers\Frontend\Homepage\Router->index('du-an')
#10 G:\OpenServer\domains\vademoweb.com\vendor\codeigniter4\framework\system\CodeIgniter.php(404): CodeIgniter\CodeIgniter->runController(Object(App\Controllers\Frontend\Homepage\Router))
#11 G:\OpenServer\domains\vademoweb.com\vendor\codeigniter4\framework\system\CodeIgniter.php(312): CodeIgniter\CodeIgniter->handleRequest(NULL, Object(Config\Cache), false)
#12 G:\OpenServer\domains\vademoweb.com\index.php(48): CodeIgniter\CodeIgniter->run()
#13 {main}
CRITICAL - 2021-12-10 03:10:03 --> Array to string conversion
#0 G:\OpenServer\domains\vademoweb.com\app\Views\frontend\media\media\duan.php(105): CodeIgniter\Debug\Exceptions->errorHandler(8, 'Array to string...', 'G:\\OpenServer\\d...', 105, Array)
#1 G:\OpenServer\domains\vademoweb.com\vendor\codeigniter4\framework\system\View\View.php(246): include('G:\\OpenServer\\d...')
#2 G:\OpenServer\domains\vademoweb.com\vendor\codeigniter4\framework\system\Common.php(1119): CodeIgniter\View\View->render('frontend/media/...', Array, true)
#3 G:\OpenServer\domains\vademoweb.com\app\Views\frontend\homepage\layout\home.php(69): view('frontend/media/...')
#4 G:\OpenServer\domains\vademoweb.com\vendor\codeigniter4\framework\system\View\View.php(246): include('G:\\OpenServer\\d...')
#5 G:\OpenServer\domains\vademoweb.com\vendor\codeigniter4\framework\system\Common.php(1119): CodeIgniter\View\View->render('frontend/homepa...', Array, true)
#6 G:\OpenServer\domains\vademoweb.com\app\Controllers\Frontend\Media\Media.php(178): view('frontend/homepa...', Array)
#7 G:\OpenServer\domains\vademoweb.com\vendor\codeigniter4\framework\system\View\Cell.php(180): App\Controllers\Frontend\Media\Media->index(26, '1')
#8 G:\OpenServer\domains\vademoweb.com\vendor\codeigniter4\framework\system\Common.php(1140): CodeIgniter\View\Cell->render('\\App\\Controller...', 'id=26, page=1', 0, 'AppControllersF...')
#9 G:\OpenServer\domains\vademoweb.com\app\Controllers\Frontend\Homepage\Router.php(59): view_cell('\\App\\Controller...', 'id=26, page=1')
#10 G:\OpenServer\domains\vademoweb.com\vendor\codeigniter4\framework\system\CodeIgniter.php(918): App\Controllers\Frontend\Homepage\Router->index('tu-van-thiet-ke...')
#11 G:\OpenServer\domains\vademoweb.com\vendor\codeigniter4\framework\system\CodeIgniter.php(404): CodeIgniter\CodeIgniter->runController(Object(App\Controllers\Frontend\Homepage\Router))
#12 G:\OpenServer\domains\vademoweb.com\vendor\codeigniter4\framework\system\CodeIgniter.php(312): CodeIgniter\CodeIgniter->handleRequest(NULL, Object(Config\Cache), false)
#13 G:\OpenServer\domains\vademoweb.com\index.php(48): CodeIgniter\CodeIgniter->run()
#14 {main}
CRITICAL - 2021-12-10 03:53:19 --> syntax error, unexpected '?>', expecting ']'
#0 G:\OpenServer\domains\vademoweb.com\vendor\codeigniter4\framework\system\Common.php(1119): CodeIgniter\View\View->render('frontend/media/...', Array, true)
#1 G:\OpenServer\domains\vademoweb.com\app\Views\frontend\homepage\layout\home.php(69): view('frontend/media/...')
#2 G:\OpenServer\domains\vademoweb.com\vendor\codeigniter4\framework\system\View\View.php(246): include('G:\\OpenServer\\d...')
#3 G:\OpenServer\domains\vademoweb.com\vendor\codeigniter4\framework\system\Common.php(1119): CodeIgniter\View\View->render('frontend/homepa...', Array, true)
#4 G:\OpenServer\domains\vademoweb.com\app\Controllers\Frontend\Media\Media.php(178): view('frontend/homepa...', Array)
#5 G:\OpenServer\domains\vademoweb.com\vendor\codeigniter4\framework\system\View\Cell.php(180): App\Controllers\Frontend\Media\Media->index(22, '1')
#6 G:\OpenServer\domains\vademoweb.com\vendor\codeigniter4\framework\system\Common.php(1140): CodeIgniter\View\Cell->render('\\App\\Controller...', 'id=22, page=1', 0, 'AppControllersF...')
#7 G:\OpenServer\domains\vademoweb.com\app\Controllers\Frontend\Homepage\Router.php(59): view_cell('\\App\\Controller...', 'id=22, page=1')
#8 G:\OpenServer\domains\vademoweb.com\vendor\codeigniter4\framework\system\CodeIgniter.php(918): App\Controllers\Frontend\Homepage\Router->index('thiet-ke-noi-th...')
#9 G:\OpenServer\domains\vademoweb.com\vendor\codeigniter4\framework\system\CodeIgniter.php(404): CodeIgniter\CodeIgniter->runController(Object(App\Controllers\Frontend\Homepage\Router))
#10 G:\OpenServer\domains\vademoweb.com\vendor\codeigniter4\framework\system\CodeIgniter.php(312): CodeIgniter\CodeIgniter->handleRequest(NULL, Object(Config\Cache), false)
#11 G:\OpenServer\domains\vademoweb.com\index.php(48): CodeIgniter\CodeIgniter->run()
#12 {main}
CRITICAL - 2021-12-10 03:53:32 --> syntax error, unexpected ')', expecting ']'
#0 G:\OpenServer\domains\vademoweb.com\vendor\codeigniter4\framework\system\Common.php(1119): CodeIgniter\View\View->render('frontend/media/...', Array, true)
#1 G:\OpenServer\domains\vademoweb.com\app\Views\frontend\homepage\layout\home.php(69): view('frontend/media/...')
#2 G:\OpenServer\domains\vademoweb.com\vendor\codeigniter4\framework\system\View\View.php(246): include('G:\\OpenServer\\d...')
#3 G:\OpenServer\domains\vademoweb.com\vendor\codeigniter4\framework\system\Common.php(1119): CodeIgniter\View\View->render('frontend/homepa...', Array, true)
#4 G:\OpenServer\domains\vademoweb.com\app\Controllers\Frontend\Media\Media.php(178): view('frontend/homepa...', Array)
#5 G:\OpenServer\domains\vademoweb.com\vendor\codeigniter4\framework\system\View\Cell.php(180): App\Controllers\Frontend\Media\Media->index(22, '1')
#6 G:\OpenServer\domains\vademoweb.com\vendor\codeigniter4\framework\system\Common.php(1140): CodeIgniter\View\Cell->render('\\App\\Controller...', 'id=22, page=1', 0, 'AppControllersF...')
#7 G:\OpenServer\domains\vademoweb.com\app\Controllers\Frontend\Homepage\Router.php(59): view_cell('\\App\\Controller...', 'id=22, page=1')
#8 G:\OpenServer\domains\vademoweb.com\vendor\codeigniter4\framework\system\CodeIgniter.php(918): App\Controllers\Frontend\Homepage\Router->index('thiet-ke-noi-th...')
#9 G:\OpenServer\domains\vademoweb.com\vendor\codeigniter4\framework\system\CodeIgniter.php(404): CodeIgniter\CodeIgniter->runController(Object(App\Controllers\Frontend\Homepage\Router))
#10 G:\OpenServer\domains\vademoweb.com\vendor\codeigniter4\framework\system\CodeIgniter.php(312): CodeIgniter\CodeIgniter->handleRequest(NULL, Object(Config\Cache), false)
#11 G:\OpenServer\domains\vademoweb.com\index.php(48): CodeIgniter\CodeIgniter->run()
#12 {main}
CRITICAL - 2021-12-10 08:23:22 --> A non well formed numeric value encountered
#0 [internal function]: CodeIgniter\Debug\Exceptions->errorHandler(8, 'A non well form...', 'G:\\OpenServer\\d...', 31, Array)
#1 G:\OpenServer\domains\vademoweb.com\app\Views\frontend\article\catalogue\index.php(31): date('d/m/Y', '2021-11-22 08:1...')
#2 G:\OpenServer\domains\vademoweb.com\vendor\codeigniter4\framework\system\View\View.php(246): include('G:\\OpenServer\\d...')
#3 G:\OpenServer\domains\vademoweb.com\vendor\codeigniter4\framework\system\Common.php(1119): CodeIgniter\View\View->render('frontend/articl...', Array, true)
#4 G:\OpenServer\domains\vademoweb.com\app\Views\frontend\homepage\layout\home.php(69): view('frontend/articl...')
#5 G:\OpenServer\domains\vademoweb.com\vendor\codeigniter4\framework\system\View\View.php(246): include('G:\\OpenServer\\d...')
#6 G:\OpenServer\domains\vademoweb.com\vendor\codeigniter4\framework\system\Common.php(1119): CodeIgniter\View\View->render('frontend/homepa...', Array, true)
#7 G:\OpenServer\domains\vademoweb.com\app\Controllers\Frontend\Article\Catalogue.php(168): view('frontend/homepa...', Array)
#8 G:\OpenServer\domains\vademoweb.com\vendor\codeigniter4\framework\system\View\Cell.php(180): App\Controllers\Frontend\Article\Catalogue->index(9, 0)
#9 G:\OpenServer\domains\vademoweb.com\vendor\codeigniter4\framework\system\Common.php(1140): CodeIgniter\View\Cell->render('\\App\\Controller...', 'id=9, page=1', 0, 'AppControllersF...')
#10 G:\OpenServer\domains\vademoweb.com\app\Controllers\Frontend\Homepage\Router.php(59): view_cell('\\App\\Controller...', 'id=9, page=1')
#11 G:\OpenServer\domains\vademoweb.com\vendor\codeigniter4\framework\system\CodeIgniter.php(918): App\Controllers\Frontend\Homepage\Router->index('tin-tuc')
#12 G:\OpenServer\domains\vademoweb.com\vendor\codeigniter4\framework\system\CodeIgniter.php(404): CodeIgniter\CodeIgniter->runController(Object(App\Controllers\Frontend\Homepage\Router))
#13 G:\OpenServer\domains\vademoweb.com\vendor\codeigniter4\framework\system\CodeIgniter.php(312): CodeIgniter\CodeIgniter->handleRequest(NULL, Object(Config\Cache), false)
#14 G:\OpenServer\domains\vademoweb.com\index.php(48): CodeIgniter\CodeIgniter->run()
#15 {main}
