CRITICAL - 2022-05-26 03:20:11 --> Column 'email' cannot be null
#0 W:\domains\va.truemed.com\vendor\codeigniter4\framework\system\Database\MySQLi\Connection.php(331): mysqli->query('INSERT INTO `co...')
#1 W:\domains\va.truemed.com\vendor\codeigniter4\framework\system\Database\BaseConnection.php(741): CodeIgniter\Database\MySQLi\Connection->execute('INSERT INTO `co...')
#2 W:\domains\va.truemed.com\vendor\codeigniter4\framework\system\Database\BaseConnection.php(669): CodeIgniter\Database\BaseConnection->simpleQuery('INSERT INTO `co...')
#3 W:\domains\va.truemed.com\vendor\codeigniter4\framework\system\Database\BaseBuilder.php(2249): CodeIgniter\Database\BaseConnection->query('INSERT INTO `co...', Array, false)
#4 W:\domains\va.truemed.com\app\Models\AutoloadModel.php(90): CodeIgniter\Database\BaseBuilder->insert(Array)
#5 W:\domains\va.truemed.com\app\Controllers\Ajax\Frontend\Action.php(233): App\Models\AutoloadModel->_insert(Array)
#6 W:\domains\va.truemed.com\vendor\codeigniter4\framework\system\CodeIgniter.php(918): App\Controllers\Ajax\Frontend\Action->contact_phone()
#7 W:\domains\va.truemed.com\vendor\codeigniter4\framework\system\CodeIgniter.php(404): CodeIgniter\CodeIgniter->runController(Object(App\Controllers\Ajax\Frontend\Action))
#8 W:\domains\va.truemed.com\vendor\codeigniter4\framework\system\CodeIgniter.php(312): CodeIgniter\CodeIgniter->handleRequest(NULL, Object(Config\Cache), false)
#9 W:\domains\va.truemed.com\index.php(48): CodeIgniter\CodeIgniter->run()
#10 {main}
CRITICAL - 2022-05-26 11:35:03 --> Undefined property: CodeIgniter\View\View::$AutoloadModel
#0 W:\domains\va.truemed.com\app\Views\frontend\homepage\home\index.php(43): CodeIgniter\Debug\Exceptions->errorHandler(8, 'Undefined prope...', 'W:\\domains\\va.t...', 43, Array)
#1 W:\domains\va.truemed.com\vendor\codeigniter4\framework\system\View\View.php(246): include('W:\\domains\\va.t...')
#2 W:\domains\va.truemed.com\vendor\codeigniter4\framework\system\Common.php(1119): CodeIgniter\View\View->render('frontend/homepa...', Array, true)
#3 W:\domains\va.truemed.com\app\Views\frontend\homepage\layout\home.php(72): view('frontend/homepa...')
#4 W:\domains\va.truemed.com\vendor\codeigniter4\framework\system\View\View.php(246): include('W:\\domains\\va.t...')
#5 W:\domains\va.truemed.com\vendor\codeigniter4\framework\system\Common.php(1119): CodeIgniter\View\View->render('frontend/homepa...', Array, true)
#6 W:\domains\va.truemed.com\app\Controllers\Frontend\Homepage\Home.php(70): view('frontend/homepa...', Array)
#7 W:\domains\va.truemed.com\vendor\codeigniter4\framework\system\CodeIgniter.php(918): App\Controllers\Frontend\Homepage\Home->index()
#8 W:\domains\va.truemed.com\vendor\codeigniter4\framework\system\CodeIgniter.php(404): CodeIgniter\CodeIgniter->runController(Object(App\Controllers\Frontend\Homepage\Home))
#9 W:\domains\va.truemed.com\vendor\codeigniter4\framework\system\CodeIgniter.php(312): CodeIgniter\CodeIgniter->handleRequest(NULL, Object(Config\Cache), false)
#10 W:\domains\va.truemed.com\index.php(48): CodeIgniter\CodeIgniter->run()
#11 {main}
CRITICAL - 2022-05-26 12:31:45 --> Undefined variable: key
#0 W:\domains\va.truemed.com\app\Views\frontend\product\catalogue\index.php(16): CodeIgniter\Debug\Exceptions->errorHandler(8, 'Undefined varia...', 'W:\\domains\\va.t...', 16, Array)
#1 W:\domains\va.truemed.com\vendor\codeigniter4\framework\system\View\View.php(246): include('W:\\domains\\va.t...')
#2 W:\domains\va.truemed.com\vendor\codeigniter4\framework\system\Common.php(1119): CodeIgniter\View\View->render('frontend/produc...', Array, true)
#3 W:\domains\va.truemed.com\app\Views\frontend\homepage\layout\home.php(72): view('frontend/produc...')
#4 W:\domains\va.truemed.com\vendor\codeigniter4\framework\system\View\View.php(246): include('W:\\domains\\va.t...')
#5 W:\domains\va.truemed.com\vendor\codeigniter4\framework\system\Common.php(1119): CodeIgniter\View\View->render('frontend/homepa...', Array, true)
#6 W:\domains\va.truemed.com\app\Controllers\Frontend\Product\Catalogue.php(215): view('frontend/homepa...', Array)
#7 W:\domains\va.truemed.com\vendor\codeigniter4\framework\system\View\Cell.php(180): App\Controllers\Frontend\Product\Catalogue->index(25, 0)
#8 W:\domains\va.truemed.com\vendor\codeigniter4\framework\system\Common.php(1140): CodeIgniter\View\Cell->render('\\App\\Controller...', 'id=25, page=1', 0, 'AppControllersF...')
#9 W:\domains\va.truemed.com\app\Controllers\Frontend\Homepage\Router.php(59): view_cell('\\App\\Controller...', 'id=25, page=1')
#10 W:\domains\va.truemed.com\vendor\codeigniter4\framework\system\CodeIgniter.php(918): App\Controllers\Frontend\Homepage\Router->index('san-pham')
#11 W:\domains\va.truemed.com\vendor\codeigniter4\framework\system\CodeIgniter.php(404): CodeIgniter\CodeIgniter->runController(Object(App\Controllers\Frontend\Homepage\Router))
#12 W:\domains\va.truemed.com\vendor\codeigniter4\framework\system\CodeIgniter.php(312): CodeIgniter\CodeIgniter->handleRequest(NULL, Object(Config\Cache), false)
#13 W:\domains\va.truemed.com\index.php(48): CodeIgniter\CodeIgniter->run()
#14 {main}
CRITICAL - 2022-05-26 12:31:47 --> Undefined variable: key
#0 W:\domains\va.truemed.com\app\Views\frontend\product\catalogue\index.php(16): CodeIgniter\Debug\Exceptions->errorHandler(8, 'Undefined varia...', 'W:\\domains\\va.t...', 16, Array)
#1 W:\domains\va.truemed.com\vendor\codeigniter4\framework\system\View\View.php(246): include('W:\\domains\\va.t...')
#2 W:\domains\va.truemed.com\vendor\codeigniter4\framework\system\Common.php(1119): CodeIgniter\View\View->render('frontend/produc...', Array, true)
#3 W:\domains\va.truemed.com\app\Views\frontend\homepage\layout\home.php(72): view('frontend/produc...')
#4 W:\domains\va.truemed.com\vendor\codeigniter4\framework\system\View\View.php(246): include('W:\\domains\\va.t...')
#5 W:\domains\va.truemed.com\vendor\codeigniter4\framework\system\Common.php(1119): CodeIgniter\View\View->render('frontend/homepa...', Array, true)
#6 W:\domains\va.truemed.com\app\Controllers\Frontend\Product\Catalogue.php(215): view('frontend/homepa...', Array)
#7 W:\domains\va.truemed.com\vendor\codeigniter4\framework\system\View\Cell.php(180): App\Controllers\Frontend\Product\Catalogue->index(25, 0)
#8 W:\domains\va.truemed.com\vendor\codeigniter4\framework\system\Common.php(1140): CodeIgniter\View\Cell->render('\\App\\Controller...', 'id=25, page=1', 0, 'AppControllersF...')
#9 W:\domains\va.truemed.com\app\Controllers\Frontend\Homepage\Router.php(59): view_cell('\\App\\Controller...', 'id=25, page=1')
#10 W:\domains\va.truemed.com\vendor\codeigniter4\framework\system\CodeIgniter.php(918): App\Controllers\Frontend\Homepage\Router->index('san-pham')
#11 W:\domains\va.truemed.com\vendor\codeigniter4\framework\system\CodeIgniter.php(404): CodeIgniter\CodeIgniter->runController(Object(App\Controllers\Frontend\Homepage\Router))
#12 W:\domains\va.truemed.com\vendor\codeigniter4\framework\system\CodeIgniter.php(312): CodeIgniter\CodeIgniter->handleRequest(NULL, Object(Config\Cache), false)
#13 W:\domains\va.truemed.com\index.php(48): CodeIgniter\CodeIgniter->run()
#14 {main}
CRITICAL - 2022-05-26 12:37:32 --> Undefined variable: valueCatalogue
#0 W:\domains\va.truemed.com\app\Views\frontend\product\catalogue\index.php(94): CodeIgniter\Debug\Exceptions->errorHandler(8, 'Undefined varia...', 'W:\\domains\\va.t...', 94, Array)
#1 W:\domains\va.truemed.com\vendor\codeigniter4\framework\system\View\View.php(246): include('W:\\domains\\va.t...')
#2 W:\domains\va.truemed.com\vendor\codeigniter4\framework\system\Common.php(1119): CodeIgniter\View\View->render('frontend/produc...', Array, true)
#3 W:\domains\va.truemed.com\app\Views\frontend\homepage\layout\home.php(72): view('frontend/produc...')
#4 W:\domains\va.truemed.com\vendor\codeigniter4\framework\system\View\View.php(246): include('W:\\domains\\va.t...')
#5 W:\domains\va.truemed.com\vendor\codeigniter4\framework\system\Common.php(1119): CodeIgniter\View\View->render('frontend/homepa...', Array, true)
#6 W:\domains\va.truemed.com\app\Controllers\Frontend\Product\Catalogue.php(215): view('frontend/homepa...', Array)
#7 W:\domains\va.truemed.com\vendor\codeigniter4\framework\system\View\Cell.php(180): App\Controllers\Frontend\Product\Catalogue->index(25, 0)
#8 W:\domains\va.truemed.com\vendor\codeigniter4\framework\system\Common.php(1140): CodeIgniter\View\Cell->render('\\App\\Controller...', 'id=25, page=1', 0, 'AppControllersF...')
#9 W:\domains\va.truemed.com\app\Controllers\Frontend\Homepage\Router.php(59): view_cell('\\App\\Controller...', 'id=25, page=1')
#10 W:\domains\va.truemed.com\vendor\codeigniter4\framework\system\CodeIgniter.php(918): App\Controllers\Frontend\Homepage\Router->index('san-pham')
#11 W:\domains\va.truemed.com\vendor\codeigniter4\framework\system\CodeIgniter.php(404): CodeIgniter\CodeIgniter->runController(Object(App\Controllers\Frontend\Homepage\Router))
#12 W:\domains\va.truemed.com\vendor\codeigniter4\framework\system\CodeIgniter.php(312): CodeIgniter\CodeIgniter->handleRequest(NULL, Object(Config\Cache), false)
#13 W:\domains\va.truemed.com\index.php(48): CodeIgniter\CodeIgniter->run()
#14 {main}
