CRITICAL - 2022-01-06 02:14:59 --> Undefined variable: more_product
#0 W:\domains\decor.com.va\app\Views\frontend\product\product\index.php(142): CodeIgniter\Debug\Exceptions->errorHandler(8, 'Undefined varia...', 'W:\\domains\\deco...', 142, Array)
#1 W:\domains\decor.com.va\vendor\codeigniter4\framework\system\View\View.php(246): include('W:\\domains\\deco...')
#2 W:\domains\decor.com.va\vendor\codeigniter4\framework\system\Common.php(1119): CodeIgniter\View\View->render('frontend/produc...', Array, true)
#3 W:\domains\decor.com.va\app\Views\frontend\homepage\layout\home.php(72): view('frontend/produc...')
#4 W:\domains\decor.com.va\vendor\codeigniter4\framework\system\View\View.php(246): include('W:\\domains\\deco...')
#5 W:\domains\decor.com.va\vendor\codeigniter4\framework\system\Common.php(1119): CodeIgniter\View\View->render('frontend/homepa...', Array, true)
#6 W:\domains\decor.com.va\app\Controllers\Frontend\Product\Product.php(125): view('frontend/homepa...', Array)
#7 W:\domains\decor.com.va\vendor\codeigniter4\framework\system\View\Cell.php(180): App\Controllers\Frontend\Product\Product->index(Array, '1')
#8 W:\domains\decor.com.va\vendor\codeigniter4\framework\system\Common.php(1140): CodeIgniter\View\Cell->render('\\App\\Controller...', 'id=33, page=1', 0, 'AppControllersF...')
#9 W:\domains\decor.com.va\app\Controllers\Frontend\Homepage\Router.php(59): view_cell('\\App\\Controller...', 'id=33, page=1')
#10 W:\domains\decor.com.va\vendor\codeigniter4\framework\system\CodeIgniter.php(918): App\Controllers\Frontend\Homepage\Router->index('ghe-an-sadie-lu...')
#11 W:\domains\decor.com.va\vendor\codeigniter4\framework\system\CodeIgniter.php(404): CodeIgniter\CodeIgniter->runController(Object(App\Controllers\Frontend\Homepage\Router))
#12 W:\domains\decor.com.va\vendor\codeigniter4\framework\system\CodeIgniter.php(312): CodeIgniter\CodeIgniter->handleRequest(NULL, Object(Config\Cache), false)
#13 W:\domains\decor.com.va\index.php(48): CodeIgniter\CodeIgniter->run()
#14 {main}
CRITICAL - 2022-01-06 02:20:29 --> syntax error, unexpected end of file
#0 W:\domains\decor.com.va\vendor\codeigniter4\framework\system\Common.php(1119): CodeIgniter\View\View->render('frontend/produc...', Array, true)
#1 W:\domains\decor.com.va\app\Views\frontend\homepage\layout\home.php(72): view('frontend/produc...')
#2 W:\domains\decor.com.va\vendor\codeigniter4\framework\system\View\View.php(246): include('W:\\domains\\deco...')
#3 W:\domains\decor.com.va\vendor\codeigniter4\framework\system\Common.php(1119): CodeIgniter\View\View->render('frontend/homepa...', Array, true)
#4 W:\domains\decor.com.va\app\Controllers\Frontend\Product\Product.php(125): view('frontend/homepa...', Array)
#5 W:\domains\decor.com.va\vendor\codeigniter4\framework\system\View\Cell.php(180): App\Controllers\Frontend\Product\Product->index(Array, '1')
#6 W:\domains\decor.com.va\vendor\codeigniter4\framework\system\Common.php(1140): CodeIgniter\View\Cell->render('\\App\\Controller...', 'id=33, page=1', 0, 'AppControllersF...')
#7 W:\domains\decor.com.va\app\Controllers\Frontend\Homepage\Router.php(59): view_cell('\\App\\Controller...', 'id=33, page=1')
#8 W:\domains\decor.com.va\vendor\codeigniter4\framework\system\CodeIgniter.php(918): App\Controllers\Frontend\Homepage\Router->index('ghe-an-sadie-lu...')
#9 W:\domains\decor.com.va\vendor\codeigniter4\framework\system\CodeIgniter.php(404): CodeIgniter\CodeIgniter->runController(Object(App\Controllers\Frontend\Homepage\Router))
#10 W:\domains\decor.com.va\vendor\codeigniter4\framework\system\CodeIgniter.php(312): CodeIgniter\CodeIgniter->handleRequest(NULL, Object(Config\Cache), false)
#11 W:\domains\decor.com.va\index.php(48): CodeIgniter\CodeIgniter->run()
#12 {main}
CRITICAL - 2022-01-06 02:21:00 --> syntax error, unexpected end of file
#0 W:\domains\decor.com.va\vendor\codeigniter4\framework\system\Common.php(1119): CodeIgniter\View\View->render('frontend/produc...', Array, true)
#1 W:\domains\decor.com.va\app\Views\frontend\homepage\layout\home.php(72): view('frontend/produc...')
#2 W:\domains\decor.com.va\vendor\codeigniter4\framework\system\View\View.php(246): include('W:\\domains\\deco...')
#3 W:\domains\decor.com.va\vendor\codeigniter4\framework\system\Common.php(1119): CodeIgniter\View\View->render('frontend/homepa...', Array, true)
#4 W:\domains\decor.com.va\app\Controllers\Frontend\Product\Product.php(125): view('frontend/homepa...', Array)
#5 W:\domains\decor.com.va\vendor\codeigniter4\framework\system\View\Cell.php(180): App\Controllers\Frontend\Product\Product->index(Array, '1')
#6 W:\domains\decor.com.va\vendor\codeigniter4\framework\system\Common.php(1140): CodeIgniter\View\Cell->render('\\App\\Controller...', 'id=33, page=1', 0, 'AppControllersF...')
#7 W:\domains\decor.com.va\app\Controllers\Frontend\Homepage\Router.php(59): view_cell('\\App\\Controller...', 'id=33, page=1')
#8 W:\domains\decor.com.va\vendor\codeigniter4\framework\system\CodeIgniter.php(918): App\Controllers\Frontend\Homepage\Router->index('ghe-an-sadie-lu...')
#9 W:\domains\decor.com.va\vendor\codeigniter4\framework\system\CodeIgniter.php(404): CodeIgniter\CodeIgniter->runController(Object(App\Controllers\Frontend\Homepage\Router))
#10 W:\domains\decor.com.va\vendor\codeigniter4\framework\system\CodeIgniter.php(312): CodeIgniter\CodeIgniter->handleRequest(NULL, Object(Config\Cache), false)
#11 W:\domains\decor.com.va\index.php(48): CodeIgniter\CodeIgniter->run()
#12 {main}
CRITICAL - 2022-01-06 02:21:01 --> syntax error, unexpected end of file
#0 W:\domains\decor.com.va\vendor\codeigniter4\framework\system\Common.php(1119): CodeIgniter\View\View->render('frontend/produc...', Array, true)
#1 W:\domains\decor.com.va\app\Views\frontend\homepage\layout\home.php(72): view('frontend/produc...')
#2 W:\domains\decor.com.va\vendor\codeigniter4\framework\system\View\View.php(246): include('W:\\domains\\deco...')
#3 W:\domains\decor.com.va\vendor\codeigniter4\framework\system\Common.php(1119): CodeIgniter\View\View->render('frontend/homepa...', Array, true)
#4 W:\domains\decor.com.va\app\Controllers\Frontend\Product\Product.php(125): view('frontend/homepa...', Array)
#5 W:\domains\decor.com.va\vendor\codeigniter4\framework\system\View\Cell.php(180): App\Controllers\Frontend\Product\Product->index(Array, '1')
#6 W:\domains\decor.com.va\vendor\codeigniter4\framework\system\Common.php(1140): CodeIgniter\View\Cell->render('\\App\\Controller...', 'id=33, page=1', 0, 'AppControllersF...')
#7 W:\domains\decor.com.va\app\Controllers\Frontend\Homepage\Router.php(59): view_cell('\\App\\Controller...', 'id=33, page=1')
#8 W:\domains\decor.com.va\vendor\codeigniter4\framework\system\CodeIgniter.php(918): App\Controllers\Frontend\Homepage\Router->index('ghe-an-sadie-lu...')
#9 W:\domains\decor.com.va\vendor\codeigniter4\framework\system\CodeIgniter.php(404): CodeIgniter\CodeIgniter->runController(Object(App\Controllers\Frontend\Homepage\Router))
#10 W:\domains\decor.com.va\vendor\codeigniter4\framework\system\CodeIgniter.php(312): CodeIgniter\CodeIgniter->handleRequest(NULL, Object(Config\Cache), false)
#11 W:\domains\decor.com.va\index.php(48): CodeIgniter\CodeIgniter->run()
#12 {main}
CRITICAL - 2022-01-06 02:21:34 --> Undefined variable: a
#0 W:\domains\decor.com.va\app\Views\frontend\product\product\index.php(25): CodeIgniter\Debug\Exceptions->errorHandler(8, 'Undefined varia...', 'W:\\domains\\deco...', 25, Array)
#1 W:\domains\decor.com.va\vendor\codeigniter4\framework\system\View\View.php(246): include('W:\\domains\\deco...')
#2 W:\domains\decor.com.va\vendor\codeigniter4\framework\system\Common.php(1119): CodeIgniter\View\View->render('frontend/produc...', Array, true)
#3 W:\domains\decor.com.va\app\Views\frontend\homepage\layout\home.php(72): view('frontend/produc...')
#4 W:\domains\decor.com.va\vendor\codeigniter4\framework\system\View\View.php(246): include('W:\\domains\\deco...')
#5 W:\domains\decor.com.va\vendor\codeigniter4\framework\system\Common.php(1119): CodeIgniter\View\View->render('frontend/homepa...', Array, true)
#6 W:\domains\decor.com.va\app\Controllers\Frontend\Product\Product.php(125): view('frontend/homepa...', Array)
#7 W:\domains\decor.com.va\vendor\codeigniter4\framework\system\View\Cell.php(180): App\Controllers\Frontend\Product\Product->index(Array, '1')
#8 W:\domains\decor.com.va\vendor\codeigniter4\framework\system\Common.php(1140): CodeIgniter\View\Cell->render('\\App\\Controller...', 'id=33, page=1', 0, 'AppControllersF...')
#9 W:\domains\decor.com.va\app\Controllers\Frontend\Homepage\Router.php(59): view_cell('\\App\\Controller...', 'id=33, page=1')
#10 W:\domains\decor.com.va\vendor\codeigniter4\framework\system\CodeIgniter.php(918): App\Controllers\Frontend\Homepage\Router->index('ghe-an-sadie-lu...')
#11 W:\domains\decor.com.va\vendor\codeigniter4\framework\system\CodeIgniter.php(404): CodeIgniter\CodeIgniter->runController(Object(App\Controllers\Frontend\Homepage\Router))
#12 W:\domains\decor.com.va\vendor\codeigniter4\framework\system\CodeIgniter.php(312): CodeIgniter\CodeIgniter->handleRequest(NULL, Object(Config\Cache), false)
#13 W:\domains\decor.com.va\index.php(48): CodeIgniter\CodeIgniter->run()
#14 {main}
CRITICAL - 2022-01-06 02:35:41 --> Undefined variable: cookie
#0 W:\domains\decor.com.va\app\Views\frontend\homepage\common\header.php(193): CodeIgniter\Debug\Exceptions->errorHandler(8, 'Undefined varia...', 'W:\\domains\\deco...', 193, Array)
#1 W:\domains\decor.com.va\vendor\codeigniter4\framework\system\View\View.php(246): include('W:\\domains\\deco...')
#2 W:\domains\decor.com.va\vendor\codeigniter4\framework\system\Common.php(1119): CodeIgniter\View\View->render('frontend/homepa...', Array, true)
#3 W:\domains\decor.com.va\app\Views\frontend\homepage\layout\home.php(69): view('frontend/homepa...')
#4 W:\domains\decor.com.va\vendor\codeigniter4\framework\system\View\View.php(246): include('W:\\domains\\deco...')
#5 W:\domains\decor.com.va\vendor\codeigniter4\framework\system\Common.php(1119): CodeIgniter\View\View->render('frontend/homepa...', Array, true)
#6 W:\domains\decor.com.va\app\Controllers\Frontend\Product\Product.php(125): view('frontend/homepa...', Array)
#7 W:\domains\decor.com.va\vendor\codeigniter4\framework\system\View\Cell.php(180): App\Controllers\Frontend\Product\Product->index(Array, '1')
#8 W:\domains\decor.com.va\vendor\codeigniter4\framework\system\Common.php(1140): CodeIgniter\View\Cell->render('\\App\\Controller...', 'id=33, page=1', 0, 'AppControllersF...')
#9 W:\domains\decor.com.va\app\Controllers\Frontend\Homepage\Router.php(59): view_cell('\\App\\Controller...', 'id=33, page=1')
#10 W:\domains\decor.com.va\vendor\codeigniter4\framework\system\CodeIgniter.php(918): App\Controllers\Frontend\Homepage\Router->index('ghe-an-sadie-lu...')
#11 W:\domains\decor.com.va\vendor\codeigniter4\framework\system\CodeIgniter.php(404): CodeIgniter\CodeIgniter->runController(Object(App\Controllers\Frontend\Homepage\Router))
#12 W:\domains\decor.com.va\vendor\codeigniter4\framework\system\CodeIgniter.php(312): CodeIgniter\CodeIgniter->handleRequest(NULL, Object(Config\Cache), false)
#13 W:\domains\decor.com.va\index.php(48): CodeIgniter\CodeIgniter->run()
#14 {main}
CRITICAL - 2022-01-06 02:35:53 --> Undefined variable: cookie
#0 W:\domains\decor.com.va\app\Views\frontend\homepage\common\header.php(193): CodeIgniter\Debug\Exceptions->errorHandler(8, 'Undefined varia...', 'W:\\domains\\deco...', 193, Array)
#1 W:\domains\decor.com.va\vendor\codeigniter4\framework\system\View\View.php(246): include('W:\\domains\\deco...')
#2 W:\domains\decor.com.va\vendor\codeigniter4\framework\system\Common.php(1119): CodeIgniter\View\View->render('frontend/homepa...', Array, true)
#3 W:\domains\decor.com.va\app\Views\frontend\homepage\layout\home.php(69): view('frontend/homepa...')
#4 W:\domains\decor.com.va\vendor\codeigniter4\framework\system\View\View.php(246): include('W:\\domains\\deco...')
#5 W:\domains\decor.com.va\vendor\codeigniter4\framework\system\Common.php(1119): CodeIgniter\View\View->render('frontend/homepa...', Array, true)
#6 W:\domains\decor.com.va\app\Controllers\Frontend\Product\Product.php(125): view('frontend/homepa...', Array)
#7 W:\domains\decor.com.va\vendor\codeigniter4\framework\system\View\Cell.php(180): App\Controllers\Frontend\Product\Product->index(Array, '1')
#8 W:\domains\decor.com.va\vendor\codeigniter4\framework\system\Common.php(1140): CodeIgniter\View\Cell->render('\\App\\Controller...', 'id=33, page=1', 0, 'AppControllersF...')
#9 W:\domains\decor.com.va\app\Controllers\Frontend\Homepage\Router.php(59): view_cell('\\App\\Controller...', 'id=33, page=1')
#10 W:\domains\decor.com.va\vendor\codeigniter4\framework\system\CodeIgniter.php(918): App\Controllers\Frontend\Homepage\Router->index('ghe-an-sadie-lu...')
#11 W:\domains\decor.com.va\vendor\codeigniter4\framework\system\CodeIgniter.php(404): CodeIgniter\CodeIgniter->runController(Object(App\Controllers\Frontend\Homepage\Router))
#12 W:\domains\decor.com.va\vendor\codeigniter4\framework\system\CodeIgniter.php(312): CodeIgniter\CodeIgniter->handleRequest(NULL, Object(Config\Cache), false)
#13 W:\domains\decor.com.va\index.php(48): CodeIgniter\CodeIgniter->run()
#14 {main}
CRITICAL - 2022-01-06 02:37:24 --> Undefined variable: cart
#0 W:\domains\decor.com.va\app\Views\frontend\homepage\common\header.php(196): CodeIgniter\Debug\Exceptions->errorHandler(8, 'Undefined varia...', 'W:\\domains\\deco...', 196, Array)
#1 W:\domains\decor.com.va\vendor\codeigniter4\framework\system\View\View.php(246): include('W:\\domains\\deco...')
#2 W:\domains\decor.com.va\vendor\codeigniter4\framework\system\Common.php(1119): CodeIgniter\View\View->render('frontend/homepa...', Array, true)
#3 W:\domains\decor.com.va\app\Views\frontend\homepage\layout\home.php(69): view('frontend/homepa...')
#4 W:\domains\decor.com.va\vendor\codeigniter4\framework\system\View\View.php(246): include('W:\\domains\\deco...')
#5 W:\domains\decor.com.va\vendor\codeigniter4\framework\system\Common.php(1119): CodeIgniter\View\View->render('frontend/homepa...', Array, true)
#6 W:\domains\decor.com.va\app\Controllers\Frontend\Product\Product.php(125): view('frontend/homepa...', Array)
#7 W:\domains\decor.com.va\vendor\codeigniter4\framework\system\View\Cell.php(180): App\Controllers\Frontend\Product\Product->index(Array, '1')
#8 W:\domains\decor.com.va\vendor\codeigniter4\framework\system\Common.php(1140): CodeIgniter\View\Cell->render('\\App\\Controller...', 'id=33, page=1', 0, 'AppControllersF...')
#9 W:\domains\decor.com.va\app\Controllers\Frontend\Homepage\Router.php(59): view_cell('\\App\\Controller...', 'id=33, page=1')
#10 W:\domains\decor.com.va\vendor\codeigniter4\framework\system\CodeIgniter.php(918): App\Controllers\Frontend\Homepage\Router->index('ghe-an-sadie-lu...')
#11 W:\domains\decor.com.va\vendor\codeigniter4\framework\system\CodeIgniter.php(404): CodeIgniter\CodeIgniter->runController(Object(App\Controllers\Frontend\Homepage\Router))
#12 W:\domains\decor.com.va\vendor\codeigniter4\framework\system\CodeIgniter.php(312): CodeIgniter\CodeIgniter->handleRequest(NULL, Object(Config\Cache), false)
#13 W:\domains\decor.com.va\index.php(48): CodeIgniter\CodeIgniter->run()
#14 {main}
CRITICAL - 2022-01-06 02:37:37 --> Undefined variable: cookie
#0 W:\domains\decor.com.va\app\Views\frontend\homepage\common\header.php(196): CodeIgniter\Debug\Exceptions->errorHandler(8, 'Undefined varia...', 'W:\\domains\\deco...', 196, Array)
#1 W:\domains\decor.com.va\vendor\codeigniter4\framework\system\View\View.php(246): include('W:\\domains\\deco...')
#2 W:\domains\decor.com.va\vendor\codeigniter4\framework\system\Common.php(1119): CodeIgniter\View\View->render('frontend/homepa...', Array, true)
#3 W:\domains\decor.com.va\app\Views\frontend\homepage\layout\home.php(69): view('frontend/homepa...')
#4 W:\domains\decor.com.va\vendor\codeigniter4\framework\system\View\View.php(246): include('W:\\domains\\deco...')
#5 W:\domains\decor.com.va\vendor\codeigniter4\framework\system\Common.php(1119): CodeIgniter\View\View->render('frontend/homepa...', Array, true)
#6 W:\domains\decor.com.va\app\Controllers\Frontend\Product\Product.php(125): view('frontend/homepa...', Array)
#7 W:\domains\decor.com.va\vendor\codeigniter4\framework\system\View\Cell.php(180): App\Controllers\Frontend\Product\Product->index(Array, '1')
#8 W:\domains\decor.com.va\vendor\codeigniter4\framework\system\Common.php(1140): CodeIgniter\View\Cell->render('\\App\\Controller...', 'id=33, page=1', 0, 'AppControllersF...')
#9 W:\domains\decor.com.va\app\Controllers\Frontend\Homepage\Router.php(59): view_cell('\\App\\Controller...', 'id=33, page=1')
#10 W:\domains\decor.com.va\vendor\codeigniter4\framework\system\CodeIgniter.php(918): App\Controllers\Frontend\Homepage\Router->index('ghe-an-sadie-lu...')
#11 W:\domains\decor.com.va\vendor\codeigniter4\framework\system\CodeIgniter.php(404): CodeIgniter\CodeIgniter->runController(Object(App\Controllers\Frontend\Homepage\Router))
#12 W:\domains\decor.com.va\vendor\codeigniter4\framework\system\CodeIgniter.php(312): CodeIgniter\CodeIgniter->handleRequest(NULL, Object(Config\Cache), false)
#13 W:\domains\decor.com.va\index.php(48): CodeIgniter\CodeIgniter->run()
#14 {main}
CRITICAL - 2022-01-06 03:20:06 --> Undefined variable: model
#0 W:\domains\decor.com.va\app\Views\frontend\article\catalogue\sub_service.php(2): CodeIgniter\Debug\Exceptions->errorHandler(8, 'Undefined varia...', 'W:\\domains\\deco...', 2, Array)
#1 W:\domains\decor.com.va\vendor\codeigniter4\framework\system\View\View.php(246): include('W:\\domains\\deco...')
#2 W:\domains\decor.com.va\vendor\codeigniter4\framework\system\Common.php(1119): CodeIgniter\View\View->render('frontend/articl...', Array, true)
#3 W:\domains\decor.com.va\app\Views\frontend\homepage\layout\home.php(72): view('frontend/articl...')
#4 W:\domains\decor.com.va\vendor\codeigniter4\framework\system\View\View.php(246): include('W:\\domains\\deco...')
#5 W:\domains\decor.com.va\vendor\codeigniter4\framework\system\Common.php(1119): CodeIgniter\View\View->render('frontend/homepa...', Array, true)
#6 W:\domains\decor.com.va\app\Controllers\Frontend\Article\Catalogue.php(161): view('frontend/homepa...', Array)
#7 W:\domains\decor.com.va\vendor\codeigniter4\framework\system\View\Cell.php(180): App\Controllers\Frontend\Article\Catalogue->index(13, 0)
#8 W:\domains\decor.com.va\vendor\codeigniter4\framework\system\Common.php(1140): CodeIgniter\View\Cell->render('\\App\\Controller...', 'id=13, page=1', 0, 'AppControllersF...')
#9 W:\domains\decor.com.va\app\Controllers\Frontend\Homepage\Router.php(59): view_cell('\\App\\Controller...', 'id=13, page=1')
#10 W:\domains\decor.com.va\vendor\codeigniter4\framework\system\CodeIgniter.php(918): App\Controllers\Frontend\Homepage\Router->index('thiet-ke-noi-th...')
#11 W:\domains\decor.com.va\vendor\codeigniter4\framework\system\CodeIgniter.php(404): CodeIgniter\CodeIgniter->runController(Object(App\Controllers\Frontend\Homepage\Router))
#12 W:\domains\decor.com.va\vendor\codeigniter4\framework\system\CodeIgniter.php(312): CodeIgniter\CodeIgniter->handleRequest(NULL, Object(Config\Cache), false)
#13 W:\domains\decor.com.va\index.php(48): CodeIgniter\CodeIgniter->run()
#14 {main}
CRITICAL - 2022-01-06 03:20:18 --> Undefined variable: model
#0 W:\domains\decor.com.va\app\Views\frontend\article\catalogue\sub_service.php(2): CodeIgniter\Debug\Exceptions->errorHandler(8, 'Undefined varia...', 'W:\\domains\\deco...', 2, Array)
#1 W:\domains\decor.com.va\vendor\codeigniter4\framework\system\View\View.php(246): include('W:\\domains\\deco...')
#2 W:\domains\decor.com.va\vendor\codeigniter4\framework\system\Common.php(1119): CodeIgniter\View\View->render('frontend/articl...', Array, true)
#3 W:\domains\decor.com.va\app\Views\frontend\homepage\layout\home.php(72): view('frontend/articl...')
#4 W:\domains\decor.com.va\vendor\codeigniter4\framework\system\View\View.php(246): include('W:\\domains\\deco...')
#5 W:\domains\decor.com.va\vendor\codeigniter4\framework\system\Common.php(1119): CodeIgniter\View\View->render('frontend/homepa...', Array, true)
#6 W:\domains\decor.com.va\app\Controllers\Frontend\Article\Catalogue.php(161): view('frontend/homepa...', Array)
#7 W:\domains\decor.com.va\vendor\codeigniter4\framework\system\View\Cell.php(180): App\Controllers\Frontend\Article\Catalogue->index(13, 0)
#8 W:\domains\decor.com.va\vendor\codeigniter4\framework\system\Common.php(1140): CodeIgniter\View\Cell->render('\\App\\Controller...', 'id=13, page=1', 0, 'AppControllersF...')
#9 W:\domains\decor.com.va\app\Controllers\Frontend\Homepage\Router.php(59): view_cell('\\App\\Controller...', 'id=13, page=1')
#10 W:\domains\decor.com.va\vendor\codeigniter4\framework\system\CodeIgniter.php(918): App\Controllers\Frontend\Homepage\Router->index('thiet-ke-noi-th...')
#11 W:\domains\decor.com.va\vendor\codeigniter4\framework\system\CodeIgniter.php(404): CodeIgniter\CodeIgniter->runController(Object(App\Controllers\Frontend\Homepage\Router))
#12 W:\domains\decor.com.va\vendor\codeigniter4\framework\system\CodeIgniter.php(312): CodeIgniter\CodeIgniter->handleRequest(NULL, Object(Config\Cache), false)
#13 W:\domains\decor.com.va\index.php(48): CodeIgniter\CodeIgniter->run()
#14 {main}
CRITICAL - 2022-01-06 03:20:24 --> Undefined variable: model
#0 W:\domains\decor.com.va\app\Views\frontend\article\catalogue\sub_service.php(2): CodeIgniter\Debug\Exceptions->errorHandler(8, 'Undefined varia...', 'W:\\domains\\deco...', 2, Array)
#1 W:\domains\decor.com.va\vendor\codeigniter4\framework\system\View\View.php(246): include('W:\\domains\\deco...')
#2 W:\domains\decor.com.va\vendor\codeigniter4\framework\system\Common.php(1119): CodeIgniter\View\View->render('frontend/articl...', Array, true)
#3 W:\domains\decor.com.va\app\Views\frontend\homepage\layout\home.php(72): view('frontend/articl...')
#4 W:\domains\decor.com.va\vendor\codeigniter4\framework\system\View\View.php(246): include('W:\\domains\\deco...')
#5 W:\domains\decor.com.va\vendor\codeigniter4\framework\system\Common.php(1119): CodeIgniter\View\View->render('frontend/homepa...', Array, true)
#6 W:\domains\decor.com.va\app\Controllers\Frontend\Article\Catalogue.php(161): view('frontend/homepa...', Array)
#7 W:\domains\decor.com.va\vendor\codeigniter4\framework\system\View\Cell.php(180): App\Controllers\Frontend\Article\Catalogue->index(13, 0)
#8 W:\domains\decor.com.va\vendor\codeigniter4\framework\system\Common.php(1140): CodeIgniter\View\Cell->render('\\App\\Controller...', 'id=13, page=1', 0, 'AppControllersF...')
#9 W:\domains\decor.com.va\app\Controllers\Frontend\Homepage\Router.php(59): view_cell('\\App\\Controller...', 'id=13, page=1')
#10 W:\domains\decor.com.va\vendor\codeigniter4\framework\system\CodeIgniter.php(918): App\Controllers\Frontend\Homepage\Router->index('thiet-ke-noi-th...')
#11 W:\domains\decor.com.va\vendor\codeigniter4\framework\system\CodeIgniter.php(404): CodeIgniter\CodeIgniter->runController(Object(App\Controllers\Frontend\Homepage\Router))
#12 W:\domains\decor.com.va\vendor\codeigniter4\framework\system\CodeIgniter.php(312): CodeIgniter\CodeIgniter->handleRequest(NULL, Object(Config\Cache), false)
#13 W:\domains\decor.com.va\index.php(48): CodeIgniter\CodeIgniter->run()
#14 {main}
CRITICAL - 2022-01-06 04:07:51 --> syntax error, unexpected end of file
#0 W:\domains\decor.com.va\vendor\codeigniter4\framework\system\Common.php(1119): CodeIgniter\View\View->render('frontend/articl...', Array, true)
#1 W:\domains\decor.com.va\app\Views\frontend\homepage\layout\home.php(72): view('frontend/articl...')
#2 W:\domains\decor.com.va\vendor\codeigniter4\framework\system\View\View.php(246): include('W:\\domains\\deco...')
#3 W:\domains\decor.com.va\vendor\codeigniter4\framework\system\Common.php(1119): CodeIgniter\View\View->render('frontend/homepa...', Array, true)
#4 W:\domains\decor.com.va\app\Controllers\Frontend\Article\Catalogue.php(161): view('frontend/homepa...', Array)
#5 W:\domains\decor.com.va\vendor\codeigniter4\framework\system\View\Cell.php(180): App\Controllers\Frontend\Article\Catalogue->index(12, 0)
#6 W:\domains\decor.com.va\vendor\codeigniter4\framework\system\Common.php(1140): CodeIgniter\View\Cell->render('\\App\\Controller...', 'id=12, page=1', 0, 'AppControllersF...')
#7 W:\domains\decor.com.va\app\Controllers\Frontend\Homepage\Router.php(59): view_cell('\\App\\Controller...', 'id=12, page=1')
#8 W:\domains\decor.com.va\vendor\codeigniter4\framework\system\CodeIgniter.php(918): App\Controllers\Frontend\Homepage\Router->index('dich-vu')
#9 W:\domains\decor.com.va\vendor\codeigniter4\framework\system\CodeIgniter.php(404): CodeIgniter\CodeIgniter->runController(Object(App\Controllers\Frontend\Homepage\Router))
#10 W:\domains\decor.com.va\vendor\codeigniter4\framework\system\CodeIgniter.php(312): CodeIgniter\CodeIgniter->handleRequest(NULL, Object(Config\Cache), false)
#11 W:\domains\decor.com.va\index.php(48): CodeIgniter\CodeIgniter->run()
#12 {main}
CRITICAL - 2022-01-06 04:41:11 --> Undefined index: homepage_favicon
#0 /home/decor/domains/decor.codechuanseo.com/public_html/app/Views/frontend/homepage/layout/home.php(18): CodeIgniter\Debug\Exceptions->errorHandler(8, 'Undefined index...', '/home/decor/dom...', 18, Array)
#1 /home/decor/domains/decor.codechuanseo.com/public_html/vendor/codeigniter4/framework/system/View/View.php(246): include('/home/decor/dom...')
#2 /home/decor/domains/decor.codechuanseo.com/public_html/vendor/codeigniter4/framework/system/Common.php(1119): CodeIgniter\View\View->render('frontend/homepa...', Array, true)
#3 /home/decor/domains/decor.codechuanseo.com/public_html/app/Controllers/Frontend/Homepage/Home.php(39): view('frontend/homepa...', Array)
#4 /home/decor/domains/decor.codechuanseo.com/public_html/vendor/codeigniter4/framework/system/CodeIgniter.php(918): App\Controllers\Frontend\Homepage\Home->index()
#5 /home/decor/domains/decor.codechuanseo.com/public_html/vendor/codeigniter4/framework/system/CodeIgniter.php(404): CodeIgniter\CodeIgniter->runController(Object(App\Controllers\Frontend\Homepage\Home))
#6 /home/decor/domains/decor.codechuanseo.com/public_html/vendor/codeigniter4/framework/system/CodeIgniter.php(312): CodeIgniter\CodeIgniter->handleRequest(NULL, Object(Config\Cache), false)
#7 /home/decor/domains/decor.codechuanseo.com/public_html/index.php(48): CodeIgniter\CodeIgniter->run()
#8 {main}
CRITICAL - 2022-01-06 08:13:19 --> File not found: /home/decor/domains/decor.codechuanseo.com/public_html/upload/image/our/thảo-hn-1.jpg
#0 /home/decor/domains/decor.codechuanseo.com/public_html/vendor/codeigniter4/framework/system/Files/File.php(74): CodeIgniter\Files\Exceptions\FileNotFoundException::forFileNotFound('/home/decor/dom...')
#1 /home/decor/domains/decor.codechuanseo.com/public_html/vendor/codeigniter4/framework/system/Images/Handlers/BaseHandler.php(171): CodeIgniter\Files\File->__construct('/home/decor/dom...', true)
#2 /home/decor/domains/decor.codechuanseo.com/public_html/app/Controllers/Ajax/Slide.php(81): CodeIgniter\Images\Handlers\BaseHandler->withFile('/home/decor/dom...')
#3 /home/decor/domains/decor.codechuanseo.com/public_html/vendor/codeigniter4/framework/system/CodeIgniter.php(918): App\Controllers\Ajax\Slide->open_modal()
#4 /home/decor/domains/decor.codechuanseo.com/public_html/vendor/codeigniter4/framework/system/CodeIgniter.php(404): CodeIgniter\CodeIgniter->runController(Object(App\Controllers\Ajax\Slide))
#5 /home/decor/domains/decor.codechuanseo.com/public_html/vendor/codeigniter4/framework/system/CodeIgniter.php(312): CodeIgniter\CodeIgniter->handleRequest(NULL, Object(Config\Cache), false)
#6 /home/decor/domains/decor.codechuanseo.com/public_html/index.php(48): CodeIgniter\CodeIgniter->run()
#7 {main}
CRITICAL - 2022-01-06 08:13:52 --> File not found: /home/decor/domains/decor.codechuanseo.com/public_html/upload/image/our/thảo-hn-1.jpg
#0 /home/decor/domains/decor.codechuanseo.com/public_html/vendor/codeigniter4/framework/system/Files/File.php(74): CodeIgniter\Files\Exceptions\FileNotFoundException::forFileNotFound('/home/decor/dom...')
#1 /home/decor/domains/decor.codechuanseo.com/public_html/vendor/codeigniter4/framework/system/Images/Handlers/BaseHandler.php(171): CodeIgniter\Files\File->__construct('/home/decor/dom...', true)
#2 /home/decor/domains/decor.codechuanseo.com/public_html/app/Controllers/Ajax/Slide.php(81): CodeIgniter\Images\Handlers\BaseHandler->withFile('/home/decor/dom...')
#3 /home/decor/domains/decor.codechuanseo.com/public_html/vendor/codeigniter4/framework/system/CodeIgniter.php(918): App\Controllers\Ajax\Slide->open_modal()
#4 /home/decor/domains/decor.codechuanseo.com/public_html/vendor/codeigniter4/framework/system/CodeIgniter.php(404): CodeIgniter\CodeIgniter->runController(Object(App\Controllers\Ajax\Slide))
#5 /home/decor/domains/decor.codechuanseo.com/public_html/vendor/codeigniter4/framework/system/CodeIgniter.php(312): CodeIgniter\CodeIgniter->handleRequest(NULL, Object(Config\Cache), false)
#6 /home/decor/domains/decor.codechuanseo.com/public_html/index.php(48): CodeIgniter\CodeIgniter->run()
#7 {main}
CRITICAL - 2022-01-06 08:14:39 --> File not found: /home/decor/domains/decor.codechuanseo.com/public_html/upload/image/our/thảo-hn-1.jpg
#0 /home/decor/domains/decor.codechuanseo.com/public_html/vendor/codeigniter4/framework/system/Files/File.php(74): CodeIgniter\Files\Exceptions\FileNotFoundException::forFileNotFound('/home/decor/dom...')
#1 /home/decor/domains/decor.codechuanseo.com/public_html/vendor/codeigniter4/framework/system/Images/Handlers/BaseHandler.php(171): CodeIgniter\Files\File->__construct('/home/decor/dom...', true)
#2 /home/decor/domains/decor.codechuanseo.com/public_html/app/Controllers/Ajax/Slide.php(81): CodeIgniter\Images\Handlers\BaseHandler->withFile('/home/decor/dom...')
#3 /home/decor/domains/decor.codechuanseo.com/public_html/vendor/codeigniter4/framework/system/CodeIgniter.php(918): App\Controllers\Ajax\Slide->open_modal()
#4 /home/decor/domains/decor.codechuanseo.com/public_html/vendor/codeigniter4/framework/system/CodeIgniter.php(404): CodeIgniter\CodeIgniter->runController(Object(App\Controllers\Ajax\Slide))
#5 /home/decor/domains/decor.codechuanseo.com/public_html/vendor/codeigniter4/framework/system/CodeIgniter.php(312): CodeIgniter\CodeIgniter->handleRequest(NULL, Object(Config\Cache), false)
#6 /home/decor/domains/decor.codechuanseo.com/public_html/index.php(48): CodeIgniter\CodeIgniter->run()
#7 {main}
