CRITICAL - 2021-11-21 02:52:53 --> Undefined variable: language
#0 G:\OpenServer\domains\noithatva.com.va\app\Views\frontend\homepage\common\header.php(2): CodeIgniter\Debug\Exceptions->errorHandler(8, 'Undefined varia...', 'G:\\OpenServer\\d...', 2, Array)
#1 G:\OpenServer\domains\noithatva.com.va\vendor\codeigniter4\framework\system\View\View.php(246): include('G:\\OpenServer\\d...')
#2 G:\OpenServer\domains\noithatva.com.va\vendor\codeigniter4\framework\system\Common.php(1119): CodeIgniter\View\View->render('frontend/homepa...', Array, true)
#3 G:\OpenServer\domains\noithatva.com.va\app\Views\frontend\homepage\layout\home.php(69): view('frontend/homepa...')
#4 G:\OpenServer\domains\noithatva.com.va\vendor\codeigniter4\framework\system\View\View.php(246): include('G:\\OpenServer\\d...')
#5 G:\OpenServer\domains\noithatva.com.va\vendor\codeigniter4\framework\system\Common.php(1119): CodeIgniter\View\View->render('frontend/homepa...', Array, true)
#6 G:\OpenServer\domains\noithatva.com.va\app\Controllers\Frontend\Product\Catalogue.php(191): view('frontend/homepa...', Array)
#7 G:\OpenServer\domains\noithatva.com.va\vendor\codeigniter4\framework\system\View\Cell.php(180): App\Controllers\Frontend\Product\Catalogue->index(2, 0)
#8 G:\OpenServer\domains\noithatva.com.va\vendor\codeigniter4\framework\system\Common.php(1140): CodeIgniter\View\Cell->render('\\App\\Controller...', 'id=2, page=1', 0, 'AppControllersF...')
#9 G:\OpenServer\domains\noithatva.com.va\app\Controllers\Frontend\Homepage\Router.php(59): view_cell('\\App\\Controller...', 'id=2, page=1')
#10 G:\OpenServer\domains\noithatva.com.va\vendor\codeigniter4\framework\system\CodeIgniter.php(918): App\Controllers\Frontend\Homepage\Router->index('sofa-go')
#11 G:\OpenServer\domains\noithatva.com.va\vendor\codeigniter4\framework\system\CodeIgniter.php(404): CodeIgniter\CodeIgniter->runController(Object(App\Controllers\Frontend\Homepage\Router))
#12 G:\OpenServer\domains\noithatva.com.va\vendor\codeigniter4\framework\system\CodeIgniter.php(312): CodeIgniter\CodeIgniter->handleRequest(NULL, Object(Config\Cache), false)
#13 G:\OpenServer\domains\noithatva.com.va\index.php(48): CodeIgniter\CodeIgniter->run()
#14 {main}
CRITICAL - 2021-11-21 02:57:40 --> syntax error, unexpected '}', expecting ',' or ';'
#0 G:\OpenServer\domains\noithatva.com.va\vendor\codeigniter4\framework\system\Common.php(1119): CodeIgniter\View\View->render('frontend/homepa...', Array, true)
#1 G:\OpenServer\domains\noithatva.com.va\app\Views\frontend\homepage\layout\home.php(70): view('frontend/homepa...')
#2 G:\OpenServer\domains\noithatva.com.va\vendor\codeigniter4\framework\system\View\View.php(246): include('G:\\OpenServer\\d...')
#3 G:\OpenServer\domains\noithatva.com.va\vendor\codeigniter4\framework\system\Common.php(1119): CodeIgniter\View\View->render('frontend/homepa...', Array, true)
#4 G:\OpenServer\domains\noithatva.com.va\app\Controllers\Frontend\Homepage\Home.php(38): view('frontend/homepa...', Array)
#5 G:\OpenServer\domains\noithatva.com.va\vendor\codeigniter4\framework\system\CodeIgniter.php(918): App\Controllers\Frontend\Homepage\Home->index()
#6 G:\OpenServer\domains\noithatva.com.va\vendor\codeigniter4\framework\system\CodeIgniter.php(404): CodeIgniter\CodeIgniter->runController(Object(App\Controllers\Frontend\Homepage\Home))
#7 G:\OpenServer\domains\noithatva.com.va\vendor\codeigniter4\framework\system\CodeIgniter.php(312): CodeIgniter\CodeIgniter->handleRequest(NULL, Object(Config\Cache), false)
#8 G:\OpenServer\domains\noithatva.com.va\index.php(48): CodeIgniter\CodeIgniter->run()
#9 {main}
CRITICAL - 2021-11-21 02:57:47 --> Undefined variable: currentTime
#0 G:\OpenServer\domains\noithatva.com.va\app\Views\frontend\homepage\core\product.php(12): CodeIgniter\Debug\Exceptions->errorHandler(8, 'Undefined varia...', 'G:\\OpenServer\\d...', 12, Array)
#1 G:\OpenServer\domains\noithatva.com.va\vendor\codeigniter4\framework\system\View\View.php(246): include('G:\\OpenServer\\d...')
#2 G:\OpenServer\domains\noithatva.com.va\vendor\codeigniter4\framework\system\Common.php(1119): CodeIgniter\View\View->render('frontend/homepa...', Array, true)
#3 G:\OpenServer\domains\noithatva.com.va\app\Views\frontend\homepage\home\index.php(262): view('frontend/homepa...', Array)
#4 G:\OpenServer\domains\noithatva.com.va\vendor\codeigniter4\framework\system\View\View.php(246): include('G:\\OpenServer\\d...')
#5 G:\OpenServer\domains\noithatva.com.va\vendor\codeigniter4\framework\system\Common.php(1119): CodeIgniter\View\View->render('frontend/homepa...', Array, true)
#6 G:\OpenServer\domains\noithatva.com.va\app\Views\frontend\homepage\layout\home.php(70): view('frontend/homepa...')
#7 G:\OpenServer\domains\noithatva.com.va\vendor\codeigniter4\framework\system\View\View.php(246): include('G:\\OpenServer\\d...')
#8 G:\OpenServer\domains\noithatva.com.va\vendor\codeigniter4\framework\system\Common.php(1119): CodeIgniter\View\View->render('frontend/homepa...', Array, true)
#9 G:\OpenServer\domains\noithatva.com.va\app\Controllers\Frontend\Homepage\Home.php(38): view('frontend/homepa...', Array)
#10 G:\OpenServer\domains\noithatva.com.va\vendor\codeigniter4\framework\system\CodeIgniter.php(918): App\Controllers\Frontend\Homepage\Home->index()
#11 G:\OpenServer\domains\noithatva.com.va\vendor\codeigniter4\framework\system\CodeIgniter.php(404): CodeIgniter\CodeIgniter->runController(Object(App\Controllers\Frontend\Homepage\Home))
#12 G:\OpenServer\domains\noithatva.com.va\vendor\codeigniter4\framework\system\CodeIgniter.php(312): CodeIgniter\CodeIgniter->handleRequest(NULL, Object(Config\Cache), false)
#13 G:\OpenServer\domains\noithatva.com.va\index.php(48): CodeIgniter\CodeIgniter->run()
#14 {main}
CRITICAL - 2021-11-21 02:57:53 --> Undefined variable: currentTime
#0 G:\OpenServer\domains\noithatva.com.va\app\Views\frontend\homepage\core\product.php(12): CodeIgniter\Debug\Exceptions->errorHandler(8, 'Undefined varia...', 'G:\\OpenServer\\d...', 12, Array)
#1 G:\OpenServer\domains\noithatva.com.va\vendor\codeigniter4\framework\system\View\View.php(246): include('G:\\OpenServer\\d...')
#2 G:\OpenServer\domains\noithatva.com.va\vendor\codeigniter4\framework\system\Common.php(1119): CodeIgniter\View\View->render('frontend/homepa...', Array, true)
#3 G:\OpenServer\domains\noithatva.com.va\app\Views\frontend\homepage\home\index.php(262): view('frontend/homepa...', Array)
#4 G:\OpenServer\domains\noithatva.com.va\vendor\codeigniter4\framework\system\View\View.php(246): include('G:\\OpenServer\\d...')
#5 G:\OpenServer\domains\noithatva.com.va\vendor\codeigniter4\framework\system\Common.php(1119): CodeIgniter\View\View->render('frontend/homepa...', Array, true)
#6 G:\OpenServer\domains\noithatva.com.va\app\Views\frontend\homepage\layout\home.php(70): view('frontend/homepa...')
#7 G:\OpenServer\domains\noithatva.com.va\vendor\codeigniter4\framework\system\View\View.php(246): include('G:\\OpenServer\\d...')
#8 G:\OpenServer\domains\noithatva.com.va\vendor\codeigniter4\framework\system\Common.php(1119): CodeIgniter\View\View->render('frontend/homepa...', Array, true)
#9 G:\OpenServer\domains\noithatva.com.va\app\Controllers\Frontend\Homepage\Home.php(38): view('frontend/homepa...', Array)
#10 G:\OpenServer\domains\noithatva.com.va\vendor\codeigniter4\framework\system\CodeIgniter.php(918): App\Controllers\Frontend\Homepage\Home->index()
#11 G:\OpenServer\domains\noithatva.com.va\vendor\codeigniter4\framework\system\CodeIgniter.php(404): CodeIgniter\CodeIgniter->runController(Object(App\Controllers\Frontend\Homepage\Home))
#12 G:\OpenServer\domains\noithatva.com.va\vendor\codeigniter4\framework\system\CodeIgniter.php(312): CodeIgniter\CodeIgniter->handleRequest(NULL, Object(Config\Cache), false)
#13 G:\OpenServer\domains\noithatva.com.va\index.php(48): CodeIgniter\CodeIgniter->run()
#14 {main}
CRITICAL - 2021-11-21 02:58:08 --> Undefined variable: currentTime
#0 G:\OpenServer\domains\noithatva.com.va\app\Views\frontend\homepage\core\product.php(12): CodeIgniter\Debug\Exceptions->errorHandler(8, 'Undefined varia...', 'G:\\OpenServer\\d...', 12, Array)
#1 G:\OpenServer\domains\noithatva.com.va\vendor\codeigniter4\framework\system\View\View.php(246): include('G:\\OpenServer\\d...')
#2 G:\OpenServer\domains\noithatva.com.va\vendor\codeigniter4\framework\system\Common.php(1119): CodeIgniter\View\View->render('frontend/homepa...', Array, true)
#3 G:\OpenServer\domains\noithatva.com.va\app\Views\frontend\homepage\home\index.php(262): view('frontend/homepa...', Array)
#4 G:\OpenServer\domains\noithatva.com.va\vendor\codeigniter4\framework\system\View\View.php(246): include('G:\\OpenServer\\d...')
#5 G:\OpenServer\domains\noithatva.com.va\vendor\codeigniter4\framework\system\Common.php(1119): CodeIgniter\View\View->render('frontend/homepa...', Array, true)
#6 G:\OpenServer\domains\noithatva.com.va\app\Views\frontend\homepage\layout\home.php(70): view('frontend/homepa...')
#7 G:\OpenServer\domains\noithatva.com.va\vendor\codeigniter4\framework\system\View\View.php(246): include('G:\\OpenServer\\d...')
#8 G:\OpenServer\domains\noithatva.com.va\vendor\codeigniter4\framework\system\Common.php(1119): CodeIgniter\View\View->render('frontend/homepa...', Array, true)
#9 G:\OpenServer\domains\noithatva.com.va\app\Controllers\Frontend\Homepage\Home.php(38): view('frontend/homepa...', Array)
#10 G:\OpenServer\domains\noithatva.com.va\vendor\codeigniter4\framework\system\CodeIgniter.php(918): App\Controllers\Frontend\Homepage\Home->index()
#11 G:\OpenServer\domains\noithatva.com.va\vendor\codeigniter4\framework\system\CodeIgniter.php(404): CodeIgniter\CodeIgniter->runController(Object(App\Controllers\Frontend\Homepage\Home))
#12 G:\OpenServer\domains\noithatva.com.va\vendor\codeigniter4\framework\system\CodeIgniter.php(312): CodeIgniter\CodeIgniter->handleRequest(NULL, Object(Config\Cache), false)
#13 G:\OpenServer\domains\noithatva.com.va\index.php(48): CodeIgniter\CodeIgniter->run()
#14 {main}
CRITICAL - 2021-11-21 02:58:47 --> Undefined variable: currentTime
#0 G:\OpenServer\domains\noithatva.com.va\app\Views\frontend\homepage\core\product.php(12): CodeIgniter\Debug\Exceptions->errorHandler(8, 'Undefined varia...', 'G:\\OpenServer\\d...', 12, Array)
#1 G:\OpenServer\domains\noithatva.com.va\vendor\codeigniter4\framework\system\View\View.php(246): include('G:\\OpenServer\\d...')
#2 G:\OpenServer\domains\noithatva.com.va\vendor\codeigniter4\framework\system\Common.php(1119): CodeIgniter\View\View->render('frontend/homepa...', Array, true)
#3 G:\OpenServer\domains\noithatva.com.va\app\Views\frontend\homepage\home\index.php(262): view('frontend/homepa...', Array)
#4 G:\OpenServer\domains\noithatva.com.va\vendor\codeigniter4\framework\system\View\View.php(246): include('G:\\OpenServer\\d...')
#5 G:\OpenServer\domains\noithatva.com.va\vendor\codeigniter4\framework\system\Common.php(1119): CodeIgniter\View\View->render('frontend/homepa...', Array, true)
#6 G:\OpenServer\domains\noithatva.com.va\app\Views\frontend\homepage\layout\home.php(70): view('frontend/homepa...')
#7 G:\OpenServer\domains\noithatva.com.va\vendor\codeigniter4\framework\system\View\View.php(246): include('G:\\OpenServer\\d...')
#8 G:\OpenServer\domains\noithatva.com.va\vendor\codeigniter4\framework\system\Common.php(1119): CodeIgniter\View\View->render('frontend/homepa...', Array, true)
#9 G:\OpenServer\domains\noithatva.com.va\app\Controllers\Frontend\Homepage\Home.php(38): view('frontend/homepa...', Array)
#10 G:\OpenServer\domains\noithatva.com.va\vendor\codeigniter4\framework\system\CodeIgniter.php(918): App\Controllers\Frontend\Homepage\Home->index()
#11 G:\OpenServer\domains\noithatva.com.va\vendor\codeigniter4\framework\system\CodeIgniter.php(404): CodeIgniter\CodeIgniter->runController(Object(App\Controllers\Frontend\Homepage\Home))
#12 G:\OpenServer\domains\noithatva.com.va\vendor\codeigniter4\framework\system\CodeIgniter.php(312): CodeIgniter\CodeIgniter->handleRequest(NULL, Object(Config\Cache), false)
#13 G:\OpenServer\domains\noithatva.com.va\index.php(48): CodeIgniter\CodeIgniter->run()
#14 {main}
CRITICAL - 2021-11-21 02:58:49 --> Undefined variable: currentTime
#0 G:\OpenServer\domains\noithatva.com.va\app\Views\frontend\homepage\core\product.php(12): CodeIgniter\Debug\Exceptions->errorHandler(8, 'Undefined varia...', 'G:\\OpenServer\\d...', 12, Array)
#1 G:\OpenServer\domains\noithatva.com.va\vendor\codeigniter4\framework\system\View\View.php(246): include('G:\\OpenServer\\d...')
#2 G:\OpenServer\domains\noithatva.com.va\vendor\codeigniter4\framework\system\Common.php(1119): CodeIgniter\View\View->render('frontend/homepa...', Array, true)
#3 G:\OpenServer\domains\noithatva.com.va\app\Views\frontend\homepage\home\index.php(262): view('frontend/homepa...', Array)
#4 G:\OpenServer\domains\noithatva.com.va\vendor\codeigniter4\framework\system\View\View.php(246): include('G:\\OpenServer\\d...')
#5 G:\OpenServer\domains\noithatva.com.va\vendor\codeigniter4\framework\system\Common.php(1119): CodeIgniter\View\View->render('frontend/homepa...', Array, true)
#6 G:\OpenServer\domains\noithatva.com.va\app\Views\frontend\homepage\layout\home.php(70): view('frontend/homepa...')
#7 G:\OpenServer\domains\noithatva.com.va\vendor\codeigniter4\framework\system\View\View.php(246): include('G:\\OpenServer\\d...')
#8 G:\OpenServer\domains\noithatva.com.va\vendor\codeigniter4\framework\system\Common.php(1119): CodeIgniter\View\View->render('frontend/homepa...', Array, true)
#9 G:\OpenServer\domains\noithatva.com.va\app\Controllers\Frontend\Homepage\Home.php(38): view('frontend/homepa...', Array)
#10 G:\OpenServer\domains\noithatva.com.va\vendor\codeigniter4\framework\system\CodeIgniter.php(918): App\Controllers\Frontend\Homepage\Home->index()
#11 G:\OpenServer\domains\noithatva.com.va\vendor\codeigniter4\framework\system\CodeIgniter.php(404): CodeIgniter\CodeIgniter->runController(Object(App\Controllers\Frontend\Homepage\Home))
#12 G:\OpenServer\domains\noithatva.com.va\vendor\codeigniter4\framework\system\CodeIgniter.php(312): CodeIgniter\CodeIgniter->handleRequest(NULL, Object(Config\Cache), false)
#13 G:\OpenServer\domains\noithatva.com.va\index.php(48): CodeIgniter\CodeIgniter->run()
#14 {main}
CRITICAL - 2021-11-21 03:04:47 --> Undefined variable: currentTime
#0 G:\OpenServer\domains\noithatva.com.va\app\Views\frontend\homepage\home\index.php(308): CodeIgniter\Debug\Exceptions->errorHandler(8, 'Undefined varia...', 'G:\\OpenServer\\d...', 308, Array)
#1 G:\OpenServer\domains\noithatva.com.va\vendor\codeigniter4\framework\system\View\View.php(246): include('G:\\OpenServer\\d...')
#2 G:\OpenServer\domains\noithatva.com.va\vendor\codeigniter4\framework\system\Common.php(1119): CodeIgniter\View\View->render('frontend/homepa...', Array, true)
#3 G:\OpenServer\domains\noithatva.com.va\app\Views\frontend\homepage\layout\home.php(70): view('frontend/homepa...')
#4 G:\OpenServer\domains\noithatva.com.va\vendor\codeigniter4\framework\system\View\View.php(246): include('G:\\OpenServer\\d...')
#5 G:\OpenServer\domains\noithatva.com.va\vendor\codeigniter4\framework\system\Common.php(1119): CodeIgniter\View\View->render('frontend/homepa...', Array, true)
#6 G:\OpenServer\domains\noithatva.com.va\app\Controllers\Frontend\Homepage\Home.php(38): view('frontend/homepa...', Array)
#7 G:\OpenServer\domains\noithatva.com.va\vendor\codeigniter4\framework\system\CodeIgniter.php(918): App\Controllers\Frontend\Homepage\Home->index()
#8 G:\OpenServer\domains\noithatva.com.va\vendor\codeigniter4\framework\system\CodeIgniter.php(404): CodeIgniter\CodeIgniter->runController(Object(App\Controllers\Frontend\Homepage\Home))
#9 G:\OpenServer\domains\noithatva.com.va\vendor\codeigniter4\framework\system\CodeIgniter.php(312): CodeIgniter\CodeIgniter->handleRequest(NULL, Object(Config\Cache), false)
#10 G:\OpenServer\domains\noithatva.com.va\index.php(48): CodeIgniter\CodeIgniter->run()
#11 {main}
CRITICAL - 2021-11-21 03:06:09 --> Undefined index: created_at
#0 G:\OpenServer\domains\noithatva.com.va\app\Views\frontend\homepage\core\product.php(14): CodeIgniter\Debug\Exceptions->errorHandler(8, 'Undefined index...', 'G:\\OpenServer\\d...', 14, Array)
#1 G:\OpenServer\domains\noithatva.com.va\vendor\codeigniter4\framework\system\View\View.php(246): include('G:\\OpenServer\\d...')
#2 G:\OpenServer\domains\noithatva.com.va\vendor\codeigniter4\framework\system\Common.php(1119): CodeIgniter\View\View->render('frontend/homepa...', Array, true)
#3 G:\OpenServer\domains\noithatva.com.va\app\Views\frontend\product\catalogue\index.php(110): view('frontend/homepa...', Array)
#4 G:\OpenServer\domains\noithatva.com.va\vendor\codeigniter4\framework\system\View\View.php(246): include('G:\\OpenServer\\d...')
#5 G:\OpenServer\domains\noithatva.com.va\vendor\codeigniter4\framework\system\Common.php(1119): CodeIgniter\View\View->render('frontend/produc...', Array, true)
#6 G:\OpenServer\domains\noithatva.com.va\app\Views\frontend\homepage\layout\home.php(70): view('frontend/produc...')
#7 G:\OpenServer\domains\noithatva.com.va\vendor\codeigniter4\framework\system\View\View.php(246): include('G:\\OpenServer\\d...')
#8 G:\OpenServer\domains\noithatva.com.va\vendor\codeigniter4\framework\system\Common.php(1119): CodeIgniter\View\View->render('frontend/homepa...', Array, true)
#9 G:\OpenServer\domains\noithatva.com.va\app\Controllers\Frontend\Product\Catalogue.php(192): view('frontend/homepa...', Array)
#10 G:\OpenServer\domains\noithatva.com.va\vendor\codeigniter4\framework\system\View\Cell.php(180): App\Controllers\Frontend\Product\Catalogue->index(2, 0)
#11 G:\OpenServer\domains\noithatva.com.va\vendor\codeigniter4\framework\system\Common.php(1140): CodeIgniter\View\Cell->render('\\App\\Controller...', 'id=2, page=1', 0, 'AppControllersF...')
#12 G:\OpenServer\domains\noithatva.com.va\app\Controllers\Frontend\Homepage\Router.php(59): view_cell('\\App\\Controller...', 'id=2, page=1')
#13 G:\OpenServer\domains\noithatva.com.va\vendor\codeigniter4\framework\system\CodeIgniter.php(918): App\Controllers\Frontend\Homepage\Router->index('sofa-go')
#14 G:\OpenServer\domains\noithatva.com.va\vendor\codeigniter4\framework\system\CodeIgniter.php(404): CodeIgniter\CodeIgniter->runController(Object(App\Controllers\Frontend\Homepage\Router))
#15 G:\OpenServer\domains\noithatva.com.va\vendor\codeigniter4\framework\system\CodeIgniter.php(312): CodeIgniter\CodeIgniter->handleRequest(NULL, Object(Config\Cache), false)
#16 G:\OpenServer\domains\noithatva.com.va\index.php(48): CodeIgniter\CodeIgniter->run()
#17 {main}
CRITICAL - 2021-11-21 03:06:14 --> Undefined index: created_at
#0 G:\OpenServer\domains\noithatva.com.va\app\Views\frontend\homepage\core\product.php(14): CodeIgniter\Debug\Exceptions->errorHandler(8, 'Undefined index...', 'G:\\OpenServer\\d...', 14, Array)
#1 G:\OpenServer\domains\noithatva.com.va\vendor\codeigniter4\framework\system\View\View.php(246): include('G:\\OpenServer\\d...')
#2 G:\OpenServer\domains\noithatva.com.va\vendor\codeigniter4\framework\system\Common.php(1119): CodeIgniter\View\View->render('frontend/homepa...', Array, true)
#3 G:\OpenServer\domains\noithatva.com.va\app\Views\frontend\product\catalogue\index.php(110): view('frontend/homepa...', Array)
#4 G:\OpenServer\domains\noithatva.com.va\vendor\codeigniter4\framework\system\View\View.php(246): include('G:\\OpenServer\\d...')
#5 G:\OpenServer\domains\noithatva.com.va\vendor\codeigniter4\framework\system\Common.php(1119): CodeIgniter\View\View->render('frontend/produc...', Array, true)
#6 G:\OpenServer\domains\noithatva.com.va\app\Views\frontend\homepage\layout\home.php(70): view('frontend/produc...')
#7 G:\OpenServer\domains\noithatva.com.va\vendor\codeigniter4\framework\system\View\View.php(246): include('G:\\OpenServer\\d...')
#8 G:\OpenServer\domains\noithatva.com.va\vendor\codeigniter4\framework\system\Common.php(1119): CodeIgniter\View\View->render('frontend/homepa...', Array, true)
#9 G:\OpenServer\domains\noithatva.com.va\app\Controllers\Frontend\Product\Catalogue.php(192): view('frontend/homepa...', Array)
#10 G:\OpenServer\domains\noithatva.com.va\vendor\codeigniter4\framework\system\View\Cell.php(180): App\Controllers\Frontend\Product\Catalogue->index(2, 0)
#11 G:\OpenServer\domains\noithatva.com.va\vendor\codeigniter4\framework\system\Common.php(1140): CodeIgniter\View\Cell->render('\\App\\Controller...', 'id=2, page=1', 0, 'AppControllersF...')
#12 G:\OpenServer\domains\noithatva.com.va\app\Controllers\Frontend\Homepage\Router.php(59): view_cell('\\App\\Controller...', 'id=2, page=1')
#13 G:\OpenServer\domains\noithatva.com.va\vendor\codeigniter4\framework\system\CodeIgniter.php(918): App\Controllers\Frontend\Homepage\Router->index('sofa-go')
#14 G:\OpenServer\domains\noithatva.com.va\vendor\codeigniter4\framework\system\CodeIgniter.php(404): CodeIgniter\CodeIgniter->runController(Object(App\Controllers\Frontend\Homepage\Router))
#15 G:\OpenServer\domains\noithatva.com.va\vendor\codeigniter4\framework\system\CodeIgniter.php(312): CodeIgniter\CodeIgniter->handleRequest(NULL, Object(Config\Cache), false)
#16 G:\OpenServer\domains\noithatva.com.va\index.php(48): CodeIgniter\CodeIgniter->run()
#17 {main}
CRITICAL - 2021-11-21 03:07:36 --> Undefined index: created_at
#0 G:\OpenServer\domains\noithatva.com.va\app\Views\frontend\homepage\core\product.php(14): CodeIgniter\Debug\Exceptions->errorHandler(8, 'Undefined index...', 'G:\\OpenServer\\d...', 14, Array)
#1 G:\OpenServer\domains\noithatva.com.va\vendor\codeigniter4\framework\system\View\View.php(246): include('G:\\OpenServer\\d...')
#2 G:\OpenServer\domains\noithatva.com.va\vendor\codeigniter4\framework\system\Common.php(1119): CodeIgniter\View\View->render('frontend/homepa...', Array, true)
#3 G:\OpenServer\domains\noithatva.com.va\app\Views\frontend\product\catalogue\index.php(111): view('frontend/homepa...', Array)
#4 G:\OpenServer\domains\noithatva.com.va\vendor\codeigniter4\framework\system\View\View.php(246): include('G:\\OpenServer\\d...')
#5 G:\OpenServer\domains\noithatva.com.va\vendor\codeigniter4\framework\system\Common.php(1119): CodeIgniter\View\View->render('frontend/produc...', Array, true)
#6 G:\OpenServer\domains\noithatva.com.va\app\Views\frontend\homepage\layout\home.php(70): view('frontend/produc...')
#7 G:\OpenServer\domains\noithatva.com.va\vendor\codeigniter4\framework\system\View\View.php(246): include('G:\\OpenServer\\d...')
#8 G:\OpenServer\domains\noithatva.com.va\vendor\codeigniter4\framework\system\Common.php(1119): CodeIgniter\View\View->render('frontend/homepa...', Array, true)
#9 G:\OpenServer\domains\noithatva.com.va\app\Controllers\Frontend\Product\Catalogue.php(192): view('frontend/homepa...', Array)
#10 G:\OpenServer\domains\noithatva.com.va\vendor\codeigniter4\framework\system\View\Cell.php(180): App\Controllers\Frontend\Product\Catalogue->index(2, 0)
#11 G:\OpenServer\domains\noithatva.com.va\vendor\codeigniter4\framework\system\Common.php(1140): CodeIgniter\View\Cell->render('\\App\\Controller...', 'id=2, page=1', 0, 'AppControllersF...')
#12 G:\OpenServer\domains\noithatva.com.va\app\Controllers\Frontend\Homepage\Router.php(59): view_cell('\\App\\Controller...', 'id=2, page=1')
#13 G:\OpenServer\domains\noithatva.com.va\vendor\codeigniter4\framework\system\CodeIgniter.php(918): App\Controllers\Frontend\Homepage\Router->index('sofa-go')
#14 G:\OpenServer\domains\noithatva.com.va\vendor\codeigniter4\framework\system\CodeIgniter.php(404): CodeIgniter\CodeIgniter->runController(Object(App\Controllers\Frontend\Homepage\Router))
#15 G:\OpenServer\domains\noithatva.com.va\vendor\codeigniter4\framework\system\CodeIgniter.php(312): CodeIgniter\CodeIgniter->handleRequest(NULL, Object(Config\Cache), false)
#16 G:\OpenServer\domains\noithatva.com.va\index.php(48): CodeIgniter\CodeIgniter->run()
#17 {main}
CRITICAL - 2021-11-21 03:07:40 --> Undefined index: created_at
#0 G:\OpenServer\domains\noithatva.com.va\app\Views\frontend\homepage\core\product.php(14): CodeIgniter\Debug\Exceptions->errorHandler(8, 'Undefined index...', 'G:\\OpenServer\\d...', 14, Array)
#1 G:\OpenServer\domains\noithatva.com.va\vendor\codeigniter4\framework\system\View\View.php(246): include('G:\\OpenServer\\d...')
#2 G:\OpenServer\domains\noithatva.com.va\vendor\codeigniter4\framework\system\Common.php(1119): CodeIgniter\View\View->render('frontend/homepa...', Array, true)
#3 G:\OpenServer\domains\noithatva.com.va\app\Views\frontend\product\catalogue\index.php(111): view('frontend/homepa...', Array)
#4 G:\OpenServer\domains\noithatva.com.va\vendor\codeigniter4\framework\system\View\View.php(246): include('G:\\OpenServer\\d...')
#5 G:\OpenServer\domains\noithatva.com.va\vendor\codeigniter4\framework\system\Common.php(1119): CodeIgniter\View\View->render('frontend/produc...', Array, true)
#6 G:\OpenServer\domains\noithatva.com.va\app\Views\frontend\homepage\layout\home.php(70): view('frontend/produc...')
#7 G:\OpenServer\domains\noithatva.com.va\vendor\codeigniter4\framework\system\View\View.php(246): include('G:\\OpenServer\\d...')
#8 G:\OpenServer\domains\noithatva.com.va\vendor\codeigniter4\framework\system\Common.php(1119): CodeIgniter\View\View->render('frontend/homepa...', Array, true)
#9 G:\OpenServer\domains\noithatva.com.va\app\Controllers\Frontend\Product\Catalogue.php(192): view('frontend/homepa...', Array)
#10 G:\OpenServer\domains\noithatva.com.va\vendor\codeigniter4\framework\system\View\Cell.php(180): App\Controllers\Frontend\Product\Catalogue->index(2, 0)
#11 G:\OpenServer\domains\noithatva.com.va\vendor\codeigniter4\framework\system\Common.php(1140): CodeIgniter\View\Cell->render('\\App\\Controller...', 'id=2, page=1', 0, 'AppControllersF...')
#12 G:\OpenServer\domains\noithatva.com.va\app\Controllers\Frontend\Homepage\Router.php(59): view_cell('\\App\\Controller...', 'id=2, page=1')
#13 G:\OpenServer\domains\noithatva.com.va\vendor\codeigniter4\framework\system\CodeIgniter.php(918): App\Controllers\Frontend\Homepage\Router->index('sofa-go')
#14 G:\OpenServer\domains\noithatva.com.va\vendor\codeigniter4\framework\system\CodeIgniter.php(404): CodeIgniter\CodeIgniter->runController(Object(App\Controllers\Frontend\Homepage\Router))
#15 G:\OpenServer\domains\noithatva.com.va\vendor\codeigniter4\framework\system\CodeIgniter.php(312): CodeIgniter\CodeIgniter->handleRequest(NULL, Object(Config\Cache), false)
#16 G:\OpenServer\domains\noithatva.com.va\index.php(48): CodeIgniter\CodeIgniter->run()
#17 {main}
CRITICAL - 2021-11-21 03:18:37 --> Undefined variable: language
#0 G:\OpenServer\domains\noithatva.com.va\app\Views\frontend\homepage\common\header.php(2): CodeIgniter\Debug\Exceptions->errorHandler(8, 'Undefined varia...', 'G:\\OpenServer\\d...', 2, Array)
#1 G:\OpenServer\domains\noithatva.com.va\vendor\codeigniter4\framework\system\View\View.php(246): include('G:\\OpenServer\\d...')
#2 G:\OpenServer\domains\noithatva.com.va\vendor\codeigniter4\framework\system\Common.php(1119): CodeIgniter\View\View->render('frontend/homepa...', Array, true)
#3 G:\OpenServer\domains\noithatva.com.va\app\Views\frontend\homepage\layout\home.php(69): view('frontend/homepa...')
#4 G:\OpenServer\domains\noithatva.com.va\vendor\codeigniter4\framework\system\View\View.php(246): include('G:\\OpenServer\\d...')
#5 G:\OpenServer\domains\noithatva.com.va\vendor\codeigniter4\framework\system\Common.php(1119): CodeIgniter\View\View->render('frontend/homepa...', Array, true)
#6 G:\OpenServer\domains\noithatva.com.va\app\Controllers\Frontend\Product\Product.php(123): view('frontend/homepa...', Array)
#7 G:\OpenServer\domains\noithatva.com.va\vendor\codeigniter4\framework\system\View\Cell.php(180): App\Controllers\Frontend\Product\Product->index(Array, '1')
#8 G:\OpenServer\domains\noithatva.com.va\vendor\codeigniter4\framework\system\Common.php(1140): CodeIgniter\View\Cell->render('\\App\\Controller...', 'id=4, page=1', 0, 'AppControllersF...')
#9 G:\OpenServer\domains\noithatva.com.va\app\Controllers\Frontend\Homepage\Router.php(59): view_cell('\\App\\Controller...', 'id=4, page=1')
#10 G:\OpenServer\domains\noithatva.com.va\vendor\codeigniter4\framework\system\CodeIgniter.php(918): App\Controllers\Frontend\Homepage\Router->index('ban-ghe-phong-k...')
#11 G:\OpenServer\domains\noithatva.com.va\vendor\codeigniter4\framework\system\CodeIgniter.php(404): CodeIgniter\CodeIgniter->runController(Object(App\Controllers\Frontend\Homepage\Router))
#12 G:\OpenServer\domains\noithatva.com.va\vendor\codeigniter4\framework\system\CodeIgniter.php(312): CodeIgniter\CodeIgniter->handleRequest(NULL, Object(Config\Cache), false)
#13 G:\OpenServer\domains\noithatva.com.va\index.php(48): CodeIgniter\CodeIgniter->run()
#14 {main}
CRITICAL - 2021-11-21 03:50:21 --> Undefined index: created_at
#0 G:\OpenServer\domains\noithatva.com.va\app\Views\frontend\homepage\core\product.php(14): CodeIgniter\Debug\Exceptions->errorHandler(8, 'Undefined index...', 'G:\\OpenServer\\d...', 14, Array)
#1 G:\OpenServer\domains\noithatva.com.va\vendor\codeigniter4\framework\system\View\View.php(246): include('G:\\OpenServer\\d...')
#2 G:\OpenServer\domains\noithatva.com.va\vendor\codeigniter4\framework\system\Common.php(1119): CodeIgniter\View\View->render('frontend/homepa...', Array, true)
#3 G:\OpenServer\domains\noithatva.com.va\app\Views\frontend\product\product\index.php(241): view('frontend/homepa...', Array)
#4 G:\OpenServer\domains\noithatva.com.va\vendor\codeigniter4\framework\system\View\View.php(246): include('G:\\OpenServer\\d...')
#5 G:\OpenServer\domains\noithatva.com.va\vendor\codeigniter4\framework\system\Common.php(1119): CodeIgniter\View\View->render('frontend/produc...', Array, true)
#6 G:\OpenServer\domains\noithatva.com.va\app\Views\frontend\homepage\layout\home.php(70): view('frontend/produc...')
#7 G:\OpenServer\domains\noithatva.com.va\vendor\codeigniter4\framework\system\View\View.php(246): include('G:\\OpenServer\\d...')
#8 G:\OpenServer\domains\noithatva.com.va\vendor\codeigniter4\framework\system\Common.php(1119): CodeIgniter\View\View->render('frontend/homepa...', Array, true)
#9 G:\OpenServer\domains\noithatva.com.va\app\Controllers\Frontend\Product\Product.php(125): view('frontend/homepa...', Array)
#10 G:\OpenServer\domains\noithatva.com.va\vendor\codeigniter4\framework\system\View\Cell.php(180): App\Controllers\Frontend\Product\Product->index(Array, '1')
#11 G:\OpenServer\domains\noithatva.com.va\vendor\codeigniter4\framework\system\Common.php(1140): CodeIgniter\View\Cell->render('\\App\\Controller...', 'id=2, page=1', 0, 'AppControllersF...')
#12 G:\OpenServer\domains\noithatva.com.va\app\Controllers\Frontend\Homepage\Router.php(59): view_cell('\\App\\Controller...', 'id=2, page=1')
#13 G:\OpenServer\domains\noithatva.com.va\vendor\codeigniter4\framework\system\CodeIgniter.php(918): App\Controllers\Frontend\Homepage\Router->index('ban-ghe-dep-cho...')
#14 G:\OpenServer\domains\noithatva.com.va\vendor\codeigniter4\framework\system\CodeIgniter.php(404): CodeIgniter\CodeIgniter->runController(Object(App\Controllers\Frontend\Homepage\Router))
#15 G:\OpenServer\domains\noithatva.com.va\vendor\codeigniter4\framework\system\CodeIgniter.php(312): CodeIgniter\CodeIgniter->handleRequest(NULL, Object(Config\Cache), false)
#16 G:\OpenServer\domains\noithatva.com.va\index.php(48): CodeIgniter\CodeIgniter->run()
#17 {main}
CRITICAL - 2021-11-21 03:50:47 --> Undefined index: created_at
#0 G:\OpenServer\domains\noithatva.com.va\app\Views\frontend\homepage\core\product.php(14): CodeIgniter\Debug\Exceptions->errorHandler(8, 'Undefined index...', 'G:\\OpenServer\\d...', 14, Array)
#1 G:\OpenServer\domains\noithatva.com.va\vendor\codeigniter4\framework\system\View\View.php(246): include('G:\\OpenServer\\d...')
#2 G:\OpenServer\domains\noithatva.com.va\vendor\codeigniter4\framework\system\Common.php(1119): CodeIgniter\View\View->render('frontend/homepa...', Array, true)
#3 G:\OpenServer\domains\noithatva.com.va\app\Views\frontend\product\product\index.php(241): view('frontend/homepa...', Array)
#4 G:\OpenServer\domains\noithatva.com.va\vendor\codeigniter4\framework\system\View\View.php(246): include('G:\\OpenServer\\d...')
#5 G:\OpenServer\domains\noithatva.com.va\vendor\codeigniter4\framework\system\Common.php(1119): CodeIgniter\View\View->render('frontend/produc...', Array, true)
#6 G:\OpenServer\domains\noithatva.com.va\app\Views\frontend\homepage\layout\home.php(70): view('frontend/produc...')
#7 G:\OpenServer\domains\noithatva.com.va\vendor\codeigniter4\framework\system\View\View.php(246): include('G:\\OpenServer\\d...')
#8 G:\OpenServer\domains\noithatva.com.va\vendor\codeigniter4\framework\system\Common.php(1119): CodeIgniter\View\View->render('frontend/homepa...', Array, true)
#9 G:\OpenServer\domains\noithatva.com.va\app\Controllers\Frontend\Product\Product.php(125): view('frontend/homepa...', Array)
#10 G:\OpenServer\domains\noithatva.com.va\vendor\codeigniter4\framework\system\View\Cell.php(180): App\Controllers\Frontend\Product\Product->index(Array, '1')
#11 G:\OpenServer\domains\noithatva.com.va\vendor\codeigniter4\framework\system\Common.php(1140): CodeIgniter\View\Cell->render('\\App\\Controller...', 'id=2, page=1', 0, 'AppControllersF...')
#12 G:\OpenServer\domains\noithatva.com.va\app\Controllers\Frontend\Homepage\Router.php(59): view_cell('\\App\\Controller...', 'id=2, page=1')
#13 G:\OpenServer\domains\noithatva.com.va\vendor\codeigniter4\framework\system\CodeIgniter.php(918): App\Controllers\Frontend\Homepage\Router->index('ban-ghe-dep-cho...')
#14 G:\OpenServer\domains\noithatva.com.va\vendor\codeigniter4\framework\system\CodeIgniter.php(404): CodeIgniter\CodeIgniter->runController(Object(App\Controllers\Frontend\Homepage\Router))
#15 G:\OpenServer\domains\noithatva.com.va\vendor\codeigniter4\framework\system\CodeIgniter.php(312): CodeIgniter\CodeIgniter->handleRequest(NULL, Object(Config\Cache), false)
#16 G:\OpenServer\domains\noithatva.com.va\index.php(48): CodeIgniter\CodeIgniter->run()
#17 {main}
CRITICAL - 2021-11-21 10:24:21 --> Undefined index: album_title
#0 G:\OpenServer\domains\noithatva.com.va\app\Views\backend\article\article\store.php(161): CodeIgniter\Debug\Exceptions->errorHandler(8, 'Undefined index...', 'G:\\OpenServer\\d...', 161, Array)
#1 G:\OpenServer\domains\noithatva.com.va\vendor\codeigniter4\framework\system\View\View.php(246): include('G:\\OpenServer\\d...')
#2 G:\OpenServer\domains\noithatva.com.va\vendor\codeigniter4\framework\system\Common.php(1119): CodeIgniter\View\View->render('backend/article...', Array, true)
#3 G:\OpenServer\domains\noithatva.com.va\app\Views\backend\article\article\update.php(16): view('backend/article...', Array)
#4 G:\OpenServer\domains\noithatva.com.va\vendor\codeigniter4\framework\system\View\View.php(246): include('G:\\OpenServer\\d...')
#5 G:\OpenServer\domains\noithatva.com.va\vendor\codeigniter4\framework\system\Common.php(1119): CodeIgniter\View\View->render('backend/article...', Array, true)
#6 G:\OpenServer\domains\noithatva.com.va\app\Views\backend\dashboard\layout\home.php(44): view('backend/article...')
#7 G:\OpenServer\domains\noithatva.com.va\vendor\codeigniter4\framework\system\View\View.php(246): include('G:\\OpenServer\\d...')
#8 G:\OpenServer\domains\noithatva.com.va\vendor\codeigniter4\framework\system\Common.php(1119): CodeIgniter\View\View->render('backend/dashboa...', Array, true)
#9 G:\OpenServer\domains\noithatva.com.va\app\Controllers\Backend\Article\Article.php(247): view('backend/dashboa...', Array)
#10 G:\OpenServer\domains\noithatva.com.va\vendor\codeigniter4\framework\system\CodeIgniter.php(918): App\Controllers\Backend\Article\Article->update(6)
#11 G:\OpenServer\domains\noithatva.com.va\vendor\codeigniter4\framework\system\CodeIgniter.php(404): CodeIgniter\CodeIgniter->runController(Object(App\Controllers\Backend\Article\Article))
#12 G:\OpenServer\domains\noithatva.com.va\vendor\codeigniter4\framework\system\CodeIgniter.php(312): CodeIgniter\CodeIgniter->handleRequest(NULL, Object(Config\Cache), false)
#13 G:\OpenServer\domains\noithatva.com.va\index.php(48): CodeIgniter\CodeIgniter->run()
#14 {main}
CRITICAL - 2021-11-21 10:26:04 --> Undefined index: album_title
#0 G:\OpenServer\domains\noithatva.com.va\app\Views\backend\article\article\store.php(161): CodeIgniter\Debug\Exceptions->errorHandler(8, 'Undefined index...', 'G:\\OpenServer\\d...', 161, Array)
#1 G:\OpenServer\domains\noithatva.com.va\vendor\codeigniter4\framework\system\View\View.php(246): include('G:\\OpenServer\\d...')
#2 G:\OpenServer\domains\noithatva.com.va\vendor\codeigniter4\framework\system\Common.php(1119): CodeIgniter\View\View->render('backend/article...', Array, true)
#3 G:\OpenServer\domains\noithatva.com.va\app\Views\backend\article\article\update.php(16): view('backend/article...', Array)
#4 G:\OpenServer\domains\noithatva.com.va\vendor\codeigniter4\framework\system\View\View.php(246): include('G:\\OpenServer\\d...')
#5 G:\OpenServer\domains\noithatva.com.va\vendor\codeigniter4\framework\system\Common.php(1119): CodeIgniter\View\View->render('backend/article...', Array, true)
#6 G:\OpenServer\domains\noithatva.com.va\app\Views\backend\dashboard\layout\home.php(44): view('backend/article...')
#7 G:\OpenServer\domains\noithatva.com.va\vendor\codeigniter4\framework\system\View\View.php(246): include('G:\\OpenServer\\d...')
#8 G:\OpenServer\domains\noithatva.com.va\vendor\codeigniter4\framework\system\Common.php(1119): CodeIgniter\View\View->render('backend/dashboa...', Array, true)
#9 G:\OpenServer\domains\noithatva.com.va\app\Controllers\Backend\Article\Article.php(247): view('backend/dashboa...', Array)
#10 G:\OpenServer\domains\noithatva.com.va\vendor\codeigniter4\framework\system\CodeIgniter.php(918): App\Controllers\Backend\Article\Article->update(6)
#11 G:\OpenServer\domains\noithatva.com.va\vendor\codeigniter4\framework\system\CodeIgniter.php(404): CodeIgniter\CodeIgniter->runController(Object(App\Controllers\Backend\Article\Article))
#12 G:\OpenServer\domains\noithatva.com.va\vendor\codeigniter4\framework\system\CodeIgniter.php(312): CodeIgniter\CodeIgniter->handleRequest(NULL, Object(Config\Cache), false)
#13 G:\OpenServer\domains\noithatva.com.va\index.php(48): CodeIgniter\CodeIgniter->run()
#14 {main}
CRITICAL - 2021-11-21 10:33:24 --> Undefined index: parentid
#0 G:\OpenServer\domains\noithatva.com.va\app\Helpers\mypanel_helper.php(136): CodeIgniter\Debug\Exceptions->errorHandler(8, 'Undefined index...', 'G:\\OpenServer\\d...', 136, Array)
#1 G:\OpenServer\domains\noithatva.com.va\app\Controllers\Frontend\Homepage\Home.php(76): recursive(Array)
#2 G:\OpenServer\domains\noithatva.com.va\app\Controllers\Frontend\Homepage\Home.php(35): App\Controllers\Frontend\Homepage\Home->handle_category(Array)
#3 G:\OpenServer\domains\noithatva.com.va\vendor\codeigniter4\framework\system\CodeIgniter.php(918): App\Controllers\Frontend\Homepage\Home->index()
#4 G:\OpenServer\domains\noithatva.com.va\vendor\codeigniter4\framework\system\CodeIgniter.php(404): CodeIgniter\CodeIgniter->runController(Object(App\Controllers\Frontend\Homepage\Home))
#5 G:\OpenServer\domains\noithatva.com.va\vendor\codeigniter4\framework\system\CodeIgniter.php(312): CodeIgniter\CodeIgniter->handleRequest(NULL, Object(Config\Cache), false)
#6 G:\OpenServer\domains\noithatva.com.va\index.php(48): CodeIgniter\CodeIgniter->run()
#7 {main}
CRITICAL - 2021-11-21 10:49:11 --> Undefined index: main-category
#0 G:\OpenServer\domains\noithatva.com.va\app\Controllers\Frontend\Homepage\Home.php(89): CodeIgniter\Debug\Exceptions->errorHandler(8, 'Undefined index...', 'G:\\OpenServer\\d...', 89, Array)
#1 G:\OpenServer\domains\noithatva.com.va\app\Controllers\Frontend\Homepage\Home.php(36): App\Controllers\Frontend\Homepage\Home->handle_category(Array)
#2 G:\OpenServer\domains\noithatva.com.va\vendor\codeigniter4\framework\system\CodeIgniter.php(918): App\Controllers\Frontend\Homepage\Home->index()
#3 G:\OpenServer\domains\noithatva.com.va\vendor\codeigniter4\framework\system\CodeIgniter.php(404): CodeIgniter\CodeIgniter->runController(Object(App\Controllers\Frontend\Homepage\Home))
#4 G:\OpenServer\domains\noithatva.com.va\vendor\codeigniter4\framework\system\CodeIgniter.php(312): CodeIgniter\CodeIgniter->handleRequest(NULL, Object(Config\Cache), false)
#5 G:\OpenServer\domains\noithatva.com.va\index.php(48): CodeIgniter\CodeIgniter->run()
#6 {main}
CRITICAL - 2021-11-21 10:49:36 --> Undefined index: data
#0 G:\OpenServer\domains\noithatva.com.va\app\Controllers\Frontend\Homepage\Home.php(89): CodeIgniter\Debug\Exceptions->errorHandler(8, 'Undefined index...', 'G:\\OpenServer\\d...', 89, Array)
#1 G:\OpenServer\domains\noithatva.com.va\app\Controllers\Frontend\Homepage\Home.php(36): App\Controllers\Frontend\Homepage\Home->handle_category(Array)
#2 G:\OpenServer\domains\noithatva.com.va\vendor\codeigniter4\framework\system\CodeIgniter.php(918): App\Controllers\Frontend\Homepage\Home->index()
#3 G:\OpenServer\domains\noithatva.com.va\vendor\codeigniter4\framework\system\CodeIgniter.php(404): CodeIgniter\CodeIgniter->runController(Object(App\Controllers\Frontend\Homepage\Home))
#4 G:\OpenServer\domains\noithatva.com.va\vendor\codeigniter4\framework\system\CodeIgniter.php(312): CodeIgniter\CodeIgniter->handleRequest(NULL, Object(Config\Cache), false)
#5 G:\OpenServer\domains\noithatva.com.va\index.php(48): CodeIgniter\CodeIgniter->run()
#6 {main}
CRITICAL - 2021-11-21 10:49:54 --> Undefined index: data
#0 G:\OpenServer\domains\noithatva.com.va\app\Controllers\Frontend\Homepage\Home.php(89): CodeIgniter\Debug\Exceptions->errorHandler(8, 'Undefined index...', 'G:\\OpenServer\\d...', 89, Array)
#1 G:\OpenServer\domains\noithatva.com.va\app\Controllers\Frontend\Homepage\Home.php(36): App\Controllers\Frontend\Homepage\Home->handle_category(Array)
#2 G:\OpenServer\domains\noithatva.com.va\vendor\codeigniter4\framework\system\CodeIgniter.php(918): App\Controllers\Frontend\Homepage\Home->index()
#3 G:\OpenServer\domains\noithatva.com.va\vendor\codeigniter4\framework\system\CodeIgniter.php(404): CodeIgniter\CodeIgniter->runController(Object(App\Controllers\Frontend\Homepage\Home))
#4 G:\OpenServer\domains\noithatva.com.va\vendor\codeigniter4\framework\system\CodeIgniter.php(312): CodeIgniter\CodeIgniter->handleRequest(NULL, Object(Config\Cache), false)
#5 G:\OpenServer\domains\noithatva.com.va\index.php(48): CodeIgniter\CodeIgniter->run()
#6 {main}
CRITICAL - 2021-11-21 10:49:56 --> Undefined index: data
#0 G:\OpenServer\domains\noithatva.com.va\app\Controllers\Frontend\Homepage\Home.php(89): CodeIgniter\Debug\Exceptions->errorHandler(8, 'Undefined index...', 'G:\\OpenServer\\d...', 89, Array)
#1 G:\OpenServer\domains\noithatva.com.va\app\Controllers\Frontend\Homepage\Home.php(36): App\Controllers\Frontend\Homepage\Home->handle_category(Array)
#2 G:\OpenServer\domains\noithatva.com.va\vendor\codeigniter4\framework\system\CodeIgniter.php(918): App\Controllers\Frontend\Homepage\Home->index()
#3 G:\OpenServer\domains\noithatva.com.va\vendor\codeigniter4\framework\system\CodeIgniter.php(404): CodeIgniter\CodeIgniter->runController(Object(App\Controllers\Frontend\Homepage\Home))
#4 G:\OpenServer\domains\noithatva.com.va\vendor\codeigniter4\framework\system\CodeIgniter.php(312): CodeIgniter\CodeIgniter->handleRequest(NULL, Object(Config\Cache), false)
#5 G:\OpenServer\domains\noithatva.com.va\index.php(48): CodeIgniter\CodeIgniter->run()
#6 {main}
CRITICAL - 2021-11-21 11:05:27 --> Undefined index: parameter_color
#0 G:\OpenServer\domains\noithatva.com.va\app\Views\frontend\media\catalogue\index.php(1): CodeIgniter\Debug\Exceptions->errorHandler(8, 'Undefined index...', 'G:\\OpenServer\\d...', 1, Array)
#1 G:\OpenServer\domains\noithatva.com.va\vendor\codeigniter4\framework\system\View\View.php(246): include('G:\\OpenServer\\d...')
#2 G:\OpenServer\domains\noithatva.com.va\vendor\codeigniter4\framework\system\Common.php(1119): CodeIgniter\View\View->render('frontend/media/...', Array, true)
#3 G:\OpenServer\domains\noithatva.com.va\app\Views\frontend\homepage\layout\home.php(70): view('frontend/media/...')
#4 G:\OpenServer\domains\noithatva.com.va\vendor\codeigniter4\framework\system\View\View.php(246): include('G:\\OpenServer\\d...')
#5 G:\OpenServer\domains\noithatva.com.va\vendor\codeigniter4\framework\system\Common.php(1119): CodeIgniter\View\View->render('frontend/homepa...', Array, true)
#6 G:\OpenServer\domains\noithatva.com.va\app\Controllers\Frontend\Media\Catalogue.php(150): view('frontend/homepa...', Array)
#7 G:\OpenServer\domains\noithatva.com.va\vendor\codeigniter4\framework\system\View\Cell.php(180): App\Controllers\Frontend\Media\Catalogue->index(5, 0)
#8 G:\OpenServer\domains\noithatva.com.va\vendor\codeigniter4\framework\system\Common.php(1140): CodeIgniter\View\Cell->render('\\App\\Controller...', 'id=5, page=1', 0, 'AppControllersF...')
#9 G:\OpenServer\domains\noithatva.com.va\app\Controllers\Frontend\Homepage\Router.php(59): view_cell('\\App\\Controller...', 'id=5, page=1')
#10 G:\OpenServer\domains\noithatva.com.va\vendor\codeigniter4\framework\system\CodeIgniter.php(918): App\Controllers\Frontend\Homepage\Router->index('thiet-ke-noi-th...')
#11 G:\OpenServer\domains\noithatva.com.va\vendor\codeigniter4\framework\system\CodeIgniter.php(404): CodeIgniter\CodeIgniter->runController(Object(App\Controllers\Frontend\Homepage\Router))
#12 G:\OpenServer\domains\noithatva.com.va\vendor\codeigniter4\framework\system\CodeIgniter.php(312): CodeIgniter\CodeIgniter->handleRequest(NULL, Object(Config\Cache), false)
#13 G:\OpenServer\domains\noithatva.com.va\index.php(48): CodeIgniter\CodeIgniter->run()
#14 {main}
CRITICAL - 2021-11-21 11:06:01 --> Undefined index: created_at
#0 G:\OpenServer\domains\noithatva.com.va\app\Views\frontend\media\catalogue\index.php(42): CodeIgniter\Debug\Exceptions->errorHandler(8, 'Undefined index...', 'G:\\OpenServer\\d...', 42, Array)
#1 G:\OpenServer\domains\noithatva.com.va\vendor\codeigniter4\framework\system\View\View.php(246): include('G:\\OpenServer\\d...')
#2 G:\OpenServer\domains\noithatva.com.va\vendor\codeigniter4\framework\system\Common.php(1119): CodeIgniter\View\View->render('frontend/media/...', Array, true)
#3 G:\OpenServer\domains\noithatva.com.va\app\Views\frontend\homepage\layout\home.php(70): view('frontend/media/...')
#4 G:\OpenServer\domains\noithatva.com.va\vendor\codeigniter4\framework\system\View\View.php(246): include('G:\\OpenServer\\d...')
#5 G:\OpenServer\domains\noithatva.com.va\vendor\codeigniter4\framework\system\Common.php(1119): CodeIgniter\View\View->render('frontend/homepa...', Array, true)
#6 G:\OpenServer\domains\noithatva.com.va\app\Controllers\Frontend\Media\Catalogue.php(150): view('frontend/homepa...', Array)
#7 G:\OpenServer\domains\noithatva.com.va\vendor\codeigniter4\framework\system\View\Cell.php(180): App\Controllers\Frontend\Media\Catalogue->index(5, 0)
#8 G:\OpenServer\domains\noithatva.com.va\vendor\codeigniter4\framework\system\Common.php(1140): CodeIgniter\View\Cell->render('\\App\\Controller...', 'id=5, page=1', 0, 'AppControllersF...')
#9 G:\OpenServer\domains\noithatva.com.va\app\Controllers\Frontend\Homepage\Router.php(59): view_cell('\\App\\Controller...', 'id=5, page=1')
#10 G:\OpenServer\domains\noithatva.com.va\vendor\codeigniter4\framework\system\CodeIgniter.php(918): App\Controllers\Frontend\Homepage\Router->index('thiet-ke-noi-th...')
#11 G:\OpenServer\domains\noithatva.com.va\vendor\codeigniter4\framework\system\CodeIgniter.php(404): CodeIgniter\CodeIgniter->runController(Object(App\Controllers\Frontend\Homepage\Router))
#12 G:\OpenServer\domains\noithatva.com.va\vendor\codeigniter4\framework\system\CodeIgniter.php(312): CodeIgniter\CodeIgniter->handleRequest(NULL, Object(Config\Cache), false)
#13 G:\OpenServer\domains\noithatva.com.va\index.php(48): CodeIgniter\CodeIgniter->run()
#14 {main}
CRITICAL - 2021-11-21 11:07:51 --> Undefined index: parameter_learn
#0 G:\OpenServer\domains\noithatva.com.va\app\Views\frontend\media\media\index.php(47): CodeIgniter\Debug\Exceptions->errorHandler(8, 'Undefined index...', 'G:\\OpenServer\\d...', 47, Array)
#1 G:\OpenServer\domains\noithatva.com.va\vendor\codeigniter4\framework\system\View\View.php(246): include('G:\\OpenServer\\d...')
#2 G:\OpenServer\domains\noithatva.com.va\vendor\codeigniter4\framework\system\Common.php(1119): CodeIgniter\View\View->render('frontend/media/...', Array, true)
#3 G:\OpenServer\domains\noithatva.com.va\app\Views\frontend\homepage\layout\home.php(70): view('frontend/media/...')
#4 G:\OpenServer\domains\noithatva.com.va\vendor\codeigniter4\framework\system\View\View.php(246): include('G:\\OpenServer\\d...')
#5 G:\OpenServer\domains\noithatva.com.va\vendor\codeigniter4\framework\system\Common.php(1119): CodeIgniter\View\View->render('frontend/homepa...', Array, true)
#6 G:\OpenServer\domains\noithatva.com.va\app\Controllers\Frontend\Media\Media.php(131): view('frontend/homepa...', Array)
#7 G:\OpenServer\domains\noithatva.com.va\vendor\codeigniter4\framework\system\View\Cell.php(180): App\Controllers\Frontend\Media\Media->index(7, '1')
#8 G:\OpenServer\domains\noithatva.com.va\vendor\codeigniter4\framework\system\Common.php(1140): CodeIgniter\View\Cell->render('\\App\\Controller...', 'id=7, page=1', 0, 'AppControllersF...')
#9 G:\OpenServer\domains\noithatva.com.va\app\Controllers\Frontend\Homepage\Router.php(59): view_cell('\\App\\Controller...', 'id=7, page=1')
#10 G:\OpenServer\domains\noithatva.com.va\vendor\codeigniter4\framework\system\CodeIgniter.php(918): App\Controllers\Frontend\Homepage\Router->index('thiet-ke-noi-th...')
#11 G:\OpenServer\domains\noithatva.com.va\vendor\codeigniter4\framework\system\CodeIgniter.php(404): CodeIgniter\CodeIgniter->runController(Object(App\Controllers\Frontend\Homepage\Router))
#12 G:\OpenServer\domains\noithatva.com.va\vendor\codeigniter4\framework\system\CodeIgniter.php(312): CodeIgniter\CodeIgniter->handleRequest(NULL, Object(Config\Cache), false)
#13 G:\OpenServer\domains\noithatva.com.va\index.php(48): CodeIgniter\CodeIgniter->run()
#14 {main}
CRITICAL - 2021-11-21 19:13:03 --> Undefined index: canonical
#0 G:\OpenServer\domains\noithatva.com.va\app\Controllers\Frontend\Search\Search.php(91): CodeIgniter\Debug\Exceptions->errorHandler(8, 'Undefined index...', 'G:\\OpenServer\\d...', 91, Array)
#1 G:\OpenServer\domains\noithatva.com.va\vendor\codeigniter4\framework\system\View\Cell.php(180): App\Controllers\Frontend\Search\Search->index(0)
#2 G:\OpenServer\domains\noithatva.com.va\vendor\codeigniter4\framework\system\Common.php(1140): CodeIgniter\View\Cell->render('\\App\\Controller...', 'page=0', 0, 'AppControllersF...')
#3 G:\OpenServer\domains\noithatva.com.va\app\Controllers\Frontend\Homepage\Router.php(41): view_cell('\\App\\Controller...', 'page=0')
#4 G:\OpenServer\domains\noithatva.com.va\vendor\codeigniter4\framework\system\CodeIgniter.php(918): App\Controllers\Frontend\Homepage\Router->search(0)
#5 G:\OpenServer\domains\noithatva.com.va\vendor\codeigniter4\framework\system\CodeIgniter.php(404): CodeIgniter\CodeIgniter->runController(Object(App\Controllers\Frontend\Homepage\Router))
#6 G:\OpenServer\domains\noithatva.com.va\vendor\codeigniter4\framework\system\CodeIgniter.php(312): CodeIgniter\CodeIgniter->handleRequest(NULL, Object(Config\Cache), false)
#7 G:\OpenServer\domains\noithatva.com.va\index.php(48): CodeIgniter\CodeIgniter->run()
#8 {main}
CRITICAL - 2021-11-21 19:16:39 --> Undefined index: articleList
#0 G:\OpenServer\domains\noithatva.com.va\app\Controllers\Frontend\Search\Search.php(89): CodeIgniter\Debug\Exceptions->errorHandler(8, 'Undefined index...', 'G:\\OpenServer\\d...', 89, Array)
#1 G:\OpenServer\domains\noithatva.com.va\vendor\codeigniter4\framework\system\View\Cell.php(180): App\Controllers\Frontend\Search\Search->index(0)
#2 G:\OpenServer\domains\noithatva.com.va\vendor\codeigniter4\framework\system\Common.php(1140): CodeIgniter\View\Cell->render('\\App\\Controller...', 'page=0', 0, 'AppControllersF...')
#3 G:\OpenServer\domains\noithatva.com.va\app\Controllers\Frontend\Homepage\Router.php(41): view_cell('\\App\\Controller...', 'page=0')
#4 G:\OpenServer\domains\noithatva.com.va\vendor\codeigniter4\framework\system\CodeIgniter.php(918): App\Controllers\Frontend\Homepage\Router->search(0)
#5 G:\OpenServer\domains\noithatva.com.va\vendor\codeigniter4\framework\system\CodeIgniter.php(404): CodeIgniter\CodeIgniter->runController(Object(App\Controllers\Frontend\Homepage\Router))
#6 G:\OpenServer\domains\noithatva.com.va\vendor\codeigniter4\framework\system\CodeIgniter.php(312): CodeIgniter\CodeIgniter->handleRequest(NULL, Object(Config\Cache), false)
#7 G:\OpenServer\domains\noithatva.com.va\index.php(48): CodeIgniter\CodeIgniter->run()
#8 {main}
CRITICAL - 2021-11-21 19:41:01 --> syntax error, unexpected '}', expecting end of file
#0 G:\OpenServer\domains\noithatva.com.va\vendor\codeigniter4\framework\system\Common.php(1119): CodeIgniter\View\View->render('frontend/search...', Array, true)
#1 G:\OpenServer\domains\noithatva.com.va\app\Views\frontend\homepage\layout\home.php(70): view('frontend/search...')
#2 G:\OpenServer\domains\noithatva.com.va\vendor\codeigniter4\framework\system\View\View.php(246): include('G:\\OpenServer\\d...')
#3 G:\OpenServer\domains\noithatva.com.va\vendor\codeigniter4\framework\system\Common.php(1119): CodeIgniter\View\View->render('frontend/homepa...', Array, true)
#4 G:\OpenServer\domains\noithatva.com.va\app\Controllers\Frontend\Search\Search.php(107): view('frontend/homepa...', Array)
#5 G:\OpenServer\domains\noithatva.com.va\vendor\codeigniter4\framework\system\View\Cell.php(180): App\Controllers\Frontend\Search\Search->index(0)
#6 G:\OpenServer\domains\noithatva.com.va\vendor\codeigniter4\framework\system\Common.php(1140): CodeIgniter\View\Cell->render('\\App\\Controller...', 'page=0', 0, 'AppControllersF...')
#7 G:\OpenServer\domains\noithatva.com.va\app\Controllers\Frontend\Homepage\Router.php(41): view_cell('\\App\\Controller...', 'page=0')
#8 G:\OpenServer\domains\noithatva.com.va\vendor\codeigniter4\framework\system\CodeIgniter.php(918): App\Controllers\Frontend\Homepage\Router->search(0)
#9 G:\OpenServer\domains\noithatva.com.va\vendor\codeigniter4\framework\system\CodeIgniter.php(404): CodeIgniter\CodeIgniter->runController(Object(App\Controllers\Frontend\Homepage\Router))
#10 G:\OpenServer\domains\noithatva.com.va\vendor\codeigniter4\framework\system\CodeIgniter.php(312): CodeIgniter\CodeIgniter->handleRequest(NULL, Object(Config\Cache), false)
#11 G:\OpenServer\domains\noithatva.com.va\index.php(48): CodeIgniter\CodeIgniter->run()
#12 {main}
CRITICAL - 2021-11-21 19:45:21 --> Undefined variable: articleList
#0 G:\OpenServer\domains\noithatva.com.va\app\Views\frontend\homepage\home\index.php(372): CodeIgniter\Debug\Exceptions->errorHandler(8, 'Undefined varia...', 'G:\\OpenServer\\d...', 372, Array)
#1 G:\OpenServer\domains\noithatva.com.va\vendor\codeigniter4\framework\system\View\View.php(246): include('G:\\OpenServer\\d...')
#2 G:\OpenServer\domains\noithatva.com.va\vendor\codeigniter4\framework\system\Common.php(1119): CodeIgniter\View\View->render('frontend/homepa...', Array, true)
#3 G:\OpenServer\domains\noithatva.com.va\app\Views\frontend\homepage\layout\home.php(70): view('frontend/homepa...')
#4 G:\OpenServer\domains\noithatva.com.va\vendor\codeigniter4\framework\system\View\View.php(246): include('G:\\OpenServer\\d...')
#5 G:\OpenServer\domains\noithatva.com.va\vendor\codeigniter4\framework\system\Common.php(1119): CodeIgniter\View\View->render('frontend/homepa...', Array, true)
#6 G:\OpenServer\domains\noithatva.com.va\app\Controllers\Frontend\Homepage\Home.php(38): view('frontend/homepa...', Array)
#7 G:\OpenServer\domains\noithatva.com.va\vendor\codeigniter4\framework\system\CodeIgniter.php(918): App\Controllers\Frontend\Homepage\Home->index()
#8 G:\OpenServer\domains\noithatva.com.va\vendor\codeigniter4\framework\system\CodeIgniter.php(404): CodeIgniter\CodeIgniter->runController(Object(App\Controllers\Frontend\Homepage\Home))
#9 G:\OpenServer\domains\noithatva.com.va\vendor\codeigniter4\framework\system\CodeIgniter.php(312): CodeIgniter\CodeIgniter->handleRequest(NULL, Object(Config\Cache), false)
#10 G:\OpenServer\domains\noithatva.com.va\index.php(48): CodeIgniter\CodeIgniter->run()
#11 {main}
CRITICAL - 2021-11-21 19:49:59 --> Undefined variable: value
#0 G:\OpenServer\domains\noithatva.com.va\app\Views\frontend\homepage\core\article.php(4): CodeIgniter\Debug\Exceptions->errorHandler(8, 'Undefined varia...', 'G:\\OpenServer\\d...', 4, Array)
#1 G:\OpenServer\domains\noithatva.com.va\vendor\codeigniter4\framework\system\View\View.php(246): include('G:\\OpenServer\\d...')
#2 G:\OpenServer\domains\noithatva.com.va\vendor\codeigniter4\framework\system\Common.php(1119): CodeIgniter\View\View->render('frontend/homepa...', Array, true)
#3 G:\OpenServer\domains\noithatva.com.va\app\Views\frontend\search\index.php(58): view('frontend/homepa...')
#4 G:\OpenServer\domains\noithatva.com.va\vendor\codeigniter4\framework\system\View\View.php(246): include('G:\\OpenServer\\d...')
#5 G:\OpenServer\domains\noithatva.com.va\vendor\codeigniter4\framework\system\Common.php(1119): CodeIgniter\View\View->render('frontend/search...', Array, true)
#6 G:\OpenServer\domains\noithatva.com.va\app\Views\frontend\homepage\layout\home.php(70): view('frontend/search...')
#7 G:\OpenServer\domains\noithatva.com.va\vendor\codeigniter4\framework\system\View\View.php(246): include('G:\\OpenServer\\d...')
#8 G:\OpenServer\domains\noithatva.com.va\vendor\codeigniter4\framework\system\Common.php(1119): CodeIgniter\View\View->render('frontend/homepa...', Array, true)
#9 G:\OpenServer\domains\noithatva.com.va\app\Controllers\Frontend\Search\Search.php(107): view('frontend/homepa...', Array)
#10 G:\OpenServer\domains\noithatva.com.va\vendor\codeigniter4\framework\system\View\Cell.php(180): App\Controllers\Frontend\Search\Search->index(0)
#11 G:\OpenServer\domains\noithatva.com.va\vendor\codeigniter4\framework\system\Common.php(1140): CodeIgniter\View\Cell->render('\\App\\Controller...', 'page=0', 0, 'AppControllersF...')
#12 G:\OpenServer\domains\noithatva.com.va\app\Controllers\Frontend\Homepage\Router.php(41): view_cell('\\App\\Controller...', 'page=0')
#13 G:\OpenServer\domains\noithatva.com.va\vendor\codeigniter4\framework\system\CodeIgniter.php(918): App\Controllers\Frontend\Homepage\Router->search(0)
#14 G:\OpenServer\domains\noithatva.com.va\vendor\codeigniter4\framework\system\CodeIgniter.php(404): CodeIgniter\CodeIgniter->runController(Object(App\Controllers\Frontend\Homepage\Router))
#15 G:\OpenServer\domains\noithatva.com.va\vendor\codeigniter4\framework\system\CodeIgniter.php(312): CodeIgniter\CodeIgniter->handleRequest(NULL, Object(Config\Cache), false)
#16 G:\OpenServer\domains\noithatva.com.va\index.php(48): CodeIgniter\CodeIgniter->run()
#17 {main}
CRITICAL - 2021-11-21 19:50:17 --> Undefined variable: value
#0 G:\OpenServer\domains\noithatva.com.va\app\Views\frontend\homepage\core\article.php(4): CodeIgniter\Debug\Exceptions->errorHandler(8, 'Undefined varia...', 'G:\\OpenServer\\d...', 4, Array)
#1 G:\OpenServer\domains\noithatva.com.va\vendor\codeigniter4\framework\system\View\View.php(246): include('G:\\OpenServer\\d...')
#2 G:\OpenServer\domains\noithatva.com.va\vendor\codeigniter4\framework\system\Common.php(1119): CodeIgniter\View\View->render('frontend/homepa...', Array, true)
#3 G:\OpenServer\domains\noithatva.com.va\app\Views\frontend\search\index.php(58): view('frontend/homepa...')
#4 G:\OpenServer\domains\noithatva.com.va\vendor\codeigniter4\framework\system\View\View.php(246): include('G:\\OpenServer\\d...')
#5 G:\OpenServer\domains\noithatva.com.va\vendor\codeigniter4\framework\system\Common.php(1119): CodeIgniter\View\View->render('frontend/search...', Array, true)
#6 G:\OpenServer\domains\noithatva.com.va\app\Views\frontend\homepage\layout\home.php(70): view('frontend/search...')
#7 G:\OpenServer\domains\noithatva.com.va\vendor\codeigniter4\framework\system\View\View.php(246): include('G:\\OpenServer\\d...')
#8 G:\OpenServer\domains\noithatva.com.va\vendor\codeigniter4\framework\system\Common.php(1119): CodeIgniter\View\View->render('frontend/homepa...', Array, true)
#9 G:\OpenServer\domains\noithatva.com.va\app\Controllers\Frontend\Search\Search.php(107): view('frontend/homepa...', Array)
#10 G:\OpenServer\domains\noithatva.com.va\vendor\codeigniter4\framework\system\View\Cell.php(180): App\Controllers\Frontend\Search\Search->index(0)
#11 G:\OpenServer\domains\noithatva.com.va\vendor\codeigniter4\framework\system\Common.php(1140): CodeIgniter\View\Cell->render('\\App\\Controller...', 'page=0', 0, 'AppControllersF...')
#12 G:\OpenServer\domains\noithatva.com.va\app\Controllers\Frontend\Homepage\Router.php(41): view_cell('\\App\\Controller...', 'page=0')
#13 G:\OpenServer\domains\noithatva.com.va\vendor\codeigniter4\framework\system\CodeIgniter.php(918): App\Controllers\Frontend\Homepage\Router->search(0)
#14 G:\OpenServer\domains\noithatva.com.va\vendor\codeigniter4\framework\system\CodeIgniter.php(404): CodeIgniter\CodeIgniter->runController(Object(App\Controllers\Frontend\Homepage\Router))
#15 G:\OpenServer\domains\noithatva.com.va\vendor\codeigniter4\framework\system\CodeIgniter.php(312): CodeIgniter\CodeIgniter->handleRequest(NULL, Object(Config\Cache), false)
#16 G:\OpenServer\domains\noithatva.com.va\index.php(48): CodeIgniter\CodeIgniter->run()
#17 {main}
CRITICAL - 2021-11-21 19:50:27 --> Undefined variable: value
#0 G:\OpenServer\domains\noithatva.com.va\app\Views\frontend\homepage\core\article.php(4): CodeIgniter\Debug\Exceptions->errorHandler(8, 'Undefined varia...', 'G:\\OpenServer\\d...', 4, Array)
#1 G:\OpenServer\domains\noithatva.com.va\vendor\codeigniter4\framework\system\View\View.php(246): include('G:\\OpenServer\\d...')
#2 G:\OpenServer\domains\noithatva.com.va\vendor\codeigniter4\framework\system\Common.php(1119): CodeIgniter\View\View->render('frontend/homepa...', Array, true)
#3 G:\OpenServer\domains\noithatva.com.va\app\Views\frontend\search\index.php(58): view('frontend/homepa...')
#4 G:\OpenServer\domains\noithatva.com.va\vendor\codeigniter4\framework\system\View\View.php(246): include('G:\\OpenServer\\d...')
#5 G:\OpenServer\domains\noithatva.com.va\vendor\codeigniter4\framework\system\Common.php(1119): CodeIgniter\View\View->render('frontend/search...', Array, true)
#6 G:\OpenServer\domains\noithatva.com.va\app\Views\frontend\homepage\layout\home.php(70): view('frontend/search...')
#7 G:\OpenServer\domains\noithatva.com.va\vendor\codeigniter4\framework\system\View\View.php(246): include('G:\\OpenServer\\d...')
#8 G:\OpenServer\domains\noithatva.com.va\vendor\codeigniter4\framework\system\Common.php(1119): CodeIgniter\View\View->render('frontend/homepa...', Array, true)
#9 G:\OpenServer\domains\noithatva.com.va\app\Controllers\Frontend\Search\Search.php(107): view('frontend/homepa...', Array)
#10 G:\OpenServer\domains\noithatva.com.va\vendor\codeigniter4\framework\system\View\Cell.php(180): App\Controllers\Frontend\Search\Search->index(0)
#11 G:\OpenServer\domains\noithatva.com.va\vendor\codeigniter4\framework\system\Common.php(1140): CodeIgniter\View\Cell->render('\\App\\Controller...', 'page=0', 0, 'AppControllersF...')
#12 G:\OpenServer\domains\noithatva.com.va\app\Controllers\Frontend\Homepage\Router.php(41): view_cell('\\App\\Controller...', 'page=0')
#13 G:\OpenServer\domains\noithatva.com.va\vendor\codeigniter4\framework\system\CodeIgniter.php(918): App\Controllers\Frontend\Homepage\Router->search(0)
#14 G:\OpenServer\domains\noithatva.com.va\vendor\codeigniter4\framework\system\CodeIgniter.php(404): CodeIgniter\CodeIgniter->runController(Object(App\Controllers\Frontend\Homepage\Router))
#15 G:\OpenServer\domains\noithatva.com.va\vendor\codeigniter4\framework\system\CodeIgniter.php(312): CodeIgniter\CodeIgniter->handleRequest(NULL, Object(Config\Cache), false)
#16 G:\OpenServer\domains\noithatva.com.va\index.php(48): CodeIgniter\CodeIgniter->run()
#17 {main}
CRITICAL - 2021-11-21 19:55:33 --> syntax error, unexpected '}', expecting ';'
#0 G:\OpenServer\domains\noithatva.com.va\vendor\codeigniter4\framework\system\Autoloader\Autoloader.php(296): CodeIgniter\Autoloader\Autoloader->requireFile('G:\\OpenServer\\d...')
#1 G:\OpenServer\domains\noithatva.com.va\vendor\codeigniter4\framework\system\Autoloader\Autoloader.php(258): CodeIgniter\Autoloader\Autoloader->loadInNamespace('App\\Controllers...')
#2 [internal function]: CodeIgniter\Autoloader\Autoloader->loadClass('App\\Controllers...')
#3 [internal function]: spl_autoload_call('App\\Controllers...')
#4 G:\OpenServer\domains\noithatva.com.va\vendor\codeigniter4\framework\system\View\Cell.php(266): class_exists('\\App\\Controller...', true)
#5 G:\OpenServer\domains\noithatva.com.va\vendor\codeigniter4\framework\system\View\Cell.php(110): CodeIgniter\View\Cell->determineClass('\\App\\Controller...')
#6 G:\OpenServer\domains\noithatva.com.va\vendor\codeigniter4\framework\system\Common.php(1140): CodeIgniter\View\Cell->render('\\App\\Controller...', 'page=0', 0, NULL)
#7 G:\OpenServer\domains\noithatva.com.va\app\Controllers\Frontend\Homepage\Router.php(41): view_cell('\\App\\Controller...', 'page=0')
#8 G:\OpenServer\domains\noithatva.com.va\vendor\codeigniter4\framework\system\CodeIgniter.php(918): App\Controllers\Frontend\Homepage\Router->search(0)
#9 G:\OpenServer\domains\noithatva.com.va\vendor\codeigniter4\framework\system\CodeIgniter.php(404): CodeIgniter\CodeIgniter->runController(Object(App\Controllers\Frontend\Homepage\Router))
#10 G:\OpenServer\domains\noithatva.com.va\vendor\codeigniter4\framework\system\CodeIgniter.php(312): CodeIgniter\CodeIgniter->handleRequest(NULL, Object(Config\Cache), false)
#11 G:\OpenServer\domains\noithatva.com.va\index.php(48): CodeIgniter\CodeIgniter->run()
#12 {main}
CRITICAL - 2021-11-21 19:55:41 --> Undefined variable: module_extract
#0 G:\OpenServer\domains\noithatva.com.va\app\Controllers\Frontend\Search\Search.php(57): CodeIgniter\Debug\Exceptions->errorHandler(8, 'Undefined varia...', 'G:\\OpenServer\\d...', 57, Array)
#1 G:\OpenServer\domains\noithatva.com.va\app\Controllers\Frontend\Search\Search.php(21): App\Controllers\Frontend\Search\Search->search_article(1)
#2 G:\OpenServer\domains\noithatva.com.va\vendor\codeigniter4\framework\system\View\Cell.php(180): App\Controllers\Frontend\Search\Search->index(0)
#3 G:\OpenServer\domains\noithatva.com.va\vendor\codeigniter4\framework\system\Common.php(1140): CodeIgniter\View\Cell->render('\\App\\Controller...', 'page=0', 0, 'AppControllersF...')
#4 G:\OpenServer\domains\noithatva.com.va\app\Controllers\Frontend\Homepage\Router.php(41): view_cell('\\App\\Controller...', 'page=0')
#5 G:\OpenServer\domains\noithatva.com.va\vendor\codeigniter4\framework\system\CodeIgniter.php(918): App\Controllers\Frontend\Homepage\Router->search(0)
#6 G:\OpenServer\domains\noithatva.com.va\vendor\codeigniter4\framework\system\CodeIgniter.php(404): CodeIgniter\CodeIgniter->runController(Object(App\Controllers\Frontend\Homepage\Router))
#7 G:\OpenServer\domains\noithatva.com.va\vendor\codeigniter4\framework\system\CodeIgniter.php(312): CodeIgniter\CodeIgniter->handleRequest(NULL, Object(Config\Cache), false)
#8 G:\OpenServer\domains\noithatva.com.va\index.php(48): CodeIgniter\CodeIgniter->run()
#9 {main}
CRITICAL - 2021-11-21 19:55:51 --> Return value of App\Controllers\Frontend\Search\Search::search_article() must be of the type string, array returned
#0 G:\OpenServer\domains\noithatva.com.va\app\Controllers\Frontend\Search\Search.php(20): App\Controllers\Frontend\Search\Search->search_article(0)
#1 G:\OpenServer\domains\noithatva.com.va\vendor\codeigniter4\framework\system\View\Cell.php(180): App\Controllers\Frontend\Search\Search->index(0)
#2 G:\OpenServer\domains\noithatva.com.va\vendor\codeigniter4\framework\system\Common.php(1140): CodeIgniter\View\Cell->render('\\App\\Controller...', 'page=0', 0, 'AppControllersF...')
#3 G:\OpenServer\domains\noithatva.com.va\app\Controllers\Frontend\Homepage\Router.php(41): view_cell('\\App\\Controller...', 'page=0')
#4 G:\OpenServer\domains\noithatva.com.va\vendor\codeigniter4\framework\system\CodeIgniter.php(918): App\Controllers\Frontend\Homepage\Router->search(0)
#5 G:\OpenServer\domains\noithatva.com.va\vendor\codeigniter4\framework\system\CodeIgniter.php(404): CodeIgniter\CodeIgniter->runController(Object(App\Controllers\Frontend\Homepage\Router))
#6 G:\OpenServer\domains\noithatva.com.va\vendor\codeigniter4\framework\system\CodeIgniter.php(312): CodeIgniter\CodeIgniter->handleRequest(NULL, Object(Config\Cache), false)
#7 G:\OpenServer\domains\noithatva.com.va\index.php(48): CodeIgniter\CodeIgniter->run()
#8 {main}
CRITICAL - 2021-11-21 19:56:10 --> Return value of App\Controllers\Frontend\Search\Search::search_article() must be of the type string, array returned
#0 G:\OpenServer\domains\noithatva.com.va\app\Controllers\Frontend\Search\Search.php(20): App\Controllers\Frontend\Search\Search->search_article(0)
#1 G:\OpenServer\domains\noithatva.com.va\vendor\codeigniter4\framework\system\View\Cell.php(180): App\Controllers\Frontend\Search\Search->index(0)
#2 G:\OpenServer\domains\noithatva.com.va\vendor\codeigniter4\framework\system\Common.php(1140): CodeIgniter\View\Cell->render('\\App\\Controller...', 'page=0', 0, 'AppControllersF...')
#3 G:\OpenServer\domains\noithatva.com.va\app\Controllers\Frontend\Homepage\Router.php(41): view_cell('\\App\\Controller...', 'page=0')
#4 G:\OpenServer\domains\noithatva.com.va\vendor\codeigniter4\framework\system\CodeIgniter.php(918): App\Controllers\Frontend\Homepage\Router->search(0)
#5 G:\OpenServer\domains\noithatva.com.va\vendor\codeigniter4\framework\system\CodeIgniter.php(404): CodeIgniter\CodeIgniter->runController(Object(App\Controllers\Frontend\Homepage\Router))
#6 G:\OpenServer\domains\noithatva.com.va\vendor\codeigniter4\framework\system\CodeIgniter.php(312): CodeIgniter\CodeIgniter->handleRequest(NULL, Object(Config\Cache), false)
#7 G:\OpenServer\domains\noithatva.com.va\index.php(48): CodeIgniter\CodeIgniter->run()
#8 {main}
CRITICAL - 2021-11-21 19:57:13 --> Return value of App\Controllers\Frontend\Search\Search::search_article() must be of the type string, array returned
#0 G:\OpenServer\domains\noithatva.com.va\app\Controllers\Frontend\Search\Search.php(20): App\Controllers\Frontend\Search\Search->search_article(0)
#1 G:\OpenServer\domains\noithatva.com.va\vendor\codeigniter4\framework\system\View\Cell.php(180): App\Controllers\Frontend\Search\Search->index(0)
#2 G:\OpenServer\domains\noithatva.com.va\vendor\codeigniter4\framework\system\Common.php(1140): CodeIgniter\View\Cell->render('\\App\\Controller...', 'page=0', 0, 'AppControllersF...')
#3 G:\OpenServer\domains\noithatva.com.va\app\Controllers\Frontend\Homepage\Router.php(41): view_cell('\\App\\Controller...', 'page=0')
#4 G:\OpenServer\domains\noithatva.com.va\vendor\codeigniter4\framework\system\CodeIgniter.php(918): App\Controllers\Frontend\Homepage\Router->search(0)
#5 G:\OpenServer\domains\noithatva.com.va\vendor\codeigniter4\framework\system\CodeIgniter.php(404): CodeIgniter\CodeIgniter->runController(Object(App\Controllers\Frontend\Homepage\Router))
#6 G:\OpenServer\domains\noithatva.com.va\vendor\codeigniter4\framework\system\CodeIgniter.php(312): CodeIgniter\CodeIgniter->handleRequest(NULL, Object(Config\Cache), false)
#7 G:\OpenServer\domains\noithatva.com.va\index.php(48): CodeIgniter\CodeIgniter->run()
#8 {main}
CRITICAL - 2021-11-21 19:57:30 --> Return value of App\Controllers\Frontend\Search\Search::search_article() must be of the type string, array returned
#0 G:\OpenServer\domains\noithatva.com.va\app\Controllers\Frontend\Search\Search.php(20): App\Controllers\Frontend\Search\Search->search_article(0)
#1 G:\OpenServer\domains\noithatva.com.va\vendor\codeigniter4\framework\system\View\Cell.php(180): App\Controllers\Frontend\Search\Search->index(0)
#2 G:\OpenServer\domains\noithatva.com.va\vendor\codeigniter4\framework\system\Common.php(1140): CodeIgniter\View\Cell->render('\\App\\Controller...', 'page=0', 0, 'AppControllersF...')
#3 G:\OpenServer\domains\noithatva.com.va\app\Controllers\Frontend\Homepage\Router.php(41): view_cell('\\App\\Controller...', 'page=0')
#4 G:\OpenServer\domains\noithatva.com.va\vendor\codeigniter4\framework\system\CodeIgniter.php(918): App\Controllers\Frontend\Homepage\Router->search(0)
#5 G:\OpenServer\domains\noithatva.com.va\vendor\codeigniter4\framework\system\CodeIgniter.php(404): CodeIgniter\CodeIgniter->runController(Object(App\Controllers\Frontend\Homepage\Router))
#6 G:\OpenServer\domains\noithatva.com.va\vendor\codeigniter4\framework\system\CodeIgniter.php(312): CodeIgniter\CodeIgniter->handleRequest(NULL, Object(Config\Cache), false)
#7 G:\OpenServer\domains\noithatva.com.va\index.php(48): CodeIgniter\CodeIgniter->run()
#8 {main}
CRITICAL - 2021-11-21 19:57:32 --> Return value of App\Controllers\Frontend\Search\Search::search_article() must be of the type string, array returned
#0 G:\OpenServer\domains\noithatva.com.va\app\Controllers\Frontend\Search\Search.php(20): App\Controllers\Frontend\Search\Search->search_article(0)
#1 G:\OpenServer\domains\noithatva.com.va\vendor\codeigniter4\framework\system\View\Cell.php(180): App\Controllers\Frontend\Search\Search->index(0)
#2 G:\OpenServer\domains\noithatva.com.va\vendor\codeigniter4\framework\system\Common.php(1140): CodeIgniter\View\Cell->render('\\App\\Controller...', 'page=0', 0, 'AppControllersF...')
#3 G:\OpenServer\domains\noithatva.com.va\app\Controllers\Frontend\Homepage\Router.php(41): view_cell('\\App\\Controller...', 'page=0')
#4 G:\OpenServer\domains\noithatva.com.va\vendor\codeigniter4\framework\system\CodeIgniter.php(918): App\Controllers\Frontend\Homepage\Router->search(0)
#5 G:\OpenServer\domains\noithatva.com.va\vendor\codeigniter4\framework\system\CodeIgniter.php(404): CodeIgniter\CodeIgniter->runController(Object(App\Controllers\Frontend\Homepage\Router))
#6 G:\OpenServer\domains\noithatva.com.va\vendor\codeigniter4\framework\system\CodeIgniter.php(312): CodeIgniter\CodeIgniter->handleRequest(NULL, Object(Config\Cache), false)
#7 G:\OpenServer\domains\noithatva.com.va\index.php(48): CodeIgniter\CodeIgniter->run()
#8 {main}
CRITICAL - 2021-11-21 19:57:53 --> Return value of App\Controllers\Frontend\Search\Search::search_article() must be of the type string, array returned
#0 G:\OpenServer\domains\noithatva.com.va\app\Controllers\Frontend\Search\Search.php(20): App\Controllers\Frontend\Search\Search->search_article(0)
#1 G:\OpenServer\domains\noithatva.com.va\vendor\codeigniter4\framework\system\View\Cell.php(180): App\Controllers\Frontend\Search\Search->index(0)
#2 G:\OpenServer\domains\noithatva.com.va\vendor\codeigniter4\framework\system\Common.php(1140): CodeIgniter\View\Cell->render('\\App\\Controller...', 'page=0', 0, 'AppControllersF...')
#3 G:\OpenServer\domains\noithatva.com.va\app\Controllers\Frontend\Homepage\Router.php(41): view_cell('\\App\\Controller...', 'page=0')
#4 G:\OpenServer\domains\noithatva.com.va\vendor\codeigniter4\framework\system\CodeIgniter.php(918): App\Controllers\Frontend\Homepage\Router->search(0)
#5 G:\OpenServer\domains\noithatva.com.va\vendor\codeigniter4\framework\system\CodeIgniter.php(404): CodeIgniter\CodeIgniter->runController(Object(App\Controllers\Frontend\Homepage\Router))
#6 G:\OpenServer\domains\noithatva.com.va\vendor\codeigniter4\framework\system\CodeIgniter.php(312): CodeIgniter\CodeIgniter->handleRequest(NULL, Object(Config\Cache), false)
#7 G:\OpenServer\domains\noithatva.com.va\index.php(48): CodeIgniter\CodeIgniter->run()
#8 {main}
CRITICAL - 2021-11-21 19:58:10 --> Return value of App\Controllers\Frontend\Search\Search::search_article() must be of the type string, array returned
#0 G:\OpenServer\domains\noithatva.com.va\app\Controllers\Frontend\Search\Search.php(20): App\Controllers\Frontend\Search\Search->search_article(0)
#1 G:\OpenServer\domains\noithatva.com.va\vendor\codeigniter4\framework\system\View\Cell.php(180): App\Controllers\Frontend\Search\Search->index(0)
#2 G:\OpenServer\domains\noithatva.com.va\vendor\codeigniter4\framework\system\Common.php(1140): CodeIgniter\View\Cell->render('\\App\\Controller...', 'page=0', 0, 'AppControllersF...')
#3 G:\OpenServer\domains\noithatva.com.va\app\Controllers\Frontend\Homepage\Router.php(41): view_cell('\\App\\Controller...', 'page=0')
#4 G:\OpenServer\domains\noithatva.com.va\vendor\codeigniter4\framework\system\CodeIgniter.php(918): App\Controllers\Frontend\Homepage\Router->search(0)
#5 G:\OpenServer\domains\noithatva.com.va\vendor\codeigniter4\framework\system\CodeIgniter.php(404): CodeIgniter\CodeIgniter->runController(Object(App\Controllers\Frontend\Homepage\Router))
#6 G:\OpenServer\domains\noithatva.com.va\vendor\codeigniter4\framework\system\CodeIgniter.php(312): CodeIgniter\CodeIgniter->handleRequest(NULL, Object(Config\Cache), false)
#7 G:\OpenServer\domains\noithatva.com.va\index.php(48): CodeIgniter\CodeIgniter->run()
#8 {main}
CRITICAL - 2021-11-21 19:58:14 --> Return value of App\Controllers\Frontend\Search\Search::search_article() must be of the type string, array returned
#0 G:\OpenServer\domains\noithatva.com.va\app\Controllers\Frontend\Search\Search.php(20): App\Controllers\Frontend\Search\Search->search_article(0)
#1 G:\OpenServer\domains\noithatva.com.va\vendor\codeigniter4\framework\system\View\Cell.php(180): App\Controllers\Frontend\Search\Search->index(0)
#2 G:\OpenServer\domains\noithatva.com.va\vendor\codeigniter4\framework\system\Common.php(1140): CodeIgniter\View\Cell->render('\\App\\Controller...', 'page=0', 0, 'AppControllersF...')
#3 G:\OpenServer\domains\noithatva.com.va\app\Controllers\Frontend\Homepage\Router.php(41): view_cell('\\App\\Controller...', 'page=0')
#4 G:\OpenServer\domains\noithatva.com.va\vendor\codeigniter4\framework\system\CodeIgniter.php(918): App\Controllers\Frontend\Homepage\Router->search(0)
#5 G:\OpenServer\domains\noithatva.com.va\vendor\codeigniter4\framework\system\CodeIgniter.php(404): CodeIgniter\CodeIgniter->runController(Object(App\Controllers\Frontend\Homepage\Router))
#6 G:\OpenServer\domains\noithatva.com.va\vendor\codeigniter4\framework\system\CodeIgniter.php(312): CodeIgniter\CodeIgniter->handleRequest(NULL, Object(Config\Cache), false)
#7 G:\OpenServer\domains\noithatva.com.va\index.php(48): CodeIgniter\CodeIgniter->run()
#8 {main}
CRITICAL - 2021-11-21 19:58:22 --> Return value of App\Controllers\Frontend\Search\Search::search_article() must be of the type string, array returned
#0 G:\OpenServer\domains\noithatva.com.va\app\Controllers\Frontend\Search\Search.php(20): App\Controllers\Frontend\Search\Search->search_article(0)
#1 G:\OpenServer\domains\noithatva.com.va\vendor\codeigniter4\framework\system\View\Cell.php(180): App\Controllers\Frontend\Search\Search->index(0)
#2 G:\OpenServer\domains\noithatva.com.va\vendor\codeigniter4\framework\system\Common.php(1140): CodeIgniter\View\Cell->render('\\App\\Controller...', 'page=0', 0, 'AppControllersF...')
#3 G:\OpenServer\domains\noithatva.com.va\app\Controllers\Frontend\Homepage\Router.php(41): view_cell('\\App\\Controller...', 'page=0')
#4 G:\OpenServer\domains\noithatva.com.va\vendor\codeigniter4\framework\system\CodeIgniter.php(918): App\Controllers\Frontend\Homepage\Router->search(0)
#5 G:\OpenServer\domains\noithatva.com.va\vendor\codeigniter4\framework\system\CodeIgniter.php(404): CodeIgniter\CodeIgniter->runController(Object(App\Controllers\Frontend\Homepage\Router))
#6 G:\OpenServer\domains\noithatva.com.va\vendor\codeigniter4\framework\system\CodeIgniter.php(312): CodeIgniter\CodeIgniter->handleRequest(NULL, Object(Config\Cache), false)
#7 G:\OpenServer\domains\noithatva.com.va\index.php(48): CodeIgniter\CodeIgniter->run()
#8 {main}
CRITICAL - 2021-11-21 19:58:36 --> Return value of App\Controllers\Frontend\Search\Search::search_article() must be of the type string, array returned
#0 G:\OpenServer\domains\noithatva.com.va\app\Controllers\Frontend\Search\Search.php(20): App\Controllers\Frontend\Search\Search->search_article(0)
#1 G:\OpenServer\domains\noithatva.com.va\vendor\codeigniter4\framework\system\View\Cell.php(180): App\Controllers\Frontend\Search\Search->index(0)
#2 G:\OpenServer\domains\noithatva.com.va\vendor\codeigniter4\framework\system\Common.php(1140): CodeIgniter\View\Cell->render('\\App\\Controller...', 'page=0', 0, 'AppControllersF...')
#3 G:\OpenServer\domains\noithatva.com.va\app\Controllers\Frontend\Homepage\Router.php(41): view_cell('\\App\\Controller...', 'page=0')
#4 G:\OpenServer\domains\noithatva.com.va\vendor\codeigniter4\framework\system\CodeIgniter.php(918): App\Controllers\Frontend\Homepage\Router->search(0)
#5 G:\OpenServer\domains\noithatva.com.va\vendor\codeigniter4\framework\system\CodeIgniter.php(404): CodeIgniter\CodeIgniter->runController(Object(App\Controllers\Frontend\Homepage\Router))
#6 G:\OpenServer\domains\noithatva.com.va\vendor\codeigniter4\framework\system\CodeIgniter.php(312): CodeIgniter\CodeIgniter->handleRequest(NULL, Object(Config\Cache), false)
#7 G:\OpenServer\domains\noithatva.com.va\index.php(48): CodeIgniter\CodeIgniter->run()
#8 {main}
CRITICAL - 2021-11-21 19:58:55 --> Undefined variable: config
#0 G:\OpenServer\domains\noithatva.com.va\app\Controllers\Frontend\Search\Search.php(24): CodeIgniter\Debug\Exceptions->errorHandler(8, 'Undefined varia...', 'G:\\OpenServer\\d...', 24, Array)
#1 G:\OpenServer\domains\noithatva.com.va\vendor\codeigniter4\framework\system\View\Cell.php(180): App\Controllers\Frontend\Search\Search->index(0)
#2 G:\OpenServer\domains\noithatva.com.va\vendor\codeigniter4\framework\system\Common.php(1140): CodeIgniter\View\Cell->render('\\App\\Controller...', 'page=0', 0, 'AppControllersF...')
#3 G:\OpenServer\domains\noithatva.com.va\app\Controllers\Frontend\Homepage\Router.php(41): view_cell('\\App\\Controller...', 'page=0')
#4 G:\OpenServer\domains\noithatva.com.va\vendor\codeigniter4\framework\system\CodeIgniter.php(918): App\Controllers\Frontend\Homepage\Router->search(0)
#5 G:\OpenServer\domains\noithatva.com.va\vendor\codeigniter4\framework\system\CodeIgniter.php(404): CodeIgniter\CodeIgniter->runController(Object(App\Controllers\Frontend\Homepage\Router))
#6 G:\OpenServer\domains\noithatva.com.va\vendor\codeigniter4\framework\system\CodeIgniter.php(312): CodeIgniter\CodeIgniter->handleRequest(NULL, Object(Config\Cache), false)
#7 G:\OpenServer\domains\noithatva.com.va\index.php(48): CodeIgniter\CodeIgniter->run()
#8 {main}
CRITICAL - 2021-11-21 20:14:00 --> Undefined variable: module_extract
#0 G:\OpenServer\domains\noithatva.com.va\app\Controllers\Frontend\Search\Search.php(58): CodeIgniter\Debug\Exceptions->errorHandler(8, 'Undefined varia...', 'G:\\OpenServer\\d...', 58, Array)
#1 G:\OpenServer\domains\noithatva.com.va\app\Controllers\Frontend\Search\Search.php(19): App\Controllers\Frontend\Search\Search->search_article(2, 'article')
#2 G:\OpenServer\domains\noithatva.com.va\vendor\codeigniter4\framework\system\View\Cell.php(180): App\Controllers\Frontend\Search\Search->index('2', 'article')
#3 G:\OpenServer\domains\noithatva.com.va\vendor\codeigniter4\framework\system\Common.php(1140): CodeIgniter\View\Cell->render('\\App\\Controller...', 'page=2, module=...', 0, 'AppControllersF...')
#4 G:\OpenServer\domains\noithatva.com.va\app\Controllers\Frontend\Homepage\Router.php(41): view_cell('\\App\\Controller...', 'page=2, module=...')
#5 G:\OpenServer\domains\noithatva.com.va\vendor\codeigniter4\framework\system\CodeIgniter.php(918): App\Controllers\Frontend\Homepage\Router->search(2, 'article', '')
#6 G:\OpenServer\domains\noithatva.com.va\vendor\codeigniter4\framework\system\CodeIgniter.php(404): CodeIgniter\CodeIgniter->runController(Object(App\Controllers\Frontend\Homepage\Router))
#7 G:\OpenServer\domains\noithatva.com.va\vendor\codeigniter4\framework\system\CodeIgniter.php(312): CodeIgniter\CodeIgniter->handleRequest(NULL, Object(Config\Cache), false)
#8 G:\OpenServer\domains\noithatva.com.va\index.php(48): CodeIgniter\CodeIgniter->run()
#9 {main}
CRITICAL - 2021-11-21 20:15:19 --> Undefined variable: module_extract
#0 G:\OpenServer\domains\noithatva.com.va\app\Controllers\Frontend\Search\Search.php(107): CodeIgniter\Debug\Exceptions->errorHandler(8, 'Undefined varia...', 'G:\\OpenServer\\d...', 107, Array)
#1 G:\OpenServer\domains\noithatva.com.va\app\Controllers\Frontend\Search\Search.php(19): App\Controllers\Frontend\Search\Search->search_article(1, 'article')
#2 G:\OpenServer\domains\noithatva.com.va\vendor\codeigniter4\framework\system\View\Cell.php(180): App\Controllers\Frontend\Search\Search->index('2', 'article')
#3 G:\OpenServer\domains\noithatva.com.va\vendor\codeigniter4\framework\system\Common.php(1140): CodeIgniter\View\Cell->render('\\App\\Controller...', 'page=2, module=...', 0, 'AppControllersF...')
#4 G:\OpenServer\domains\noithatva.com.va\app\Controllers\Frontend\Homepage\Router.php(41): view_cell('\\App\\Controller...', 'page=2, module=...')
#5 G:\OpenServer\domains\noithatva.com.va\vendor\codeigniter4\framework\system\CodeIgniter.php(918): App\Controllers\Frontend\Homepage\Router->search(2, 'article', '')
#6 G:\OpenServer\domains\noithatva.com.va\vendor\codeigniter4\framework\system\CodeIgniter.php(404): CodeIgniter\CodeIgniter->runController(Object(App\Controllers\Frontend\Homepage\Router))
#7 G:\OpenServer\domains\noithatva.com.va\vendor\codeigniter4\framework\system\CodeIgniter.php(312): CodeIgniter\CodeIgniter->handleRequest(NULL, Object(Config\Cache), false)
#8 G:\OpenServer\domains\noithatva.com.va\index.php(48): CodeIgniter\CodeIgniter->run()
#9 {main}
CRITICAL - 2021-11-21 21:35:23 --> Undefined variable: language
#0 G:\OpenServer\domains\noithatva.com.va\app\Views\frontend\homepage\common\header.php(2): CodeIgniter\Debug\Exceptions->errorHandler(8, 'Undefined varia...', 'G:\\OpenServer\\d...', 2, Array)
#1 G:\OpenServer\domains\noithatva.com.va\vendor\codeigniter4\framework\system\View\View.php(246): include('G:\\OpenServer\\d...')
#2 G:\OpenServer\domains\noithatva.com.va\vendor\codeigniter4\framework\system\Common.php(1119): CodeIgniter\View\View->render('frontend/homepa...', Array, true)
#3 G:\OpenServer\domains\noithatva.com.va\app\Views\frontend\homepage\layout\home.php(69): view('frontend/homepa...')
#4 G:\OpenServer\domains\noithatva.com.va\vendor\codeigniter4\framework\system\View\View.php(246): include('G:\\OpenServer\\d...')
#5 G:\OpenServer\domains\noithatva.com.va\vendor\codeigniter4\framework\system\Common.php(1119): CodeIgniter\View\View->render('frontend/homepa...', Array, true)
#6 G:\OpenServer\domains\noithatva.com.va\app\Controllers\Frontend\Auth\DetailUser.php(37): view('frontend/homepa...', Array)
#7 G:\OpenServer\domains\noithatva.com.va\vendor\codeigniter4\framework\system\CodeIgniter.php(918): App\Controllers\Frontend\Auth\DetailUser->index()
#8 G:\OpenServer\domains\noithatva.com.va\vendor\codeigniter4\framework\system\CodeIgniter.php(404): CodeIgniter\CodeIgniter->runController(Object(App\Controllers\Frontend\Auth\DetailUser))
#9 G:\OpenServer\domains\noithatva.com.va\vendor\codeigniter4\framework\system\CodeIgniter.php(312): CodeIgniter\CodeIgniter->handleRequest(NULL, Object(Config\Cache), false)
#10 G:\OpenServer\domains\noithatva.com.va\index.php(48): CodeIgniter\CodeIgniter->run()
#11 {main}
CRITICAL - 2021-11-21 21:38:27 --> Undefined variable: language
#0 G:\OpenServer\domains\noithatva.com.va\app\Views\frontend\homepage\common\header.php(2): CodeIgniter\Debug\Exceptions->errorHandler(8, 'Undefined varia...', 'G:\\OpenServer\\d...', 2, Array)
#1 G:\OpenServer\domains\noithatva.com.va\vendor\codeigniter4\framework\system\View\View.php(246): include('G:\\OpenServer\\d...')
#2 G:\OpenServer\domains\noithatva.com.va\vendor\codeigniter4\framework\system\Common.php(1119): CodeIgniter\View\View->render('frontend/homepa...', Array, true)
#3 G:\OpenServer\domains\noithatva.com.va\app\Views\frontend\homepage\layout\home.php(69): view('frontend/homepa...')
#4 G:\OpenServer\domains\noithatva.com.va\vendor\codeigniter4\framework\system\View\View.php(246): include('G:\\OpenServer\\d...')
#5 G:\OpenServer\domains\noithatva.com.va\vendor\codeigniter4\framework\system\Common.php(1119): CodeIgniter\View\View->render('frontend/homepa...', Array, true)
#6 G:\OpenServer\domains\noithatva.com.va\app\Controllers\Frontend\Auth\DetailUser.php(37): view('frontend/homepa...', Array)
#7 G:\OpenServer\domains\noithatva.com.va\vendor\codeigniter4\framework\system\CodeIgniter.php(918): App\Controllers\Frontend\Auth\DetailUser->index()
#8 G:\OpenServer\domains\noithatva.com.va\vendor\codeigniter4\framework\system\CodeIgniter.php(404): CodeIgniter\CodeIgniter->runController(Object(App\Controllers\Frontend\Auth\DetailUser))
#9 G:\OpenServer\domains\noithatva.com.va\vendor\codeigniter4\framework\system\CodeIgniter.php(312): CodeIgniter\CodeIgniter->handleRequest(NULL, Object(Config\Cache), false)
#10 G:\OpenServer\domains\noithatva.com.va\index.php(48): CodeIgniter\CodeIgniter->run()
#11 {main}
CRITICAL - 2021-11-21 21:44:08 --> Invalid file: {0}
#0 G:\OpenServer\domains\noithatva.com.va\vendor\codeigniter4\framework\system\View\View.php(228): CodeIgniter\Exceptions\FrameworkException::forInvalidFile('frontend/auth/d...')
#1 G:\OpenServer\domains\noithatva.com.va\vendor\codeigniter4\framework\system\Common.php(1119): CodeIgniter\View\View->render('frontend/auth/d...', Array, true)
#2 G:\OpenServer\domains\noithatva.com.va\app\Views\frontend\homepage\layout\home.php(70): view('frontend/auth/d...')
#3 G:\OpenServer\domains\noithatva.com.va\vendor\codeigniter4\framework\system\View\View.php(246): include('G:\\OpenServer\\d...')
#4 G:\OpenServer\domains\noithatva.com.va\vendor\codeigniter4\framework\system\Common.php(1119): CodeIgniter\View\View->render('frontend/homepa...', Array, true)
#5 G:\OpenServer\domains\noithatva.com.va\app\Controllers\Frontend\Auth\DetailUser.php(65): view('frontend/homepa...', Array)
#6 G:\OpenServer\domains\noithatva.com.va\vendor\codeigniter4\framework\system\CodeIgniter.php(918): App\Controllers\Frontend\Auth\DetailUser->update()
#7 G:\OpenServer\domains\noithatva.com.va\vendor\codeigniter4\framework\system\CodeIgniter.php(404): CodeIgniter\CodeIgniter->runController(Object(App\Controllers\Frontend\Auth\DetailUser))
#8 G:\OpenServer\domains\noithatva.com.va\vendor\codeigniter4\framework\system\CodeIgniter.php(312): CodeIgniter\CodeIgniter->handleRequest(NULL, Object(Config\Cache), false)
#9 G:\OpenServer\domains\noithatva.com.va\index.php(48): CodeIgniter\CodeIgniter->run()
#10 {main}
