CRITICAL - 2022-03-11 08:26:57 --> Undefined index: meta_title
#0 W:\domains\thuduc.com.va\app\Views\frontend\homepage\common\header.php(8): CodeIgniter\Debug\Exceptions->errorHandler(8, 'Undefined index...', 'W:\\domains\\thud...', 8, Array)
#1 W:\domains\thuduc.com.va\vendor\codeigniter4\framework\system\View\View.php(246): include('W:\\domains\\thud...')
#2 W:\domains\thuduc.com.va\vendor\codeigniter4\framework\system\Common.php(1119): CodeIgniter\View\View->render('frontend/homepa...', Array, true)
#3 W:\domains\thuduc.com.va\app\Views\frontend\homepage\layout\home.php(69): view('frontend/homepa...')
#4 W:\domains\thuduc.com.va\vendor\codeigniter4\framework\system\View\View.php(246): include('W:\\domains\\thud...')
#5 W:\domains\thuduc.com.va\vendor\codeigniter4\framework\system\Common.php(1119): CodeIgniter\View\View->render('frontend/homepa...', Array, true)
#6 W:\domains\thuduc.com.va\app\Controllers\Frontend\Homepage\Home.php(92): view('frontend/homepa...', Array)
#7 W:\domains\thuduc.com.va\vendor\codeigniter4\framework\system\CodeIgniter.php(918): App\Controllers\Frontend\Homepage\Home->index()
#8 W:\domains\thuduc.com.va\vendor\codeigniter4\framework\system\CodeIgniter.php(404): CodeIgniter\CodeIgniter->runController(Object(App\Controllers\Frontend\Homepage\Home))
#9 W:\domains\thuduc.com.va\vendor\codeigniter4\framework\system\CodeIgniter.php(312): CodeIgniter\CodeIgniter->handleRequest(NULL, Object(Config\Cache), false)
#10 W:\domains\thuduc.com.va\index.php(48): CodeIgniter\CodeIgniter->run()
#11 {main}
CRITICAL - 2022-03-11 19:59:01 --> Unable to connect to the database.
#0 W:\domains\thuduc.com.va\vendor\codeigniter4\framework\system\Database\BaseConnection.php(646): CodeIgniter\Database\BaseConnection->initialize()
#1 W:\domains\thuduc.com.va\vendor\codeigniter4\framework\system\Database\BaseBuilder.php(1860): CodeIgniter\Database\BaseConnection->query('SELECT `keyword...', Array, false)
#2 W:\domains\thuduc.com.va\app\Models\AutoloadModel.php(76): CodeIgniter\Database\BaseBuilder->get()
#3 W:\domains\thuduc.com.va\app\Helpers\mydatafrontend_helper.php(166): App\Models\AutoloadModel->_get_where(Array, true)
#4 W:\domains\thuduc.com.va\app\Controllers\FrontendController.php(27): get_general('vi')
#5 W:\domains\thuduc.com.va\vendor\codeigniter4\framework\system\CodeIgniter.php(891): App\Controllers\FrontendController->initController(Object(CodeIgniter\HTTP\IncomingRequest), Object(CodeIgniter\HTTP\Response), Object(CodeIgniter\Log\Logger))
#6 W:\domains\thuduc.com.va\vendor\codeigniter4\framework\system\CodeIgniter.php(399): CodeIgniter\CodeIgniter->createController()
#7 W:\domains\thuduc.com.va\vendor\codeigniter4\framework\system\CodeIgniter.php(312): CodeIgniter\CodeIgniter->handleRequest(NULL, Object(Config\Cache), false)
#8 W:\domains\thuduc.com.va\index.php(48): CodeIgniter\CodeIgniter->run()
#9 {main}
CRITICAL - 2022-03-11 19:59:01 --> Unable to connect to the database.
#0 W:\domains\thuduc.com.va\vendor\codeigniter4\framework\system\Database\BaseConnection.php(646): CodeIgniter\Database\BaseConnection->initialize()
#1 W:\domains\thuduc.com.va\vendor\codeigniter4\framework\system\Database\BaseBuilder.php(1860): CodeIgniter\Database\BaseConnection->query('SELECT `id`, `e...', Array, false)
#2 W:\domains\thuduc.com.va\app\Models\AutoloadModel.php(74): CodeIgniter\Database\BaseBuilder->get()
#3 W:\domains\thuduc.com.va\app\Filters\Auth.php(27): App\Models\AutoloadModel->_get_where(Array)
#4 W:\domains\thuduc.com.va\vendor\codeigniter4\framework\system\Filters\Filters.php(173): App\Filters\Auth->before(Object(CodeIgniter\HTTP\IncomingRequest), NULL)
#5 W:\domains\thuduc.com.va\vendor\codeigniter4\framework\system\CodeIgniter.php(382): CodeIgniter\Filters\Filters->run('backend/dashboa...', 'before')
#6 W:\domains\thuduc.com.va\vendor\codeigniter4\framework\system\CodeIgniter.php(312): CodeIgniter\CodeIgniter->handleRequest(NULL, Object(Config\Cache), false)
#7 W:\domains\thuduc.com.va\index.php(48): CodeIgniter\CodeIgniter->run()
#8 {main}
CRITICAL - 2022-03-11 20:03:32 --> Undefined index: another_banner_1
#0 W:\domains\thuduc.com.va\app\Views\frontend\homepage\common\footer.php(37): CodeIgniter\Debug\Exceptions->errorHandler(8, 'Undefined index...', 'W:\\domains\\thud...', 37, Array)
#1 W:\domains\thuduc.com.va\vendor\codeigniter4\framework\system\View\View.php(246): include('W:\\domains\\thud...')
#2 W:\domains\thuduc.com.va\vendor\codeigniter4\framework\system\Common.php(1119): CodeIgniter\View\View->render('frontend/homepa...', Array, true)
#3 W:\domains\thuduc.com.va\app\Views\frontend\homepage\layout\home.php(75): view('frontend/homepa...')
#4 W:\domains\thuduc.com.va\vendor\codeigniter4\framework\system\View\View.php(246): include('W:\\domains\\thud...')
#5 W:\domains\thuduc.com.va\vendor\codeigniter4\framework\system\Common.php(1119): CodeIgniter\View\View->render('frontend/homepa...', Array, true)
#6 W:\domains\thuduc.com.va\app\Controllers\Frontend\Homepage\Home.php(92): view('frontend/homepa...', Array)
#7 W:\domains\thuduc.com.va\vendor\codeigniter4\framework\system\CodeIgniter.php(918): App\Controllers\Frontend\Homepage\Home->index()
#8 W:\domains\thuduc.com.va\vendor\codeigniter4\framework\system\CodeIgniter.php(404): CodeIgniter\CodeIgniter->runController(Object(App\Controllers\Frontend\Homepage\Home))
#9 W:\domains\thuduc.com.va\vendor\codeigniter4\framework\system\CodeIgniter.php(312): CodeIgniter\CodeIgniter->handleRequest(NULL, Object(Config\Cache), false)
#10 W:\domains\thuduc.com.va\index.php(48): CodeIgniter\CodeIgniter->run()
#11 {main}
CRITICAL - 2022-03-11 20:54:18 --> Undefined variable: GET
#0 W:\domains\thuduc.com.va\app\Views\frontend\homepage\common\header.php(22): CodeIgniter\Debug\Exceptions->errorHandler(8, 'Undefined varia...', 'W:\\domains\\thud...', 22, Array)
#1 W:\domains\thuduc.com.va\vendor\codeigniter4\framework\system\View\View.php(246): include('W:\\domains\\thud...')
#2 W:\domains\thuduc.com.va\vendor\codeigniter4\framework\system\Common.php(1119): CodeIgniter\View\View->render('frontend/homepa...', Array, true)
#3 W:\domains\thuduc.com.va\app\Views\frontend\homepage\layout\home.php(69): view('frontend/homepa...')
#4 W:\domains\thuduc.com.va\vendor\codeigniter4\framework\system\View\View.php(246): include('W:\\domains\\thud...')
#5 W:\domains\thuduc.com.va\vendor\codeigniter4\framework\system\Common.php(1119): CodeIgniter\View\View->render('frontend/homepa...', Array, true)
#6 W:\domains\thuduc.com.va\app\Controllers\Frontend\Search\Search.php(44): view('frontend/homepa...', Array)
#7 W:\domains\thuduc.com.va\vendor\codeigniter4\framework\system\View\Cell.php(180): App\Controllers\Frontend\Search\Search->index('0', '')
#8 W:\domains\thuduc.com.va\vendor\codeigniter4\framework\system\Common.php(1140): CodeIgniter\View\Cell->render('\\App\\Controller...', 'page=0, module=', 0, 'AppControllersF...')
#9 W:\domains\thuduc.com.va\app\Controllers\Frontend\Homepage\Router.php(41): view_cell('\\App\\Controller...', 'page=0, module=')
#10 W:\domains\thuduc.com.va\vendor\codeigniter4\framework\system\CodeIgniter.php(918): App\Controllers\Frontend\Homepage\Router->search(0)
#11 W:\domains\thuduc.com.va\vendor\codeigniter4\framework\system\CodeIgniter.php(404): CodeIgniter\CodeIgniter->runController(Object(App\Controllers\Frontend\Homepage\Router))
#12 W:\domains\thuduc.com.va\vendor\codeigniter4\framework\system\CodeIgniter.php(312): CodeIgniter\CodeIgniter->handleRequest(NULL, Object(Config\Cache), false)
#13 W:\domains\thuduc.com.va\index.php(48): CodeIgniter\CodeIgniter->run()
#14 {main}
CRITICAL - 2022-03-11 20:54:48 --> Undefined variable: GET
#0 W:\domains\thuduc.com.va\app\Views\frontend\homepage\common\header.php(22): CodeIgniter\Debug\Exceptions->errorHandler(8, 'Undefined varia...', 'W:\\domains\\thud...', 22, Array)
#1 W:\domains\thuduc.com.va\vendor\codeigniter4\framework\system\View\View.php(246): include('W:\\domains\\thud...')
#2 W:\domains\thuduc.com.va\vendor\codeigniter4\framework\system\Common.php(1119): CodeIgniter\View\View->render('frontend/homepa...', Array, true)
#3 W:\domains\thuduc.com.va\app\Views\frontend\homepage\layout\home.php(69): view('frontend/homepa...')
#4 W:\domains\thuduc.com.va\vendor\codeigniter4\framework\system\View\View.php(246): include('W:\\domains\\thud...')
#5 W:\domains\thuduc.com.va\vendor\codeigniter4\framework\system\Common.php(1119): CodeIgniter\View\View->render('frontend/homepa...', Array, true)
#6 W:\domains\thuduc.com.va\app\Controllers\Frontend\Search\Search.php(44): view('frontend/homepa...', Array)
#7 W:\domains\thuduc.com.va\vendor\codeigniter4\framework\system\View\Cell.php(180): App\Controllers\Frontend\Search\Search->index('0', '')
#8 W:\domains\thuduc.com.va\vendor\codeigniter4\framework\system\Common.php(1140): CodeIgniter\View\Cell->render('\\App\\Controller...', 'page=0, module=', 0, 'AppControllersF...')
#9 W:\domains\thuduc.com.va\app\Controllers\Frontend\Homepage\Router.php(41): view_cell('\\App\\Controller...', 'page=0, module=')
#10 W:\domains\thuduc.com.va\vendor\codeigniter4\framework\system\CodeIgniter.php(918): App\Controllers\Frontend\Homepage\Router->search(0)
#11 W:\domains\thuduc.com.va\vendor\codeigniter4\framework\system\CodeIgniter.php(404): CodeIgniter\CodeIgniter->runController(Object(App\Controllers\Frontend\Homepage\Router))
#12 W:\domains\thuduc.com.va\vendor\codeigniter4\framework\system\CodeIgniter.php(312): CodeIgniter\CodeIgniter->handleRequest(NULL, Object(Config\Cache), false)
#13 W:\domains\thuduc.com.va\index.php(48): CodeIgniter\CodeIgniter->run()
#14 {main}
CRITICAL - 2022-03-11 21:46:20 --> Undefined variable: value
#0 W:\domains\thuduc.com.va\app\Views\frontend\homepage\home\index.php(28): CodeIgniter\Debug\Exceptions->errorHandler(8, 'Undefined varia...', 'W:\\domains\\thud...', 28, Array)
#1 W:\domains\thuduc.com.va\vendor\codeigniter4\framework\system\View\View.php(246): include('W:\\domains\\thud...')
#2 W:\domains\thuduc.com.va\vendor\codeigniter4\framework\system\Common.php(1119): CodeIgniter\View\View->render('frontend/homepa...', Array, true)
#3 W:\domains\thuduc.com.va\app\Views\frontend\homepage\layout\home.php(72): view('frontend/homepa...')
#4 W:\domains\thuduc.com.va\vendor\codeigniter4\framework\system\View\View.php(246): include('W:\\domains\\thud...')
#5 W:\domains\thuduc.com.va\vendor\codeigniter4\framework\system\Common.php(1119): CodeIgniter\View\View->render('frontend/homepa...', Array, true)
#6 W:\domains\thuduc.com.va\app\Controllers\Frontend\Homepage\Home.php(92): view('frontend/homepa...', Array)
#7 W:\domains\thuduc.com.va\vendor\codeigniter4\framework\system\CodeIgniter.php(918): App\Controllers\Frontend\Homepage\Home->index()
#8 W:\domains\thuduc.com.va\vendor\codeigniter4\framework\system\CodeIgniter.php(404): CodeIgniter\CodeIgniter->runController(Object(App\Controllers\Frontend\Homepage\Home))
#9 W:\domains\thuduc.com.va\vendor\codeigniter4\framework\system\CodeIgniter.php(312): CodeIgniter\CodeIgniter->handleRequest(NULL, Object(Config\Cache), false)
#10 W:\domains\thuduc.com.va\index.php(48): CodeIgniter\CodeIgniter->run()
#11 {main}
CRITICAL - 2022-03-11 21:47:34 --> Undefined variable: key
#0 W:\domains\thuduc.com.va\app\Views\frontend\homepage\home\index.php(32): CodeIgniter\Debug\Exceptions->errorHandler(8, 'Undefined varia...', 'W:\\domains\\thud...', 32, Array)
#1 W:\domains\thuduc.com.va\vendor\codeigniter4\framework\system\View\View.php(246): include('W:\\domains\\thud...')
#2 W:\domains\thuduc.com.va\vendor\codeigniter4\framework\system\Common.php(1119): CodeIgniter\View\View->render('frontend/homepa...', Array, true)
#3 W:\domains\thuduc.com.va\app\Views\frontend\homepage\layout\home.php(72): view('frontend/homepa...')
#4 W:\domains\thuduc.com.va\vendor\codeigniter4\framework\system\View\View.php(246): include('W:\\domains\\thud...')
#5 W:\domains\thuduc.com.va\vendor\codeigniter4\framework\system\Common.php(1119): CodeIgniter\View\View->render('frontend/homepa...', Array, true)
#6 W:\domains\thuduc.com.va\app\Controllers\Frontend\Homepage\Home.php(92): view('frontend/homepa...', Array)
#7 W:\domains\thuduc.com.va\vendor\codeigniter4\framework\system\CodeIgniter.php(918): App\Controllers\Frontend\Homepage\Home->index()
#8 W:\domains\thuduc.com.va\vendor\codeigniter4\framework\system\CodeIgniter.php(404): CodeIgniter\CodeIgniter->runController(Object(App\Controllers\Frontend\Homepage\Home))
#9 W:\domains\thuduc.com.va\vendor\codeigniter4\framework\system\CodeIgniter.php(312): CodeIgniter\CodeIgniter->handleRequest(NULL, Object(Config\Cache), false)
#10 W:\domains\thuduc.com.va\index.php(48): CodeIgniter\CodeIgniter->run()
#11 {main}
CRITICAL - 2022-03-11 21:47:54 --> Undefined variable: key
#0 W:\domains\thuduc.com.va\app\Views\frontend\homepage\home\index.php(32): CodeIgniter\Debug\Exceptions->errorHandler(8, 'Undefined varia...', 'W:\\domains\\thud...', 32, Array)
#1 W:\domains\thuduc.com.va\vendor\codeigniter4\framework\system\View\View.php(246): include('W:\\domains\\thud...')
#2 W:\domains\thuduc.com.va\vendor\codeigniter4\framework\system\Common.php(1119): CodeIgniter\View\View->render('frontend/homepa...', Array, true)
#3 W:\domains\thuduc.com.va\app\Views\frontend\homepage\layout\home.php(72): view('frontend/homepa...')
#4 W:\domains\thuduc.com.va\vendor\codeigniter4\framework\system\View\View.php(246): include('W:\\domains\\thud...')
#5 W:\domains\thuduc.com.va\vendor\codeigniter4\framework\system\Common.php(1119): CodeIgniter\View\View->render('frontend/homepa...', Array, true)
#6 W:\domains\thuduc.com.va\app\Controllers\Frontend\Homepage\Home.php(92): view('frontend/homepa...', Array)
#7 W:\domains\thuduc.com.va\vendor\codeigniter4\framework\system\CodeIgniter.php(918): App\Controllers\Frontend\Homepage\Home->index()
#8 W:\domains\thuduc.com.va\vendor\codeigniter4\framework\system\CodeIgniter.php(404): CodeIgniter\CodeIgniter->runController(Object(App\Controllers\Frontend\Homepage\Home))
#9 W:\domains\thuduc.com.va\vendor\codeigniter4\framework\system\CodeIgniter.php(312): CodeIgniter\CodeIgniter->handleRequest(NULL, Object(Config\Cache), false)
#10 W:\domains\thuduc.com.va\index.php(48): CodeIgniter\CodeIgniter->run()
#11 {main}
