CRITICAL - 2021-08-07 01:50:48 --> Use of undefined constant HTSEARCH - assumed 'HTSEARCH' (this will throw an Error in a future version of PHP)
#0 G:\OpenServer\domains\benchmark.com.va\app\Config\Routes.php(46): CodeIgniter\Debug\Exceptions->errorHandler(2, 'Use of undefine...', 'G:\\OpenServer\\d...', 46, Array)
#1 G:\OpenServer\domains\benchmark.com.va\vendor\codeigniter4\framework\system\CodeIgniter.php(780): require('G:\\OpenServer\\d...')
#2 G:\OpenServer\domains\benchmark.com.va\vendor\codeigniter4\framework\system\CodeIgniter.php(364): CodeIgniter\CodeIgniter->tryToRouteIt(Object(CodeIgniter\Router\RouteCollection))
#3 G:\OpenServer\domains\benchmark.com.va\vendor\codeigniter4\framework\system\CodeIgniter.php(312): CodeIgniter\CodeIgniter->handleRequest(NULL, Object(Config\Cache), false)
#4 G:\OpenServer\domains\benchmark.com.va\index.php(48): CodeIgniter\CodeIgniter->run()
#5 {main}
CRITICAL - 2021-08-07 01:52:05 --> Use of undefined constant HTSEARCH - assumed 'HTSEARCH' (this will throw an Error in a future version of PHP)
#0 G:\OpenServer\domains\benchmark.com.va\app\Config\Routes.php(46): CodeIgniter\Debug\Exceptions->errorHandler(2, 'Use of undefine...', 'G:\\OpenServer\\d...', 46, Array)
#1 G:\OpenServer\domains\benchmark.com.va\vendor\codeigniter4\framework\system\CodeIgniter.php(780): require('G:\\OpenServer\\d...')
#2 G:\OpenServer\domains\benchmark.com.va\vendor\codeigniter4\framework\system\CodeIgniter.php(364): CodeIgniter\CodeIgniter->tryToRouteIt(Object(CodeIgniter\Router\RouteCollection))
#3 G:\OpenServer\domains\benchmark.com.va\vendor\codeigniter4\framework\system\CodeIgniter.php(312): CodeIgniter\CodeIgniter->handleRequest(NULL, Object(Config\Cache), false)
#4 G:\OpenServer\domains\benchmark.com.va\index.php(48): CodeIgniter\CodeIgniter->run()
#5 {main}
CRITICAL - 2021-08-07 01:52:13 --> Use of undefined constant HTSEARCH - assumed 'HTSEARCH' (this will throw an Error in a future version of PHP)
#0 G:\OpenServer\domains\benchmark.com.va\app\Config\Routes.php(46): CodeIgniter\Debug\Exceptions->errorHandler(2, 'Use of undefine...', 'G:\\OpenServer\\d...', 46, Array)
#1 G:\OpenServer\domains\benchmark.com.va\vendor\codeigniter4\framework\system\CodeIgniter.php(780): require('G:\\OpenServer\\d...')
#2 G:\OpenServer\domains\benchmark.com.va\vendor\codeigniter4\framework\system\CodeIgniter.php(364): CodeIgniter\CodeIgniter->tryToRouteIt(Object(CodeIgniter\Router\RouteCollection))
#3 G:\OpenServer\domains\benchmark.com.va\vendor\codeigniter4\framework\system\CodeIgniter.php(312): CodeIgniter\CodeIgniter->handleRequest(NULL, Object(Config\Cache), false)
#4 G:\OpenServer\domains\benchmark.com.va\index.php(48): CodeIgniter\CodeIgniter->run()
#5 {main}
CRITICAL - 2021-08-07 01:56:54 --> Column 'description' cannot be null
#0 G:\OpenServer\domains\benchmark.com.va\vendor\codeigniter4\framework\system\Database\MySQLi\Connection.php(331): mysqli->query('INSERT INTO `sl...')
#1 G:\OpenServer\domains\benchmark.com.va\vendor\codeigniter4\framework\system\Database\BaseConnection.php(741): CodeIgniter\Database\MySQLi\Connection->execute('INSERT INTO `sl...')
#2 G:\OpenServer\domains\benchmark.com.va\vendor\codeigniter4\framework\system\Database\BaseConnection.php(669): CodeIgniter\Database\BaseConnection->simpleQuery('INSERT INTO `sl...')
#3 G:\OpenServer\domains\benchmark.com.va\vendor\codeigniter4\framework\system\Database\BaseBuilder.php(2249): CodeIgniter\Database\BaseConnection->query('INSERT INTO `sl...', Array, false)
#4 G:\OpenServer\domains\benchmark.com.va\app\Models\AutoloadModel.php(90): CodeIgniter\Database\BaseBuilder->insert(Array)
#5 G:\OpenServer\domains\benchmark.com.va\app\Controllers\Backend\Slide\Slide.php(93): App\Models\AutoloadModel->_insert(Array)
#6 G:\OpenServer\domains\benchmark.com.va\vendor\codeigniter4\framework\system\CodeIgniter.php(918): App\Controllers\Backend\Slide\Slide->create()
#7 G:\OpenServer\domains\benchmark.com.va\vendor\codeigniter4\framework\system\CodeIgniter.php(404): CodeIgniter\CodeIgniter->runController(Object(App\Controllers\Backend\Slide\Slide))
#8 G:\OpenServer\domains\benchmark.com.va\vendor\codeigniter4\framework\system\CodeIgniter.php(312): CodeIgniter\CodeIgniter->handleRequest(NULL, Object(Config\Cache), false)
#9 G:\OpenServer\domains\benchmark.com.va\index.php(48): CodeIgniter\CodeIgniter->run()
#10 {main}
CRITICAL - 2021-08-07 02:03:36 --> syntax error, unexpected '=>' (T_DOUBLE_ARROW), expecting ',' or ')'
#0 G:\OpenServer\domains\benchmark.com.va\vendor\codeigniter4\framework\system\Common.php(1119): CodeIgniter\View\View->render('frontend/homepa...', Array, true)
#1 G:\OpenServer\domains\benchmark.com.va\app\Views\frontend\homepage\layout\home.php(67): view('frontend/homepa...')
#2 G:\OpenServer\domains\benchmark.com.va\vendor\codeigniter4\framework\system\View\View.php(246): include('G:\\OpenServer\\d...')
#3 G:\OpenServer\domains\benchmark.com.va\vendor\codeigniter4\framework\system\Common.php(1119): CodeIgniter\View\View->render('frontend/homepa...', Array, true)
#4 G:\OpenServer\domains\benchmark.com.va\app\Controllers\Frontend\Homepage\Home.php(31): view('frontend/homepa...', Array)
#5 G:\OpenServer\domains\benchmark.com.va\vendor\codeigniter4\framework\system\CodeIgniter.php(918): App\Controllers\Frontend\Homepage\Home->index()
#6 G:\OpenServer\domains\benchmark.com.va\vendor\codeigniter4\framework\system\CodeIgniter.php(404): CodeIgniter\CodeIgniter->runController(Object(App\Controllers\Frontend\Homepage\Home))
#7 G:\OpenServer\domains\benchmark.com.va\vendor\codeigniter4\framework\system\CodeIgniter.php(312): CodeIgniter\CodeIgniter->handleRequest(NULL, Object(Config\Cache), false)
#8 G:\OpenServer\domains\benchmark.com.va\index.php(48): CodeIgniter\CodeIgniter->run()
#9 {main}
CRITICAL - 2021-08-07 02:03:48 --> syntax error, unexpected 'prE' (T_STRING)
#0 G:\OpenServer\domains\benchmark.com.va\vendor\codeigniter4\framework\system\Common.php(1119): CodeIgniter\View\View->render('frontend/homepa...', Array, true)
#1 G:\OpenServer\domains\benchmark.com.va\app\Views\frontend\homepage\layout\home.php(67): view('frontend/homepa...')
#2 G:\OpenServer\domains\benchmark.com.va\vendor\codeigniter4\framework\system\View\View.php(246): include('G:\\OpenServer\\d...')
#3 G:\OpenServer\domains\benchmark.com.va\vendor\codeigniter4\framework\system\Common.php(1119): CodeIgniter\View\View->render('frontend/homepa...', Array, true)
#4 G:\OpenServer\domains\benchmark.com.va\app\Controllers\Frontend\Homepage\Home.php(31): view('frontend/homepa...', Array)
#5 G:\OpenServer\domains\benchmark.com.va\vendor\codeigniter4\framework\system\CodeIgniter.php(918): App\Controllers\Frontend\Homepage\Home->index()
#6 G:\OpenServer\domains\benchmark.com.va\vendor\codeigniter4\framework\system\CodeIgniter.php(404): CodeIgniter\CodeIgniter->runController(Object(App\Controllers\Frontend\Homepage\Home))
#7 G:\OpenServer\domains\benchmark.com.va\vendor\codeigniter4\framework\system\CodeIgniter.php(312): CodeIgniter\CodeIgniter->handleRequest(NULL, Object(Config\Cache), false)
#8 G:\OpenServer\domains\benchmark.com.va\index.php(48): CodeIgniter\CodeIgniter->run()
#9 {main}
CRITICAL - 2021-08-07 02:12:13 --> Undefined offset: 4
#0 G:\OpenServer\domains\benchmark.com.va\app\Views\frontend\homepage\home\index.php(286): CodeIgniter\Debug\Exceptions->errorHandler(8, 'Undefined offse...', 'G:\\OpenServer\\d...', 286, Array)
#1 G:\OpenServer\domains\benchmark.com.va\vendor\codeigniter4\framework\system\View\View.php(246): include('G:\\OpenServer\\d...')
#2 G:\OpenServer\domains\benchmark.com.va\vendor\codeigniter4\framework\system\Common.php(1119): CodeIgniter\View\View->render('frontend/homepa...', Array, true)
#3 G:\OpenServer\domains\benchmark.com.va\app\Views\frontend\homepage\layout\home.php(67): view('frontend/homepa...')
#4 G:\OpenServer\domains\benchmark.com.va\vendor\codeigniter4\framework\system\View\View.php(246): include('G:\\OpenServer\\d...')
#5 G:\OpenServer\domains\benchmark.com.va\vendor\codeigniter4\framework\system\Common.php(1119): CodeIgniter\View\View->render('frontend/homepa...', Array, true)
#6 G:\OpenServer\domains\benchmark.com.va\app\Controllers\Frontend\Homepage\Home.php(31): view('frontend/homepa...', Array)
#7 G:\OpenServer\domains\benchmark.com.va\vendor\codeigniter4\framework\system\CodeIgniter.php(918): App\Controllers\Frontend\Homepage\Home->index()
#8 G:\OpenServer\domains\benchmark.com.va\vendor\codeigniter4\framework\system\CodeIgniter.php(404): CodeIgniter\CodeIgniter->runController(Object(App\Controllers\Frontend\Homepage\Home))
#9 G:\OpenServer\domains\benchmark.com.va\vendor\codeigniter4\framework\system\CodeIgniter.php(312): CodeIgniter\CodeIgniter->handleRequest(NULL, Object(Config\Cache), false)
#10 G:\OpenServer\domains\benchmark.com.va\index.php(48): CodeIgniter\CodeIgniter->run()
#11 {main}
CRITICAL - 2021-08-07 02:13:23 --> Undefined variable: i
#0 G:\OpenServer\domains\benchmark.com.va\app\Views\frontend\homepage\home\index.php(287): CodeIgniter\Debug\Exceptions->errorHandler(8, 'Undefined varia...', 'G:\\OpenServer\\d...', 287, Array)
#1 G:\OpenServer\domains\benchmark.com.va\vendor\codeigniter4\framework\system\View\View.php(246): include('G:\\OpenServer\\d...')
#2 G:\OpenServer\domains\benchmark.com.va\vendor\codeigniter4\framework\system\Common.php(1119): CodeIgniter\View\View->render('frontend/homepa...', Array, true)
#3 G:\OpenServer\domains\benchmark.com.va\app\Views\frontend\homepage\layout\home.php(67): view('frontend/homepa...')
#4 G:\OpenServer\domains\benchmark.com.va\vendor\codeigniter4\framework\system\View\View.php(246): include('G:\\OpenServer\\d...')
#5 G:\OpenServer\domains\benchmark.com.va\vendor\codeigniter4\framework\system\Common.php(1119): CodeIgniter\View\View->render('frontend/homepa...', Array, true)
#6 G:\OpenServer\domains\benchmark.com.va\app\Controllers\Frontend\Homepage\Home.php(31): view('frontend/homepa...', Array)
#7 G:\OpenServer\domains\benchmark.com.va\vendor\codeigniter4\framework\system\CodeIgniter.php(918): App\Controllers\Frontend\Homepage\Home->index()
#8 G:\OpenServer\domains\benchmark.com.va\vendor\codeigniter4\framework\system\CodeIgniter.php(404): CodeIgniter\CodeIgniter->runController(Object(App\Controllers\Frontend\Homepage\Home))
#9 G:\OpenServer\domains\benchmark.com.va\vendor\codeigniter4\framework\system\CodeIgniter.php(312): CodeIgniter\CodeIgniter->handleRequest(NULL, Object(Config\Cache), false)
#10 G:\OpenServer\domains\benchmark.com.va\index.php(48): CodeIgniter\CodeIgniter->run()
#11 {main}
CRITICAL - 2021-08-07 02:15:09 --> Undefined index: cart_description
#0 G:\OpenServer\domains\benchmark.com.va\app\Views\frontend\homepage\home\index.php(247): CodeIgniter\Debug\Exceptions->errorHandler(8, 'Undefined index...', 'G:\\OpenServer\\d...', 247, Array)
#1 G:\OpenServer\domains\benchmark.com.va\vendor\codeigniter4\framework\system\View\View.php(246): include('G:\\OpenServer\\d...')
#2 G:\OpenServer\domains\benchmark.com.va\vendor\codeigniter4\framework\system\Common.php(1119): CodeIgniter\View\View->render('frontend/homepa...', Array, true)
#3 G:\OpenServer\domains\benchmark.com.va\app\Views\frontend\homepage\layout\home.php(67): view('frontend/homepa...')
#4 G:\OpenServer\domains\benchmark.com.va\vendor\codeigniter4\framework\system\View\View.php(246): include('G:\\OpenServer\\d...')
#5 G:\OpenServer\domains\benchmark.com.va\vendor\codeigniter4\framework\system\Common.php(1119): CodeIgniter\View\View->render('frontend/homepa...', Array, true)
#6 G:\OpenServer\domains\benchmark.com.va\app\Controllers\Frontend\Homepage\Home.php(31): view('frontend/homepa...', Array)
#7 G:\OpenServer\domains\benchmark.com.va\vendor\codeigniter4\framework\system\CodeIgniter.php(918): App\Controllers\Frontend\Homepage\Home->index()
#8 G:\OpenServer\domains\benchmark.com.va\vendor\codeigniter4\framework\system\CodeIgniter.php(404): CodeIgniter\CodeIgniter->runController(Object(App\Controllers\Frontend\Homepage\Home))
#9 G:\OpenServer\domains\benchmark.com.va\vendor\codeigniter4\framework\system\CodeIgniter.php(312): CodeIgniter\CodeIgniter->handleRequest(NULL, Object(Config\Cache), false)
#10 G:\OpenServer\domains\benchmark.com.va\index.php(48): CodeIgniter\CodeIgniter->run()
#11 {main}
CRITICAL - 2021-08-07 04:12:18 --> Undefined variable: canonical
#0 G:\OpenServer\domains\benchmark.com.va\app\Helpers\renderdata_helper.php(15): CodeIgniter\Debug\Exceptions->errorHandler(8, 'Undefined varia...', 'G:\\OpenServer\\d...', 15, Array)
#1 G:\OpenServer\domains\benchmark.com.va\app\Helpers\mydatafrontend_helper.php(404): render_menu_frontend(Array)
#2 G:\OpenServer\domains\benchmark.com.va\app\Views\frontend\homepage\common\header.php(4): get_menu(Array)
#3 G:\OpenServer\domains\benchmark.com.va\vendor\codeigniter4\framework\system\View\View.php(246): include('G:\\OpenServer\\d...')
#4 G:\OpenServer\domains\benchmark.com.va\vendor\codeigniter4\framework\system\Common.php(1119): CodeIgniter\View\View->render('frontend/homepa...', Array, true)
#5 G:\OpenServer\domains\benchmark.com.va\app\Views\frontend\homepage\layout\home.php(65): view('frontend/homepa...')
#6 G:\OpenServer\domains\benchmark.com.va\vendor\codeigniter4\framework\system\View\View.php(246): include('G:\\OpenServer\\d...')
#7 G:\OpenServer\domains\benchmark.com.va\vendor\codeigniter4\framework\system\Common.php(1119): CodeIgniter\View\View->render('frontend/homepa...', Array, true)
#8 G:\OpenServer\domains\benchmark.com.va\app\Controllers\Frontend\Article\Catalogue.php(125): view('frontend/homepa...', Array)
#9 G:\OpenServer\domains\benchmark.com.va\vendor\codeigniter4\framework\system\View\Cell.php(180): App\Controllers\Frontend\Article\Catalogue->index(2, 1)
#10 G:\OpenServer\domains\benchmark.com.va\vendor\codeigniter4\framework\system\Common.php(1140): CodeIgniter\View\Cell->render('\\App\\Controller...', 'id=2, page=1', 0, 'AppControllersF...')
#11 G:\OpenServer\domains\benchmark.com.va\app\Controllers\Frontend\Homepage\Router.php(59): view_cell('\\App\\Controller...', 'id=2, page=1')
#12 G:\OpenServer\domains\benchmark.com.va\vendor\codeigniter4\framework\system\CodeIgniter.php(918): App\Controllers\Frontend\Homepage\Router->index('our-service')
#13 G:\OpenServer\domains\benchmark.com.va\vendor\codeigniter4\framework\system\CodeIgniter.php(404): CodeIgniter\CodeIgniter->runController(Object(App\Controllers\Frontend\Homepage\Router))
#14 G:\OpenServer\domains\benchmark.com.va\vendor\codeigniter4\framework\system\CodeIgniter.php(312): CodeIgniter\CodeIgniter->handleRequest(NULL, Object(Config\Cache), false)
#15 G:\OpenServer\domains\benchmark.com.va\index.php(48): CodeIgniter\CodeIgniter->run()
#16 {main}
