CRITICAL - 2021-12-09 01:34:01 --> Undefined variable: totalTime
#0 G:\OpenServer\domains\vademoweb.com\vendor\codeigniter4\framework\system\Debug\Toolbar\Views\toolbar.tpl.php(56): CodeIgniter\Debug\Exceptions->errorHandler(8, 'Undefined varia...', 'G:\\OpenServer\\d...', 56, Array)
#1 G:\OpenServer\domains\vademoweb.com\vendor\codeigniter4\framework\system\Debug\Toolbar.php(498): include('G:\\OpenServer\\d...')
#2 G:\OpenServer\domains\vademoweb.com\vendor\codeigniter4\framework\system\Debug\Toolbar.php(455): CodeIgniter\Debug\Toolbar->format(Array, 'html')
#3 G:\OpenServer\domains\vademoweb.com\app\Config\Events.php(44): CodeIgniter\Debug\Toolbar->respond()
#4 [internal function]: CodeIgniter\Events\Events::Config\{closure}()
#5 G:\OpenServer\domains\vademoweb.com\vendor\codeigniter4\framework\system\Events\Events.php(188): call_user_func(Object(Closure))
#6 G:\OpenServer\domains\vademoweb.com\vendor\codeigniter4\framework\system\CodeIgniter.php(293): CodeIgniter\Events\Events::trigger('pre_system')
#7 G:\OpenServer\domains\vademoweb.com\index.php(48): CodeIgniter\CodeIgniter->run()
#8 {main}
CRITICAL - 2021-12-09 04:46:16 --> Unknown column 'template' in 'field list'
#0 G:\OpenServer\domains\vademoweb.com\vendor\codeigniter4\framework\system\Database\MySQLi\Connection.php(331): mysqli->query('UPDATE `media_t...')
#1 G:\OpenServer\domains\vademoweb.com\vendor\codeigniter4\framework\system\Database\BaseConnection.php(741): CodeIgniter\Database\MySQLi\Connection->execute('UPDATE `media_t...')
#2 G:\OpenServer\domains\vademoweb.com\vendor\codeigniter4\framework\system\Database\BaseConnection.php(669): CodeIgniter\Database\BaseConnection->simpleQuery('UPDATE `media_t...')
#3 G:\OpenServer\domains\vademoweb.com\vendor\codeigniter4\framework\system\Database\BaseBuilder.php(2456): CodeIgniter\Database\BaseConnection->query('UPDATE `media_t...', Array, false)
#4 G:\OpenServer\domains\vademoweb.com\app\Models\AutoloadModel.php(105): CodeIgniter\Database\BaseBuilder->update(Array)
#5 G:\OpenServer\domains\vademoweb.com\app\Controllers\Backend\Media\Catalogue.php(168): App\Models\AutoloadModel->_update(Array)
#6 G:\OpenServer\domains\vademoweb.com\vendor\codeigniter4\framework\system\CodeIgniter.php(918): App\Controllers\Backend\Media\Catalogue->update(17)
#7 G:\OpenServer\domains\vademoweb.com\vendor\codeigniter4\framework\system\CodeIgniter.php(404): CodeIgniter\CodeIgniter->runController(Object(App\Controllers\Backend\Media\Catalogue))
#8 G:\OpenServer\domains\vademoweb.com\vendor\codeigniter4\framework\system\CodeIgniter.php(312): CodeIgniter\CodeIgniter->handleRequest(NULL, Object(Config\Cache), false)
#9 G:\OpenServer\domains\vademoweb.com\index.php(48): CodeIgniter\CodeIgniter->run()
#10 {main}
CRITICAL - 2021-12-09 04:49:18 --> Invalid file: {0}
#0 G:\OpenServer\domains\vademoweb.com\vendor\codeigniter4\framework\system\View\View.php(228): CodeIgniter\Exceptions\FrameworkException::forInvalidFile('frontend/media/...')
#1 G:\OpenServer\domains\vademoweb.com\vendor\codeigniter4\framework\system\Common.php(1119): CodeIgniter\View\View->render('frontend/media/...', Array, true)
#2 G:\OpenServer\domains\vademoweb.com\app\Views\frontend\homepage\layout\home.php(69): view('frontend/media/...')
#3 G:\OpenServer\domains\vademoweb.com\vendor\codeigniter4\framework\system\View\View.php(246): include('G:\\OpenServer\\d...')
#4 G:\OpenServer\domains\vademoweb.com\vendor\codeigniter4\framework\system\Common.php(1119): CodeIgniter\View\View->render('frontend/homepa...', Array, true)
#5 G:\OpenServer\domains\vademoweb.com\app\Controllers\Frontend\Media\Catalogue.php(150): view('frontend/homepa...', Array)
#6 G:\OpenServer\domains\vademoweb.com\vendor\codeigniter4\framework\system\View\Cell.php(180): App\Controllers\Frontend\Media\Catalogue->index(17, 0)
#7 G:\OpenServer\domains\vademoweb.com\vendor\codeigniter4\framework\system\Common.php(1140): CodeIgniter\View\Cell->render('\\App\\Controller...', 'id=17, page=1', 0, 'AppControllersF...')
#8 G:\OpenServer\domains\vademoweb.com\app\Controllers\Frontend\Homepage\Router.php(59): view_cell('\\App\\Controller...', 'id=17, page=1')
#9 G:\OpenServer\domains\vademoweb.com\vendor\codeigniter4\framework\system\CodeIgniter.php(918): App\Controllers\Frontend\Homepage\Router->index('du-an')
#10 G:\OpenServer\domains\vademoweb.com\vendor\codeigniter4\framework\system\CodeIgniter.php(404): CodeIgniter\CodeIgniter->runController(Object(App\Controllers\Frontend\Homepage\Router))
#11 G:\OpenServer\domains\vademoweb.com\vendor\codeigniter4\framework\system\CodeIgniter.php(312): CodeIgniter\CodeIgniter->handleRequest(NULL, Object(Config\Cache), false)
#12 G:\OpenServer\domains\vademoweb.com\index.php(48): CodeIgniter\CodeIgniter->run()
#13 {main}
CRITICAL - 2021-12-09 04:54:37 --> Undefined offset: 0
#0 G:\OpenServer\domains\vademoweb.com\app\Controllers\Frontend\Media\Catalogue.php(67): CodeIgniter\Debug\Exceptions->errorHandler(8, 'Undefined offse...', 'G:\\OpenServer\\d...', 67, Array)
#1 G:\OpenServer\domains\vademoweb.com\vendor\codeigniter4\framework\system\View\Cell.php(180): App\Controllers\Frontend\Media\Catalogue->index(17, '1')
#2 G:\OpenServer\domains\vademoweb.com\vendor\codeigniter4\framework\system\Common.php(1140): CodeIgniter\View\Cell->render('\\App\\Controller...', 'id=17, page=1', 0, 'AppControllersF...')
#3 G:\OpenServer\domains\vademoweb.com\app\Controllers\Frontend\Homepage\Router.php(59): view_cell('\\App\\Controller...', 'id=17, page=1')
#4 G:\OpenServer\domains\vademoweb.com\vendor\codeigniter4\framework\system\CodeIgniter.php(918): App\Controllers\Frontend\Homepage\Router->index('du-an')
#5 G:\OpenServer\domains\vademoweb.com\vendor\codeigniter4\framework\system\CodeIgniter.php(404): CodeIgniter\CodeIgniter->runController(Object(App\Controllers\Frontend\Homepage\Router))
#6 G:\OpenServer\domains\vademoweb.com\vendor\codeigniter4\framework\system\CodeIgniter.php(312): CodeIgniter\CodeIgniter->handleRequest(NULL, Object(Config\Cache), false)
#7 G:\OpenServer\domains\vademoweb.com\index.php(48): CodeIgniter\CodeIgniter->run()
#8 {main}
CRITICAL - 2021-12-09 04:54:39 --> Undefined offset: 0
#0 G:\OpenServer\domains\vademoweb.com\app\Controllers\Frontend\Media\Catalogue.php(67): CodeIgniter\Debug\Exceptions->errorHandler(8, 'Undefined offse...', 'G:\\OpenServer\\d...', 67, Array)
#1 G:\OpenServer\domains\vademoweb.com\vendor\codeigniter4\framework\system\View\Cell.php(180): App\Controllers\Frontend\Media\Catalogue->index(17, '1')
#2 G:\OpenServer\domains\vademoweb.com\vendor\codeigniter4\framework\system\Common.php(1140): CodeIgniter\View\Cell->render('\\App\\Controller...', 'id=17, page=1', 0, 'AppControllersF...')
#3 G:\OpenServer\domains\vademoweb.com\app\Controllers\Frontend\Homepage\Router.php(59): view_cell('\\App\\Controller...', 'id=17, page=1')
#4 G:\OpenServer\domains\vademoweb.com\vendor\codeigniter4\framework\system\CodeIgniter.php(918): App\Controllers\Frontend\Homepage\Router->index('du-an')
#5 G:\OpenServer\domains\vademoweb.com\vendor\codeigniter4\framework\system\CodeIgniter.php(404): CodeIgniter\CodeIgniter->runController(Object(App\Controllers\Frontend\Homepage\Router))
#6 G:\OpenServer\domains\vademoweb.com\vendor\codeigniter4\framework\system\CodeIgniter.php(312): CodeIgniter\CodeIgniter->handleRequest(NULL, Object(Config\Cache), false)
#7 G:\OpenServer\domains\vademoweb.com\index.php(48): CodeIgniter\CodeIgniter->run()
#8 {main}
CRITICAL - 2021-12-09 04:57:56 --> Undefined variable: panel
#0 G:\OpenServer\domains\vademoweb.com\app\Views\frontend\media\catalogue\gallery.php(46): CodeIgniter\Debug\Exceptions->errorHandler(8, 'Undefined varia...', 'G:\\OpenServer\\d...', 46, Array)
#1 G:\OpenServer\domains\vademoweb.com\vendor\codeigniter4\framework\system\View\View.php(246): include('G:\\OpenServer\\d...')
#2 G:\OpenServer\domains\vademoweb.com\vendor\codeigniter4\framework\system\Common.php(1119): CodeIgniter\View\View->render('frontend/media/...', Array, true)
#3 G:\OpenServer\domains\vademoweb.com\app\Views\frontend\homepage\layout\home.php(69): view('frontend/media/...')
#4 G:\OpenServer\domains\vademoweb.com\vendor\codeigniter4\framework\system\View\View.php(246): include('G:\\OpenServer\\d...')
#5 G:\OpenServer\domains\vademoweb.com\vendor\codeigniter4\framework\system\Common.php(1119): CodeIgniter\View\View->render('frontend/homepa...', Array, true)
#6 G:\OpenServer\domains\vademoweb.com\app\Controllers\Frontend\Media\Catalogue.php(154): view('frontend/homepa...', Array)
#7 G:\OpenServer\domains\vademoweb.com\vendor\codeigniter4\framework\system\View\Cell.php(180): App\Controllers\Frontend\Media\Catalogue->index(17, 0)
#8 G:\OpenServer\domains\vademoweb.com\vendor\codeigniter4\framework\system\Common.php(1140): CodeIgniter\View\Cell->render('\\App\\Controller...', 'id=17, page=1', 0, 'AppControllersF...')
#9 G:\OpenServer\domains\vademoweb.com\app\Controllers\Frontend\Homepage\Router.php(59): view_cell('\\App\\Controller...', 'id=17, page=1')
#10 G:\OpenServer\domains\vademoweb.com\vendor\codeigniter4\framework\system\CodeIgniter.php(918): App\Controllers\Frontend\Homepage\Router->index('du-an')
#11 G:\OpenServer\domains\vademoweb.com\vendor\codeigniter4\framework\system\CodeIgniter.php(404): CodeIgniter\CodeIgniter->runController(Object(App\Controllers\Frontend\Homepage\Router))
#12 G:\OpenServer\domains\vademoweb.com\vendor\codeigniter4\framework\system\CodeIgniter.php(312): CodeIgniter\CodeIgniter->handleRequest(NULL, Object(Config\Cache), false)
#13 G:\OpenServer\domains\vademoweb.com\index.php(48): CodeIgniter\CodeIgniter->run()
#14 {main}
CRITICAL - 2021-12-09 05:10:10 --> Undefined variable: articleList
#0 G:\OpenServer\domains\vademoweb.com\app\Controllers\Frontend\Media\Catalogue.php(342): CodeIgniter\Debug\Exceptions->errorHandler(8, 'Undefined varia...', 'G:\\OpenServer\\d...', 342, Array)
#1 G:\OpenServer\domains\vademoweb.com\vendor\codeigniter4\framework\system\CodeIgniter.php(918): App\Controllers\Frontend\Media\Catalogue->load_website_gallery()
#2 G:\OpenServer\domains\vademoweb.com\vendor\codeigniter4\framework\system\CodeIgniter.php(404): CodeIgniter\CodeIgniter->runController(Object(App\Controllers\Frontend\Media\Catalogue))
#3 G:\OpenServer\domains\vademoweb.com\vendor\codeigniter4\framework\system\CodeIgniter.php(312): CodeIgniter\CodeIgniter->handleRequest(NULL, Object(Config\Cache), false)
#4 G:\OpenServer\domains\vademoweb.com\index.php(48): CodeIgniter\CodeIgniter->run()
#5 {main}
CRITICAL - 2021-12-09 05:10:22 --> Undefined variable: articleList
#0 G:\OpenServer\domains\vademoweb.com\app\Controllers\Frontend\Media\Catalogue.php(342): CodeIgniter\Debug\Exceptions->errorHandler(8, 'Undefined varia...', 'G:\\OpenServer\\d...', 342, Array)
#1 G:\OpenServer\domains\vademoweb.com\vendor\codeigniter4\framework\system\CodeIgniter.php(918): App\Controllers\Frontend\Media\Catalogue->load_website_gallery()
#2 G:\OpenServer\domains\vademoweb.com\vendor\codeigniter4\framework\system\CodeIgniter.php(404): CodeIgniter\CodeIgniter->runController(Object(App\Controllers\Frontend\Media\Catalogue))
#3 G:\OpenServer\domains\vademoweb.com\vendor\codeigniter4\framework\system\CodeIgniter.php(312): CodeIgniter\CodeIgniter->handleRequest(NULL, Object(Config\Cache), false)
#4 G:\OpenServer\domains\vademoweb.com\index.php(48): CodeIgniter\CodeIgniter->run()
#5 {main}
CRITICAL - 2021-12-09 05:14:33 --> Invalid file: {0}
#0 G:\OpenServer\domains\vademoweb.com\vendor\codeigniter4\framework\system\View\View.php(228): CodeIgniter\Exceptions\FrameworkException::forInvalidFile('.php')
#1 G:\OpenServer\domains\vademoweb.com\vendor\codeigniter4\framework\system\Common.php(1119): CodeIgniter\View\View->render('', Array, true)
#2 G:\OpenServer\domains\vademoweb.com\app\Views\frontend\homepage\layout\home.php(69): view('')
#3 G:\OpenServer\domains\vademoweb.com\vendor\codeigniter4\framework\system\View\View.php(246): include('G:\\OpenServer\\d...')
#4 G:\OpenServer\domains\vademoweb.com\vendor\codeigniter4\framework\system\Common.php(1119): CodeIgniter\View\View->render('frontend/homepa...', Array, true)
#5 G:\OpenServer\domains\vademoweb.com\app\Controllers\Frontend\Media\Catalogue.php(160): view('frontend/homepa...', Array)
#6 G:\OpenServer\domains\vademoweb.com\vendor\codeigniter4\framework\system\View\Cell.php(180): App\Controllers\Frontend\Media\Catalogue->index(12, 0)
#7 G:\OpenServer\domains\vademoweb.com\vendor\codeigniter4\framework\system\Common.php(1140): CodeIgniter\View\Cell->render('\\App\\Controller...', 'id=12, page=1', 0, 'AppControllersF...')
#8 G:\OpenServer\domains\vademoweb.com\app\Controllers\Frontend\Homepage\Router.php(59): view_cell('\\App\\Controller...', 'id=12, page=1')
#9 G:\OpenServer\domains\vademoweb.com\vendor\codeigniter4\framework\system\CodeIgniter.php(918): App\Controllers\Frontend\Homepage\Router->index('thiet-ke-noi-th...')
#10 G:\OpenServer\domains\vademoweb.com\vendor\codeigniter4\framework\system\CodeIgniter.php(404): CodeIgniter\CodeIgniter->runController(Object(App\Controllers\Frontend\Homepage\Router))
#11 G:\OpenServer\domains\vademoweb.com\vendor\codeigniter4\framework\system\CodeIgniter.php(312): CodeIgniter\CodeIgniter->handleRequest(NULL, Object(Config\Cache), false)
#12 G:\OpenServer\domains\vademoweb.com\index.php(48): CodeIgniter\CodeIgniter->run()
#13 {main}
CRITICAL - 2021-12-09 21:05:58 --> Undefined variable: totalTime
#0 G:\OpenServer\domains\vademoweb.com\vendor\codeigniter4\framework\system\Debug\Toolbar\Views\toolbar.tpl.php(56): CodeIgniter\Debug\Exceptions->errorHandler(8, 'Undefined varia...', 'G:\\OpenServer\\d...', 56, Array)
#1 G:\OpenServer\domains\vademoweb.com\vendor\codeigniter4\framework\system\Debug\Toolbar.php(498): include('G:\\OpenServer\\d...')
#2 G:\OpenServer\domains\vademoweb.com\vendor\codeigniter4\framework\system\Debug\Toolbar.php(455): CodeIgniter\Debug\Toolbar->format(Array, 'html')
#3 G:\OpenServer\domains\vademoweb.com\app\Config\Events.php(44): CodeIgniter\Debug\Toolbar->respond()
#4 [internal function]: CodeIgniter\Events\Events::Config\{closure}()
#5 G:\OpenServer\domains\vademoweb.com\vendor\codeigniter4\framework\system\Events\Events.php(188): call_user_func(Object(Closure))
#6 G:\OpenServer\domains\vademoweb.com\vendor\codeigniter4\framework\system\CodeIgniter.php(293): CodeIgniter\Events\Events::trigger('pre_system')
#7 G:\OpenServer\domains\vademoweb.com\index.php(48): CodeIgniter\CodeIgniter->run()
#8 {main}
