CRITICAL - 2021-05-26 20:23:36 --> Undefined index: homepage_favicon
#0 E:\OpenServer\domains\ht.aloprint.com\app\Views\frontend\homepage\layout\home.php(17): CodeIgniter\Debug\Exceptions->errorHandler(8, 'Undefined index...', 'E:\\OpenServer\\d...', 17, Array)
#1 E:\OpenServer\domains\ht.aloprint.com\vendor\codeigniter4\framework\system\View\View.php(246): include('E:\\OpenServer\\d...')
#2 E:\OpenServer\domains\ht.aloprint.com\vendor\codeigniter4\framework\system\Common.php(1119): CodeIgniter\View\View->render('frontend/homepa...', Array, true)
#3 E:\OpenServer\domains\ht.aloprint.com\app\Controllers\Frontend\Homepage\Home.php(28): view('frontend/homepa...', Array)
#4 E:\OpenServer\domains\ht.aloprint.com\vendor\codeigniter4\framework\system\CodeIgniter.php(918): App\Controllers\Frontend\Homepage\Home->index()
#5 E:\OpenServer\domains\ht.aloprint.com\vendor\codeigniter4\framework\system\CodeIgniter.php(404): CodeIgniter\CodeIgniter->runController(Object(App\Controllers\Frontend\Homepage\Home))
#6 E:\OpenServer\domains\ht.aloprint.com\vendor\codeigniter4\framework\system\CodeIgniter.php(312): CodeIgniter\CodeIgniter->handleRequest(NULL, Object(Config\Cache), false)
#7 E:\OpenServer\domains\ht.aloprint.com\index.php(48): CodeIgniter\CodeIgniter->run()
#8 {main}
CRITICAL - 2021-05-26 20:24:40 --> Undefined index: homepage_favicon
#0 E:\OpenServer\domains\ht.aloprint.com\app\Views\frontend\homepage\layout\home.php(17): CodeIgniter\Debug\Exceptions->errorHandler(8, 'Undefined index...', 'E:\\OpenServer\\d...', 17, Array)
#1 E:\OpenServer\domains\ht.aloprint.com\vendor\codeigniter4\framework\system\View\View.php(246): include('E:\\OpenServer\\d...')
#2 E:\OpenServer\domains\ht.aloprint.com\vendor\codeigniter4\framework\system\Common.php(1119): CodeIgniter\View\View->render('frontend/homepa...', Array, true)
#3 E:\OpenServer\domains\ht.aloprint.com\app\Controllers\Frontend\Homepage\Home.php(28): view('frontend/homepa...', Array)
#4 E:\OpenServer\domains\ht.aloprint.com\vendor\codeigniter4\framework\system\CodeIgniter.php(918): App\Controllers\Frontend\Homepage\Home->index()
#5 E:\OpenServer\domains\ht.aloprint.com\vendor\codeigniter4\framework\system\CodeIgniter.php(404): CodeIgniter\CodeIgniter->runController(Object(App\Controllers\Frontend\Homepage\Home))
#6 E:\OpenServer\domains\ht.aloprint.com\vendor\codeigniter4\framework\system\CodeIgniter.php(312): CodeIgniter\CodeIgniter->handleRequest(NULL, Object(Config\Cache), false)
#7 E:\OpenServer\domains\ht.aloprint.com\index.php(48): CodeIgniter\CodeIgniter->run()
#8 {main}
CRITICAL - 2021-05-26 20:24:42 --> Undefined index: homepage_favicon
#0 E:\OpenServer\domains\ht.aloprint.com\app\Views\frontend\homepage\layout\home.php(17): CodeIgniter\Debug\Exceptions->errorHandler(8, 'Undefined index...', 'E:\\OpenServer\\d...', 17, Array)
#1 E:\OpenServer\domains\ht.aloprint.com\vendor\codeigniter4\framework\system\View\View.php(246): include('E:\\OpenServer\\d...')
#2 E:\OpenServer\domains\ht.aloprint.com\vendor\codeigniter4\framework\system\Common.php(1119): CodeIgniter\View\View->render('frontend/homepa...', Array, true)
#3 E:\OpenServer\domains\ht.aloprint.com\app\Controllers\Frontend\Homepage\Home.php(28): view('frontend/homepa...', Array)
#4 E:\OpenServer\domains\ht.aloprint.com\vendor\codeigniter4\framework\system\CodeIgniter.php(918): App\Controllers\Frontend\Homepage\Home->index()
#5 E:\OpenServer\domains\ht.aloprint.com\vendor\codeigniter4\framework\system\CodeIgniter.php(404): CodeIgniter\CodeIgniter->runController(Object(App\Controllers\Frontend\Homepage\Home))
#6 E:\OpenServer\domains\ht.aloprint.com\vendor\codeigniter4\framework\system\CodeIgniter.php(312): CodeIgniter\CodeIgniter->handleRequest(NULL, Object(Config\Cache), false)
#7 E:\OpenServer\domains\ht.aloprint.com\index.php(48): CodeIgniter\CodeIgniter->run()
#8 {main}
CRITICAL - 2021-05-26 20:24:42 --> Undefined index: homepage_favicon
#0 E:\OpenServer\domains\ht.aloprint.com\app\Views\frontend\homepage\layout\home.php(17): CodeIgniter\Debug\Exceptions->errorHandler(8, 'Undefined index...', 'E:\\OpenServer\\d...', 17, Array)
#1 E:\OpenServer\domains\ht.aloprint.com\vendor\codeigniter4\framework\system\View\View.php(246): include('E:\\OpenServer\\d...')
#2 E:\OpenServer\domains\ht.aloprint.com\vendor\codeigniter4\framework\system\Common.php(1119): CodeIgniter\View\View->render('frontend/homepa...', Array, true)
#3 E:\OpenServer\domains\ht.aloprint.com\app\Controllers\Frontend\Homepage\Home.php(28): view('frontend/homepa...', Array)
#4 E:\OpenServer\domains\ht.aloprint.com\vendor\codeigniter4\framework\system\CodeIgniter.php(918): App\Controllers\Frontend\Homepage\Home->index()
#5 E:\OpenServer\domains\ht.aloprint.com\vendor\codeigniter4\framework\system\CodeIgniter.php(404): CodeIgniter\CodeIgniter->runController(Object(App\Controllers\Frontend\Homepage\Home))
#6 E:\OpenServer\domains\ht.aloprint.com\vendor\codeigniter4\framework\system\CodeIgniter.php(312): CodeIgniter\CodeIgniter->handleRequest(NULL, Object(Config\Cache), false)
#7 E:\OpenServer\domains\ht.aloprint.com\index.php(48): CodeIgniter\CodeIgniter->run()
#8 {main}
CRITICAL - 2021-05-26 20:24:42 --> Undefined index: homepage_favicon
#0 E:\OpenServer\domains\ht.aloprint.com\app\Views\frontend\homepage\layout\home.php(17): CodeIgniter\Debug\Exceptions->errorHandler(8, 'Undefined index...', 'E:\\OpenServer\\d...', 17, Array)
#1 E:\OpenServer\domains\ht.aloprint.com\vendor\codeigniter4\framework\system\View\View.php(246): include('E:\\OpenServer\\d...')
#2 E:\OpenServer\domains\ht.aloprint.com\vendor\codeigniter4\framework\system\Common.php(1119): CodeIgniter\View\View->render('frontend/homepa...', Array, true)
#3 E:\OpenServer\domains\ht.aloprint.com\app\Controllers\Frontend\Homepage\Home.php(28): view('frontend/homepa...', Array)
#4 E:\OpenServer\domains\ht.aloprint.com\vendor\codeigniter4\framework\system\CodeIgniter.php(918): App\Controllers\Frontend\Homepage\Home->index()
#5 E:\OpenServer\domains\ht.aloprint.com\vendor\codeigniter4\framework\system\CodeIgniter.php(404): CodeIgniter\CodeIgniter->runController(Object(App\Controllers\Frontend\Homepage\Home))
#6 E:\OpenServer\domains\ht.aloprint.com\vendor\codeigniter4\framework\system\CodeIgniter.php(312): CodeIgniter\CodeIgniter->handleRequest(NULL, Object(Config\Cache), false)
#7 E:\OpenServer\domains\ht.aloprint.com\index.php(48): CodeIgniter\CodeIgniter->run()
#8 {main}
CRITICAL - 2021-05-26 21:14:41 --> syntax error, unexpected '}', expecting end of file
#0 E:\OpenServer\domains\ht.aloprint.com\vendor\codeigniter4\framework\system\Common.php(1119): CodeIgniter\View\View->render('frontend/homepa...', Array, true)
#1 E:\OpenServer\domains\ht.aloprint.com\app\Views\frontend\homepage\layout\home.php(67): view('frontend/homepa...')
#2 E:\OpenServer\domains\ht.aloprint.com\vendor\codeigniter4\framework\system\View\View.php(246): include('E:\\OpenServer\\d...')
#3 E:\OpenServer\domains\ht.aloprint.com\vendor\codeigniter4\framework\system\Common.php(1119): CodeIgniter\View\View->render('frontend/homepa...', Array, true)
#4 E:\OpenServer\domains\ht.aloprint.com\app\Controllers\Frontend\Homepage\Home.php(28): view('frontend/homepa...', Array)
#5 E:\OpenServer\domains\ht.aloprint.com\vendor\codeigniter4\framework\system\CodeIgniter.php(918): App\Controllers\Frontend\Homepage\Home->index()
#6 E:\OpenServer\domains\ht.aloprint.com\vendor\codeigniter4\framework\system\CodeIgniter.php(404): CodeIgniter\CodeIgniter->runController(Object(App\Controllers\Frontend\Homepage\Home))
#7 E:\OpenServer\domains\ht.aloprint.com\vendor\codeigniter4\framework\system\CodeIgniter.php(312): CodeIgniter\CodeIgniter->handleRequest(NULL, Object(Config\Cache), false)
#8 E:\OpenServer\domains\ht.aloprint.com\index.php(48): CodeIgniter\CodeIgniter->run()
#9 {main}
CRITICAL - 2021-05-26 22:23:33 --> syntax error, unexpected ''order_by'' (T_CONSTANT_ENCAPSED_STRING), expecting ']'
#0 E:\OpenServer\domains\ht.aloprint.com\vendor\codeigniter4\framework\system\Controller.php(175): helper(Array)
#1 E:\OpenServer\domains\ht.aloprint.com\vendor\codeigniter4\framework\system\Controller.php(126): CodeIgniter\Controller->loadHelpers()
#2 E:\OpenServer\domains\ht.aloprint.com\app\Controllers\FrontendController.php(20): CodeIgniter\Controller->initController(Object(CodeIgniter\HTTP\IncomingRequest), Object(CodeIgniter\HTTP\Response), Object(CodeIgniter\Log\Logger))
#3 E:\OpenServer\domains\ht.aloprint.com\vendor\codeigniter4\framework\system\CodeIgniter.php(891): App\Controllers\FrontendController->initController(Object(CodeIgniter\HTTP\IncomingRequest), Object(CodeIgniter\HTTP\Response), Object(CodeIgniter\Log\Logger))
#4 E:\OpenServer\domains\ht.aloprint.com\vendor\codeigniter4\framework\system\CodeIgniter.php(399): CodeIgniter\CodeIgniter->createController()
#5 E:\OpenServer\domains\ht.aloprint.com\vendor\codeigniter4\framework\system\CodeIgniter.php(312): CodeIgniter\CodeIgniter->handleRequest(NULL, Object(Config\Cache), false)
#6 E:\OpenServer\domains\ht.aloprint.com\index.php(48): CodeIgniter\CodeIgniter->run()
#7 {main}
CRITICAL - 2021-05-26 22:23:35 --> syntax error, unexpected ''order_by'' (T_CONSTANT_ENCAPSED_STRING), expecting ']'
#0 E:\OpenServer\domains\ht.aloprint.com\vendor\codeigniter4\framework\system\Controller.php(175): helper(Array)
#1 E:\OpenServer\domains\ht.aloprint.com\vendor\codeigniter4\framework\system\Controller.php(126): CodeIgniter\Controller->loadHelpers()
#2 E:\OpenServer\domains\ht.aloprint.com\app\Controllers\FrontendController.php(20): CodeIgniter\Controller->initController(Object(CodeIgniter\HTTP\IncomingRequest), Object(CodeIgniter\HTTP\Response), Object(CodeIgniter\Log\Logger))
#3 E:\OpenServer\domains\ht.aloprint.com\vendor\codeigniter4\framework\system\CodeIgniter.php(891): App\Controllers\FrontendController->initController(Object(CodeIgniter\HTTP\IncomingRequest), Object(CodeIgniter\HTTP\Response), Object(CodeIgniter\Log\Logger))
#4 E:\OpenServer\domains\ht.aloprint.com\vendor\codeigniter4\framework\system\CodeIgniter.php(399): CodeIgniter\CodeIgniter->createController()
#5 E:\OpenServer\domains\ht.aloprint.com\vendor\codeigniter4\framework\system\CodeIgniter.php(312): CodeIgniter\CodeIgniter->handleRequest(NULL, Object(Config\Cache), false)
#6 E:\OpenServer\domains\ht.aloprint.com\index.php(48): CodeIgniter\CodeIgniter->run()
#7 {main}
CRITICAL - 2021-05-26 22:23:35 --> syntax error, unexpected ''order_by'' (T_CONSTANT_ENCAPSED_STRING), expecting ']'
#0 E:\OpenServer\domains\ht.aloprint.com\vendor\codeigniter4\framework\system\Controller.php(175): helper(Array)
#1 E:\OpenServer\domains\ht.aloprint.com\vendor\codeigniter4\framework\system\Controller.php(126): CodeIgniter\Controller->loadHelpers()
#2 E:\OpenServer\domains\ht.aloprint.com\app\Controllers\FrontendController.php(20): CodeIgniter\Controller->initController(Object(CodeIgniter\HTTP\IncomingRequest), Object(CodeIgniter\HTTP\Response), Object(CodeIgniter\Log\Logger))
#3 E:\OpenServer\domains\ht.aloprint.com\vendor\codeigniter4\framework\system\CodeIgniter.php(891): App\Controllers\FrontendController->initController(Object(CodeIgniter\HTTP\IncomingRequest), Object(CodeIgniter\HTTP\Response), Object(CodeIgniter\Log\Logger))
#4 E:\OpenServer\domains\ht.aloprint.com\vendor\codeigniter4\framework\system\CodeIgniter.php(399): CodeIgniter\CodeIgniter->createController()
#5 E:\OpenServer\domains\ht.aloprint.com\vendor\codeigniter4\framework\system\CodeIgniter.php(312): CodeIgniter\CodeIgniter->handleRequest(NULL, Object(Config\Cache), false)
#6 E:\OpenServer\domains\ht.aloprint.com\index.php(48): CodeIgniter\CodeIgniter->run()
#7 {main}
CRITICAL - 2021-05-26 22:23:39 --> Undefined variable: valueMang
#0 E:\OpenServer\domains\ht.aloprint.com\app\Helpers\mypanel_helper.php(188): CodeIgniter\Debug\Exceptions->errorHandler(8, 'Undefined varia...', 'E:\\OpenServer\\d...', 188, Array)
#1 E:\OpenServer\domains\ht.aloprint.com\app\Helpers\mypanel_helper.php(90): post_and_cat(Array, Array, 'tb3.price, tb3....', Array, Array, 0)
#2 E:\OpenServer\domains\ht.aloprint.com\app\Helpers\mypanel_helper.php(25): panel_catalogue(Array, Array, 'tb3.price, tb3....', Array, Array, 2)
#3 E:\OpenServer\domains\ht.aloprint.com\app\Controllers\Frontend\Homepage\Home.php(21): get_panel(Array)
#4 E:\OpenServer\domains\ht.aloprint.com\vendor\codeigniter4\framework\system\CodeIgniter.php(918): App\Controllers\Frontend\Homepage\Home->index()
#5 E:\OpenServer\domains\ht.aloprint.com\vendor\codeigniter4\framework\system\CodeIgniter.php(404): CodeIgniter\CodeIgniter->runController(Object(App\Controllers\Frontend\Homepage\Home))
#6 E:\OpenServer\domains\ht.aloprint.com\vendor\codeigniter4\framework\system\CodeIgniter.php(312): CodeIgniter\CodeIgniter->handleRequest(NULL, Object(Config\Cache), false)
#7 E:\OpenServer\domains\ht.aloprint.com\index.php(48): CodeIgniter\CodeIgniter->run()
#8 {main}
CRITICAL - 2021-05-26 22:23:40 --> Undefined variable: valueMang
#0 E:\OpenServer\domains\ht.aloprint.com\app\Helpers\mypanel_helper.php(188): CodeIgniter\Debug\Exceptions->errorHandler(8, 'Undefined varia...', 'E:\\OpenServer\\d...', 188, Array)
#1 E:\OpenServer\domains\ht.aloprint.com\app\Helpers\mypanel_helper.php(90): post_and_cat(Array, Array, 'tb3.price, tb3....', Array, Array, 0)
#2 E:\OpenServer\domains\ht.aloprint.com\app\Helpers\mypanel_helper.php(25): panel_catalogue(Array, Array, 'tb3.price, tb3....', Array, Array, 2)
#3 E:\OpenServer\domains\ht.aloprint.com\app\Controllers\Frontend\Homepage\Home.php(21): get_panel(Array)
#4 E:\OpenServer\domains\ht.aloprint.com\vendor\codeigniter4\framework\system\CodeIgniter.php(918): App\Controllers\Frontend\Homepage\Home->index()
#5 E:\OpenServer\domains\ht.aloprint.com\vendor\codeigniter4\framework\system\CodeIgniter.php(404): CodeIgniter\CodeIgniter->runController(Object(App\Controllers\Frontend\Homepage\Home))
#6 E:\OpenServer\domains\ht.aloprint.com\vendor\codeigniter4\framework\system\CodeIgniter.php(312): CodeIgniter\CodeIgniter->handleRequest(NULL, Object(Config\Cache), false)
#7 E:\OpenServer\domains\ht.aloprint.com\index.php(48): CodeIgniter\CodeIgniter->run()
#8 {main}
CRITICAL - 2021-05-26 22:23:40 --> Undefined variable: valueMang
#0 E:\OpenServer\domains\ht.aloprint.com\app\Helpers\mypanel_helper.php(188): CodeIgniter\Debug\Exceptions->errorHandler(8, 'Undefined varia...', 'E:\\OpenServer\\d...', 188, Array)
#1 E:\OpenServer\domains\ht.aloprint.com\app\Helpers\mypanel_helper.php(90): post_and_cat(Array, Array, 'tb3.price, tb3....', Array, Array, 0)
#2 E:\OpenServer\domains\ht.aloprint.com\app\Helpers\mypanel_helper.php(25): panel_catalogue(Array, Array, 'tb3.price, tb3....', Array, Array, 2)
#3 E:\OpenServer\domains\ht.aloprint.com\app\Controllers\Frontend\Homepage\Home.php(21): get_panel(Array)
#4 E:\OpenServer\domains\ht.aloprint.com\vendor\codeigniter4\framework\system\CodeIgniter.php(918): App\Controllers\Frontend\Homepage\Home->index()
#5 E:\OpenServer\domains\ht.aloprint.com\vendor\codeigniter4\framework\system\CodeIgniter.php(404): CodeIgniter\CodeIgniter->runController(Object(App\Controllers\Frontend\Homepage\Home))
#6 E:\OpenServer\domains\ht.aloprint.com\vendor\codeigniter4\framework\system\CodeIgniter.php(312): CodeIgniter\CodeIgniter->handleRequest(NULL, Object(Config\Cache), false)
#7 E:\OpenServer\domains\ht.aloprint.com\index.php(48): CodeIgniter\CodeIgniter->run()
#8 {main}
CRITICAL - 2021-05-26 22:24:04 --> Undefined variable: recursive
#0 E:\OpenServer\domains\ht.aloprint.com\app\Helpers\mypanel_helper.php(195): CodeIgniter\Debug\Exceptions->errorHandler(8, 'Undefined varia...', 'E:\\OpenServer\\d...', 195, Array)
#1 E:\OpenServer\domains\ht.aloprint.com\app\Helpers\mypanel_helper.php(90): post_and_cat(Array, Array, 'tb3.price, tb3....', Array, Array, 7)
#2 E:\OpenServer\domains\ht.aloprint.com\app\Helpers\mypanel_helper.php(25): panel_catalogue(Array, Array, 'tb3.price, tb3....', Array, Array, 2)
#3 E:\OpenServer\domains\ht.aloprint.com\app\Controllers\Frontend\Homepage\Home.php(21): get_panel(Array)
#4 E:\OpenServer\domains\ht.aloprint.com\vendor\codeigniter4\framework\system\CodeIgniter.php(918): App\Controllers\Frontend\Homepage\Home->index()
#5 E:\OpenServer\domains\ht.aloprint.com\vendor\codeigniter4\framework\system\CodeIgniter.php(404): CodeIgniter\CodeIgniter->runController(Object(App\Controllers\Frontend\Homepage\Home))
#6 E:\OpenServer\domains\ht.aloprint.com\vendor\codeigniter4\framework\system\CodeIgniter.php(312): CodeIgniter\CodeIgniter->handleRequest(NULL, Object(Config\Cache), false)
#7 E:\OpenServer\domains\ht.aloprint.com\index.php(48): CodeIgniter\CodeIgniter->run()
#8 {main}
CRITICAL - 2021-05-26 22:24:04 --> Undefined variable: recursive
#0 E:\OpenServer\domains\ht.aloprint.com\app\Helpers\mypanel_helper.php(195): CodeIgniter\Debug\Exceptions->errorHandler(8, 'Undefined varia...', 'E:\\OpenServer\\d...', 195, Array)
#1 E:\OpenServer\domains\ht.aloprint.com\app\Helpers\mypanel_helper.php(90): post_and_cat(Array, Array, 'tb3.price, tb3....', Array, Array, 7)
#2 E:\OpenServer\domains\ht.aloprint.com\app\Helpers\mypanel_helper.php(25): panel_catalogue(Array, Array, 'tb3.price, tb3....', Array, Array, 2)
#3 E:\OpenServer\domains\ht.aloprint.com\app\Controllers\Frontend\Homepage\Home.php(21): get_panel(Array)
#4 E:\OpenServer\domains\ht.aloprint.com\vendor\codeigniter4\framework\system\CodeIgniter.php(918): App\Controllers\Frontend\Homepage\Home->index()
#5 E:\OpenServer\domains\ht.aloprint.com\vendor\codeigniter4\framework\system\CodeIgniter.php(404): CodeIgniter\CodeIgniter->runController(Object(App\Controllers\Frontend\Homepage\Home))
#6 E:\OpenServer\domains\ht.aloprint.com\vendor\codeigniter4\framework\system\CodeIgniter.php(312): CodeIgniter\CodeIgniter->handleRequest(NULL, Object(Config\Cache), false)
#7 E:\OpenServer\domains\ht.aloprint.com\index.php(48): CodeIgniter\CodeIgniter->run()
#8 {main}
CRITICAL - 2021-05-26 22:24:05 --> Undefined variable: recursive
#0 E:\OpenServer\domains\ht.aloprint.com\app\Helpers\mypanel_helper.php(195): CodeIgniter\Debug\Exceptions->errorHandler(8, 'Undefined varia...', 'E:\\OpenServer\\d...', 195, Array)
#1 E:\OpenServer\domains\ht.aloprint.com\app\Helpers\mypanel_helper.php(90): post_and_cat(Array, Array, 'tb3.price, tb3....', Array, Array, 7)
#2 E:\OpenServer\domains\ht.aloprint.com\app\Helpers\mypanel_helper.php(25): panel_catalogue(Array, Array, 'tb3.price, tb3....', Array, Array, 2)
#3 E:\OpenServer\domains\ht.aloprint.com\app\Controllers\Frontend\Homepage\Home.php(21): get_panel(Array)
#4 E:\OpenServer\domains\ht.aloprint.com\vendor\codeigniter4\framework\system\CodeIgniter.php(918): App\Controllers\Frontend\Homepage\Home->index()
#5 E:\OpenServer\domains\ht.aloprint.com\vendor\codeigniter4\framework\system\CodeIgniter.php(404): CodeIgniter\CodeIgniter->runController(Object(App\Controllers\Frontend\Homepage\Home))
#6 E:\OpenServer\domains\ht.aloprint.com\vendor\codeigniter4\framework\system\CodeIgniter.php(312): CodeIgniter\CodeIgniter->handleRequest(NULL, Object(Config\Cache), false)
#7 E:\OpenServer\domains\ht.aloprint.com\index.php(48): CodeIgniter\CodeIgniter->run()
#8 {main}
CRITICAL - 2021-05-26 23:29:12 --> Illegal string offset 'canonical'
#0 E:\OpenServer\domains\ht.aloprint.com\app\Views\frontend\homepage\home\index.php(188): CodeIgniter\Debug\Exceptions->errorHandler(2, 'Illegal string ...', 'E:\\OpenServer\\d...', 188, Array)
#1 E:\OpenServer\domains\ht.aloprint.com\vendor\codeigniter4\framework\system\View\View.php(246): include('E:\\OpenServer\\d...')
#2 E:\OpenServer\domains\ht.aloprint.com\vendor\codeigniter4\framework\system\Common.php(1119): CodeIgniter\View\View->render('frontend/homepa...', Array, true)
#3 E:\OpenServer\domains\ht.aloprint.com\app\Views\frontend\homepage\layout\home.php(67): view('frontend/homepa...')
#4 E:\OpenServer\domains\ht.aloprint.com\vendor\codeigniter4\framework\system\View\View.php(246): include('E:\\OpenServer\\d...')
#5 E:\OpenServer\domains\ht.aloprint.com\vendor\codeigniter4\framework\system\Common.php(1119): CodeIgniter\View\View->render('frontend/homepa...', Array, true)
#6 E:\OpenServer\domains\ht.aloprint.com\app\Controllers\Frontend\Homepage\Home.php(28): view('frontend/homepa...', Array)
#7 E:\OpenServer\domains\ht.aloprint.com\vendor\codeigniter4\framework\system\CodeIgniter.php(918): App\Controllers\Frontend\Homepage\Home->index()
#8 E:\OpenServer\domains\ht.aloprint.com\vendor\codeigniter4\framework\system\CodeIgniter.php(404): CodeIgniter\CodeIgniter->runController(Object(App\Controllers\Frontend\Homepage\Home))
#9 E:\OpenServer\domains\ht.aloprint.com\vendor\codeigniter4\framework\system\CodeIgniter.php(312): CodeIgniter\CodeIgniter->handleRequest(NULL, Object(Config\Cache), false)
#10 E:\OpenServer\domains\ht.aloprint.com\index.php(48): CodeIgniter\CodeIgniter->run()
#11 {main}
