CRITICAL - 2021-04-26 02:01:28 --> Call to undefined function is_arary()
#0 E:\OpenServer\domains\ht.inoxmavang.com\vendor\codeigniter4\framework\system\View\View.php(246): include()
#1 E:\OpenServer\domains\ht.inoxmavang.com\vendor\codeigniter4\framework\system\Common.php(1119): CodeIgniter\View\View->render('frontend/homepa...', Array, true)
#2 E:\OpenServer\domains\ht.inoxmavang.com\app\Views\frontend\homepage\layout\home.php(68): view('frontend/homepa...')
#3 E:\OpenServer\domains\ht.inoxmavang.com\vendor\codeigniter4\framework\system\View\View.php(246): include('E:\\OpenServer\\d...')
#4 E:\OpenServer\domains\ht.inoxmavang.com\vendor\codeigniter4\framework\system\Common.php(1119): CodeIgniter\View\View->render('frontend/homepa...', Array, true)
#5 E:\OpenServer\domains\ht.inoxmavang.com\app\Controllers\Frontend\Homepage\Home.php(28): view('frontend/homepa...', Array)
#6 E:\OpenServer\domains\ht.inoxmavang.com\vendor\codeigniter4\framework\system\CodeIgniter.php(918): App\Controllers\Frontend\Homepage\Home->index()
#7 E:\OpenServer\domains\ht.inoxmavang.com\vendor\codeigniter4\framework\system\CodeIgniter.php(404): CodeIgniter\CodeIgniter->runController(Object(App\Controllers\Frontend\Homepage\Home))
#8 E:\OpenServer\domains\ht.inoxmavang.com\vendor\codeigniter4\framework\system\CodeIgniter.php(312): CodeIgniter\CodeIgniter->handleRequest(NULL, Object(Config\Cache), false)
#9 E:\OpenServer\domains\ht.inoxmavang.com\index.php(48): CodeIgniter\CodeIgniter->run()
#10 {main}
CRITICAL - 2021-04-26 02:01:29 --> Call to undefined function is_arary()
#0 E:\OpenServer\domains\ht.inoxmavang.com\vendor\codeigniter4\framework\system\View\View.php(246): include()
#1 E:\OpenServer\domains\ht.inoxmavang.com\vendor\codeigniter4\framework\system\Common.php(1119): CodeIgniter\View\View->render('frontend/homepa...', Array, true)
#2 E:\OpenServer\domains\ht.inoxmavang.com\app\Views\frontend\homepage\layout\home.php(68): view('frontend/homepa...')
#3 E:\OpenServer\domains\ht.inoxmavang.com\vendor\codeigniter4\framework\system\View\View.php(246): include('E:\\OpenServer\\d...')
#4 E:\OpenServer\domains\ht.inoxmavang.com\vendor\codeigniter4\framework\system\Common.php(1119): CodeIgniter\View\View->render('frontend/homepa...', Array, true)
#5 E:\OpenServer\domains\ht.inoxmavang.com\app\Controllers\Frontend\Homepage\Home.php(28): view('frontend/homepa...', Array)
#6 E:\OpenServer\domains\ht.inoxmavang.com\vendor\codeigniter4\framework\system\CodeIgniter.php(918): App\Controllers\Frontend\Homepage\Home->index()
#7 E:\OpenServer\domains\ht.inoxmavang.com\vendor\codeigniter4\framework\system\CodeIgniter.php(404): CodeIgniter\CodeIgniter->runController(Object(App\Controllers\Frontend\Homepage\Home))
#8 E:\OpenServer\domains\ht.inoxmavang.com\vendor\codeigniter4\framework\system\CodeIgniter.php(312): CodeIgniter\CodeIgniter->handleRequest(NULL, Object(Config\Cache), false)
#9 E:\OpenServer\domains\ht.inoxmavang.com\index.php(48): CodeIgniter\CodeIgniter->run()
#10 {main}
CRITICAL - 2021-04-26 02:01:34 --> Undefined index: dât
#0 E:\OpenServer\domains\ht.inoxmavang.com\app\Views\frontend\homepage\common\footer.php(27): CodeIgniter\Debug\Exceptions->errorHandler(8, 'Undefined index...', 'E:\\OpenServer\\d...', 27, Array)
#1 E:\OpenServer\domains\ht.inoxmavang.com\vendor\codeigniter4\framework\system\View\View.php(246): include('E:\\OpenServer\\d...')
#2 E:\OpenServer\domains\ht.inoxmavang.com\vendor\codeigniter4\framework\system\Common.php(1119): CodeIgniter\View\View->render('frontend/homepa...', Array, true)
#3 E:\OpenServer\domains\ht.inoxmavang.com\app\Views\frontend\homepage\layout\home.php(68): view('frontend/homepa...')
#4 E:\OpenServer\domains\ht.inoxmavang.com\vendor\codeigniter4\framework\system\View\View.php(246): include('E:\\OpenServer\\d...')
#5 E:\OpenServer\domains\ht.inoxmavang.com\vendor\codeigniter4\framework\system\Common.php(1119): CodeIgniter\View\View->render('frontend/homepa...', Array, true)
#6 E:\OpenServer\domains\ht.inoxmavang.com\app\Controllers\Frontend\Homepage\Home.php(28): view('frontend/homepa...', Array)
#7 E:\OpenServer\domains\ht.inoxmavang.com\vendor\codeigniter4\framework\system\CodeIgniter.php(918): App\Controllers\Frontend\Homepage\Home->index()
#8 E:\OpenServer\domains\ht.inoxmavang.com\vendor\codeigniter4\framework\system\CodeIgniter.php(404): CodeIgniter\CodeIgniter->runController(Object(App\Controllers\Frontend\Homepage\Home))
#9 E:\OpenServer\domains\ht.inoxmavang.com\vendor\codeigniter4\framework\system\CodeIgniter.php(312): CodeIgniter\CodeIgniter->handleRequest(NULL, Object(Config\Cache), false)
#10 E:\OpenServer\domains\ht.inoxmavang.com\index.php(48): CodeIgniter\CodeIgniter->run()
#11 {main}
CRITICAL - 2021-04-26 02:01:35 --> Undefined index: dât
#0 E:\OpenServer\domains\ht.inoxmavang.com\app\Views\frontend\homepage\common\footer.php(27): CodeIgniter\Debug\Exceptions->errorHandler(8, 'Undefined index...', 'E:\\OpenServer\\d...', 27, Array)
#1 E:\OpenServer\domains\ht.inoxmavang.com\vendor\codeigniter4\framework\system\View\View.php(246): include('E:\\OpenServer\\d...')
#2 E:\OpenServer\domains\ht.inoxmavang.com\vendor\codeigniter4\framework\system\Common.php(1119): CodeIgniter\View\View->render('frontend/homepa...', Array, true)
#3 E:\OpenServer\domains\ht.inoxmavang.com\app\Views\frontend\homepage\layout\home.php(68): view('frontend/homepa...')
#4 E:\OpenServer\domains\ht.inoxmavang.com\vendor\codeigniter4\framework\system\View\View.php(246): include('E:\\OpenServer\\d...')
#5 E:\OpenServer\domains\ht.inoxmavang.com\vendor\codeigniter4\framework\system\Common.php(1119): CodeIgniter\View\View->render('frontend/homepa...', Array, true)
#6 E:\OpenServer\domains\ht.inoxmavang.com\app\Controllers\Frontend\Homepage\Home.php(28): view('frontend/homepa...', Array)
#7 E:\OpenServer\domains\ht.inoxmavang.com\vendor\codeigniter4\framework\system\CodeIgniter.php(918): App\Controllers\Frontend\Homepage\Home->index()
#8 E:\OpenServer\domains\ht.inoxmavang.com\vendor\codeigniter4\framework\system\CodeIgniter.php(404): CodeIgniter\CodeIgniter->runController(Object(App\Controllers\Frontend\Homepage\Home))
#9 E:\OpenServer\domains\ht.inoxmavang.com\vendor\codeigniter4\framework\system\CodeIgniter.php(312): CodeIgniter\CodeIgniter->handleRequest(NULL, Object(Config\Cache), false)
#10 E:\OpenServer\domains\ht.inoxmavang.com\index.php(48): CodeIgniter\CodeIgniter->run()
#11 {main}
CRITICAL - 2021-04-26 02:01:35 --> Undefined index: dât
#0 E:\OpenServer\domains\ht.inoxmavang.com\app\Views\frontend\homepage\common\footer.php(27): CodeIgniter\Debug\Exceptions->errorHandler(8, 'Undefined index...', 'E:\\OpenServer\\d...', 27, Array)
#1 E:\OpenServer\domains\ht.inoxmavang.com\vendor\codeigniter4\framework\system\View\View.php(246): include('E:\\OpenServer\\d...')
#2 E:\OpenServer\domains\ht.inoxmavang.com\vendor\codeigniter4\framework\system\Common.php(1119): CodeIgniter\View\View->render('frontend/homepa...', Array, true)
#3 E:\OpenServer\domains\ht.inoxmavang.com\app\Views\frontend\homepage\layout\home.php(68): view('frontend/homepa...')
#4 E:\OpenServer\domains\ht.inoxmavang.com\vendor\codeigniter4\framework\system\View\View.php(246): include('E:\\OpenServer\\d...')
#5 E:\OpenServer\domains\ht.inoxmavang.com\vendor\codeigniter4\framework\system\Common.php(1119): CodeIgniter\View\View->render('frontend/homepa...', Array, true)
#6 E:\OpenServer\domains\ht.inoxmavang.com\app\Controllers\Frontend\Homepage\Home.php(28): view('frontend/homepa...', Array)
#7 E:\OpenServer\domains\ht.inoxmavang.com\vendor\codeigniter4\framework\system\CodeIgniter.php(918): App\Controllers\Frontend\Homepage\Home->index()
#8 E:\OpenServer\domains\ht.inoxmavang.com\vendor\codeigniter4\framework\system\CodeIgniter.php(404): CodeIgniter\CodeIgniter->runController(Object(App\Controllers\Frontend\Homepage\Home))
#9 E:\OpenServer\domains\ht.inoxmavang.com\vendor\codeigniter4\framework\system\CodeIgniter.php(312): CodeIgniter\CodeIgniter->handleRequest(NULL, Object(Config\Cache), false)
#10 E:\OpenServer\domains\ht.inoxmavang.com\index.php(48): CodeIgniter\CodeIgniter->run()
#11 {main}
CRITICAL - 2021-04-26 02:01:35 --> Undefined index: dât
#0 E:\OpenServer\domains\ht.inoxmavang.com\app\Views\frontend\homepage\common\footer.php(27): CodeIgniter\Debug\Exceptions->errorHandler(8, 'Undefined index...', 'E:\\OpenServer\\d...', 27, Array)
#1 E:\OpenServer\domains\ht.inoxmavang.com\vendor\codeigniter4\framework\system\View\View.php(246): include('E:\\OpenServer\\d...')
#2 E:\OpenServer\domains\ht.inoxmavang.com\vendor\codeigniter4\framework\system\Common.php(1119): CodeIgniter\View\View->render('frontend/homepa...', Array, true)
#3 E:\OpenServer\domains\ht.inoxmavang.com\app\Views\frontend\homepage\layout\home.php(68): view('frontend/homepa...')
#4 E:\OpenServer\domains\ht.inoxmavang.com\vendor\codeigniter4\framework\system\View\View.php(246): include('E:\\OpenServer\\d...')
#5 E:\OpenServer\domains\ht.inoxmavang.com\vendor\codeigniter4\framework\system\Common.php(1119): CodeIgniter\View\View->render('frontend/homepa...', Array, true)
#6 E:\OpenServer\domains\ht.inoxmavang.com\app\Controllers\Frontend\Homepage\Home.php(28): view('frontend/homepa...', Array)
#7 E:\OpenServer\domains\ht.inoxmavang.com\vendor\codeigniter4\framework\system\CodeIgniter.php(918): App\Controllers\Frontend\Homepage\Home->index()
#8 E:\OpenServer\domains\ht.inoxmavang.com\vendor\codeigniter4\framework\system\CodeIgniter.php(404): CodeIgniter\CodeIgniter->runController(Object(App\Controllers\Frontend\Homepage\Home))
#9 E:\OpenServer\domains\ht.inoxmavang.com\vendor\codeigniter4\framework\system\CodeIgniter.php(312): CodeIgniter\CodeIgniter->handleRequest(NULL, Object(Config\Cache), false)
#10 E:\OpenServer\domains\ht.inoxmavang.com\index.php(48): CodeIgniter\CodeIgniter->run()
#11 {main}
CRITICAL - 2021-04-26 02:01:35 --> Undefined index: dât
#0 E:\OpenServer\domains\ht.inoxmavang.com\app\Views\frontend\homepage\common\footer.php(27): CodeIgniter\Debug\Exceptions->errorHandler(8, 'Undefined index...', 'E:\\OpenServer\\d...', 27, Array)
#1 E:\OpenServer\domains\ht.inoxmavang.com\vendor\codeigniter4\framework\system\View\View.php(246): include('E:\\OpenServer\\d...')
#2 E:\OpenServer\domains\ht.inoxmavang.com\vendor\codeigniter4\framework\system\Common.php(1119): CodeIgniter\View\View->render('frontend/homepa...', Array, true)
#3 E:\OpenServer\domains\ht.inoxmavang.com\app\Views\frontend\homepage\layout\home.php(68): view('frontend/homepa...')
#4 E:\OpenServer\domains\ht.inoxmavang.com\vendor\codeigniter4\framework\system\View\View.php(246): include('E:\\OpenServer\\d...')
#5 E:\OpenServer\domains\ht.inoxmavang.com\vendor\codeigniter4\framework\system\Common.php(1119): CodeIgniter\View\View->render('frontend/homepa...', Array, true)
#6 E:\OpenServer\domains\ht.inoxmavang.com\app\Controllers\Frontend\Homepage\Home.php(28): view('frontend/homepa...', Array)
#7 E:\OpenServer\domains\ht.inoxmavang.com\vendor\codeigniter4\framework\system\CodeIgniter.php(918): App\Controllers\Frontend\Homepage\Home->index()
#8 E:\OpenServer\domains\ht.inoxmavang.com\vendor\codeigniter4\framework\system\CodeIgniter.php(404): CodeIgniter\CodeIgniter->runController(Object(App\Controllers\Frontend\Homepage\Home))
#9 E:\OpenServer\domains\ht.inoxmavang.com\vendor\codeigniter4\framework\system\CodeIgniter.php(312): CodeIgniter\CodeIgniter->handleRequest(NULL, Object(Config\Cache), false)
#10 E:\OpenServer\domains\ht.inoxmavang.com\index.php(48): CodeIgniter\CodeIgniter->run()
#11 {main}
CRITICAL - 2021-04-26 02:09:27 --> Undefined variable: href
#0 E:\OpenServer\domains\ht.inoxmavang.com\app\Views\frontend\product\catalogue\index.php(27): CodeIgniter\Debug\Exceptions->errorHandler(8, 'Undefined varia...', 'E:\\OpenServer\\d...', 27, Array)
#1 E:\OpenServer\domains\ht.inoxmavang.com\vendor\codeigniter4\framework\system\View\View.php(246): include('E:\\OpenServer\\d...')
#2 E:\OpenServer\domains\ht.inoxmavang.com\vendor\codeigniter4\framework\system\Common.php(1119): CodeIgniter\View\View->render('frontend/produc...', Array, true)
#3 E:\OpenServer\domains\ht.inoxmavang.com\app\Views\frontend\homepage\layout\home.php(67): view('frontend/produc...')
#4 E:\OpenServer\domains\ht.inoxmavang.com\vendor\codeigniter4\framework\system\View\View.php(246): include('E:\\OpenServer\\d...')
#5 E:\OpenServer\domains\ht.inoxmavang.com\vendor\codeigniter4\framework\system\Common.php(1119): CodeIgniter\View\View->render('frontend/homepa...', Array, true)
#6 E:\OpenServer\domains\ht.inoxmavang.com\app\Controllers\Frontend\Product\Catalogue.php(138): view('frontend/homepa...', Array)
#7 E:\OpenServer\domains\ht.inoxmavang.com\vendor\codeigniter4\framework\system\View\Cell.php(180): App\Controllers\Frontend\Product\Catalogue->index(2, 0)
#8 E:\OpenServer\domains\ht.inoxmavang.com\vendor\codeigniter4\framework\system\Common.php(1140): CodeIgniter\View\Cell->render('\\App\\Controller...', 'id=2, page=1', 0, 'AppControllersF...')
#9 E:\OpenServer\domains\ht.inoxmavang.com\app\Controllers\Frontend\Homepage\Router.php(53): view_cell('\\App\\Controller...', 'id=2, page=1')
#10 E:\OpenServer\domains\ht.inoxmavang.com\vendor\codeigniter4\framework\system\CodeIgniter.php(918): App\Controllers\Frontend\Homepage\Router->index('ban-console')
#11 E:\OpenServer\domains\ht.inoxmavang.com\vendor\codeigniter4\framework\system\CodeIgniter.php(404): CodeIgniter\CodeIgniter->runController(Object(App\Controllers\Frontend\Homepage\Router))
#12 E:\OpenServer\domains\ht.inoxmavang.com\vendor\codeigniter4\framework\system\CodeIgniter.php(312): CodeIgniter\CodeIgniter->handleRequest(NULL, Object(Config\Cache), false)
#13 E:\OpenServer\domains\ht.inoxmavang.com\index.php(48): CodeIgniter\CodeIgniter->run()
#14 {main}
CRITICAL - 2021-04-26 02:09:39 --> Undefined variable: href
#0 E:\OpenServer\domains\ht.inoxmavang.com\app\Views\frontend\product\catalogue\index.php(27): CodeIgniter\Debug\Exceptions->errorHandler(8, 'Undefined varia...', 'E:\\OpenServer\\d...', 27, Array)
#1 E:\OpenServer\domains\ht.inoxmavang.com\vendor\codeigniter4\framework\system\View\View.php(246): include('E:\\OpenServer\\d...')
#2 E:\OpenServer\domains\ht.inoxmavang.com\vendor\codeigniter4\framework\system\Common.php(1119): CodeIgniter\View\View->render('frontend/produc...', Array, true)
#3 E:\OpenServer\domains\ht.inoxmavang.com\app\Views\frontend\homepage\layout\home.php(67): view('frontend/produc...')
#4 E:\OpenServer\domains\ht.inoxmavang.com\vendor\codeigniter4\framework\system\View\View.php(246): include('E:\\OpenServer\\d...')
#5 E:\OpenServer\domains\ht.inoxmavang.com\vendor\codeigniter4\framework\system\Common.php(1119): CodeIgniter\View\View->render('frontend/homepa...', Array, true)
#6 E:\OpenServer\domains\ht.inoxmavang.com\app\Controllers\Frontend\Product\Catalogue.php(138): view('frontend/homepa...', Array)
#7 E:\OpenServer\domains\ht.inoxmavang.com\vendor\codeigniter4\framework\system\View\Cell.php(180): App\Controllers\Frontend\Product\Catalogue->index(2, 0)
#8 E:\OpenServer\domains\ht.inoxmavang.com\vendor\codeigniter4\framework\system\Common.php(1140): CodeIgniter\View\Cell->render('\\App\\Controller...', 'id=2, page=1', 0, 'AppControllersF...')
#9 E:\OpenServer\domains\ht.inoxmavang.com\app\Controllers\Frontend\Homepage\Router.php(53): view_cell('\\App\\Controller...', 'id=2, page=1')
#10 E:\OpenServer\domains\ht.inoxmavang.com\vendor\codeigniter4\framework\system\CodeIgniter.php(918): App\Controllers\Frontend\Homepage\Router->index('ban-console')
#11 E:\OpenServer\domains\ht.inoxmavang.com\vendor\codeigniter4\framework\system\CodeIgniter.php(404): CodeIgniter\CodeIgniter->runController(Object(App\Controllers\Frontend\Homepage\Router))
#12 E:\OpenServer\domains\ht.inoxmavang.com\vendor\codeigniter4\framework\system\CodeIgniter.php(312): CodeIgniter\CodeIgniter->handleRequest(NULL, Object(Config\Cache), false)
#13 E:\OpenServer\domains\ht.inoxmavang.com\index.php(48): CodeIgniter\CodeIgniter->run()
#14 {main}
CRITICAL - 2021-04-26 02:09:41 --> Undefined variable: href
#0 E:\OpenServer\domains\ht.inoxmavang.com\app\Views\frontend\product\catalogue\index.php(27): CodeIgniter\Debug\Exceptions->errorHandler(8, 'Undefined varia...', 'E:\\OpenServer\\d...', 27, Array)
#1 E:\OpenServer\domains\ht.inoxmavang.com\vendor\codeigniter4\framework\system\View\View.php(246): include('E:\\OpenServer\\d...')
#2 E:\OpenServer\domains\ht.inoxmavang.com\vendor\codeigniter4\framework\system\Common.php(1119): CodeIgniter\View\View->render('frontend/produc...', Array, true)
#3 E:\OpenServer\domains\ht.inoxmavang.com\app\Views\frontend\homepage\layout\home.php(67): view('frontend/produc...')
#4 E:\OpenServer\domains\ht.inoxmavang.com\vendor\codeigniter4\framework\system\View\View.php(246): include('E:\\OpenServer\\d...')
#5 E:\OpenServer\domains\ht.inoxmavang.com\vendor\codeigniter4\framework\system\Common.php(1119): CodeIgniter\View\View->render('frontend/homepa...', Array, true)
#6 E:\OpenServer\domains\ht.inoxmavang.com\app\Controllers\Frontend\Product\Catalogue.php(138): view('frontend/homepa...', Array)
#7 E:\OpenServer\domains\ht.inoxmavang.com\vendor\codeigniter4\framework\system\View\Cell.php(180): App\Controllers\Frontend\Product\Catalogue->index(2, 0)
#8 E:\OpenServer\domains\ht.inoxmavang.com\vendor\codeigniter4\framework\system\Common.php(1140): CodeIgniter\View\Cell->render('\\App\\Controller...', 'id=2, page=1', 0, 'AppControllersF...')
#9 E:\OpenServer\domains\ht.inoxmavang.com\app\Controllers\Frontend\Homepage\Router.php(53): view_cell('\\App\\Controller...', 'id=2, page=1')
#10 E:\OpenServer\domains\ht.inoxmavang.com\vendor\codeigniter4\framework\system\CodeIgniter.php(918): App\Controllers\Frontend\Homepage\Router->index('ban-console')
#11 E:\OpenServer\domains\ht.inoxmavang.com\vendor\codeigniter4\framework\system\CodeIgniter.php(404): CodeIgniter\CodeIgniter->runController(Object(App\Controllers\Frontend\Homepage\Router))
#12 E:\OpenServer\domains\ht.inoxmavang.com\vendor\codeigniter4\framework\system\CodeIgniter.php(312): CodeIgniter\CodeIgniter->handleRequest(NULL, Object(Config\Cache), false)
#13 E:\OpenServer\domains\ht.inoxmavang.com\index.php(48): CodeIgniter\CodeIgniter->run()
#14 {main}
CRITICAL - 2021-04-26 02:09:46 --> Undefined variable: image
#0 E:\OpenServer\domains\ht.inoxmavang.com\app\Views\frontend\product\catalogue\index.php(27): CodeIgniter\Debug\Exceptions->errorHandler(8, 'Undefined varia...', 'E:\\OpenServer\\d...', 27, Array)
#1 E:\OpenServer\domains\ht.inoxmavang.com\vendor\codeigniter4\framework\system\View\View.php(246): include('E:\\OpenServer\\d...')
#2 E:\OpenServer\domains\ht.inoxmavang.com\vendor\codeigniter4\framework\system\Common.php(1119): CodeIgniter\View\View->render('frontend/produc...', Array, true)
#3 E:\OpenServer\domains\ht.inoxmavang.com\app\Views\frontend\homepage\layout\home.php(67): view('frontend/produc...')
#4 E:\OpenServer\domains\ht.inoxmavang.com\vendor\codeigniter4\framework\system\View\View.php(246): include('E:\\OpenServer\\d...')
#5 E:\OpenServer\domains\ht.inoxmavang.com\vendor\codeigniter4\framework\system\Common.php(1119): CodeIgniter\View\View->render('frontend/homepa...', Array, true)
#6 E:\OpenServer\domains\ht.inoxmavang.com\app\Controllers\Frontend\Product\Catalogue.php(138): view('frontend/homepa...', Array)
#7 E:\OpenServer\domains\ht.inoxmavang.com\vendor\codeigniter4\framework\system\View\Cell.php(180): App\Controllers\Frontend\Product\Catalogue->index(2, 0)
#8 E:\OpenServer\domains\ht.inoxmavang.com\vendor\codeigniter4\framework\system\Common.php(1140): CodeIgniter\View\Cell->render('\\App\\Controller...', 'id=2, page=1', 0, 'AppControllersF...')
#9 E:\OpenServer\domains\ht.inoxmavang.com\app\Controllers\Frontend\Homepage\Router.php(53): view_cell('\\App\\Controller...', 'id=2, page=1')
#10 E:\OpenServer\domains\ht.inoxmavang.com\vendor\codeigniter4\framework\system\CodeIgniter.php(918): App\Controllers\Frontend\Homepage\Router->index('ban-console')
#11 E:\OpenServer\domains\ht.inoxmavang.com\vendor\codeigniter4\framework\system\CodeIgniter.php(404): CodeIgniter\CodeIgniter->runController(Object(App\Controllers\Frontend\Homepage\Router))
#12 E:\OpenServer\domains\ht.inoxmavang.com\vendor\codeigniter4\framework\system\CodeIgniter.php(312): CodeIgniter\CodeIgniter->handleRequest(NULL, Object(Config\Cache), false)
#13 E:\OpenServer\domains\ht.inoxmavang.com\index.php(48): CodeIgniter\CodeIgniter->run()
#14 {main}
CRITICAL - 2021-04-26 02:09:47 --> Undefined variable: image
#0 E:\OpenServer\domains\ht.inoxmavang.com\app\Views\frontend\product\catalogue\index.php(27): CodeIgniter\Debug\Exceptions->errorHandler(8, 'Undefined varia...', 'E:\\OpenServer\\d...', 27, Array)
#1 E:\OpenServer\domains\ht.inoxmavang.com\vendor\codeigniter4\framework\system\View\View.php(246): include('E:\\OpenServer\\d...')
#2 E:\OpenServer\domains\ht.inoxmavang.com\vendor\codeigniter4\framework\system\Common.php(1119): CodeIgniter\View\View->render('frontend/produc...', Array, true)
#3 E:\OpenServer\domains\ht.inoxmavang.com\app\Views\frontend\homepage\layout\home.php(67): view('frontend/produc...')
#4 E:\OpenServer\domains\ht.inoxmavang.com\vendor\codeigniter4\framework\system\View\View.php(246): include('E:\\OpenServer\\d...')
#5 E:\OpenServer\domains\ht.inoxmavang.com\vendor\codeigniter4\framework\system\Common.php(1119): CodeIgniter\View\View->render('frontend/homepa...', Array, true)
#6 E:\OpenServer\domains\ht.inoxmavang.com\app\Controllers\Frontend\Product\Catalogue.php(138): view('frontend/homepa...', Array)
#7 E:\OpenServer\domains\ht.inoxmavang.com\vendor\codeigniter4\framework\system\View\Cell.php(180): App\Controllers\Frontend\Product\Catalogue->index(2, 0)
#8 E:\OpenServer\domains\ht.inoxmavang.com\vendor\codeigniter4\framework\system\Common.php(1140): CodeIgniter\View\Cell->render('\\App\\Controller...', 'id=2, page=1', 0, 'AppControllersF...')
#9 E:\OpenServer\domains\ht.inoxmavang.com\app\Controllers\Frontend\Homepage\Router.php(53): view_cell('\\App\\Controller...', 'id=2, page=1')
#10 E:\OpenServer\domains\ht.inoxmavang.com\vendor\codeigniter4\framework\system\CodeIgniter.php(918): App\Controllers\Frontend\Homepage\Router->index('ban-console')
#11 E:\OpenServer\domains\ht.inoxmavang.com\vendor\codeigniter4\framework\system\CodeIgniter.php(404): CodeIgniter\CodeIgniter->runController(Object(App\Controllers\Frontend\Homepage\Router))
#12 E:\OpenServer\domains\ht.inoxmavang.com\vendor\codeigniter4\framework\system\CodeIgniter.php(312): CodeIgniter\CodeIgniter->handleRequest(NULL, Object(Config\Cache), false)
#13 E:\OpenServer\domains\ht.inoxmavang.com\index.php(48): CodeIgniter\CodeIgniter->run()
#14 {main}
CRITICAL - 2021-04-26 02:18:38 --> Undefined index: language
#0 E:\OpenServer\domains\ht.inoxmavang.com\app\Helpers\mydatafrontend_helper.php(341): CodeIgniter\Debug\Exceptions->errorHandler(8, 'Undefined index...', 'E:\\OpenServer\\d...', 341, Array)
#1 E:\OpenServer\domains\ht.inoxmavang.com\app\Views\frontend\homepage\common\aside.php(16): get_menu(Array)
#2 E:\OpenServer\domains\ht.inoxmavang.com\vendor\codeigniter4\framework\system\View\View.php(246): include('E:\\OpenServer\\d...')
#3 E:\OpenServer\domains\ht.inoxmavang.com\vendor\codeigniter4\framework\system\Common.php(1119): CodeIgniter\View\View->render('frontend/homepa...', Array, true)
#4 E:\OpenServer\domains\ht.inoxmavang.com\app\Views\frontend\product\catalogue\index.php(11): view('frontend/homepa...')
#5 E:\OpenServer\domains\ht.inoxmavang.com\vendor\codeigniter4\framework\system\View\View.php(246): include('E:\\OpenServer\\d...')
#6 E:\OpenServer\domains\ht.inoxmavang.com\vendor\codeigniter4\framework\system\Common.php(1119): CodeIgniter\View\View->render('frontend/produc...', Array, true)
#7 E:\OpenServer\domains\ht.inoxmavang.com\app\Views\frontend\homepage\layout\home.php(67): view('frontend/produc...')
#8 E:\OpenServer\domains\ht.inoxmavang.com\vendor\codeigniter4\framework\system\View\View.php(246): include('E:\\OpenServer\\d...')
#9 E:\OpenServer\domains\ht.inoxmavang.com\vendor\codeigniter4\framework\system\Common.php(1119): CodeIgniter\View\View->render('frontend/homepa...', Array, true)
#10 E:\OpenServer\domains\ht.inoxmavang.com\app\Controllers\Frontend\Product\Catalogue.php(138): view('frontend/homepa...', Array)
#11 E:\OpenServer\domains\ht.inoxmavang.com\vendor\codeigniter4\framework\system\View\Cell.php(180): App\Controllers\Frontend\Product\Catalogue->index(2, 0)
#12 E:\OpenServer\domains\ht.inoxmavang.com\vendor\codeigniter4\framework\system\Common.php(1140): CodeIgniter\View\Cell->render('\\App\\Controller...', 'id=2, page=1', 0, 'AppControllersF...')
#13 E:\OpenServer\domains\ht.inoxmavang.com\app\Controllers\Frontend\Homepage\Router.php(53): view_cell('\\App\\Controller...', 'id=2, page=1')
#14 E:\OpenServer\domains\ht.inoxmavang.com\vendor\codeigniter4\framework\system\CodeIgniter.php(918): App\Controllers\Frontend\Homepage\Router->index('ban-console')
#15 E:\OpenServer\domains\ht.inoxmavang.com\vendor\codeigniter4\framework\system\CodeIgniter.php(404): CodeIgniter\CodeIgniter->runController(Object(App\Controllers\Frontend\Homepage\Router))
#16 E:\OpenServer\domains\ht.inoxmavang.com\vendor\codeigniter4\framework\system\CodeIgniter.php(312): CodeIgniter\CodeIgniter->handleRequest(NULL, Object(Config\Cache), false)
#17 E:\OpenServer\domains\ht.inoxmavang.com\index.php(48): CodeIgniter\CodeIgniter->run()
#18 {main}
