CRITICAL - 2021-11-23 20:06:38 --> Unable to connect to the database.
#0 G:\OpenServer\domains\noithatva.com.va\vendor\codeigniter4\framework\system\Database\BaseConnection.php(646): CodeIgniter\Database\BaseConnection->initialize()
#1 G:\OpenServer\domains\noithatva.com.va\vendor\codeigniter4\framework\system\Database\BaseBuilder.php(1860): CodeIgniter\Database\BaseConnection->query('SELECT `keyword...', Array, false)
#2 G:\OpenServer\domains\noithatva.com.va\app\Models\AutoloadModel.php(76): CodeIgniter\Database\BaseBuilder->get()
#3 G:\OpenServer\domains\noithatva.com.va\app\Helpers\mydatafrontend_helper.php(166): App\Models\AutoloadModel->_get_where(Array, true)
#4 G:\OpenServer\domains\noithatva.com.va\app\Controllers\FrontendController.php(27): get_general('vi')
#5 G:\OpenServer\domains\noithatva.com.va\vendor\codeigniter4\framework\system\CodeIgniter.php(891): App\Controllers\FrontendController->initController(Object(CodeIgniter\HTTP\IncomingRequest), Object(CodeIgniter\HTTP\Response), Object(CodeIgniter\Log\Logger))
#6 G:\OpenServer\domains\noithatva.com.va\vendor\codeigniter4\framework\system\CodeIgniter.php(399): CodeIgniter\CodeIgniter->createController()
#7 G:\OpenServer\domains\noithatva.com.va\vendor\codeigniter4\framework\system\CodeIgniter.php(312): CodeIgniter\CodeIgniter->handleRequest(NULL, Object(Config\Cache), false)
#8 G:\OpenServer\domains\noithatva.com.va\index.php(48): CodeIgniter\CodeIgniter->run()
#9 {main}
CRITICAL - 2021-11-23 20:12:18 --> number_format() expects parameter 1 to be float, string given
#0 [internal function]: CodeIgniter\Debug\Exceptions->errorHandler(2, 'number_format()...', 'G:\\OpenServer\\d...', 225, Array)
#1 G:\OpenServer\domains\noithatva.com.va\app\Controllers\Frontend\Product\Cart.php(225): number_format('')
#2 G:\OpenServer\domains\noithatva.com.va\app\Controllers\Frontend\Product\Cart.php(98): App\Controllers\Frontend\Product\Cart->send_mail(Array, Array, 'ORDER_000002')
#3 G:\OpenServer\domains\noithatva.com.va\vendor\codeigniter4\framework\system\CodeIgniter.php(918): App\Controllers\Frontend\Product\Cart->pay()
#4 G:\OpenServer\domains\noithatva.com.va\vendor\codeigniter4\framework\system\CodeIgniter.php(404): CodeIgniter\CodeIgniter->runController(Object(App\Controllers\Frontend\Product\Cart))
#5 G:\OpenServer\domains\noithatva.com.va\vendor\codeigniter4\framework\system\CodeIgniter.php(312): CodeIgniter\CodeIgniter->handleRequest(NULL, Object(Config\Cache), false)
#6 G:\OpenServer\domains\noithatva.com.va\index.php(48): CodeIgniter\CodeIgniter->run()
#7 {main}
CRITICAL - 2021-11-23 20:13:17 --> number_format() expects parameter 1 to be float, string given
#0 [internal function]: CodeIgniter\Debug\Exceptions->errorHandler(2, 'number_format()...', 'G:\\OpenServer\\d...', 226, Array)
#1 G:\OpenServer\domains\noithatva.com.va\app\Controllers\Frontend\Product\Cart.php(226): number_format('')
#2 G:\OpenServer\domains\noithatva.com.va\app\Controllers\Frontend\Product\Cart.php(98): App\Controllers\Frontend\Product\Cart->send_mail(Array, Array, 'ORDER_000003')
#3 G:\OpenServer\domains\noithatva.com.va\vendor\codeigniter4\framework\system\CodeIgniter.php(918): App\Controllers\Frontend\Product\Cart->pay()
#4 G:\OpenServer\domains\noithatva.com.va\vendor\codeigniter4\framework\system\CodeIgniter.php(404): CodeIgniter\CodeIgniter->runController(Object(App\Controllers\Frontend\Product\Cart))
#5 G:\OpenServer\domains\noithatva.com.va\vendor\codeigniter4\framework\system\CodeIgniter.php(312): CodeIgniter\CodeIgniter->handleRequest(NULL, Object(Config\Cache), false)
#6 G:\OpenServer\domains\noithatva.com.va\index.php(48): CodeIgniter\CodeIgniter->run()
#7 {main}
CRITICAL - 2021-11-23 20:13:28 --> number_format() expects parameter 1 to be float, string given
#0 [internal function]: CodeIgniter\Debug\Exceptions->errorHandler(2, 'number_format()...', 'G:\\OpenServer\\d...', 226, Array)
#1 G:\OpenServer\domains\noithatva.com.va\app\Controllers\Frontend\Product\Cart.php(226): number_format('')
#2 G:\OpenServer\domains\noithatva.com.va\app\Controllers\Frontend\Product\Cart.php(98): App\Controllers\Frontend\Product\Cart->send_mail(Array, Array, 'ORDER_000004')
#3 G:\OpenServer\domains\noithatva.com.va\vendor\codeigniter4\framework\system\CodeIgniter.php(918): App\Controllers\Frontend\Product\Cart->pay()
#4 G:\OpenServer\domains\noithatva.com.va\vendor\codeigniter4\framework\system\CodeIgniter.php(404): CodeIgniter\CodeIgniter->runController(Object(App\Controllers\Frontend\Product\Cart))
#5 G:\OpenServer\domains\noithatva.com.va\vendor\codeigniter4\framework\system\CodeIgniter.php(312): CodeIgniter\CodeIgniter->handleRequest(NULL, Object(Config\Cache), false)
#6 G:\OpenServer\domains\noithatva.com.va\index.php(48): CodeIgniter\CodeIgniter->run()
#7 {main}
CRITICAL - 2021-11-23 20:14:22 --> number_format() expects parameter 1 to be float, string given
#0 [internal function]: CodeIgniter\Debug\Exceptions->errorHandler(2, 'number_format()...', 'G:\\OpenServer\\d...', 226, Array)
#1 G:\OpenServer\domains\noithatva.com.va\app\Controllers\Frontend\Product\Cart.php(226): number_format('', 0, ',', '.')
#2 G:\OpenServer\domains\noithatva.com.va\app\Controllers\Frontend\Product\Cart.php(98): App\Controllers\Frontend\Product\Cart->send_mail(Array, Array, 'ORDER_000005')
#3 G:\OpenServer\domains\noithatva.com.va\vendor\codeigniter4\framework\system\CodeIgniter.php(918): App\Controllers\Frontend\Product\Cart->pay()
#4 G:\OpenServer\domains\noithatva.com.va\vendor\codeigniter4\framework\system\CodeIgniter.php(404): CodeIgniter\CodeIgniter->runController(Object(App\Controllers\Frontend\Product\Cart))
#5 G:\OpenServer\domains\noithatva.com.va\vendor\codeigniter4\framework\system\CodeIgniter.php(312): CodeIgniter\CodeIgniter->handleRequest(NULL, Object(Config\Cache), false)
#6 G:\OpenServer\domains\noithatva.com.va\index.php(48): CodeIgniter\CodeIgniter->run()
#7 {main}
CRITICAL - 2021-11-23 20:15:02 --> A non-numeric value encountered
#0 G:\OpenServer\domains\noithatva.com.va\app\Controllers\Frontend\Product\Cart.php(228): CodeIgniter\Debug\Exceptions->errorHandler(2, 'A non-numeric v...', 'G:\\OpenServer\\d...', 228, Array)
#1 G:\OpenServer\domains\noithatva.com.va\app\Controllers\Frontend\Product\Cart.php(98): App\Controllers\Frontend\Product\Cart->send_mail(Array, Array, 'ORDER_000007')
#2 G:\OpenServer\domains\noithatva.com.va\vendor\codeigniter4\framework\system\CodeIgniter.php(918): App\Controllers\Frontend\Product\Cart->pay()
#3 G:\OpenServer\domains\noithatva.com.va\vendor\codeigniter4\framework\system\CodeIgniter.php(404): CodeIgniter\CodeIgniter->runController(Object(App\Controllers\Frontend\Product\Cart))
#4 G:\OpenServer\domains\noithatva.com.va\vendor\codeigniter4\framework\system\CodeIgniter.php(312): CodeIgniter\CodeIgniter->handleRequest(NULL, Object(Config\Cache), false)
#5 G:\OpenServer\domains\noithatva.com.va\index.php(48): CodeIgniter\CodeIgniter->run()
#6 {main}
CRITICAL - 2021-11-23 20:35:53 --> Undefined variable: page
#0 G:\OpenServer\domains\noithatva.com.va\app\Controllers\Backend\Price\Price.php(48): CodeIgniter\Debug\Exceptions->errorHandler(8, 'Undefined varia...', 'G:\\OpenServer\\d...', 48, Array)
#1 G:\OpenServer\domains\noithatva.com.va\app\Controllers\Backend\Price\Price.php(34): App\Controllers\Backend\Price\Price->set_price_normal()
#2 G:\OpenServer\domains\noithatva.com.va\vendor\codeigniter4\framework\system\CodeIgniter.php(918): App\Controllers\Backend\Price\Price->index()
#3 G:\OpenServer\domains\noithatva.com.va\vendor\codeigniter4\framework\system\CodeIgniter.php(404): CodeIgniter\CodeIgniter->runController(Object(App\Controllers\Backend\Price\Price))
#4 G:\OpenServer\domains\noithatva.com.va\vendor\codeigniter4\framework\system\CodeIgniter.php(312): CodeIgniter\CodeIgniter->handleRequest(NULL, Object(Config\Cache), false)
#5 G:\OpenServer\domains\noithatva.com.va\index.php(48): CodeIgniter\CodeIgniter->run()
#6 {main}
CRITICAL - 2021-11-23 20:36:21 --> Call to undefined method App\Controllers\Backend\Price\Price::condition_where()
#0 G:\OpenServer\domains\noithatva.com.va\app\Controllers\Backend\Price\Price.php(34): App\Controllers\Backend\Price\Price->set_price_normal(1)
#1 G:\OpenServer\domains\noithatva.com.va\vendor\codeigniter4\framework\system\CodeIgniter.php(918): App\Controllers\Backend\Price\Price->index()
#2 G:\OpenServer\domains\noithatva.com.va\vendor\codeigniter4\framework\system\CodeIgniter.php(404): CodeIgniter\CodeIgniter->runController(Object(App\Controllers\Backend\Price\Price))
#3 G:\OpenServer\domains\noithatva.com.va\vendor\codeigniter4\framework\system\CodeIgniter.php(312): CodeIgniter\CodeIgniter->handleRequest(NULL, Object(Config\Cache), false)
#4 G:\OpenServer\domains\noithatva.com.va\index.php(48): CodeIgniter\CodeIgniter->run()
#5 {main}
CRITICAL - 2021-11-23 20:36:41 --> Undefined variable: dropdown
#0 G:\OpenServer\domains\noithatva.com.va\app\Views\backend\location\location\index.php(71): CodeIgniter\Debug\Exceptions->errorHandler(8, 'Undefined varia...', 'G:\\OpenServer\\d...', 71, Array)
#1 G:\OpenServer\domains\noithatva.com.va\vendor\codeigniter4\framework\system\View\View.php(246): include('G:\\OpenServer\\d...')
#2 G:\OpenServer\domains\noithatva.com.va\vendor\codeigniter4\framework\system\Common.php(1119): CodeIgniter\View\View->render('backend/locatio...', Array, true)
#3 G:\OpenServer\domains\noithatva.com.va\app\Views\backend\dashboard\layout\home.php(44): view('backend/locatio...')
#4 G:\OpenServer\domains\noithatva.com.va\vendor\codeigniter4\framework\system\View\View.php(246): include('G:\\OpenServer\\d...')
#5 G:\OpenServer\domains\noithatva.com.va\vendor\codeigniter4\framework\system\Common.php(1119): CodeIgniter\View\View->render('backend/dashboa...', Array, true)
#6 G:\OpenServer\domains\noithatva.com.va\app\Controllers\Backend\Price\Price.php(36): view('backend/dashboa...', Array)
#7 G:\OpenServer\domains\noithatva.com.va\vendor\codeigniter4\framework\system\CodeIgniter.php(918): App\Controllers\Backend\Price\Price->index()
#8 G:\OpenServer\domains\noithatva.com.va\vendor\codeigniter4\framework\system\CodeIgniter.php(404): CodeIgniter\CodeIgniter->runController(Object(App\Controllers\Backend\Price\Price))
#9 G:\OpenServer\domains\noithatva.com.va\vendor\codeigniter4\framework\system\CodeIgniter.php(312): CodeIgniter\CodeIgniter->handleRequest(NULL, Object(Config\Cache), false)
#10 G:\OpenServer\domains\noithatva.com.va\index.php(48): CodeIgniter\CodeIgniter->run()
#11 {main}
CRITICAL - 2021-11-23 20:37:03 --> Undefined variable: dropdown
#0 G:\OpenServer\domains\noithatva.com.va\app\Views\backend\location\location\index.php(71): CodeIgniter\Debug\Exceptions->errorHandler(8, 'Undefined varia...', 'G:\\OpenServer\\d...', 71, Array)
#1 G:\OpenServer\domains\noithatva.com.va\vendor\codeigniter4\framework\system\View\View.php(246): include('G:\\OpenServer\\d...')
#2 G:\OpenServer\domains\noithatva.com.va\vendor\codeigniter4\framework\system\Common.php(1119): CodeIgniter\View\View->render('backend/locatio...', Array, true)
#3 G:\OpenServer\domains\noithatva.com.va\app\Views\backend\dashboard\layout\home.php(44): view('backend/locatio...')
#4 G:\OpenServer\domains\noithatva.com.va\vendor\codeigniter4\framework\system\View\View.php(246): include('G:\\OpenServer\\d...')
#5 G:\OpenServer\domains\noithatva.com.va\vendor\codeigniter4\framework\system\Common.php(1119): CodeIgniter\View\View->render('backend/dashboa...', Array, true)
#6 G:\OpenServer\domains\noithatva.com.va\app\Controllers\Backend\Price\Price.php(36): view('backend/dashboa...', Array)
#7 G:\OpenServer\domains\noithatva.com.va\vendor\codeigniter4\framework\system\CodeIgniter.php(918): App\Controllers\Backend\Price\Price->index()
#8 G:\OpenServer\domains\noithatva.com.va\vendor\codeigniter4\framework\system\CodeIgniter.php(404): CodeIgniter\CodeIgniter->runController(Object(App\Controllers\Backend\Price\Price))
#9 G:\OpenServer\domains\noithatva.com.va\vendor\codeigniter4\framework\system\CodeIgniter.php(312): CodeIgniter\CodeIgniter->handleRequest(NULL, Object(Config\Cache), false)
#10 G:\OpenServer\domains\noithatva.com.va\index.php(48): CodeIgniter\CodeIgniter->run()
#11 {main}
CRITICAL - 2021-11-23 21:11:16 --> syntax error, unexpected ')', expecting ',' or ';'
#0 G:\OpenServer\domains\noithatva.com.va\vendor\codeigniter4\framework\system\Common.php(1119): CodeIgniter\View\View->render('backend/price/p...', Array, true)
#1 G:\OpenServer\domains\noithatva.com.va\app\Views\backend\dashboard\layout\home.php(44): view('backend/price/p...')
#2 G:\OpenServer\domains\noithatva.com.va\vendor\codeigniter4\framework\system\View\View.php(246): include('G:\\OpenServer\\d...')
#3 G:\OpenServer\domains\noithatva.com.va\vendor\codeigniter4\framework\system\Common.php(1119): CodeIgniter\View\View->render('backend/dashboa...', Array, true)
#4 G:\OpenServer\domains\noithatva.com.va\app\Controllers\Backend\Price\Price.php(38): view('backend/dashboa...', Array)
#5 G:\OpenServer\domains\noithatva.com.va\vendor\codeigniter4\framework\system\CodeIgniter.php(918): App\Controllers\Backend\Price\Price->index()
#6 G:\OpenServer\domains\noithatva.com.va\vendor\codeigniter4\framework\system\CodeIgniter.php(404): CodeIgniter\CodeIgniter->runController(Object(App\Controllers\Backend\Price\Price))
#7 G:\OpenServer\domains\noithatva.com.va\vendor\codeigniter4\framework\system\CodeIgniter.php(312): CodeIgniter\CodeIgniter->handleRequest(NULL, Object(Config\Cache), false)
#8 G:\OpenServer\domains\noithatva.com.va\index.php(48): CodeIgniter\CodeIgniter->run()
#9 {main}
CRITICAL - 2021-11-23 21:29:41 --> Call to undefined method CodeIgniter\Database\MySQLi\Connection::where_in()
#0 G:\OpenServer\domains\noithatva.com.va\app\Controllers\Ajax\Price.php(61): App\Models\AutoloadModel->delete_batch(Array)
#1 G:\OpenServer\domains\noithatva.com.va\vendor\codeigniter4\framework\system\CodeIgniter.php(918): App\Controllers\Ajax\Price->set_value_auto()
#2 G:\OpenServer\domains\noithatva.com.va\vendor\codeigniter4\framework\system\CodeIgniter.php(404): CodeIgniter\CodeIgniter->runController(Object(App\Controllers\Ajax\Price))
#3 G:\OpenServer\domains\noithatva.com.va\vendor\codeigniter4\framework\system\CodeIgniter.php(312): CodeIgniter\CodeIgniter->handleRequest(NULL, Object(Config\Cache), false)
#4 G:\OpenServer\domains\noithatva.com.va\index.php(48): CodeIgniter\CodeIgniter->run()
#5 {main}
CRITICAL - 2021-11-23 21:32:25 --> Call to undefined method CodeIgniter\Database\MySQLi\Connection::where_in()
#0 G:\OpenServer\domains\noithatva.com.va\app\Controllers\Ajax\Price.php(61): App\Models\AutoloadModel->delete_batch(Array)
#1 G:\OpenServer\domains\noithatva.com.va\vendor\codeigniter4\framework\system\CodeIgniter.php(918): App\Controllers\Ajax\Price->set_value_auto()
#2 G:\OpenServer\domains\noithatva.com.va\vendor\codeigniter4\framework\system\CodeIgniter.php(404): CodeIgniter\CodeIgniter->runController(Object(App\Controllers\Ajax\Price))
#3 G:\OpenServer\domains\noithatva.com.va\vendor\codeigniter4\framework\system\CodeIgniter.php(312): CodeIgniter\CodeIgniter->handleRequest(NULL, Object(Config\Cache), false)
#4 G:\OpenServer\domains\noithatva.com.va\index.php(48): CodeIgniter\CodeIgniter->run()
#5 {main}
CRITICAL - 2021-11-23 21:33:56 --> Unknown column 'type' in 'where clause'
#0 G:\OpenServer\domains\noithatva.com.va\vendor\codeigniter4\framework\system\Database\MySQLi\Connection.php(331): mysqli->query('DELETE FROM `pr...')
#1 G:\OpenServer\domains\noithatva.com.va\vendor\codeigniter4\framework\system\Database\BaseConnection.php(741): CodeIgniter\Database\MySQLi\Connection->execute('DELETE FROM `pr...')
#2 G:\OpenServer\domains\noithatva.com.va\vendor\codeigniter4\framework\system\Database\BaseConnection.php(669): CodeIgniter\Database\BaseConnection->simpleQuery('DELETE FROM `pr...')
#3 G:\OpenServer\domains\noithatva.com.va\vendor\codeigniter4\framework\system\Database\BaseBuilder.php(2853): CodeIgniter\Database\BaseConnection->query('DELETE FROM `pr...', Array, false)
#4 G:\OpenServer\domains\noithatva.com.va\app\Models\AutoloadModel.php(118): CodeIgniter\Database\BaseBuilder->delete()
#5 G:\OpenServer\domains\noithatva.com.va\app\Controllers\Ajax\Price.php(61): App\Models\AutoloadModel->_delete(Array)
#6 G:\OpenServer\domains\noithatva.com.va\vendor\codeigniter4\framework\system\CodeIgniter.php(918): App\Controllers\Ajax\Price->set_value_auto()
#7 G:\OpenServer\domains\noithatva.com.va\vendor\codeigniter4\framework\system\CodeIgniter.php(404): CodeIgniter\CodeIgniter->runController(Object(App\Controllers\Ajax\Price))
#8 G:\OpenServer\domains\noithatva.com.va\vendor\codeigniter4\framework\system\CodeIgniter.php(312): CodeIgniter\CodeIgniter->handleRequest(NULL, Object(Config\Cache), false)
#9 G:\OpenServer\domains\noithatva.com.va\index.php(48): CodeIgniter\CodeIgniter->run()
#10 {main}
CRITICAL - 2021-11-23 22:15:21 --> Undefined index: title
#0 G:\OpenServer\domains\noithatva.com.va\app\Views\backend\price\price\index.php(171): CodeIgniter\Debug\Exceptions->errorHandler(8, 'Undefined index...', 'G:\\OpenServer\\d...', 171, Array)
#1 G:\OpenServer\domains\noithatva.com.va\vendor\codeigniter4\framework\system\View\View.php(246): include('G:\\OpenServer\\d...')
#2 G:\OpenServer\domains\noithatva.com.va\vendor\codeigniter4\framework\system\Common.php(1119): CodeIgniter\View\View->render('backend/price/p...', Array, true)
#3 G:\OpenServer\domains\noithatva.com.va\app\Views\backend\dashboard\layout\home.php(44): view('backend/price/p...')
#4 G:\OpenServer\domains\noithatva.com.va\vendor\codeigniter4\framework\system\View\View.php(246): include('G:\\OpenServer\\d...')
#5 G:\OpenServer\domains\noithatva.com.va\vendor\codeigniter4\framework\system\Common.php(1119): CodeIgniter\View\View->render('backend/dashboa...', Array, true)
#6 G:\OpenServer\domains\noithatva.com.va\app\Controllers\Backend\Price\Price.php(69): view('backend/dashboa...', Array)
#7 G:\OpenServer\domains\noithatva.com.va\vendor\codeigniter4\framework\system\CodeIgniter.php(918): App\Controllers\Backend\Price\Price->index()
#8 G:\OpenServer\domains\noithatva.com.va\vendor\codeigniter4\framework\system\CodeIgniter.php(404): CodeIgniter\CodeIgniter->runController(Object(App\Controllers\Backend\Price\Price))
#9 G:\OpenServer\domains\noithatva.com.va\vendor\codeigniter4\framework\system\CodeIgniter.php(312): CodeIgniter\CodeIgniter->handleRequest(NULL, Object(Config\Cache), false)
#10 G:\OpenServer\domains\noithatva.com.va\index.php(48): CodeIgniter\CodeIgniter->run()
#11 {main}
CRITICAL - 2021-11-23 22:16:57 --> Undefined variable: value
#0 G:\OpenServer\domains\noithatva.com.va\app\Views\backend\price\price\index.php(169): CodeIgniter\Debug\Exceptions->errorHandler(8, 'Undefined varia...', 'G:\\OpenServer\\d...', 169, Array)
#1 G:\OpenServer\domains\noithatva.com.va\vendor\codeigniter4\framework\system\View\View.php(246): include('G:\\OpenServer\\d...')
#2 G:\OpenServer\domains\noithatva.com.va\vendor\codeigniter4\framework\system\Common.php(1119): CodeIgniter\View\View->render('backend/price/p...', Array, true)
#3 G:\OpenServer\domains\noithatva.com.va\app\Views\backend\dashboard\layout\home.php(44): view('backend/price/p...')
#4 G:\OpenServer\domains\noithatva.com.va\vendor\codeigniter4\framework\system\View\View.php(246): include('G:\\OpenServer\\d...')
#5 G:\OpenServer\domains\noithatva.com.va\vendor\codeigniter4\framework\system\Common.php(1119): CodeIgniter\View\View->render('backend/dashboa...', Array, true)
#6 G:\OpenServer\domains\noithatva.com.va\app\Controllers\Backend\Price\Price.php(69): view('backend/dashboa...', Array)
#7 G:\OpenServer\domains\noithatva.com.va\vendor\codeigniter4\framework\system\CodeIgniter.php(918): App\Controllers\Backend\Price\Price->index()
#8 G:\OpenServer\domains\noithatva.com.va\vendor\codeigniter4\framework\system\CodeIgniter.php(404): CodeIgniter\CodeIgniter->runController(Object(App\Controllers\Backend\Price\Price))
#9 G:\OpenServer\domains\noithatva.com.va\vendor\codeigniter4\framework\system\CodeIgniter.php(312): CodeIgniter\CodeIgniter->handleRequest(NULL, Object(Config\Cache), false)
#10 G:\OpenServer\domains\noithatva.com.va\index.php(48): CodeIgniter\CodeIgniter->run()
#11 {main}
CRITICAL - 2021-11-23 22:17:21 --> Undefined variable: value
#0 G:\OpenServer\domains\noithatva.com.va\app\Views\backend\price\price\index.php(169): CodeIgniter\Debug\Exceptions->errorHandler(8, 'Undefined varia...', 'G:\\OpenServer\\d...', 169, Array)
#1 G:\OpenServer\domains\noithatva.com.va\vendor\codeigniter4\framework\system\View\View.php(246): include('G:\\OpenServer\\d...')
#2 G:\OpenServer\domains\noithatva.com.va\vendor\codeigniter4\framework\system\Common.php(1119): CodeIgniter\View\View->render('backend/price/p...', Array, true)
#3 G:\OpenServer\domains\noithatva.com.va\app\Views\backend\dashboard\layout\home.php(44): view('backend/price/p...')
#4 G:\OpenServer\domains\noithatva.com.va\vendor\codeigniter4\framework\system\View\View.php(246): include('G:\\OpenServer\\d...')
#5 G:\OpenServer\domains\noithatva.com.va\vendor\codeigniter4\framework\system\Common.php(1119): CodeIgniter\View\View->render('backend/dashboa...', Array, true)
#6 G:\OpenServer\domains\noithatva.com.va\app\Controllers\Backend\Price\Price.php(69): view('backend/dashboa...', Array)
#7 G:\OpenServer\domains\noithatva.com.va\vendor\codeigniter4\framework\system\CodeIgniter.php(918): App\Controllers\Backend\Price\Price->index()
#8 G:\OpenServer\domains\noithatva.com.va\vendor\codeigniter4\framework\system\CodeIgniter.php(404): CodeIgniter\CodeIgniter->runController(Object(App\Controllers\Backend\Price\Price))
#9 G:\OpenServer\domains\noithatva.com.va\vendor\codeigniter4\framework\system\CodeIgniter.php(312): CodeIgniter\CodeIgniter->handleRequest(NULL, Object(Config\Cache), false)
#10 G:\OpenServer\domains\noithatva.com.va\index.php(48): CodeIgniter\CodeIgniter->run()
#11 {main}
CRITICAL - 2021-11-23 22:26:39 --> count(): Parameter must be an array or an object that implements Countable
#0 [internal function]: CodeIgniter\Debug\Exceptions->errorHandler(2, 'count(): Parame...', 'G:\\OpenServer\\d...', 105, Array)
#1 G:\OpenServer\domains\noithatva.com.va\app\Controllers\Ajax\Price.php(105): count(NULL)
#2 G:\OpenServer\domains\noithatva.com.va\vendor\codeigniter4\framework\system\CodeIgniter.php(918): App\Controllers\Ajax\Price->set_value_normal()
#3 G:\OpenServer\domains\noithatva.com.va\vendor\codeigniter4\framework\system\CodeIgniter.php(404): CodeIgniter\CodeIgniter->runController(Object(App\Controllers\Ajax\Price))
#4 G:\OpenServer\domains\noithatva.com.va\vendor\codeigniter4\framework\system\CodeIgniter.php(312): CodeIgniter\CodeIgniter->handleRequest(NULL, Object(Config\Cache), false)
#5 G:\OpenServer\domains\noithatva.com.va\index.php(48): CodeIgniter\CodeIgniter->run()
#6 {main}
CRITICAL - 2021-11-23 22:27:03 --> Undefined variable: val
#0 G:\OpenServer\domains\noithatva.com.va\app\Controllers\Ajax\Price.php(145): CodeIgniter\Debug\Exceptions->errorHandler(8, 'Undefined varia...', 'G:\\OpenServer\\d...', 145, Array)
#1 G:\OpenServer\domains\noithatva.com.va\vendor\codeigniter4\framework\system\CodeIgniter.php(918): App\Controllers\Ajax\Price->set_value_normal()
#2 G:\OpenServer\domains\noithatva.com.va\vendor\codeigniter4\framework\system\CodeIgniter.php(404): CodeIgniter\CodeIgniter->runController(Object(App\Controllers\Ajax\Price))
#3 G:\OpenServer\domains\noithatva.com.va\vendor\codeigniter4\framework\system\CodeIgniter.php(312): CodeIgniter\CodeIgniter->handleRequest(NULL, Object(Config\Cache), false)
#4 G:\OpenServer\domains\noithatva.com.va\index.php(48): CodeIgniter\CodeIgniter->run()
#5 {main}
CRITICAL - 2021-11-23 22:46:23 --> syntax error, unexpected '}'
#0 G:\OpenServer\domains\noithatva.com.va\vendor\codeigniter4\framework\system\Router\Router.php(195): CodeIgniter\Router\Router->autoRoute('ajax/frontend/c...')
#1 G:\OpenServer\domains\noithatva.com.va\vendor\codeigniter4\framework\system\CodeIgniter.php(793): CodeIgniter\Router\Router->handle('ajax/frontend/c...')
#2 G:\OpenServer\domains\noithatva.com.va\vendor\codeigniter4\framework\system\CodeIgniter.php(364): CodeIgniter\CodeIgniter->tryToRouteIt(Object(CodeIgniter\Router\RouteCollection))
#3 G:\OpenServer\domains\noithatva.com.va\vendor\codeigniter4\framework\system\CodeIgniter.php(312): CodeIgniter\CodeIgniter->handleRequest(NULL, Object(Config\Cache), false)
#4 G:\OpenServer\domains\noithatva.com.va\index.php(48): CodeIgniter\CodeIgniter->run()
#5 {main}
