CRITICAL - 2022-09-05 01:38:06 --> syntax error, unexpected 'if' (T_IF)
in APPPATH/Filters/AuthFrontend.php on line 39.
 1 SYSTEMPATH/Autoloader/Autoloader.php(259): CodeIgniter\Autoloader\Autoloader->includeFile()
 2 SYSTEMPATH/Autoloader/Autoloader.php(237): CodeIgniter\Autoloader\Autoloader->loadInNamespace()
 3 [internal function]: CodeIgniter\Autoloader\Autoloader->loadClass()
 4 SYSTEMPATH/Filters/Filters.php(166): spl_autoload_call()
 5 SYSTEMPATH/CodeIgniter.php(431): CodeIgniter\Filters\Filters->run()
 6 SYSTEMPATH/CodeIgniter.php(340): CodeIgniter\CodeIgniter->handleRequest()
 7 FCPATH/index.php(67): CodeIgniter\CodeIgniter->run()
CRITICAL - 2022-09-05 08:29:05 --> in_array() expects parameter 2 to be array, null given
in APPPATH/Views/backend/dashboard/common/sidebar.php on line 36.
 1 [internal function]: CodeIgniter\Debug\Exceptions->errorHandler()
 2 APPPATH/Views/backend/dashboard/common/sidebar.php(36): in_array()
 3 SYSTEMPATH/View/View.php(213): include('APPPATH/Views/backend/dashboard/common/sidebar.php')
 4 SYSTEMPATH/View/View.php(216): CodeIgniter\View\View->CodeIgniter\View\{closure}()
 5 SYSTEMPATH/Common.php(1142): CodeIgniter\View\View->render()
 6 APPPATH/Views/backend/dashboard/layout/home.php(41): view()
 7 SYSTEMPATH/View/View.php(213): include('APPPATH/Views/backend/dashboard/layout/home.php')
 8 SYSTEMPATH/View/View.php(216): CodeIgniter\View\View->CodeIgniter\View\{closure}()
 9 SYSTEMPATH/Common.php(1142): CodeIgniter\View\View->render()
10 APPPATH/Controllers/Backend/Dashboard/Dashboard.php(88): view()
11 SYSTEMPATH/CodeIgniter.php(904): App\Controllers\Backend\Dashboard\Dashboard->index()
12 SYSTEMPATH/CodeIgniter.php(457): CodeIgniter\CodeIgniter->runController()
13 SYSTEMPATH/CodeIgniter.php(340): CodeIgniter\CodeIgniter->handleRequest()
14 FCPATH/index.php(67): CodeIgniter\CodeIgniter->run()
CRITICAL - 2022-09-05 08:29:17 --> in_array() expects parameter 2 to be array, null given
in APPPATH/Views/backend/dashboard/common/sidebar.php on line 36.
 1 [internal function]: CodeIgniter\Debug\Exceptions->errorHandler()
 2 APPPATH/Views/backend/dashboard/common/sidebar.php(36): in_array()
 3 SYSTEMPATH/View/View.php(213): include('APPPATH/Views/backend/dashboard/common/sidebar.php')
 4 SYSTEMPATH/View/View.php(216): CodeIgniter\View\View->CodeIgniter\View\{closure}()
 5 SYSTEMPATH/Common.php(1142): CodeIgniter\View\View->render()
 6 APPPATH/Views/backend/dashboard/layout/home.php(41): view()
 7 SYSTEMPATH/View/View.php(213): include('APPPATH/Views/backend/dashboard/layout/home.php')
 8 SYSTEMPATH/View/View.php(216): CodeIgniter\View\View->CodeIgniter\View\{closure}()
 9 SYSTEMPATH/Common.php(1142): CodeIgniter\View\View->render()
10 APPPATH/Controllers/Backend/Dashboard/Dashboard.php(88): view()
11 SYSTEMPATH/CodeIgniter.php(904): App\Controllers\Backend\Dashboard\Dashboard->index()
12 SYSTEMPATH/CodeIgniter.php(457): CodeIgniter\CodeIgniter->runController()
13 SYSTEMPATH/CodeIgniter.php(340): CodeIgniter\CodeIgniter->handleRequest()
14 FCPATH/index.php(67): CodeIgniter\CodeIgniter->run()
CRITICAL - 2022-09-05 08:29:23 --> in_array() expects parameter 2 to be array, null given
in APPPATH/Views/backend/dashboard/common/sidebar.php on line 36.
 1 [internal function]: CodeIgniter\Debug\Exceptions->errorHandler()
 2 APPPATH/Views/backend/dashboard/common/sidebar.php(36): in_array()
 3 SYSTEMPATH/View/View.php(213): include('APPPATH/Views/backend/dashboard/common/sidebar.php')
 4 SYSTEMPATH/View/View.php(216): CodeIgniter\View\View->CodeIgniter\View\{closure}()
 5 SYSTEMPATH/Common.php(1142): CodeIgniter\View\View->render()
 6 APPPATH/Views/backend/dashboard/layout/home.php(41): view()
 7 SYSTEMPATH/View/View.php(213): include('APPPATH/Views/backend/dashboard/layout/home.php')
 8 SYSTEMPATH/View/View.php(216): CodeIgniter\View\View->CodeIgniter\View\{closure}()
 9 SYSTEMPATH/Common.php(1142): CodeIgniter\View\View->render()
10 APPPATH/Controllers/Backend/Dashboard/Dashboard.php(88): view()
11 SYSTEMPATH/CodeIgniter.php(904): App\Controllers\Backend\Dashboard\Dashboard->index()
12 SYSTEMPATH/CodeIgniter.php(457): CodeIgniter\CodeIgniter->runController()
13 SYSTEMPATH/CodeIgniter.php(340): CodeIgniter\CodeIgniter->handleRequest()
14 FCPATH/index.php(67): CodeIgniter\CodeIgniter->run()
CRITICAL - 2022-09-05 08:29:23 --> in_array() expects parameter 2 to be array, null given
in APPPATH/Views/backend/dashboard/common/sidebar.php on line 36.
 1 [internal function]: CodeIgniter\Debug\Exceptions->errorHandler()
 2 APPPATH/Views/backend/dashboard/common/sidebar.php(36): in_array()
 3 SYSTEMPATH/View/View.php(213): include('APPPATH/Views/backend/dashboard/common/sidebar.php')
 4 SYSTEMPATH/View/View.php(216): CodeIgniter\View\View->CodeIgniter\View\{closure}()
 5 SYSTEMPATH/Common.php(1142): CodeIgniter\View\View->render()
 6 APPPATH/Views/backend/dashboard/layout/home.php(41): view()
 7 SYSTEMPATH/View/View.php(213): include('APPPATH/Views/backend/dashboard/layout/home.php')
 8 SYSTEMPATH/View/View.php(216): CodeIgniter\View\View->CodeIgniter\View\{closure}()
 9 SYSTEMPATH/Common.php(1142): CodeIgniter\View\View->render()
10 APPPATH/Controllers/Backend/Dashboard/Dashboard.php(88): view()
11 SYSTEMPATH/CodeIgniter.php(904): App\Controllers\Backend\Dashboard\Dashboard->index()
12 SYSTEMPATH/CodeIgniter.php(457): CodeIgniter\CodeIgniter->runController()
13 SYSTEMPATH/CodeIgniter.php(340): CodeIgniter\CodeIgniter->handleRequest()
14 FCPATH/index.php(67): CodeIgniter\CodeIgniter->run()
CRITICAL - 2022-09-05 08:29:23 --> in_array() expects parameter 2 to be array, null given
in APPPATH/Views/backend/dashboard/common/sidebar.php on line 36.
 1 [internal function]: CodeIgniter\Debug\Exceptions->errorHandler()
 2 APPPATH/Views/backend/dashboard/common/sidebar.php(36): in_array()
 3 SYSTEMPATH/View/View.php(213): include('APPPATH/Views/backend/dashboard/common/sidebar.php')
 4 SYSTEMPATH/View/View.php(216): CodeIgniter\View\View->CodeIgniter\View\{closure}()
 5 SYSTEMPATH/Common.php(1142): CodeIgniter\View\View->render()
 6 APPPATH/Views/backend/dashboard/layout/home.php(41): view()
 7 SYSTEMPATH/View/View.php(213): include('APPPATH/Views/backend/dashboard/layout/home.php')
 8 SYSTEMPATH/View/View.php(216): CodeIgniter\View\View->CodeIgniter\View\{closure}()
 9 SYSTEMPATH/Common.php(1142): CodeIgniter\View\View->render()
10 APPPATH/Controllers/Backend/Dashboard/Dashboard.php(88): view()
11 SYSTEMPATH/CodeIgniter.php(904): App\Controllers\Backend\Dashboard\Dashboard->index()
12 SYSTEMPATH/CodeIgniter.php(457): CodeIgniter\CodeIgniter->runController()
13 SYSTEMPATH/CodeIgniter.php(340): CodeIgniter\CodeIgniter->handleRequest()
14 FCPATH/index.php(67): CodeIgniter\CodeIgniter->run()
CRITICAL - 2022-09-05 08:29:23 --> in_array() expects parameter 2 to be array, null given
in APPPATH/Views/backend/dashboard/common/sidebar.php on line 36.
 1 [internal function]: CodeIgniter\Debug\Exceptions->errorHandler()
 2 APPPATH/Views/backend/dashboard/common/sidebar.php(36): in_array()
 3 SYSTEMPATH/View/View.php(213): include('APPPATH/Views/backend/dashboard/common/sidebar.php')
 4 SYSTEMPATH/View/View.php(216): CodeIgniter\View\View->CodeIgniter\View\{closure}()
 5 SYSTEMPATH/Common.php(1142): CodeIgniter\View\View->render()
 6 APPPATH/Views/backend/dashboard/layout/home.php(41): view()
 7 SYSTEMPATH/View/View.php(213): include('APPPATH/Views/backend/dashboard/layout/home.php')
 8 SYSTEMPATH/View/View.php(216): CodeIgniter\View\View->CodeIgniter\View\{closure}()
 9 SYSTEMPATH/Common.php(1142): CodeIgniter\View\View->render()
10 APPPATH/Controllers/Backend/Dashboard/Dashboard.php(88): view()
11 SYSTEMPATH/CodeIgniter.php(904): App\Controllers\Backend\Dashboard\Dashboard->index()
12 SYSTEMPATH/CodeIgniter.php(457): CodeIgniter\CodeIgniter->runController()
13 SYSTEMPATH/CodeIgniter.php(340): CodeIgniter\CodeIgniter->handleRequest()
14 FCPATH/index.php(67): CodeIgniter\CodeIgniter->run()
CRITICAL - 2022-09-05 08:29:27 --> in_array() expects parameter 2 to be array, null given
in APPPATH/Views/backend/dashboard/common/sidebar.php on line 36.
 1 [internal function]: CodeIgniter\Debug\Exceptions->errorHandler()
 2 APPPATH/Views/backend/dashboard/common/sidebar.php(36): in_array()
 3 SYSTEMPATH/View/View.php(213): include('APPPATH/Views/backend/dashboard/common/sidebar.php')
 4 SYSTEMPATH/View/View.php(216): CodeIgniter\View\View->CodeIgniter\View\{closure}()
 5 SYSTEMPATH/Common.php(1142): CodeIgniter\View\View->render()
 6 APPPATH/Views/backend/dashboard/layout/home.php(41): view()
 7 SYSTEMPATH/View/View.php(213): include('APPPATH/Views/backend/dashboard/layout/home.php')
 8 SYSTEMPATH/View/View.php(216): CodeIgniter\View\View->CodeIgniter\View\{closure}()
 9 SYSTEMPATH/Common.php(1142): CodeIgniter\View\View->render()
10 APPPATH/Controllers/Backend/Dashboard/Dashboard.php(88): view()
11 SYSTEMPATH/CodeIgniter.php(904): App\Controllers\Backend\Dashboard\Dashboard->index()
12 SYSTEMPATH/CodeIgniter.php(457): CodeIgniter\CodeIgniter->runController()
13 SYSTEMPATH/CodeIgniter.php(340): CodeIgniter\CodeIgniter->handleRequest()
14 FCPATH/index.php(67): CodeIgniter\CodeIgniter->run()
CRITICAL - 2022-09-05 08:30:05 --> in_array() expects parameter 2 to be array, null given
in APPPATH/Views/backend/dashboard/common/sidebar.php on line 36.
 1 [internal function]: CodeIgniter\Debug\Exceptions->errorHandler()
 2 APPPATH/Views/backend/dashboard/common/sidebar.php(36): in_array()
 3 SYSTEMPATH/View/View.php(213): include('APPPATH/Views/backend/dashboard/common/sidebar.php')
 4 SYSTEMPATH/View/View.php(216): CodeIgniter\View\View->CodeIgniter\View\{closure}()
 5 SYSTEMPATH/Common.php(1142): CodeIgniter\View\View->render()
 6 APPPATH/Views/backend/dashboard/layout/home.php(41): view()
 7 SYSTEMPATH/View/View.php(213): include('APPPATH/Views/backend/dashboard/layout/home.php')
 8 SYSTEMPATH/View/View.php(216): CodeIgniter\View\View->CodeIgniter\View\{closure}()
 9 SYSTEMPATH/Common.php(1142): CodeIgniter\View\View->render()
10 APPPATH/Controllers/Backend/Dashboard/Dashboard.php(88): view()
11 SYSTEMPATH/CodeIgniter.php(904): App\Controllers\Backend\Dashboard\Dashboard->index()
12 SYSTEMPATH/CodeIgniter.php(457): CodeIgniter\CodeIgniter->runController()
13 SYSTEMPATH/CodeIgniter.php(340): CodeIgniter\CodeIgniter->handleRequest()
14 FCPATH/index.php(67): CodeIgniter\CodeIgniter->run()
CRITICAL - 2022-09-05 08:30:44 --> in_array() expects parameter 2 to be array, null given
in APPPATH/Views/backend/dashboard/common/sidebar.php on line 36.
 1 [internal function]: CodeIgniter\Debug\Exceptions->errorHandler()
 2 APPPATH/Views/backend/dashboard/common/sidebar.php(36): in_array()
 3 SYSTEMPATH/View/View.php(213): include('APPPATH/Views/backend/dashboard/common/sidebar.php')
 4 SYSTEMPATH/View/View.php(216): CodeIgniter\View\View->CodeIgniter\View\{closure}()
 5 SYSTEMPATH/Common.php(1142): CodeIgniter\View\View->render()
 6 APPPATH/Views/backend/dashboard/layout/home.php(41): view()
 7 SYSTEMPATH/View/View.php(213): include('APPPATH/Views/backend/dashboard/layout/home.php')
 8 SYSTEMPATH/View/View.php(216): CodeIgniter\View\View->CodeIgniter\View\{closure}()
 9 SYSTEMPATH/Common.php(1142): CodeIgniter\View\View->render()
10 APPPATH/Controllers/Backend/Dashboard/Dashboard.php(88): view()
11 SYSTEMPATH/CodeIgniter.php(904): App\Controllers\Backend\Dashboard\Dashboard->index()
12 SYSTEMPATH/CodeIgniter.php(457): CodeIgniter\CodeIgniter->runController()
13 SYSTEMPATH/CodeIgniter.php(340): CodeIgniter\CodeIgniter->handleRequest()
14 FCPATH/index.php(67): CodeIgniter\CodeIgniter->run()
CRITICAL - 2022-09-05 08:30:54 --> in_array() expects parameter 2 to be array, null given
in APPPATH/Views/backend/dashboard/common/sidebar.php on line 36.
 1 [internal function]: CodeIgniter\Debug\Exceptions->errorHandler()
 2 APPPATH/Views/backend/dashboard/common/sidebar.php(36): in_array()
 3 SYSTEMPATH/View/View.php(213): include('APPPATH/Views/backend/dashboard/common/sidebar.php')
 4 SYSTEMPATH/View/View.php(216): CodeIgniter\View\View->CodeIgniter\View\{closure}()
 5 SYSTEMPATH/Common.php(1142): CodeIgniter\View\View->render()
 6 APPPATH/Views/backend/dashboard/layout/home.php(41): view()
 7 SYSTEMPATH/View/View.php(213): include('APPPATH/Views/backend/dashboard/layout/home.php')
 8 SYSTEMPATH/View/View.php(216): CodeIgniter\View\View->CodeIgniter\View\{closure}()
 9 SYSTEMPATH/Common.php(1142): CodeIgniter\View\View->render()
10 APPPATH/Controllers/Backend/Dashboard/Dashboard.php(88): view()
11 SYSTEMPATH/CodeIgniter.php(904): App\Controllers\Backend\Dashboard\Dashboard->index()
12 SYSTEMPATH/CodeIgniter.php(457): CodeIgniter\CodeIgniter->runController()
13 SYSTEMPATH/CodeIgniter.php(340): CodeIgniter\CodeIgniter->handleRequest()
14 FCPATH/index.php(67): CodeIgniter\CodeIgniter->run()
CRITICAL - 2022-09-05 08:30:59 --> in_array() expects parameter 2 to be array, null given
in APPPATH/Views/backend/dashboard/common/sidebar.php on line 36.
 1 [internal function]: CodeIgniter\Debug\Exceptions->errorHandler()
 2 APPPATH/Views/backend/dashboard/common/sidebar.php(36): in_array()
 3 SYSTEMPATH/View/View.php(213): include('APPPATH/Views/backend/dashboard/common/sidebar.php')
 4 SYSTEMPATH/View/View.php(216): CodeIgniter\View\View->CodeIgniter\View\{closure}()
 5 SYSTEMPATH/Common.php(1142): CodeIgniter\View\View->render()
 6 APPPATH/Views/backend/dashboard/layout/home.php(41): view()
 7 SYSTEMPATH/View/View.php(213): include('APPPATH/Views/backend/dashboard/layout/home.php')
 8 SYSTEMPATH/View/View.php(216): CodeIgniter\View\View->CodeIgniter\View\{closure}()
 9 SYSTEMPATH/Common.php(1142): CodeIgniter\View\View->render()
10 APPPATH/Controllers/Backend/Dashboard/Dashboard.php(88): view()
11 SYSTEMPATH/CodeIgniter.php(904): App\Controllers\Backend\Dashboard\Dashboard->index()
12 SYSTEMPATH/CodeIgniter.php(457): CodeIgniter\CodeIgniter->runController()
13 SYSTEMPATH/CodeIgniter.php(340): CodeIgniter\CodeIgniter->handleRequest()
14 FCPATH/index.php(67): CodeIgniter\CodeIgniter->run()
CRITICAL - 2022-09-05 09:32:19 --> in_array() expects parameter 2 to be array, null given
in APPPATH/Views/backend/dashboard/common/sidebar.php on line 36.
 1 [internal function]: CodeIgniter\Debug\Exceptions->errorHandler()
 2 APPPATH/Views/backend/dashboard/common/sidebar.php(36): in_array()
 3 SYSTEMPATH/View/View.php(213): include('APPPATH/Views/backend/dashboard/common/sidebar.php')
 4 SYSTEMPATH/View/View.php(216): CodeIgniter\View\View->CodeIgniter\View\{closure}()
 5 SYSTEMPATH/Common.php(1142): CodeIgniter\View\View->render()
 6 APPPATH/Views/backend/dashboard/layout/home.php(41): view()
 7 SYSTEMPATH/View/View.php(213): include('APPPATH/Views/backend/dashboard/layout/home.php')
 8 SYSTEMPATH/View/View.php(216): CodeIgniter\View\View->CodeIgniter\View\{closure}()
 9 SYSTEMPATH/Common.php(1142): CodeIgniter\View\View->render()
10 APPPATH/Controllers/Backend/Dashboard/Dashboard.php(88): view()
11 SYSTEMPATH/CodeIgniter.php(904): App\Controllers\Backend\Dashboard\Dashboard->index()
12 SYSTEMPATH/CodeIgniter.php(457): CodeIgniter\CodeIgniter->runController()
13 SYSTEMPATH/CodeIgniter.php(340): CodeIgniter\CodeIgniter->handleRequest()
14 FCPATH/index.php(67): CodeIgniter\CodeIgniter->run()
CRITICAL - 2022-09-05 10:27:01 --> Duplicate entry '0' for key 'PRIMARY'
in SYSTEMPATH\Database\MySQLi\Connection.php on line 292.
 1 SYSTEMPATH\Database\MySQLi\Connection.php(292): mysqli->query()
 2 SYSTEMPATH\Database\BaseConnection.php(693): CodeIgniter\Database\MySQLi\Connection->execute()
 3 SYSTEMPATH\Database\BaseConnection.php(620): CodeIgniter\Database\BaseConnection->simpleQuery()
 4 SYSTEMPATH\Database\BaseBuilder.php(1778): CodeIgniter\Database\BaseConnection->query()
 5 APPPATH\Models\AutoloadModel.php(137): CodeIgniter\Database\BaseBuilder->insertBatch()
 6 APPPATH\Controllers\Backend\System\System.php(62): App\Models\AutoloadModel->_create_batch()
 7 SYSTEMPATH\CodeIgniter.php(904): App\Controllers\Backend\System\System->store()
 8 SYSTEMPATH\CodeIgniter.php(457): CodeIgniter\CodeIgniter->runController()
 9 SYSTEMPATH\CodeIgniter.php(340): CodeIgniter\CodeIgniter->handleRequest()
10 FCPATH\index.php(67): CodeIgniter\CodeIgniter->run()
CRITICAL - 2022-09-05 10:28:16 --> Duplicate entry '0' for key 'PRIMARY'
in SYSTEMPATH\Database\MySQLi\Connection.php on line 292.
 1 SYSTEMPATH\Database\MySQLi\Connection.php(292): mysqli->query()
 2 SYSTEMPATH\Database\BaseConnection.php(693): CodeIgniter\Database\MySQLi\Connection->execute()
 3 SYSTEMPATH\Database\BaseConnection.php(620): CodeIgniter\Database\BaseConnection->simpleQuery()
 4 SYSTEMPATH\Database\BaseBuilder.php(1778): CodeIgniter\Database\BaseConnection->query()
 5 APPPATH\Models\AutoloadModel.php(137): CodeIgniter\Database\BaseBuilder->insertBatch()
 6 APPPATH\Controllers\Backend\System\System.php(62): App\Models\AutoloadModel->_create_batch()
 7 SYSTEMPATH\CodeIgniter.php(904): App\Controllers\Backend\System\System->store()
 8 SYSTEMPATH\CodeIgniter.php(457): CodeIgniter\CodeIgniter->runController()
 9 SYSTEMPATH\CodeIgniter.php(340): CodeIgniter\CodeIgniter->handleRequest()
10 FCPATH\index.php(67): CodeIgniter\CodeIgniter->run()
CRITICAL - 2022-09-05 10:29:44 --> Duplicate entry '0' for key 'PRIMARY'
in SYSTEMPATH\Database\MySQLi\Connection.php on line 292.
 1 SYSTEMPATH\Database\MySQLi\Connection.php(292): mysqli->query()
 2 SYSTEMPATH\Database\BaseConnection.php(693): CodeIgniter\Database\MySQLi\Connection->execute()
 3 SYSTEMPATH\Database\BaseConnection.php(620): CodeIgniter\Database\BaseConnection->simpleQuery()
 4 SYSTEMPATH\Database\BaseBuilder.php(1778): CodeIgniter\Database\BaseConnection->query()
 5 APPPATH\Models\AutoloadModel.php(137): CodeIgniter\Database\BaseBuilder->insertBatch()
 6 APPPATH\Controllers\Backend\System\System.php(61): App\Models\AutoloadModel->_create_batch()
 7 SYSTEMPATH\CodeIgniter.php(904): App\Controllers\Backend\System\System->store()
 8 SYSTEMPATH\CodeIgniter.php(457): CodeIgniter\CodeIgniter->runController()
 9 SYSTEMPATH\CodeIgniter.php(340): CodeIgniter\CodeIgniter->handleRequest()
10 FCPATH\index.php(67): CodeIgniter\CodeIgniter->run()
CRITICAL - 2022-09-05 10:33:40 --> Call to a member function initialize() on null
#0 {main}
CRITICAL - 2022-09-05 10:34:57 --> Call to a member function initialize() on null
#0 {main}
CRITICAL - 2022-09-05 10:34:57 --> Call to a member function initialize() on null
#0 {main}
CRITICAL - 2022-09-05 10:34:57 --> Call to a member function initialize() on null
#0 {main}
CRITICAL - 2022-09-05 10:34:57 --> Call to a member function initialize() on null
#0 {main}
CRITICAL - 2022-09-05 10:35:00 --> Call to a member function initialize() on null
#0 {main}
CRITICAL - 2022-09-05 10:35:02 --> Call to a member function initialize() on null
#0 {main}
CRITICAL - 2022-09-05 11:02:14 --> Duplicate entry '0' for key 'PRIMARY'
#0 G:\DoAnTotNghiep\OpenServer\domains\webwifi.com.va\vendor\codeigniter4\framework\system\Database\MySQLi\Connection.php(331): mysqli->query('INSERT INTO `we...')
#1 G:\DoAnTotNghiep\OpenServer\domains\webwifi.com.va\vendor\codeigniter4\framework\system\Database\BaseConnection.php(741): CodeIgniter\Database\MySQLi\Connection->execute('INSERT INTO `we...')
#2 G:\DoAnTotNghiep\OpenServer\domains\webwifi.com.va\vendor\codeigniter4\framework\system\Database\BaseConnection.php(669): CodeIgniter\Database\BaseConnection->simpleQuery('INSERT INTO `we...')
#3 G:\DoAnTotNghiep\OpenServer\domains\webwifi.com.va\vendor\codeigniter4\framework\system\Database\BaseBuilder.php(2091): CodeIgniter\Database\BaseConnection->query('INSERT INTO `we...', Array, false)
#4 G:\DoAnTotNghiep\OpenServer\domains\webwifi.com.va\app\Models\AutoloadModel.php(137): CodeIgniter\Database\BaseBuilder->insertBatch(Array)
#5 G:\DoAnTotNghiep\OpenServer\domains\webwifi.com.va\app\Controllers\Backend\System\System.php(61): App\Models\AutoloadModel->_create_batch(Array)
#6 G:\DoAnTotNghiep\OpenServer\domains\webwifi.com.va\vendor\codeigniter4\framework\system\CodeIgniter.php(918): App\Controllers\Backend\System\System->store()
#7 G:\DoAnTotNghiep\OpenServer\domains\webwifi.com.va\vendor\codeigniter4\framework\system\CodeIgniter.php(404): CodeIgniter\CodeIgniter->runController(Object(App\Controllers\Backend\System\System))
#8 G:\DoAnTotNghiep\OpenServer\domains\webwifi.com.va\vendor\codeigniter4\framework\system\CodeIgniter.php(312): CodeIgniter\CodeIgniter->handleRequest(NULL, Object(Config\Cache), false)
#9 G:\DoAnTotNghiep\OpenServer\domains\webwifi.com.va\index.php(47): CodeIgniter\CodeIgniter->run()
#10 {main}
CRITICAL - 2022-09-05 11:02:38 --> Duplicate entry '0' for key 'PRIMARY'
#0 G:\DoAnTotNghiep\OpenServer\domains\webwifi.com.va\vendor\codeigniter4\framework\system\Database\MySQLi\Connection.php(331): mysqli->query('INSERT INTO `we...')
#1 G:\DoAnTotNghiep\OpenServer\domains\webwifi.com.va\vendor\codeigniter4\framework\system\Database\BaseConnection.php(741): CodeIgniter\Database\MySQLi\Connection->execute('INSERT INTO `we...')
#2 G:\DoAnTotNghiep\OpenServer\domains\webwifi.com.va\vendor\codeigniter4\framework\system\Database\BaseConnection.php(669): CodeIgniter\Database\BaseConnection->simpleQuery('INSERT INTO `we...')
#3 G:\DoAnTotNghiep\OpenServer\domains\webwifi.com.va\vendor\codeigniter4\framework\system\Database\BaseBuilder.php(2091): CodeIgniter\Database\BaseConnection->query('INSERT INTO `we...', Array, false)
#4 G:\DoAnTotNghiep\OpenServer\domains\webwifi.com.va\app\Models\AutoloadModel.php(137): CodeIgniter\Database\BaseBuilder->insertBatch(Array)
#5 G:\DoAnTotNghiep\OpenServer\domains\webwifi.com.va\app\Controllers\Backend\System\System.php(61): App\Models\AutoloadModel->_create_batch(Array)
#6 G:\DoAnTotNghiep\OpenServer\domains\webwifi.com.va\vendor\codeigniter4\framework\system\CodeIgniter.php(918): App\Controllers\Backend\System\System->store()
#7 G:\DoAnTotNghiep\OpenServer\domains\webwifi.com.va\vendor\codeigniter4\framework\system\CodeIgniter.php(404): CodeIgniter\CodeIgniter->runController(Object(App\Controllers\Backend\System\System))
#8 G:\DoAnTotNghiep\OpenServer\domains\webwifi.com.va\vendor\codeigniter4\framework\system\CodeIgniter.php(312): CodeIgniter\CodeIgniter->handleRequest(NULL, Object(Config\Cache), false)
#9 G:\DoAnTotNghiep\OpenServer\domains\webwifi.com.va\index.php(47): CodeIgniter\CodeIgniter->run()
#10 {main}
CRITICAL - 2022-09-05 11:11:07 --> Duplicate entry '0' for key 'PRIMARY'
#0 G:\DoAnTotNghiep\OpenServer\domains\webwifi.com.va\vendor\codeigniter4\framework\system\Database\MySQLi\Connection.php(331): mysqli->query('INSERT INTO `we...')
#1 G:\DoAnTotNghiep\OpenServer\domains\webwifi.com.va\vendor\codeigniter4\framework\system\Database\BaseConnection.php(741): CodeIgniter\Database\MySQLi\Connection->execute('INSERT INTO `we...')
#2 G:\DoAnTotNghiep\OpenServer\domains\webwifi.com.va\vendor\codeigniter4\framework\system\Database\BaseConnection.php(669): CodeIgniter\Database\BaseConnection->simpleQuery('INSERT INTO `we...')
#3 G:\DoAnTotNghiep\OpenServer\domains\webwifi.com.va\vendor\codeigniter4\framework\system\Database\BaseBuilder.php(2091): CodeIgniter\Database\BaseConnection->query('INSERT INTO `we...', Array, false)
#4 G:\DoAnTotNghiep\OpenServer\domains\webwifi.com.va\app\Models\AutoloadModel.php(137): CodeIgniter\Database\BaseBuilder->insertBatch(Array)
#5 G:\DoAnTotNghiep\OpenServer\domains\webwifi.com.va\app\Controllers\Backend\System\System.php(61): App\Models\AutoloadModel->_create_batch(Array)
#6 G:\DoAnTotNghiep\OpenServer\domains\webwifi.com.va\vendor\codeigniter4\framework\system\CodeIgniter.php(918): App\Controllers\Backend\System\System->store()
#7 G:\DoAnTotNghiep\OpenServer\domains\webwifi.com.va\vendor\codeigniter4\framework\system\CodeIgniter.php(404): CodeIgniter\CodeIgniter->runController(Object(App\Controllers\Backend\System\System))
#8 G:\DoAnTotNghiep\OpenServer\domains\webwifi.com.va\vendor\codeigniter4\framework\system\CodeIgniter.php(312): CodeIgniter\CodeIgniter->handleRequest(NULL, Object(Config\Cache), false)
#9 G:\DoAnTotNghiep\OpenServer\domains\webwifi.com.va\index.php(47): CodeIgniter\CodeIgniter->run()
#10 {main}
CRITICAL - 2022-09-05 11:18:48 --> Class 'Google_Client' not found
#0 G:\DoAnTotNghiep\OpenServer\domains\webwifi.com.va\vendor\codeigniter4\framework\system\View\View.php(246): include()
#1 G:\DoAnTotNghiep\OpenServer\domains\webwifi.com.va\vendor\codeigniter4\framework\system\Common.php(1119): CodeIgniter\View\View->render('frontend/homepa...', Array, true)
#2 G:\DoAnTotNghiep\OpenServer\domains\webwifi.com.va\app\Views\frontend\homepage\common\header.php(62): view('frontend/homepa...')
#3 G:\DoAnTotNghiep\OpenServer\domains\webwifi.com.va\vendor\codeigniter4\framework\system\View\View.php(246): include('G:\\DoAnTotNghie...')
#4 G:\DoAnTotNghiep\OpenServer\domains\webwifi.com.va\vendor\codeigniter4\framework\system\Common.php(1119): CodeIgniter\View\View->render('frontend/homepa...', Array, true)
#5 G:\DoAnTotNghiep\OpenServer\domains\webwifi.com.va\app\Views\frontend\homepage\layout\home.php(74): view('frontend/homepa...')
#6 G:\DoAnTotNghiep\OpenServer\domains\webwifi.com.va\vendor\codeigniter4\framework\system\View\View.php(246): include('G:\\DoAnTotNghie...')
#7 G:\DoAnTotNghiep\OpenServer\domains\webwifi.com.va\vendor\codeigniter4\framework\system\Common.php(1119): CodeIgniter\View\View->render('frontend/homepa...', Array, true)
#8 G:\DoAnTotNghiep\OpenServer\domains\webwifi.com.va\app\Controllers\Frontend\Homepage\Home.php(71): view('frontend/homepa...', Array)
#9 G:\DoAnTotNghiep\OpenServer\domains\webwifi.com.va\vendor\codeigniter4\framework\system\CodeIgniter.php(918): App\Controllers\Frontend\Homepage\Home->index()
#10 G:\DoAnTotNghiep\OpenServer\domains\webwifi.com.va\vendor\codeigniter4\framework\system\CodeIgniter.php(404): CodeIgniter\CodeIgniter->runController(Object(App\Controllers\Frontend\Homepage\Home))
#11 G:\DoAnTotNghiep\OpenServer\domains\webwifi.com.va\vendor\codeigniter4\framework\system\CodeIgniter.php(312): CodeIgniter\CodeIgniter->handleRequest(NULL, Object(Config\Cache), false)
#12 G:\DoAnTotNghiep\OpenServer\domains\webwifi.com.va\index.php(47): CodeIgniter\CodeIgniter->run()
#13 {main}
CRITICAL - 2022-09-05 11:18:51 --> Class 'Google_Client' not found
#0 G:\DoAnTotNghiep\OpenServer\domains\webwifi.com.va\vendor\codeigniter4\framework\system\View\View.php(246): include()
#1 G:\DoAnTotNghiep\OpenServer\domains\webwifi.com.va\vendor\codeigniter4\framework\system\Common.php(1119): CodeIgniter\View\View->render('frontend/homepa...', Array, true)
#2 G:\DoAnTotNghiep\OpenServer\domains\webwifi.com.va\app\Views\frontend\homepage\common\header.php(62): view('frontend/homepa...')
#3 G:\DoAnTotNghiep\OpenServer\domains\webwifi.com.va\vendor\codeigniter4\framework\system\View\View.php(246): include('G:\\DoAnTotNghie...')
#4 G:\DoAnTotNghiep\OpenServer\domains\webwifi.com.va\vendor\codeigniter4\framework\system\Common.php(1119): CodeIgniter\View\View->render('frontend/homepa...', Array, true)
#5 G:\DoAnTotNghiep\OpenServer\domains\webwifi.com.va\app\Views\frontend\homepage\layout\home.php(74): view('frontend/homepa...')
#6 G:\DoAnTotNghiep\OpenServer\domains\webwifi.com.va\vendor\codeigniter4\framework\system\View\View.php(246): include('G:\\DoAnTotNghie...')
#7 G:\DoAnTotNghiep\OpenServer\domains\webwifi.com.va\vendor\codeigniter4\framework\system\Common.php(1119): CodeIgniter\View\View->render('frontend/homepa...', Array, true)
#8 G:\DoAnTotNghiep\OpenServer\domains\webwifi.com.va\app\Controllers\Frontend\Homepage\Home.php(71): view('frontend/homepa...', Array)
#9 G:\DoAnTotNghiep\OpenServer\domains\webwifi.com.va\vendor\codeigniter4\framework\system\CodeIgniter.php(918): App\Controllers\Frontend\Homepage\Home->index()
#10 G:\DoAnTotNghiep\OpenServer\domains\webwifi.com.va\vendor\codeigniter4\framework\system\CodeIgniter.php(404): CodeIgniter\CodeIgniter->runController(Object(App\Controllers\Frontend\Homepage\Home))
#11 G:\DoAnTotNghiep\OpenServer\domains\webwifi.com.va\vendor\codeigniter4\framework\system\CodeIgniter.php(312): CodeIgniter\CodeIgniter->handleRequest(NULL, Object(Config\Cache), false)
#12 G:\DoAnTotNghiep\OpenServer\domains\webwifi.com.va\index.php(47): CodeIgniter\CodeIgniter->run()
#13 {main}
CRITICAL - 2022-09-05 22:22:47 --> A non well formed numeric value encountered
#0 [internal function]: CodeIgniter\Debug\Exceptions->errorHandler()
#1 D:\OpenServer\domains\webwifi.com.va\app\Views\frontend\homepage\common\aside.php(98): number_format()
#2 D:\OpenServer\domains\webwifi.com.va\vendor\codeigniter4\framework\system\View\View.php(246): include('D:\\OpenServer\\d...')
#3 D:\OpenServer\domains\webwifi.com.va\vendor\codeigniter4\framework\system\Common.php(1119): CodeIgniter\View\View->render()
#4 D:\OpenServer\domains\webwifi.com.va\app\Views\frontend\search\index.php(6): view()
#5 D:\OpenServer\domains\webwifi.com.va\vendor\codeigniter4\framework\system\View\View.php(246): include('D:\\OpenServer\\d...')
#6 D:\OpenServer\domains\webwifi.com.va\vendor\codeigniter4\framework\system\Common.php(1119): CodeIgniter\View\View->render()
#7 D:\OpenServer\domains\webwifi.com.va\app\Views\frontend\homepage\layout\home.php(77): view()
#8 D:\OpenServer\domains\webwifi.com.va\vendor\codeigniter4\framework\system\View\View.php(246): include('D:\\OpenServer\\d...')
#9 D:\OpenServer\domains\webwifi.com.va\vendor\codeigniter4\framework\system\Common.php(1119): CodeIgniter\View\View->render()
#10 D:\OpenServer\domains\webwifi.com.va\app\Controllers\Frontend\Search\Search.php(46): view()
#11 D:\OpenServer\domains\webwifi.com.va\vendor\codeigniter4\framework\system\View\Cell.php(180): App\Controllers\Frontend\Search\Search->index()
#12 D:\OpenServer\domains\webwifi.com.va\vendor\codeigniter4\framework\system\Common.php(1140): CodeIgniter\View\Cell->render()
#13 D:\OpenServer\domains\webwifi.com.va\app\Controllers\Frontend\Homepage\Router.php(41): view_cell()
#14 D:\OpenServer\domains\webwifi.com.va\vendor\codeigniter4\framework\system\CodeIgniter.php(918): App\Controllers\Frontend\Homepage\Router->search()
#15 D:\OpenServer\domains\webwifi.com.va\vendor\codeigniter4\framework\system\CodeIgniter.php(404): CodeIgniter\CodeIgniter->runController()
#16 D:\OpenServer\domains\webwifi.com.va\vendor\codeigniter4\framework\system\CodeIgniter.php(312): CodeIgniter\CodeIgniter->handleRequest()
#17 D:\OpenServer\domains\webwifi.com.va\index.php(47): CodeIgniter\CodeIgniter->run()
#18 {main}
CRITICAL - 2022-09-05 22:27:44 --> Unparenthesized `a ? b : c ? d : e` is deprecated. Use either `(a ? b : c) ? d : e` or `a ? b : (c ? d : e)`
#0 D:\OpenServer\domains\webwifi.com.va\vendor\codeigniter4\framework\system\View\View.php(246): CodeIgniter\Debug\Exceptions->errorHandler()
#1 D:\OpenServer\domains\webwifi.com.va\vendor\codeigniter4\framework\system\View\View.php(246): include()
#2 D:\OpenServer\domains\webwifi.com.va\vendor\codeigniter4\framework\system\Common.php(1119): CodeIgniter\View\View->render()
#3 D:\OpenServer\domains\webwifi.com.va\app\Views\backend\product\catalogue\create.php(12): view()
#4 D:\OpenServer\domains\webwifi.com.va\vendor\codeigniter4\framework\system\View\View.php(246): include('D:\\OpenServer\\d...')
#5 D:\OpenServer\domains\webwifi.com.va\vendor\codeigniter4\framework\system\Common.php(1119): CodeIgniter\View\View->render()
#6 D:\OpenServer\domains\webwifi.com.va\app\Views\backend\dashboard\layout\home.php(44): view()
#7 D:\OpenServer\domains\webwifi.com.va\vendor\codeigniter4\framework\system\View\View.php(246): include('D:\\OpenServer\\d...')
#8 D:\OpenServer\domains\webwifi.com.va\vendor\codeigniter4\framework\system\Common.php(1119): CodeIgniter\View\View->render()
#9 D:\OpenServer\domains\webwifi.com.va\app\Controllers\Backend\Product\Catalogue.php(114): view()
#10 D:\OpenServer\domains\webwifi.com.va\vendor\codeigniter4\framework\system\CodeIgniter.php(918): App\Controllers\Backend\Product\Catalogue->create()
#11 D:\OpenServer\domains\webwifi.com.va\vendor\codeigniter4\framework\system\CodeIgniter.php(404): CodeIgniter\CodeIgniter->runController()
#12 D:\OpenServer\domains\webwifi.com.va\vendor\codeigniter4\framework\system\CodeIgniter.php(312): CodeIgniter\CodeIgniter->handleRequest()
#13 D:\OpenServer\domains\webwifi.com.va\index.php(47): CodeIgniter\CodeIgniter->run()
#14 {main}
CRITICAL - 2022-09-05 22:28:18 --> syntax error, unexpected ')', expecting ']'
#0 D:\OpenServer\domains\webwifi.com.va\vendor\codeigniter4\framework\system\Common.php(1119): CodeIgniter\View\View->render()
#1 D:\OpenServer\domains\webwifi.com.va\app\Views\backend\product\catalogue\create.php(12): view()
#2 D:\OpenServer\domains\webwifi.com.va\vendor\codeigniter4\framework\system\View\View.php(246): include('D:\\OpenServer\\d...')
#3 D:\OpenServer\domains\webwifi.com.va\vendor\codeigniter4\framework\system\Common.php(1119): CodeIgniter\View\View->render()
#4 D:\OpenServer\domains\webwifi.com.va\app\Views\backend\dashboard\layout\home.php(44): view()
#5 D:\OpenServer\domains\webwifi.com.va\vendor\codeigniter4\framework\system\View\View.php(246): include('D:\\OpenServer\\d...')
#6 D:\OpenServer\domains\webwifi.com.va\vendor\codeigniter4\framework\system\Common.php(1119): CodeIgniter\View\View->render()
#7 D:\OpenServer\domains\webwifi.com.va\app\Controllers\Backend\Product\Catalogue.php(114): view()
#8 D:\OpenServer\domains\webwifi.com.va\vendor\codeigniter4\framework\system\CodeIgniter.php(918): App\Controllers\Backend\Product\Catalogue->create()
#9 D:\OpenServer\domains\webwifi.com.va\vendor\codeigniter4\framework\system\CodeIgniter.php(404): CodeIgniter\CodeIgniter->runController()
#10 D:\OpenServer\domains\webwifi.com.va\vendor\codeigniter4\framework\system\CodeIgniter.php(312): CodeIgniter\CodeIgniter->handleRequest()
#11 D:\OpenServer\domains\webwifi.com.va\index.php(47): CodeIgniter\CodeIgniter->run()
#12 {main}
CRITICAL - 2022-09-05 22:35:05 --> Unparenthesized `a ? b : c ? d : e` is deprecated. Use either `(a ? b : c) ? d : e` or `a ? b : (c ? d : e)`
#0 D:\OpenServer\domains\webwifi.com.va\vendor\codeigniter4\framework\system\View\View.php(246): CodeIgniter\Debug\Exceptions->errorHandler()
#1 D:\OpenServer\domains\webwifi.com.va\vendor\codeigniter4\framework\system\View\View.php(246): include()
#2 D:\OpenServer\domains\webwifi.com.va\vendor\codeigniter4\framework\system\Common.php(1119): CodeIgniter\View\View->render()
#3 D:\OpenServer\domains\webwifi.com.va\app\Views\backend\product\product\create.php(12): view()
#4 D:\OpenServer\domains\webwifi.com.va\vendor\codeigniter4\framework\system\View\View.php(246): include('D:\\OpenServer\\d...')
#5 D:\OpenServer\domains\webwifi.com.va\vendor\codeigniter4\framework\system\Common.php(1119): CodeIgniter\View\View->render()
#6 D:\OpenServer\domains\webwifi.com.va\app\Views\backend\dashboard\layout\home.php(44): view()
#7 D:\OpenServer\domains\webwifi.com.va\vendor\codeigniter4\framework\system\View\View.php(246): include('D:\\OpenServer\\d...')
#8 D:\OpenServer\domains\webwifi.com.va\vendor\codeigniter4\framework\system\Common.php(1119): CodeIgniter\View\View->render()
#9 D:\OpenServer\domains\webwifi.com.va\app\Controllers\Backend\Product\Product.php(181): view()
#10 D:\OpenServer\domains\webwifi.com.va\vendor\codeigniter4\framework\system\CodeIgniter.php(918): App\Controllers\Backend\Product\Product->create()
#11 D:\OpenServer\domains\webwifi.com.va\vendor\codeigniter4\framework\system\CodeIgniter.php(404): CodeIgniter\CodeIgniter->runController()
#12 D:\OpenServer\domains\webwifi.com.va\vendor\codeigniter4\framework\system\CodeIgniter.php(312): CodeIgniter\CodeIgniter->handleRequest()
#13 D:\OpenServer\domains\webwifi.com.va\index.php(47): CodeIgniter\CodeIgniter->run()
#14 {main}
