CRITICAL - 2022-08-29 10:09:11 --> Undefined index: count_bill
#0 G:\DoAnTotNghiep\OpenServer\domains\landing.com\app\Views\backend\promotion\promotion\index.php(112): CodeIgniter\Debug\Exceptions->errorHandler(8, 'Undefined index...', 'G:\\DoAnTotNghie...', 112, Array)
#1 G:\DoAnTotNghiep\OpenServer\domains\landing.com\vendor\codeigniter4\framework\system\View\View.php(246): include('G:\\DoAnTotNghie...')
#2 G:\DoAnTotNghiep\OpenServer\domains\landing.com\vendor\codeigniter4\framework\system\Common.php(1119): CodeIgniter\View\View->render('backend/promoti...', Array, true)
#3 G:\DoAnTotNghiep\OpenServer\domains\landing.com\app\Views\backend\dashboard\layout\home.php(44): view('backend/promoti...')
#4 G:\DoAnTotNghiep\OpenServer\domains\landing.com\vendor\codeigniter4\framework\system\View\View.php(246): include('G:\\DoAnTotNghie...')
#5 G:\DoAnTotNghiep\OpenServer\domains\landing.com\vendor\codeigniter4\framework\system\Common.php(1119): CodeIgniter\View\View->render('backend/dashboa...', Array, true)
#6 G:\DoAnTotNghiep\OpenServer\domains\landing.com\app\Controllers\Backend\Promotion\Promotion.php(62): view('backend/dashboa...', Array)
#7 G:\DoAnTotNghiep\OpenServer\domains\landing.com\vendor\codeigniter4\framework\system\CodeIgniter.php(918): App\Controllers\Backend\Promotion\Promotion->index()
#8 G:\DoAnTotNghiep\OpenServer\domains\landing.com\vendor\codeigniter4\framework\system\CodeIgniter.php(404): CodeIgniter\CodeIgniter->runController(Object(App\Controllers\Backend\Promotion\Promotion))
#9 G:\DoAnTotNghiep\OpenServer\domains\landing.com\vendor\codeigniter4\framework\system\CodeIgniter.php(312): CodeIgniter\CodeIgniter->handleRequest(NULL, Object(Config\Cache), false)
#10 G:\DoAnTotNghiep\OpenServer\domains\landing.com\index.php(47): CodeIgniter\CodeIgniter->run()
#11 {main}
CRITICAL - 2022-08-29 10:11:10 --> Undefined variable: value
#0 G:\DoAnTotNghiep\OpenServer\domains\landing.com\app\Views\backend\promotion\promotion\index.php(117): CodeIgniter\Debug\Exceptions->errorHandler(8, 'Undefined varia...', 'G:\\DoAnTotNghie...', 117, Array)
#1 G:\DoAnTotNghiep\OpenServer\domains\landing.com\vendor\codeigniter4\framework\system\View\View.php(246): include('G:\\DoAnTotNghie...')
#2 G:\DoAnTotNghiep\OpenServer\domains\landing.com\vendor\codeigniter4\framework\system\Common.php(1119): CodeIgniter\View\View->render('backend/promoti...', Array, true)
#3 G:\DoAnTotNghiep\OpenServer\domains\landing.com\app\Views\backend\dashboard\layout\home.php(44): view('backend/promoti...')
#4 G:\DoAnTotNghiep\OpenServer\domains\landing.com\vendor\codeigniter4\framework\system\View\View.php(246): include('G:\\DoAnTotNghie...')
#5 G:\DoAnTotNghiep\OpenServer\domains\landing.com\vendor\codeigniter4\framework\system\Common.php(1119): CodeIgniter\View\View->render('backend/dashboa...', Array, true)
#6 G:\DoAnTotNghiep\OpenServer\domains\landing.com\app\Controllers\Backend\Promotion\Promotion.php(62): view('backend/dashboa...', Array)
#7 G:\DoAnTotNghiep\OpenServer\domains\landing.com\vendor\codeigniter4\framework\system\CodeIgniter.php(918): App\Controllers\Backend\Promotion\Promotion->index()
#8 G:\DoAnTotNghiep\OpenServer\domains\landing.com\vendor\codeigniter4\framework\system\CodeIgniter.php(404): CodeIgniter\CodeIgniter->runController(Object(App\Controllers\Backend\Promotion\Promotion))
#9 G:\DoAnTotNghiep\OpenServer\domains\landing.com\vendor\codeigniter4\framework\system\CodeIgniter.php(312): CodeIgniter\CodeIgniter->handleRequest(NULL, Object(Config\Cache), false)
#10 G:\DoAnTotNghiep\OpenServer\domains\landing.com\index.php(47): CodeIgniter\CodeIgniter->run()
#11 {main}
CRITICAL - 2022-08-29 10:11:24 --> Undefined variable: value
#0 G:\DoAnTotNghiep\OpenServer\domains\landing.com\app\Views\backend\promotion\promotion\index.php(117): CodeIgniter\Debug\Exceptions->errorHandler(8, 'Undefined varia...', 'G:\\DoAnTotNghie...', 117, Array)
#1 G:\DoAnTotNghiep\OpenServer\domains\landing.com\vendor\codeigniter4\framework\system\View\View.php(246): include('G:\\DoAnTotNghie...')
#2 G:\DoAnTotNghiep\OpenServer\domains\landing.com\vendor\codeigniter4\framework\system\Common.php(1119): CodeIgniter\View\View->render('backend/promoti...', Array, true)
#3 G:\DoAnTotNghiep\OpenServer\domains\landing.com\app\Views\backend\dashboard\layout\home.php(44): view('backend/promoti...')
#4 G:\DoAnTotNghiep\OpenServer\domains\landing.com\vendor\codeigniter4\framework\system\View\View.php(246): include('G:\\DoAnTotNghie...')
#5 G:\DoAnTotNghiep\OpenServer\domains\landing.com\vendor\codeigniter4\framework\system\Common.php(1119): CodeIgniter\View\View->render('backend/dashboa...', Array, true)
#6 G:\DoAnTotNghiep\OpenServer\domains\landing.com\app\Controllers\Backend\Promotion\Promotion.php(62): view('backend/dashboa...', Array)
#7 G:\DoAnTotNghiep\OpenServer\domains\landing.com\vendor\codeigniter4\framework\system\CodeIgniter.php(918): App\Controllers\Backend\Promotion\Promotion->index()
#8 G:\DoAnTotNghiep\OpenServer\domains\landing.com\vendor\codeigniter4\framework\system\CodeIgniter.php(404): CodeIgniter\CodeIgniter->runController(Object(App\Controllers\Backend\Promotion\Promotion))
#9 G:\DoAnTotNghiep\OpenServer\domains\landing.com\vendor\codeigniter4\framework\system\CodeIgniter.php(312): CodeIgniter\CodeIgniter->handleRequest(NULL, Object(Config\Cache), false)
#10 G:\DoAnTotNghiep\OpenServer\domains\landing.com\index.php(47): CodeIgniter\CodeIgniter->run()
#11 {main}
CRITICAL - 2022-08-29 10:11:40 --> Undefined index: status
#0 G:\DoAnTotNghiep\OpenServer\domains\landing.com\app\Views\backend\promotion\promotion\index.php(117): CodeIgniter\Debug\Exceptions->errorHandler(8, 'Undefined index...', 'G:\\DoAnTotNghie...', 117, Array)
#1 G:\DoAnTotNghiep\OpenServer\domains\landing.com\vendor\codeigniter4\framework\system\View\View.php(246): include('G:\\DoAnTotNghie...')
#2 G:\DoAnTotNghiep\OpenServer\domains\landing.com\vendor\codeigniter4\framework\system\Common.php(1119): CodeIgniter\View\View->render('backend/promoti...', Array, true)
#3 G:\DoAnTotNghiep\OpenServer\domains\landing.com\app\Views\backend\dashboard\layout\home.php(44): view('backend/promoti...')
#4 G:\DoAnTotNghiep\OpenServer\domains\landing.com\vendor\codeigniter4\framework\system\View\View.php(246): include('G:\\DoAnTotNghie...')
#5 G:\DoAnTotNghiep\OpenServer\domains\landing.com\vendor\codeigniter4\framework\system\Common.php(1119): CodeIgniter\View\View->render('backend/dashboa...', Array, true)
#6 G:\DoAnTotNghiep\OpenServer\domains\landing.com\app\Controllers\Backend\Promotion\Promotion.php(62): view('backend/dashboa...', Array)
#7 G:\DoAnTotNghiep\OpenServer\domains\landing.com\vendor\codeigniter4\framework\system\CodeIgniter.php(918): App\Controllers\Backend\Promotion\Promotion->index()
#8 G:\DoAnTotNghiep\OpenServer\domains\landing.com\vendor\codeigniter4\framework\system\CodeIgniter.php(404): CodeIgniter\CodeIgniter->runController(Object(App\Controllers\Backend\Promotion\Promotion))
#9 G:\DoAnTotNghiep\OpenServer\domains\landing.com\vendor\codeigniter4\framework\system\CodeIgniter.php(312): CodeIgniter\CodeIgniter->handleRequest(NULL, Object(Config\Cache), false)
#10 G:\DoAnTotNghiep\OpenServer\domains\landing.com\index.php(47): CodeIgniter\CodeIgniter->run()
#11 {main}
CRITICAL - 2022-08-29 12:57:38 --> Undefined property: CodeIgniter\View\View::$Autoload_Model
#0 G:\DoAnTotNghiep\OpenServer\domains\landing.com\app\Views\frontend\homepage\common\header.php(4): CodeIgniter\Debug\Exceptions->errorHandler(8, 'Undefined prope...', 'G:\\DoAnTotNghie...', 4, Array)
#1 G:\DoAnTotNghiep\OpenServer\domains\landing.com\vendor\codeigniter4\framework\system\View\View.php(246): include('G:\\DoAnTotNghie...')
#2 G:\DoAnTotNghiep\OpenServer\domains\landing.com\vendor\codeigniter4\framework\system\Common.php(1119): CodeIgniter\View\View->render('frontend/homepa...', Array, true)
#3 G:\DoAnTotNghiep\OpenServer\domains\landing.com\app\Views\frontend\homepage\layout\home.php(74): view('frontend/homepa...')
#4 G:\DoAnTotNghiep\OpenServer\domains\landing.com\vendor\codeigniter4\framework\system\View\View.php(246): include('G:\\DoAnTotNghie...')
#5 G:\DoAnTotNghiep\OpenServer\domains\landing.com\vendor\codeigniter4\framework\system\Common.php(1119): CodeIgniter\View\View->render('frontend/homepa...', Array, true)
#6 G:\DoAnTotNghiep\OpenServer\domains\landing.com\app\Controllers\Frontend\Homepage\Home.php(71): view('frontend/homepa...', Array)
#7 G:\DoAnTotNghiep\OpenServer\domains\landing.com\vendor\codeigniter4\framework\system\CodeIgniter.php(918): App\Controllers\Frontend\Homepage\Home->index()
#8 G:\DoAnTotNghiep\OpenServer\domains\landing.com\vendor\codeigniter4\framework\system\CodeIgniter.php(404): CodeIgniter\CodeIgniter->runController(Object(App\Controllers\Frontend\Homepage\Home))
#9 G:\DoAnTotNghiep\OpenServer\domains\landing.com\vendor\codeigniter4\framework\system\CodeIgniter.php(312): CodeIgniter\CodeIgniter->handleRequest(NULL, Object(Config\Cache), false)
#10 G:\DoAnTotNghiep\OpenServer\domains\landing.com\index.php(47): CodeIgniter\CodeIgniter->run()
#11 {main}
