CRITICAL - 2022-08-07 05:18:37 --> Undefined property: CodeIgniter\View\View::$Autoload_Model
#0 G:\DoAnTotNghiep\OpenServer\domains\new-allinci.com\app\Views\frontend\homepage\common\header.php(7): CodeIgniter\Debug\Exceptions->errorHandler(8, 'Undefined prope...', 'G:\\DoAnTotNghie...', 7, Array)
#1 G:\DoAnTotNghiep\OpenServer\domains\new-allinci.com\vendor\codeigniter4\framework\system\View\View.php(246): include('G:\\DoAnTotNghie...')
#2 G:\DoAnTotNghiep\OpenServer\domains\new-allinci.com\vendor\codeigniter4\framework\system\Common.php(1119): CodeIgniter\View\View->render('frontend/homepa...', Array, true)
#3 G:\DoAnTotNghiep\OpenServer\domains\new-allinci.com\app\Views\frontend\homepage\layout\home.php(69): view('frontend/homepa...')
#4 G:\DoAnTotNghiep\OpenServer\domains\new-allinci.com\vendor\codeigniter4\framework\system\View\View.php(246): include('G:\\DoAnTotNghie...')
#5 G:\DoAnTotNghiep\OpenServer\domains\new-allinci.com\vendor\codeigniter4\framework\system\Common.php(1119): CodeIgniter\View\View->render('frontend/homepa...', Array, true)
#6 G:\DoAnTotNghiep\OpenServer\domains\new-allinci.com\app\Controllers\Frontend\Homepage\Home.php(70): view('frontend/homepa...', Array)
#7 G:\DoAnTotNghiep\OpenServer\domains\new-allinci.com\vendor\codeigniter4\framework\system\CodeIgniter.php(918): App\Controllers\Frontend\Homepage\Home->index()
#8 G:\DoAnTotNghiep\OpenServer\domains\new-allinci.com\vendor\codeigniter4\framework\system\CodeIgniter.php(404): CodeIgniter\CodeIgniter->runController(Object(App\Controllers\Frontend\Homepage\Home))
#9 G:\DoAnTotNghiep\OpenServer\domains\new-allinci.com\vendor\codeigniter4\framework\system\CodeIgniter.php(312): CodeIgniter\CodeIgniter->handleRequest(NULL, Object(Config\Cache), false)
#10 G:\DoAnTotNghiep\OpenServer\domains\new-allinci.com\index.php(48): CodeIgniter\CodeIgniter->run()
#11 {main}
CRITICAL - 2022-08-07 05:48:50 --> Undefined property: CodeIgniter\View\View::$Autoload_Model
#0 G:\DoAnTotNghiep\OpenServer\domains\new-allinci.com\app\Views\frontend\homepage\common\header.php(7): CodeIgniter\Debug\Exceptions->errorHandler(8, 'Undefined prope...', 'G:\\DoAnTotNghie...', 7, Array)
#1 G:\DoAnTotNghiep\OpenServer\domains\new-allinci.com\vendor\codeigniter4\framework\system\View\View.php(246): include('G:\\DoAnTotNghie...')
#2 G:\DoAnTotNghiep\OpenServer\domains\new-allinci.com\vendor\codeigniter4\framework\system\Common.php(1119): CodeIgniter\View\View->render('frontend/homepa...', Array, true)
#3 G:\DoAnTotNghiep\OpenServer\domains\new-allinci.com\app\Views\frontend\homepage\layout\home.php(69): view('frontend/homepa...')
#4 G:\DoAnTotNghiep\OpenServer\domains\new-allinci.com\vendor\codeigniter4\framework\system\View\View.php(246): include('G:\\DoAnTotNghie...')
#5 G:\DoAnTotNghiep\OpenServer\domains\new-allinci.com\vendor\codeigniter4\framework\system\Common.php(1119): CodeIgniter\View\View->render('frontend/homepa...', Array, true)
#6 G:\DoAnTotNghiep\OpenServer\domains\new-allinci.com\app\Controllers\Frontend\Homepage\Home.php(70): view('frontend/homepa...', Array)
#7 G:\DoAnTotNghiep\OpenServer\domains\new-allinci.com\vendor\codeigniter4\framework\system\CodeIgniter.php(918): App\Controllers\Frontend\Homepage\Home->index()
#8 G:\DoAnTotNghiep\OpenServer\domains\new-allinci.com\vendor\codeigniter4\framework\system\CodeIgniter.php(404): CodeIgniter\CodeIgniter->runController(Object(App\Controllers\Frontend\Homepage\Home))
#9 G:\DoAnTotNghiep\OpenServer\domains\new-allinci.com\vendor\codeigniter4\framework\system\CodeIgniter.php(312): CodeIgniter\CodeIgniter->handleRequest(NULL, Object(Config\Cache), false)
#10 G:\DoAnTotNghiep\OpenServer\domains\new-allinci.com\index.php(48): CodeIgniter\CodeIgniter->run()
#11 {main}
CRITICAL - 2022-08-07 05:56:24 --> Undefined variable: method
#0 G:\DoAnTotNghiep\OpenServer\domains\new-allinci.com\app\Views\backend\product\product\index.php(384): CodeIgniter\Debug\Exceptions->errorHandler(8, 'Undefined varia...', 'G:\\DoAnTotNghie...', 384, Array)
#1 G:\DoAnTotNghiep\OpenServer\domains\new-allinci.com\vendor\codeigniter4\framework\system\View\View.php(246): include('G:\\DoAnTotNghie...')
#2 G:\DoAnTotNghiep\OpenServer\domains\new-allinci.com\vendor\codeigniter4\framework\system\Common.php(1119): CodeIgniter\View\View->render('backend/product...', Array, true)
#3 G:\DoAnTotNghiep\OpenServer\domains\new-allinci.com\app\Views\backend\dashboard\layout\home.php(44): view('backend/product...')
#4 G:\DoAnTotNghiep\OpenServer\domains\new-allinci.com\vendor\codeigniter4\framework\system\View\View.php(246): include('G:\\DoAnTotNghie...')
#5 G:\DoAnTotNghiep\OpenServer\domains\new-allinci.com\vendor\codeigniter4\framework\system\Common.php(1119): CodeIgniter\View\View->render('backend/dashboa...', Array, true)
#6 G:\DoAnTotNghiep\OpenServer\domains\new-allinci.com\app\Controllers\Backend\Product\Product.php(93): view('backend/dashboa...', Array)
#7 G:\DoAnTotNghiep\OpenServer\domains\new-allinci.com\vendor\codeigniter4\framework\system\CodeIgniter.php(918): App\Controllers\Backend\Product\Product->index()
#8 G:\DoAnTotNghiep\OpenServer\domains\new-allinci.com\vendor\codeigniter4\framework\system\CodeIgniter.php(404): CodeIgniter\CodeIgniter->runController(Object(App\Controllers\Backend\Product\Product))
#9 G:\DoAnTotNghiep\OpenServer\domains\new-allinci.com\vendor\codeigniter4\framework\system\CodeIgniter.php(312): CodeIgniter\CodeIgniter->handleRequest(NULL, Object(Config\Cache), false)
#10 G:\DoAnTotNghiep\OpenServer\domains\new-allinci.com\index.php(48): CodeIgniter\CodeIgniter->run()
#11 {main}
CRITICAL - 2022-08-07 05:58:02 --> syntax error, unexpected ';', expecting ')'
#0 G:\DoAnTotNghiep\OpenServer\domains\new-allinci.com\vendor\codeigniter4\framework\system\Common.php(1119): CodeIgniter\View\View->render('backend/product...', Array, true)
#1 G:\DoAnTotNghiep\OpenServer\domains\new-allinci.com\app\Views\backend\dashboard\layout\home.php(44): view('backend/product...')
#2 G:\DoAnTotNghiep\OpenServer\domains\new-allinci.com\vendor\codeigniter4\framework\system\View\View.php(246): include('G:\\DoAnTotNghie...')
#3 G:\DoAnTotNghiep\OpenServer\domains\new-allinci.com\vendor\codeigniter4\framework\system\Common.php(1119): CodeIgniter\View\View->render('backend/dashboa...', Array, true)
#4 G:\DoAnTotNghiep\OpenServer\domains\new-allinci.com\app\Controllers\Backend\Product\Product.php(93): view('backend/dashboa...', Array)
#5 G:\DoAnTotNghiep\OpenServer\domains\new-allinci.com\vendor\codeigniter4\framework\system\CodeIgniter.php(918): App\Controllers\Backend\Product\Product->index()
#6 G:\DoAnTotNghiep\OpenServer\domains\new-allinci.com\vendor\codeigniter4\framework\system\CodeIgniter.php(404): CodeIgniter\CodeIgniter->runController(Object(App\Controllers\Backend\Product\Product))
#7 G:\DoAnTotNghiep\OpenServer\domains\new-allinci.com\vendor\codeigniter4\framework\system\CodeIgniter.php(312): CodeIgniter\CodeIgniter->handleRequest(NULL, Object(Config\Cache), false)
#8 G:\DoAnTotNghiep\OpenServer\domains\new-allinci.com\index.php(48): CodeIgniter\CodeIgniter->run()
#9 {main}
CRITICAL - 2022-08-07 05:58:36 --> syntax error, unexpected ';', expecting ')'
#0 G:\DoAnTotNghiep\OpenServer\domains\new-allinci.com\vendor\codeigniter4\framework\system\Common.php(1119): CodeIgniter\View\View->render('backend/product...', Array, true)
#1 G:\DoAnTotNghiep\OpenServer\domains\new-allinci.com\app\Views\backend\dashboard\layout\home.php(44): view('backend/product...')
#2 G:\DoAnTotNghiep\OpenServer\domains\new-allinci.com\vendor\codeigniter4\framework\system\View\View.php(246): include('G:\\DoAnTotNghie...')
#3 G:\DoAnTotNghiep\OpenServer\domains\new-allinci.com\vendor\codeigniter4\framework\system\Common.php(1119): CodeIgniter\View\View->render('backend/dashboa...', Array, true)
#4 G:\DoAnTotNghiep\OpenServer\domains\new-allinci.com\app\Controllers\Backend\Product\Product.php(93): view('backend/dashboa...', Array)
#5 G:\DoAnTotNghiep\OpenServer\domains\new-allinci.com\vendor\codeigniter4\framework\system\CodeIgniter.php(918): App\Controllers\Backend\Product\Product->index()
#6 G:\DoAnTotNghiep\OpenServer\domains\new-allinci.com\vendor\codeigniter4\framework\system\CodeIgniter.php(404): CodeIgniter\CodeIgniter->runController(Object(App\Controllers\Backend\Product\Product))
#7 G:\DoAnTotNghiep\OpenServer\domains\new-allinci.com\vendor\codeigniter4\framework\system\CodeIgniter.php(312): CodeIgniter\CodeIgniter->handleRequest(NULL, Object(Config\Cache), false)
#8 G:\DoAnTotNghiep\OpenServer\domains\new-allinci.com\index.php(48): CodeIgniter\CodeIgniter->run()
#9 {main}
CRITICAL - 2022-08-07 05:58:49 --> Argument 2 passed to form_input() must be of the type string, null given, called in G:\DoAnTotNghiep\OpenServer\domains\new-allinci.com\app\Views\backend\product\product\index.php on line 384
#0 G:\DoAnTotNghiep\OpenServer\domains\new-allinci.com\app\Views\backend\product\product\index.php(384): form_input('title', NULL, 'class="form-con...')
#1 G:\DoAnTotNghiep\OpenServer\domains\new-allinci.com\vendor\codeigniter4\framework\system\View\View.php(246): include('G:\\DoAnTotNghie...')
#2 G:\DoAnTotNghiep\OpenServer\domains\new-allinci.com\vendor\codeigniter4\framework\system\Common.php(1119): CodeIgniter\View\View->render('backend/product...', Array, true)
#3 G:\DoAnTotNghiep\OpenServer\domains\new-allinci.com\app\Views\backend\dashboard\layout\home.php(44): view('backend/product...')
#4 G:\DoAnTotNghiep\OpenServer\domains\new-allinci.com\vendor\codeigniter4\framework\system\View\View.php(246): include('G:\\DoAnTotNghie...')
#5 G:\DoAnTotNghiep\OpenServer\domains\new-allinci.com\vendor\codeigniter4\framework\system\Common.php(1119): CodeIgniter\View\View->render('backend/dashboa...', Array, true)
#6 G:\DoAnTotNghiep\OpenServer\domains\new-allinci.com\app\Controllers\Backend\Product\Product.php(93): view('backend/dashboa...', Array)
#7 G:\DoAnTotNghiep\OpenServer\domains\new-allinci.com\vendor\codeigniter4\framework\system\CodeIgniter.php(918): App\Controllers\Backend\Product\Product->index()
#8 G:\DoAnTotNghiep\OpenServer\domains\new-allinci.com\vendor\codeigniter4\framework\system\CodeIgniter.php(404): CodeIgniter\CodeIgniter->runController(Object(App\Controllers\Backend\Product\Product))
#9 G:\DoAnTotNghiep\OpenServer\domains\new-allinci.com\vendor\codeigniter4\framework\system\CodeIgniter.php(312): CodeIgniter\CodeIgniter->handleRequest(NULL, Object(Config\Cache), false)
#10 G:\DoAnTotNghiep\OpenServer\domains\new-allinci.com\index.php(48): CodeIgniter\CodeIgniter->run()
#11 {main}
CRITICAL - 2022-08-07 06:19:18 --> syntax error, unexpected '$store' (T_VARIABLE)
#0 G:\DoAnTotNghiep\OpenServer\domains\new-allinci.com\vendor\codeigniter4\framework\system\Router\Router.php(195): CodeIgniter\Router\Router->autoRoute('ajax/product/ch...')
#1 G:\DoAnTotNghiep\OpenServer\domains\new-allinci.com\vendor\codeigniter4\framework\system\CodeIgniter.php(793): CodeIgniter\Router\Router->handle('ajax/product/ch...')
#2 G:\DoAnTotNghiep\OpenServer\domains\new-allinci.com\vendor\codeigniter4\framework\system\CodeIgniter.php(364): CodeIgniter\CodeIgniter->tryToRouteIt(Object(CodeIgniter\Router\RouteCollection))
#3 G:\DoAnTotNghiep\OpenServer\domains\new-allinci.com\vendor\codeigniter4\framework\system\CodeIgniter.php(312): CodeIgniter\CodeIgniter->handleRequest(NULL, Object(Config\Cache), false)
#4 G:\DoAnTotNghiep\OpenServer\domains\new-allinci.com\index.php(48): CodeIgniter\CodeIgniter->run()
#5 {main}
CRITICAL - 2022-08-07 06:24:21 --> A non well formed numeric value encountered
#0 [internal function]: CodeIgniter\Debug\Exceptions->errorHandler(8, 'A non well form...', 'G:\\DoAnTotNghie...', 375, Array)
#1 G:\DoAnTotNghiep\OpenServer\domains\new-allinci.com\app\Controllers\Backend\Product\Product.php(375): number_format('25 & UP', 0, ',', '.')
#2 G:\DoAnTotNghiep\OpenServer\domains\new-allinci.com\app\Controllers\Backend\Product\Product.php(349): App\Controllers\Backend\Product\Product->convert_data(Array)
#3 G:\DoAnTotNghiep\OpenServer\domains\new-allinci.com\vendor\codeigniter4\framework\system\CodeIgniter.php(918): App\Controllers\Backend\Product\Product->preview(105)
#4 G:\DoAnTotNghiep\OpenServer\domains\new-allinci.com\vendor\codeigniter4\framework\system\CodeIgniter.php(404): CodeIgniter\CodeIgniter->runController(Object(App\Controllers\Backend\Product\Product))
#5 G:\DoAnTotNghiep\OpenServer\domains\new-allinci.com\vendor\codeigniter4\framework\system\CodeIgniter.php(312): CodeIgniter\CodeIgniter->handleRequest(NULL, Object(Config\Cache), false)
#6 G:\DoAnTotNghiep\OpenServer\domains\new-allinci.com\index.php(48): CodeIgniter\CodeIgniter->run()
#7 {main}
CRITICAL - 2022-08-07 10:32:49 --> unlink(G:\DoAnTotNghiep\OpenServer\domains\new-allinci.com\writable\debugbar/debugbar_1659870768.json): No such file or directory
#0 [internal function]: CodeIgniter\Debug\Exceptions->errorHandler(2, 'unlink(G:\\DoAnT...', 'G:\\DoAnTotNghie...', 106, Array)
#1 G:\DoAnTotNghiep\OpenServer\domains\new-allinci.com\vendor\codeigniter4\framework\system\Debug\Toolbar\Collectors\History.php(106): unlink('G:\\DoAnTotNghie...')
#2 G:\DoAnTotNghiep\OpenServer\domains\new-allinci.com\vendor\codeigniter4\framework\system\Debug\Toolbar.php(483): CodeIgniter\Debug\Toolbar\Collectors\History->setFiles(1659886364, 20)
#3 G:\DoAnTotNghiep\OpenServer\domains\new-allinci.com\vendor\codeigniter4\framework\system\Debug\Toolbar.php(455): CodeIgniter\Debug\Toolbar->format(Array, 'html')
#4 G:\DoAnTotNghiep\OpenServer\domains\new-allinci.com\app\Config\Events.php(44): CodeIgniter\Debug\Toolbar->respond()
#5 [internal function]: CodeIgniter\Events\Events::Config\{closure}()
#6 G:\DoAnTotNghiep\OpenServer\domains\new-allinci.com\vendor\codeigniter4\framework\system\Events\Events.php(188): call_user_func(Object(Closure))
#7 G:\DoAnTotNghiep\OpenServer\domains\new-allinci.com\vendor\codeigniter4\framework\system\CodeIgniter.php(293): CodeIgniter\Events\Events::trigger('pre_system')
#8 G:\DoAnTotNghiep\OpenServer\domains\new-allinci.com\index.php(48): CodeIgniter\CodeIgniter->run()
#9 {main}
CRITICAL - 2022-08-07 13:33:58 --> ini_set(): A session is active. You cannot change the session module's ini settings at this time
#0 [internal function]: CodeIgniter\Debug\Exceptions->errorHandler(2, 'ini_set(): A se...', 'G:\\DoAnTotNghie...', 101, Array)
#1 G:\DoAnTotNghiep\OpenServer\domains\new-allinci.com\vendor\codeigniter4\framework\system\Session\Handlers\FileHandler.php(101): ini_set('session.save_pa...', 'G:\\DoAnTotNghie...')
#2 G:\DoAnTotNghiep\OpenServer\domains\new-allinci.com\vendor\codeigniter4\framework\system\Config\Services.php(780): CodeIgniter\Session\Handlers\FileHandler->__construct(Object(Config\App), '127.0.0.1')
#3 G:\DoAnTotNghiep\OpenServer\domains\new-allinci.com\vendor\codeigniter4\framework\system\Config\BaseService.php(123): CodeIgniter\Config\Services::session(Object(Config\App), false)
#4 G:\DoAnTotNghiep\OpenServer\domains\new-allinci.com\vendor\codeigniter4\framework\system\Config\Services.php(769): CodeIgniter\Config\BaseService::getSharedInstance('session', NULL)
#5 G:\DoAnTotNghiep\OpenServer\domains\new-allinci.com\vendor\codeigniter4\framework\system\Common.php(926): CodeIgniter\Config\Services::session()
#6 G:\DoAnTotNghiep\OpenServer\domains\new-allinci.com\app\Libraries\Authentication.php(20): session()
#7 G:\DoAnTotNghiep\OpenServer\domains\new-allinci.com\app\Controllers\Backend\Product\Catalogue.php(21): App\Libraries\Authentication->check_permission(Array)
#8 G:\DoAnTotNghiep\OpenServer\domains\new-allinci.com\vendor\codeigniter4\framework\system\CodeIgniter.php(918): App\Controllers\Backend\Product\Catalogue->index()
#9 G:\DoAnTotNghiep\OpenServer\domains\new-allinci.com\vendor\codeigniter4\framework\system\CodeIgniter.php(404): CodeIgniter\CodeIgniter->runController(Object(App\Controllers\Backend\Product\Catalogue))
#10 G:\DoAnTotNghiep\OpenServer\domains\new-allinci.com\vendor\codeigniter4\framework\system\CodeIgniter.php(312): CodeIgniter\CodeIgniter->handleRequest(NULL, Object(Config\Cache), false)
#11 G:\DoAnTotNghiep\OpenServer\domains\new-allinci.com\index.php(48): CodeIgniter\CodeIgniter->run()
#12 {main}
CRITICAL - 2022-08-07 13:35:01 --> ini_set(): A session is active. You cannot change the session module's ini settings at this time
#0 [internal function]: CodeIgniter\Debug\Exceptions->errorHandler(2, 'ini_set(): A se...', 'G:\\DoAnTotNghie...', 101, Array)
#1 G:\DoAnTotNghiep\OpenServer\domains\new-allinci.com\vendor\codeigniter4\framework\system\Session\Handlers\FileHandler.php(101): ini_set('session.save_pa...', 'G:\\DoAnTotNghie...')
#2 G:\DoAnTotNghiep\OpenServer\domains\new-allinci.com\vendor\codeigniter4\framework\system\Config\Services.php(780): CodeIgniter\Session\Handlers\FileHandler->__construct(Object(Config\App), '127.0.0.1')
#3 G:\DoAnTotNghiep\OpenServer\domains\new-allinci.com\vendor\codeigniter4\framework\system\Config\BaseService.php(123): CodeIgniter\Config\Services::session(Object(Config\App), false)
#4 G:\DoAnTotNghiep\OpenServer\domains\new-allinci.com\vendor\codeigniter4\framework\system\Config\Services.php(769): CodeIgniter\Config\BaseService::getSharedInstance('session', NULL)
#5 G:\DoAnTotNghiep\OpenServer\domains\new-allinci.com\vendor\codeigniter4\framework\system\Common.php(926): CodeIgniter\Config\Services::session()
#6 G:\DoAnTotNghiep\OpenServer\domains\new-allinci.com\app\Controllers\Backend\Product\Catalogue.php(19): session()
#7 G:\DoAnTotNghiep\OpenServer\domains\new-allinci.com\vendor\codeigniter4\framework\system\CodeIgniter.php(918): App\Controllers\Backend\Product\Catalogue->index()
#8 G:\DoAnTotNghiep\OpenServer\domains\new-allinci.com\vendor\codeigniter4\framework\system\CodeIgniter.php(404): CodeIgniter\CodeIgniter->runController(Object(App\Controllers\Backend\Product\Catalogue))
#9 G:\DoAnTotNghiep\OpenServer\domains\new-allinci.com\vendor\codeigniter4\framework\system\CodeIgniter.php(312): CodeIgniter\CodeIgniter->handleRequest(NULL, Object(Config\Cache), false)
#10 G:\DoAnTotNghiep\OpenServer\domains\new-allinci.com\index.php(48): CodeIgniter\CodeIgniter->run()
#11 {main}
CRITICAL - 2022-08-07 13:35:15 --> ini_set(): A session is active. You cannot change the session module's ini settings at this time
#0 [internal function]: CodeIgniter\Debug\Exceptions->errorHandler(2, 'ini_set(): A se...', 'G:\\DoAnTotNghie...', 101, Array)
#1 G:\DoAnTotNghiep\OpenServer\domains\new-allinci.com\vendor\codeigniter4\framework\system\Session\Handlers\FileHandler.php(101): ini_set('session.save_pa...', 'G:\\DoAnTotNghie...')
#2 G:\DoAnTotNghiep\OpenServer\domains\new-allinci.com\vendor\codeigniter4\framework\system\Config\Services.php(780): CodeIgniter\Session\Handlers\FileHandler->__construct(Object(Config\App), '127.0.0.1')
#3 G:\DoAnTotNghiep\OpenServer\domains\new-allinci.com\vendor\codeigniter4\framework\system\Config\BaseService.php(123): CodeIgniter\Config\Services::session(Object(Config\App), false)
#4 G:\DoAnTotNghiep\OpenServer\domains\new-allinci.com\vendor\codeigniter4\framework\system\Config\Services.php(769): CodeIgniter\Config\BaseService::getSharedInstance('session', NULL)
#5 G:\DoAnTotNghiep\OpenServer\domains\new-allinci.com\vendor\codeigniter4\framework\system\Common.php(926): CodeIgniter\Config\Services::session()
#6 G:\DoAnTotNghiep\OpenServer\domains\new-allinci.com\app\Controllers\Backend\Product\Catalogue.php(19): session()
#7 G:\DoAnTotNghiep\OpenServer\domains\new-allinci.com\vendor\codeigniter4\framework\system\CodeIgniter.php(918): App\Controllers\Backend\Product\Catalogue->index()
#8 G:\DoAnTotNghiep\OpenServer\domains\new-allinci.com\vendor\codeigniter4\framework\system\CodeIgniter.php(404): CodeIgniter\CodeIgniter->runController(Object(App\Controllers\Backend\Product\Catalogue))
#9 G:\DoAnTotNghiep\OpenServer\domains\new-allinci.com\vendor\codeigniter4\framework\system\CodeIgniter.php(312): CodeIgniter\CodeIgniter->handleRequest(NULL, Object(Config\Cache), false)
#10 G:\DoAnTotNghiep\OpenServer\domains\new-allinci.com\index.php(49): CodeIgniter\CodeIgniter->run()
#11 {main}
