CRITICAL - 2022-01-17 09:49:32 --> syntax error, unexpected '[', expecting ']'
#0 W:\domains\inan.com.va\vendor\codeigniter4\framework\system\Common.php(1119): CodeIgniter\View\View->render('frontend/homepa...', Array, true)
#1 W:\domains\inan.com.va\app\Views\frontend\homepage\layout\home.php(72): view('frontend/homepa...')
#2 W:\domains\inan.com.va\vendor\codeigniter4\framework\system\View\View.php(246): include('W:\\domains\\inan...')
#3 W:\domains\inan.com.va\vendor\codeigniter4\framework\system\Common.php(1119): CodeIgniter\View\View->render('frontend/homepa...', Array, true)
#4 W:\domains\inan.com.va\app\Controllers\Frontend\Homepage\Home.php(39): view('frontend/homepa...', Array)
#5 W:\domains\inan.com.va\vendor\codeigniter4\framework\system\CodeIgniter.php(918): App\Controllers\Frontend\Homepage\Home->index()
#6 W:\domains\inan.com.va\vendor\codeigniter4\framework\system\CodeIgniter.php(404): CodeIgniter\CodeIgniter->runController(Object(App\Controllers\Frontend\Homepage\Home))
#7 W:\domains\inan.com.va\vendor\codeigniter4\framework\system\CodeIgniter.php(312): CodeIgniter\CodeIgniter->handleRequest(NULL, Object(Config\Cache), false)
#8 W:\domains\inan.com.va\index.php(48): CodeIgniter\CodeIgniter->run()
#9 {main}
CRITICAL - 2022-01-17 09:49:37 --> syntax error, unexpected '[', expecting ']'
#0 W:\domains\inan.com.va\vendor\codeigniter4\framework\system\Common.php(1119): CodeIgniter\View\View->render('frontend/homepa...', Array, true)
#1 W:\domains\inan.com.va\app\Views\frontend\homepage\layout\home.php(72): view('frontend/homepa...')
#2 W:\domains\inan.com.va\vendor\codeigniter4\framework\system\View\View.php(246): include('W:\\domains\\inan...')
#3 W:\domains\inan.com.va\vendor\codeigniter4\framework\system\Common.php(1119): CodeIgniter\View\View->render('frontend/homepa...', Array, true)
#4 W:\domains\inan.com.va\app\Controllers\Frontend\Homepage\Home.php(39): view('frontend/homepa...', Array)
#5 W:\domains\inan.com.va\vendor\codeigniter4\framework\system\CodeIgniter.php(918): App\Controllers\Frontend\Homepage\Home->index()
#6 W:\domains\inan.com.va\vendor\codeigniter4\framework\system\CodeIgniter.php(404): CodeIgniter\CodeIgniter->runController(Object(App\Controllers\Frontend\Homepage\Home))
#7 W:\domains\inan.com.va\vendor\codeigniter4\framework\system\CodeIgniter.php(312): CodeIgniter\CodeIgniter->handleRequest(NULL, Object(Config\Cache), false)
#8 W:\domains\inan.com.va\index.php(48): CodeIgniter\CodeIgniter->run()
#9 {main}
CRITICAL - 2022-01-17 09:49:38 --> syntax error, unexpected '[', expecting ']'
#0 W:\domains\inan.com.va\vendor\codeigniter4\framework\system\Common.php(1119): CodeIgniter\View\View->render('frontend/homepa...', Array, true)
#1 W:\domains\inan.com.va\app\Views\frontend\homepage\layout\home.php(72): view('frontend/homepa...')
#2 W:\domains\inan.com.va\vendor\codeigniter4\framework\system\View\View.php(246): include('W:\\domains\\inan...')
#3 W:\domains\inan.com.va\vendor\codeigniter4\framework\system\Common.php(1119): CodeIgniter\View\View->render('frontend/homepa...', Array, true)
#4 W:\domains\inan.com.va\app\Controllers\Frontend\Homepage\Home.php(39): view('frontend/homepa...', Array)
#5 W:\domains\inan.com.va\vendor\codeigniter4\framework\system\CodeIgniter.php(918): App\Controllers\Frontend\Homepage\Home->index()
#6 W:\domains\inan.com.va\vendor\codeigniter4\framework\system\CodeIgniter.php(404): CodeIgniter\CodeIgniter->runController(Object(App\Controllers\Frontend\Homepage\Home))
#7 W:\domains\inan.com.va\vendor\codeigniter4\framework\system\CodeIgniter.php(312): CodeIgniter\CodeIgniter->handleRequest(NULL, Object(Config\Cache), false)
#8 W:\domains\inan.com.va\index.php(48): CodeIgniter\CodeIgniter->run()
#9 {main}
CRITICAL - 2022-01-17 10:49:07 --> syntax error, unexpected end of file
#0 W:\domains\inan.com.va\vendor\codeigniter4\framework\system\Common.php(1119): CodeIgniter\View\View->render('frontend/homepa...', Array, true)
#1 W:\domains\inan.com.va\app\Views\frontend\homepage\layout\home.php(72): view('frontend/homepa...')
#2 W:\domains\inan.com.va\vendor\codeigniter4\framework\system\View\View.php(246): include('W:\\domains\\inan...')
#3 W:\domains\inan.com.va\vendor\codeigniter4\framework\system\Common.php(1119): CodeIgniter\View\View->render('frontend/homepa...', Array, true)
#4 W:\domains\inan.com.va\app\Controllers\Frontend\Homepage\Home.php(39): view('frontend/homepa...', Array)
#5 W:\domains\inan.com.va\vendor\codeigniter4\framework\system\CodeIgniter.php(918): App\Controllers\Frontend\Homepage\Home->index()
#6 W:\domains\inan.com.va\vendor\codeigniter4\framework\system\CodeIgniter.php(404): CodeIgniter\CodeIgniter->runController(Object(App\Controllers\Frontend\Homepage\Home))
#7 W:\domains\inan.com.va\vendor\codeigniter4\framework\system\CodeIgniter.php(312): CodeIgniter\CodeIgniter->handleRequest(NULL, Object(Config\Cache), false)
#8 W:\domains\inan.com.va\index.php(48): CodeIgniter\CodeIgniter->run()
#9 {main}
CRITICAL - 2022-01-17 10:49:09 --> syntax error, unexpected end of file
#0 W:\domains\inan.com.va\vendor\codeigniter4\framework\system\Common.php(1119): CodeIgniter\View\View->render('frontend/homepa...', Array, true)
#1 W:\domains\inan.com.va\app\Views\frontend\homepage\layout\home.php(72): view('frontend/homepa...')
#2 W:\domains\inan.com.va\vendor\codeigniter4\framework\system\View\View.php(246): include('W:\\domains\\inan...')
#3 W:\domains\inan.com.va\vendor\codeigniter4\framework\system\Common.php(1119): CodeIgniter\View\View->render('frontend/homepa...', Array, true)
#4 W:\domains\inan.com.va\app\Controllers\Frontend\Homepage\Home.php(39): view('frontend/homepa...', Array)
#5 W:\domains\inan.com.va\vendor\codeigniter4\framework\system\CodeIgniter.php(918): App\Controllers\Frontend\Homepage\Home->index()
#6 W:\domains\inan.com.va\vendor\codeigniter4\framework\system\CodeIgniter.php(404): CodeIgniter\CodeIgniter->runController(Object(App\Controllers\Frontend\Homepage\Home))
#7 W:\domains\inan.com.va\vendor\codeigniter4\framework\system\CodeIgniter.php(312): CodeIgniter\CodeIgniter->handleRequest(NULL, Object(Config\Cache), false)
#8 W:\domains\inan.com.va\index.php(48): CodeIgniter\CodeIgniter->run()
#9 {main}
