CRITICAL - 2021-06-30 02:52:52 --> unlink(/home/itvc/domains/ahpgroup.vn/public_html/writable/debugbar/debugbar_1625038230.json): No such file or directory
#0 [internal function]: CodeIgniter\Debug\Exceptions->errorHandler(2, 'unlink(/home/it...', '/home/itvc/doma...', 106, Array)
#1 /home/itvc/domains/ahpgroup.vn/public_html/vendor/codeigniter4/framework/system/Debug/Toolbar/Collectors/History.php(106): unlink('/home/itvc/doma...')
#2 /home/itvc/domains/ahpgroup.vn/public_html/vendor/codeigniter4/framework/system/Debug/Toolbar.php(483): CodeIgniter\Debug\Toolbar\Collectors\History->setFiles(1625039567, 20)
#3 /home/itvc/domains/ahpgroup.vn/public_html/vendor/codeigniter4/framework/system/Debug/Toolbar.php(455): CodeIgniter\Debug\Toolbar->format(Array, 'html')
#4 /home/itvc/domains/ahpgroup.vn/public_html/app/Config/Events.php(44): CodeIgniter\Debug\Toolbar->respond()
#5 [internal function]: CodeIgniter\Events\Events::Config\{closure}()
#6 /home/itvc/domains/ahpgroup.vn/public_html/vendor/codeigniter4/framework/system/Events/Events.php(188): call_user_func(Object(Closure))
#7 /home/itvc/domains/ahpgroup.vn/public_html/vendor/codeigniter4/framework/system/CodeIgniter.php(293): CodeIgniter\Events\Events::trigger('pre_system')
#8 /home/itvc/domains/ahpgroup.vn/public_html/index.php(48): CodeIgniter\CodeIgniter->run()
#9 {main}
CRITICAL - 2021-06-30 03:42:25 --> unlink(/home/itvc/domains/ahpgroup.vn/public_html/writable/debugbar/debugbar_1625040434.json): No such file or directory
#0 [internal function]: CodeIgniter\Debug\Exceptions->errorHandler(2, 'unlink(/home/it...', '/home/itvc/doma...', 106, Array)
#1 /home/itvc/domains/ahpgroup.vn/public_html/vendor/codeigniter4/framework/system/Debug/Toolbar/Collectors/History.php(106): unlink('/home/itvc/doma...')
#2 /home/itvc/domains/ahpgroup.vn/public_html/vendor/codeigniter4/framework/system/Debug/Toolbar.php(483): CodeIgniter\Debug\Toolbar\Collectors\History->setFiles(1625042545, 20)
#3 /home/itvc/domains/ahpgroup.vn/public_html/vendor/codeigniter4/framework/system/Debug/Toolbar.php(455): CodeIgniter\Debug\Toolbar->format(Array, 'html')
#4 /home/itvc/domains/ahpgroup.vn/public_html/app/Config/Events.php(44): CodeIgniter\Debug\Toolbar->respond()
#5 [internal function]: CodeIgniter\Events\Events::Config\{closure}()
#6 /home/itvc/domains/ahpgroup.vn/public_html/vendor/codeigniter4/framework/system/Events/Events.php(188): call_user_func(Object(Closure))
#7 /home/itvc/domains/ahpgroup.vn/public_html/vendor/codeigniter4/framework/system/CodeIgniter.php(293): CodeIgniter\Events\Events::trigger('pre_system')
#8 /home/itvc/domains/ahpgroup.vn/public_html/index.php(48): CodeIgniter\CodeIgniter->run()
#9 {main}
CRITICAL - 2021-06-30 22:08:25 --> unlink(/home/itvc/domains/ahpgroup.vn/public_html/writable/debugbar/debugbar_1625105621.json): No such file or directory
#0 [internal function]: CodeIgniter\Debug\Exceptions->errorHandler(2, 'unlink(/home/it...', '/home/itvc/doma...', 106, Array)
#1 /home/itvc/domains/ahpgroup.vn/public_html/vendor/codeigniter4/framework/system/Debug/Toolbar/Collectors/History.php(106): unlink('/home/itvc/doma...')
#2 /home/itvc/domains/ahpgroup.vn/public_html/vendor/codeigniter4/framework/system/Debug/Toolbar.php(483): CodeIgniter\Debug\Toolbar\Collectors\History->setFiles(1625108904, 20)
#3 /home/itvc/domains/ahpgroup.vn/public_html/vendor/codeigniter4/framework/system/Debug/Toolbar.php(455): CodeIgniter\Debug\Toolbar->format(Array, 'html')
#4 /home/itvc/domains/ahpgroup.vn/public_html/app/Config/Events.php(44): CodeIgniter\Debug\Toolbar->respond()
#5 [internal function]: CodeIgniter\Events\Events::Config\{closure}()
#6 /home/itvc/domains/ahpgroup.vn/public_html/vendor/codeigniter4/framework/system/Events/Events.php(188): call_user_func(Object(Closure))
#7 /home/itvc/domains/ahpgroup.vn/public_html/vendor/codeigniter4/framework/system/CodeIgniter.php(293): CodeIgniter\Events\Events::trigger('pre_system')
#8 /home/itvc/domains/ahpgroup.vn/public_html/index.php(48): CodeIgniter\CodeIgniter->run()
#9 {main}
