CRITICAL - 2022-05-25 10:47:37 --> syntax error, unexpected ']', expecting ',' or ')'
#0 W:\domains\va.truemed.com\vendor\codeigniter4\framework\system\Common.php(1119): CodeIgniter\View\View->render('frontend/homepa...', Array, true)
#1 W:\domains\va.truemed.com\app\Views\frontend\homepage\home\index.php(109): view('frontend/homepa...')
#2 W:\domains\va.truemed.com\vendor\codeigniter4\framework\system\View\View.php(246): include('W:\\domains\\va.t...')
#3 W:\domains\va.truemed.com\vendor\codeigniter4\framework\system\Common.php(1119): CodeIgniter\View\View->render('frontend/homepa...', Array, true)
#4 W:\domains\va.truemed.com\app\Views\frontend\homepage\layout\home.php(72): view('frontend/homepa...')
#5 W:\domains\va.truemed.com\vendor\codeigniter4\framework\system\View\View.php(246): include('W:\\domains\\va.t...')
#6 W:\domains\va.truemed.com\vendor\codeigniter4\framework\system\Common.php(1119): CodeIgniter\View\View->render('frontend/homepa...', Array, true)
#7 W:\domains\va.truemed.com\app\Controllers\Frontend\Homepage\Home.php(70): view('frontend/homepa...', Array)
#8 W:\domains\va.truemed.com\vendor\codeigniter4\framework\system\CodeIgniter.php(918): App\Controllers\Frontend\Homepage\Home->index()
#9 W:\domains\va.truemed.com\vendor\codeigniter4\framework\system\CodeIgniter.php(404): CodeIgniter\CodeIgniter->runController(Object(App\Controllers\Frontend\Homepage\Home))
#10 W:\domains\va.truemed.com\vendor\codeigniter4\framework\system\CodeIgniter.php(312): CodeIgniter\CodeIgniter->handleRequest(NULL, Object(Config\Cache), false)
#11 W:\domains\va.truemed.com\index.php(48): CodeIgniter\CodeIgniter->run()
#12 {main}
CRITICAL - 2022-05-25 10:47:41 --> syntax error, unexpected ']', expecting ',' or ')'
#0 W:\domains\va.truemed.com\vendor\codeigniter4\framework\system\Common.php(1119): CodeIgniter\View\View->render('frontend/homepa...', Array, true)
#1 W:\domains\va.truemed.com\app\Views\frontend\homepage\home\index.php(109): view('frontend/homepa...')
#2 W:\domains\va.truemed.com\vendor\codeigniter4\framework\system\View\View.php(246): include('W:\\domains\\va.t...')
#3 W:\domains\va.truemed.com\vendor\codeigniter4\framework\system\Common.php(1119): CodeIgniter\View\View->render('frontend/homepa...', Array, true)
#4 W:\domains\va.truemed.com\app\Views\frontend\homepage\layout\home.php(72): view('frontend/homepa...')
#5 W:\domains\va.truemed.com\vendor\codeigniter4\framework\system\View\View.php(246): include('W:\\domains\\va.t...')
#6 W:\domains\va.truemed.com\vendor\codeigniter4\framework\system\Common.php(1119): CodeIgniter\View\View->render('frontend/homepa...', Array, true)
#7 W:\domains\va.truemed.com\app\Controllers\Frontend\Homepage\Home.php(70): view('frontend/homepa...', Array)
#8 W:\domains\va.truemed.com\vendor\codeigniter4\framework\system\CodeIgniter.php(918): App\Controllers\Frontend\Homepage\Home->index()
#9 W:\domains\va.truemed.com\vendor\codeigniter4\framework\system\CodeIgniter.php(404): CodeIgniter\CodeIgniter->runController(Object(App\Controllers\Frontend\Homepage\Home))
#10 W:\domains\va.truemed.com\vendor\codeigniter4\framework\system\CodeIgniter.php(312): CodeIgniter\CodeIgniter->handleRequest(NULL, Object(Config\Cache), false)
#11 W:\domains\va.truemed.com\index.php(48): CodeIgniter\CodeIgniter->run()
#12 {main}
CRITICAL - 2022-05-25 10:47:59 --> syntax error, unexpected ']', expecting ',' or ')'
#0 W:\domains\va.truemed.com\vendor\codeigniter4\framework\system\Common.php(1119): CodeIgniter\View\View->render('frontend/homepa...', Array, true)
#1 W:\domains\va.truemed.com\app\Views\frontend\homepage\home\index.php(109): view('frontend/homepa...')
#2 W:\domains\va.truemed.com\vendor\codeigniter4\framework\system\View\View.php(246): include('W:\\domains\\va.t...')
#3 W:\domains\va.truemed.com\vendor\codeigniter4\framework\system\Common.php(1119): CodeIgniter\View\View->render('frontend/homepa...', Array, true)
#4 W:\domains\va.truemed.com\app\Views\frontend\homepage\layout\home.php(72): view('frontend/homepa...')
#5 W:\domains\va.truemed.com\vendor\codeigniter4\framework\system\View\View.php(246): include('W:\\domains\\va.t...')
#6 W:\domains\va.truemed.com\vendor\codeigniter4\framework\system\Common.php(1119): CodeIgniter\View\View->render('frontend/homepa...', Array, true)
#7 W:\domains\va.truemed.com\app\Controllers\Frontend\Homepage\Home.php(70): view('frontend/homepa...', Array)
#8 W:\domains\va.truemed.com\vendor\codeigniter4\framework\system\CodeIgniter.php(918): App\Controllers\Frontend\Homepage\Home->index()
#9 W:\domains\va.truemed.com\vendor\codeigniter4\framework\system\CodeIgniter.php(404): CodeIgniter\CodeIgniter->runController(Object(App\Controllers\Frontend\Homepage\Home))
#10 W:\domains\va.truemed.com\vendor\codeigniter4\framework\system\CodeIgniter.php(312): CodeIgniter\CodeIgniter->handleRequest(NULL, Object(Config\Cache), false)
#11 W:\domains\va.truemed.com\index.php(48): CodeIgniter\CodeIgniter->run()
#12 {main}
CRITICAL - 2022-05-25 10:48:12 --> syntax error, unexpected ']', expecting ',' or ')'
#0 W:\domains\va.truemed.com\vendor\codeigniter4\framework\system\Common.php(1119): CodeIgniter\View\View->render('frontend/homepa...', Array, true)
#1 W:\domains\va.truemed.com\app\Views\frontend\homepage\home\index.php(109): view('frontend/homepa...')
#2 W:\domains\va.truemed.com\vendor\codeigniter4\framework\system\View\View.php(246): include('W:\\domains\\va.t...')
#3 W:\domains\va.truemed.com\vendor\codeigniter4\framework\system\Common.php(1119): CodeIgniter\View\View->render('frontend/homepa...', Array, true)
#4 W:\domains\va.truemed.com\app\Views\frontend\homepage\layout\home.php(72): view('frontend/homepa...')
#5 W:\domains\va.truemed.com\vendor\codeigniter4\framework\system\View\View.php(246): include('W:\\domains\\va.t...')
#6 W:\domains\va.truemed.com\vendor\codeigniter4\framework\system\Common.php(1119): CodeIgniter\View\View->render('frontend/homepa...', Array, true)
#7 W:\domains\va.truemed.com\app\Controllers\Frontend\Homepage\Home.php(70): view('frontend/homepa...', Array)
#8 W:\domains\va.truemed.com\vendor\codeigniter4\framework\system\CodeIgniter.php(918): App\Controllers\Frontend\Homepage\Home->index()
#9 W:\domains\va.truemed.com\vendor\codeigniter4\framework\system\CodeIgniter.php(404): CodeIgniter\CodeIgniter->runController(Object(App\Controllers\Frontend\Homepage\Home))
#10 W:\domains\va.truemed.com\vendor\codeigniter4\framework\system\CodeIgniter.php(312): CodeIgniter\CodeIgniter->handleRequest(NULL, Object(Config\Cache), false)
#11 W:\domains\va.truemed.com\index.php(48): CodeIgniter\CodeIgniter->run()
#12 {main}
CRITICAL - 2022-05-25 22:05:06 --> syntax error, unexpected ')'
#0 W:\domains\va.truemed.com\vendor\codeigniter4\framework\system\Common.php(1119): CodeIgniter\View\View->render('frontend/homepa...', Array, true)
#1 W:\domains\va.truemed.com\app\Views\frontend\homepage\home\index.php(109): view('frontend/homepa...')
#2 W:\domains\va.truemed.com\vendor\codeigniter4\framework\system\View\View.php(246): include('W:\\domains\\va.t...')
#3 W:\domains\va.truemed.com\vendor\codeigniter4\framework\system\Common.php(1119): CodeIgniter\View\View->render('frontend/homepa...', Array, true)
#4 W:\domains\va.truemed.com\app\Views\frontend\homepage\layout\home.php(72): view('frontend/homepa...')
#5 W:\domains\va.truemed.com\vendor\codeigniter4\framework\system\View\View.php(246): include('W:\\domains\\va.t...')
#6 W:\domains\va.truemed.com\vendor\codeigniter4\framework\system\Common.php(1119): CodeIgniter\View\View->render('frontend/homepa...', Array, true)
#7 W:\domains\va.truemed.com\app\Controllers\Frontend\Homepage\Home.php(70): view('frontend/homepa...', Array)
#8 W:\domains\va.truemed.com\vendor\codeigniter4\framework\system\CodeIgniter.php(918): App\Controllers\Frontend\Homepage\Home->index()
#9 W:\domains\va.truemed.com\vendor\codeigniter4\framework\system\CodeIgniter.php(404): CodeIgniter\CodeIgniter->runController(Object(App\Controllers\Frontend\Homepage\Home))
#10 W:\domains\va.truemed.com\vendor\codeigniter4\framework\system\CodeIgniter.php(312): CodeIgniter\CodeIgniter->handleRequest(NULL, Object(Config\Cache), false)
#11 W:\domains\va.truemed.com\index.php(48): CodeIgniter\CodeIgniter->run()
#12 {main}
CRITICAL - 2022-05-25 22:05:11 --> syntax error, unexpected ')'
#0 W:\domains\va.truemed.com\vendor\codeigniter4\framework\system\Common.php(1119): CodeIgniter\View\View->render('frontend/homepa...', Array, true)
#1 W:\domains\va.truemed.com\app\Views\frontend\homepage\home\index.php(109): view('frontend/homepa...')
#2 W:\domains\va.truemed.com\vendor\codeigniter4\framework\system\View\View.php(246): include('W:\\domains\\va.t...')
#3 W:\domains\va.truemed.com\vendor\codeigniter4\framework\system\Common.php(1119): CodeIgniter\View\View->render('frontend/homepa...', Array, true)
#4 W:\domains\va.truemed.com\app\Views\frontend\homepage\layout\home.php(72): view('frontend/homepa...')
#5 W:\domains\va.truemed.com\vendor\codeigniter4\framework\system\View\View.php(246): include('W:\\domains\\va.t...')
#6 W:\domains\va.truemed.com\vendor\codeigniter4\framework\system\Common.php(1119): CodeIgniter\View\View->render('frontend/homepa...', Array, true)
#7 W:\domains\va.truemed.com\app\Controllers\Frontend\Homepage\Home.php(70): view('frontend/homepa...', Array)
#8 W:\domains\va.truemed.com\vendor\codeigniter4\framework\system\CodeIgniter.php(918): App\Controllers\Frontend\Homepage\Home->index()
#9 W:\domains\va.truemed.com\vendor\codeigniter4\framework\system\CodeIgniter.php(404): CodeIgniter\CodeIgniter->runController(Object(App\Controllers\Frontend\Homepage\Home))
#10 W:\domains\va.truemed.com\vendor\codeigniter4\framework\system\CodeIgniter.php(312): CodeIgniter\CodeIgniter->handleRequest(NULL, Object(Config\Cache), false)
#11 W:\domains\va.truemed.com\index.php(48): CodeIgniter\CodeIgniter->run()
#12 {main}
CRITICAL - 2022-05-25 22:05:13 --> syntax error, unexpected ')'
#0 W:\domains\va.truemed.com\vendor\codeigniter4\framework\system\Common.php(1119): CodeIgniter\View\View->render('frontend/homepa...', Array, true)
#1 W:\domains\va.truemed.com\app\Views\frontend\homepage\home\index.php(109): view('frontend/homepa...')
#2 W:\domains\va.truemed.com\vendor\codeigniter4\framework\system\View\View.php(246): include('W:\\domains\\va.t...')
#3 W:\domains\va.truemed.com\vendor\codeigniter4\framework\system\Common.php(1119): CodeIgniter\View\View->render('frontend/homepa...', Array, true)
#4 W:\domains\va.truemed.com\app\Views\frontend\homepage\layout\home.php(72): view('frontend/homepa...')
#5 W:\domains\va.truemed.com\vendor\codeigniter4\framework\system\View\View.php(246): include('W:\\domains\\va.t...')
#6 W:\domains\va.truemed.com\vendor\codeigniter4\framework\system\Common.php(1119): CodeIgniter\View\View->render('frontend/homepa...', Array, true)
#7 W:\domains\va.truemed.com\app\Controllers\Frontend\Homepage\Home.php(70): view('frontend/homepa...', Array)
#8 W:\domains\va.truemed.com\vendor\codeigniter4\framework\system\CodeIgniter.php(918): App\Controllers\Frontend\Homepage\Home->index()
#9 W:\domains\va.truemed.com\vendor\codeigniter4\framework\system\CodeIgniter.php(404): CodeIgniter\CodeIgniter->runController(Object(App\Controllers\Frontend\Homepage\Home))
#10 W:\domains\va.truemed.com\vendor\codeigniter4\framework\system\CodeIgniter.php(312): CodeIgniter\CodeIgniter->handleRequest(NULL, Object(Config\Cache), false)
#11 W:\domains\va.truemed.com\index.php(48): CodeIgniter\CodeIgniter->run()
#12 {main}
CRITICAL - 2022-05-25 22:05:42 --> syntax error, unexpected ')'
#0 W:\domains\va.truemed.com\vendor\codeigniter4\framework\system\Common.php(1119): CodeIgniter\View\View->render('frontend/homepa...', Array, true)
#1 W:\domains\va.truemed.com\app\Views\frontend\homepage\home\index.php(109): view('frontend/homepa...')
#2 W:\domains\va.truemed.com\vendor\codeigniter4\framework\system\View\View.php(246): include('W:\\domains\\va.t...')
#3 W:\domains\va.truemed.com\vendor\codeigniter4\framework\system\Common.php(1119): CodeIgniter\View\View->render('frontend/homepa...', Array, true)
#4 W:\domains\va.truemed.com\app\Views\frontend\homepage\layout\home.php(72): view('frontend/homepa...')
#5 W:\domains\va.truemed.com\vendor\codeigniter4\framework\system\View\View.php(246): include('W:\\domains\\va.t...')
#6 W:\domains\va.truemed.com\vendor\codeigniter4\framework\system\Common.php(1119): CodeIgniter\View\View->render('frontend/homepa...', Array, true)
#7 W:\domains\va.truemed.com\app\Controllers\Frontend\Homepage\Home.php(70): view('frontend/homepa...', Array)
#8 W:\domains\va.truemed.com\vendor\codeigniter4\framework\system\CodeIgniter.php(918): App\Controllers\Frontend\Homepage\Home->index()
#9 W:\domains\va.truemed.com\vendor\codeigniter4\framework\system\CodeIgniter.php(404): CodeIgniter\CodeIgniter->runController(Object(App\Controllers\Frontend\Homepage\Home))
#10 W:\domains\va.truemed.com\vendor\codeigniter4\framework\system\CodeIgniter.php(312): CodeIgniter\CodeIgniter->handleRequest(NULL, Object(Config\Cache), false)
#11 W:\domains\va.truemed.com\index.php(48): CodeIgniter\CodeIgniter->run()
#12 {main}
CRITICAL - 2022-05-25 22:13:34 --> Call to undefined method CodeIgniter\View\View::currentLanguage()
#0 W:\domains\va.truemed.com\vendor\codeigniter4\framework\system\View\View.php(246): include()
#1 W:\domains\va.truemed.com\vendor\codeigniter4\framework\system\Common.php(1119): CodeIgniter\View\View->render('frontend/homepa...', Array, true)
#2 W:\domains\va.truemed.com\app\Views\frontend\homepage\home\index.php(109): view('frontend/homepa...')
#3 W:\domains\va.truemed.com\vendor\codeigniter4\framework\system\View\View.php(246): include('W:\\domains\\va.t...')
#4 W:\domains\va.truemed.com\vendor\codeigniter4\framework\system\Common.php(1119): CodeIgniter\View\View->render('frontend/homepa...', Array, true)
#5 W:\domains\va.truemed.com\app\Views\frontend\homepage\layout\home.php(72): view('frontend/homepa...')
#6 W:\domains\va.truemed.com\vendor\codeigniter4\framework\system\View\View.php(246): include('W:\\domains\\va.t...')
#7 W:\domains\va.truemed.com\vendor\codeigniter4\framework\system\Common.php(1119): CodeIgniter\View\View->render('frontend/homepa...', Array, true)
#8 W:\domains\va.truemed.com\app\Controllers\Frontend\Homepage\Home.php(70): view('frontend/homepa...', Array)
#9 W:\domains\va.truemed.com\vendor\codeigniter4\framework\system\CodeIgniter.php(918): App\Controllers\Frontend\Homepage\Home->index()
#10 W:\domains\va.truemed.com\vendor\codeigniter4\framework\system\CodeIgniter.php(404): CodeIgniter\CodeIgniter->runController(Object(App\Controllers\Frontend\Homepage\Home))
#11 W:\domains\va.truemed.com\vendor\codeigniter4\framework\system\CodeIgniter.php(312): CodeIgniter\CodeIgniter->handleRequest(NULL, Object(Config\Cache), false)
#12 W:\domains\va.truemed.com\index.php(48): CodeIgniter\CodeIgniter->run()
#13 {main}
CRITICAL - 2022-05-25 22:13:36 --> Call to undefined method CodeIgniter\View\View::currentLanguage()
#0 W:\domains\va.truemed.com\vendor\codeigniter4\framework\system\View\View.php(246): include()
#1 W:\domains\va.truemed.com\vendor\codeigniter4\framework\system\Common.php(1119): CodeIgniter\View\View->render('frontend/homepa...', Array, true)
#2 W:\domains\va.truemed.com\app\Views\frontend\homepage\home\index.php(109): view('frontend/homepa...')
#3 W:\domains\va.truemed.com\vendor\codeigniter4\framework\system\View\View.php(246): include('W:\\domains\\va.t...')
#4 W:\domains\va.truemed.com\vendor\codeigniter4\framework\system\Common.php(1119): CodeIgniter\View\View->render('frontend/homepa...', Array, true)
#5 W:\domains\va.truemed.com\app\Views\frontend\homepage\layout\home.php(72): view('frontend/homepa...')
#6 W:\domains\va.truemed.com\vendor\codeigniter4\framework\system\View\View.php(246): include('W:\\domains\\va.t...')
#7 W:\domains\va.truemed.com\vendor\codeigniter4\framework\system\Common.php(1119): CodeIgniter\View\View->render('frontend/homepa...', Array, true)
#8 W:\domains\va.truemed.com\app\Controllers\Frontend\Homepage\Home.php(70): view('frontend/homepa...', Array)
#9 W:\domains\va.truemed.com\vendor\codeigniter4\framework\system\CodeIgniter.php(918): App\Controllers\Frontend\Homepage\Home->index()
#10 W:\domains\va.truemed.com\vendor\codeigniter4\framework\system\CodeIgniter.php(404): CodeIgniter\CodeIgniter->runController(Object(App\Controllers\Frontend\Homepage\Home))
#11 W:\domains\va.truemed.com\vendor\codeigniter4\framework\system\CodeIgniter.php(312): CodeIgniter\CodeIgniter->handleRequest(NULL, Object(Config\Cache), false)
#12 W:\domains\va.truemed.com\index.php(48): CodeIgniter\CodeIgniter->run()
#13 {main}
CRITICAL - 2022-05-25 22:16:50 --> Undefined variable: panel_list
#0 W:\domains\va.truemed.com\app\Views\frontend\homepage\common\asideproduct.php(46): CodeIgniter\Debug\Exceptions->errorHandler(8, 'Undefined varia...', 'W:\\domains\\va.t...', 46, Array)
#1 W:\domains\va.truemed.com\vendor\codeigniter4\framework\system\View\View.php(246): include('W:\\domains\\va.t...')
#2 W:\domains\va.truemed.com\vendor\codeigniter4\framework\system\Common.php(1119): CodeIgniter\View\View->render('frontend/homepa...', Array, true)
#3 W:\domains\va.truemed.com\app\Views\frontend\homepage\home\index.php(109): view('frontend/homepa...')
#4 W:\domains\va.truemed.com\vendor\codeigniter4\framework\system\View\View.php(246): include('W:\\domains\\va.t...')
#5 W:\domains\va.truemed.com\vendor\codeigniter4\framework\system\Common.php(1119): CodeIgniter\View\View->render('frontend/homepa...', Array, true)
#6 W:\domains\va.truemed.com\app\Views\frontend\homepage\layout\home.php(72): view('frontend/homepa...')
#7 W:\domains\va.truemed.com\vendor\codeigniter4\framework\system\View\View.php(246): include('W:\\domains\\va.t...')
#8 W:\domains\va.truemed.com\vendor\codeigniter4\framework\system\Common.php(1119): CodeIgniter\View\View->render('frontend/homepa...', Array, true)
#9 W:\domains\va.truemed.com\app\Controllers\Frontend\Homepage\Home.php(70): view('frontend/homepa...', Array)
#10 W:\domains\va.truemed.com\vendor\codeigniter4\framework\system\CodeIgniter.php(918): App\Controllers\Frontend\Homepage\Home->index()
#11 W:\domains\va.truemed.com\vendor\codeigniter4\framework\system\CodeIgniter.php(404): CodeIgniter\CodeIgniter->runController(Object(App\Controllers\Frontend\Homepage\Home))
#12 W:\domains\va.truemed.com\vendor\codeigniter4\framework\system\CodeIgniter.php(312): CodeIgniter\CodeIgniter->handleRequest(NULL, Object(Config\Cache), false)
#13 W:\domains\va.truemed.com\index.php(48): CodeIgniter\CodeIgniter->run()
#14 {main}
CRITICAL - 2022-05-25 22:19:47 --> Undefined property: CodeIgniter\View\View::$AutoloadModel
#0 W:\domains\va.truemed.com\app\Views\frontend\homepage\common\asideproduct.php(3): CodeIgniter\Debug\Exceptions->errorHandler(8, 'Undefined prope...', 'W:\\domains\\va.t...', 3, Array)
#1 W:\domains\va.truemed.com\vendor\codeigniter4\framework\system\View\View.php(246): include('W:\\domains\\va.t...')
#2 W:\domains\va.truemed.com\vendor\codeigniter4\framework\system\Common.php(1119): CodeIgniter\View\View->render('frontend/homepa...', Array, true)
#3 W:\domains\va.truemed.com\app\Views\frontend\homepage\home\index.php(109): view('frontend/homepa...')
#4 W:\domains\va.truemed.com\vendor\codeigniter4\framework\system\View\View.php(246): include('W:\\domains\\va.t...')
#5 W:\domains\va.truemed.com\vendor\codeigniter4\framework\system\Common.php(1119): CodeIgniter\View\View->render('frontend/homepa...', Array, true)
#6 W:\domains\va.truemed.com\app\Views\frontend\homepage\layout\home.php(72): view('frontend/homepa...')
#7 W:\domains\va.truemed.com\vendor\codeigniter4\framework\system\View\View.php(246): include('W:\\domains\\va.t...')
#8 W:\domains\va.truemed.com\vendor\codeigniter4\framework\system\Common.php(1119): CodeIgniter\View\View->render('frontend/homepa...', Array, true)
#9 W:\domains\va.truemed.com\app\Controllers\Frontend\Homepage\Home.php(70): view('frontend/homepa...', Array)
#10 W:\domains\va.truemed.com\vendor\codeigniter4\framework\system\CodeIgniter.php(918): App\Controllers\Frontend\Homepage\Home->index()
#11 W:\domains\va.truemed.com\vendor\codeigniter4\framework\system\CodeIgniter.php(404): CodeIgniter\CodeIgniter->runController(Object(App\Controllers\Frontend\Homepage\Home))
#12 W:\domains\va.truemed.com\vendor\codeigniter4\framework\system\CodeIgniter.php(312): CodeIgniter\CodeIgniter->handleRequest(NULL, Object(Config\Cache), false)
#13 W:\domains\va.truemed.com\index.php(48): CodeIgniter\CodeIgniter->run()
#14 {main}
