CRITICAL - 2022-03-23 05:10:38 --> syntax error, unexpected ''autoplayTimeout'' (T_CONSTANT_ENCAPSED_STRING), expecting ']'
#0 W:\domains\vipal.com.va\vendor\codeigniter4\framework\system\Common.php(1119): CodeIgniter\View\View->render('frontend/homepa...', Array, true)
#1 W:\domains\vipal.com.va\app\Views\frontend\homepage\layout\home.php(71): view('frontend/homepa...')
#2 W:\domains\vipal.com.va\vendor\codeigniter4\framework\system\View\View.php(246): include('W:\\domains\\vipa...')
#3 W:\domains\vipal.com.va\vendor\codeigniter4\framework\system\Common.php(1119): CodeIgniter\View\View->render('frontend/homepa...', Array, true)
#4 W:\domains\vipal.com.va\app\Controllers\Frontend\Homepage\Home.php(30): view('frontend/homepa...', Array)
#5 W:\domains\vipal.com.va\vendor\codeigniter4\framework\system\CodeIgniter.php(918): App\Controllers\Frontend\Homepage\Home->index()
#6 W:\domains\vipal.com.va\vendor\codeigniter4\framework\system\CodeIgniter.php(404): CodeIgniter\CodeIgniter->runController(Object(App\Controllers\Frontend\Homepage\Home))
#7 W:\domains\vipal.com.va\vendor\codeigniter4\framework\system\CodeIgniter.php(312): CodeIgniter\CodeIgniter->handleRequest(NULL, Object(Config\Cache), false)
#8 W:\domains\vipal.com.va\index.php(48): CodeIgniter\CodeIgniter->run()
#9 {main}
CRITICAL - 2022-03-23 05:33:29 --> Undefined index: description
#0 W:\domains\vipal.com.va\app\Views\frontend\homepage\home\index.php(736): CodeIgniter\Debug\Exceptions->errorHandler(8, 'Undefined index...', 'W:\\domains\\vipa...', 736, Array)
#1 W:\domains\vipal.com.va\vendor\codeigniter4\framework\system\View\View.php(246): include('W:\\domains\\vipa...')
#2 W:\domains\vipal.com.va\vendor\codeigniter4\framework\system\Common.php(1119): CodeIgniter\View\View->render('frontend/homepa...', Array, true)
#3 W:\domains\vipal.com.va\app\Views\frontend\homepage\layout\home.php(71): view('frontend/homepa...')
#4 W:\domains\vipal.com.va\vendor\codeigniter4\framework\system\View\View.php(246): include('W:\\domains\\vipa...')
#5 W:\domains\vipal.com.va\vendor\codeigniter4\framework\system\Common.php(1119): CodeIgniter\View\View->render('frontend/homepa...', Array, true)
#6 W:\domains\vipal.com.va\app\Controllers\Frontend\Homepage\Home.php(30): view('frontend/homepa...', Array)
#7 W:\domains\vipal.com.va\vendor\codeigniter4\framework\system\CodeIgniter.php(918): App\Controllers\Frontend\Homepage\Home->index()
#8 W:\domains\vipal.com.va\vendor\codeigniter4\framework\system\CodeIgniter.php(404): CodeIgniter\CodeIgniter->runController(Object(App\Controllers\Frontend\Homepage\Home))
#9 W:\domains\vipal.com.va\vendor\codeigniter4\framework\system\CodeIgniter.php(312): CodeIgniter\CodeIgniter->handleRequest(NULL, Object(Config\Cache), false)
#10 W:\domains\vipal.com.va\index.php(48): CodeIgniter\CodeIgniter->run()
#11 {main}
CRITICAL - 2022-03-23 10:24:52 --> Undefined variable: object
#0 W:\domains\vipal.com.va\app\Views\frontend\homepage\common\aside.php(114): CodeIgniter\Debug\Exceptions->errorHandler(8, 'Undefined varia...', 'W:\\domains\\vipa...', 114, Array)
#1 W:\domains\vipal.com.va\vendor\codeigniter4\framework\system\View\View.php(246): include('W:\\domains\\vipa...')
#2 W:\domains\vipal.com.va\vendor\codeigniter4\framework\system\Common.php(1119): CodeIgniter\View\View->render('frontend/homepa...', Array, true)
#3 W:\domains\vipal.com.va\app\Views\frontend\article\catalogue\type.php(47): view('frontend/homepa...')
#4 W:\domains\vipal.com.va\vendor\codeigniter4\framework\system\View\View.php(246): include('W:\\domains\\vipa...')
#5 W:\domains\vipal.com.va\vendor\codeigniter4\framework\system\Common.php(1119): CodeIgniter\View\View->render('frontend/articl...', Array, true)
#6 W:\domains\vipal.com.va\app\Views\frontend\homepage\layout\home.php(71): view('frontend/articl...')
#7 W:\domains\vipal.com.va\vendor\codeigniter4\framework\system\View\View.php(246): include('W:\\domains\\vipa...')
#8 W:\domains\vipal.com.va\vendor\codeigniter4\framework\system\Common.php(1119): CodeIgniter\View\View->render('frontend/homepa...', Array, true)
#9 W:\domains\vipal.com.va\app\Controllers\Frontend\Article\Catalogue.php(161): view('frontend/homepa...', Array)
#10 W:\domains\vipal.com.va\vendor\codeigniter4\framework\system\View\Cell.php(180): App\Controllers\Frontend\Article\Catalogue->index(15, 0)
#11 W:\domains\vipal.com.va\vendor\codeigniter4\framework\system\Common.php(1140): CodeIgniter\View\Cell->render('\\App\\Controller...', 'id=15, page=1', 0, 'AppControllersF...')
#12 W:\domains\vipal.com.va\app\Controllers\Frontend\Homepage\Router.php(59): view_cell('\\App\\Controller...', 'id=15, page=1')
#13 W:\domains\vipal.com.va\vendor\codeigniter4\framework\system\CodeIgniter.php(918): App\Controllers\Frontend\Homepage\Router->index('gioi-thieu')
#14 W:\domains\vipal.com.va\vendor\codeigniter4\framework\system\CodeIgniter.php(404): CodeIgniter\CodeIgniter->runController(Object(App\Controllers\Frontend\Homepage\Router))
#15 W:\domains\vipal.com.va\vendor\codeigniter4\framework\system\CodeIgniter.php(312): CodeIgniter\CodeIgniter->handleRequest(NULL, Object(Config\Cache), false)
#16 W:\domains\vipal.com.va\index.php(48): CodeIgniter\CodeIgniter->run()
#17 {main}
CRITICAL - 2022-03-23 10:54:15 --> syntax error, unexpected end of file
#0 W:\domains\vipal.com.va\vendor\codeigniter4\framework\system\Common.php(1119): CodeIgniter\View\View->render('frontend/articl...', Array, true)
#1 W:\domains\vipal.com.va\app\Views\frontend\homepage\layout\home.php(71): view('frontend/articl...')
#2 W:\domains\vipal.com.va\vendor\codeigniter4\framework\system\View\View.php(246): include('W:\\domains\\vipa...')
#3 W:\domains\vipal.com.va\vendor\codeigniter4\framework\system\Common.php(1119): CodeIgniter\View\View->render('frontend/homepa...', Array, true)
#4 W:\domains\vipal.com.va\app\Controllers\Frontend\Article\Catalogue.php(161): view('frontend/homepa...', Array)
#5 W:\domains\vipal.com.va\vendor\codeigniter4\framework\system\View\Cell.php(180): App\Controllers\Frontend\Article\Catalogue->index(15, 0)
#6 W:\domains\vipal.com.va\vendor\codeigniter4\framework\system\Common.php(1140): CodeIgniter\View\Cell->render('\\App\\Controller...', 'id=15, page=1', 0, 'AppControllersF...')
#7 W:\domains\vipal.com.va\app\Controllers\Frontend\Homepage\Router.php(59): view_cell('\\App\\Controller...', 'id=15, page=1')
#8 W:\domains\vipal.com.va\vendor\codeigniter4\framework\system\CodeIgniter.php(918): App\Controllers\Frontend\Homepage\Router->index('gioi-thieu')
#9 W:\domains\vipal.com.va\vendor\codeigniter4\framework\system\CodeIgniter.php(404): CodeIgniter\CodeIgniter->runController(Object(App\Controllers\Frontend\Homepage\Router))
#10 W:\domains\vipal.com.va\vendor\codeigniter4\framework\system\CodeIgniter.php(312): CodeIgniter\CodeIgniter->handleRequest(NULL, Object(Config\Cache), false)
#11 W:\domains\vipal.com.va\index.php(48): CodeIgniter\CodeIgniter->run()
#12 {main}
CRITICAL - 2022-03-23 11:06:10 --> Undefined index: intro-box-1
#0 W:\domains\vipal.com.va\app\Views\frontend\article\catalogue\type.php(10): CodeIgniter\Debug\Exceptions->errorHandler(8, 'Undefined index...', 'W:\\domains\\vipa...', 10, Array)
#1 W:\domains\vipal.com.va\vendor\codeigniter4\framework\system\View\View.php(246): include('W:\\domains\\vipa...')
#2 W:\domains\vipal.com.va\vendor\codeigniter4\framework\system\Common.php(1119): CodeIgniter\View\View->render('frontend/articl...', Array, true)
#3 W:\domains\vipal.com.va\app\Views\frontend\homepage\layout\home.php(71): view('frontend/articl...')
#4 W:\domains\vipal.com.va\vendor\codeigniter4\framework\system\View\View.php(246): include('W:\\domains\\vipa...')
#5 W:\domains\vipal.com.va\vendor\codeigniter4\framework\system\Common.php(1119): CodeIgniter\View\View->render('frontend/homepa...', Array, true)
#6 W:\domains\vipal.com.va\app\Controllers\Frontend\Article\Catalogue.php(161): view('frontend/homepa...', Array)
#7 W:\domains\vipal.com.va\vendor\codeigniter4\framework\system\View\Cell.php(180): App\Controllers\Frontend\Article\Catalogue->index(15, 0)
#8 W:\domains\vipal.com.va\vendor\codeigniter4\framework\system\Common.php(1140): CodeIgniter\View\Cell->render('\\App\\Controller...', 'id=15, page=1', 0, 'AppControllersF...')
#9 W:\domains\vipal.com.va\app\Controllers\Frontend\Homepage\Router.php(59): view_cell('\\App\\Controller...', 'id=15, page=1')
#10 W:\domains\vipal.com.va\vendor\codeigniter4\framework\system\CodeIgniter.php(918): App\Controllers\Frontend\Homepage\Router->index('gioi-thieu')
#11 W:\domains\vipal.com.va\vendor\codeigniter4\framework\system\CodeIgniter.php(404): CodeIgniter\CodeIgniter->runController(Object(App\Controllers\Frontend\Homepage\Router))
#12 W:\domains\vipal.com.va\vendor\codeigniter4\framework\system\CodeIgniter.php(312): CodeIgniter\CodeIgniter->handleRequest(NULL, Object(Config\Cache), false)
#13 W:\domains\vipal.com.va\index.php(48): CodeIgniter\CodeIgniter->run()
#14 {main}
CRITICAL - 2022-03-23 11:38:31 --> json_decode() expects parameter 1 to be string, array given
#0 [internal function]: CodeIgniter\Debug\Exceptions->errorHandler(2, 'json_decode() e...', 'W:\\domains\\vipa...', 115, Array)
#1 W:\domains\vipal.com.va\app\Views\frontend\article\catalogue\type.php(115): json_decode(Array, true)
#2 W:\domains\vipal.com.va\vendor\codeigniter4\framework\system\View\View.php(246): include('W:\\domains\\vipa...')
#3 W:\domains\vipal.com.va\vendor\codeigniter4\framework\system\Common.php(1119): CodeIgniter\View\View->render('frontend/articl...', Array, true)
#4 W:\domains\vipal.com.va\app\Views\frontend\homepage\layout\home.php(71): view('frontend/articl...')
#5 W:\domains\vipal.com.va\vendor\codeigniter4\framework\system\View\View.php(246): include('W:\\domains\\vipa...')
#6 W:\domains\vipal.com.va\vendor\codeigniter4\framework\system\Common.php(1119): CodeIgniter\View\View->render('frontend/homepa...', Array, true)
#7 W:\domains\vipal.com.va\app\Controllers\Frontend\Article\Catalogue.php(161): view('frontend/homepa...', Array)
#8 W:\domains\vipal.com.va\vendor\codeigniter4\framework\system\View\Cell.php(180): App\Controllers\Frontend\Article\Catalogue->index(15, 0)
#9 W:\domains\vipal.com.va\vendor\codeigniter4\framework\system\Common.php(1140): CodeIgniter\View\Cell->render('\\App\\Controller...', 'id=15, page=1', 0, 'AppControllersF...')
#10 W:\domains\vipal.com.va\app\Controllers\Frontend\Homepage\Router.php(59): view_cell('\\App\\Controller...', 'id=15, page=1')
#11 W:\domains\vipal.com.va\vendor\codeigniter4\framework\system\CodeIgniter.php(918): App\Controllers\Frontend\Homepage\Router->index('gioi-thieu')
#12 W:\domains\vipal.com.va\vendor\codeigniter4\framework\system\CodeIgniter.php(404): CodeIgniter\CodeIgniter->runController(Object(App\Controllers\Frontend\Homepage\Router))
#13 W:\domains\vipal.com.va\vendor\codeigniter4\framework\system\CodeIgniter.php(312): CodeIgniter\CodeIgniter->handleRequest(NULL, Object(Config\Cache), false)
#14 W:\domains\vipal.com.va\index.php(48): CodeIgniter\CodeIgniter->run()
#15 {main}
CRITICAL - 2022-03-23 20:46:10 --> syntax error, unexpected ':', expecting ',' or ';'
#0 W:\domains\vipal.com.va\vendor\codeigniter4\framework\system\Common.php(1119): CodeIgniter\View\View->render('frontend/produc...', Array, true)
#1 W:\domains\vipal.com.va\app\Views\frontend\homepage\layout\home.php(71): view('frontend/produc...')
#2 W:\domains\vipal.com.va\vendor\codeigniter4\framework\system\View\View.php(246): include('W:\\domains\\vipa...')
#3 W:\domains\vipal.com.va\vendor\codeigniter4\framework\system\Common.php(1119): CodeIgniter\View\View->render('frontend/homepa...', Array, true)
#4 W:\domains\vipal.com.va\app\Controllers\Frontend\Product\Catalogue.php(216): view('frontend/homepa...', Array)
#5 W:\domains\vipal.com.va\vendor\codeigniter4\framework\system\View\Cell.php(180): App\Controllers\Frontend\Product\Catalogue->index(40, 0)
#6 W:\domains\vipal.com.va\vendor\codeigniter4\framework\system\Common.php(1140): CodeIgniter\View\Cell->render('\\App\\Controller...', 'id=40, page=1', 0, 'AppControllersF...')
#7 W:\domains\vipal.com.va\app\Controllers\Frontend\Homepage\Router.php(59): view_cell('\\App\\Controller...', 'id=40, page=1')
#8 W:\domains\vipal.com.va\vendor\codeigniter4\framework\system\CodeIgniter.php(918): App\Controllers\Frontend\Homepage\Router->index('san-pham')
#9 W:\domains\vipal.com.va\vendor\codeigniter4\framework\system\CodeIgniter.php(404): CodeIgniter\CodeIgniter->runController(Object(App\Controllers\Frontend\Homepage\Router))
#10 W:\domains\vipal.com.va\vendor\codeigniter4\framework\system\CodeIgniter.php(312): CodeIgniter\CodeIgniter->handleRequest(NULL, Object(Config\Cache), false)
#11 W:\domains\vipal.com.va\index.php(48): CodeIgniter\CodeIgniter->run()
#12 {main}
CRITICAL - 2022-03-23 23:13:02 --> Undefined index: title
#0 W:\domains\vipal.com.va\app\Views\frontend\homepage\common\aside.php(127): CodeIgniter\Debug\Exceptions->errorHandler(8, 'Undefined index...', 'W:\\domains\\vipa...', 127, Array)
#1 W:\domains\vipal.com.va\vendor\codeigniter4\framework\system\View\View.php(246): include('W:\\domains\\vipa...')
#2 W:\domains\vipal.com.va\vendor\codeigniter4\framework\system\Common.php(1119): CodeIgniter\View\View->render('frontend/homepa...', Array, true)
#3 W:\domains\vipal.com.va\app\Views\frontend\article\article\index.php(390): view('frontend/homepa...')
#4 W:\domains\vipal.com.va\vendor\codeigniter4\framework\system\View\View.php(246): include('W:\\domains\\vipa...')
#5 W:\domains\vipal.com.va\vendor\codeigniter4\framework\system\Common.php(1119): CodeIgniter\View\View->render('frontend/articl...', Array, true)
#6 W:\domains\vipal.com.va\app\Views\frontend\homepage\layout\home.php(71): view('frontend/articl...')
#7 W:\domains\vipal.com.va\vendor\codeigniter4\framework\system\View\View.php(246): include('W:\\domains\\vipa...')
#8 W:\domains\vipal.com.va\vendor\codeigniter4\framework\system\Common.php(1119): CodeIgniter\View\View->render('frontend/homepa...', Array, true)
#9 W:\domains\vipal.com.va\app\Controllers\Frontend\Article\Article.php(233): view('frontend/homepa...', Array)
#10 W:\domains\vipal.com.va\vendor\codeigniter4\framework\system\View\Cell.php(180): App\Controllers\Frontend\Article\Article->index(32, '1')
#11 W:\domains\vipal.com.va\vendor\codeigniter4\framework\system\Common.php(1140): CodeIgniter\View\Cell->render('\\App\\Controller...', 'id=32, page=1', 0, 'AppControllersF...')
#12 W:\domains\vipal.com.va\app\Controllers\Frontend\Homepage\Router.php(59): view_cell('\\App\\Controller...', 'id=32, page=1')
#13 W:\domains\vipal.com.va\vendor\codeigniter4\framework\system\CodeIgniter.php(918): App\Controllers\Frontend\Homepage\Router->index('grando-but-pha-...')
#14 W:\domains\vipal.com.va\vendor\codeigniter4\framework\system\CodeIgniter.php(404): CodeIgniter\CodeIgniter->runController(Object(App\Controllers\Frontend\Homepage\Router))
#15 W:\domains\vipal.com.va\vendor\codeigniter4\framework\system\CodeIgniter.php(312): CodeIgniter\CodeIgniter->handleRequest(NULL, Object(Config\Cache), false)
#16 W:\domains\vipal.com.va\index.php(48): CodeIgniter\CodeIgniter->run()
#17 {main}
CRITICAL - 2022-03-23 23:20:27 --> Undefined index: content
#0 W:\domains\vipal.com.va\app\Views\frontend\article\article\index.php(42): CodeIgniter\Debug\Exceptions->errorHandler(8, 'Undefined index...', 'W:\\domains\\vipa...', 42, Array)
#1 W:\domains\vipal.com.va\vendor\codeigniter4\framework\system\View\View.php(246): include('W:\\domains\\vipa...')
#2 W:\domains\vipal.com.va\vendor\codeigniter4\framework\system\Common.php(1119): CodeIgniter\View\View->render('frontend/articl...', Array, true)
#3 W:\domains\vipal.com.va\app\Views\frontend\homepage\layout\home.php(71): view('frontend/articl...')
#4 W:\domains\vipal.com.va\vendor\codeigniter4\framework\system\View\View.php(246): include('W:\\domains\\vipa...')
#5 W:\domains\vipal.com.va\vendor\codeigniter4\framework\system\Common.php(1119): CodeIgniter\View\View->render('frontend/homepa...', Array, true)
#6 W:\domains\vipal.com.va\app\Controllers\Frontend\Article\Article.php(233): view('frontend/homepa...', Array)
#7 W:\domains\vipal.com.va\vendor\codeigniter4\framework\system\View\Cell.php(180): App\Controllers\Frontend\Article\Article->index(32, '1')
#8 W:\domains\vipal.com.va\vendor\codeigniter4\framework\system\Common.php(1140): CodeIgniter\View\Cell->render('\\App\\Controller...', 'id=32, page=1', 0, 'AppControllersF...')
#9 W:\domains\vipal.com.va\app\Controllers\Frontend\Homepage\Router.php(59): view_cell('\\App\\Controller...', 'id=32, page=1')
#10 W:\domains\vipal.com.va\vendor\codeigniter4\framework\system\CodeIgniter.php(918): App\Controllers\Frontend\Homepage\Router->index('grando-but-pha-...')
#11 W:\domains\vipal.com.va\vendor\codeigniter4\framework\system\CodeIgniter.php(404): CodeIgniter\CodeIgniter->runController(Object(App\Controllers\Frontend\Homepage\Router))
#12 W:\domains\vipal.com.va\vendor\codeigniter4\framework\system\CodeIgniter.php(312): CodeIgniter\CodeIgniter->handleRequest(NULL, Object(Config\Cache), false)
#13 W:\domains\vipal.com.va\index.php(48): CodeIgniter\CodeIgniter->run()
#14 {main}
CRITICAL - 2022-03-23 23:49:29 --> Undefined index: cat_canonical
#0 W:\domains\vipal.com.va\app\Views\frontend\media\catalogue\index.php(55): CodeIgniter\Debug\Exceptions->errorHandler(8, 'Undefined index...', 'W:\\domains\\vipa...', 55, Array)
#1 W:\domains\vipal.com.va\vendor\codeigniter4\framework\system\View\View.php(246): include('W:\\domains\\vipa...')
#2 W:\domains\vipal.com.va\vendor\codeigniter4\framework\system\Common.php(1119): CodeIgniter\View\View->render('frontend/media/...', Array, true)
#3 W:\domains\vipal.com.va\app\Views\frontend\homepage\layout\home.php(71): view('frontend/media/...')
#4 W:\domains\vipal.com.va\vendor\codeigniter4\framework\system\View\View.php(246): include('W:\\domains\\vipa...')
#5 W:\domains\vipal.com.va\vendor\codeigniter4\framework\system\Common.php(1119): CodeIgniter\View\View->render('frontend/homepa...', Array, true)
#6 W:\domains\vipal.com.va\app\Controllers\Frontend\Media\Catalogue.php(158): view('frontend/homepa...', Array)
#7 W:\domains\vipal.com.va\vendor\codeigniter4\framework\system\View\Cell.php(180): App\Controllers\Frontend\Media\Catalogue->index(5, 0)
#8 W:\domains\vipal.com.va\vendor\codeigniter4\framework\system\Common.php(1140): CodeIgniter\View\Cell->render('\\App\\Controller...', 'id=5, page=1', 0, 'AppControllersF...')
#9 W:\domains\vipal.com.va\app\Controllers\Frontend\Homepage\Router.php(59): view_cell('\\App\\Controller...', 'id=5, page=1')
#10 W:\domains\vipal.com.va\vendor\codeigniter4\framework\system\CodeIgniter.php(918): App\Controllers\Frontend\Homepage\Router->index('toa-nha-cao-tan...')
#11 W:\domains\vipal.com.va\vendor\codeigniter4\framework\system\CodeIgniter.php(404): CodeIgniter\CodeIgniter->runController(Object(App\Controllers\Frontend\Homepage\Router))
#12 W:\domains\vipal.com.va\vendor\codeigniter4\framework\system\CodeIgniter.php(312): CodeIgniter\CodeIgniter->handleRequest(NULL, Object(Config\Cache), false)
#13 W:\domains\vipal.com.va\index.php(48): CodeIgniter\CodeIgniter->run()
#14 {main}
