CRITICAL - 2021-07-31 02:26:04 --> Undefined variable: module
#0 G:\OpenServer\domains\vnpt.com.va\app\Controllers\Backend\Article\Article.php(114): CodeIgniter\Debug\Exceptions->errorHandler(8, 'Undefined varia...', 'G:\\OpenServer\\d...', 114, Array)
#1 G:\OpenServer\domains\vnpt.com.va\vendor\codeigniter4\framework\system\CodeIgniter.php(918): App\Controllers\Backend\Article\Article->create()
#2 G:\OpenServer\domains\vnpt.com.va\vendor\codeigniter4\framework\system\CodeIgniter.php(404): CodeIgniter\CodeIgniter->runController(Object(App\Controllers\Backend\Article\Article))
#3 G:\OpenServer\domains\vnpt.com.va\vendor\codeigniter4\framework\system\CodeIgniter.php(312): CodeIgniter\CodeIgniter->handleRequest(NULL, Object(Config\Cache), false)
#4 G:\OpenServer\domains\vnpt.com.va\index.php(48): CodeIgniter\CodeIgniter->run()
#5 {main}
CRITICAL - 2021-07-31 02:29:33 --> Using $this when not in object context
#0 G:\OpenServer\domains\vnpt.com.va\app\Controllers\Backend\Article\Article.php(118): insert_tags(Array)
#1 G:\OpenServer\domains\vnpt.com.va\vendor\codeigniter4\framework\system\CodeIgniter.php(918): App\Controllers\Backend\Article\Article->create()
#2 G:\OpenServer\domains\vnpt.com.va\vendor\codeigniter4\framework\system\CodeIgniter.php(404): CodeIgniter\CodeIgniter->runController(Object(App\Controllers\Backend\Article\Article))
#3 G:\OpenServer\domains\vnpt.com.va\vendor\codeigniter4\framework\system\CodeIgniter.php(312): CodeIgniter\CodeIgniter->handleRequest(NULL, Object(Config\Cache), false)
#4 G:\OpenServer\domains\vnpt.com.va\index.php(48): CodeIgniter\CodeIgniter->run()
#5 {main}
CRITICAL - 2021-07-31 02:37:26 --> Call to undefined function App\Controllers\Backend\Article\get_tags()
#0 G:\OpenServer\domains\vnpt.com.va\vendor\codeigniter4\framework\system\CodeIgniter.php(918): App\Controllers\Backend\Article\Article->update(6)
#1 G:\OpenServer\domains\vnpt.com.va\vendor\codeigniter4\framework\system\CodeIgniter.php(404): CodeIgniter\CodeIgniter->runController(Object(App\Controllers\Backend\Article\Article))
#2 G:\OpenServer\domains\vnpt.com.va\vendor\codeigniter4\framework\system\CodeIgniter.php(312): CodeIgniter\CodeIgniter->handleRequest(NULL, Object(Config\Cache), false)
#3 G:\OpenServer\domains\vnpt.com.va\index.php(48): CodeIgniter\CodeIgniter->run()
#4 {main}
CRITICAL - 2021-07-31 02:37:53 --> Using $this when not in object context
#0 G:\OpenServer\domains\vnpt.com.va\app\Controllers\Backend\Article\Article.php(188): get_tag(Array)
#1 G:\OpenServer\domains\vnpt.com.va\vendor\codeigniter4\framework\system\CodeIgniter.php(918): App\Controllers\Backend\Article\Article->update(6)
#2 G:\OpenServer\domains\vnpt.com.va\vendor\codeigniter4\framework\system\CodeIgniter.php(404): CodeIgniter\CodeIgniter->runController(Object(App\Controllers\Backend\Article\Article))
#3 G:\OpenServer\domains\vnpt.com.va\vendor\codeigniter4\framework\system\CodeIgniter.php(312): CodeIgniter\CodeIgniter->handleRequest(NULL, Object(Config\Cache), false)
#4 G:\OpenServer\domains\vnpt.com.va\index.php(48): CodeIgniter\CodeIgniter->run()
#5 {main}
CRITICAL - 2021-07-31 02:39:06 --> Using $this when not in object context
#0 G:\OpenServer\domains\vnpt.com.va\app\Controllers\Backend\Article\Article.php(220): insert_tags(Array)
#1 G:\OpenServer\domains\vnpt.com.va\vendor\codeigniter4\framework\system\CodeIgniter.php(918): App\Controllers\Backend\Article\Article->update(6)
#2 G:\OpenServer\domains\vnpt.com.va\vendor\codeigniter4\framework\system\CodeIgniter.php(404): CodeIgniter\CodeIgniter->runController(Object(App\Controllers\Backend\Article\Article))
#3 G:\OpenServer\domains\vnpt.com.va\vendor\codeigniter4\framework\system\CodeIgniter.php(312): CodeIgniter\CodeIgniter->handleRequest(NULL, Object(Config\Cache), false)
#4 G:\OpenServer\domains\vnpt.com.va\index.php(48): CodeIgniter\CodeIgniter->run()
#5 {main}
CRITICAL - 2021-07-31 02:39:34 --> Invalid argument supplied for foreach()
#0 G:\OpenServer\domains\vnpt.com.va\app\Helpers\mydata_helper.php(33): CodeIgniter\Debug\Exceptions->errorHandler(2, 'Invalid argumen...', 'G:\\OpenServer\\d...', 33, Array)
#1 G:\OpenServer\domains\vnpt.com.va\app\Controllers\Backend\Article\Article.php(188): get_tag(Array)
#2 G:\OpenServer\domains\vnpt.com.va\vendor\codeigniter4\framework\system\CodeIgniter.php(918): App\Controllers\Backend\Article\Article->update(6)
#3 G:\OpenServer\domains\vnpt.com.va\vendor\codeigniter4\framework\system\CodeIgniter.php(404): CodeIgniter\CodeIgniter->runController(Object(App\Controllers\Backend\Article\Article))
#4 G:\OpenServer\domains\vnpt.com.va\vendor\codeigniter4\framework\system\CodeIgniter.php(312): CodeIgniter\CodeIgniter->handleRequest(NULL, Object(Config\Cache), false)
#5 G:\OpenServer\domains\vnpt.com.va\index.php(48): CodeIgniter\CodeIgniter->run()
#6 {main}
CRITICAL - 2021-07-31 09:35:02 --> Undefined index: language
#0 G:\OpenServer\domains\vnpt.com.va\app\Views\frontend\homepage\layout\home.php(7): CodeIgniter\Debug\Exceptions->errorHandler(8, 'Undefined index...', 'G:\\OpenServer\\d...', 7, Array)
#1 G:\OpenServer\domains\vnpt.com.va\vendor\codeigniter4\framework\system\View\View.php(246): include('G:\\OpenServer\\d...')
#2 G:\OpenServer\domains\vnpt.com.va\vendor\codeigniter4\framework\system\Common.php(1119): CodeIgniter\View\View->render('frontend/homepa...', Array, true)
#3 G:\OpenServer\domains\vnpt.com.va\app\Controllers\Frontend\Search\Search.php(205): view('frontend/homepa...', Array)
#4 G:\OpenServer\domains\vnpt.com.va\vendor\codeigniter4\framework\system\CodeIgniter.php(918): App\Controllers\Frontend\Search\Search->upgrade()
#5 G:\OpenServer\domains\vnpt.com.va\vendor\codeigniter4\framework\system\CodeIgniter.php(404): CodeIgniter\CodeIgniter->runController(Object(App\Controllers\Frontend\Search\Search))
#6 G:\OpenServer\domains\vnpt.com.va\vendor\codeigniter4\framework\system\CodeIgniter.php(312): CodeIgniter\CodeIgniter->handleRequest(NULL, Object(Config\Cache), false)
#7 G:\OpenServer\domains\vnpt.com.va\index.php(48): CodeIgniter\CodeIgniter->run()
#8 {main}
CRITICAL - 2021-07-31 09:35:31 --> Invalid file: frontend/search/search/upgrade.php
#0 G:\OpenServer\domains\vnpt.com.va\vendor\codeigniter4\framework\system\View\View.php(228): CodeIgniter\Exceptions\FrameworkException::forInvalidFile('frontend/search...')
#1 G:\OpenServer\domains\vnpt.com.va\vendor\codeigniter4\framework\system\Common.php(1119): CodeIgniter\View\View->render('frontend/search...', Array, true)
#2 G:\OpenServer\domains\vnpt.com.va\app\Views\frontend\homepage\layout\home.php(78): view('frontend/search...')
#3 G:\OpenServer\domains\vnpt.com.va\vendor\codeigniter4\framework\system\View\View.php(246): include('G:\\OpenServer\\d...')
#4 G:\OpenServer\domains\vnpt.com.va\vendor\codeigniter4\framework\system\Common.php(1119): CodeIgniter\View\View->render('frontend/homepa...', Array, true)
#5 G:\OpenServer\domains\vnpt.com.va\app\Controllers\Frontend\Search\Search.php(206): view('frontend/homepa...', Array)
#6 G:\OpenServer\domains\vnpt.com.va\vendor\codeigniter4\framework\system\CodeIgniter.php(918): App\Controllers\Frontend\Search\Search->upgrade()
#7 G:\OpenServer\domains\vnpt.com.va\vendor\codeigniter4\framework\system\CodeIgniter.php(404): CodeIgniter\CodeIgniter->runController(Object(App\Controllers\Frontend\Search\Search))
#8 G:\OpenServer\domains\vnpt.com.va\vendor\codeigniter4\framework\system\CodeIgniter.php(312): CodeIgniter\CodeIgniter->handleRequest(NULL, Object(Config\Cache), false)
#9 G:\OpenServer\domains\vnpt.com.va\index.php(48): CodeIgniter\CodeIgniter->run()
#10 {main}
CRITICAL - 2021-07-31 09:52:30 --> Undefined index: language
#0 G:\OpenServer\domains\vnpt.com.va\app\Helpers\mydatafrontend_helper.php(21): CodeIgniter\Debug\Exceptions->errorHandler(8, 'Undefined index...', 'G:\\OpenServer\\d...', 21, Array)
#1 G:\OpenServer\domains\vnpt.com.va\app\Views\frontend\article\article\index.php(150): get_slide(Array)
#2 G:\OpenServer\domains\vnpt.com.va\vendor\codeigniter4\framework\system\View\View.php(246): include('G:\\OpenServer\\d...')
#3 G:\OpenServer\domains\vnpt.com.va\vendor\codeigniter4\framework\system\Common.php(1119): CodeIgniter\View\View->render('frontend/articl...', Array, true)
#4 G:\OpenServer\domains\vnpt.com.va\app\Views\frontend\homepage\layout\home.php(78): view('frontend/articl...')
#5 G:\OpenServer\domains\vnpt.com.va\vendor\codeigniter4\framework\system\View\View.php(246): include('G:\\OpenServer\\d...')
#6 G:\OpenServer\domains\vnpt.com.va\vendor\codeigniter4\framework\system\Common.php(1119): CodeIgniter\View\View->render('frontend/homepa...', Array, true)
#7 G:\OpenServer\domains\vnpt.com.va\app\Controllers\Frontend\Article\Article.php(136): view('frontend/homepa...', Array)
#8 G:\OpenServer\domains\vnpt.com.va\vendor\codeigniter4\framework\system\View\Cell.php(180): App\Controllers\Frontend\Article\Article->index(14, '1')
#9 G:\OpenServer\domains\vnpt.com.va\vendor\codeigniter4\framework\system\Common.php(1140): CodeIgniter\View\Cell->render('\\App\\Controller...', 'id=14, page=1', 0, 'AppControllersF...')
#10 G:\OpenServer\domains\vnpt.com.va\app\Controllers\Frontend\Homepage\Router.php(59): view_cell('\\App\\Controller...', 'id=14, page=1')
#11 G:\OpenServer\domains\vnpt.com.va\vendor\codeigniter4\framework\system\CodeIgniter.php(918): App\Controllers\Frontend\Homepage\Router->index('lien-ket')
#12 G:\OpenServer\domains\vnpt.com.va\vendor\codeigniter4\framework\system\CodeIgniter.php(404): CodeIgniter\CodeIgniter->runController(Object(App\Controllers\Frontend\Homepage\Router))
#13 G:\OpenServer\domains\vnpt.com.va\vendor\codeigniter4\framework\system\CodeIgniter.php(312): CodeIgniter\CodeIgniter->handleRequest(NULL, Object(Config\Cache), false)
#14 G:\OpenServer\domains\vnpt.com.va\index.php(48): CodeIgniter\CodeIgniter->run()
#15 {main}
CRITICAL - 2021-07-31 09:52:37 --> Undefined index: language
#0 G:\OpenServer\domains\vnpt.com.va\app\Helpers\mydatafrontend_helper.php(21): CodeIgniter\Debug\Exceptions->errorHandler(8, 'Undefined index...', 'G:\\OpenServer\\d...', 21, Array)
#1 G:\OpenServer\domains\vnpt.com.va\app\Views\frontend\article\article\index.php(150): get_slide(Array)
#2 G:\OpenServer\domains\vnpt.com.va\vendor\codeigniter4\framework\system\View\View.php(246): include('G:\\OpenServer\\d...')
#3 G:\OpenServer\domains\vnpt.com.va\vendor\codeigniter4\framework\system\Common.php(1119): CodeIgniter\View\View->render('frontend/articl...', Array, true)
#4 G:\OpenServer\domains\vnpt.com.va\app\Views\frontend\homepage\layout\home.php(78): view('frontend/articl...')
#5 G:\OpenServer\domains\vnpt.com.va\vendor\codeigniter4\framework\system\View\View.php(246): include('G:\\OpenServer\\d...')
#6 G:\OpenServer\domains\vnpt.com.va\vendor\codeigniter4\framework\system\Common.php(1119): CodeIgniter\View\View->render('frontend/homepa...', Array, true)
#7 G:\OpenServer\domains\vnpt.com.va\app\Controllers\Frontend\Article\Article.php(136): view('frontend/homepa...', Array)
#8 G:\OpenServer\domains\vnpt.com.va\vendor\codeigniter4\framework\system\View\Cell.php(180): App\Controllers\Frontend\Article\Article->index(12, '1')
#9 G:\OpenServer\domains\vnpt.com.va\vendor\codeigniter4\framework\system\Common.php(1140): CodeIgniter\View\Cell->render('\\App\\Controller...', 'id=12, page=1', 0, 'AppControllersF...')
#10 G:\OpenServer\domains\vnpt.com.va\app\Controllers\Frontend\Homepage\Router.php(59): view_cell('\\App\\Controller...', 'id=12, page=1')
#11 G:\OpenServer\domains\vnpt.com.va\vendor\codeigniter4\framework\system\CodeIgniter.php(918): App\Controllers\Frontend\Homepage\Router->index('wiki-technology')
#12 G:\OpenServer\domains\vnpt.com.va\vendor\codeigniter4\framework\system\CodeIgniter.php(404): CodeIgniter\CodeIgniter->runController(Object(App\Controllers\Frontend\Homepage\Router))
#13 G:\OpenServer\domains\vnpt.com.va\vendor\codeigniter4\framework\system\CodeIgniter.php(312): CodeIgniter\CodeIgniter->handleRequest(NULL, Object(Config\Cache), false)
#14 G:\OpenServer\domains\vnpt.com.va\index.php(48): CodeIgniter\CodeIgniter->run()
#15 {main}
CRITICAL - 2021-07-31 09:54:07 --> Undefined index: language
#0 G:\OpenServer\domains\vnpt.com.va\app\Helpers\mydatafrontend_helper.php(21): CodeIgniter\Debug\Exceptions->errorHandler(8, 'Undefined index...', 'G:\\OpenServer\\d...', 21, Array)
#1 G:\OpenServer\domains\vnpt.com.va\app\Views\frontend\article\article\index.php(150): get_slide(Array)
#2 G:\OpenServer\domains\vnpt.com.va\vendor\codeigniter4\framework\system\View\View.php(246): include('G:\\OpenServer\\d...')
#3 G:\OpenServer\domains\vnpt.com.va\vendor\codeigniter4\framework\system\Common.php(1119): CodeIgniter\View\View->render('frontend/articl...', Array, true)
#4 G:\OpenServer\domains\vnpt.com.va\app\Views\frontend\homepage\layout\home.php(78): view('frontend/articl...')
#5 G:\OpenServer\domains\vnpt.com.va\vendor\codeigniter4\framework\system\View\View.php(246): include('G:\\OpenServer\\d...')
#6 G:\OpenServer\domains\vnpt.com.va\vendor\codeigniter4\framework\system\Common.php(1119): CodeIgniter\View\View->render('frontend/homepa...', Array, true)
#7 G:\OpenServer\domains\vnpt.com.va\app\Controllers\Frontend\Article\Article.php(136): view('frontend/homepa...', Array)
#8 G:\OpenServer\domains\vnpt.com.va\vendor\codeigniter4\framework\system\View\Cell.php(180): App\Controllers\Frontend\Article\Article->index(5, '1')
#9 G:\OpenServer\domains\vnpt.com.va\vendor\codeigniter4\framework\system\Common.php(1140): CodeIgniter\View\Cell->render('\\App\\Controller...', 'id=5, page=1', 0, 'AppControllersF...')
#10 G:\OpenServer\domains\vnpt.com.va\app\Controllers\Frontend\Homepage\Router.php(59): view_cell('\\App\\Controller...', 'id=5, page=1')
#11 G:\OpenServer\domains\vnpt.com.va\vendor\codeigniter4\framework\system\CodeIgniter.php(918): App\Controllers\Frontend\Homepage\Router->index('vnpt-trien-khai...')
#12 G:\OpenServer\domains\vnpt.com.va\vendor\codeigniter4\framework\system\CodeIgniter.php(404): CodeIgniter\CodeIgniter->runController(Object(App\Controllers\Frontend\Homepage\Router))
#13 G:\OpenServer\domains\vnpt.com.va\vendor\codeigniter4\framework\system\CodeIgniter.php(312): CodeIgniter\CodeIgniter->handleRequest(NULL, Object(Config\Cache), false)
#14 G:\OpenServer\domains\vnpt.com.va\index.php(48): CodeIgniter\CodeIgniter->run()
#15 {main}
CRITICAL - 2021-07-31 10:45:52 --> Undefined variable: dangvien_catalogue
#0 G:\OpenServer\domains\vnpt.com.va\app\Views\backend\member\info\delete.php(3): CodeIgniter\Debug\Exceptions->errorHandler(8, 'Undefined varia...', 'G:\\OpenServer\\d...', 3, Array)
#1 G:\OpenServer\domains\vnpt.com.va\vendor\codeigniter4\framework\system\View\View.php(246): include('G:\\OpenServer\\d...')
#2 G:\OpenServer\domains\vnpt.com.va\vendor\codeigniter4\framework\system\Common.php(1119): CodeIgniter\View\View->render('backend/member/...', Array, true)
#3 G:\OpenServer\domains\vnpt.com.va\app\Views\backend\dashboard\layout\home.php(44): view('backend/member/...')
#4 G:\OpenServer\domains\vnpt.com.va\vendor\codeigniter4\framework\system\View\View.php(246): include('G:\\OpenServer\\d...')
#5 G:\OpenServer\domains\vnpt.com.va\vendor\codeigniter4\framework\system\Common.php(1119): CodeIgniter\View\View->render('backend/dashboa...', Array, true)
#6 G:\OpenServer\domains\vnpt.com.va\app\Controllers\Backend\Member\Info.php(180): view('backend/dashboa...', Array)
#7 G:\OpenServer\domains\vnpt.com.va\vendor\codeigniter4\framework\system\CodeIgniter.php(918): App\Controllers\Backend\Member\Info->delete(1)
#8 G:\OpenServer\domains\vnpt.com.va\vendor\codeigniter4\framework\system\CodeIgniter.php(404): CodeIgniter\CodeIgniter->runController(Object(App\Controllers\Backend\Member\Info))
#9 G:\OpenServer\domains\vnpt.com.va\vendor\codeigniter4\framework\system\CodeIgniter.php(312): CodeIgniter\CodeIgniter->handleRequest(NULL, Object(Config\Cache), false)
#10 G:\OpenServer\domains\vnpt.com.va\index.php(48): CodeIgniter\CodeIgniter->run()
#11 {main}
CRITICAL - 2021-07-31 11:24:04 --> Unknown column 'module' in 'where clause'
#0 G:\OpenServer\domains\vnpt.com.va\vendor\codeigniter4\framework\system\Database\MySQLi\Connection.php(331): mysqli->query('DELETE FROM `me...')
#1 G:\OpenServer\domains\vnpt.com.va\vendor\codeigniter4\framework\system\Database\BaseConnection.php(741): CodeIgniter\Database\MySQLi\Connection->execute('DELETE FROM `me...')
#2 G:\OpenServer\domains\vnpt.com.va\vendor\codeigniter4\framework\system\Database\BaseConnection.php(669): CodeIgniter\Database\BaseConnection->simpleQuery('DELETE FROM `me...')
#3 G:\OpenServer\domains\vnpt.com.va\vendor\codeigniter4\framework\system\Database\BaseBuilder.php(2853): CodeIgniter\Database\BaseConnection->query('DELETE FROM `me...', Array, false)
#4 G:\OpenServer\domains\vnpt.com.va\app\Models\AutoloadModel.php(118): CodeIgniter\Database\BaseBuilder->delete()
#5 G:\OpenServer\domains\vnpt.com.va\app\Controllers\Backend\Member\Member.php(208): App\Models\AutoloadModel->_delete(Array)
#6 G:\OpenServer\domains\vnpt.com.va\app\Controllers\Backend\Member\Member.php(124): App\Controllers\Backend\Member\Member->create_relationship(1)
#7 G:\OpenServer\domains\vnpt.com.va\vendor\codeigniter4\framework\system\CodeIgniter.php(918): App\Controllers\Backend\Member\Member->update(1)
#8 G:\OpenServer\domains\vnpt.com.va\vendor\codeigniter4\framework\system\CodeIgniter.php(404): CodeIgniter\CodeIgniter->runController(Object(App\Controllers\Backend\Member\Member))
#9 G:\OpenServer\domains\vnpt.com.va\vendor\codeigniter4\framework\system\CodeIgniter.php(312): CodeIgniter\CodeIgniter->handleRequest(NULL, Object(Config\Cache), false)
#10 G:\OpenServer\domains\vnpt.com.va\index.php(48): CodeIgniter\CodeIgniter->run()
#11 {main}
CRITICAL - 2021-07-31 11:39:45 --> Class 'AutoloadModel' not found
#0 G:\OpenServer\domains\vnpt.com.va\vendor\codeigniter4\framework\system\View\View.php(246): include()
#1 G:\OpenServer\domains\vnpt.com.va\vendor\codeigniter4\framework\system\Common.php(1119): CodeIgniter\View\View->render('frontend/search...', Array, true)
#2 G:\OpenServer\domains\vnpt.com.va\app\Views\frontend\homepage\layout\home.php(78): view('frontend/search...')
#3 G:\OpenServer\domains\vnpt.com.va\vendor\codeigniter4\framework\system\View\View.php(246): include('G:\\OpenServer\\d...')
#4 G:\OpenServer\domains\vnpt.com.va\vendor\codeigniter4\framework\system\Common.php(1119): CodeIgniter\View\View->render('frontend/homepa...', Array, true)
#5 G:\OpenServer\domains\vnpt.com.va\app\Controllers\Frontend\Search\Search.php(206): view('frontend/homepa...', Array)
#6 G:\OpenServer\domains\vnpt.com.va\vendor\codeigniter4\framework\system\CodeIgniter.php(918): App\Controllers\Frontend\Search\Search->upgrade()
#7 G:\OpenServer\domains\vnpt.com.va\vendor\codeigniter4\framework\system\CodeIgniter.php(404): CodeIgniter\CodeIgniter->runController(Object(App\Controllers\Frontend\Search\Search))
#8 G:\OpenServer\domains\vnpt.com.va\vendor\codeigniter4\framework\system\CodeIgniter.php(312): CodeIgniter\CodeIgniter->handleRequest(NULL, Object(Config\Cache), false)
#9 G:\OpenServer\domains\vnpt.com.va\index.php(48): CodeIgniter\CodeIgniter->run()
#10 {main}
CRITICAL - 2021-07-31 11:50:54 --> Undefined index: language
#0 G:\OpenServer\domains\vnpt.com.va\app\Views\frontend\homepage\layout\home.php(7): CodeIgniter\Debug\Exceptions->errorHandler(8, 'Undefined index...', 'G:\\OpenServer\\d...', 7, Array)
#1 G:\OpenServer\domains\vnpt.com.va\vendor\codeigniter4\framework\system\View\View.php(246): include('G:\\OpenServer\\d...')
#2 G:\OpenServer\domains\vnpt.com.va\vendor\codeigniter4\framework\system\Common.php(1119): CodeIgniter\View\View->render('frontend/homepa...', Array, true)
#3 G:\OpenServer\domains\vnpt.com.va\app\Controllers\Frontend\Product\ListProduct.php(124): view('frontend/homepa...', Array)
#4 G:\OpenServer\domains\vnpt.com.va\vendor\codeigniter4\framework\system\View\Cell.php(180): App\Controllers\Frontend\Product\ListProduct->index(0)
#5 G:\OpenServer\domains\vnpt.com.va\vendor\codeigniter4\framework\system\Common.php(1140): CodeIgniter\View\Cell->render('\\App\\Controller...', 'page=0', 0, 'AppControllersF...')
#6 G:\OpenServer\domains\vnpt.com.va\app\Controllers\Frontend\Homepage\Router.php(16): view_cell('\\App\\Controller...', 'page=0')
#7 G:\OpenServer\domains\vnpt.com.va\vendor\codeigniter4\framework\system\CodeIgniter.php(918): App\Controllers\Frontend\Homepage\Router->list(0)
#8 G:\OpenServer\domains\vnpt.com.va\vendor\codeigniter4\framework\system\CodeIgniter.php(404): CodeIgniter\CodeIgniter->runController(Object(App\Controllers\Frontend\Homepage\Router))
#9 G:\OpenServer\domains\vnpt.com.va\vendor\codeigniter4\framework\system\CodeIgniter.php(312): CodeIgniter\CodeIgniter->handleRequest(NULL, Object(Config\Cache), false)
#10 G:\OpenServer\domains\vnpt.com.va\index.php(48): CodeIgniter\CodeIgniter->run()
#11 {main}
CRITICAL - 2021-07-31 11:51:22 --> Undefined index: language
#0 G:\OpenServer\domains\vnpt.com.va\app\Views\frontend\homepage\layout\home.php(7): CodeIgniter\Debug\Exceptions->errorHandler(8, 'Undefined index...', 'G:\\OpenServer\\d...', 7, Array)
#1 G:\OpenServer\domains\vnpt.com.va\vendor\codeigniter4\framework\system\View\View.php(246): include('G:\\OpenServer\\d...')
#2 G:\OpenServer\domains\vnpt.com.va\vendor\codeigniter4\framework\system\Common.php(1119): CodeIgniter\View\View->render('frontend/homepa...', Array, true)
#3 G:\OpenServer\domains\vnpt.com.va\app\Controllers\Frontend\Product\ListProduct.php(124): view('frontend/homepa...', Array)
#4 G:\OpenServer\domains\vnpt.com.va\vendor\codeigniter4\framework\system\View\Cell.php(180): App\Controllers\Frontend\Product\ListProduct->index(0)
#5 G:\OpenServer\domains\vnpt.com.va\vendor\codeigniter4\framework\system\Common.php(1140): CodeIgniter\View\Cell->render('\\App\\Controller...', 'page=0', 0, 'AppControllersF...')
#6 G:\OpenServer\domains\vnpt.com.va\app\Controllers\Frontend\Homepage\Router.php(16): view_cell('\\App\\Controller...', 'page=0')
#7 G:\OpenServer\domains\vnpt.com.va\vendor\codeigniter4\framework\system\CodeIgniter.php(918): App\Controllers\Frontend\Homepage\Router->list(0)
#8 G:\OpenServer\domains\vnpt.com.va\vendor\codeigniter4\framework\system\CodeIgniter.php(404): CodeIgniter\CodeIgniter->runController(Object(App\Controllers\Frontend\Homepage\Router))
#9 G:\OpenServer\domains\vnpt.com.va\vendor\codeigniter4\framework\system\CodeIgniter.php(312): CodeIgniter\CodeIgniter->handleRequest(NULL, Object(Config\Cache), false)
#10 G:\OpenServer\domains\vnpt.com.va\index.php(48): CodeIgniter\CodeIgniter->run()
#11 {main}
CRITICAL - 2021-07-31 11:51:36 --> Undefined index: language
#0 G:\OpenServer\domains\vnpt.com.va\app\Helpers\mydatafrontend_helper.php(21): CodeIgniter\Debug\Exceptions->errorHandler(8, 'Undefined index...', 'G:\\OpenServer\\d...', 21, Array)
#1 G:\OpenServer\domains\vnpt.com.va\app\Views\frontend\article\catalogue\index.php(53): get_slide(Array)
#2 G:\OpenServer\domains\vnpt.com.va\vendor\codeigniter4\framework\system\View\View.php(246): include('G:\\OpenServer\\d...')
#3 G:\OpenServer\domains\vnpt.com.va\vendor\codeigniter4\framework\system\Common.php(1119): CodeIgniter\View\View->render('frontend/articl...', Array, true)
#4 G:\OpenServer\domains\vnpt.com.va\app\Views\frontend\homepage\layout\home.php(78): view('frontend/articl...')
#5 G:\OpenServer\domains\vnpt.com.va\vendor\codeigniter4\framework\system\View\View.php(246): include('G:\\OpenServer\\d...')
#6 G:\OpenServer\domains\vnpt.com.va\vendor\codeigniter4\framework\system\Common.php(1119): CodeIgniter\View\View->render('frontend/homepa...', Array, true)
#7 G:\OpenServer\domains\vnpt.com.va\app\Controllers\Frontend\Search\Search.php(109): view('frontend/homepa...', Array)
#8 G:\OpenServer\domains\vnpt.com.va\vendor\codeigniter4\framework\system\View\Cell.php(180): App\Controllers\Frontend\Search\Search->index(0)
#9 G:\OpenServer\domains\vnpt.com.va\vendor\codeigniter4\framework\system\Common.php(1140): CodeIgniter\View\Cell->render('\\App\\Controller...', 'page=0', 0, 'AppControllersF...')
#10 G:\OpenServer\domains\vnpt.com.va\app\Controllers\Frontend\Homepage\Router.php(41): view_cell('\\App\\Controller...', 'page=0')
#11 G:\OpenServer\domains\vnpt.com.va\vendor\codeigniter4\framework\system\CodeIgniter.php(918): App\Controllers\Frontend\Homepage\Router->search(0)
#12 G:\OpenServer\domains\vnpt.com.va\vendor\codeigniter4\framework\system\CodeIgniter.php(404): CodeIgniter\CodeIgniter->runController(Object(App\Controllers\Frontend\Homepage\Router))
#13 G:\OpenServer\domains\vnpt.com.va\vendor\codeigniter4\framework\system\CodeIgniter.php(312): CodeIgniter\CodeIgniter->handleRequest(NULL, Object(Config\Cache), false)
#14 G:\OpenServer\domains\vnpt.com.va\index.php(48): CodeIgniter\CodeIgniter->run()
#15 {main}
CRITICAL - 2021-07-31 11:51:59 --> Undefined index: language
#0 G:\OpenServer\domains\vnpt.com.va\app\Helpers\mydatafrontend_helper.php(21): CodeIgniter\Debug\Exceptions->errorHandler(8, 'Undefined index...', 'G:\\OpenServer\\d...', 21, Array)
#1 G:\OpenServer\domains\vnpt.com.va\app\Views\frontend\article\catalogue\index.php(53): get_slide(Array)
#2 G:\OpenServer\domains\vnpt.com.va\vendor\codeigniter4\framework\system\View\View.php(246): include('G:\\OpenServer\\d...')
#3 G:\OpenServer\domains\vnpt.com.va\vendor\codeigniter4\framework\system\Common.php(1119): CodeIgniter\View\View->render('frontend/articl...', Array, true)
#4 G:\OpenServer\domains\vnpt.com.va\app\Views\frontend\homepage\layout\home.php(78): view('frontend/articl...')
#5 G:\OpenServer\domains\vnpt.com.va\vendor\codeigniter4\framework\system\View\View.php(246): include('G:\\OpenServer\\d...')
#6 G:\OpenServer\domains\vnpt.com.va\vendor\codeigniter4\framework\system\Common.php(1119): CodeIgniter\View\View->render('frontend/homepa...', Array, true)
#7 G:\OpenServer\domains\vnpt.com.va\app\Controllers\Frontend\Search\Search.php(109): view('frontend/homepa...', Array)
#8 G:\OpenServer\domains\vnpt.com.va\vendor\codeigniter4\framework\system\View\Cell.php(180): App\Controllers\Frontend\Search\Search->index(0)
#9 G:\OpenServer\domains\vnpt.com.va\vendor\codeigniter4\framework\system\Common.php(1140): CodeIgniter\View\Cell->render('\\App\\Controller...', 'page=0', 0, 'AppControllersF...')
#10 G:\OpenServer\domains\vnpt.com.va\app\Controllers\Frontend\Homepage\Router.php(41): view_cell('\\App\\Controller...', 'page=0')
#11 G:\OpenServer\domains\vnpt.com.va\vendor\codeigniter4\framework\system\CodeIgniter.php(918): App\Controllers\Frontend\Homepage\Router->search(0)
#12 G:\OpenServer\domains\vnpt.com.va\vendor\codeigniter4\framework\system\CodeIgniter.php(404): CodeIgniter\CodeIgniter->runController(Object(App\Controllers\Frontend\Homepage\Router))
#13 G:\OpenServer\domains\vnpt.com.va\vendor\codeigniter4\framework\system\CodeIgniter.php(312): CodeIgniter\CodeIgniter->handleRequest(NULL, Object(Config\Cache), false)
#14 G:\OpenServer\domains\vnpt.com.va\index.php(48): CodeIgniter\CodeIgniter->run()
#15 {main}
CRITICAL - 2021-07-31 11:52:33 --> Undefined index: language
#0 G:\OpenServer\domains\vnpt.com.va\app\Helpers\mydatafrontend_helper.php(21): CodeIgniter\Debug\Exceptions->errorHandler(8, 'Undefined index...', 'G:\\OpenServer\\d...', 21, Array)
#1 G:\OpenServer\domains\vnpt.com.va\app\Views\frontend\article\catalogue\index.php(53): get_slide(Array)
#2 G:\OpenServer\domains\vnpt.com.va\vendor\codeigniter4\framework\system\View\View.php(246): include('G:\\OpenServer\\d...')
#3 G:\OpenServer\domains\vnpt.com.va\vendor\codeigniter4\framework\system\Common.php(1119): CodeIgniter\View\View->render('frontend/articl...', Array, true)
#4 G:\OpenServer\domains\vnpt.com.va\app\Views\frontend\homepage\layout\home.php(78): view('frontend/articl...')
#5 G:\OpenServer\domains\vnpt.com.va\vendor\codeigniter4\framework\system\View\View.php(246): include('G:\\OpenServer\\d...')
#6 G:\OpenServer\domains\vnpt.com.va\vendor\codeigniter4\framework\system\Common.php(1119): CodeIgniter\View\View->render('frontend/homepa...', Array, true)
#7 G:\OpenServer\domains\vnpt.com.va\app\Controllers\Frontend\Search\Search.php(109): view('frontend/homepa...', Array)
#8 G:\OpenServer\domains\vnpt.com.va\vendor\codeigniter4\framework\system\View\Cell.php(180): App\Controllers\Frontend\Search\Search->index(0)
#9 G:\OpenServer\domains\vnpt.com.va\vendor\codeigniter4\framework\system\Common.php(1140): CodeIgniter\View\Cell->render('\\App\\Controller...', 'page=0', 0, 'AppControllersF...')
#10 G:\OpenServer\domains\vnpt.com.va\app\Controllers\Frontend\Homepage\Router.php(41): view_cell('\\App\\Controller...', 'page=0')
#11 G:\OpenServer\domains\vnpt.com.va\vendor\codeigniter4\framework\system\CodeIgniter.php(918): App\Controllers\Frontend\Homepage\Router->search(0)
#12 G:\OpenServer\domains\vnpt.com.va\vendor\codeigniter4\framework\system\CodeIgniter.php(404): CodeIgniter\CodeIgniter->runController(Object(App\Controllers\Frontend\Homepage\Router))
#13 G:\OpenServer\domains\vnpt.com.va\vendor\codeigniter4\framework\system\CodeIgniter.php(312): CodeIgniter\CodeIgniter->handleRequest(NULL, Object(Config\Cache), false)
#14 G:\OpenServer\domains\vnpt.com.va\index.php(48): CodeIgniter\CodeIgniter->run()
#15 {main}
CRITICAL - 2021-07-31 11:52:49 --> Undefined index: language
#0 G:\OpenServer\domains\vnpt.com.va\app\Helpers\mydatafrontend_helper.php(21): CodeIgniter\Debug\Exceptions->errorHandler(8, 'Undefined index...', 'G:\\OpenServer\\d...', 21, Array)
#1 G:\OpenServer\domains\vnpt.com.va\app\Views\frontend\article\catalogue\index.php(53): get_slide(Array)
#2 G:\OpenServer\domains\vnpt.com.va\vendor\codeigniter4\framework\system\View\View.php(246): include('G:\\OpenServer\\d...')
#3 G:\OpenServer\domains\vnpt.com.va\vendor\codeigniter4\framework\system\Common.php(1119): CodeIgniter\View\View->render('frontend/articl...', Array, true)
#4 G:\OpenServer\domains\vnpt.com.va\app\Views\frontend\homepage\layout\home.php(72): view('frontend/articl...')
#5 G:\OpenServer\domains\vnpt.com.va\vendor\codeigniter4\framework\system\View\View.php(246): include('G:\\OpenServer\\d...')
#6 G:\OpenServer\domains\vnpt.com.va\vendor\codeigniter4\framework\system\Common.php(1119): CodeIgniter\View\View->render('frontend/homepa...', Array, true)
#7 G:\OpenServer\domains\vnpt.com.va\app\Controllers\Frontend\Search\Search.php(109): view('frontend/homepa...', Array)
#8 G:\OpenServer\domains\vnpt.com.va\vendor\codeigniter4\framework\system\View\Cell.php(180): App\Controllers\Frontend\Search\Search->index(0)
#9 G:\OpenServer\domains\vnpt.com.va\vendor\codeigniter4\framework\system\Common.php(1140): CodeIgniter\View\Cell->render('\\App\\Controller...', 'page=0', 0, 'AppControllersF...')
#10 G:\OpenServer\domains\vnpt.com.va\app\Controllers\Frontend\Homepage\Router.php(41): view_cell('\\App\\Controller...', 'page=0')
#11 G:\OpenServer\domains\vnpt.com.va\vendor\codeigniter4\framework\system\CodeIgniter.php(918): App\Controllers\Frontend\Homepage\Router->search(0)
#12 G:\OpenServer\domains\vnpt.com.va\vendor\codeigniter4\framework\system\CodeIgniter.php(404): CodeIgniter\CodeIgniter->runController(Object(App\Controllers\Frontend\Homepage\Router))
#13 G:\OpenServer\domains\vnpt.com.va\vendor\codeigniter4\framework\system\CodeIgniter.php(312): CodeIgniter\CodeIgniter->handleRequest(NULL, Object(Config\Cache), false)
#14 G:\OpenServer\domains\vnpt.com.va\index.php(48): CodeIgniter\CodeIgniter->run()
#15 {main}
CRITICAL - 2021-07-31 11:52:57 --> Undefined index: language
#0 G:\OpenServer\domains\vnpt.com.va\app\Helpers\mydatafrontend_helper.php(21): CodeIgniter\Debug\Exceptions->errorHandler(8, 'Undefined index...', 'G:\\OpenServer\\d...', 21, Array)
#1 G:\OpenServer\domains\vnpt.com.va\app\Views\frontend\article\catalogue\index.php(53): get_slide(Array)
#2 G:\OpenServer\domains\vnpt.com.va\vendor\codeigniter4\framework\system\View\View.php(246): include('G:\\OpenServer\\d...')
#3 G:\OpenServer\domains\vnpt.com.va\vendor\codeigniter4\framework\system\Common.php(1119): CodeIgniter\View\View->render('frontend/articl...', Array, true)
#4 G:\OpenServer\domains\vnpt.com.va\app\Views\frontend\homepage\layout\home.php(78): view('frontend/articl...')
#5 G:\OpenServer\domains\vnpt.com.va\vendor\codeigniter4\framework\system\View\View.php(246): include('G:\\OpenServer\\d...')
#6 G:\OpenServer\domains\vnpt.com.va\vendor\codeigniter4\framework\system\Common.php(1119): CodeIgniter\View\View->render('frontend/homepa...', Array, true)
#7 G:\OpenServer\domains\vnpt.com.va\app\Controllers\Frontend\Search\Search.php(109): view('frontend/homepa...', Array)
#8 G:\OpenServer\domains\vnpt.com.va\vendor\codeigniter4\framework\system\View\Cell.php(180): App\Controllers\Frontend\Search\Search->index(0)
#9 G:\OpenServer\domains\vnpt.com.va\vendor\codeigniter4\framework\system\Common.php(1140): CodeIgniter\View\Cell->render('\\App\\Controller...', 'page=0', 0, 'AppControllersF...')
#10 G:\OpenServer\domains\vnpt.com.va\app\Controllers\Frontend\Homepage\Router.php(41): view_cell('\\App\\Controller...', 'page=0')
#11 G:\OpenServer\domains\vnpt.com.va\vendor\codeigniter4\framework\system\CodeIgniter.php(918): App\Controllers\Frontend\Homepage\Router->search(0)
#12 G:\OpenServer\domains\vnpt.com.va\vendor\codeigniter4\framework\system\CodeIgniter.php(404): CodeIgniter\CodeIgniter->runController(Object(App\Controllers\Frontend\Homepage\Router))
#13 G:\OpenServer\domains\vnpt.com.va\vendor\codeigniter4\framework\system\CodeIgniter.php(312): CodeIgniter\CodeIgniter->handleRequest(NULL, Object(Config\Cache), false)
#14 G:\OpenServer\domains\vnpt.com.va\index.php(48): CodeIgniter\CodeIgniter->run()
#15 {main}
CRITICAL - 2021-07-31 11:53:16 --> Undefined index: language
#0 G:\OpenServer\domains\vnpt.com.va\app\Helpers\mydatafrontend_helper.php(21): CodeIgniter\Debug\Exceptions->errorHandler(8, 'Undefined index...', 'G:\\OpenServer\\d...', 21, Array)
#1 G:\OpenServer\domains\vnpt.com.va\app\Views\frontend\article\catalogue\index.php(53): get_slide(Array)
#2 G:\OpenServer\domains\vnpt.com.va\vendor\codeigniter4\framework\system\View\View.php(246): include('G:\\OpenServer\\d...')
#3 G:\OpenServer\domains\vnpt.com.va\vendor\codeigniter4\framework\system\Common.php(1119): CodeIgniter\View\View->render('frontend/articl...', Array, true)
#4 G:\OpenServer\domains\vnpt.com.va\app\Views\frontend\homepage\layout\home.php(78): view('frontend/articl...')
#5 G:\OpenServer\domains\vnpt.com.va\vendor\codeigniter4\framework\system\View\View.php(246): include('G:\\OpenServer\\d...')
#6 G:\OpenServer\domains\vnpt.com.va\vendor\codeigniter4\framework\system\Common.php(1119): CodeIgniter\View\View->render('frontend/homepa...', Array, true)
#7 G:\OpenServer\domains\vnpt.com.va\app\Controllers\Frontend\Search\Search.php(109): view('frontend/homepa...', Array)
#8 G:\OpenServer\domains\vnpt.com.va\vendor\codeigniter4\framework\system\View\Cell.php(180): App\Controllers\Frontend\Search\Search->index(0)
#9 G:\OpenServer\domains\vnpt.com.va\vendor\codeigniter4\framework\system\Common.php(1140): CodeIgniter\View\Cell->render('\\App\\Controller...', 'page=0', 0, 'AppControllersF...')
#10 G:\OpenServer\domains\vnpt.com.va\app\Controllers\Frontend\Homepage\Router.php(41): view_cell('\\App\\Controller...', 'page=0')
#11 G:\OpenServer\domains\vnpt.com.va\vendor\codeigniter4\framework\system\CodeIgniter.php(918): App\Controllers\Frontend\Homepage\Router->search(0)
#12 G:\OpenServer\domains\vnpt.com.va\vendor\codeigniter4\framework\system\CodeIgniter.php(404): CodeIgniter\CodeIgniter->runController(Object(App\Controllers\Frontend\Homepage\Router))
#13 G:\OpenServer\domains\vnpt.com.va\vendor\codeigniter4\framework\system\CodeIgniter.php(312): CodeIgniter\CodeIgniter->handleRequest(NULL, Object(Config\Cache), false)
#14 G:\OpenServer\domains\vnpt.com.va\index.php(48): CodeIgniter\CodeIgniter->run()
#15 {main}
CRITICAL - 2021-07-31 11:53:38 --> Undefined index: language
#0 G:\OpenServer\domains\vnpt.com.va\app\Helpers\mydatafrontend_helper.php(21): CodeIgniter\Debug\Exceptions->errorHandler(8, 'Undefined index...', 'G:\\OpenServer\\d...', 21, Array)
#1 G:\OpenServer\domains\vnpt.com.va\app\Views\frontend\article\catalogue\index.php(53): get_slide(Array)
#2 G:\OpenServer\domains\vnpt.com.va\vendor\codeigniter4\framework\system\View\View.php(246): include('G:\\OpenServer\\d...')
#3 G:\OpenServer\domains\vnpt.com.va\vendor\codeigniter4\framework\system\Common.php(1119): CodeIgniter\View\View->render('frontend/articl...', Array, true)
#4 G:\OpenServer\domains\vnpt.com.va\app\Views\frontend\homepage\layout\home.php(78): view('frontend/articl...')
#5 G:\OpenServer\domains\vnpt.com.va\vendor\codeigniter4\framework\system\View\View.php(246): include('G:\\OpenServer\\d...')
#6 G:\OpenServer\domains\vnpt.com.va\vendor\codeigniter4\framework\system\Common.php(1119): CodeIgniter\View\View->render('frontend/homepa...', Array, true)
#7 G:\OpenServer\domains\vnpt.com.va\app\Controllers\Frontend\Search\Search.php(37): view('frontend/homepa...', Array)
#8 G:\OpenServer\domains\vnpt.com.va\vendor\codeigniter4\framework\system\View\Cell.php(180): App\Controllers\Frontend\Search\Search->index('0')
#9 G:\OpenServer\domains\vnpt.com.va\vendor\codeigniter4\framework\system\Common.php(1140): CodeIgniter\View\Cell->render('\\App\\Controller...', 'page=0', 0, 'AppControllersF...')
#10 G:\OpenServer\domains\vnpt.com.va\app\Controllers\Frontend\Homepage\Router.php(41): view_cell('\\App\\Controller...', 'page=0')
#11 G:\OpenServer\domains\vnpt.com.va\vendor\codeigniter4\framework\system\CodeIgniter.php(918): App\Controllers\Frontend\Homepage\Router->search(0)
#12 G:\OpenServer\domains\vnpt.com.va\vendor\codeigniter4\framework\system\CodeIgniter.php(404): CodeIgniter\CodeIgniter->runController(Object(App\Controllers\Frontend\Homepage\Router))
#13 G:\OpenServer\domains\vnpt.com.va\vendor\codeigniter4\framework\system\CodeIgniter.php(312): CodeIgniter\CodeIgniter->handleRequest(NULL, Object(Config\Cache), false)
#14 G:\OpenServer\domains\vnpt.com.va\index.php(48): CodeIgniter\CodeIgniter->run()
#15 {main}
CRITICAL - 2021-07-31 11:53:51 --> Undefined index: language
#0 G:\OpenServer\domains\vnpt.com.va\app\Helpers\mydatafrontend_helper.php(21): CodeIgniter\Debug\Exceptions->errorHandler(8, 'Undefined index...', 'G:\\OpenServer\\d...', 21, Array)
#1 G:\OpenServer\domains\vnpt.com.va\app\Views\frontend\article\catalogue\index.php(53): get_slide(Array)
#2 G:\OpenServer\domains\vnpt.com.va\vendor\codeigniter4\framework\system\View\View.php(246): include('G:\\OpenServer\\d...')
#3 G:\OpenServer\domains\vnpt.com.va\vendor\codeigniter4\framework\system\Common.php(1119): CodeIgniter\View\View->render('frontend/articl...', Array, true)
#4 G:\OpenServer\domains\vnpt.com.va\app\Views\frontend\homepage\layout\home.php(78): view('frontend/articl...')
#5 G:\OpenServer\domains\vnpt.com.va\vendor\codeigniter4\framework\system\View\View.php(246): include('G:\\OpenServer\\d...')
#6 G:\OpenServer\domains\vnpt.com.va\vendor\codeigniter4\framework\system\Common.php(1119): CodeIgniter\View\View->render('frontend/homepa...', Array, true)
#7 G:\OpenServer\domains\vnpt.com.va\app\Controllers\Frontend\Search\Search.php(37): view('frontend/homepa...', Array)
#8 G:\OpenServer\domains\vnpt.com.va\vendor\codeigniter4\framework\system\View\Cell.php(180): App\Controllers\Frontend\Search\Search->index('0')
#9 G:\OpenServer\domains\vnpt.com.va\vendor\codeigniter4\framework\system\Common.php(1140): CodeIgniter\View\Cell->render('\\App\\Controller...', 'page=0', 0, 'AppControllersF...')
#10 G:\OpenServer\domains\vnpt.com.va\app\Controllers\Frontend\Homepage\Router.php(41): view_cell('\\App\\Controller...', 'page=0')
#11 G:\OpenServer\domains\vnpt.com.va\vendor\codeigniter4\framework\system\CodeIgniter.php(918): App\Controllers\Frontend\Homepage\Router->search(0)
#12 G:\OpenServer\domains\vnpt.com.va\vendor\codeigniter4\framework\system\CodeIgniter.php(404): CodeIgniter\CodeIgniter->runController(Object(App\Controllers\Frontend\Homepage\Router))
#13 G:\OpenServer\domains\vnpt.com.va\vendor\codeigniter4\framework\system\CodeIgniter.php(312): CodeIgniter\CodeIgniter->handleRequest(NULL, Object(Config\Cache), false)
#14 G:\OpenServer\domains\vnpt.com.va\index.php(48): CodeIgniter\CodeIgniter->run()
#15 {main}
CRITICAL - 2021-07-31 11:54:56 --> Undefined index: language
#0 G:\OpenServer\domains\vnpt.com.va\app\Helpers\mydatafrontend_helper.php(21): CodeIgniter\Debug\Exceptions->errorHandler(8, 'Undefined index...', 'G:\\OpenServer\\d...', 21, Array)
#1 G:\OpenServer\domains\vnpt.com.va\app\Views\frontend\article\catalogue\index.php(53): get_slide(Array)
#2 G:\OpenServer\domains\vnpt.com.va\vendor\codeigniter4\framework\system\View\View.php(246): include('G:\\OpenServer\\d...')
#3 G:\OpenServer\domains\vnpt.com.va\vendor\codeigniter4\framework\system\Common.php(1119): CodeIgniter\View\View->render('frontend/articl...', Array, true)
#4 G:\OpenServer\domains\vnpt.com.va\app\Views\frontend\homepage\layout\home.php(78): view('frontend/articl...')
#5 G:\OpenServer\domains\vnpt.com.va\vendor\codeigniter4\framework\system\View\View.php(246): include('G:\\OpenServer\\d...')
#6 G:\OpenServer\domains\vnpt.com.va\vendor\codeigniter4\framework\system\Common.php(1119): CodeIgniter\View\View->render('frontend/homepa...', Array, true)
#7 G:\OpenServer\domains\vnpt.com.va\app\Controllers\Frontend\Search\Search.php(37): view('frontend/homepa...', Array)
#8 G:\OpenServer\domains\vnpt.com.va\vendor\codeigniter4\framework\system\View\Cell.php(180): App\Controllers\Frontend\Search\Search->index('0')
#9 G:\OpenServer\domains\vnpt.com.va\vendor\codeigniter4\framework\system\Common.php(1140): CodeIgniter\View\Cell->render('\\App\\Controller...', 'page=0', 0, 'AppControllersF...')
#10 G:\OpenServer\domains\vnpt.com.va\app\Controllers\Frontend\Homepage\Router.php(41): view_cell('\\App\\Controller...', 'page=0')
#11 G:\OpenServer\domains\vnpt.com.va\vendor\codeigniter4\framework\system\CodeIgniter.php(918): App\Controllers\Frontend\Homepage\Router->search(0)
#12 G:\OpenServer\domains\vnpt.com.va\vendor\codeigniter4\framework\system\CodeIgniter.php(404): CodeIgniter\CodeIgniter->runController(Object(App\Controllers\Frontend\Homepage\Router))
#13 G:\OpenServer\domains\vnpt.com.va\vendor\codeigniter4\framework\system\CodeIgniter.php(312): CodeIgniter\CodeIgniter->handleRequest(NULL, Object(Config\Cache), false)
#14 G:\OpenServer\domains\vnpt.com.va\index.php(48): CodeIgniter\CodeIgniter->run()
#15 {main}
CRITICAL - 2021-07-31 11:58:08 --> Undefined variable: id
#0 G:\OpenServer\domains\vnpt.com.va\app\Controllers\Frontend\Search\Search.php(23): CodeIgniter\Debug\Exceptions->errorHandler(8, 'Undefined varia...', 'G:\\OpenServer\\d...', 23, Array)
#1 G:\OpenServer\domains\vnpt.com.va\vendor\codeigniter4\framework\system\View\Cell.php(180): App\Controllers\Frontend\Search\Search->index('0')
#2 G:\OpenServer\domains\vnpt.com.va\vendor\codeigniter4\framework\system\Common.php(1140): CodeIgniter\View\Cell->render('\\App\\Controller...', 'page=0', 0, 'AppControllersF...')
#3 G:\OpenServer\domains\vnpt.com.va\app\Controllers\Frontend\Homepage\Router.php(41): view_cell('\\App\\Controller...', 'page=0')
#4 G:\OpenServer\domains\vnpt.com.va\vendor\codeigniter4\framework\system\CodeIgniter.php(918): App\Controllers\Frontend\Homepage\Router->search(0)
#5 G:\OpenServer\domains\vnpt.com.va\vendor\codeigniter4\framework\system\CodeIgniter.php(404): CodeIgniter\CodeIgniter->runController(Object(App\Controllers\Frontend\Homepage\Router))
#6 G:\OpenServer\domains\vnpt.com.va\vendor\codeigniter4\framework\system\CodeIgniter.php(312): CodeIgniter\CodeIgniter->handleRequest(NULL, Object(Config\Cache), false)
#7 G:\OpenServer\domains\vnpt.com.va\index.php(48): CodeIgniter\CodeIgniter->run()
#8 {main}
CRITICAL - 2021-07-31 12:01:18 --> syntax error, unexpected ','
#0 G:\OpenServer\domains\vnpt.com.va\vendor\codeigniter4\framework\system\Autoloader\Autoloader.php(296): CodeIgniter\Autoloader\Autoloader->requireFile('G:\\OpenServer\\d...')
#1 G:\OpenServer\domains\vnpt.com.va\vendor\codeigniter4\framework\system\Autoloader\Autoloader.php(258): CodeIgniter\Autoloader\Autoloader->loadInNamespace('App\\Controllers...')
#2 [internal function]: CodeIgniter\Autoloader\Autoloader->loadClass('App\\Controllers...')
#3 [internal function]: spl_autoload_call('App\\Controllers...')
#4 G:\OpenServer\domains\vnpt.com.va\vendor\codeigniter4\framework\system\View\Cell.php(266): class_exists('\\App\\Controller...', true)
#5 G:\OpenServer\domains\vnpt.com.va\vendor\codeigniter4\framework\system\View\Cell.php(110): CodeIgniter\View\Cell->determineClass('\\App\\Controller...')
#6 G:\OpenServer\domains\vnpt.com.va\vendor\codeigniter4\framework\system\Common.php(1140): CodeIgniter\View\Cell->render('\\App\\Controller...', 'page=0', 0, NULL)
#7 G:\OpenServer\domains\vnpt.com.va\app\Controllers\Frontend\Homepage\Router.php(41): view_cell('\\App\\Controller...', 'page=0')
#8 G:\OpenServer\domains\vnpt.com.va\vendor\codeigniter4\framework\system\CodeIgniter.php(918): App\Controllers\Frontend\Homepage\Router->search(0)
#9 G:\OpenServer\domains\vnpt.com.va\vendor\codeigniter4\framework\system\CodeIgniter.php(404): CodeIgniter\CodeIgniter->runController(Object(App\Controllers\Frontend\Homepage\Router))
#10 G:\OpenServer\domains\vnpt.com.va\vendor\codeigniter4\framework\system\CodeIgniter.php(312): CodeIgniter\CodeIgniter->handleRequest(NULL, Object(Config\Cache), false)
#11 G:\OpenServer\domains\vnpt.com.va\index.php(48): CodeIgniter\CodeIgniter->run()
#12 {main}
CRITICAL - 2021-07-31 12:06:19 --> Undefined variable: total_search
#0 G:\OpenServer\domains\vnpt.com.va\app\Views\frontend\search\index.php(52): CodeIgniter\Debug\Exceptions->errorHandler(8, 'Undefined varia...', 'G:\\OpenServer\\d...', 52, Array)
#1 G:\OpenServer\domains\vnpt.com.va\vendor\codeigniter4\framework\system\View\View.php(246): include('G:\\OpenServer\\d...')
#2 G:\OpenServer\domains\vnpt.com.va\vendor\codeigniter4\framework\system\Common.php(1119): CodeIgniter\View\View->render('frontend/search...', Array, true)
#3 G:\OpenServer\domains\vnpt.com.va\app\Views\frontend\homepage\layout\home.php(78): view('frontend/search...')
#4 G:\OpenServer\domains\vnpt.com.va\vendor\codeigniter4\framework\system\View\View.php(246): include('G:\\OpenServer\\d...')
#5 G:\OpenServer\domains\vnpt.com.va\vendor\codeigniter4\framework\system\Common.php(1119): CodeIgniter\View\View->render('frontend/homepa...', Array, true)
#6 G:\OpenServer\domains\vnpt.com.va\app\Controllers\Frontend\Search\Search.php(66): view('frontend/homepa...', Array)
#7 G:\OpenServer\domains\vnpt.com.va\vendor\codeigniter4\framework\system\View\Cell.php(180): App\Controllers\Frontend\Search\Search->index(0)
#8 G:\OpenServer\domains\vnpt.com.va\vendor\codeigniter4\framework\system\Common.php(1140): CodeIgniter\View\Cell->render('\\App\\Controller...', 'page=0', 0, 'AppControllersF...')
#9 G:\OpenServer\domains\vnpt.com.va\app\Controllers\Frontend\Homepage\Router.php(41): view_cell('\\App\\Controller...', 'page=0')
#10 G:\OpenServer\domains\vnpt.com.va\vendor\codeigniter4\framework\system\CodeIgniter.php(918): App\Controllers\Frontend\Homepage\Router->search(0)
#11 G:\OpenServer\domains\vnpt.com.va\vendor\codeigniter4\framework\system\CodeIgniter.php(404): CodeIgniter\CodeIgniter->runController(Object(App\Controllers\Frontend\Homepage\Router))
#12 G:\OpenServer\domains\vnpt.com.va\vendor\codeigniter4\framework\system\CodeIgniter.php(312): CodeIgniter\CodeIgniter->handleRequest(NULL, Object(Config\Cache), false)
#13 G:\OpenServer\domains\vnpt.com.va\index.php(48): CodeIgniter\CodeIgniter->run()
#14 {main}
CRITICAL - 2021-07-31 12:06:21 --> Undefined variable: total_search
#0 G:\OpenServer\domains\vnpt.com.va\app\Views\frontend\search\index.php(52): CodeIgniter\Debug\Exceptions->errorHandler(8, 'Undefined varia...', 'G:\\OpenServer\\d...', 52, Array)
#1 G:\OpenServer\domains\vnpt.com.va\vendor\codeigniter4\framework\system\View\View.php(246): include('G:\\OpenServer\\d...')
#2 G:\OpenServer\domains\vnpt.com.va\vendor\codeigniter4\framework\system\Common.php(1119): CodeIgniter\View\View->render('frontend/search...', Array, true)
#3 G:\OpenServer\domains\vnpt.com.va\app\Views\frontend\homepage\layout\home.php(78): view('frontend/search...')
#4 G:\OpenServer\domains\vnpt.com.va\vendor\codeigniter4\framework\system\View\View.php(246): include('G:\\OpenServer\\d...')
#5 G:\OpenServer\domains\vnpt.com.va\vendor\codeigniter4\framework\system\Common.php(1119): CodeIgniter\View\View->render('frontend/homepa...', Array, true)
#6 G:\OpenServer\domains\vnpt.com.va\app\Controllers\Frontend\Search\Search.php(66): view('frontend/homepa...', Array)
#7 G:\OpenServer\domains\vnpt.com.va\vendor\codeigniter4\framework\system\View\Cell.php(180): App\Controllers\Frontend\Search\Search->index(0)
#8 G:\OpenServer\domains\vnpt.com.va\vendor\codeigniter4\framework\system\Common.php(1140): CodeIgniter\View\Cell->render('\\App\\Controller...', 'page=0', 0, 'AppControllersF...')
#9 G:\OpenServer\domains\vnpt.com.va\app\Controllers\Frontend\Homepage\Router.php(41): view_cell('\\App\\Controller...', 'page=0')
#10 G:\OpenServer\domains\vnpt.com.va\vendor\codeigniter4\framework\system\CodeIgniter.php(918): App\Controllers\Frontend\Homepage\Router->search(0)
#11 G:\OpenServer\domains\vnpt.com.va\vendor\codeigniter4\framework\system\CodeIgniter.php(404): CodeIgniter\CodeIgniter->runController(Object(App\Controllers\Frontend\Homepage\Router))
#12 G:\OpenServer\domains\vnpt.com.va\vendor\codeigniter4\framework\system\CodeIgniter.php(312): CodeIgniter\CodeIgniter->handleRequest(NULL, Object(Config\Cache), false)
#13 G:\OpenServer\domains\vnpt.com.va\index.php(48): CodeIgniter\CodeIgniter->run()
#14 {main}
CRITICAL - 2021-07-31 12:08:39 --> Request URI segment is out of range: 4
#0 G:\OpenServer\domains\vnpt.com.va\vendor\codeigniter4\framework\system\HTTP\URI.php(515): CodeIgniter\HTTP\Exceptions\HTTPException::forURISegmentOutOfRange(4)
#1 G:\OpenServer\domains\vnpt.com.va\app\Libraries\Pagination.php(462): CodeIgniter\HTTP\URI->getSegment(4)
#2 G:\OpenServer\domains\vnpt.com.va\app\Controllers\Frontend\Search\Search.php(37): App\Libraries\Pagination->create_links()
#3 G:\OpenServer\domains\vnpt.com.va\vendor\codeigniter4\framework\system\View\Cell.php(180): App\Controllers\Frontend\Search\Search->index(0)
#4 G:\OpenServer\domains\vnpt.com.va\vendor\codeigniter4\framework\system\Common.php(1140): CodeIgniter\View\Cell->render('\\App\\Controller...', 'page=0', 0, 'AppControllersF...')
#5 G:\OpenServer\domains\vnpt.com.va\app\Controllers\Frontend\Homepage\Router.php(41): view_cell('\\App\\Controller...', 'page=0')
#6 G:\OpenServer\domains\vnpt.com.va\vendor\codeigniter4\framework\system\CodeIgniter.php(918): App\Controllers\Frontend\Homepage\Router->search(0)
#7 G:\OpenServer\domains\vnpt.com.va\vendor\codeigniter4\framework\system\CodeIgniter.php(404): CodeIgniter\CodeIgniter->runController(Object(App\Controllers\Frontend\Homepage\Router))
#8 G:\OpenServer\domains\vnpt.com.va\vendor\codeigniter4\framework\system\CodeIgniter.php(312): CodeIgniter\CodeIgniter->handleRequest(NULL, Object(Config\Cache), false)
#9 G:\OpenServer\domains\vnpt.com.va\index.php(48): CodeIgniter\CodeIgniter->run()
#10 {main}
CRITICAL - 2021-07-31 12:08:47 --> Request URI segment is out of range: 4
#0 G:\OpenServer\domains\vnpt.com.va\vendor\codeigniter4\framework\system\HTTP\URI.php(515): CodeIgniter\HTTP\Exceptions\HTTPException::forURISegmentOutOfRange(4)
#1 G:\OpenServer\domains\vnpt.com.va\app\Libraries\Pagination.php(462): CodeIgniter\HTTP\URI->getSegment(4)
#2 G:\OpenServer\domains\vnpt.com.va\app\Controllers\Frontend\Search\Search.php(37): App\Libraries\Pagination->create_links()
#3 G:\OpenServer\domains\vnpt.com.va\vendor\codeigniter4\framework\system\View\Cell.php(180): App\Controllers\Frontend\Search\Search->index(0)
#4 G:\OpenServer\domains\vnpt.com.va\vendor\codeigniter4\framework\system\Common.php(1140): CodeIgniter\View\Cell->render('\\App\\Controller...', 'page=0', 0, 'AppControllersF...')
#5 G:\OpenServer\domains\vnpt.com.va\app\Controllers\Frontend\Homepage\Router.php(41): view_cell('\\App\\Controller...', 'page=0')
#6 G:\OpenServer\domains\vnpt.com.va\vendor\codeigniter4\framework\system\CodeIgniter.php(918): App\Controllers\Frontend\Homepage\Router->search(0)
#7 G:\OpenServer\domains\vnpt.com.va\vendor\codeigniter4\framework\system\CodeIgniter.php(404): CodeIgniter\CodeIgniter->runController(Object(App\Controllers\Frontend\Homepage\Router))
#8 G:\OpenServer\domains\vnpt.com.va\vendor\codeigniter4\framework\system\CodeIgniter.php(312): CodeIgniter\CodeIgniter->handleRequest(NULL, Object(Config\Cache), false)
#9 G:\OpenServer\domains\vnpt.com.va\index.php(48): CodeIgniter\CodeIgniter->run()
#10 {main}
CRITICAL - 2021-07-31 12:08:54 --> Request URI segment is out of range: 4
#0 G:\OpenServer\domains\vnpt.com.va\vendor\codeigniter4\framework\system\HTTP\URI.php(515): CodeIgniter\HTTP\Exceptions\HTTPException::forURISegmentOutOfRange(4)
#1 G:\OpenServer\domains\vnpt.com.va\app\Libraries\Pagination.php(462): CodeIgniter\HTTP\URI->getSegment(4)
#2 G:\OpenServer\domains\vnpt.com.va\app\Controllers\Frontend\Search\Search.php(37): App\Libraries\Pagination->create_links()
#3 G:\OpenServer\domains\vnpt.com.va\vendor\codeigniter4\framework\system\View\Cell.php(180): App\Controllers\Frontend\Search\Search->index(0)
#4 G:\OpenServer\domains\vnpt.com.va\vendor\codeigniter4\framework\system\Common.php(1140): CodeIgniter\View\Cell->render('\\App\\Controller...', 'page=0', 0, 'AppControllersF...')
#5 G:\OpenServer\domains\vnpt.com.va\app\Controllers\Frontend\Homepage\Router.php(41): view_cell('\\App\\Controller...', 'page=0')
#6 G:\OpenServer\domains\vnpt.com.va\vendor\codeigniter4\framework\system\CodeIgniter.php(918): App\Controllers\Frontend\Homepage\Router->search(0)
#7 G:\OpenServer\domains\vnpt.com.va\vendor\codeigniter4\framework\system\CodeIgniter.php(404): CodeIgniter\CodeIgniter->runController(Object(App\Controllers\Frontend\Homepage\Router))
#8 G:\OpenServer\domains\vnpt.com.va\vendor\codeigniter4\framework\system\CodeIgniter.php(312): CodeIgniter\CodeIgniter->handleRequest(NULL, Object(Config\Cache), false)
#9 G:\OpenServer\domains\vnpt.com.va\index.php(48): CodeIgniter\CodeIgniter->run()
#10 {main}
CRITICAL - 2021-07-31 12:09:03 --> Request URI segment is out of range: 4
#0 G:\OpenServer\domains\vnpt.com.va\vendor\codeigniter4\framework\system\HTTP\URI.php(515): CodeIgniter\HTTP\Exceptions\HTTPException::forURISegmentOutOfRange(4)
#1 G:\OpenServer\domains\vnpt.com.va\app\Libraries\Pagination.php(462): CodeIgniter\HTTP\URI->getSegment(4)
#2 G:\OpenServer\domains\vnpt.com.va\app\Controllers\Frontend\Search\Search.php(37): App\Libraries\Pagination->create_links()
#3 G:\OpenServer\domains\vnpt.com.va\vendor\codeigniter4\framework\system\View\Cell.php(180): App\Controllers\Frontend\Search\Search->index(0)
#4 G:\OpenServer\domains\vnpt.com.va\vendor\codeigniter4\framework\system\Common.php(1140): CodeIgniter\View\Cell->render('\\App\\Controller...', 'page=0', 0, 'AppControllersF...')
#5 G:\OpenServer\domains\vnpt.com.va\app\Controllers\Frontend\Homepage\Router.php(41): view_cell('\\App\\Controller...', 'page=0')
#6 G:\OpenServer\domains\vnpt.com.va\vendor\codeigniter4\framework\system\CodeIgniter.php(918): App\Controllers\Frontend\Homepage\Router->search(0)
#7 G:\OpenServer\domains\vnpt.com.va\vendor\codeigniter4\framework\system\CodeIgniter.php(404): CodeIgniter\CodeIgniter->runController(Object(App\Controllers\Frontend\Homepage\Router))
#8 G:\OpenServer\domains\vnpt.com.va\vendor\codeigniter4\framework\system\CodeIgniter.php(312): CodeIgniter\CodeIgniter->handleRequest(NULL, Object(Config\Cache), false)
#9 G:\OpenServer\domains\vnpt.com.va\index.php(48): CodeIgniter\CodeIgniter->run()
#10 {main}
CRITICAL - 2021-07-31 12:09:04 --> Request URI segment is out of range: 4
#0 G:\OpenServer\domains\vnpt.com.va\vendor\codeigniter4\framework\system\HTTP\URI.php(515): CodeIgniter\HTTP\Exceptions\HTTPException::forURISegmentOutOfRange(4)
#1 G:\OpenServer\domains\vnpt.com.va\app\Libraries\Pagination.php(462): CodeIgniter\HTTP\URI->getSegment(4)
#2 G:\OpenServer\domains\vnpt.com.va\app\Controllers\Frontend\Search\Search.php(37): App\Libraries\Pagination->create_links()
#3 G:\OpenServer\domains\vnpt.com.va\vendor\codeigniter4\framework\system\View\Cell.php(180): App\Controllers\Frontend\Search\Search->index(0)
#4 G:\OpenServer\domains\vnpt.com.va\vendor\codeigniter4\framework\system\Common.php(1140): CodeIgniter\View\Cell->render('\\App\\Controller...', 'page=0', 0, 'AppControllersF...')
#5 G:\OpenServer\domains\vnpt.com.va\app\Controllers\Frontend\Homepage\Router.php(41): view_cell('\\App\\Controller...', 'page=0')
#6 G:\OpenServer\domains\vnpt.com.va\vendor\codeigniter4\framework\system\CodeIgniter.php(918): App\Controllers\Frontend\Homepage\Router->search(0)
#7 G:\OpenServer\domains\vnpt.com.va\vendor\codeigniter4\framework\system\CodeIgniter.php(404): CodeIgniter\CodeIgniter->runController(Object(App\Controllers\Frontend\Homepage\Router))
#8 G:\OpenServer\domains\vnpt.com.va\vendor\codeigniter4\framework\system\CodeIgniter.php(312): CodeIgniter\CodeIgniter->handleRequest(NULL, Object(Config\Cache), false)
#9 G:\OpenServer\domains\vnpt.com.va\index.php(48): CodeIgniter\CodeIgniter->run()
#10 {main}
CRITICAL - 2021-07-31 12:09:19 --> Request URI segment is out of range: 4
#0 G:\OpenServer\domains\vnpt.com.va\vendor\codeigniter4\framework\system\HTTP\URI.php(515): CodeIgniter\HTTP\Exceptions\HTTPException::forURISegmentOutOfRange(4)
#1 G:\OpenServer\domains\vnpt.com.va\app\Libraries\Pagination.php(462): CodeIgniter\HTTP\URI->getSegment(4)
#2 G:\OpenServer\domains\vnpt.com.va\app\Controllers\Frontend\Search\Search.php(37): App\Libraries\Pagination->create_links()
#3 G:\OpenServer\domains\vnpt.com.va\vendor\codeigniter4\framework\system\View\Cell.php(180): App\Controllers\Frontend\Search\Search->index(0)
#4 G:\OpenServer\domains\vnpt.com.va\vendor\codeigniter4\framework\system\Common.php(1140): CodeIgniter\View\Cell->render('\\App\\Controller...', 'page=0', 0, 'AppControllersF...')
#5 G:\OpenServer\domains\vnpt.com.va\app\Controllers\Frontend\Homepage\Router.php(41): view_cell('\\App\\Controller...', 'page=0')
#6 G:\OpenServer\domains\vnpt.com.va\vendor\codeigniter4\framework\system\CodeIgniter.php(918): App\Controllers\Frontend\Homepage\Router->search(0)
#7 G:\OpenServer\domains\vnpt.com.va\vendor\codeigniter4\framework\system\CodeIgniter.php(404): CodeIgniter\CodeIgniter->runController(Object(App\Controllers\Frontend\Homepage\Router))
#8 G:\OpenServer\domains\vnpt.com.va\vendor\codeigniter4\framework\system\CodeIgniter.php(312): CodeIgniter\CodeIgniter->handleRequest(NULL, Object(Config\Cache), false)
#9 G:\OpenServer\domains\vnpt.com.va\index.php(48): CodeIgniter\CodeIgniter->run()
#10 {main}
CRITICAL - 2021-07-31 12:09:44 --> Request URI segment is out of range: 4
#0 G:\OpenServer\domains\vnpt.com.va\vendor\codeigniter4\framework\system\HTTP\URI.php(515): CodeIgniter\HTTP\Exceptions\HTTPException::forURISegmentOutOfRange(4)
#1 G:\OpenServer\domains\vnpt.com.va\app\Libraries\Pagination.php(462): CodeIgniter\HTTP\URI->getSegment(4)
#2 G:\OpenServer\domains\vnpt.com.va\app\Controllers\Frontend\Search\Search.php(37): App\Libraries\Pagination->create_links()
#3 G:\OpenServer\domains\vnpt.com.va\vendor\codeigniter4\framework\system\View\Cell.php(180): App\Controllers\Frontend\Search\Search->index(0)
#4 G:\OpenServer\domains\vnpt.com.va\vendor\codeigniter4\framework\system\Common.php(1140): CodeIgniter\View\Cell->render('\\App\\Controller...', 'page=0', 0, 'AppControllersF...')
#5 G:\OpenServer\domains\vnpt.com.va\app\Controllers\Frontend\Homepage\Router.php(41): view_cell('\\App\\Controller...', 'page=0')
#6 G:\OpenServer\domains\vnpt.com.va\vendor\codeigniter4\framework\system\CodeIgniter.php(918): App\Controllers\Frontend\Homepage\Router->search(0)
#7 G:\OpenServer\domains\vnpt.com.va\vendor\codeigniter4\framework\system\CodeIgniter.php(404): CodeIgniter\CodeIgniter->runController(Object(App\Controllers\Frontend\Homepage\Router))
#8 G:\OpenServer\domains\vnpt.com.va\vendor\codeigniter4\framework\system\CodeIgniter.php(312): CodeIgniter\CodeIgniter->handleRequest(NULL, Object(Config\Cache), false)
#9 G:\OpenServer\domains\vnpt.com.va\index.php(48): CodeIgniter\CodeIgniter->run()
#10 {main}
CRITICAL - 2021-07-31 12:10:39 --> Request URI segment is out of range: 4
#0 G:\OpenServer\domains\vnpt.com.va\vendor\codeigniter4\framework\system\HTTP\URI.php(515): CodeIgniter\HTTP\Exceptions\HTTPException::forURISegmentOutOfRange(4)
#1 G:\OpenServer\domains\vnpt.com.va\app\Libraries\Pagination.php(462): CodeIgniter\HTTP\URI->getSegment(4)
#2 G:\OpenServer\domains\vnpt.com.va\app\Controllers\Frontend\Search\Search.php(37): App\Libraries\Pagination->create_links()
#3 G:\OpenServer\domains\vnpt.com.va\vendor\codeigniter4\framework\system\View\Cell.php(180): App\Controllers\Frontend\Search\Search->index(0)
#4 G:\OpenServer\domains\vnpt.com.va\vendor\codeigniter4\framework\system\Common.php(1140): CodeIgniter\View\Cell->render('\\App\\Controller...', 'page=0', 0, 'AppControllersF...')
#5 G:\OpenServer\domains\vnpt.com.va\app\Controllers\Frontend\Homepage\Router.php(41): view_cell('\\App\\Controller...', 'page=0')
#6 G:\OpenServer\domains\vnpt.com.va\vendor\codeigniter4\framework\system\CodeIgniter.php(918): App\Controllers\Frontend\Homepage\Router->search(0)
#7 G:\OpenServer\domains\vnpt.com.va\vendor\codeigniter4\framework\system\CodeIgniter.php(404): CodeIgniter\CodeIgniter->runController(Object(App\Controllers\Frontend\Homepage\Router))
#8 G:\OpenServer\domains\vnpt.com.va\vendor\codeigniter4\framework\system\CodeIgniter.php(312): CodeIgniter\CodeIgniter->handleRequest(NULL, Object(Config\Cache), false)
#9 G:\OpenServer\domains\vnpt.com.va\index.php(48): CodeIgniter\CodeIgniter->run()
#10 {main}
CRITICAL - 2021-07-31 12:11:07 --> Request URI segment is out of range: 4
#0 G:\OpenServer\domains\vnpt.com.va\vendor\codeigniter4\framework\system\HTTP\URI.php(515): CodeIgniter\HTTP\Exceptions\HTTPException::forURISegmentOutOfRange(4)
#1 G:\OpenServer\domains\vnpt.com.va\app\Libraries\Pagination.php(462): CodeIgniter\HTTP\URI->getSegment(4)
#2 G:\OpenServer\domains\vnpt.com.va\app\Controllers\Frontend\Search\Search.php(37): App\Libraries\Pagination->create_links()
#3 G:\OpenServer\domains\vnpt.com.va\vendor\codeigniter4\framework\system\View\Cell.php(180): App\Controllers\Frontend\Search\Search->index(0)
#4 G:\OpenServer\domains\vnpt.com.va\vendor\codeigniter4\framework\system\Common.php(1140): CodeIgniter\View\Cell->render('\\App\\Controller...', 'page=0', 0, 'AppControllersF...')
#5 G:\OpenServer\domains\vnpt.com.va\app\Controllers\Frontend\Homepage\Router.php(41): view_cell('\\App\\Controller...', 'page=0')
#6 G:\OpenServer\domains\vnpt.com.va\vendor\codeigniter4\framework\system\CodeIgniter.php(918): App\Controllers\Frontend\Homepage\Router->search(0)
#7 G:\OpenServer\domains\vnpt.com.va\vendor\codeigniter4\framework\system\CodeIgniter.php(404): CodeIgniter\CodeIgniter->runController(Object(App\Controllers\Frontend\Homepage\Router))
#8 G:\OpenServer\domains\vnpt.com.va\vendor\codeigniter4\framework\system\CodeIgniter.php(312): CodeIgniter\CodeIgniter->handleRequest(NULL, Object(Config\Cache), false)
#9 G:\OpenServer\domains\vnpt.com.va\index.php(48): CodeIgniter\CodeIgniter->run()
#10 {main}
CRITICAL - 2021-07-31 12:11:42 --> Request URI segment is out of range: 4
#0 G:\OpenServer\domains\vnpt.com.va\vendor\codeigniter4\framework\system\HTTP\URI.php(515): CodeIgniter\HTTP\Exceptions\HTTPException::forURISegmentOutOfRange(4)
#1 G:\OpenServer\domains\vnpt.com.va\app\Libraries\Pagination.php(462): CodeIgniter\HTTP\URI->getSegment(4)
#2 G:\OpenServer\domains\vnpt.com.va\app\Controllers\Frontend\Search\Search.php(36): App\Libraries\Pagination->create_links()
#3 G:\OpenServer\domains\vnpt.com.va\vendor\codeigniter4\framework\system\View\Cell.php(180): App\Controllers\Frontend\Search\Search->index(0)
#4 G:\OpenServer\domains\vnpt.com.va\vendor\codeigniter4\framework\system\Common.php(1140): CodeIgniter\View\Cell->render('\\App\\Controller...', 'page=0', 0, 'AppControllersF...')
#5 G:\OpenServer\domains\vnpt.com.va\app\Controllers\Frontend\Homepage\Router.php(41): view_cell('\\App\\Controller...', 'page=0')
#6 G:\OpenServer\domains\vnpt.com.va\vendor\codeigniter4\framework\system\CodeIgniter.php(918): App\Controllers\Frontend\Homepage\Router->search(0)
#7 G:\OpenServer\domains\vnpt.com.va\vendor\codeigniter4\framework\system\CodeIgniter.php(404): CodeIgniter\CodeIgniter->runController(Object(App\Controllers\Frontend\Homepage\Router))
#8 G:\OpenServer\domains\vnpt.com.va\vendor\codeigniter4\framework\system\CodeIgniter.php(312): CodeIgniter\CodeIgniter->handleRequest(NULL, Object(Config\Cache), false)
#9 G:\OpenServer\domains\vnpt.com.va\index.php(48): CodeIgniter\CodeIgniter->run()
#10 {main}
CRITICAL - 2021-07-31 12:23:53 --> Undefined variable: keyChild
#0 G:\OpenServer\domains\vnpt.com.va\app\Views\frontend\search\index.php(42): CodeIgniter\Debug\Exceptions->errorHandler(8, 'Undefined varia...', 'G:\\OpenServer\\d...', 42, Array)
#1 G:\OpenServer\domains\vnpt.com.va\vendor\codeigniter4\framework\system\View\View.php(246): include('G:\\OpenServer\\d...')
#2 G:\OpenServer\domains\vnpt.com.va\vendor\codeigniter4\framework\system\Common.php(1119): CodeIgniter\View\View->render('frontend/search...', Array, true)
#3 G:\OpenServer\domains\vnpt.com.va\app\Views\frontend\homepage\layout\home.php(78): view('frontend/search...')
#4 G:\OpenServer\domains\vnpt.com.va\vendor\codeigniter4\framework\system\View\View.php(246): include('G:\\OpenServer\\d...')
#5 G:\OpenServer\domains\vnpt.com.va\vendor\codeigniter4\framework\system\Common.php(1119): CodeIgniter\View\View->render('frontend/homepa...', Array, true)
#6 G:\OpenServer\domains\vnpt.com.va\app\Controllers\Frontend\Search\Search.php(101): view('frontend/homepa...', Array)
#7 G:\OpenServer\domains\vnpt.com.va\vendor\codeigniter4\framework\system\View\Cell.php(180): App\Controllers\Frontend\Search\Search->index(0)
#8 G:\OpenServer\domains\vnpt.com.va\vendor\codeigniter4\framework\system\Common.php(1140): CodeIgniter\View\Cell->render('\\App\\Controller...', 'page=0', 0, 'AppControllersF...')
#9 G:\OpenServer\domains\vnpt.com.va\app\Controllers\Frontend\Homepage\Router.php(41): view_cell('\\App\\Controller...', 'page=0')
#10 G:\OpenServer\domains\vnpt.com.va\vendor\codeigniter4\framework\system\CodeIgniter.php(918): App\Controllers\Frontend\Homepage\Router->search(0)
#11 G:\OpenServer\domains\vnpt.com.va\vendor\codeigniter4\framework\system\CodeIgniter.php(404): CodeIgniter\CodeIgniter->runController(Object(App\Controllers\Frontend\Homepage\Router))
#12 G:\OpenServer\domains\vnpt.com.va\vendor\codeigniter4\framework\system\CodeIgniter.php(312): CodeIgniter\CodeIgniter->handleRequest(NULL, Object(Config\Cache), false)
#13 G:\OpenServer\domains\vnpt.com.va\index.php(48): CodeIgniter\CodeIgniter->run()
#14 {main}
CRITICAL - 2021-07-31 12:23:55 --> Undefined variable: keyChild
#0 G:\OpenServer\domains\vnpt.com.va\app\Views\frontend\search\index.php(42): CodeIgniter\Debug\Exceptions->errorHandler(8, 'Undefined varia...', 'G:\\OpenServer\\d...', 42, Array)
#1 G:\OpenServer\domains\vnpt.com.va\vendor\codeigniter4\framework\system\View\View.php(246): include('G:\\OpenServer\\d...')
#2 G:\OpenServer\domains\vnpt.com.va\vendor\codeigniter4\framework\system\Common.php(1119): CodeIgniter\View\View->render('frontend/search...', Array, true)
#3 G:\OpenServer\domains\vnpt.com.va\app\Views\frontend\homepage\layout\home.php(78): view('frontend/search...')
#4 G:\OpenServer\domains\vnpt.com.va\vendor\codeigniter4\framework\system\View\View.php(246): include('G:\\OpenServer\\d...')
#5 G:\OpenServer\domains\vnpt.com.va\vendor\codeigniter4\framework\system\Common.php(1119): CodeIgniter\View\View->render('frontend/homepa...', Array, true)
#6 G:\OpenServer\domains\vnpt.com.va\app\Controllers\Frontend\Search\Search.php(101): view('frontend/homepa...', Array)
#7 G:\OpenServer\domains\vnpt.com.va\vendor\codeigniter4\framework\system\View\Cell.php(180): App\Controllers\Frontend\Search\Search->index(0)
#8 G:\OpenServer\domains\vnpt.com.va\vendor\codeigniter4\framework\system\Common.php(1140): CodeIgniter\View\Cell->render('\\App\\Controller...', 'page=0', 0, 'AppControllersF...')
#9 G:\OpenServer\domains\vnpt.com.va\app\Controllers\Frontend\Homepage\Router.php(41): view_cell('\\App\\Controller...', 'page=0')
#10 G:\OpenServer\domains\vnpt.com.va\vendor\codeigniter4\framework\system\CodeIgniter.php(918): App\Controllers\Frontend\Homepage\Router->search(0)
#11 G:\OpenServer\domains\vnpt.com.va\vendor\codeigniter4\framework\system\CodeIgniter.php(404): CodeIgniter\CodeIgniter->runController(Object(App\Controllers\Frontend\Homepage\Router))
#12 G:\OpenServer\domains\vnpt.com.va\vendor\codeigniter4\framework\system\CodeIgniter.php(312): CodeIgniter\CodeIgniter->handleRequest(NULL, Object(Config\Cache), false)
#13 G:\OpenServer\domains\vnpt.com.va\index.php(48): CodeIgniter\CodeIgniter->run()
#14 {main}
