CRITICAL - 2022-08-31 21:14:57 --> syntax error, unexpected '?>'
#0 G:\DoAnTotNghiep\OpenServer\domains\landing.com\vendor\codeigniter4\framework\system\Common.php(1119): CodeIgniter\View\View->render('frontend/auth/d...', Array, true)
#1 G:\DoAnTotNghiep\OpenServer\domains\landing.com\app\Views\frontend\homepage\layout\home.php(77): view('frontend/auth/d...')
#2 G:\DoAnTotNghiep\OpenServer\domains\landing.com\vendor\codeigniter4\framework\system\View\View.php(246): include('G:\\DoAnTotNghie...')
#3 G:\DoAnTotNghiep\OpenServer\domains\landing.com\vendor\codeigniter4\framework\system\Common.php(1119): CodeIgniter\View\View->render('frontend/homepa...', Array, true)
#4 G:\DoAnTotNghiep\OpenServer\domains\landing.com\app\Controllers\Frontend\Auth\DetailUser.php(38): view('frontend/homepa...', Array)
#5 G:\DoAnTotNghiep\OpenServer\domains\landing.com\vendor\codeigniter4\framework\system\CodeIgniter.php(918): App\Controllers\Frontend\Auth\DetailUser->index()
#6 G:\DoAnTotNghiep\OpenServer\domains\landing.com\vendor\codeigniter4\framework\system\CodeIgniter.php(404): CodeIgniter\CodeIgniter->runController(Object(App\Controllers\Frontend\Auth\DetailUser))
#7 G:\DoAnTotNghiep\OpenServer\domains\landing.com\vendor\codeigniter4\framework\system\CodeIgniter.php(312): CodeIgniter\CodeIgniter->handleRequest(NULL, Object(Config\Cache), false)
#8 G:\DoAnTotNghiep\OpenServer\domains\landing.com\index.php(47): CodeIgniter\CodeIgniter->run()
#9 {main}
CRITICAL - 2022-08-31 21:44:04 --> Undefined property: App\Controllers\Frontend\Auth\DetailUser::$auth
#0 G:\DoAnTotNghiep\OpenServer\domains\landing.com\app\Controllers\Frontend\Auth\DetailUser.php(82): CodeIgniter\Debug\Exceptions->errorHandler(8, 'Undefined prope...', 'G:\\DoAnTotNghie...', 82, Array)
#1 G:\DoAnTotNghiep\OpenServer\domains\landing.com\app\Controllers\Frontend\Auth\DetailUser.php(47): App\Controllers\Frontend\Auth\DetailUser->store()
#2 G:\DoAnTotNghiep\OpenServer\domains\landing.com\vendor\codeigniter4\framework\system\CodeIgniter.php(918): App\Controllers\Frontend\Auth\DetailUser->update()
#3 G:\DoAnTotNghiep\OpenServer\domains\landing.com\vendor\codeigniter4\framework\system\CodeIgniter.php(404): CodeIgniter\CodeIgniter->runController(Object(App\Controllers\Frontend\Auth\DetailUser))
#4 G:\DoAnTotNghiep\OpenServer\domains\landing.com\vendor\codeigniter4\framework\system\CodeIgniter.php(312): CodeIgniter\CodeIgniter->handleRequest(NULL, Object(Config\Cache), false)
#5 G:\DoAnTotNghiep\OpenServer\domains\landing.com\index.php(47): CodeIgniter\CodeIgniter->run()
#6 {main}
CRITICAL - 2022-08-31 21:45:55 --> Cannot use isset() on the result of an expression (you can use "null !== expression" instead)
#0 [internal function]: CodeIgniter\Debug\Exceptions->shutdownHandler()
#1 {main}
CRITICAL - 2022-08-31 21:46:56 --> Argument 1 passed to password_encode() must be of the type string, null given, called in G:\DoAnTotNghiep\OpenServer\domains\landing.com\app\Controllers\Frontend\Auth\DetailUser.php on line 76
#0 G:\DoAnTotNghiep\OpenServer\domains\landing.com\app\Controllers\Frontend\Auth\DetailUser.php(76): password_encode(NULL, 'k6iaX1IdxOIj8rs...')
#1 G:\DoAnTotNghiep\OpenServer\domains\landing.com\app\Controllers\Frontend\Auth\DetailUser.php(44): App\Controllers\Frontend\Auth\DetailUser->store()
#2 G:\DoAnTotNghiep\OpenServer\domains\landing.com\vendor\codeigniter4\framework\system\CodeIgniter.php(918): App\Controllers\Frontend\Auth\DetailUser->update()
#3 G:\DoAnTotNghiep\OpenServer\domains\landing.com\vendor\codeigniter4\framework\system\CodeIgniter.php(404): CodeIgniter\CodeIgniter->runController(Object(App\Controllers\Frontend\Auth\DetailUser))
#4 G:\DoAnTotNghiep\OpenServer\domains\landing.com\vendor\codeigniter4\framework\system\CodeIgniter.php(312): CodeIgniter\CodeIgniter->handleRequest(NULL, Object(Config\Cache), false)
#5 G:\DoAnTotNghiep\OpenServer\domains\landing.com\index.php(47): CodeIgniter\CodeIgniter->run()
#6 {main}
CRITICAL - 2022-08-31 21:47:43 --> Call to undefined method App\Controllers\Frontend\Auth\DetailUser::store()
#0 G:\DoAnTotNghiep\OpenServer\domains\landing.com\vendor\codeigniter4\framework\system\CodeIgniter.php(918): App\Controllers\Frontend\Auth\DetailUser->update()
#1 G:\DoAnTotNghiep\OpenServer\domains\landing.com\vendor\codeigniter4\framework\system\CodeIgniter.php(404): CodeIgniter\CodeIgniter->runController(Object(App\Controllers\Frontend\Auth\DetailUser))
#2 G:\DoAnTotNghiep\OpenServer\domains\landing.com\vendor\codeigniter4\framework\system\CodeIgniter.php(312): CodeIgniter\CodeIgniter->handleRequest(NULL, Object(Config\Cache), false)
#3 G:\DoAnTotNghiep\OpenServer\domains\landing.com\index.php(47): CodeIgniter\CodeIgniter->run()
#4 {main}
CRITICAL - 2022-08-31 21:49:14 --> Undefined variable: cookie
#0 G:\DoAnTotNghiep\OpenServer\domains\landing.com\app\Controllers\Frontend\Auth\DetailUser.php(45): CodeIgniter\Debug\Exceptions->errorHandler(8, 'Undefined varia...', 'G:\\DoAnTotNghie...', 45, Array)
#1 G:\DoAnTotNghiep\OpenServer\domains\landing.com\vendor\codeigniter4\framework\system\CodeIgniter.php(918): App\Controllers\Frontend\Auth\DetailUser->update()
#2 G:\DoAnTotNghiep\OpenServer\domains\landing.com\vendor\codeigniter4\framework\system\CodeIgniter.php(404): CodeIgniter\CodeIgniter->runController(Object(App\Controllers\Frontend\Auth\DetailUser))
#3 G:\DoAnTotNghiep\OpenServer\domains\landing.com\vendor\codeigniter4\framework\system\CodeIgniter.php(312): CodeIgniter\CodeIgniter->handleRequest(NULL, Object(Config\Cache), false)
#4 G:\DoAnTotNghiep\OpenServer\domains\landing.com\index.php(47): CodeIgniter\CodeIgniter->run()
#5 {main}
CRITICAL - 2022-08-31 21:56:14 --> Unknown column 'userid_updated' in 'field list'
#0 G:\DoAnTotNghiep\OpenServer\domains\landing.com\vendor\codeigniter4\framework\system\Database\MySQLi\Connection.php(331): mysqli->query('UPDATE `member`...')
#1 G:\DoAnTotNghiep\OpenServer\domains\landing.com\vendor\codeigniter4\framework\system\Database\BaseConnection.php(741): CodeIgniter\Database\MySQLi\Connection->execute('UPDATE `member`...')
#2 G:\DoAnTotNghiep\OpenServer\domains\landing.com\vendor\codeigniter4\framework\system\Database\BaseConnection.php(669): CodeIgniter\Database\BaseConnection->simpleQuery('UPDATE `member`...')
#3 G:\DoAnTotNghiep\OpenServer\domains\landing.com\vendor\codeigniter4\framework\system\Database\BaseBuilder.php(2456): CodeIgniter\Database\BaseConnection->query('UPDATE `member`...', Array, false)
#4 G:\DoAnTotNghiep\OpenServer\domains\landing.com\app\Models\AutoloadModel.php(105): CodeIgniter\Database\BaseBuilder->update(Array)
#5 G:\DoAnTotNghiep\OpenServer\domains\landing.com\app\Controllers\Frontend\Auth\DetailUser.php(47): App\Models\AutoloadModel->_update(Array)
#6 G:\DoAnTotNghiep\OpenServer\domains\landing.com\vendor\codeigniter4\framework\system\CodeIgniter.php(918): App\Controllers\Frontend\Auth\DetailUser->update()
#7 G:\DoAnTotNghiep\OpenServer\domains\landing.com\vendor\codeigniter4\framework\system\CodeIgniter.php(404): CodeIgniter\CodeIgniter->runController(Object(App\Controllers\Frontend\Auth\DetailUser))
#8 G:\DoAnTotNghiep\OpenServer\domains\landing.com\vendor\codeigniter4\framework\system\CodeIgniter.php(312): CodeIgniter\CodeIgniter->handleRequest(NULL, Object(Config\Cache), false)
#9 G:\DoAnTotNghiep\OpenServer\domains\landing.com\index.php(47): CodeIgniter\CodeIgniter->run()
#10 {main}
CRITICAL - 2022-08-31 22:09:29 --> Argument 1 passed to password_encode() must be of the type string, null given, called in G:\DoAnTotNghiep\OpenServer\domains\landing.com\app\Validation\UserRules.php on line 99
#0 G:\DoAnTotNghiep\OpenServer\domains\landing.com\app\Validation\UserRules.php(99): password_encode(NULL, 'ljx3ARygvZSmtc3...')
#1 G:\DoAnTotNghiep\OpenServer\domains\landing.com\vendor\codeigniter4\framework\system\Validation\Validation.php(325): App\Validation\UserRules->check_pass_member(NULL, '1', Array, NULL)
#2 G:\DoAnTotNghiep\OpenServer\domains\landing.com\vendor\codeigniter4\framework\system\Validation\Validation.php(189): CodeIgniter\Validation\Validation->processRules('old-password', 'old-password', NULL, Array, Array)
#3 G:\DoAnTotNghiep\OpenServer\domains\landing.com\vendor\codeigniter4\framework\system\Controller.php(219): CodeIgniter\Validation\Validation->run()
#4 G:\DoAnTotNghiep\OpenServer\domains\landing.com\app\Controllers\Frontend\Auth\DetailUser.php(53): CodeIgniter\Controller->validate(Array, Array)
#5 G:\DoAnTotNghiep\OpenServer\domains\landing.com\vendor\codeigniter4\framework\system\CodeIgniter.php(918): App\Controllers\Frontend\Auth\DetailUser->change_pass()
#6 G:\DoAnTotNghiep\OpenServer\domains\landing.com\vendor\codeigniter4\framework\system\CodeIgniter.php(404): CodeIgniter\CodeIgniter->runController(Object(App\Controllers\Frontend\Auth\DetailUser))
#7 G:\DoAnTotNghiep\OpenServer\domains\landing.com\vendor\codeigniter4\framework\system\CodeIgniter.php(312): CodeIgniter\CodeIgniter->handleRequest(NULL, Object(Config\Cache), false)
#8 G:\DoAnTotNghiep\OpenServer\domains\landing.com\index.php(47): CodeIgniter\CodeIgniter->run()
#9 {main}
