CRITICAL - 2021-08-14 01:32:04 --> Undefined variable: a
#0 G:\OpenServer\domains\htvietnam.com.va\app\Views\frontend\contact\contact\aboutus.php(36): CodeIgniter\Debug\Exceptions->errorHandler(8, 'Undefined varia...', 'G:\\OpenServer\\d...', 36, Array)
#1 G:\OpenServer\domains\htvietnam.com.va\vendor\codeigniter4\framework\system\View\View.php(246): include('G:\\OpenServer\\d...')
#2 G:\OpenServer\domains\htvietnam.com.va\vendor\codeigniter4\framework\system\Common.php(1119): CodeIgniter\View\View->render('frontend/contac...', Array, true)
#3 G:\OpenServer\domains\htvietnam.com.va\app\Views\frontend\homepage\layout\home.php(80): view('frontend/contac...')
#4 G:\OpenServer\domains\htvietnam.com.va\vendor\codeigniter4\framework\system\View\View.php(246): include('G:\\OpenServer\\d...')
#5 G:\OpenServer\domains\htvietnam.com.va\vendor\codeigniter4\framework\system\Common.php(1119): CodeIgniter\View\View->render('frontend/homepa...', Array, true)
#6 G:\OpenServer\domains\htvietnam.com.va\app\Controllers\Frontend\Contact\Contact.php(27): view('frontend/homepa...', Array)
#7 G:\OpenServer\domains\htvietnam.com.va\vendor\codeigniter4\framework\system\CodeIgniter.php(918): App\Controllers\Frontend\Contact\Contact->index()
#8 G:\OpenServer\domains\htvietnam.com.va\vendor\codeigniter4\framework\system\CodeIgniter.php(404): CodeIgniter\CodeIgniter->runController(Object(App\Controllers\Frontend\Contact\Contact))
#9 G:\OpenServer\domains\htvietnam.com.va\vendor\codeigniter4\framework\system\CodeIgniter.php(312): CodeIgniter\CodeIgniter->handleRequest(NULL, Object(Config\Cache), false)
#10 G:\OpenServer\domains\htvietnam.com.va\index.php(48): CodeIgniter\CodeIgniter->run()
#11 {main}
CRITICAL - 2021-08-14 01:41:45 --> Undefined variable: detailCatalogue
#0 G:\OpenServer\domains\htvietnam.com.va\app\Views\frontend\contact\contact\aboutus.php(7): CodeIgniter\Debug\Exceptions->errorHandler(8, 'Undefined varia...', 'G:\\OpenServer\\d...', 7, Array)
#1 G:\OpenServer\domains\htvietnam.com.va\vendor\codeigniter4\framework\system\View\View.php(246): include('G:\\OpenServer\\d...')
#2 G:\OpenServer\domains\htvietnam.com.va\vendor\codeigniter4\framework\system\Common.php(1119): CodeIgniter\View\View->render('frontend/contac...', Array, true)
#3 G:\OpenServer\domains\htvietnam.com.va\app\Views\frontend\homepage\layout\home.php(80): view('frontend/contac...')
#4 G:\OpenServer\domains\htvietnam.com.va\vendor\codeigniter4\framework\system\View\View.php(246): include('G:\\OpenServer\\d...')
#5 G:\OpenServer\domains\htvietnam.com.va\vendor\codeigniter4\framework\system\Common.php(1119): CodeIgniter\View\View->render('frontend/homepa...', Array, true)
#6 G:\OpenServer\domains\htvietnam.com.va\app\Controllers\Frontend\Contact\Contact.php(27): view('frontend/homepa...', Array)
#7 G:\OpenServer\domains\htvietnam.com.va\vendor\codeigniter4\framework\system\CodeIgniter.php(918): App\Controllers\Frontend\Contact\Contact->index()
#8 G:\OpenServer\domains\htvietnam.com.va\vendor\codeigniter4\framework\system\CodeIgniter.php(404): CodeIgniter\CodeIgniter->runController(Object(App\Controllers\Frontend\Contact\Contact))
#9 G:\OpenServer\domains\htvietnam.com.va\vendor\codeigniter4\framework\system\CodeIgniter.php(312): CodeIgniter\CodeIgniter->handleRequest(NULL, Object(Config\Cache), false)
#10 G:\OpenServer\domains\htvietnam.com.va\index.php(48): CodeIgniter\CodeIgniter->run()
#11 {main}
CRITICAL - 2021-08-14 01:45:19 --> Undefined variable: general
#0 G:\OpenServer\domains\htvietnam.com.va\app\Views\frontend\homepage\layout\home.php(17): CodeIgniter\Debug\Exceptions->errorHandler(8, 'Undefined varia...', 'G:\\OpenServer\\d...', 17, Array)
#1 G:\OpenServer\domains\htvietnam.com.va\vendor\codeigniter4\framework\system\View\View.php(246): include('G:\\OpenServer\\d...')
#2 G:\OpenServer\domains\htvietnam.com.va\vendor\codeigniter4\framework\system\Common.php(1119): CodeIgniter\View\View->render('frontend/homepa...', Array, true)
#3 G:\OpenServer\domains\htvietnam.com.va\app\Controllers\Frontend\Contact\Contact.php(147): view('frontend/homepa...', Array)
#4 G:\OpenServer\domains\htvietnam.com.va\vendor\codeigniter4\framework\system\CodeIgniter.php(918): App\Controllers\Frontend\Contact\Contact->index()
#5 G:\OpenServer\domains\htvietnam.com.va\vendor\codeigniter4\framework\system\CodeIgniter.php(404): CodeIgniter\CodeIgniter->runController(Object(App\Controllers\Frontend\Contact\Contact))
#6 G:\OpenServer\domains\htvietnam.com.va\vendor\codeigniter4\framework\system\CodeIgniter.php(312): CodeIgniter\CodeIgniter->handleRequest(NULL, Object(Config\Cache), false)
#7 G:\OpenServer\domains\htvietnam.com.va\index.php(48): CodeIgniter\CodeIgniter->run()
#8 {main}
CRITICAL - 2021-08-14 01:53:54 --> syntax error, unexpected end of file
#0 G:\OpenServer\domains\htvietnam.com.va\vendor\codeigniter4\framework\system\Common.php(1119): CodeIgniter\View\View->render('frontend/contac...', Array, true)
#1 G:\OpenServer\domains\htvietnam.com.va\app\Views\frontend\homepage\layout\home.php(80): view('frontend/contac...')
#2 G:\OpenServer\domains\htvietnam.com.va\vendor\codeigniter4\framework\system\View\View.php(246): include('G:\\OpenServer\\d...')
#3 G:\OpenServer\domains\htvietnam.com.va\vendor\codeigniter4\framework\system\Common.php(1119): CodeIgniter\View\View->render('frontend/homepa...', Array, true)
#4 G:\OpenServer\domains\htvietnam.com.va\app\Controllers\Frontend\Contact\Contact.php(148): view('frontend/homepa...', Array)
#5 G:\OpenServer\domains\htvietnam.com.va\vendor\codeigniter4\framework\system\CodeIgniter.php(918): App\Controllers\Frontend\Contact\Contact->index()
#6 G:\OpenServer\domains\htvietnam.com.va\vendor\codeigniter4\framework\system\CodeIgniter.php(404): CodeIgniter\CodeIgniter->runController(Object(App\Controllers\Frontend\Contact\Contact))
#7 G:\OpenServer\domains\htvietnam.com.va\vendor\codeigniter4\framework\system\CodeIgniter.php(312): CodeIgniter\CodeIgniter->handleRequest(NULL, Object(Config\Cache), false)
#8 G:\OpenServer\domains\htvietnam.com.va\index.php(48): CodeIgniter\CodeIgniter->run()
#9 {main}
CRITICAL - 2021-08-14 01:55:44 --> Undefined variable: detailCatalogue
#0 G:\OpenServer\domains\htvietnam.com.va\app\Controllers\Frontend\Contact\Contact.php(57): CodeIgniter\Debug\Exceptions->errorHandler(8, 'Undefined varia...', 'G:\\OpenServer\\d...', 57, Array)
#1 G:\OpenServer\domains\htvietnam.com.va\vendor\codeigniter4\framework\system\CodeIgniter.php(918): App\Controllers\Frontend\Contact\Contact->index()
#2 G:\OpenServer\domains\htvietnam.com.va\vendor\codeigniter4\framework\system\CodeIgniter.php(404): CodeIgniter\CodeIgniter->runController(Object(App\Controllers\Frontend\Contact\Contact))
#3 G:\OpenServer\domains\htvietnam.com.va\vendor\codeigniter4\framework\system\CodeIgniter.php(312): CodeIgniter\CodeIgniter->handleRequest(NULL, Object(Config\Cache), false)
#4 G:\OpenServer\domains\htvietnam.com.va\index.php(48): CodeIgniter\CodeIgniter->run()
#5 {main}
CRITICAL - 2021-08-14 02:40:40 --> A non well formed numeric value encountered
#0 [internal function]: CodeIgniter\Debug\Exceptions->errorHandler(8, 'A non well form...', 'G:\\OpenServer\\d...', 54, Array)
#1 G:\OpenServer\domains\htvietnam.com.va\app\Views\frontend\article\catalogue\index.php(54): date('F j, Y', '2021-08-14 14:3...')
#2 G:\OpenServer\domains\htvietnam.com.va\vendor\codeigniter4\framework\system\View\View.php(246): include('G:\\OpenServer\\d...')
#3 G:\OpenServer\domains\htvietnam.com.va\vendor\codeigniter4\framework\system\Common.php(1119): CodeIgniter\View\View->render('frontend/articl...', Array, true)
#4 G:\OpenServer\domains\htvietnam.com.va\app\Views\frontend\homepage\layout\home.php(80): view('frontend/articl...')
#5 G:\OpenServer\domains\htvietnam.com.va\vendor\codeigniter4\framework\system\View\View.php(246): include('G:\\OpenServer\\d...')
#6 G:\OpenServer\domains\htvietnam.com.va\vendor\codeigniter4\framework\system\Common.php(1119): CodeIgniter\View\View->render('frontend/homepa...', Array, true)
#7 G:\OpenServer\domains\htvietnam.com.va\app\Controllers\Frontend\Article\Catalogue.php(153): view('frontend/homepa...', Array)
#8 G:\OpenServer\domains\htvietnam.com.va\vendor\codeigniter4\framework\system\View\Cell.php(180): App\Controllers\Frontend\Article\Catalogue->index(3, 0)
#9 G:\OpenServer\domains\htvietnam.com.va\vendor\codeigniter4\framework\system\Common.php(1140): CodeIgniter\View\Cell->render('\\App\\Controller...', 'id=3, page=1', 0, 'AppControllersF...')
#10 G:\OpenServer\domains\htvietnam.com.va\app\Controllers\Frontend\Homepage\Router.php(59): view_cell('\\App\\Controller...', 'id=3, page=1')
#11 G:\OpenServer\domains\htvietnam.com.va\vendor\codeigniter4\framework\system\CodeIgniter.php(918): App\Controllers\Frontend\Homepage\Router->index('news')
#12 G:\OpenServer\domains\htvietnam.com.va\vendor\codeigniter4\framework\system\CodeIgniter.php(404): CodeIgniter\CodeIgniter->runController(Object(App\Controllers\Frontend\Homepage\Router))
#13 G:\OpenServer\domains\htvietnam.com.va\vendor\codeigniter4\framework\system\CodeIgniter.php(312): CodeIgniter\CodeIgniter->handleRequest(NULL, Object(Config\Cache), false)
#14 G:\OpenServer\domains\htvietnam.com.va\index.php(48): CodeIgniter\CodeIgniter->run()
#15 {main}
CRITICAL - 2021-08-14 02:40:51 --> A non well formed numeric value encountered
#0 [internal function]: CodeIgniter\Debug\Exceptions->errorHandler(8, 'A non well form...', 'G:\\OpenServer\\d...', 54, Array)
#1 G:\OpenServer\domains\htvietnam.com.va\app\Views\frontend\article\catalogue\index.php(54): date('F j, Y', '2021-08-14 14:3...')
#2 G:\OpenServer\domains\htvietnam.com.va\vendor\codeigniter4\framework\system\View\View.php(246): include('G:\\OpenServer\\d...')
#3 G:\OpenServer\domains\htvietnam.com.va\vendor\codeigniter4\framework\system\Common.php(1119): CodeIgniter\View\View->render('frontend/articl...', Array, true)
#4 G:\OpenServer\domains\htvietnam.com.va\app\Views\frontend\homepage\layout\home.php(80): view('frontend/articl...')
#5 G:\OpenServer\domains\htvietnam.com.va\vendor\codeigniter4\framework\system\View\View.php(246): include('G:\\OpenServer\\d...')
#6 G:\OpenServer\domains\htvietnam.com.va\vendor\codeigniter4\framework\system\Common.php(1119): CodeIgniter\View\View->render('frontend/homepa...', Array, true)
#7 G:\OpenServer\domains\htvietnam.com.va\app\Controllers\Frontend\Article\Catalogue.php(153): view('frontend/homepa...', Array)
#8 G:\OpenServer\domains\htvietnam.com.va\vendor\codeigniter4\framework\system\View\Cell.php(180): App\Controllers\Frontend\Article\Catalogue->index(3, 0)
#9 G:\OpenServer\domains\htvietnam.com.va\vendor\codeigniter4\framework\system\Common.php(1140): CodeIgniter\View\Cell->render('\\App\\Controller...', 'id=3, page=1', 0, 'AppControllersF...')
#10 G:\OpenServer\domains\htvietnam.com.va\app\Controllers\Frontend\Homepage\Router.php(59): view_cell('\\App\\Controller...', 'id=3, page=1')
#11 G:\OpenServer\domains\htvietnam.com.va\vendor\codeigniter4\framework\system\CodeIgniter.php(918): App\Controllers\Frontend\Homepage\Router->index('news')
#12 G:\OpenServer\domains\htvietnam.com.va\vendor\codeigniter4\framework\system\CodeIgniter.php(404): CodeIgniter\CodeIgniter->runController(Object(App\Controllers\Frontend\Homepage\Router))
#13 G:\OpenServer\domains\htvietnam.com.va\vendor\codeigniter4\framework\system\CodeIgniter.php(312): CodeIgniter\CodeIgniter->handleRequest(NULL, Object(Config\Cache), false)
#14 G:\OpenServer\domains\htvietnam.com.va\index.php(48): CodeIgniter\CodeIgniter->run()
#15 {main}
CRITICAL - 2021-08-14 02:47:27 --> syntax error, unexpected ';'
#0 G:\OpenServer\domains\htvietnam.com.va\vendor\codeigniter4\framework\system\Common.php(1119): CodeIgniter\View\View->render('frontend/articl...', Array, true)
#1 G:\OpenServer\domains\htvietnam.com.va\app\Views\frontend\homepage\layout\home.php(80): view('frontend/articl...')
#2 G:\OpenServer\domains\htvietnam.com.va\vendor\codeigniter4\framework\system\View\View.php(246): include('G:\\OpenServer\\d...')
#3 G:\OpenServer\domains\htvietnam.com.va\vendor\codeigniter4\framework\system\Common.php(1119): CodeIgniter\View\View->render('frontend/homepa...', Array, true)
#4 G:\OpenServer\domains\htvietnam.com.va\app\Controllers\Frontend\Article\Catalogue.php(153): view('frontend/homepa...', Array)
#5 G:\OpenServer\domains\htvietnam.com.va\vendor\codeigniter4\framework\system\View\Cell.php(180): App\Controllers\Frontend\Article\Catalogue->index(3, 0)
#6 G:\OpenServer\domains\htvietnam.com.va\vendor\codeigniter4\framework\system\Common.php(1140): CodeIgniter\View\Cell->render('\\App\\Controller...', 'id=3, page=1', 0, 'AppControllersF...')
#7 G:\OpenServer\domains\htvietnam.com.va\app\Controllers\Frontend\Homepage\Router.php(59): view_cell('\\App\\Controller...', 'id=3, page=1')
#8 G:\OpenServer\domains\htvietnam.com.va\vendor\codeigniter4\framework\system\CodeIgniter.php(918): App\Controllers\Frontend\Homepage\Router->index('news')
#9 G:\OpenServer\domains\htvietnam.com.va\vendor\codeigniter4\framework\system\CodeIgniter.php(404): CodeIgniter\CodeIgniter->runController(Object(App\Controllers\Frontend\Homepage\Router))
#10 G:\OpenServer\domains\htvietnam.com.va\vendor\codeigniter4\framework\system\CodeIgniter.php(312): CodeIgniter\CodeIgniter->handleRequest(NULL, Object(Config\Cache), false)
#11 G:\OpenServer\domains\htvietnam.com.va\index.php(48): CodeIgniter\CodeIgniter->run()
#12 {main}
CRITICAL - 2021-08-14 02:47:51 --> syntax error, unexpected '}'
#0 G:\OpenServer\domains\htvietnam.com.va\vendor\codeigniter4\framework\system\Common.php(1119): CodeIgniter\View\View->render('frontend/articl...', Array, true)
#1 G:\OpenServer\domains\htvietnam.com.va\app\Views\frontend\homepage\layout\home.php(80): view('frontend/articl...')
#2 G:\OpenServer\domains\htvietnam.com.va\vendor\codeigniter4\framework\system\View\View.php(246): include('G:\\OpenServer\\d...')
#3 G:\OpenServer\domains\htvietnam.com.va\vendor\codeigniter4\framework\system\Common.php(1119): CodeIgniter\View\View->render('frontend/homepa...', Array, true)
#4 G:\OpenServer\domains\htvietnam.com.va\app\Controllers\Frontend\Article\Catalogue.php(153): view('frontend/homepa...', Array)
#5 G:\OpenServer\domains\htvietnam.com.va\vendor\codeigniter4\framework\system\View\Cell.php(180): App\Controllers\Frontend\Article\Catalogue->index(3, 0)
#6 G:\OpenServer\domains\htvietnam.com.va\vendor\codeigniter4\framework\system\Common.php(1140): CodeIgniter\View\Cell->render('\\App\\Controller...', 'id=3, page=1', 0, 'AppControllersF...')
#7 G:\OpenServer\domains\htvietnam.com.va\app\Controllers\Frontend\Homepage\Router.php(59): view_cell('\\App\\Controller...', 'id=3, page=1')
#8 G:\OpenServer\domains\htvietnam.com.va\vendor\codeigniter4\framework\system\CodeIgniter.php(918): App\Controllers\Frontend\Homepage\Router->index('news')
#9 G:\OpenServer\domains\htvietnam.com.va\vendor\codeigniter4\framework\system\CodeIgniter.php(404): CodeIgniter\CodeIgniter->runController(Object(App\Controllers\Frontend\Homepage\Router))
#10 G:\OpenServer\domains\htvietnam.com.va\vendor\codeigniter4\framework\system\CodeIgniter.php(312): CodeIgniter\CodeIgniter->handleRequest(NULL, Object(Config\Cache), false)
#11 G:\OpenServer\domains\htvietnam.com.va\index.php(48): CodeIgniter\CodeIgniter->run()
#12 {main}
CRITICAL - 2021-08-14 03:02:19 --> Undefined index: limit
#0 G:\OpenServer\domains\htvietnam.com.va\app\Helpers\mydatafrontend_helper.php(454): CodeIgniter\Debug\Exceptions->errorHandler(8, 'Undefined index...', 'G:\\OpenServer\\d...', 454, Array)
#1 G:\OpenServer\domains\htvietnam.com.va\app\Views\frontend\article\catalogue\index.php(25): list_tag(Array)
#2 G:\OpenServer\domains\htvietnam.com.va\vendor\codeigniter4\framework\system\View\View.php(246): include('G:\\OpenServer\\d...')
#3 G:\OpenServer\domains\htvietnam.com.va\vendor\codeigniter4\framework\system\Common.php(1119): CodeIgniter\View\View->render('frontend/articl...', Array, true)
#4 G:\OpenServer\domains\htvietnam.com.va\app\Views\frontend\homepage\layout\home.php(80): view('frontend/articl...')
#5 G:\OpenServer\domains\htvietnam.com.va\vendor\codeigniter4\framework\system\View\View.php(246): include('G:\\OpenServer\\d...')
#6 G:\OpenServer\domains\htvietnam.com.va\vendor\codeigniter4\framework\system\Common.php(1119): CodeIgniter\View\View->render('frontend/homepa...', Array, true)
#7 G:\OpenServer\domains\htvietnam.com.va\app\Controllers\Frontend\Article\Catalogue.php(190): view('frontend/homepa...', Array)
#8 G:\OpenServer\domains\htvietnam.com.va\vendor\codeigniter4\framework\system\View\Cell.php(180): App\Controllers\Frontend\Article\Catalogue->index(3, 0)
#9 G:\OpenServer\domains\htvietnam.com.va\vendor\codeigniter4\framework\system\Common.php(1140): CodeIgniter\View\Cell->render('\\App\\Controller...', 'id=3, page=1', 0, 'AppControllersF...')
#10 G:\OpenServer\domains\htvietnam.com.va\app\Controllers\Frontend\Homepage\Router.php(59): view_cell('\\App\\Controller...', 'id=3, page=1')
#11 G:\OpenServer\domains\htvietnam.com.va\vendor\codeigniter4\framework\system\CodeIgniter.php(918): App\Controllers\Frontend\Homepage\Router->index('news')
#12 G:\OpenServer\domains\htvietnam.com.va\vendor\codeigniter4\framework\system\CodeIgniter.php(404): CodeIgniter\CodeIgniter->runController(Object(App\Controllers\Frontend\Homepage\Router))
#13 G:\OpenServer\domains\htvietnam.com.va\vendor\codeigniter4\framework\system\CodeIgniter.php(312): CodeIgniter\CodeIgniter->handleRequest(NULL, Object(Config\Cache), false)
#14 G:\OpenServer\domains\htvietnam.com.va\index.php(48): CodeIgniter\CodeIgniter->run()
#15 {main}
CRITICAL - 2021-08-14 03:05:26 --> Undefined index: canonical
#0 G:\OpenServer\domains\htvietnam.com.va\app\Views\frontend\article\catalogue\index.php(174): CodeIgniter\Debug\Exceptions->errorHandler(8, 'Undefined index...', 'G:\\OpenServer\\d...', 174, Array)
#1 G:\OpenServer\domains\htvietnam.com.va\vendor\codeigniter4\framework\system\View\View.php(246): include('G:\\OpenServer\\d...')
#2 G:\OpenServer\domains\htvietnam.com.va\vendor\codeigniter4\framework\system\Common.php(1119): CodeIgniter\View\View->render('frontend/articl...', Array, true)
#3 G:\OpenServer\domains\htvietnam.com.va\app\Views\frontend\homepage\layout\home.php(80): view('frontend/articl...')
#4 G:\OpenServer\domains\htvietnam.com.va\vendor\codeigniter4\framework\system\View\View.php(246): include('G:\\OpenServer\\d...')
#5 G:\OpenServer\domains\htvietnam.com.va\vendor\codeigniter4\framework\system\Common.php(1119): CodeIgniter\View\View->render('frontend/homepa...', Array, true)
#6 G:\OpenServer\domains\htvietnam.com.va\app\Controllers\Frontend\Article\Catalogue.php(190): view('frontend/homepa...', Array)
#7 G:\OpenServer\domains\htvietnam.com.va\vendor\codeigniter4\framework\system\View\Cell.php(180): App\Controllers\Frontend\Article\Catalogue->index(3, 0)
#8 G:\OpenServer\domains\htvietnam.com.va\vendor\codeigniter4\framework\system\Common.php(1140): CodeIgniter\View\Cell->render('\\App\\Controller...', 'id=3, page=1', 0, 'AppControllersF...')
#9 G:\OpenServer\domains\htvietnam.com.va\app\Controllers\Frontend\Homepage\Router.php(59): view_cell('\\App\\Controller...', 'id=3, page=1')
#10 G:\OpenServer\domains\htvietnam.com.va\vendor\codeigniter4\framework\system\CodeIgniter.php(918): App\Controllers\Frontend\Homepage\Router->index('news')
#11 G:\OpenServer\domains\htvietnam.com.va\vendor\codeigniter4\framework\system\CodeIgniter.php(404): CodeIgniter\CodeIgniter->runController(Object(App\Controllers\Frontend\Homepage\Router))
#12 G:\OpenServer\domains\htvietnam.com.va\vendor\codeigniter4\framework\system\CodeIgniter.php(312): CodeIgniter\CodeIgniter->handleRequest(NULL, Object(Config\Cache), false)
#13 G:\OpenServer\domains\htvietnam.com.va\index.php(48): CodeIgniter\CodeIgniter->run()
#14 {main}
CRITICAL - 2021-08-14 03:20:26 --> Undefined index: album
#0 G:\OpenServer\domains\htvietnam.com.va\app\Controllers\Frontend\Article\Article.php(61): CodeIgniter\Debug\Exceptions->errorHandler(8, 'Undefined index...', 'G:\\OpenServer\\d...', 61, Array)
#1 G:\OpenServer\domains\htvietnam.com.va\vendor\codeigniter4\framework\system\View\Cell.php(180): App\Controllers\Frontend\Article\Article->index(31, '1')
#2 G:\OpenServer\domains\htvietnam.com.va\vendor\codeigniter4\framework\system\Common.php(1140): CodeIgniter\View\Cell->render('\\App\\Controller...', 'id=31, page=1', 0, 'AppControllersF...')
#3 G:\OpenServer\domains\htvietnam.com.va\app\Controllers\Frontend\Homepage\Router.php(59): view_cell('\\App\\Controller...', 'id=31, page=1')
#4 G:\OpenServer\domains\htvietnam.com.va\vendor\codeigniter4\framework\system\CodeIgniter.php(918): App\Controllers\Frontend\Homepage\Router->index('three-secrets-t...')
#5 G:\OpenServer\domains\htvietnam.com.va\vendor\codeigniter4\framework\system\CodeIgniter.php(404): CodeIgniter\CodeIgniter->runController(Object(App\Controllers\Frontend\Homepage\Router))
#6 G:\OpenServer\domains\htvietnam.com.va\vendor\codeigniter4\framework\system\CodeIgniter.php(312): CodeIgniter\CodeIgniter->handleRequest(NULL, Object(Config\Cache), false)
#7 G:\OpenServer\domains\htvietnam.com.va\index.php(48): CodeIgniter\CodeIgniter->run()
#8 {main}
CRITICAL - 2021-08-14 03:20:43 --> Undefined index: catalogueid
#0 G:\OpenServer\domains\htvietnam.com.va\app\Controllers\Frontend\Article\Article.php(64): CodeIgniter\Debug\Exceptions->errorHandler(8, 'Undefined index...', 'G:\\OpenServer\\d...', 64, Array)
#1 G:\OpenServer\domains\htvietnam.com.va\vendor\codeigniter4\framework\system\View\Cell.php(180): App\Controllers\Frontend\Article\Article->index(31, '1')
#2 G:\OpenServer\domains\htvietnam.com.va\vendor\codeigniter4\framework\system\Common.php(1140): CodeIgniter\View\Cell->render('\\App\\Controller...', 'id=31, page=1', 0, 'AppControllersF...')
#3 G:\OpenServer\domains\htvietnam.com.va\app\Controllers\Frontend\Homepage\Router.php(59): view_cell('\\App\\Controller...', 'id=31, page=1')
#4 G:\OpenServer\domains\htvietnam.com.va\vendor\codeigniter4\framework\system\CodeIgniter.php(918): App\Controllers\Frontend\Homepage\Router->index('three-secrets-t...')
#5 G:\OpenServer\domains\htvietnam.com.va\vendor\codeigniter4\framework\system\CodeIgniter.php(404): CodeIgniter\CodeIgniter->runController(Object(App\Controllers\Frontend\Homepage\Router))
#6 G:\OpenServer\domains\htvietnam.com.va\vendor\codeigniter4\framework\system\CodeIgniter.php(312): CodeIgniter\CodeIgniter->handleRequest(NULL, Object(Config\Cache), false)
#7 G:\OpenServer\domains\htvietnam.com.va\index.php(48): CodeIgniter\CodeIgniter->run()
#8 {main}
CRITICAL - 2021-08-14 03:22:02 --> Undefined index: id
#0 G:\OpenServer\domains\htvietnam.com.va\app\Views\frontend\article\article\index.php(60): CodeIgniter\Debug\Exceptions->errorHandler(8, 'Undefined index...', 'G:\\OpenServer\\d...', 60, Array)
#1 G:\OpenServer\domains\htvietnam.com.va\vendor\codeigniter4\framework\system\View\View.php(246): include('G:\\OpenServer\\d...')
#2 G:\OpenServer\domains\htvietnam.com.va\vendor\codeigniter4\framework\system\Common.php(1119): CodeIgniter\View\View->render('frontend/articl...', Array, true)
#3 G:\OpenServer\domains\htvietnam.com.va\app\Views\frontend\homepage\layout\home.php(80): view('frontend/articl...')
#4 G:\OpenServer\domains\htvietnam.com.va\vendor\codeigniter4\framework\system\View\View.php(246): include('G:\\OpenServer\\d...')
#5 G:\OpenServer\domains\htvietnam.com.va\vendor\codeigniter4\framework\system\Common.php(1119): CodeIgniter\View\View->render('frontend/homepa...', Array, true)
#6 G:\OpenServer\domains\htvietnam.com.va\app\Controllers\Frontend\Article\Article.php(146): view('frontend/homepa...', Array)
#7 G:\OpenServer\domains\htvietnam.com.va\vendor\codeigniter4\framework\system\View\Cell.php(180): App\Controllers\Frontend\Article\Article->index(31, '1')
#8 G:\OpenServer\domains\htvietnam.com.va\vendor\codeigniter4\framework\system\Common.php(1140): CodeIgniter\View\Cell->render('\\App\\Controller...', 'id=31, page=1', 0, 'AppControllersF...')
#9 G:\OpenServer\domains\htvietnam.com.va\app\Controllers\Frontend\Homepage\Router.php(59): view_cell('\\App\\Controller...', 'id=31, page=1')
#10 G:\OpenServer\domains\htvietnam.com.va\vendor\codeigniter4\framework\system\CodeIgniter.php(918): App\Controllers\Frontend\Homepage\Router->index('three-secrets-t...')
#11 G:\OpenServer\domains\htvietnam.com.va\vendor\codeigniter4\framework\system\CodeIgniter.php(404): CodeIgniter\CodeIgniter->runController(Object(App\Controllers\Frontend\Homepage\Router))
#12 G:\OpenServer\domains\htvietnam.com.va\vendor\codeigniter4\framework\system\CodeIgniter.php(312): CodeIgniter\CodeIgniter->handleRequest(NULL, Object(Config\Cache), false)
#13 G:\OpenServer\domains\htvietnam.com.va\index.php(48): CodeIgniter\CodeIgniter->run()
#14 {main}
CRITICAL - 2021-08-14 03:43:15 --> Call to undefined function get_member_info()
#0 G:\OpenServer\domains\htvietnam.com.va\vendor\codeigniter4\framework\system\View\View.php(246): include()
#1 G:\OpenServer\domains\htvietnam.com.va\vendor\codeigniter4\framework\system\Common.php(1119): CodeIgniter\View\View->render('frontend/articl...', Array, true)
#2 G:\OpenServer\domains\htvietnam.com.va\app\Views\frontend\homepage\layout\home.php(80): view('frontend/articl...')
#3 G:\OpenServer\domains\htvietnam.com.va\vendor\codeigniter4\framework\system\View\View.php(246): include('G:\\OpenServer\\d...')
#4 G:\OpenServer\domains\htvietnam.com.va\vendor\codeigniter4\framework\system\Common.php(1119): CodeIgniter\View\View->render('frontend/homepa...', Array, true)
#5 G:\OpenServer\domains\htvietnam.com.va\app\Controllers\Frontend\Article\Article.php(154): view('frontend/homepa...', Array)
#6 G:\OpenServer\domains\htvietnam.com.va\vendor\codeigniter4\framework\system\View\Cell.php(180): App\Controllers\Frontend\Article\Article->index(31, '1')
#7 G:\OpenServer\domains\htvietnam.com.va\vendor\codeigniter4\framework\system\Common.php(1140): CodeIgniter\View\Cell->render('\\App\\Controller...', 'id=31, page=1', 0, 'AppControllersF...')
#8 G:\OpenServer\domains\htvietnam.com.va\app\Controllers\Frontend\Homepage\Router.php(59): view_cell('\\App\\Controller...', 'id=31, page=1')
#9 G:\OpenServer\domains\htvietnam.com.va\vendor\codeigniter4\framework\system\CodeIgniter.php(918): App\Controllers\Frontend\Homepage\Router->index('three-secrets-t...')
#10 G:\OpenServer\domains\htvietnam.com.va\vendor\codeigniter4\framework\system\CodeIgniter.php(404): CodeIgniter\CodeIgniter->runController(Object(App\Controllers\Frontend\Homepage\Router))
#11 G:\OpenServer\domains\htvietnam.com.va\vendor\codeigniter4\framework\system\CodeIgniter.php(312): CodeIgniter\CodeIgniter->handleRequest(NULL, Object(Config\Cache), false)
#12 G:\OpenServer\domains\htvietnam.com.va\index.php(48): CodeIgniter\CodeIgniter->run()
#13 {main}
CRITICAL - 2021-08-14 03:43:45 --> Call to undefined function get_member_info()
#0 G:\OpenServer\domains\htvietnam.com.va\vendor\codeigniter4\framework\system\View\View.php(246): include()
#1 G:\OpenServer\domains\htvietnam.com.va\vendor\codeigniter4\framework\system\Common.php(1119): CodeIgniter\View\View->render('frontend/articl...', Array, true)
#2 G:\OpenServer\domains\htvietnam.com.va\app\Views\frontend\homepage\layout\home.php(80): view('frontend/articl...')
#3 G:\OpenServer\domains\htvietnam.com.va\vendor\codeigniter4\framework\system\View\View.php(246): include('G:\\OpenServer\\d...')
#4 G:\OpenServer\domains\htvietnam.com.va\vendor\codeigniter4\framework\system\Common.php(1119): CodeIgniter\View\View->render('frontend/homepa...', Array, true)
#5 G:\OpenServer\domains\htvietnam.com.va\app\Controllers\Frontend\Article\Article.php(154): view('frontend/homepa...', Array)
#6 G:\OpenServer\domains\htvietnam.com.va\vendor\codeigniter4\framework\system\View\Cell.php(180): App\Controllers\Frontend\Article\Article->index(31, '1')
#7 G:\OpenServer\domains\htvietnam.com.va\vendor\codeigniter4\framework\system\Common.php(1140): CodeIgniter\View\Cell->render('\\App\\Controller...', 'id=31, page=1', 0, 'AppControllersF...')
#8 G:\OpenServer\domains\htvietnam.com.va\app\Controllers\Frontend\Homepage\Router.php(59): view_cell('\\App\\Controller...', 'id=31, page=1')
#9 G:\OpenServer\domains\htvietnam.com.va\vendor\codeigniter4\framework\system\CodeIgniter.php(918): App\Controllers\Frontend\Homepage\Router->index('three-secrets-t...')
#10 G:\OpenServer\domains\htvietnam.com.va\vendor\codeigniter4\framework\system\CodeIgniter.php(404): CodeIgniter\CodeIgniter->runController(Object(App\Controllers\Frontend\Homepage\Router))
#11 G:\OpenServer\domains\htvietnam.com.va\vendor\codeigniter4\framework\system\CodeIgniter.php(312): CodeIgniter\CodeIgniter->handleRequest(NULL, Object(Config\Cache), false)
#12 G:\OpenServer\domains\htvietnam.com.va\index.php(48): CodeIgniter\CodeIgniter->run()
#13 {main}
CRITICAL - 2021-08-14 03:44:14 --> Undefined variable: rate
#0 G:\OpenServer\domains\htvietnam.com.va\app\Views\frontend\article\article\index.php(206): CodeIgniter\Debug\Exceptions->errorHandler(8, 'Undefined varia...', 'G:\\OpenServer\\d...', 206, Array)
#1 G:\OpenServer\domains\htvietnam.com.va\vendor\codeigniter4\framework\system\View\View.php(246): include('G:\\OpenServer\\d...')
#2 G:\OpenServer\domains\htvietnam.com.va\vendor\codeigniter4\framework\system\Common.php(1119): CodeIgniter\View\View->render('frontend/articl...', Array, true)
#3 G:\OpenServer\domains\htvietnam.com.va\app\Views\frontend\homepage\layout\home.php(80): view('frontend/articl...')
#4 G:\OpenServer\domains\htvietnam.com.va\vendor\codeigniter4\framework\system\View\View.php(246): include('G:\\OpenServer\\d...')
#5 G:\OpenServer\domains\htvietnam.com.va\vendor\codeigniter4\framework\system\Common.php(1119): CodeIgniter\View\View->render('frontend/homepa...', Array, true)
#6 G:\OpenServer\domains\htvietnam.com.va\app\Controllers\Frontend\Article\Article.php(154): view('frontend/homepa...', Array)
#7 G:\OpenServer\domains\htvietnam.com.va\vendor\codeigniter4\framework\system\View\Cell.php(180): App\Controllers\Frontend\Article\Article->index(31, '1')
#8 G:\OpenServer\domains\htvietnam.com.va\vendor\codeigniter4\framework\system\Common.php(1140): CodeIgniter\View\Cell->render('\\App\\Controller...', 'id=31, page=1', 0, 'AppControllersF...')
#9 G:\OpenServer\domains\htvietnam.com.va\app\Controllers\Frontend\Homepage\Router.php(59): view_cell('\\App\\Controller...', 'id=31, page=1')
#10 G:\OpenServer\domains\htvietnam.com.va\vendor\codeigniter4\framework\system\CodeIgniter.php(918): App\Controllers\Frontend\Homepage\Router->index('three-secrets-t...')
#11 G:\OpenServer\domains\htvietnam.com.va\vendor\codeigniter4\framework\system\CodeIgniter.php(404): CodeIgniter\CodeIgniter->runController(Object(App\Controllers\Frontend\Homepage\Router))
#12 G:\OpenServer\domains\htvietnam.com.va\vendor\codeigniter4\framework\system\CodeIgniter.php(312): CodeIgniter\CodeIgniter->handleRequest(NULL, Object(Config\Cache), false)
#13 G:\OpenServer\domains\htvietnam.com.va\index.php(48): CodeIgniter\CodeIgniter->run()
#14 {main}
CRITICAL - 2021-08-14 03:53:45 --> Column 'phone' cannot be null
#0 G:\OpenServer\domains\htvietnam.com.va\vendor\codeigniter4\framework\system\Database\MySQLi\Connection.php(331): mysqli->query('INSERT INTO `co...')
#1 G:\OpenServer\domains\htvietnam.com.va\vendor\codeigniter4\framework\system\Database\BaseConnection.php(741): CodeIgniter\Database\MySQLi\Connection->execute('INSERT INTO `co...')
#2 G:\OpenServer\domains\htvietnam.com.va\vendor\codeigniter4\framework\system\Database\BaseConnection.php(669): CodeIgniter\Database\BaseConnection->simpleQuery('INSERT INTO `co...')
#3 G:\OpenServer\domains\htvietnam.com.va\vendor\codeigniter4\framework\system\Database\BaseBuilder.php(2249): CodeIgniter\Database\BaseConnection->query('INSERT INTO `co...', Array, false)
#4 G:\OpenServer\domains\htvietnam.com.va\app\Models\AutoloadModel.php(90): CodeIgniter\Database\BaseBuilder->insert(Array)
#5 G:\OpenServer\domains\htvietnam.com.va\app\Controllers\Ajax\Frontend\Dashboard.php(102): App\Models\AutoloadModel->_insert(Array)
#6 G:\OpenServer\domains\htvietnam.com.va\vendor\codeigniter4\framework\system\CodeIgniter.php(918): App\Controllers\Ajax\Frontend\Dashboard->send_comment()
#7 G:\OpenServer\domains\htvietnam.com.va\vendor\codeigniter4\framework\system\CodeIgniter.php(404): CodeIgniter\CodeIgniter->runController(Object(App\Controllers\Ajax\Frontend\Dashboard))
#8 G:\OpenServer\domains\htvietnam.com.va\vendor\codeigniter4\framework\system\CodeIgniter.php(312): CodeIgniter\CodeIgniter->handleRequest(NULL, Object(Config\Cache), false)
#9 G:\OpenServer\domains\htvietnam.com.va\index.php(48): CodeIgniter\CodeIgniter->run()
#10 {main}
CRITICAL - 2021-08-14 03:53:49 --> Column 'phone' cannot be null
#0 G:\OpenServer\domains\htvietnam.com.va\vendor\codeigniter4\framework\system\Database\MySQLi\Connection.php(331): mysqli->query('INSERT INTO `co...')
#1 G:\OpenServer\domains\htvietnam.com.va\vendor\codeigniter4\framework\system\Database\BaseConnection.php(741): CodeIgniter\Database\MySQLi\Connection->execute('INSERT INTO `co...')
#2 G:\OpenServer\domains\htvietnam.com.va\vendor\codeigniter4\framework\system\Database\BaseConnection.php(669): CodeIgniter\Database\BaseConnection->simpleQuery('INSERT INTO `co...')
#3 G:\OpenServer\domains\htvietnam.com.va\vendor\codeigniter4\framework\system\Database\BaseBuilder.php(2249): CodeIgniter\Database\BaseConnection->query('INSERT INTO `co...', Array, false)
#4 G:\OpenServer\domains\htvietnam.com.va\app\Models\AutoloadModel.php(90): CodeIgniter\Database\BaseBuilder->insert(Array)
#5 G:\OpenServer\domains\htvietnam.com.va\app\Controllers\Ajax\Frontend\Dashboard.php(102): App\Models\AutoloadModel->_insert(Array)
#6 G:\OpenServer\domains\htvietnam.com.va\vendor\codeigniter4\framework\system\CodeIgniter.php(918): App\Controllers\Ajax\Frontend\Dashboard->send_comment()
#7 G:\OpenServer\domains\htvietnam.com.va\vendor\codeigniter4\framework\system\CodeIgniter.php(404): CodeIgniter\CodeIgniter->runController(Object(App\Controllers\Ajax\Frontend\Dashboard))
#8 G:\OpenServer\domains\htvietnam.com.va\vendor\codeigniter4\framework\system\CodeIgniter.php(312): CodeIgniter\CodeIgniter->handleRequest(NULL, Object(Config\Cache), false)
#9 G:\OpenServer\domains\htvietnam.com.va\index.php(48): CodeIgniter\CodeIgniter->run()
#10 {main}
CRITICAL - 2021-08-14 04:18:37 --> Undefined variable: check
#0 G:\OpenServer\domains\htvietnam.com.va\app\Views\frontend\article\article\index.php(77): CodeIgniter\Debug\Exceptions->errorHandler(8, 'Undefined varia...', 'G:\\OpenServer\\d...', 77, Array)
#1 G:\OpenServer\domains\htvietnam.com.va\vendor\codeigniter4\framework\system\View\View.php(246): include('G:\\OpenServer\\d...')
#2 G:\OpenServer\domains\htvietnam.com.va\vendor\codeigniter4\framework\system\Common.php(1119): CodeIgniter\View\View->render('frontend/articl...', Array, true)
#3 G:\OpenServer\domains\htvietnam.com.va\app\Views\frontend\homepage\layout\home.php(80): view('frontend/articl...')
#4 G:\OpenServer\domains\htvietnam.com.va\vendor\codeigniter4\framework\system\View\View.php(246): include('G:\\OpenServer\\d...')
#5 G:\OpenServer\domains\htvietnam.com.va\vendor\codeigniter4\framework\system\Common.php(1119): CodeIgniter\View\View->render('frontend/homepa...', Array, true)
#6 G:\OpenServer\domains\htvietnam.com.va\app\Controllers\Frontend\Article\Article.php(159): view('frontend/homepa...', Array)
#7 G:\OpenServer\domains\htvietnam.com.va\vendor\codeigniter4\framework\system\View\Cell.php(180): App\Controllers\Frontend\Article\Article->index(31, '1')
#8 G:\OpenServer\domains\htvietnam.com.va\vendor\codeigniter4\framework\system\Common.php(1140): CodeIgniter\View\Cell->render('\\App\\Controller...', 'id=31, page=1', 0, 'AppControllersF...')
#9 G:\OpenServer\domains\htvietnam.com.va\app\Controllers\Frontend\Homepage\Router.php(59): view_cell('\\App\\Controller...', 'id=31, page=1')
#10 G:\OpenServer\domains\htvietnam.com.va\vendor\codeigniter4\framework\system\CodeIgniter.php(918): App\Controllers\Frontend\Homepage\Router->index('three-secrets-t...')
#11 G:\OpenServer\domains\htvietnam.com.va\vendor\codeigniter4\framework\system\CodeIgniter.php(404): CodeIgniter\CodeIgniter->runController(Object(App\Controllers\Frontend\Homepage\Router))
#12 G:\OpenServer\domains\htvietnam.com.va\vendor\codeigniter4\framework\system\CodeIgniter.php(312): CodeIgniter\CodeIgniter->handleRequest(NULL, Object(Config\Cache), false)
#13 G:\OpenServer\domains\htvietnam.com.va\index.php(48): CodeIgniter\CodeIgniter->run()
#14 {main}
CRITICAL - 2021-08-14 04:31:01 --> Undefined index: fullname
#0 G:\OpenServer\domains\htvietnam.com.va\app\Views\frontend\article\catalogue\index.php(49): CodeIgniter\Debug\Exceptions->errorHandler(8, 'Undefined index...', 'G:\\OpenServer\\d...', 49, Array)
#1 G:\OpenServer\domains\htvietnam.com.va\vendor\codeigniter4\framework\system\View\View.php(246): include('G:\\OpenServer\\d...')
#2 G:\OpenServer\domains\htvietnam.com.va\vendor\codeigniter4\framework\system\Common.php(1119): CodeIgniter\View\View->render('frontend/articl...', Array, true)
#3 G:\OpenServer\domains\htvietnam.com.va\app\Views\frontend\homepage\layout\home.php(80): view('frontend/articl...')
#4 G:\OpenServer\domains\htvietnam.com.va\vendor\codeigniter4\framework\system\View\View.php(246): include('G:\\OpenServer\\d...')
#5 G:\OpenServer\domains\htvietnam.com.va\vendor\codeigniter4\framework\system\Common.php(1119): CodeIgniter\View\View->render('frontend/homepa...', Array, true)
#6 G:\OpenServer\domains\htvietnam.com.va\app\Controllers\Frontend\Media\Catalogue.php(128): view('frontend/homepa...', Array)
#7 G:\OpenServer\domains\htvietnam.com.va\vendor\codeigniter4\framework\system\View\Cell.php(180): App\Controllers\Frontend\Media\Catalogue->index(1, 0)
#8 G:\OpenServer\domains\htvietnam.com.va\vendor\codeigniter4\framework\system\Common.php(1140): CodeIgniter\View\Cell->render('\\App\\Controller...', 'id=1, page=1', 0, 'AppControllersF...')
#9 G:\OpenServer\domains\htvietnam.com.va\app\Controllers\Frontend\Homepage\Router.php(59): view_cell('\\App\\Controller...', 'id=1, page=1')
#10 G:\OpenServer\domains\htvietnam.com.va\vendor\codeigniter4\framework\system\CodeIgniter.php(918): App\Controllers\Frontend\Homepage\Router->index('our-latest-proj...')
#11 G:\OpenServer\domains\htvietnam.com.va\vendor\codeigniter4\framework\system\CodeIgniter.php(404): CodeIgniter\CodeIgniter->runController(Object(App\Controllers\Frontend\Homepage\Router))
#12 G:\OpenServer\domains\htvietnam.com.va\vendor\codeigniter4\framework\system\CodeIgniter.php(312): CodeIgniter\CodeIgniter->handleRequest(NULL, Object(Config\Cache), false)
#13 G:\OpenServer\domains\htvietnam.com.va\index.php(48): CodeIgniter\CodeIgniter->run()
#14 {main}
CRITICAL - 2021-08-14 04:31:48 --> Undefined index: fullname
#0 G:\OpenServer\domains\htvietnam.com.va\app\Views\frontend\article\catalogue\index.php(49): CodeIgniter\Debug\Exceptions->errorHandler(8, 'Undefined index...', 'G:\\OpenServer\\d...', 49, Array)
#1 G:\OpenServer\domains\htvietnam.com.va\vendor\codeigniter4\framework\system\View\View.php(246): include('G:\\OpenServer\\d...')
#2 G:\OpenServer\domains\htvietnam.com.va\vendor\codeigniter4\framework\system\Common.php(1119): CodeIgniter\View\View->render('frontend/articl...', Array, true)
#3 G:\OpenServer\domains\htvietnam.com.va\app\Views\frontend\homepage\layout\home.php(80): view('frontend/articl...')
#4 G:\OpenServer\domains\htvietnam.com.va\vendor\codeigniter4\framework\system\View\View.php(246): include('G:\\OpenServer\\d...')
#5 G:\OpenServer\domains\htvietnam.com.va\vendor\codeigniter4\framework\system\Common.php(1119): CodeIgniter\View\View->render('frontend/homepa...', Array, true)
#6 G:\OpenServer\domains\htvietnam.com.va\app\Controllers\Frontend\Media\Catalogue.php(128): view('frontend/homepa...', Array)
#7 G:\OpenServer\domains\htvietnam.com.va\vendor\codeigniter4\framework\system\View\Cell.php(180): App\Controllers\Frontend\Media\Catalogue->index(1, 0)
#8 G:\OpenServer\domains\htvietnam.com.va\vendor\codeigniter4\framework\system\Common.php(1140): CodeIgniter\View\Cell->render('\\App\\Controller...', 'id=1, page=1', 0, 'AppControllersF...')
#9 G:\OpenServer\domains\htvietnam.com.va\app\Controllers\Frontend\Homepage\Router.php(59): view_cell('\\App\\Controller...', 'id=1, page=1')
#10 G:\OpenServer\domains\htvietnam.com.va\vendor\codeigniter4\framework\system\CodeIgniter.php(918): App\Controllers\Frontend\Homepage\Router->index('our-latest-proj...')
#11 G:\OpenServer\domains\htvietnam.com.va\vendor\codeigniter4\framework\system\CodeIgniter.php(404): CodeIgniter\CodeIgniter->runController(Object(App\Controllers\Frontend\Homepage\Router))
#12 G:\OpenServer\domains\htvietnam.com.va\vendor\codeigniter4\framework\system\CodeIgniter.php(312): CodeIgniter\CodeIgniter->handleRequest(NULL, Object(Config\Cache), false)
#13 G:\OpenServer\domains\htvietnam.com.va\index.php(48): CodeIgniter\CodeIgniter->run()
#14 {main}
CRITICAL - 2021-08-14 04:33:00 --> Undefined index: fullname
#0 G:\OpenServer\domains\htvietnam.com.va\app\Views\frontend\article\catalogue\index.php(49): CodeIgniter\Debug\Exceptions->errorHandler(8, 'Undefined index...', 'G:\\OpenServer\\d...', 49, Array)
#1 G:\OpenServer\domains\htvietnam.com.va\vendor\codeigniter4\framework\system\View\View.php(246): include('G:\\OpenServer\\d...')
#2 G:\OpenServer\domains\htvietnam.com.va\vendor\codeigniter4\framework\system\Common.php(1119): CodeIgniter\View\View->render('frontend/articl...', Array, true)
#3 G:\OpenServer\domains\htvietnam.com.va\app\Views\frontend\homepage\layout\home.php(80): view('frontend/articl...')
#4 G:\OpenServer\domains\htvietnam.com.va\vendor\codeigniter4\framework\system\View\View.php(246): include('G:\\OpenServer\\d...')
#5 G:\OpenServer\domains\htvietnam.com.va\vendor\codeigniter4\framework\system\Common.php(1119): CodeIgniter\View\View->render('frontend/homepa...', Array, true)
#6 G:\OpenServer\domains\htvietnam.com.va\app\Controllers\Frontend\Media\Catalogue.php(128): view('frontend/homepa...', Array)
#7 G:\OpenServer\domains\htvietnam.com.va\vendor\codeigniter4\framework\system\View\Cell.php(180): App\Controllers\Frontend\Media\Catalogue->index(1, 0)
#8 G:\OpenServer\domains\htvietnam.com.va\vendor\codeigniter4\framework\system\Common.php(1140): CodeIgniter\View\Cell->render('\\App\\Controller...', 'id=1, page=1', 0, 'AppControllersF...')
#9 G:\OpenServer\domains\htvietnam.com.va\app\Controllers\Frontend\Homepage\Router.php(59): view_cell('\\App\\Controller...', 'id=1, page=1')
#10 G:\OpenServer\domains\htvietnam.com.va\vendor\codeigniter4\framework\system\CodeIgniter.php(918): App\Controllers\Frontend\Homepage\Router->index('our-latest-proj...')
#11 G:\OpenServer\domains\htvietnam.com.va\vendor\codeigniter4\framework\system\CodeIgniter.php(404): CodeIgniter\CodeIgniter->runController(Object(App\Controllers\Frontend\Homepage\Router))
#12 G:\OpenServer\domains\htvietnam.com.va\vendor\codeigniter4\framework\system\CodeIgniter.php(312): CodeIgniter\CodeIgniter->handleRequest(NULL, Object(Config\Cache), false)
#13 G:\OpenServer\domains\htvietnam.com.va\index.php(48): CodeIgniter\CodeIgniter->run()
#14 {main}
CRITICAL - 2021-08-14 04:33:13 --> syntax error, unexpected 'asdasd' (T_STRING), expecting function (T_FUNCTION) or const (T_CONST)
#0 G:\OpenServer\domains\htvietnam.com.va\vendor\codeigniter4\framework\system\Autoloader\Autoloader.php(296): CodeIgniter\Autoloader\Autoloader->requireFile('G:\\OpenServer\\d...')
#1 G:\OpenServer\domains\htvietnam.com.va\vendor\codeigniter4\framework\system\Autoloader\Autoloader.php(258): CodeIgniter\Autoloader\Autoloader->loadInNamespace('App\\Controllers...')
#2 [internal function]: CodeIgniter\Autoloader\Autoloader->loadClass('App\\Controllers...')
#3 [internal function]: spl_autoload_call('App\\Controllers...')
#4 G:\OpenServer\domains\htvietnam.com.va\vendor\codeigniter4\framework\system\View\Cell.php(266): class_exists('\\App\\Controller...', true)
#5 G:\OpenServer\domains\htvietnam.com.va\vendor\codeigniter4\framework\system\View\Cell.php(110): CodeIgniter\View\Cell->determineClass('\\App\\Controller...')
#6 G:\OpenServer\domains\htvietnam.com.va\vendor\codeigniter4\framework\system\Common.php(1140): CodeIgniter\View\Cell->render('\\App\\Controller...', 'id=1, page=1', 0, NULL)
#7 G:\OpenServer\domains\htvietnam.com.va\app\Controllers\Frontend\Homepage\Router.php(59): view_cell('\\App\\Controller...', 'id=1, page=1')
#8 G:\OpenServer\domains\htvietnam.com.va\vendor\codeigniter4\framework\system\CodeIgniter.php(918): App\Controllers\Frontend\Homepage\Router->index('our-latest-proj...')
#9 G:\OpenServer\domains\htvietnam.com.va\vendor\codeigniter4\framework\system\CodeIgniter.php(404): CodeIgniter\CodeIgniter->runController(Object(App\Controllers\Frontend\Homepage\Router))
#10 G:\OpenServer\domains\htvietnam.com.va\vendor\codeigniter4\framework\system\CodeIgniter.php(312): CodeIgniter\CodeIgniter->handleRequest(NULL, Object(Config\Cache), false)
#11 G:\OpenServer\domains\htvietnam.com.va\index.php(48): CodeIgniter\CodeIgniter->run()
#12 {main}
CRITICAL - 2021-08-14 04:37:56 --> Undefined index: icon
#0 G:\OpenServer\domains\htvietnam.com.va\app\Views\frontend\media\catalogue\index.php(33): CodeIgniter\Debug\Exceptions->errorHandler(8, 'Undefined index...', 'G:\\OpenServer\\d...', 33, Array)
#1 G:\OpenServer\domains\htvietnam.com.va\vendor\codeigniter4\framework\system\View\View.php(246): include('G:\\OpenServer\\d...')
#2 G:\OpenServer\domains\htvietnam.com.va\vendor\codeigniter4\framework\system\Common.php(1119): CodeIgniter\View\View->render('frontend/media/...', Array, true)
#3 G:\OpenServer\domains\htvietnam.com.va\app\Views\frontend\homepage\layout\home.php(80): view('frontend/media/...')
#4 G:\OpenServer\domains\htvietnam.com.va\vendor\codeigniter4\framework\system\View\View.php(246): include('G:\\OpenServer\\d...')
#5 G:\OpenServer\domains\htvietnam.com.va\vendor\codeigniter4\framework\system\Common.php(1119): CodeIgniter\View\View->render('frontend/homepa...', Array, true)
#6 G:\OpenServer\domains\htvietnam.com.va\app\Controllers\Frontend\Media\Catalogue.php(148): view('frontend/homepa...', Array)
#7 G:\OpenServer\domains\htvietnam.com.va\vendor\codeigniter4\framework\system\View\Cell.php(180): App\Controllers\Frontend\Media\Catalogue->index(1, 0)
#8 G:\OpenServer\domains\htvietnam.com.va\vendor\codeigniter4\framework\system\Common.php(1140): CodeIgniter\View\Cell->render('\\App\\Controller...', 'id=1, page=1', 0, 'AppControllersF...')
#9 G:\OpenServer\domains\htvietnam.com.va\app\Controllers\Frontend\Homepage\Router.php(59): view_cell('\\App\\Controller...', 'id=1, page=1')
#10 G:\OpenServer\domains\htvietnam.com.va\vendor\codeigniter4\framework\system\CodeIgniter.php(918): App\Controllers\Frontend\Homepage\Router->index('our-latest-proj...')
#11 G:\OpenServer\domains\htvietnam.com.va\vendor\codeigniter4\framework\system\CodeIgniter.php(404): CodeIgniter\CodeIgniter->runController(Object(App\Controllers\Frontend\Homepage\Router))
#12 G:\OpenServer\domains\htvietnam.com.va\vendor\codeigniter4\framework\system\CodeIgniter.php(312): CodeIgniter\CodeIgniter->handleRequest(NULL, Object(Config\Cache), false)
#13 G:\OpenServer\domains\htvietnam.com.va\index.php(48): CodeIgniter\CodeIgniter->run()
#14 {main}
CRITICAL - 2021-08-14 04:38:20 --> Undefined variable: panel
#0 G:\OpenServer\domains\htvietnam.com.va\app\Views\frontend\media\catalogue\index.php(77): CodeIgniter\Debug\Exceptions->errorHandler(8, 'Undefined varia...', 'G:\\OpenServer\\d...', 77, Array)
#1 G:\OpenServer\domains\htvietnam.com.va\vendor\codeigniter4\framework\system\View\View.php(246): include('G:\\OpenServer\\d...')
#2 G:\OpenServer\domains\htvietnam.com.va\vendor\codeigniter4\framework\system\Common.php(1119): CodeIgniter\View\View->render('frontend/media/...', Array, true)
#3 G:\OpenServer\domains\htvietnam.com.va\app\Views\frontend\homepage\layout\home.php(80): view('frontend/media/...')
#4 G:\OpenServer\domains\htvietnam.com.va\vendor\codeigniter4\framework\system\View\View.php(246): include('G:\\OpenServer\\d...')
#5 G:\OpenServer\domains\htvietnam.com.va\vendor\codeigniter4\framework\system\Common.php(1119): CodeIgniter\View\View->render('frontend/homepa...', Array, true)
#6 G:\OpenServer\domains\htvietnam.com.va\app\Controllers\Frontend\Media\Catalogue.php(148): view('frontend/homepa...', Array)
#7 G:\OpenServer\domains\htvietnam.com.va\vendor\codeigniter4\framework\system\View\Cell.php(180): App\Controllers\Frontend\Media\Catalogue->index(1, 0)
#8 G:\OpenServer\domains\htvietnam.com.va\vendor\codeigniter4\framework\system\Common.php(1140): CodeIgniter\View\Cell->render('\\App\\Controller...', 'id=1, page=1', 0, 'AppControllersF...')
#9 G:\OpenServer\domains\htvietnam.com.va\app\Controllers\Frontend\Homepage\Router.php(59): view_cell('\\App\\Controller...', 'id=1, page=1')
#10 G:\OpenServer\domains\htvietnam.com.va\vendor\codeigniter4\framework\system\CodeIgniter.php(918): App\Controllers\Frontend\Homepage\Router->index('our-latest-proj...')
#11 G:\OpenServer\domains\htvietnam.com.va\vendor\codeigniter4\framework\system\CodeIgniter.php(404): CodeIgniter\CodeIgniter->runController(Object(App\Controllers\Frontend\Homepage\Router))
#12 G:\OpenServer\domains\htvietnam.com.va\vendor\codeigniter4\framework\system\CodeIgniter.php(312): CodeIgniter\CodeIgniter->handleRequest(NULL, Object(Config\Cache), false)
#13 G:\OpenServer\domains\htvietnam.com.va\index.php(48): CodeIgniter\CodeIgniter->run()
#14 {main}
CRITICAL - 2021-08-14 04:38:37 --> Undefined variable: owlInit
#0 G:\OpenServer\domains\htvietnam.com.va\app\Views\frontend\media\catalogue\index.php(83): CodeIgniter\Debug\Exceptions->errorHandler(8, 'Undefined varia...', 'G:\\OpenServer\\d...', 83, Array)
#1 G:\OpenServer\domains\htvietnam.com.va\vendor\codeigniter4\framework\system\View\View.php(246): include('G:\\OpenServer\\d...')
#2 G:\OpenServer\domains\htvietnam.com.va\vendor\codeigniter4\framework\system\Common.php(1119): CodeIgniter\View\View->render('frontend/media/...', Array, true)
#3 G:\OpenServer\domains\htvietnam.com.va\app\Views\frontend\homepage\layout\home.php(80): view('frontend/media/...')
#4 G:\OpenServer\domains\htvietnam.com.va\vendor\codeigniter4\framework\system\View\View.php(246): include('G:\\OpenServer\\d...')
#5 G:\OpenServer\domains\htvietnam.com.va\vendor\codeigniter4\framework\system\Common.php(1119): CodeIgniter\View\View->render('frontend/homepa...', Array, true)
#6 G:\OpenServer\domains\htvietnam.com.va\app\Controllers\Frontend\Media\Catalogue.php(148): view('frontend/homepa...', Array)
#7 G:\OpenServer\domains\htvietnam.com.va\vendor\codeigniter4\framework\system\View\Cell.php(180): App\Controllers\Frontend\Media\Catalogue->index(1, 0)
#8 G:\OpenServer\domains\htvietnam.com.va\vendor\codeigniter4\framework\system\Common.php(1140): CodeIgniter\View\Cell->render('\\App\\Controller...', 'id=1, page=1', 0, 'AppControllersF...')
#9 G:\OpenServer\domains\htvietnam.com.va\app\Controllers\Frontend\Homepage\Router.php(59): view_cell('\\App\\Controller...', 'id=1, page=1')
#10 G:\OpenServer\domains\htvietnam.com.va\vendor\codeigniter4\framework\system\CodeIgniter.php(918): App\Controllers\Frontend\Homepage\Router->index('our-latest-proj...')
#11 G:\OpenServer\domains\htvietnam.com.va\vendor\codeigniter4\framework\system\CodeIgniter.php(404): CodeIgniter\CodeIgniter->runController(Object(App\Controllers\Frontend\Homepage\Router))
#12 G:\OpenServer\domains\htvietnam.com.va\vendor\codeigniter4\framework\system\CodeIgniter.php(312): CodeIgniter\CodeIgniter->handleRequest(NULL, Object(Config\Cache), false)
#13 G:\OpenServer\domains\htvietnam.com.va\index.php(48): CodeIgniter\CodeIgniter->run()
#14 {main}
CRITICAL - 2021-08-14 04:53:46 --> Undefined index: catalogueid
#0 G:\OpenServer\domains\htvietnam.com.va\app\Views\frontend\media\catalogue\index.php(102): CodeIgniter\Debug\Exceptions->errorHandler(8, 'Undefined index...', 'G:\\OpenServer\\d...', 102, Array)
#1 G:\OpenServer\domains\htvietnam.com.va\vendor\codeigniter4\framework\system\View\View.php(246): include('G:\\OpenServer\\d...')
#2 G:\OpenServer\domains\htvietnam.com.va\vendor\codeigniter4\framework\system\Common.php(1119): CodeIgniter\View\View->render('frontend/media/...', Array, true)
#3 G:\OpenServer\domains\htvietnam.com.va\app\Views\frontend\homepage\layout\home.php(80): view('frontend/media/...')
#4 G:\OpenServer\domains\htvietnam.com.va\vendor\codeigniter4\framework\system\View\View.php(246): include('G:\\OpenServer\\d...')
#5 G:\OpenServer\domains\htvietnam.com.va\vendor\codeigniter4\framework\system\Common.php(1119): CodeIgniter\View\View->render('frontend/homepa...', Array, true)
#6 G:\OpenServer\domains\htvietnam.com.va\app\Controllers\Frontend\Media\Catalogue.php(150): view('frontend/homepa...', Array)
#7 G:\OpenServer\domains\htvietnam.com.va\vendor\codeigniter4\framework\system\View\Cell.php(180): App\Controllers\Frontend\Media\Catalogue->index(1, 0)
#8 G:\OpenServer\domains\htvietnam.com.va\vendor\codeigniter4\framework\system\Common.php(1140): CodeIgniter\View\Cell->render('\\App\\Controller...', 'id=1, page=1', 0, 'AppControllersF...')
#9 G:\OpenServer\domains\htvietnam.com.va\app\Controllers\Frontend\Homepage\Router.php(59): view_cell('\\App\\Controller...', 'id=1, page=1')
#10 G:\OpenServer\domains\htvietnam.com.va\vendor\codeigniter4\framework\system\CodeIgniter.php(918): App\Controllers\Frontend\Homepage\Router->index('our-latest-proj...')
#11 G:\OpenServer\domains\htvietnam.com.va\vendor\codeigniter4\framework\system\CodeIgniter.php(404): CodeIgniter\CodeIgniter->runController(Object(App\Controllers\Frontend\Homepage\Router))
#12 G:\OpenServer\domains\htvietnam.com.va\vendor\codeigniter4\framework\system\CodeIgniter.php(312): CodeIgniter\CodeIgniter->handleRequest(NULL, Object(Config\Cache), false)
#13 G:\OpenServer\domains\htvietnam.com.va\index.php(48): CodeIgniter\CodeIgniter->run()
#14 {main}
CRITICAL - 2021-08-14 04:54:35 --> Undefined index: image
#0 G:\OpenServer\domains\htvietnam.com.va\app\Views\frontend\media\catalogue\index.php(107): CodeIgniter\Debug\Exceptions->errorHandler(8, 'Undefined index...', 'G:\\OpenServer\\d...', 107, Array)
#1 G:\OpenServer\domains\htvietnam.com.va\vendor\codeigniter4\framework\system\View\View.php(246): include('G:\\OpenServer\\d...')
#2 G:\OpenServer\domains\htvietnam.com.va\vendor\codeigniter4\framework\system\Common.php(1119): CodeIgniter\View\View->render('frontend/media/...', Array, true)
#3 G:\OpenServer\domains\htvietnam.com.va\app\Views\frontend\homepage\layout\home.php(80): view('frontend/media/...')
#4 G:\OpenServer\domains\htvietnam.com.va\vendor\codeigniter4\framework\system\View\View.php(246): include('G:\\OpenServer\\d...')
#5 G:\OpenServer\domains\htvietnam.com.va\vendor\codeigniter4\framework\system\Common.php(1119): CodeIgniter\View\View->render('frontend/homepa...', Array, true)
#6 G:\OpenServer\domains\htvietnam.com.va\app\Controllers\Frontend\Media\Catalogue.php(150): view('frontend/homepa...', Array)
#7 G:\OpenServer\domains\htvietnam.com.va\vendor\codeigniter4\framework\system\View\Cell.php(180): App\Controllers\Frontend\Media\Catalogue->index(1, 0)
#8 G:\OpenServer\domains\htvietnam.com.va\vendor\codeigniter4\framework\system\Common.php(1140): CodeIgniter\View\Cell->render('\\App\\Controller...', 'id=1, page=1', 0, 'AppControllersF...')
#9 G:\OpenServer\domains\htvietnam.com.va\app\Controllers\Frontend\Homepage\Router.php(59): view_cell('\\App\\Controller...', 'id=1, page=1')
#10 G:\OpenServer\domains\htvietnam.com.va\vendor\codeigniter4\framework\system\CodeIgniter.php(918): App\Controllers\Frontend\Homepage\Router->index('our-latest-proj...')
#11 G:\OpenServer\domains\htvietnam.com.va\vendor\codeigniter4\framework\system\CodeIgniter.php(404): CodeIgniter\CodeIgniter->runController(Object(App\Controllers\Frontend\Homepage\Router))
#12 G:\OpenServer\domains\htvietnam.com.va\vendor\codeigniter4\framework\system\CodeIgniter.php(312): CodeIgniter\CodeIgniter->handleRequest(NULL, Object(Config\Cache), false)
#13 G:\OpenServer\domains\htvietnam.com.va\index.php(48): CodeIgniter\CodeIgniter->run()
#14 {main}
CRITICAL - 2021-08-14 04:55:07 --> Undefined index: fullname
#0 G:\OpenServer\domains\htvietnam.com.va\app\Views\frontend\article\article\index.php(32): CodeIgniter\Debug\Exceptions->errorHandler(8, 'Undefined index...', 'G:\\OpenServer\\d...', 32, Array)
#1 G:\OpenServer\domains\htvietnam.com.va\vendor\codeigniter4\framework\system\View\View.php(246): include('G:\\OpenServer\\d...')
#2 G:\OpenServer\domains\htvietnam.com.va\vendor\codeigniter4\framework\system\Common.php(1119): CodeIgniter\View\View->render('frontend/articl...', Array, true)
#3 G:\OpenServer\domains\htvietnam.com.va\app\Views\frontend\homepage\layout\home.php(80): view('frontend/articl...')
#4 G:\OpenServer\domains\htvietnam.com.va\vendor\codeigniter4\framework\system\View\View.php(246): include('G:\\OpenServer\\d...')
#5 G:\OpenServer\domains\htvietnam.com.va\vendor\codeigniter4\framework\system\Common.php(1119): CodeIgniter\View\View->render('frontend/homepa...', Array, true)
#6 G:\OpenServer\domains\htvietnam.com.va\app\Controllers\Frontend\Media\Media.php(99): view('frontend/homepa...', Array)
#7 G:\OpenServer\domains\htvietnam.com.va\vendor\codeigniter4\framework\system\View\Cell.php(180): App\Controllers\Frontend\Media\Media->index(6, '1')
#8 G:\OpenServer\domains\htvietnam.com.va\vendor\codeigniter4\framework\system\Common.php(1140): CodeIgniter\View\Cell->render('\\App\\Controller...', 'id=6, page=1', 0, 'AppControllersF...')
#9 G:\OpenServer\domains\htvietnam.com.va\app\Controllers\Frontend\Homepage\Router.php(59): view_cell('\\App\\Controller...', 'id=6, page=1')
#10 G:\OpenServer\domains\htvietnam.com.va\vendor\codeigniter4\framework\system\CodeIgniter.php(918): App\Controllers\Frontend\Homepage\Router->index('smelter-for-cop...')
#11 G:\OpenServer\domains\htvietnam.com.va\vendor\codeigniter4\framework\system\CodeIgniter.php(404): CodeIgniter\CodeIgniter->runController(Object(App\Controllers\Frontend\Homepage\Router))
#12 G:\OpenServer\domains\htvietnam.com.va\vendor\codeigniter4\framework\system\CodeIgniter.php(312): CodeIgniter\CodeIgniter->handleRequest(NULL, Object(Config\Cache), false)
#13 G:\OpenServer\domains\htvietnam.com.va\index.php(48): CodeIgniter\CodeIgniter->run()
#14 {main}
CRITICAL - 2021-08-14 04:57:47 --> Undefined index: fullname
#0 G:\OpenServer\domains\htvietnam.com.va\app\Views\frontend\article\article\index.php(32): CodeIgniter\Debug\Exceptions->errorHandler(8, 'Undefined index...', 'G:\\OpenServer\\d...', 32, Array)
#1 G:\OpenServer\domains\htvietnam.com.va\vendor\codeigniter4\framework\system\View\View.php(246): include('G:\\OpenServer\\d...')
#2 G:\OpenServer\domains\htvietnam.com.va\vendor\codeigniter4\framework\system\Common.php(1119): CodeIgniter\View\View->render('frontend/articl...', Array, true)
#3 G:\OpenServer\domains\htvietnam.com.va\app\Views\frontend\homepage\layout\home.php(80): view('frontend/articl...')
#4 G:\OpenServer\domains\htvietnam.com.va\vendor\codeigniter4\framework\system\View\View.php(246): include('G:\\OpenServer\\d...')
#5 G:\OpenServer\domains\htvietnam.com.va\vendor\codeigniter4\framework\system\Common.php(1119): CodeIgniter\View\View->render('frontend/homepa...', Array, true)
#6 G:\OpenServer\domains\htvietnam.com.va\app\Controllers\Frontend\Media\Media.php(99): view('frontend/homepa...', Array)
#7 G:\OpenServer\domains\htvietnam.com.va\vendor\codeigniter4\framework\system\View\Cell.php(180): App\Controllers\Frontend\Media\Media->index(6, '1')
#8 G:\OpenServer\domains\htvietnam.com.va\vendor\codeigniter4\framework\system\Common.php(1140): CodeIgniter\View\Cell->render('\\App\\Controller...', 'id=6, page=1', 0, 'AppControllersF...')
#9 G:\OpenServer\domains\htvietnam.com.va\app\Controllers\Frontend\Homepage\Router.php(59): view_cell('\\App\\Controller...', 'id=6, page=1')
#10 G:\OpenServer\domains\htvietnam.com.va\vendor\codeigniter4\framework\system\CodeIgniter.php(918): App\Controllers\Frontend\Homepage\Router->index('smelter-for-cop...')
#11 G:\OpenServer\domains\htvietnam.com.va\vendor\codeigniter4\framework\system\CodeIgniter.php(404): CodeIgniter\CodeIgniter->runController(Object(App\Controllers\Frontend\Homepage\Router))
#12 G:\OpenServer\domains\htvietnam.com.va\vendor\codeigniter4\framework\system\CodeIgniter.php(312): CodeIgniter\CodeIgniter->handleRequest(NULL, Object(Config\Cache), false)
#13 G:\OpenServer\domains\htvietnam.com.va\index.php(48): CodeIgniter\CodeIgniter->run()
#14 {main}
CRITICAL - 2021-08-14 04:58:09 --> Undefined index: fullname
#0 G:\OpenServer\domains\htvietnam.com.va\app\Views\frontend\media\media\index.php(32): CodeIgniter\Debug\Exceptions->errorHandler(8, 'Undefined index...', 'G:\\OpenServer\\d...', 32, Array)
#1 G:\OpenServer\domains\htvietnam.com.va\vendor\codeigniter4\framework\system\View\View.php(246): include('G:\\OpenServer\\d...')
#2 G:\OpenServer\domains\htvietnam.com.va\vendor\codeigniter4\framework\system\Common.php(1119): CodeIgniter\View\View->render('frontend/media/...', Array, true)
#3 G:\OpenServer\domains\htvietnam.com.va\app\Views\frontend\homepage\layout\home.php(80): view('frontend/media/...')
#4 G:\OpenServer\domains\htvietnam.com.va\vendor\codeigniter4\framework\system\View\View.php(246): include('G:\\OpenServer\\d...')
#5 G:\OpenServer\domains\htvietnam.com.va\vendor\codeigniter4\framework\system\Common.php(1119): CodeIgniter\View\View->render('frontend/homepa...', Array, true)
#6 G:\OpenServer\domains\htvietnam.com.va\app\Controllers\Frontend\Media\Media.php(99): view('frontend/homepa...', Array)
#7 G:\OpenServer\domains\htvietnam.com.va\vendor\codeigniter4\framework\system\View\Cell.php(180): App\Controllers\Frontend\Media\Media->index(6, '1')
#8 G:\OpenServer\domains\htvietnam.com.va\vendor\codeigniter4\framework\system\Common.php(1140): CodeIgniter\View\Cell->render('\\App\\Controller...', 'id=6, page=1', 0, 'AppControllersF...')
#9 G:\OpenServer\domains\htvietnam.com.va\app\Controllers\Frontend\Homepage\Router.php(59): view_cell('\\App\\Controller...', 'id=6, page=1')
#10 G:\OpenServer\domains\htvietnam.com.va\vendor\codeigniter4\framework\system\CodeIgniter.php(918): App\Controllers\Frontend\Homepage\Router->index('smelter-for-cop...')
#11 G:\OpenServer\domains\htvietnam.com.va\vendor\codeigniter4\framework\system\CodeIgniter.php(404): CodeIgniter\CodeIgniter->runController(Object(App\Controllers\Frontend\Homepage\Router))
#12 G:\OpenServer\domains\htvietnam.com.va\vendor\codeigniter4\framework\system\CodeIgniter.php(312): CodeIgniter\CodeIgniter->handleRequest(NULL, Object(Config\Cache), false)
#13 G:\OpenServer\domains\htvietnam.com.va\index.php(48): CodeIgniter\CodeIgniter->run()
#14 {main}
CRITICAL - 2021-08-14 04:58:46 --> Undefined index: catalogue
#0 G:\OpenServer\domains\htvietnam.com.va\app\Views\frontend\media\media\index.php(41): CodeIgniter\Debug\Exceptions->errorHandler(8, 'Undefined index...', 'G:\\OpenServer\\d...', 41, Array)
#1 G:\OpenServer\domains\htvietnam.com.va\vendor\codeigniter4\framework\system\View\View.php(246): include('G:\\OpenServer\\d...')
#2 G:\OpenServer\domains\htvietnam.com.va\vendor\codeigniter4\framework\system\Common.php(1119): CodeIgniter\View\View->render('frontend/media/...', Array, true)
#3 G:\OpenServer\domains\htvietnam.com.va\app\Views\frontend\homepage\layout\home.php(80): view('frontend/media/...')
#4 G:\OpenServer\domains\htvietnam.com.va\vendor\codeigniter4\framework\system\View\View.php(246): include('G:\\OpenServer\\d...')
#5 G:\OpenServer\domains\htvietnam.com.va\vendor\codeigniter4\framework\system\Common.php(1119): CodeIgniter\View\View->render('frontend/homepa...', Array, true)
#6 G:\OpenServer\domains\htvietnam.com.va\app\Controllers\Frontend\Media\Media.php(102): view('frontend/homepa...', Array)
#7 G:\OpenServer\domains\htvietnam.com.va\vendor\codeigniter4\framework\system\View\Cell.php(180): App\Controllers\Frontend\Media\Media->index(6, '1')
#8 G:\OpenServer\domains\htvietnam.com.va\vendor\codeigniter4\framework\system\Common.php(1140): CodeIgniter\View\Cell->render('\\App\\Controller...', 'id=6, page=1', 0, 'AppControllersF...')
#9 G:\OpenServer\domains\htvietnam.com.va\app\Controllers\Frontend\Homepage\Router.php(59): view_cell('\\App\\Controller...', 'id=6, page=1')
#10 G:\OpenServer\domains\htvietnam.com.va\vendor\codeigniter4\framework\system\CodeIgniter.php(918): App\Controllers\Frontend\Homepage\Router->index('smelter-for-cop...')
#11 G:\OpenServer\domains\htvietnam.com.va\vendor\codeigniter4\framework\system\CodeIgniter.php(404): CodeIgniter\CodeIgniter->runController(Object(App\Controllers\Frontend\Homepage\Router))
#12 G:\OpenServer\domains\htvietnam.com.va\vendor\codeigniter4\framework\system\CodeIgniter.php(312): CodeIgniter\CodeIgniter->handleRequest(NULL, Object(Config\Cache), false)
#13 G:\OpenServer\domains\htvietnam.com.va\index.php(48): CodeIgniter\CodeIgniter->run()
#14 {main}
CRITICAL - 2021-08-14 04:58:59 --> Undefined variable: rate
#0 G:\OpenServer\domains\htvietnam.com.va\app\Views\frontend\media\media\index.php(51): CodeIgniter\Debug\Exceptions->errorHandler(8, 'Undefined varia...', 'G:\\OpenServer\\d...', 51, Array)
#1 G:\OpenServer\domains\htvietnam.com.va\vendor\codeigniter4\framework\system\View\View.php(246): include('G:\\OpenServer\\d...')
#2 G:\OpenServer\domains\htvietnam.com.va\vendor\codeigniter4\framework\system\Common.php(1119): CodeIgniter\View\View->render('frontend/media/...', Array, true)
#3 G:\OpenServer\domains\htvietnam.com.va\app\Views\frontend\homepage\layout\home.php(80): view('frontend/media/...')
#4 G:\OpenServer\domains\htvietnam.com.va\vendor\codeigniter4\framework\system\View\View.php(246): include('G:\\OpenServer\\d...')
#5 G:\OpenServer\domains\htvietnam.com.va\vendor\codeigniter4\framework\system\Common.php(1119): CodeIgniter\View\View->render('frontend/homepa...', Array, true)
#6 G:\OpenServer\domains\htvietnam.com.va\app\Controllers\Frontend\Media\Media.php(102): view('frontend/homepa...', Array)
#7 G:\OpenServer\domains\htvietnam.com.va\vendor\codeigniter4\framework\system\View\Cell.php(180): App\Controllers\Frontend\Media\Media->index(6, '1')
#8 G:\OpenServer\domains\htvietnam.com.va\vendor\codeigniter4\framework\system\Common.php(1140): CodeIgniter\View\Cell->render('\\App\\Controller...', 'id=6, page=1', 0, 'AppControllersF...')
#9 G:\OpenServer\domains\htvietnam.com.va\app\Controllers\Frontend\Homepage\Router.php(59): view_cell('\\App\\Controller...', 'id=6, page=1')
#10 G:\OpenServer\domains\htvietnam.com.va\vendor\codeigniter4\framework\system\CodeIgniter.php(918): App\Controllers\Frontend\Homepage\Router->index('smelter-for-cop...')
#11 G:\OpenServer\domains\htvietnam.com.va\vendor\codeigniter4\framework\system\CodeIgniter.php(404): CodeIgniter\CodeIgniter->runController(Object(App\Controllers\Frontend\Homepage\Router))
#12 G:\OpenServer\domains\htvietnam.com.va\vendor\codeigniter4\framework\system\CodeIgniter.php(312): CodeIgniter\CodeIgniter->handleRequest(NULL, Object(Config\Cache), false)
#13 G:\OpenServer\domains\htvietnam.com.va\index.php(48): CodeIgniter\CodeIgniter->run()
#14 {main}
