CRITICAL - 2022-01-19 05:19:09 --> Undefined variable: object
#0 W:\domains\inan.com.va\app\Views\frontend\product\catalogue\index.php(15): CodeIgniter\Debug\Exceptions->errorHandler(8, 'Undefined varia...', 'W:\\domains\\inan...', 15, Array)
#1 W:\domains\inan.com.va\vendor\codeigniter4\framework\system\View\View.php(246): include('W:\\domains\\inan...')
#2 W:\domains\inan.com.va\vendor\codeigniter4\framework\system\Common.php(1119): CodeIgniter\View\View->render('frontend/produc...', Array, true)
#3 W:\domains\inan.com.va\app\Views\frontend\homepage\layout\home.php(72): view('frontend/produc...')
#4 W:\domains\inan.com.va\vendor\codeigniter4\framework\system\View\View.php(246): include('W:\\domains\\inan...')
#5 W:\domains\inan.com.va\vendor\codeigniter4\framework\system\Common.php(1119): CodeIgniter\View\View->render('frontend/homepa...', Array, true)
#6 W:\domains\inan.com.va\app\Controllers\Frontend\Product\Catalogue.php(212): view('frontend/homepa...', Array)
#7 W:\domains\inan.com.va\vendor\codeigniter4\framework\system\View\Cell.php(180): App\Controllers\Frontend\Product\Catalogue->index(1, 0)
#8 W:\domains\inan.com.va\vendor\codeigniter4\framework\system\Common.php(1140): CodeIgniter\View\Cell->render('\\App\\Controller...', 'id=1, page=1', 0, 'AppControllersF...')
#9 W:\domains\inan.com.va\app\Controllers\Frontend\Homepage\Router.php(59): view_cell('\\App\\Controller...', 'id=1, page=1')
#10 W:\domains\inan.com.va\vendor\codeigniter4\framework\system\CodeIgniter.php(918): App\Controllers\Frontend\Homepage\Router->index('san-pham-in-an')
#11 W:\domains\inan.com.va\vendor\codeigniter4\framework\system\CodeIgniter.php(404): CodeIgniter\CodeIgniter->runController(Object(App\Controllers\Frontend\Homepage\Router))
#12 W:\domains\inan.com.va\vendor\codeigniter4\framework\system\CodeIgniter.php(312): CodeIgniter\CodeIgniter->handleRequest(NULL, Object(Config\Cache), false)
#13 W:\domains\inan.com.va\index.php(48): CodeIgniter\CodeIgniter->run()
#14 {main}
CRITICAL - 2022-01-19 08:56:23 --> Undefined variable: language
#0 W:\domains\inan.com.va\app\Views\frontend\homepage\common\header.php(2): CodeIgniter\Debug\Exceptions->errorHandler(8, 'Undefined varia...', 'W:\\domains\\inan...', 2, Array)
#1 W:\domains\inan.com.va\vendor\codeigniter4\framework\system\View\View.php(246): include('W:\\domains\\inan...')
#2 W:\domains\inan.com.va\vendor\codeigniter4\framework\system\Common.php(1119): CodeIgniter\View\View->render('frontend/homepa...', Array, true)
#3 W:\domains\inan.com.va\app\Views\frontend\homepage\layout\home.php(69): view('frontend/homepa...')
#4 W:\domains\inan.com.va\vendor\codeigniter4\framework\system\View\View.php(246): include('W:\\domains\\inan...')
#5 W:\domains\inan.com.va\vendor\codeigniter4\framework\system\Common.php(1119): CodeIgniter\View\View->render('frontend/homepa...', Array, true)
#6 W:\domains\inan.com.va\app\Controllers\Frontend\Tag\Tag.php(99): view('frontend/homepa...', Array)
#7 W:\domains\inan.com.va\vendor\codeigniter4\framework\system\CodeIgniter.php(918): App\Controllers\Frontend\Tag\Tag->index()
#8 W:\domains\inan.com.va\vendor\codeigniter4\framework\system\CodeIgniter.php(404): CodeIgniter\CodeIgniter->runController(Object(App\Controllers\Frontend\Tag\Tag))
#9 W:\domains\inan.com.va\vendor\codeigniter4\framework\system\CodeIgniter.php(312): CodeIgniter\CodeIgniter->handleRequest(NULL, Object(Config\Cache), false)
#10 W:\domains\inan.com.va\index.php(48): CodeIgniter\CodeIgniter->run()
#11 {main}
CRITICAL - 2022-01-19 09:00:58 --> Undefined variable: language
#0 W:\domains\inan.com.va\app\Views\frontend\homepage\common\header.php(2): CodeIgniter\Debug\Exceptions->errorHandler(8, 'Undefined varia...', 'W:\\domains\\inan...', 2, Array)
#1 W:\domains\inan.com.va\vendor\codeigniter4\framework\system\View\View.php(246): include('W:\\domains\\inan...')
#2 W:\domains\inan.com.va\vendor\codeigniter4\framework\system\Common.php(1119): CodeIgniter\View\View->render('frontend/homepa...', Array, true)
#3 W:\domains\inan.com.va\app\Views\frontend\homepage\layout\home.php(69): view('frontend/homepa...')
#4 W:\domains\inan.com.va\vendor\codeigniter4\framework\system\View\View.php(246): include('W:\\domains\\inan...')
#5 W:\domains\inan.com.va\vendor\codeigniter4\framework\system\Common.php(1119): CodeIgniter\View\View->render('frontend/homepa...', Array, true)
#6 W:\domains\inan.com.va\app\Controllers\Frontend\Tag\Tag.php(99): view('frontend/homepa...', Array)
#7 W:\domains\inan.com.va\vendor\codeigniter4\framework\system\CodeIgniter.php(918): App\Controllers\Frontend\Tag\Tag->index()
#8 W:\domains\inan.com.va\vendor\codeigniter4\framework\system\CodeIgniter.php(404): CodeIgniter\CodeIgniter->runController(Object(App\Controllers\Frontend\Tag\Tag))
#9 W:\domains\inan.com.va\vendor\codeigniter4\framework\system\CodeIgniter.php(312): CodeIgniter\CodeIgniter->handleRequest(NULL, Object(Config\Cache), false)
#10 W:\domains\inan.com.va\index.php(48): CodeIgniter\CodeIgniter->run()
#11 {main}
CRITICAL - 2022-01-19 09:01:15 --> Undefined variable: detailCatalogue
#0 W:\domains\inan.com.va\app\Views\frontend\tag\index.php(37): CodeIgniter\Debug\Exceptions->errorHandler(8, 'Undefined varia...', 'W:\\domains\\inan...', 37, Array)
#1 W:\domains\inan.com.va\vendor\codeigniter4\framework\system\View\View.php(246): include('W:\\domains\\inan...')
#2 W:\domains\inan.com.va\vendor\codeigniter4\framework\system\Common.php(1119): CodeIgniter\View\View->render('frontend/tag/in...', Array, true)
#3 W:\domains\inan.com.va\app\Views\frontend\homepage\layout\home.php(72): view('frontend/tag/in...')
#4 W:\domains\inan.com.va\vendor\codeigniter4\framework\system\View\View.php(246): include('W:\\domains\\inan...')
#5 W:\domains\inan.com.va\vendor\codeigniter4\framework\system\Common.php(1119): CodeIgniter\View\View->render('frontend/homepa...', Array, true)
#6 W:\domains\inan.com.va\app\Controllers\Frontend\Tag\Tag.php(100): view('frontend/homepa...', Array)
#7 W:\domains\inan.com.va\vendor\codeigniter4\framework\system\CodeIgniter.php(918): App\Controllers\Frontend\Tag\Tag->index()
#8 W:\domains\inan.com.va\vendor\codeigniter4\framework\system\CodeIgniter.php(404): CodeIgniter\CodeIgniter->runController(Object(App\Controllers\Frontend\Tag\Tag))
#9 W:\domains\inan.com.va\vendor\codeigniter4\framework\system\CodeIgniter.php(312): CodeIgniter\CodeIgniter->handleRequest(NULL, Object(Config\Cache), false)
#10 W:\domains\inan.com.va\index.php(48): CodeIgniter\CodeIgniter->run()
#11 {main}
CRITICAL - 2022-01-19 09:01:21 --> Undefined variable: detailCatalogue
#0 W:\domains\inan.com.va\app\Views\frontend\tag\index.php(37): CodeIgniter\Debug\Exceptions->errorHandler(8, 'Undefined varia...', 'W:\\domains\\inan...', 37, Array)
#1 W:\domains\inan.com.va\vendor\codeigniter4\framework\system\View\View.php(246): include('W:\\domains\\inan...')
#2 W:\domains\inan.com.va\vendor\codeigniter4\framework\system\Common.php(1119): CodeIgniter\View\View->render('frontend/tag/in...', Array, true)
#3 W:\domains\inan.com.va\app\Views\frontend\homepage\layout\home.php(72): view('frontend/tag/in...')
#4 W:\domains\inan.com.va\vendor\codeigniter4\framework\system\View\View.php(246): include('W:\\domains\\inan...')
#5 W:\domains\inan.com.va\vendor\codeigniter4\framework\system\Common.php(1119): CodeIgniter\View\View->render('frontend/homepa...', Array, true)
#6 W:\domains\inan.com.va\app\Controllers\Frontend\Tag\Tag.php(100): view('frontend/homepa...', Array)
#7 W:\domains\inan.com.va\vendor\codeigniter4\framework\system\CodeIgniter.php(918): App\Controllers\Frontend\Tag\Tag->index()
#8 W:\domains\inan.com.va\vendor\codeigniter4\framework\system\CodeIgniter.php(404): CodeIgniter\CodeIgniter->runController(Object(App\Controllers\Frontend\Tag\Tag))
#9 W:\domains\inan.com.va\vendor\codeigniter4\framework\system\CodeIgniter.php(312): CodeIgniter\CodeIgniter->handleRequest(NULL, Object(Config\Cache), false)
#10 W:\domains\inan.com.va\index.php(48): CodeIgniter\CodeIgniter->run()
#11 {main}
CRITICAL - 2022-01-19 09:02:37 --> Undefined variable: detailCatalogue
#0 W:\domains\inan.com.va\app\Views\frontend\tag\index.php(37): CodeIgniter\Debug\Exceptions->errorHandler(8, 'Undefined varia...', 'W:\\domains\\inan...', 37, Array)
#1 W:\domains\inan.com.va\vendor\codeigniter4\framework\system\View\View.php(246): include('W:\\domains\\inan...')
#2 W:\domains\inan.com.va\vendor\codeigniter4\framework\system\Common.php(1119): CodeIgniter\View\View->render('frontend/tag/in...', Array, true)
#3 W:\domains\inan.com.va\app\Views\frontend\homepage\layout\home.php(72): view('frontend/tag/in...')
#4 W:\domains\inan.com.va\vendor\codeigniter4\framework\system\View\View.php(246): include('W:\\domains\\inan...')
#5 W:\domains\inan.com.va\vendor\codeigniter4\framework\system\Common.php(1119): CodeIgniter\View\View->render('frontend/homepa...', Array, true)
#6 W:\domains\inan.com.va\app\Controllers\Frontend\Tag\Tag.php(100): view('frontend/homepa...', Array)
#7 W:\domains\inan.com.va\vendor\codeigniter4\framework\system\CodeIgniter.php(918): App\Controllers\Frontend\Tag\Tag->index()
#8 W:\domains\inan.com.va\vendor\codeigniter4\framework\system\CodeIgniter.php(404): CodeIgniter\CodeIgniter->runController(Object(App\Controllers\Frontend\Tag\Tag))
#9 W:\domains\inan.com.va\vendor\codeigniter4\framework\system\CodeIgniter.php(312): CodeIgniter\CodeIgniter->handleRequest(NULL, Object(Config\Cache), false)
#10 W:\domains\inan.com.va\index.php(48): CodeIgniter\CodeIgniter->run()
#11 {main}
CRITICAL - 2022-01-19 09:02:38 --> Undefined variable: detailCatalogue
#0 W:\domains\inan.com.va\app\Views\frontend\tag\index.php(37): CodeIgniter\Debug\Exceptions->errorHandler(8, 'Undefined varia...', 'W:\\domains\\inan...', 37, Array)
#1 W:\domains\inan.com.va\vendor\codeigniter4\framework\system\View\View.php(246): include('W:\\domains\\inan...')
#2 W:\domains\inan.com.va\vendor\codeigniter4\framework\system\Common.php(1119): CodeIgniter\View\View->render('frontend/tag/in...', Array, true)
#3 W:\domains\inan.com.va\app\Views\frontend\homepage\layout\home.php(72): view('frontend/tag/in...')
#4 W:\domains\inan.com.va\vendor\codeigniter4\framework\system\View\View.php(246): include('W:\\domains\\inan...')
#5 W:\domains\inan.com.va\vendor\codeigniter4\framework\system\Common.php(1119): CodeIgniter\View\View->render('frontend/homepa...', Array, true)
#6 W:\domains\inan.com.va\app\Controllers\Frontend\Tag\Tag.php(100): view('frontend/homepa...', Array)
#7 W:\domains\inan.com.va\vendor\codeigniter4\framework\system\CodeIgniter.php(918): App\Controllers\Frontend\Tag\Tag->index()
#8 W:\domains\inan.com.va\vendor\codeigniter4\framework\system\CodeIgniter.php(404): CodeIgniter\CodeIgniter->runController(Object(App\Controllers\Frontend\Tag\Tag))
#9 W:\domains\inan.com.va\vendor\codeigniter4\framework\system\CodeIgniter.php(312): CodeIgniter\CodeIgniter->handleRequest(NULL, Object(Config\Cache), false)
#10 W:\domains\inan.com.va\index.php(48): CodeIgniter\CodeIgniter->run()
#11 {main}
CRITICAL - 2022-01-19 09:04:01 --> Illegal string offset 'title'
#0 W:\domains\inan.com.va\app\Views\frontend\tag\index.php(15): CodeIgniter\Debug\Exceptions->errorHandler(2, 'Illegal string ...', 'W:\\domains\\inan...', 15, Array)
#1 W:\domains\inan.com.va\vendor\codeigniter4\framework\system\View\View.php(246): include('W:\\domains\\inan...')
#2 W:\domains\inan.com.va\vendor\codeigniter4\framework\system\Common.php(1119): CodeIgniter\View\View->render('frontend/tag/in...', Array, true)
#3 W:\domains\inan.com.va\app\Views\frontend\homepage\layout\home.php(72): view('frontend/tag/in...')
#4 W:\domains\inan.com.va\vendor\codeigniter4\framework\system\View\View.php(246): include('W:\\domains\\inan...')
#5 W:\domains\inan.com.va\vendor\codeigniter4\framework\system\Common.php(1119): CodeIgniter\View\View->render('frontend/homepa...', Array, true)
#6 W:\domains\inan.com.va\app\Controllers\Frontend\Tag\Tag.php(100): view('frontend/homepa...', Array)
#7 W:\domains\inan.com.va\vendor\codeigniter4\framework\system\CodeIgniter.php(918): App\Controllers\Frontend\Tag\Tag->index()
#8 W:\domains\inan.com.va\vendor\codeigniter4\framework\system\CodeIgniter.php(404): CodeIgniter\CodeIgniter->runController(Object(App\Controllers\Frontend\Tag\Tag))
#9 W:\domains\inan.com.va\vendor\codeigniter4\framework\system\CodeIgniter.php(312): CodeIgniter\CodeIgniter->handleRequest(NULL, Object(Config\Cache), false)
#10 W:\domains\inan.com.va\index.php(48): CodeIgniter\CodeIgniter->run()
#11 {main}
