CRITICAL - 2022-02-11 02:06:50 --> Class 'BaseController' not found
#0 W:\domains\vanhtech.com.va\app\Helpers\mydata_helper.php(341): be_currentLanguage()
#1 W:\domains\vanhtech.com.va\app\Views\backend\product\product\index.php(168): get_catalogue_object(Array)
#2 W:\domains\vanhtech.com.va\vendor\codeigniter4\framework\system\View\View.php(246): include('W:\\domains\\vanh...')
#3 W:\domains\vanhtech.com.va\vendor\codeigniter4\framework\system\Common.php(1119): CodeIgniter\View\View->render('backend/product...', Array, true)
#4 W:\domains\vanhtech.com.va\app\Views\backend\dashboard\layout\home.php(44): view('backend/product...')
#5 W:\domains\vanhtech.com.va\vendor\codeigniter4\framework\system\View\View.php(246): include('W:\\domains\\vanh...')
#6 W:\domains\vanhtech.com.va\vendor\codeigniter4\framework\system\Common.php(1119): CodeIgniter\View\View->render('backend/dashboa...', Array, true)
#7 W:\domains\vanhtech.com.va\app\Controllers\Backend\Product\Product.php(93): view('backend/dashboa...', Array)
#8 W:\domains\vanhtech.com.va\vendor\codeigniter4\framework\system\CodeIgniter.php(918): App\Controllers\Backend\Product\Product->index()
#9 W:\domains\vanhtech.com.va\vendor\codeigniter4\framework\system\CodeIgniter.php(404): CodeIgniter\CodeIgniter->runController(Object(App\Controllers\Backend\Product\Product))
#10 W:\domains\vanhtech.com.va\vendor\codeigniter4\framework\system\CodeIgniter.php(312): CodeIgniter\CodeIgniter->handleRequest(NULL, Object(Config\Cache), false)
#11 W:\domains\vanhtech.com.va\index.php(48): CodeIgniter\CodeIgniter->run()
#12 {main}
CRITICAL - 2022-02-11 02:06:57 --> Class 'BaseController' not found
#0 W:\domains\vanhtech.com.va\app\Helpers\mydata_helper.php(341): be_currentLanguage()
#1 W:\domains\vanhtech.com.va\app\Views\backend\product\product\index.php(168): get_catalogue_object(Array)
#2 W:\domains\vanhtech.com.va\vendor\codeigniter4\framework\system\View\View.php(246): include('W:\\domains\\vanh...')
#3 W:\domains\vanhtech.com.va\vendor\codeigniter4\framework\system\Common.php(1119): CodeIgniter\View\View->render('backend/product...', Array, true)
#4 W:\domains\vanhtech.com.va\app\Views\backend\dashboard\layout\home.php(44): view('backend/product...')
#5 W:\domains\vanhtech.com.va\vendor\codeigniter4\framework\system\View\View.php(246): include('W:\\domains\\vanh...')
#6 W:\domains\vanhtech.com.va\vendor\codeigniter4\framework\system\Common.php(1119): CodeIgniter\View\View->render('backend/dashboa...', Array, true)
#7 W:\domains\vanhtech.com.va\app\Controllers\Backend\Product\Product.php(93): view('backend/dashboa...', Array)
#8 W:\domains\vanhtech.com.va\vendor\codeigniter4\framework\system\CodeIgniter.php(918): App\Controllers\Backend\Product\Product->index()
#9 W:\domains\vanhtech.com.va\vendor\codeigniter4\framework\system\CodeIgniter.php(404): CodeIgniter\CodeIgniter->runController(Object(App\Controllers\Backend\Product\Product))
#10 W:\domains\vanhtech.com.va\vendor\codeigniter4\framework\system\CodeIgniter.php(312): CodeIgniter\CodeIgniter->handleRequest(NULL, Object(Config\Cache), false)
#11 W:\domains\vanhtech.com.va\index.php(48): CodeIgniter\CodeIgniter->run()
#12 {main}
CRITICAL - 2022-02-11 02:30:47 --> Undefined variable: language
#0 W:\domains\vanhtech.com.va\app\Controllers\Frontend\Homepage\Home.php(39): CodeIgniter\Debug\Exceptions->errorHandler(8, 'Undefined varia...', 'W:\\domains\\vanh...', 39, Array)
#1 W:\domains\vanhtech.com.va\vendor\codeigniter4\framework\system\CodeIgniter.php(918): App\Controllers\Frontend\Homepage\Home->index()
#2 W:\domains\vanhtech.com.va\vendor\codeigniter4\framework\system\CodeIgniter.php(404): CodeIgniter\CodeIgniter->runController(Object(App\Controllers\Frontend\Homepage\Home))
#3 W:\domains\vanhtech.com.va\vendor\codeigniter4\framework\system\CodeIgniter.php(312): CodeIgniter\CodeIgniter->handleRequest(NULL, Object(Config\Cache), false)
#4 W:\domains\vanhtech.com.va\index.php(48): CodeIgniter\CodeIgniter->run()
#5 {main}
CRITICAL - 2022-02-11 02:46:04 --> Undefined index: image
#0 W:\domains\vanhtech.com.va\app\Views\frontend\homepage\home\index.php(72): CodeIgniter\Debug\Exceptions->errorHandler(8, 'Undefined index...', 'W:\\domains\\vanh...', 72, Array)
#1 W:\domains\vanhtech.com.va\vendor\codeigniter4\framework\system\View\View.php(246): include('W:\\domains\\vanh...')
#2 W:\domains\vanhtech.com.va\vendor\codeigniter4\framework\system\Common.php(1119): CodeIgniter\View\View->render('frontend/homepa...', Array, true)
#3 W:\domains\vanhtech.com.va\app\Views\frontend\homepage\layout\home.php(72): view('frontend/homepa...')
#4 W:\domains\vanhtech.com.va\vendor\codeigniter4\framework\system\View\View.php(246): include('W:\\domains\\vanh...')
#5 W:\domains\vanhtech.com.va\vendor\codeigniter4\framework\system\Common.php(1119): CodeIgniter\View\View->render('frontend/homepa...', Array, true)
#6 W:\domains\vanhtech.com.va\app\Controllers\Frontend\Homepage\Home.php(77): view('frontend/homepa...', Array)
#7 W:\domains\vanhtech.com.va\vendor\codeigniter4\framework\system\CodeIgniter.php(918): App\Controllers\Frontend\Homepage\Home->index()
#8 W:\domains\vanhtech.com.va\vendor\codeigniter4\framework\system\CodeIgniter.php(404): CodeIgniter\CodeIgniter->runController(Object(App\Controllers\Frontend\Homepage\Home))
#9 W:\domains\vanhtech.com.va\vendor\codeigniter4\framework\system\CodeIgniter.php(312): CodeIgniter\CodeIgniter->handleRequest(NULL, Object(Config\Cache), false)
#10 W:\domains\vanhtech.com.va\index.php(48): CodeIgniter\CodeIgniter->run()
#11 {main}
CRITICAL - 2022-02-11 02:46:09 --> Undefined index: image
#0 W:\domains\vanhtech.com.va\app\Views\frontend\homepage\home\index.php(72): CodeIgniter\Debug\Exceptions->errorHandler(8, 'Undefined index...', 'W:\\domains\\vanh...', 72, Array)
#1 W:\domains\vanhtech.com.va\vendor\codeigniter4\framework\system\View\View.php(246): include('W:\\domains\\vanh...')
#2 W:\domains\vanhtech.com.va\vendor\codeigniter4\framework\system\Common.php(1119): CodeIgniter\View\View->render('frontend/homepa...', Array, true)
#3 W:\domains\vanhtech.com.va\app\Views\frontend\homepage\layout\home.php(72): view('frontend/homepa...')
#4 W:\domains\vanhtech.com.va\vendor\codeigniter4\framework\system\View\View.php(246): include('W:\\domains\\vanh...')
#5 W:\domains\vanhtech.com.va\vendor\codeigniter4\framework\system\Common.php(1119): CodeIgniter\View\View->render('frontend/homepa...', Array, true)
#6 W:\domains\vanhtech.com.va\app\Controllers\Frontend\Homepage\Home.php(77): view('frontend/homepa...', Array)
#7 W:\domains\vanhtech.com.va\vendor\codeigniter4\framework\system\CodeIgniter.php(918): App\Controllers\Frontend\Homepage\Home->index()
#8 W:\domains\vanhtech.com.va\vendor\codeigniter4\framework\system\CodeIgniter.php(404): CodeIgniter\CodeIgniter->runController(Object(App\Controllers\Frontend\Homepage\Home))
#9 W:\domains\vanhtech.com.va\vendor\codeigniter4\framework\system\CodeIgniter.php(312): CodeIgniter\CodeIgniter->handleRequest(NULL, Object(Config\Cache), false)
#10 W:\domains\vanhtech.com.va\index.php(48): CodeIgniter\CodeIgniter->run()
#11 {main}
CRITICAL - 2022-02-11 02:46:37 --> Undefined index: data
#0 W:\domains\vanhtech.com.va\app\Views\frontend\homepage\home\index.php(71): CodeIgniter\Debug\Exceptions->errorHandler(8, 'Undefined index...', 'W:\\domains\\vanh...', 71, Array)
#1 W:\domains\vanhtech.com.va\vendor\codeigniter4\framework\system\View\View.php(246): include('W:\\domains\\vanh...')
#2 W:\domains\vanhtech.com.va\vendor\codeigniter4\framework\system\Common.php(1119): CodeIgniter\View\View->render('frontend/homepa...', Array, true)
#3 W:\domains\vanhtech.com.va\app\Views\frontend\homepage\layout\home.php(72): view('frontend/homepa...')
#4 W:\domains\vanhtech.com.va\vendor\codeigniter4\framework\system\View\View.php(246): include('W:\\domains\\vanh...')
#5 W:\domains\vanhtech.com.va\vendor\codeigniter4\framework\system\Common.php(1119): CodeIgniter\View\View->render('frontend/homepa...', Array, true)
#6 W:\domains\vanhtech.com.va\app\Controllers\Frontend\Homepage\Home.php(77): view('frontend/homepa...', Array)
#7 W:\domains\vanhtech.com.va\vendor\codeigniter4\framework\system\CodeIgniter.php(918): App\Controllers\Frontend\Homepage\Home->index()
#8 W:\domains\vanhtech.com.va\vendor\codeigniter4\framework\system\CodeIgniter.php(404): CodeIgniter\CodeIgniter->runController(Object(App\Controllers\Frontend\Homepage\Home))
#9 W:\domains\vanhtech.com.va\vendor\codeigniter4\framework\system\CodeIgniter.php(312): CodeIgniter\CodeIgniter->handleRequest(NULL, Object(Config\Cache), false)
#10 W:\domains\vanhtech.com.va\index.php(48): CodeIgniter\CodeIgniter->run()
#11 {main}
CRITICAL - 2022-02-11 02:46:38 --> Undefined index: data
#0 W:\domains\vanhtech.com.va\app\Views\frontend\homepage\home\index.php(71): CodeIgniter\Debug\Exceptions->errorHandler(8, 'Undefined index...', 'W:\\domains\\vanh...', 71, Array)
#1 W:\domains\vanhtech.com.va\vendor\codeigniter4\framework\system\View\View.php(246): include('W:\\domains\\vanh...')
#2 W:\domains\vanhtech.com.va\vendor\codeigniter4\framework\system\Common.php(1119): CodeIgniter\View\View->render('frontend/homepa...', Array, true)
#3 W:\domains\vanhtech.com.va\app\Views\frontend\homepage\layout\home.php(72): view('frontend/homepa...')
#4 W:\domains\vanhtech.com.va\vendor\codeigniter4\framework\system\View\View.php(246): include('W:\\domains\\vanh...')
#5 W:\domains\vanhtech.com.va\vendor\codeigniter4\framework\system\Common.php(1119): CodeIgniter\View\View->render('frontend/homepa...', Array, true)
#6 W:\domains\vanhtech.com.va\app\Controllers\Frontend\Homepage\Home.php(77): view('frontend/homepa...', Array)
#7 W:\domains\vanhtech.com.va\vendor\codeigniter4\framework\system\CodeIgniter.php(918): App\Controllers\Frontend\Homepage\Home->index()
#8 W:\domains\vanhtech.com.va\vendor\codeigniter4\framework\system\CodeIgniter.php(404): CodeIgniter\CodeIgniter->runController(Object(App\Controllers\Frontend\Homepage\Home))
#9 W:\domains\vanhtech.com.va\vendor\codeigniter4\framework\system\CodeIgniter.php(312): CodeIgniter\CodeIgniter->handleRequest(NULL, Object(Config\Cache), false)
#10 W:\domains\vanhtech.com.va\index.php(48): CodeIgniter\CodeIgniter->run()
#11 {main}
CRITICAL - 2022-02-11 02:46:41 --> Undefined index: data
#0 W:\domains\vanhtech.com.va\app\Views\frontend\homepage\home\index.php(71): CodeIgniter\Debug\Exceptions->errorHandler(8, 'Undefined index...', 'W:\\domains\\vanh...', 71, Array)
#1 W:\domains\vanhtech.com.va\vendor\codeigniter4\framework\system\View\View.php(246): include('W:\\domains\\vanh...')
#2 W:\domains\vanhtech.com.va\vendor\codeigniter4\framework\system\Common.php(1119): CodeIgniter\View\View->render('frontend/homepa...', Array, true)
#3 W:\domains\vanhtech.com.va\app\Views\frontend\homepage\layout\home.php(72): view('frontend/homepa...')
#4 W:\domains\vanhtech.com.va\vendor\codeigniter4\framework\system\View\View.php(246): include('W:\\domains\\vanh...')
#5 W:\domains\vanhtech.com.va\vendor\codeigniter4\framework\system\Common.php(1119): CodeIgniter\View\View->render('frontend/homepa...', Array, true)
#6 W:\domains\vanhtech.com.va\app\Controllers\Frontend\Homepage\Home.php(77): view('frontend/homepa...', Array)
#7 W:\domains\vanhtech.com.va\vendor\codeigniter4\framework\system\CodeIgniter.php(918): App\Controllers\Frontend\Homepage\Home->index()
#8 W:\domains\vanhtech.com.va\vendor\codeigniter4\framework\system\CodeIgniter.php(404): CodeIgniter\CodeIgniter->runController(Object(App\Controllers\Frontend\Homepage\Home))
#9 W:\domains\vanhtech.com.va\vendor\codeigniter4\framework\system\CodeIgniter.php(312): CodeIgniter\CodeIgniter->handleRequest(NULL, Object(Config\Cache), false)
#10 W:\domains\vanhtech.com.va\index.php(48): CodeIgniter\CodeIgniter->run()
#11 {main}
CRITICAL - 2022-02-11 02:47:01 --> Undefined variable: language
#0 W:\domains\vanhtech.com.va\app\Views\frontend\homepage\common\header.php(2): CodeIgniter\Debug\Exceptions->errorHandler(8, 'Undefined varia...', 'W:\\domains\\vanh...', 2, Array)
#1 W:\domains\vanhtech.com.va\vendor\codeigniter4\framework\system\View\View.php(246): include('W:\\domains\\vanh...')
#2 W:\domains\vanhtech.com.va\vendor\codeigniter4\framework\system\Common.php(1119): CodeIgniter\View\View->render('frontend/homepa...', Array, true)
#3 W:\domains\vanhtech.com.va\app\Views\frontend\homepage\layout\home.php(69): view('frontend/homepa...')
#4 W:\domains\vanhtech.com.va\vendor\codeigniter4\framework\system\View\View.php(246): include('W:\\domains\\vanh...')
#5 W:\domains\vanhtech.com.va\vendor\codeigniter4\framework\system\Common.php(1119): CodeIgniter\View\View->render('frontend/homepa...', Array, true)
#6 W:\domains\vanhtech.com.va\app\Controllers\Frontend\Brand\Catalogue.php(142): view('frontend/homepa...', Array)
#7 W:\domains\vanhtech.com.va\vendor\codeigniter4\framework\system\View\Cell.php(180): App\Controllers\Frontend\Brand\Catalogue->index(10, 0)
#8 W:\domains\vanhtech.com.va\vendor\codeigniter4\framework\system\Common.php(1140): CodeIgniter\View\Cell->render('\\App\\Controller...', 'id=10, page=1', 0, 'AppControllersF...')
#9 W:\domains\vanhtech.com.va\app\Controllers\Frontend\Homepage\Router.php(59): view_cell('\\App\\Controller...', 'id=10, page=1')
#10 W:\domains\vanhtech.com.va\vendor\codeigniter4\framework\system\CodeIgniter.php(918): App\Controllers\Frontend\Homepage\Router->index('phu-kien-ngoai-...')
#11 W:\domains\vanhtech.com.va\vendor\codeigniter4\framework\system\CodeIgniter.php(404): CodeIgniter\CodeIgniter->runController(Object(App\Controllers\Frontend\Homepage\Router))
#12 W:\domains\vanhtech.com.va\vendor\codeigniter4\framework\system\CodeIgniter.php(312): CodeIgniter\CodeIgniter->handleRequest(NULL, Object(Config\Cache), false)
#13 W:\domains\vanhtech.com.va\index.php(48): CodeIgniter\CodeIgniter->run()
#14 {main}
CRITICAL - 2022-02-11 02:52:31 --> Undefined variable: language
#0 W:\domains\vanhtech.com.va\app\Views\frontend\homepage\common\header.php(2): CodeIgniter\Debug\Exceptions->errorHandler(8, 'Undefined varia...', 'W:\\domains\\vanh...', 2, Array)
#1 W:\domains\vanhtech.com.va\vendor\codeigniter4\framework\system\View\View.php(246): include('W:\\domains\\vanh...')
#2 W:\domains\vanhtech.com.va\vendor\codeigniter4\framework\system\Common.php(1119): CodeIgniter\View\View->render('frontend/homepa...', Array, true)
#3 W:\domains\vanhtech.com.va\app\Views\frontend\homepage\layout\home.php(69): view('frontend/homepa...')
#4 W:\domains\vanhtech.com.va\vendor\codeigniter4\framework\system\View\View.php(246): include('W:\\domains\\vanh...')
#5 W:\domains\vanhtech.com.va\vendor\codeigniter4\framework\system\Common.php(1119): CodeIgniter\View\View->render('frontend/homepa...', Array, true)
#6 W:\domains\vanhtech.com.va\app\Controllers\Frontend\Brand\Catalogue.php(142): view('frontend/homepa...', Array)
#7 W:\domains\vanhtech.com.va\vendor\codeigniter4\framework\system\View\Cell.php(180): App\Controllers\Frontend\Brand\Catalogue->index(6, 0)
#8 W:\domains\vanhtech.com.va\vendor\codeigniter4\framework\system\Common.php(1140): CodeIgniter\View\Cell->render('\\App\\Controller...', 'id=6, page=1', 0, 'AppControllersF...')
#9 W:\domains\vanhtech.com.va\app\Controllers\Frontend\Homepage\Router.php(59): view_cell('\\App\\Controller...', 'id=6, page=1')
#10 W:\domains\vanhtech.com.va\vendor\codeigniter4\framework\system\CodeIgniter.php(918): App\Controllers\Frontend\Homepage\Router->index('cac-bo-phan-don...')
#11 W:\domains\vanhtech.com.va\vendor\codeigniter4\framework\system\CodeIgniter.php(404): CodeIgniter\CodeIgniter->runController(Object(App\Controllers\Frontend\Homepage\Router))
#12 W:\domains\vanhtech.com.va\vendor\codeigniter4\framework\system\CodeIgniter.php(312): CodeIgniter\CodeIgniter->handleRequest(NULL, Object(Config\Cache), false)
#13 W:\domains\vanhtech.com.va\index.php(48): CodeIgniter\CodeIgniter->run()
#14 {main}
CRITICAL - 2022-02-11 03:04:43 --> Undefined index: description
#0 W:\domains\vanhtech.com.va\app\Views\frontend\brand\catalogue\index.php(75): CodeIgniter\Debug\Exceptions->errorHandler(8, 'Undefined index...', 'W:\\domains\\vanh...', 75, Array)
#1 W:\domains\vanhtech.com.va\vendor\codeigniter4\framework\system\View\View.php(246): include('W:\\domains\\vanh...')
#2 W:\domains\vanhtech.com.va\vendor\codeigniter4\framework\system\Common.php(1119): CodeIgniter\View\View->render('frontend/brand/...', Array, true)
#3 W:\domains\vanhtech.com.va\app\Views\frontend\homepage\layout\home.php(72): view('frontend/brand/...')
#4 W:\domains\vanhtech.com.va\vendor\codeigniter4\framework\system\View\View.php(246): include('W:\\domains\\vanh...')
#5 W:\domains\vanhtech.com.va\vendor\codeigniter4\framework\system\Common.php(1119): CodeIgniter\View\View->render('frontend/homepa...', Array, true)
#6 W:\domains\vanhtech.com.va\app\Controllers\Frontend\Brand\Catalogue.php(160): view('frontend/homepa...', Array)
#7 W:\domains\vanhtech.com.va\vendor\codeigniter4\framework\system\View\Cell.php(180): App\Controllers\Frontend\Brand\Catalogue->index(6, 1)
#8 W:\domains\vanhtech.com.va\vendor\codeigniter4\framework\system\Common.php(1140): CodeIgniter\View\Cell->render('\\App\\Controller...', 'id=6, page=1', 0, 'AppControllersF...')
#9 W:\domains\vanhtech.com.va\app\Controllers\Frontend\Homepage\Router.php(59): view_cell('\\App\\Controller...', 'id=6, page=1')
#10 W:\domains\vanhtech.com.va\vendor\codeigniter4\framework\system\CodeIgniter.php(918): App\Controllers\Frontend\Homepage\Router->index('cac-bo-phan-don...')
#11 W:\domains\vanhtech.com.va\vendor\codeigniter4\framework\system\CodeIgniter.php(404): CodeIgniter\CodeIgniter->runController(Object(App\Controllers\Frontend\Homepage\Router))
#12 W:\domains\vanhtech.com.va\vendor\codeigniter4\framework\system\CodeIgniter.php(312): CodeIgniter\CodeIgniter->handleRequest(NULL, Object(Config\Cache), false)
#13 W:\domains\vanhtech.com.va\index.php(48): CodeIgniter\CodeIgniter->run()
#14 {main}
CRITICAL - 2022-02-11 04:59:01 --> Undefined variable: language
#0 W:\domains\vanhtech.com.va\app\Views\frontend\homepage\common\header.php(2): CodeIgniter\Debug\Exceptions->errorHandler(8, 'Undefined varia...', 'W:\\domains\\vanh...', 2, Array)
#1 W:\domains\vanhtech.com.va\vendor\codeigniter4\framework\system\View\View.php(246): include('W:\\domains\\vanh...')
#2 W:\domains\vanhtech.com.va\vendor\codeigniter4\framework\system\Common.php(1119): CodeIgniter\View\View->render('frontend/homepa...', Array, true)
#3 W:\domains\vanhtech.com.va\app\Views\frontend\homepage\layout\home.php(69): view('frontend/homepa...')
#4 W:\domains\vanhtech.com.va\vendor\codeigniter4\framework\system\View\View.php(246): include('W:\\domains\\vanh...')
#5 W:\domains\vanhtech.com.va\vendor\codeigniter4\framework\system\Common.php(1119): CodeIgniter\View\View->render('frontend/homepa...', Array, true)
#6 W:\domains\vanhtech.com.va\app\Controllers\Frontend\Brand\Brand.php(134): view('frontend/homepa...', Array)
#7 W:\domains\vanhtech.com.va\vendor\codeigniter4\framework\system\View\Cell.php(180): App\Controllers\Frontend\Brand\Brand->index(2, 1)
#8 W:\domains\vanhtech.com.va\vendor\codeigniter4\framework\system\Common.php(1140): CodeIgniter\View\Cell->render('\\App\\Controller...', 'id=2, page=1', 0, 'AppControllersF...')
#9 W:\domains\vanhtech.com.va\app\Controllers\Frontend\Homepage\Router.php(59): view_cell('\\App\\Controller...', 'id=2, page=1')
#10 W:\domains\vanhtech.com.va\vendor\codeigniter4\framework\system\CodeIgniter.php(918): App\Controllers\Frontend\Homepage\Router->index('bo-loc-dau')
#11 W:\domains\vanhtech.com.va\vendor\codeigniter4\framework\system\CodeIgniter.php(404): CodeIgniter\CodeIgniter->runController(Object(App\Controllers\Frontend\Homepage\Router))
#12 W:\domains\vanhtech.com.va\vendor\codeigniter4\framework\system\CodeIgniter.php(312): CodeIgniter\CodeIgniter->handleRequest(NULL, Object(Config\Cache), false)
#13 W:\domains\vanhtech.com.va\index.php(48): CodeIgniter\CodeIgniter->run()
#14 {main}
CRITICAL - 2022-02-11 05:00:28 --> Undefined index: productList
#0 W:\domains\vanhtech.com.va\app\Controllers\Frontend\Brand\Brand.php(118): CodeIgniter\Debug\Exceptions->errorHandler(8, 'Undefined index...', 'W:\\domains\\vanh...', 118, Array)
#1 W:\domains\vanhtech.com.va\vendor\codeigniter4\framework\system\View\Cell.php(180): App\Controllers\Frontend\Brand\Brand->index(2, 1)
#2 W:\domains\vanhtech.com.va\vendor\codeigniter4\framework\system\Common.php(1140): CodeIgniter\View\Cell->render('\\App\\Controller...', 'id=2, page=1', 0, 'AppControllersF...')
#3 W:\domains\vanhtech.com.va\app\Controllers\Frontend\Homepage\Router.php(59): view_cell('\\App\\Controller...', 'id=2, page=1')
#4 W:\domains\vanhtech.com.va\vendor\codeigniter4\framework\system\CodeIgniter.php(918): App\Controllers\Frontend\Homepage\Router->index('bo-loc-dau')
#5 W:\domains\vanhtech.com.va\vendor\codeigniter4\framework\system\CodeIgniter.php(404): CodeIgniter\CodeIgniter->runController(Object(App\Controllers\Frontend\Homepage\Router))
#6 W:\domains\vanhtech.com.va\vendor\codeigniter4\framework\system\CodeIgniter.php(312): CodeIgniter\CodeIgniter->handleRequest(NULL, Object(Config\Cache), false)
#7 W:\domains\vanhtech.com.va\index.php(48): CodeIgniter\CodeIgniter->run()
#8 {main}
