CRITICAL - 2022-05-18 11:16:20 --> Undefined index: homepage_banner_contact_ft
#0 W:\domains\va.vuatubep.com\app\Views\frontend\homepage\common\footer.php(4): CodeIgniter\Debug\Exceptions->errorHandler(8, 'Undefined index...', 'W:\\domains\\va.v...', 4, Array)
#1 W:\domains\va.vuatubep.com\vendor\codeigniter4\framework\system\View\View.php(246): include('W:\\domains\\va.v...')
#2 W:\domains\va.vuatubep.com\vendor\codeigniter4\framework\system\Common.php(1119): CodeIgniter\View\View->render('frontend/homepa...', Array, true)
#3 W:\domains\va.vuatubep.com\app\Views\frontend\homepage\layout\home.php(74): view('frontend/homepa...')
#4 W:\domains\va.vuatubep.com\vendor\codeigniter4\framework\system\View\View.php(246): include('W:\\domains\\va.v...')
#5 W:\domains\va.vuatubep.com\vendor\codeigniter4\framework\system\Common.php(1119): CodeIgniter\View\View->render('frontend/homepa...', Array, true)
#6 W:\domains\va.vuatubep.com\app\Controllers\Frontend\Homepage\Home.php(70): view('frontend/homepa...', Array)
#7 W:\domains\va.vuatubep.com\vendor\codeigniter4\framework\system\CodeIgniter.php(918): App\Controllers\Frontend\Homepage\Home->index()
#8 W:\domains\va.vuatubep.com\vendor\codeigniter4\framework\system\CodeIgniter.php(404): CodeIgniter\CodeIgniter->runController(Object(App\Controllers\Frontend\Homepage\Home))
#9 W:\domains\va.vuatubep.com\vendor\codeigniter4\framework\system\CodeIgniter.php(312): CodeIgniter\CodeIgniter->handleRequest(NULL, Object(Config\Cache), false)
#10 W:\domains\va.vuatubep.com\index.php(48): CodeIgniter\CodeIgniter->run()
#11 {main}
CRITICAL - 2022-05-18 11:17:41 --> Undefined index: homepage_banner_contact_ft
#0 W:\domains\va.vuatubep.com\app\Views\frontend\homepage\common\footer.php(4): CodeIgniter\Debug\Exceptions->errorHandler(8, 'Undefined index...', 'W:\\domains\\va.v...', 4, Array)
#1 W:\domains\va.vuatubep.com\vendor\codeigniter4\framework\system\View\View.php(246): include('W:\\domains\\va.v...')
#2 W:\domains\va.vuatubep.com\vendor\codeigniter4\framework\system\Common.php(1119): CodeIgniter\View\View->render('frontend/homepa...', Array, true)
#3 W:\domains\va.vuatubep.com\app\Views\frontend\homepage\layout\home.php(74): view('frontend/homepa...')
#4 W:\domains\va.vuatubep.com\vendor\codeigniter4\framework\system\View\View.php(246): include('W:\\domains\\va.v...')
#5 W:\domains\va.vuatubep.com\vendor\codeigniter4\framework\system\Common.php(1119): CodeIgniter\View\View->render('frontend/homepa...', Array, true)
#6 W:\domains\va.vuatubep.com\app\Controllers\Frontend\Homepage\Home.php(70): view('frontend/homepa...', Array)
#7 W:\domains\va.vuatubep.com\vendor\codeigniter4\framework\system\CodeIgniter.php(918): App\Controllers\Frontend\Homepage\Home->index()
#8 W:\domains\va.vuatubep.com\vendor\codeigniter4\framework\system\CodeIgniter.php(404): CodeIgniter\CodeIgniter->runController(Object(App\Controllers\Frontend\Homepage\Home))
#9 W:\domains\va.vuatubep.com\vendor\codeigniter4\framework\system\CodeIgniter.php(312): CodeIgniter\CodeIgniter->handleRequest(NULL, Object(Config\Cache), false)
#10 W:\domains\va.vuatubep.com\index.php(48): CodeIgniter\CodeIgniter->run()
#11 {main}
CRITICAL - 2022-05-18 11:19:06 --> Undefined index: homepage_banner_contact_ft
#0 W:\domains\va.vuatubep.com\app\Views\frontend\homepage\common\footer.php(4): CodeIgniter\Debug\Exceptions->errorHandler(8, 'Undefined index...', 'W:\\domains\\va.v...', 4, Array)
#1 W:\domains\va.vuatubep.com\vendor\codeigniter4\framework\system\View\View.php(246): include('W:\\domains\\va.v...')
#2 W:\domains\va.vuatubep.com\vendor\codeigniter4\framework\system\Common.php(1119): CodeIgniter\View\View->render('frontend/homepa...', Array, true)
#3 W:\domains\va.vuatubep.com\app\Views\frontend\homepage\layout\home.php(74): view('frontend/homepa...')
#4 W:\domains\va.vuatubep.com\vendor\codeigniter4\framework\system\View\View.php(246): include('W:\\domains\\va.v...')
#5 W:\domains\va.vuatubep.com\vendor\codeigniter4\framework\system\Common.php(1119): CodeIgniter\View\View->render('frontend/homepa...', Array, true)
#6 W:\domains\va.vuatubep.com\app\Controllers\Frontend\Homepage\Home.php(70): view('frontend/homepa...', Array)
#7 W:\domains\va.vuatubep.com\vendor\codeigniter4\framework\system\CodeIgniter.php(918): App\Controllers\Frontend\Homepage\Home->index()
#8 W:\domains\va.vuatubep.com\vendor\codeigniter4\framework\system\CodeIgniter.php(404): CodeIgniter\CodeIgniter->runController(Object(App\Controllers\Frontend\Homepage\Home))
#9 W:\domains\va.vuatubep.com\vendor\codeigniter4\framework\system\CodeIgniter.php(312): CodeIgniter\CodeIgniter->handleRequest(NULL, Object(Config\Cache), false)
#10 W:\domains\va.vuatubep.com\index.php(48): CodeIgniter\CodeIgniter->run()
#11 {main}
CRITICAL - 2022-05-18 11:19:09 --> Undefined index: homepage_banner_contact_ft
#0 W:\domains\va.vuatubep.com\app\Views\frontend\homepage\common\footer.php(4): CodeIgniter\Debug\Exceptions->errorHandler(8, 'Undefined index...', 'W:\\domains\\va.v...', 4, Array)
#1 W:\domains\va.vuatubep.com\vendor\codeigniter4\framework\system\View\View.php(246): include('W:\\domains\\va.v...')
#2 W:\domains\va.vuatubep.com\vendor\codeigniter4\framework\system\Common.php(1119): CodeIgniter\View\View->render('frontend/homepa...', Array, true)
#3 W:\domains\va.vuatubep.com\app\Views\frontend\homepage\layout\home.php(74): view('frontend/homepa...')
#4 W:\domains\va.vuatubep.com\vendor\codeigniter4\framework\system\View\View.php(246): include('W:\\domains\\va.v...')
#5 W:\domains\va.vuatubep.com\vendor\codeigniter4\framework\system\Common.php(1119): CodeIgniter\View\View->render('frontend/homepa...', Array, true)
#6 W:\domains\va.vuatubep.com\app\Controllers\Frontend\Search\Search.php(46): view('frontend/homepa...', Array)
#7 W:\domains\va.vuatubep.com\vendor\codeigniter4\framework\system\View\Cell.php(180): App\Controllers\Frontend\Search\Search->index('0', '')
#8 W:\domains\va.vuatubep.com\vendor\codeigniter4\framework\system\Common.php(1140): CodeIgniter\View\Cell->render('\\App\\Controller...', 'page=0, module=', 0, 'AppControllersF...')
#9 W:\domains\va.vuatubep.com\app\Controllers\Frontend\Homepage\Router.php(41): view_cell('\\App\\Controller...', 'page=0, module=')
#10 W:\domains\va.vuatubep.com\vendor\codeigniter4\framework\system\CodeIgniter.php(918): App\Controllers\Frontend\Homepage\Router->search(0)
#11 W:\domains\va.vuatubep.com\vendor\codeigniter4\framework\system\CodeIgniter.php(404): CodeIgniter\CodeIgniter->runController(Object(App\Controllers\Frontend\Homepage\Router))
#12 W:\domains\va.vuatubep.com\vendor\codeigniter4\framework\system\CodeIgniter.php(312): CodeIgniter\CodeIgniter->handleRequest(NULL, Object(Config\Cache), false)
#13 W:\domains\va.vuatubep.com\index.php(48): CodeIgniter\CodeIgniter->run()
#14 {main}
CRITICAL - 2022-05-18 11:19:12 --> Undefined index: homepage_banner_contact_ft
#0 W:\domains\va.vuatubep.com\app\Views\frontend\homepage\common\footer.php(4): CodeIgniter\Debug\Exceptions->errorHandler(8, 'Undefined index...', 'W:\\domains\\va.v...', 4, Array)
#1 W:\domains\va.vuatubep.com\vendor\codeigniter4\framework\system\View\View.php(246): include('W:\\domains\\va.v...')
#2 W:\domains\va.vuatubep.com\vendor\codeigniter4\framework\system\Common.php(1119): CodeIgniter\View\View->render('frontend/homepa...', Array, true)
#3 W:\domains\va.vuatubep.com\app\Views\frontend\homepage\layout\home.php(74): view('frontend/homepa...')
#4 W:\domains\va.vuatubep.com\vendor\codeigniter4\framework\system\View\View.php(246): include('W:\\domains\\va.v...')
#5 W:\domains\va.vuatubep.com\vendor\codeigniter4\framework\system\Common.php(1119): CodeIgniter\View\View->render('frontend/homepa...', Array, true)
#6 W:\domains\va.vuatubep.com\app\Controllers\Frontend\Homepage\Home.php(70): view('frontend/homepa...', Array)
#7 W:\domains\va.vuatubep.com\vendor\codeigniter4\framework\system\CodeIgniter.php(918): App\Controllers\Frontend\Homepage\Home->index()
#8 W:\domains\va.vuatubep.com\vendor\codeigniter4\framework\system\CodeIgniter.php(404): CodeIgniter\CodeIgniter->runController(Object(App\Controllers\Frontend\Homepage\Home))
#9 W:\domains\va.vuatubep.com\vendor\codeigniter4\framework\system\CodeIgniter.php(312): CodeIgniter\CodeIgniter->handleRequest(NULL, Object(Config\Cache), false)
#10 W:\domains\va.vuatubep.com\index.php(48): CodeIgniter\CodeIgniter->run()
#11 {main}
