CRITICAL - 2021-08-18 03:47:28 --> syntax error, unexpected ';', expecting ']'
#0 G:\OpenServer\domains\htvietnam.com.va\vendor\codeigniter4\framework\system\Router\Router.php(195): CodeIgniter\Router\Router->autoRoute('ajax/frontend/a...')
#1 G:\OpenServer\domains\htvietnam.com.va\vendor\codeigniter4\framework\system\CodeIgniter.php(793): CodeIgniter\Router\Router->handle('ajax/frontend/a...')
#2 G:\OpenServer\domains\htvietnam.com.va\vendor\codeigniter4\framework\system\CodeIgniter.php(364): CodeIgniter\CodeIgniter->tryToRouteIt(Object(CodeIgniter\Router\RouteCollection))
#3 G:\OpenServer\domains\htvietnam.com.va\vendor\codeigniter4\framework\system\CodeIgniter.php(312): CodeIgniter\CodeIgniter->handleRequest(NULL, Object(Config\Cache), false)
#4 G:\OpenServer\domains\htvietnam.com.va\index.php(48): CodeIgniter\CodeIgniter->run()
#5 {main}
CRITICAL - 2021-08-18 03:47:35 --> Call to undefined method App\Controllers\Ajax\Frontend\Action::bill_id_generator()
#0 G:\OpenServer\domains\htvietnam.com.va\vendor\codeigniter4\framework\system\CodeIgniter.php(918): App\Controllers\Ajax\Frontend\Action->contact_email()
#1 G:\OpenServer\domains\htvietnam.com.va\vendor\codeigniter4\framework\system\CodeIgniter.php(404): CodeIgniter\CodeIgniter->runController(Object(App\Controllers\Ajax\Frontend\Action))
#2 G:\OpenServer\domains\htvietnam.com.va\vendor\codeigniter4\framework\system\CodeIgniter.php(312): CodeIgniter\CodeIgniter->handleRequest(NULL, Object(Config\Cache), false)
#3 G:\OpenServer\domains\htvietnam.com.va\index.php(48): CodeIgniter\CodeIgniter->run()
#4 {main}
CRITICAL - 2021-08-18 03:51:22 --> Undefined variable: isset
#0 G:\OpenServer\domains\htvietnam.com.va\app\Controllers\Ajax\Frontend\Action.php(30): CodeIgniter\Debug\Exceptions->errorHandler(8, 'Undefined varia...', 'G:\\OpenServer\\d...', 30, Array)
#1 G:\OpenServer\domains\htvietnam.com.va\vendor\codeigniter4\framework\system\CodeIgniter.php(918): App\Controllers\Ajax\Frontend\Action->contact_email()
#2 G:\OpenServer\domains\htvietnam.com.va\vendor\codeigniter4\framework\system\CodeIgniter.php(404): CodeIgniter\CodeIgniter->runController(Object(App\Controllers\Ajax\Frontend\Action))
#3 G:\OpenServer\domains\htvietnam.com.va\vendor\codeigniter4\framework\system\CodeIgniter.php(312): CodeIgniter\CodeIgniter->handleRequest(NULL, Object(Config\Cache), false)
#4 G:\OpenServer\domains\htvietnam.com.va\index.php(48): CodeIgniter\CodeIgniter->run()
#5 {main}
CRITICAL - 2021-08-18 04:07:49 --> Undefined index: full
#0 G:\OpenServer\domains\htvietnam.com.va\app\Controllers\Ajax\Frontend\Action.php(49): CodeIgniter\Debug\Exceptions->errorHandler(8, 'Undefined index...', 'G:\\OpenServer\\d...', 49, Array)
#1 G:\OpenServer\domains\htvietnam.com.va\vendor\codeigniter4\framework\system\CodeIgniter.php(918): App\Controllers\Ajax\Frontend\Action->contact_full()
#2 G:\OpenServer\domains\htvietnam.com.va\vendor\codeigniter4\framework\system\CodeIgniter.php(404): CodeIgniter\CodeIgniter->runController(Object(App\Controllers\Ajax\Frontend\Action))
#3 G:\OpenServer\domains\htvietnam.com.va\vendor\codeigniter4\framework\system\CodeIgniter.php(312): CodeIgniter\CodeIgniter->handleRequest(NULL, Object(Config\Cache), false)
#4 G:\OpenServer\domains\htvietnam.com.va\index.php(48): CodeIgniter\CodeIgniter->run()
#5 {main}
CRITICAL - 2021-08-18 04:11:17 --> Undefined index: order
#0 G:\OpenServer\domains\htvietnam.com.va\app\Views\backend\contact\contact\index.php(87): CodeIgniter\Debug\Exceptions->errorHandler(8, 'Undefined index...', 'G:\\OpenServer\\d...', 87, Array)
#1 G:\OpenServer\domains\htvietnam.com.va\vendor\codeigniter4\framework\system\View\View.php(246): include('G:\\OpenServer\\d...')
#2 G:\OpenServer\domains\htvietnam.com.va\vendor\codeigniter4\framework\system\Common.php(1119): CodeIgniter\View\View->render('backend/contact...', Array, true)
#3 G:\OpenServer\domains\htvietnam.com.va\app\Views\backend\dashboard\layout\home.php(44): view('backend/contact...')
#4 G:\OpenServer\domains\htvietnam.com.va\vendor\codeigniter4\framework\system\View\View.php(246): include('G:\\OpenServer\\d...')
#5 G:\OpenServer\domains\htvietnam.com.va\vendor\codeigniter4\framework\system\Common.php(1119): CodeIgniter\View\View->render('backend/dashboa...', Array, true)
#6 G:\OpenServer\domains\htvietnam.com.va\app\Controllers\Backend\Contact\Contact.php(66): view('backend/dashboa...', Array)
#7 G:\OpenServer\domains\htvietnam.com.va\vendor\codeigniter4\framework\system\CodeIgniter.php(918): App\Controllers\Backend\Contact\Contact->index()
#8 G:\OpenServer\domains\htvietnam.com.va\vendor\codeigniter4\framework\system\CodeIgniter.php(404): CodeIgniter\CodeIgniter->runController(Object(App\Controllers\Backend\Contact\Contact))
#9 G:\OpenServer\domains\htvietnam.com.va\vendor\codeigniter4\framework\system\CodeIgniter.php(312): CodeIgniter\CodeIgniter->handleRequest(NULL, Object(Config\Cache), false)
#10 G:\OpenServer\domains\htvietnam.com.va\index.php(48): CodeIgniter\CodeIgniter->run()
#11 {main}
CRITICAL - 2021-08-18 04:11:37 --> Undefined index: id
#0 G:\OpenServer\domains\htvietnam.com.va\app\Views\backend\contact\contact\index.php(85): CodeIgniter\Debug\Exceptions->errorHandler(8, 'Undefined index...', 'G:\\OpenServer\\d...', 85, Array)
#1 G:\OpenServer\domains\htvietnam.com.va\vendor\codeigniter4\framework\system\View\View.php(246): include('G:\\OpenServer\\d...')
#2 G:\OpenServer\domains\htvietnam.com.va\vendor\codeigniter4\framework\system\Common.php(1119): CodeIgniter\View\View->render('backend/contact...', Array, true)
#3 G:\OpenServer\domains\htvietnam.com.va\app\Views\backend\dashboard\layout\home.php(44): view('backend/contact...')
#4 G:\OpenServer\domains\htvietnam.com.va\vendor\codeigniter4\framework\system\View\View.php(246): include('G:\\OpenServer\\d...')
#5 G:\OpenServer\domains\htvietnam.com.va\vendor\codeigniter4\framework\system\Common.php(1119): CodeIgniter\View\View->render('backend/dashboa...', Array, true)
#6 G:\OpenServer\domains\htvietnam.com.va\app\Controllers\Backend\Contact\Contact.php(66): view('backend/dashboa...', Array)
#7 G:\OpenServer\domains\htvietnam.com.va\vendor\codeigniter4\framework\system\CodeIgniter.php(918): App\Controllers\Backend\Contact\Contact->index()
#8 G:\OpenServer\domains\htvietnam.com.va\vendor\codeigniter4\framework\system\CodeIgniter.php(404): CodeIgniter\CodeIgniter->runController(Object(App\Controllers\Backend\Contact\Contact))
#9 G:\OpenServer\domains\htvietnam.com.va\vendor\codeigniter4\framework\system\CodeIgniter.php(312): CodeIgniter\CodeIgniter->handleRequest(NULL, Object(Config\Cache), false)
#10 G:\OpenServer\domains\htvietnam.com.va\index.php(48): CodeIgniter\CodeIgniter->run()
#11 {main}
CRITICAL - 2021-08-18 04:11:48 --> Undefined index: address
#0 G:\OpenServer\domains\htvietnam.com.va\app\Views\backend\contact\contact\index.php(100): CodeIgniter\Debug\Exceptions->errorHandler(8, 'Undefined index...', 'G:\\OpenServer\\d...', 100, Array)
#1 G:\OpenServer\domains\htvietnam.com.va\vendor\codeigniter4\framework\system\View\View.php(246): include('G:\\OpenServer\\d...')
#2 G:\OpenServer\domains\htvietnam.com.va\vendor\codeigniter4\framework\system\Common.php(1119): CodeIgniter\View\View->render('backend/contact...', Array, true)
#3 G:\OpenServer\domains\htvietnam.com.va\app\Views\backend\dashboard\layout\home.php(44): view('backend/contact...')
#4 G:\OpenServer\domains\htvietnam.com.va\vendor\codeigniter4\framework\system\View\View.php(246): include('G:\\OpenServer\\d...')
#5 G:\OpenServer\domains\htvietnam.com.va\vendor\codeigniter4\framework\system\Common.php(1119): CodeIgniter\View\View->render('backend/dashboa...', Array, true)
#6 G:\OpenServer\domains\htvietnam.com.va\app\Controllers\Backend\Contact\Contact.php(66): view('backend/dashboa...', Array)
#7 G:\OpenServer\domains\htvietnam.com.va\vendor\codeigniter4\framework\system\CodeIgniter.php(918): App\Controllers\Backend\Contact\Contact->index()
#8 G:\OpenServer\domains\htvietnam.com.va\vendor\codeigniter4\framework\system\CodeIgniter.php(404): CodeIgniter\CodeIgniter->runController(Object(App\Controllers\Backend\Contact\Contact))
#9 G:\OpenServer\domains\htvietnam.com.va\vendor\codeigniter4\framework\system\CodeIgniter.php(312): CodeIgniter\CodeIgniter->handleRequest(NULL, Object(Config\Cache), false)
#10 G:\OpenServer\domains\htvietnam.com.va\index.php(48): CodeIgniter\CodeIgniter->run()
#11 {main}
CRITICAL - 2021-08-18 04:14:02 --> Undefined index: address
#0 G:\OpenServer\domains\htvietnam.com.va\app\Views\backend\contact\contact\index.php(112): CodeIgniter\Debug\Exceptions->errorHandler(8, 'Undefined index...', 'G:\\OpenServer\\d...', 112, Array)
#1 G:\OpenServer\domains\htvietnam.com.va\vendor\codeigniter4\framework\system\View\View.php(246): include('G:\\OpenServer\\d...')
#2 G:\OpenServer\domains\htvietnam.com.va\vendor\codeigniter4\framework\system\Common.php(1119): CodeIgniter\View\View->render('backend/contact...', Array, true)
#3 G:\OpenServer\domains\htvietnam.com.va\app\Views\backend\dashboard\layout\home.php(44): view('backend/contact...')
#4 G:\OpenServer\domains\htvietnam.com.va\vendor\codeigniter4\framework\system\View\View.php(246): include('G:\\OpenServer\\d...')
#5 G:\OpenServer\domains\htvietnam.com.va\vendor\codeigniter4\framework\system\Common.php(1119): CodeIgniter\View\View->render('backend/dashboa...', Array, true)
#6 G:\OpenServer\domains\htvietnam.com.va\app\Controllers\Backend\Contact\Contact.php(66): view('backend/dashboa...', Array)
#7 G:\OpenServer\domains\htvietnam.com.va\vendor\codeigniter4\framework\system\CodeIgniter.php(918): App\Controllers\Backend\Contact\Contact->index()
#8 G:\OpenServer\domains\htvietnam.com.va\vendor\codeigniter4\framework\system\CodeIgniter.php(404): CodeIgniter\CodeIgniter->runController(Object(App\Controllers\Backend\Contact\Contact))
#9 G:\OpenServer\domains\htvietnam.com.va\vendor\codeigniter4\framework\system\CodeIgniter.php(312): CodeIgniter\CodeIgniter->handleRequest(NULL, Object(Config\Cache), false)
#10 G:\OpenServer\domains\htvietnam.com.va\index.php(48): CodeIgniter\CodeIgniter->run()
#11 {main}
CRITICAL - 2021-08-18 04:20:46 --> Undefined index: admin
#0 G:\OpenServer\domains\htvietnam.com.va\app\Views\backend\contact\contact\index.php(121): CodeIgniter\Debug\Exceptions->errorHandler(8, 'Undefined index...', 'G:\\OpenServer\\d...', 121, Array)
#1 G:\OpenServer\domains\htvietnam.com.va\vendor\codeigniter4\framework\system\View\View.php(246): include('G:\\OpenServer\\d...')
#2 G:\OpenServer\domains\htvietnam.com.va\vendor\codeigniter4\framework\system\Common.php(1119): CodeIgniter\View\View->render('backend/contact...', Array, true)
#3 G:\OpenServer\domains\htvietnam.com.va\app\Views\backend\dashboard\layout\home.php(44): view('backend/contact...')
#4 G:\OpenServer\domains\htvietnam.com.va\vendor\codeigniter4\framework\system\View\View.php(246): include('G:\\OpenServer\\d...')
#5 G:\OpenServer\domains\htvietnam.com.va\vendor\codeigniter4\framework\system\Common.php(1119): CodeIgniter\View\View->render('backend/dashboa...', Array, true)
#6 G:\OpenServer\domains\htvietnam.com.va\app\Controllers\Backend\Contact\Contact.php(69): view('backend/dashboa...', Array)
#7 G:\OpenServer\domains\htvietnam.com.va\vendor\codeigniter4\framework\system\CodeIgniter.php(918): App\Controllers\Backend\Contact\Contact->index()
#8 G:\OpenServer\domains\htvietnam.com.va\vendor\codeigniter4\framework\system\CodeIgniter.php(404): CodeIgniter\CodeIgniter->runController(Object(App\Controllers\Backend\Contact\Contact))
#9 G:\OpenServer\domains\htvietnam.com.va\vendor\codeigniter4\framework\system\CodeIgniter.php(312): CodeIgniter\CodeIgniter->handleRequest(NULL, Object(Config\Cache), false)
#10 G:\OpenServer\domains\htvietnam.com.va\index.php(48): CodeIgniter\CodeIgniter->run()
#11 {main}
CRITICAL - 2021-08-18 04:27:06 --> Invalid file: {0}
#0 G:\OpenServer\domains\htvietnam.com.va\vendor\codeigniter4\framework\system\View\View.php(228): CodeIgniter\Exceptions\FrameworkException::forInvalidFile('backend/ticket/...')
#1 G:\OpenServer\domains\htvietnam.com.va\vendor\codeigniter4\framework\system\Common.php(1119): CodeIgniter\View\View->render('backend/ticket/...', Array, true)
#2 G:\OpenServer\domains\htvietnam.com.va\app\Views\backend\dashboard\layout\popup.php(40): view('backend/ticket/...')
#3 G:\OpenServer\domains\htvietnam.com.va\vendor\codeigniter4\framework\system\View\View.php(246): include('G:\\OpenServer\\d...')
#4 G:\OpenServer\domains\htvietnam.com.va\vendor\codeigniter4\framework\system\Common.php(1119): CodeIgniter\View\View->render('backend/dashboa...', Array, true)
#5 G:\OpenServer\domains\htvietnam.com.va\app\Controllers\Backend\Contact\Contact.php(117): view('backend/dashboa...', Array)
#6 G:\OpenServer\domains\htvietnam.com.va\vendor\codeigniter4\framework\system\CodeIgniter.php(918): App\Controllers\Backend\Contact\Contact->reply(5)
#7 G:\OpenServer\domains\htvietnam.com.va\vendor\codeigniter4\framework\system\CodeIgniter.php(404): CodeIgniter\CodeIgniter->runController(Object(App\Controllers\Backend\Contact\Contact))
#8 G:\OpenServer\domains\htvietnam.com.va\vendor\codeigniter4\framework\system\CodeIgniter.php(312): CodeIgniter\CodeIgniter->handleRequest(NULL, Object(Config\Cache), false)
#9 G:\OpenServer\domains\htvietnam.com.va\index.php(48): CodeIgniter\CodeIgniter->run()
#10 {main}
CRITICAL - 2021-08-18 04:28:42 --> Undefined variable: contact
#0 G:\OpenServer\domains\htvietnam.com.va\app\Views\backend\contact\contact\store.php(14): CodeIgniter\Debug\Exceptions->errorHandler(8, 'Undefined varia...', 'G:\\OpenServer\\d...', 14, Array)
#1 G:\OpenServer\domains\htvietnam.com.va\vendor\codeigniter4\framework\system\View\View.php(246): include('G:\\OpenServer\\d...')
#2 G:\OpenServer\domains\htvietnam.com.va\vendor\codeigniter4\framework\system\Common.php(1119): CodeIgniter\View\View->render('backend/contact...', Array, true)
#3 G:\OpenServer\domains\htvietnam.com.va\app\Views\backend\contact\contact\reply.php(12): view('backend/contact...')
#4 G:\OpenServer\domains\htvietnam.com.va\vendor\codeigniter4\framework\system\View\View.php(246): include('G:\\OpenServer\\d...')
#5 G:\OpenServer\domains\htvietnam.com.va\vendor\codeigniter4\framework\system\Common.php(1119): CodeIgniter\View\View->render('backend/contact...', Array, true)
#6 G:\OpenServer\domains\htvietnam.com.va\app\Views\backend\dashboard\layout\popup.php(40): view('backend/contact...')
#7 G:\OpenServer\domains\htvietnam.com.va\vendor\codeigniter4\framework\system\View\View.php(246): include('G:\\OpenServer\\d...')
#8 G:\OpenServer\domains\htvietnam.com.va\vendor\codeigniter4\framework\system\Common.php(1119): CodeIgniter\View\View->render('backend/dashboa...', Array, true)
#9 G:\OpenServer\domains\htvietnam.com.va\app\Controllers\Backend\Contact\Contact.php(117): view('backend/dashboa...', Array)
#10 G:\OpenServer\domains\htvietnam.com.va\vendor\codeigniter4\framework\system\CodeIgniter.php(918): App\Controllers\Backend\Contact\Contact->reply(5)
#11 G:\OpenServer\domains\htvietnam.com.va\vendor\codeigniter4\framework\system\CodeIgniter.php(404): CodeIgniter\CodeIgniter->runController(Object(App\Controllers\Backend\Contact\Contact))
#12 G:\OpenServer\domains\htvietnam.com.va\vendor\codeigniter4\framework\system\CodeIgniter.php(312): CodeIgniter\CodeIgniter->handleRequest(NULL, Object(Config\Cache), false)
#13 G:\OpenServer\domains\htvietnam.com.va\index.php(48): CodeIgniter\CodeIgniter->run()
#14 {main}
CRITICAL - 2021-08-18 04:29:46 --> Undefined index: address
#0 G:\OpenServer\domains\htvietnam.com.va\app\Views\backend\contact\contact\store.php(21): CodeIgniter\Debug\Exceptions->errorHandler(8, 'Undefined index...', 'G:\\OpenServer\\d...', 21, Array)
#1 G:\OpenServer\domains\htvietnam.com.va\vendor\codeigniter4\framework\system\View\View.php(246): include('G:\\OpenServer\\d...')
#2 G:\OpenServer\domains\htvietnam.com.va\vendor\codeigniter4\framework\system\Common.php(1119): CodeIgniter\View\View->render('backend/contact...', Array, true)
#3 G:\OpenServer\domains\htvietnam.com.va\app\Views\backend\contact\contact\reply.php(12): view('backend/contact...')
#4 G:\OpenServer\domains\htvietnam.com.va\vendor\codeigniter4\framework\system\View\View.php(246): include('G:\\OpenServer\\d...')
#5 G:\OpenServer\domains\htvietnam.com.va\vendor\codeigniter4\framework\system\Common.php(1119): CodeIgniter\View\View->render('backend/contact...', Array, true)
#6 G:\OpenServer\domains\htvietnam.com.va\app\Views\backend\dashboard\layout\popup.php(40): view('backend/contact...')
#7 G:\OpenServer\domains\htvietnam.com.va\vendor\codeigniter4\framework\system\View\View.php(246): include('G:\\OpenServer\\d...')
#8 G:\OpenServer\domains\htvietnam.com.va\vendor\codeigniter4\framework\system\Common.php(1119): CodeIgniter\View\View->render('backend/dashboa...', Array, true)
#9 G:\OpenServer\domains\htvietnam.com.va\app\Controllers\Backend\Contact\Contact.php(105): view('backend/dashboa...', Array)
#10 G:\OpenServer\domains\htvietnam.com.va\vendor\codeigniter4\framework\system\CodeIgniter.php(918): App\Controllers\Backend\Contact\Contact->reply(5)
#11 G:\OpenServer\domains\htvietnam.com.va\vendor\codeigniter4\framework\system\CodeIgniter.php(404): CodeIgniter\CodeIgniter->runController(Object(App\Controllers\Backend\Contact\Contact))
#12 G:\OpenServer\domains\htvietnam.com.va\vendor\codeigniter4\framework\system\CodeIgniter.php(312): CodeIgniter\CodeIgniter->handleRequest(NULL, Object(Config\Cache), false)
#13 G:\OpenServer\domains\htvietnam.com.va\index.php(48): CodeIgniter\CodeIgniter->run()
#14 {main}
CRITICAL - 2021-08-18 05:56:05 --> Undefined variable: website_panel
#0 G:\OpenServer\domains\htvietnam.com.va\app\Views\backend\panel\panel\delete.php(7): CodeIgniter\Debug\Exceptions->errorHandler(8, 'Undefined varia...', 'G:\\OpenServer\\d...', 7, Array)
#1 G:\OpenServer\domains\htvietnam.com.va\vendor\codeigniter4\framework\system\View\View.php(246): include('G:\\OpenServer\\d...')
#2 G:\OpenServer\domains\htvietnam.com.va\vendor\codeigniter4\framework\system\Common.php(1119): CodeIgniter\View\View->render('backend/panel/p...', Array, true)
#3 G:\OpenServer\domains\htvietnam.com.va\app\Views\backend\dashboard\layout\home.php(44): view('backend/panel/p...')
#4 G:\OpenServer\domains\htvietnam.com.va\vendor\codeigniter4\framework\system\View\View.php(246): include('G:\\OpenServer\\d...')
#5 G:\OpenServer\domains\htvietnam.com.va\vendor\codeigniter4\framework\system\Common.php(1119): CodeIgniter\View\View->render('backend/dashboa...', Array, true)
#6 G:\OpenServer\domains\htvietnam.com.va\app\Controllers\Backend\Panel\Panel.php(210): view('backend/dashboa...', Array)
#7 G:\OpenServer\domains\htvietnam.com.va\vendor\codeigniter4\framework\system\CodeIgniter.php(918): App\Controllers\Backend\Panel\Panel->delete(8, 'en')
#8 G:\OpenServer\domains\htvietnam.com.va\vendor\codeigniter4\framework\system\CodeIgniter.php(404): CodeIgniter\CodeIgniter->runController(Object(App\Controllers\Backend\Panel\Panel))
#9 G:\OpenServer\domains\htvietnam.com.va\vendor\codeigniter4\framework\system\CodeIgniter.php(312): CodeIgniter\CodeIgniter->handleRequest(NULL, Object(Config\Cache), false)
#10 G:\OpenServer\domains\htvietnam.com.va\index.php(48): CodeIgniter\CodeIgniter->run()
#11 {main}
CRITICAL - 2021-08-18 06:00:28 --> Cannot redeclare App\Controllers\Backend\Panel\Panel::detect_language()
#0 [internal function]: CodeIgniter\Debug\Exceptions->shutdownHandler()
#1 {main}
CRITICAL - 2021-08-18 06:04:38 --> Undefined index: vi_detect
#0 G:\OpenServer\domains\htvietnam.com.va\app\Views\backend\panel\panel\index.php(63): CodeIgniter\Debug\Exceptions->errorHandler(8, 'Undefined index...', 'G:\\OpenServer\\d...', 63, Array)
#1 G:\OpenServer\domains\htvietnam.com.va\vendor\codeigniter4\framework\system\View\View.php(246): include('G:\\OpenServer\\d...')
#2 G:\OpenServer\domains\htvietnam.com.va\vendor\codeigniter4\framework\system\Common.php(1119): CodeIgniter\View\View->render('backend/panel/p...', Array, true)
#3 G:\OpenServer\domains\htvietnam.com.va\app\Views\backend\dashboard\layout\home.php(44): view('backend/panel/p...')
#4 G:\OpenServer\domains\htvietnam.com.va\vendor\codeigniter4\framework\system\View\View.php(246): include('G:\\OpenServer\\d...')
#5 G:\OpenServer\domains\htvietnam.com.va\vendor\codeigniter4\framework\system\Common.php(1119): CodeIgniter\View\View->render('backend/dashboa...', Array, true)
#6 G:\OpenServer\domains\htvietnam.com.va\app\Controllers\Backend\Panel\Panel.php(54): view('backend/dashboa...', Array)
#7 G:\OpenServer\domains\htvietnam.com.va\vendor\codeigniter4\framework\system\CodeIgniter.php(918): App\Controllers\Backend\Panel\Panel->index('en')
#8 G:\OpenServer\domains\htvietnam.com.va\vendor\codeigniter4\framework\system\CodeIgniter.php(404): CodeIgniter\CodeIgniter->runController(Object(App\Controllers\Backend\Panel\Panel))
#9 G:\OpenServer\domains\htvietnam.com.va\vendor\codeigniter4\framework\system\CodeIgniter.php(312): CodeIgniter\CodeIgniter->handleRequest(NULL, Object(Config\Cache), false)
#10 G:\OpenServer\domains\htvietnam.com.va\index.php(48): CodeIgniter\CodeIgniter->run()
#11 {main}
