CRITICAL - 2022-01-18 03:15:16 --> Undefined variable: totalTime
#0 W:\domains\inan.com.va\vendor\codeigniter4\framework\system\Debug\Toolbar\Views\toolbar.tpl.php(56): CodeIgniter\Debug\Exceptions->errorHandler(8, 'Undefined varia...', 'W:\\domains\\inan...', 56, Array)
#1 W:\domains\inan.com.va\vendor\codeigniter4\framework\system\Debug\Toolbar.php(498): include('W:\\domains\\inan...')
#2 W:\domains\inan.com.va\vendor\codeigniter4\framework\system\Debug\Toolbar.php(455): CodeIgniter\Debug\Toolbar->format(Array, 'html')
#3 W:\domains\inan.com.va\app\Config\Events.php(44): CodeIgniter\Debug\Toolbar->respond()
#4 [internal function]: CodeIgniter\Events\Events::Config\{closure}()
#5 W:\domains\inan.com.va\vendor\codeigniter4\framework\system\Events\Events.php(188): call_user_func(Object(Closure))
#6 W:\domains\inan.com.va\vendor\codeigniter4\framework\system\CodeIgniter.php(293): CodeIgniter\Events\Events::trigger('pre_system')
#7 W:\domains\inan.com.va\index.php(48): CodeIgniter\CodeIgniter->run()
#8 {main}
CRITICAL - 2022-01-18 03:15:16 --> Undefined variable: totalTime
#0 W:\domains\inan.com.va\vendor\codeigniter4\framework\system\Debug\Toolbar\Views\toolbar.tpl.php(56): CodeIgniter\Debug\Exceptions->errorHandler(8, 'Undefined varia...', 'W:\\domains\\inan...', 56, Array)
#1 W:\domains\inan.com.va\vendor\codeigniter4\framework\system\Debug\Toolbar.php(498): include('W:\\domains\\inan...')
#2 W:\domains\inan.com.va\vendor\codeigniter4\framework\system\Debug\Toolbar.php(455): CodeIgniter\Debug\Toolbar->format(Array, 'html')
#3 W:\domains\inan.com.va\app\Config\Events.php(44): CodeIgniter\Debug\Toolbar->respond()
#4 [internal function]: CodeIgniter\Events\Events::Config\{closure}()
#5 W:\domains\inan.com.va\vendor\codeigniter4\framework\system\Events\Events.php(188): call_user_func(Object(Closure))
#6 W:\domains\inan.com.va\vendor\codeigniter4\framework\system\CodeIgniter.php(293): CodeIgniter\Events\Events::trigger('pre_system')
#7 W:\domains\inan.com.va\index.php(48): CodeIgniter\CodeIgniter->run()
#8 {main}
CRITICAL - 2022-01-18 03:30:38 --> Undefined variable: active_vi
#0 W:\domains\inan.com.va\app\Views\frontend\homepage\common\header.php(67): CodeIgniter\Debug\Exceptions->errorHandler(8, 'Undefined varia...', 'W:\\domains\\inan...', 67, Array)
#1 W:\domains\inan.com.va\vendor\codeigniter4\framework\system\View\View.php(246): include('W:\\domains\\inan...')
#2 W:\domains\inan.com.va\vendor\codeigniter4\framework\system\Common.php(1119): CodeIgniter\View\View->render('frontend/homepa...', Array, true)
#3 W:\domains\inan.com.va\app\Views\frontend\homepage\layout\home.php(69): view('frontend/homepa...')
#4 W:\domains\inan.com.va\vendor\codeigniter4\framework\system\View\View.php(246): include('W:\\domains\\inan...')
#5 W:\domains\inan.com.va\vendor\codeigniter4\framework\system\Common.php(1119): CodeIgniter\View\View->render('frontend/homepa...', Array, true)
#6 W:\domains\inan.com.va\app\Controllers\Frontend\Homepage\Home.php(39): view('frontend/homepa...', Array)
#7 W:\domains\inan.com.va\vendor\codeigniter4\framework\system\CodeIgniter.php(918): App\Controllers\Frontend\Homepage\Home->index()
#8 W:\domains\inan.com.va\vendor\codeigniter4\framework\system\CodeIgniter.php(404): CodeIgniter\CodeIgniter->runController(Object(App\Controllers\Frontend\Homepage\Home))
#9 W:\domains\inan.com.va\vendor\codeigniter4\framework\system\CodeIgniter.php(312): CodeIgniter\CodeIgniter->handleRequest(NULL, Object(Config\Cache), false)
#10 W:\domains\inan.com.va\index.php(48): CodeIgniter\CodeIgniter->run()
#11 {main}
CRITICAL - 2022-01-18 03:46:20 --> Undefined index: contact_address
#0 W:\domains\inan.com.va\app\Views\frontend\homepage\common\header.php(18): CodeIgniter\Debug\Exceptions->errorHandler(8, 'Undefined index...', 'W:\\domains\\inan...', 18, Array)
#1 W:\domains\inan.com.va\vendor\codeigniter4\framework\system\View\View.php(246): include('W:\\domains\\inan...')
#2 W:\domains\inan.com.va\vendor\codeigniter4\framework\system\Common.php(1119): CodeIgniter\View\View->render('frontend/homepa...', Array, true)
#3 W:\domains\inan.com.va\app\Views\frontend\homepage\layout\home.php(69): view('frontend/homepa...')
#4 W:\domains\inan.com.va\vendor\codeigniter4\framework\system\View\View.php(246): include('W:\\domains\\inan...')
#5 W:\domains\inan.com.va\vendor\codeigniter4\framework\system\Common.php(1119): CodeIgniter\View\View->render('frontend/homepa...', Array, true)
#6 W:\domains\inan.com.va\app\Controllers\Frontend\Homepage\Home.php(39): view('frontend/homepa...', Array)
#7 W:\domains\inan.com.va\vendor\codeigniter4\framework\system\CodeIgniter.php(918): App\Controllers\Frontend\Homepage\Home->index()
#8 W:\domains\inan.com.va\vendor\codeigniter4\framework\system\CodeIgniter.php(404): CodeIgniter\CodeIgniter->runController(Object(App\Controllers\Frontend\Homepage\Home))
#9 W:\domains\inan.com.va\vendor\codeigniter4\framework\system\CodeIgniter.php(312): CodeIgniter\CodeIgniter->handleRequest(NULL, Object(Config\Cache), false)
#10 W:\domains\inan.com.va\index.php(48): CodeIgniter\CodeIgniter->run()
#11 {main}
CRITICAL - 2022-01-18 04:00:54 --> Undefined index: contact_company
#0 W:\domains\inan.com.va\app\Views\frontend\contact\contact\index.php(8): CodeIgniter\Debug\Exceptions->errorHandler(8, 'Undefined index...', 'W:\\domains\\inan...', 8, Array)
#1 W:\domains\inan.com.va\vendor\codeigniter4\framework\system\View\View.php(246): include('W:\\domains\\inan...')
#2 W:\domains\inan.com.va\vendor\codeigniter4\framework\system\Common.php(1119): CodeIgniter\View\View->render('frontend/contac...', Array, true)
#3 W:\domains\inan.com.va\app\Views\frontend\homepage\layout\home.php(72): view('frontend/contac...')
#4 W:\domains\inan.com.va\vendor\codeigniter4\framework\system\View\View.php(246): include('W:\\domains\\inan...')
#5 W:\domains\inan.com.va\vendor\codeigniter4\framework\system\Common.php(1119): CodeIgniter\View\View->render('frontend/homepa...', Array, true)
#6 W:\domains\inan.com.va\app\Controllers\Frontend\Contact\Contact.php(116): view('frontend/homepa...', Array)
#7 W:\domains\inan.com.va\vendor\codeigniter4\framework\system\CodeIgniter.php(918): App\Controllers\Frontend\Contact\Contact->index()
#8 W:\domains\inan.com.va\vendor\codeigniter4\framework\system\CodeIgniter.php(404): CodeIgniter\CodeIgniter->runController(Object(App\Controllers\Frontend\Contact\Contact))
#9 W:\domains\inan.com.va\vendor\codeigniter4\framework\system\CodeIgniter.php(312): CodeIgniter\CodeIgniter->handleRequest(NULL, Object(Config\Cache), false)
#10 W:\domains\inan.com.va\index.php(48): CodeIgniter\CodeIgniter->run()
#11 {main}
CRITICAL - 2022-01-18 04:01:02 --> Undefined index: contact_company
#0 W:\domains\inan.com.va\app\Views\frontend\contact\contact\index.php(8): CodeIgniter\Debug\Exceptions->errorHandler(8, 'Undefined index...', 'W:\\domains\\inan...', 8, Array)
#1 W:\domains\inan.com.va\vendor\codeigniter4\framework\system\View\View.php(246): include('W:\\domains\\inan...')
#2 W:\domains\inan.com.va\vendor\codeigniter4\framework\system\Common.php(1119): CodeIgniter\View\View->render('frontend/contac...', Array, true)
#3 W:\domains\inan.com.va\app\Views\frontend\homepage\layout\home.php(72): view('frontend/contac...')
#4 W:\domains\inan.com.va\vendor\codeigniter4\framework\system\View\View.php(246): include('W:\\domains\\inan...')
#5 W:\domains\inan.com.va\vendor\codeigniter4\framework\system\Common.php(1119): CodeIgniter\View\View->render('frontend/homepa...', Array, true)
#6 W:\domains\inan.com.va\app\Controllers\Frontend\Contact\Contact.php(116): view('frontend/homepa...', Array)
#7 W:\domains\inan.com.va\vendor\codeigniter4\framework\system\CodeIgniter.php(918): App\Controllers\Frontend\Contact\Contact->index()
#8 W:\domains\inan.com.va\vendor\codeigniter4\framework\system\CodeIgniter.php(404): CodeIgniter\CodeIgniter->runController(Object(App\Controllers\Frontend\Contact\Contact))
#9 W:\domains\inan.com.va\vendor\codeigniter4\framework\system\CodeIgniter.php(312): CodeIgniter\CodeIgniter->handleRequest(NULL, Object(Config\Cache), false)
#10 W:\domains\inan.com.va\index.php(48): CodeIgniter\CodeIgniter->run()
#11 {main}
CRITICAL - 2022-01-18 04:01:05 --> Undefined index: contact_company
#0 W:\domains\inan.com.va\app\Views\frontend\contact\contact\index.php(8): CodeIgniter\Debug\Exceptions->errorHandler(8, 'Undefined index...', 'W:\\domains\\inan...', 8, Array)
#1 W:\domains\inan.com.va\vendor\codeigniter4\framework\system\View\View.php(246): include('W:\\domains\\inan...')
#2 W:\domains\inan.com.va\vendor\codeigniter4\framework\system\Common.php(1119): CodeIgniter\View\View->render('frontend/contac...', Array, true)
#3 W:\domains\inan.com.va\app\Views\frontend\homepage\layout\home.php(72): view('frontend/contac...')
#4 W:\domains\inan.com.va\vendor\codeigniter4\framework\system\View\View.php(246): include('W:\\domains\\inan...')
#5 W:\domains\inan.com.va\vendor\codeigniter4\framework\system\Common.php(1119): CodeIgniter\View\View->render('frontend/homepa...', Array, true)
#6 W:\domains\inan.com.va\app\Controllers\Frontend\Contact\Contact.php(116): view('frontend/homepa...', Array)
#7 W:\domains\inan.com.va\vendor\codeigniter4\framework\system\CodeIgniter.php(918): App\Controllers\Frontend\Contact\Contact->index()
#8 W:\domains\inan.com.va\vendor\codeigniter4\framework\system\CodeIgniter.php(404): CodeIgniter\CodeIgniter->runController(Object(App\Controllers\Frontend\Contact\Contact))
#9 W:\domains\inan.com.va\vendor\codeigniter4\framework\system\CodeIgniter.php(312): CodeIgniter\CodeIgniter->handleRequest(NULL, Object(Config\Cache), false)
#10 W:\domains\inan.com.va\index.php(48): CodeIgniter\CodeIgniter->run()
#11 {main}
CRITICAL - 2022-01-18 04:01:11 --> Undefined index: contact_company
#0 W:\domains\inan.com.va\app\Views\frontend\contact\contact\index.php(8): CodeIgniter\Debug\Exceptions->errorHandler(8, 'Undefined index...', 'W:\\domains\\inan...', 8, Array)
#1 W:\domains\inan.com.va\vendor\codeigniter4\framework\system\View\View.php(246): include('W:\\domains\\inan...')
#2 W:\domains\inan.com.va\vendor\codeigniter4\framework\system\Common.php(1119): CodeIgniter\View\View->render('frontend/contac...', Array, true)
#3 W:\domains\inan.com.va\app\Views\frontend\homepage\layout\home.php(72): view('frontend/contac...')
#4 W:\domains\inan.com.va\vendor\codeigniter4\framework\system\View\View.php(246): include('W:\\domains\\inan...')
#5 W:\domains\inan.com.va\vendor\codeigniter4\framework\system\Common.php(1119): CodeIgniter\View\View->render('frontend/homepa...', Array, true)
#6 W:\domains\inan.com.va\app\Controllers\Frontend\Contact\Contact.php(116): view('frontend/homepa...', Array)
#7 W:\domains\inan.com.va\vendor\codeigniter4\framework\system\CodeIgniter.php(918): App\Controllers\Frontend\Contact\Contact->index()
#8 W:\domains\inan.com.va\vendor\codeigniter4\framework\system\CodeIgniter.php(404): CodeIgniter\CodeIgniter->runController(Object(App\Controllers\Frontend\Contact\Contact))
#9 W:\domains\inan.com.va\vendor\codeigniter4\framework\system\CodeIgniter.php(312): CodeIgniter\CodeIgniter->handleRequest(NULL, Object(Config\Cache), false)
#10 W:\domains\inan.com.va\index.php(48): CodeIgniter\CodeIgniter->run()
#11 {main}
CRITICAL - 2022-01-18 04:07:11 --> Undefined variable: val
#0 W:\domains\inan.com.va\app\Views\frontend\homepage\common\header.php(51): CodeIgniter\Debug\Exceptions->errorHandler(8, 'Undefined varia...', 'W:\\domains\\inan...', 51, Array)
#1 W:\domains\inan.com.va\vendor\codeigniter4\framework\system\View\View.php(246): include('W:\\domains\\inan...')
#2 W:\domains\inan.com.va\vendor\codeigniter4\framework\system\Common.php(1119): CodeIgniter\View\View->render('frontend/homepa...', Array, true)
#3 W:\domains\inan.com.va\app\Views\frontend\homepage\layout\home.php(69): view('frontend/homepa...')
#4 W:\domains\inan.com.va\vendor\codeigniter4\framework\system\View\View.php(246): include('W:\\domains\\inan...')
#5 W:\domains\inan.com.va\vendor\codeigniter4\framework\system\Common.php(1119): CodeIgniter\View\View->render('frontend/homepa...', Array, true)
#6 W:\domains\inan.com.va\app\Controllers\Frontend\Homepage\Home.php(39): view('frontend/homepa...', Array)
#7 W:\domains\inan.com.va\vendor\codeigniter4\framework\system\CodeIgniter.php(918): App\Controllers\Frontend\Homepage\Home->index()
#8 W:\domains\inan.com.va\vendor\codeigniter4\framework\system\CodeIgniter.php(404): CodeIgniter\CodeIgniter->runController(Object(App\Controllers\Frontend\Homepage\Home))
#9 W:\domains\inan.com.va\vendor\codeigniter4\framework\system\CodeIgniter.php(312): CodeIgniter\CodeIgniter->handleRequest(NULL, Object(Config\Cache), false)
#10 W:\domains\inan.com.va\index.php(48): CodeIgniter\CodeIgniter->run()
#11 {main}
CRITICAL - 2022-01-18 04:08:10 --> Undefined index: contact_company
#0 W:\domains\inan.com.va\app\Views\frontend\contact\contact\index.php(8): CodeIgniter\Debug\Exceptions->errorHandler(8, 'Undefined index...', 'W:\\domains\\inan...', 8, Array)
#1 W:\domains\inan.com.va\vendor\codeigniter4\framework\system\View\View.php(246): include('W:\\domains\\inan...')
#2 W:\domains\inan.com.va\vendor\codeigniter4\framework\system\Common.php(1119): CodeIgniter\View\View->render('frontend/contac...', Array, true)
#3 W:\domains\inan.com.va\app\Views\frontend\homepage\layout\home.php(72): view('frontend/contac...')
#4 W:\domains\inan.com.va\vendor\codeigniter4\framework\system\View\View.php(246): include('W:\\domains\\inan...')
#5 W:\domains\inan.com.va\vendor\codeigniter4\framework\system\Common.php(1119): CodeIgniter\View\View->render('frontend/homepa...', Array, true)
#6 W:\domains\inan.com.va\app\Controllers\Frontend\Contact\Contact.php(116): view('frontend/homepa...', Array)
#7 W:\domains\inan.com.va\vendor\codeigniter4\framework\system\CodeIgniter.php(918): App\Controllers\Frontend\Contact\Contact->index()
#8 W:\domains\inan.com.va\vendor\codeigniter4\framework\system\CodeIgniter.php(404): CodeIgniter\CodeIgniter->runController(Object(App\Controllers\Frontend\Contact\Contact))
#9 W:\domains\inan.com.va\vendor\codeigniter4\framework\system\CodeIgniter.php(312): CodeIgniter\CodeIgniter->handleRequest(NULL, Object(Config\Cache), false)
#10 W:\domains\inan.com.va\index.php(48): CodeIgniter\CodeIgniter->run()
#11 {main}
CRITICAL - 2022-01-18 09:30:47 --> syntax error, unexpected 'continue' (T_CONTINUE)
#0 W:\domains\inan.com.va\vendor\codeigniter4\framework\system\Common.php(1119): CodeIgniter\View\View->render('frontend/homepa...', Array, true)
#1 W:\domains\inan.com.va\app\Views\frontend\homepage\layout\home.php(72): view('frontend/homepa...')
#2 W:\domains\inan.com.va\vendor\codeigniter4\framework\system\View\View.php(246): include('W:\\domains\\inan...')
#3 W:\domains\inan.com.va\vendor\codeigniter4\framework\system\Common.php(1119): CodeIgniter\View\View->render('frontend/homepa...', Array, true)
#4 W:\domains\inan.com.va\app\Controllers\Frontend\Homepage\Home.php(39): view('frontend/homepa...', Array)
#5 W:\domains\inan.com.va\vendor\codeigniter4\framework\system\CodeIgniter.php(918): App\Controllers\Frontend\Homepage\Home->index()
#6 W:\domains\inan.com.va\vendor\codeigniter4\framework\system\CodeIgniter.php(404): CodeIgniter\CodeIgniter->runController(Object(App\Controllers\Frontend\Homepage\Home))
#7 W:\domains\inan.com.va\vendor\codeigniter4\framework\system\CodeIgniter.php(312): CodeIgniter\CodeIgniter->handleRequest(NULL, Object(Config\Cache), false)
#8 W:\domains\inan.com.va\index.php(48): CodeIgniter\CodeIgniter->run()
#9 {main}
CRITICAL - 2022-01-18 09:59:07 --> Undefined index: contact_company
#0 W:\domains\inan.com.va\app\Views\frontend\contact\contact\index.php(8): CodeIgniter\Debug\Exceptions->errorHandler(8, 'Undefined index...', 'W:\\domains\\inan...', 8, Array)
#1 W:\domains\inan.com.va\vendor\codeigniter4\framework\system\View\View.php(246): include('W:\\domains\\inan...')
#2 W:\domains\inan.com.va\vendor\codeigniter4\framework\system\Common.php(1119): CodeIgniter\View\View->render('frontend/contac...', Array, true)
#3 W:\domains\inan.com.va\app\Views\frontend\homepage\layout\home.php(72): view('frontend/contac...')
#4 W:\domains\inan.com.va\vendor\codeigniter4\framework\system\View\View.php(246): include('W:\\domains\\inan...')
#5 W:\domains\inan.com.va\vendor\codeigniter4\framework\system\Common.php(1119): CodeIgniter\View\View->render('frontend/homepa...', Array, true)
#6 W:\domains\inan.com.va\app\Controllers\Frontend\Contact\Contact.php(116): view('frontend/homepa...', Array)
#7 W:\domains\inan.com.va\vendor\codeigniter4\framework\system\CodeIgniter.php(918): App\Controllers\Frontend\Contact\Contact->index()
#8 W:\domains\inan.com.va\vendor\codeigniter4\framework\system\CodeIgniter.php(404): CodeIgniter\CodeIgniter->runController(Object(App\Controllers\Frontend\Contact\Contact))
#9 W:\domains\inan.com.va\vendor\codeigniter4\framework\system\CodeIgniter.php(312): CodeIgniter\CodeIgniter->handleRequest(NULL, Object(Config\Cache), false)
#10 W:\domains\inan.com.va\index.php(48): CodeIgniter\CodeIgniter->run()
#11 {main}
CRITICAL - 2022-01-18 09:59:13 --> Undefined index: contact_company
#0 W:\domains\inan.com.va\app\Views\frontend\contact\contact\index.php(8): CodeIgniter\Debug\Exceptions->errorHandler(8, 'Undefined index...', 'W:\\domains\\inan...', 8, Array)
#1 W:\domains\inan.com.va\vendor\codeigniter4\framework\system\View\View.php(246): include('W:\\domains\\inan...')
#2 W:\domains\inan.com.va\vendor\codeigniter4\framework\system\Common.php(1119): CodeIgniter\View\View->render('frontend/contac...', Array, true)
#3 W:\domains\inan.com.va\app\Views\frontend\homepage\layout\home.php(72): view('frontend/contac...')
#4 W:\domains\inan.com.va\vendor\codeigniter4\framework\system\View\View.php(246): include('W:\\domains\\inan...')
#5 W:\domains\inan.com.va\vendor\codeigniter4\framework\system\Common.php(1119): CodeIgniter\View\View->render('frontend/homepa...', Array, true)
#6 W:\domains\inan.com.va\app\Controllers\Frontend\Contact\Contact.php(116): view('frontend/homepa...', Array)
#7 W:\domains\inan.com.va\vendor\codeigniter4\framework\system\CodeIgniter.php(918): App\Controllers\Frontend\Contact\Contact->index()
#8 W:\domains\inan.com.va\vendor\codeigniter4\framework\system\CodeIgniter.php(404): CodeIgniter\CodeIgniter->runController(Object(App\Controllers\Frontend\Contact\Contact))
#9 W:\domains\inan.com.va\vendor\codeigniter4\framework\system\CodeIgniter.php(312): CodeIgniter\CodeIgniter->handleRequest(NULL, Object(Config\Cache), false)
#10 W:\domains\inan.com.va\index.php(48): CodeIgniter\CodeIgniter->run()
#11 {main}
CRITICAL - 2022-01-18 10:00:48 --> Undefined index: contact_address
#0 W:\domains\inan.com.va\app\Views\frontend\contact\contact\index.php(23): CodeIgniter\Debug\Exceptions->errorHandler(8, 'Undefined index...', 'W:\\domains\\inan...', 23, Array)
#1 W:\domains\inan.com.va\vendor\codeigniter4\framework\system\View\View.php(246): include('W:\\domains\\inan...')
#2 W:\domains\inan.com.va\vendor\codeigniter4\framework\system\Common.php(1119): CodeIgniter\View\View->render('frontend/contac...', Array, true)
#3 W:\domains\inan.com.va\app\Views\frontend\homepage\layout\home.php(72): view('frontend/contac...')
#4 W:\domains\inan.com.va\vendor\codeigniter4\framework\system\View\View.php(246): include('W:\\domains\\inan...')
#5 W:\domains\inan.com.va\vendor\codeigniter4\framework\system\Common.php(1119): CodeIgniter\View\View->render('frontend/homepa...', Array, true)
#6 W:\domains\inan.com.va\app\Controllers\Frontend\Contact\Contact.php(116): view('frontend/homepa...', Array)
#7 W:\domains\inan.com.va\vendor\codeigniter4\framework\system\CodeIgniter.php(918): App\Controllers\Frontend\Contact\Contact->index()
#8 W:\domains\inan.com.va\vendor\codeigniter4\framework\system\CodeIgniter.php(404): CodeIgniter\CodeIgniter->runController(Object(App\Controllers\Frontend\Contact\Contact))
#9 W:\domains\inan.com.va\vendor\codeigniter4\framework\system\CodeIgniter.php(312): CodeIgniter\CodeIgniter->handleRequest(NULL, Object(Config\Cache), false)
#10 W:\domains\inan.com.va\index.php(48): CodeIgniter\CodeIgniter->run()
#11 {main}
CRITICAL - 2022-01-18 10:00:52 --> Undefined index: contact_address
#0 W:\domains\inan.com.va\app\Views\frontend\contact\contact\index.php(23): CodeIgniter\Debug\Exceptions->errorHandler(8, 'Undefined index...', 'W:\\domains\\inan...', 23, Array)
#1 W:\domains\inan.com.va\vendor\codeigniter4\framework\system\View\View.php(246): include('W:\\domains\\inan...')
#2 W:\domains\inan.com.va\vendor\codeigniter4\framework\system\Common.php(1119): CodeIgniter\View\View->render('frontend/contac...', Array, true)
#3 W:\domains\inan.com.va\app\Views\frontend\homepage\layout\home.php(72): view('frontend/contac...')
#4 W:\domains\inan.com.va\vendor\codeigniter4\framework\system\View\View.php(246): include('W:\\domains\\inan...')
#5 W:\domains\inan.com.va\vendor\codeigniter4\framework\system\Common.php(1119): CodeIgniter\View\View->render('frontend/homepa...', Array, true)
#6 W:\domains\inan.com.va\app\Controllers\Frontend\Contact\Contact.php(116): view('frontend/homepa...', Array)
#7 W:\domains\inan.com.va\vendor\codeigniter4\framework\system\CodeIgniter.php(918): App\Controllers\Frontend\Contact\Contact->index()
#8 W:\domains\inan.com.va\vendor\codeigniter4\framework\system\CodeIgniter.php(404): CodeIgniter\CodeIgniter->runController(Object(App\Controllers\Frontend\Contact\Contact))
#9 W:\domains\inan.com.va\vendor\codeigniter4\framework\system\CodeIgniter.php(312): CodeIgniter\CodeIgniter->handleRequest(NULL, Object(Config\Cache), false)
#10 W:\domains\inan.com.va\index.php(48): CodeIgniter\CodeIgniter->run()
#11 {main}
CRITICAL - 2022-01-18 10:00:53 --> Undefined index: contact_address
#0 W:\domains\inan.com.va\app\Views\frontend\contact\contact\index.php(23): CodeIgniter\Debug\Exceptions->errorHandler(8, 'Undefined index...', 'W:\\domains\\inan...', 23, Array)
#1 W:\domains\inan.com.va\vendor\codeigniter4\framework\system\View\View.php(246): include('W:\\domains\\inan...')
#2 W:\domains\inan.com.va\vendor\codeigniter4\framework\system\Common.php(1119): CodeIgniter\View\View->render('frontend/contac...', Array, true)
#3 W:\domains\inan.com.va\app\Views\frontend\homepage\layout\home.php(72): view('frontend/contac...')
#4 W:\domains\inan.com.va\vendor\codeigniter4\framework\system\View\View.php(246): include('W:\\domains\\inan...')
#5 W:\domains\inan.com.va\vendor\codeigniter4\framework\system\Common.php(1119): CodeIgniter\View\View->render('frontend/homepa...', Array, true)
#6 W:\domains\inan.com.va\app\Controllers\Frontend\Contact\Contact.php(116): view('frontend/homepa...', Array)
#7 W:\domains\inan.com.va\vendor\codeigniter4\framework\system\CodeIgniter.php(918): App\Controllers\Frontend\Contact\Contact->index()
#8 W:\domains\inan.com.va\vendor\codeigniter4\framework\system\CodeIgniter.php(404): CodeIgniter\CodeIgniter->runController(Object(App\Controllers\Frontend\Contact\Contact))
#9 W:\domains\inan.com.va\vendor\codeigniter4\framework\system\CodeIgniter.php(312): CodeIgniter\CodeIgniter->handleRequest(NULL, Object(Config\Cache), false)
#10 W:\domains\inan.com.va\index.php(48): CodeIgniter\CodeIgniter->run()
#11 {main}
CRITICAL - 2022-01-18 10:02:05 --> Column 'phone' cannot be null
#0 W:\domains\inan.com.va\vendor\codeigniter4\framework\system\Database\MySQLi\Connection.php(331): mysqli->query('INSERT INTO `co...')
#1 W:\domains\inan.com.va\vendor\codeigniter4\framework\system\Database\BaseConnection.php(741): CodeIgniter\Database\MySQLi\Connection->execute('INSERT INTO `co...')
#2 W:\domains\inan.com.va\vendor\codeigniter4\framework\system\Database\BaseConnection.php(669): CodeIgniter\Database\BaseConnection->simpleQuery('INSERT INTO `co...')
#3 W:\domains\inan.com.va\vendor\codeigniter4\framework\system\Database\BaseBuilder.php(2249): CodeIgniter\Database\BaseConnection->query('INSERT INTO `co...', Array, false)
#4 W:\domains\inan.com.va\app\Models\AutoloadModel.php(90): CodeIgniter\Database\BaseBuilder->insert(Array)
#5 W:\domains\inan.com.va\app\Controllers\Ajax\Frontend\Action.php(233): App\Models\AutoloadModel->_insert(Array)
#6 W:\domains\inan.com.va\vendor\codeigniter4\framework\system\CodeIgniter.php(918): App\Controllers\Ajax\Frontend\Action->contact_full()
#7 W:\domains\inan.com.va\vendor\codeigniter4\framework\system\CodeIgniter.php(404): CodeIgniter\CodeIgniter->runController(Object(App\Controllers\Ajax\Frontend\Action))
#8 W:\domains\inan.com.va\vendor\codeigniter4\framework\system\CodeIgniter.php(312): CodeIgniter\CodeIgniter->handleRequest(NULL, Object(Config\Cache), false)
#9 W:\domains\inan.com.va\index.php(48): CodeIgniter\CodeIgniter->run()
#10 {main}
CRITICAL - 2022-01-18 10:02:06 --> Column 'phone' cannot be null
#0 W:\domains\inan.com.va\vendor\codeigniter4\framework\system\Database\MySQLi\Connection.php(331): mysqli->query('INSERT INTO `co...')
#1 W:\domains\inan.com.va\vendor\codeigniter4\framework\system\Database\BaseConnection.php(741): CodeIgniter\Database\MySQLi\Connection->execute('INSERT INTO `co...')
#2 W:\domains\inan.com.va\vendor\codeigniter4\framework\system\Database\BaseConnection.php(669): CodeIgniter\Database\BaseConnection->simpleQuery('INSERT INTO `co...')
#3 W:\domains\inan.com.va\vendor\codeigniter4\framework\system\Database\BaseBuilder.php(2249): CodeIgniter\Database\BaseConnection->query('INSERT INTO `co...', Array, false)
#4 W:\domains\inan.com.va\app\Models\AutoloadModel.php(90): CodeIgniter\Database\BaseBuilder->insert(Array)
#5 W:\domains\inan.com.va\app\Controllers\Ajax\Frontend\Action.php(233): App\Models\AutoloadModel->_insert(Array)
#6 W:\domains\inan.com.va\vendor\codeigniter4\framework\system\CodeIgniter.php(918): App\Controllers\Ajax\Frontend\Action->contact_full()
#7 W:\domains\inan.com.va\vendor\codeigniter4\framework\system\CodeIgniter.php(404): CodeIgniter\CodeIgniter->runController(Object(App\Controllers\Ajax\Frontend\Action))
#8 W:\domains\inan.com.va\vendor\codeigniter4\framework\system\CodeIgniter.php(312): CodeIgniter\CodeIgniter->handleRequest(NULL, Object(Config\Cache), false)
#9 W:\domains\inan.com.va\index.php(48): CodeIgniter\CodeIgniter->run()
#10 {main}
CRITICAL - 2022-01-18 10:02:08 --> Column 'phone' cannot be null
#0 W:\domains\inan.com.va\vendor\codeigniter4\framework\system\Database\MySQLi\Connection.php(331): mysqli->query('INSERT INTO `co...')
#1 W:\domains\inan.com.va\vendor\codeigniter4\framework\system\Database\BaseConnection.php(741): CodeIgniter\Database\MySQLi\Connection->execute('INSERT INTO `co...')
#2 W:\domains\inan.com.va\vendor\codeigniter4\framework\system\Database\BaseConnection.php(669): CodeIgniter\Database\BaseConnection->simpleQuery('INSERT INTO `co...')
#3 W:\domains\inan.com.va\vendor\codeigniter4\framework\system\Database\BaseBuilder.php(2249): CodeIgniter\Database\BaseConnection->query('INSERT INTO `co...', Array, false)
#4 W:\domains\inan.com.va\app\Models\AutoloadModel.php(90): CodeIgniter\Database\BaseBuilder->insert(Array)
#5 W:\domains\inan.com.va\app\Controllers\Ajax\Frontend\Action.php(233): App\Models\AutoloadModel->_insert(Array)
#6 W:\domains\inan.com.va\vendor\codeigniter4\framework\system\CodeIgniter.php(918): App\Controllers\Ajax\Frontend\Action->contact_full()
#7 W:\domains\inan.com.va\vendor\codeigniter4\framework\system\CodeIgniter.php(404): CodeIgniter\CodeIgniter->runController(Object(App\Controllers\Ajax\Frontend\Action))
#8 W:\domains\inan.com.va\vendor\codeigniter4\framework\system\CodeIgniter.php(312): CodeIgniter\CodeIgniter->handleRequest(NULL, Object(Config\Cache), false)
#9 W:\domains\inan.com.va\index.php(48): CodeIgniter\CodeIgniter->run()
#10 {main}
CRITICAL - 2022-01-18 10:02:12 --> Column 'phone' cannot be null
#0 W:\domains\inan.com.va\vendor\codeigniter4\framework\system\Database\MySQLi\Connection.php(331): mysqli->query('INSERT INTO `co...')
#1 W:\domains\inan.com.va\vendor\codeigniter4\framework\system\Database\BaseConnection.php(741): CodeIgniter\Database\MySQLi\Connection->execute('INSERT INTO `co...')
#2 W:\domains\inan.com.va\vendor\codeigniter4\framework\system\Database\BaseConnection.php(669): CodeIgniter\Database\BaseConnection->simpleQuery('INSERT INTO `co...')
#3 W:\domains\inan.com.va\vendor\codeigniter4\framework\system\Database\BaseBuilder.php(2249): CodeIgniter\Database\BaseConnection->query('INSERT INTO `co...', Array, false)
#4 W:\domains\inan.com.va\app\Models\AutoloadModel.php(90): CodeIgniter\Database\BaseBuilder->insert(Array)
#5 W:\domains\inan.com.va\app\Controllers\Ajax\Frontend\Action.php(233): App\Models\AutoloadModel->_insert(Array)
#6 W:\domains\inan.com.va\vendor\codeigniter4\framework\system\CodeIgniter.php(918): App\Controllers\Ajax\Frontend\Action->contact_full()
#7 W:\domains\inan.com.va\vendor\codeigniter4\framework\system\CodeIgniter.php(404): CodeIgniter\CodeIgniter->runController(Object(App\Controllers\Ajax\Frontend\Action))
#8 W:\domains\inan.com.va\vendor\codeigniter4\framework\system\CodeIgniter.php(312): CodeIgniter\CodeIgniter->handleRequest(NULL, Object(Config\Cache), false)
#9 W:\domains\inan.com.va\index.php(48): CodeIgniter\CodeIgniter->run()
#10 {main}
CRITICAL - 2022-01-18 10:05:30 --> Column 'phone' cannot be null
#0 W:\domains\inan.com.va\vendor\codeigniter4\framework\system\Database\MySQLi\Connection.php(331): mysqli->query('INSERT INTO `co...')
#1 W:\domains\inan.com.va\vendor\codeigniter4\framework\system\Database\BaseConnection.php(741): CodeIgniter\Database\MySQLi\Connection->execute('INSERT INTO `co...')
#2 W:\domains\inan.com.va\vendor\codeigniter4\framework\system\Database\BaseConnection.php(669): CodeIgniter\Database\BaseConnection->simpleQuery('INSERT INTO `co...')
#3 W:\domains\inan.com.va\vendor\codeigniter4\framework\system\Database\BaseBuilder.php(2249): CodeIgniter\Database\BaseConnection->query('INSERT INTO `co...', Array, false)
#4 W:\domains\inan.com.va\app\Models\AutoloadModel.php(90): CodeIgniter\Database\BaseBuilder->insert(Array)
#5 W:\domains\inan.com.va\app\Controllers\Ajax\Frontend\Action.php(233): App\Models\AutoloadModel->_insert(Array)
#6 W:\domains\inan.com.va\vendor\codeigniter4\framework\system\CodeIgniter.php(918): App\Controllers\Ajax\Frontend\Action->contact_full()
#7 W:\domains\inan.com.va\vendor\codeigniter4\framework\system\CodeIgniter.php(404): CodeIgniter\CodeIgniter->runController(Object(App\Controllers\Ajax\Frontend\Action))
#8 W:\domains\inan.com.va\vendor\codeigniter4\framework\system\CodeIgniter.php(312): CodeIgniter\CodeIgniter->handleRequest(NULL, Object(Config\Cache), false)
#9 W:\domains\inan.com.va\index.php(48): CodeIgniter\CodeIgniter->run()
#10 {main}
CRITICAL - 2022-01-18 10:07:06 --> Column 'phone' cannot be null
#0 W:\domains\inan.com.va\vendor\codeigniter4\framework\system\Database\MySQLi\Connection.php(331): mysqli->query('INSERT INTO `co...')
#1 W:\domains\inan.com.va\vendor\codeigniter4\framework\system\Database\BaseConnection.php(741): CodeIgniter\Database\MySQLi\Connection->execute('INSERT INTO `co...')
#2 W:\domains\inan.com.va\vendor\codeigniter4\framework\system\Database\BaseConnection.php(669): CodeIgniter\Database\BaseConnection->simpleQuery('INSERT INTO `co...')
#3 W:\domains\inan.com.va\vendor\codeigniter4\framework\system\Database\BaseBuilder.php(2249): CodeIgniter\Database\BaseConnection->query('INSERT INTO `co...', Array, false)
#4 W:\domains\inan.com.va\app\Models\AutoloadModel.php(90): CodeIgniter\Database\BaseBuilder->insert(Array)
#5 W:\domains\inan.com.va\app\Controllers\Ajax\Frontend\Action.php(233): App\Models\AutoloadModel->_insert(Array)
#6 W:\domains\inan.com.va\vendor\codeigniter4\framework\system\CodeIgniter.php(918): App\Controllers\Ajax\Frontend\Action->contact_full()
#7 W:\domains\inan.com.va\vendor\codeigniter4\framework\system\CodeIgniter.php(404): CodeIgniter\CodeIgniter->runController(Object(App\Controllers\Ajax\Frontend\Action))
#8 W:\domains\inan.com.va\vendor\codeigniter4\framework\system\CodeIgniter.php(312): CodeIgniter\CodeIgniter->handleRequest(NULL, Object(Config\Cache), false)
#9 W:\domains\inan.com.va\index.php(48): CodeIgniter\CodeIgniter->run()
#10 {main}
CRITICAL - 2022-01-18 10:32:01 --> syntax error, unexpected '?>', expecting ']'
#0 W:\domains\inan.com.va\vendor\codeigniter4\framework\system\Common.php(1119): CodeIgniter\View\View->render('frontend/articl...', Array, true)
#1 W:\domains\inan.com.va\app\Views\frontend\homepage\layout\home.php(72): view('frontend/articl...')
#2 W:\domains\inan.com.va\vendor\codeigniter4\framework\system\View\View.php(246): include('W:\\domains\\inan...')
#3 W:\domains\inan.com.va\vendor\codeigniter4\framework\system\Common.php(1119): CodeIgniter\View\View->render('frontend/homepa...', Array, true)
#4 W:\domains\inan.com.va\app\Controllers\Frontend\Article\Catalogue.php(161): view('frontend/homepa...', Array)
#5 W:\domains\inan.com.va\vendor\codeigniter4\framework\system\View\Cell.php(180): App\Controllers\Frontend\Article\Catalogue->index(4, 0)
#6 W:\domains\inan.com.va\vendor\codeigniter4\framework\system\Common.php(1140): CodeIgniter\View\Cell->render('\\App\\Controller...', 'id=4, page=1', 0, 'AppControllersF...')
#7 W:\domains\inan.com.va\app\Controllers\Frontend\Homepage\Router.php(59): view_cell('\\App\\Controller...', 'id=4, page=1')
#8 W:\domains\inan.com.va\vendor\codeigniter4\framework\system\CodeIgniter.php(918): App\Controllers\Frontend\Homepage\Router->index('tin-tuc')
#9 W:\domains\inan.com.va\vendor\codeigniter4\framework\system\CodeIgniter.php(404): CodeIgniter\CodeIgniter->runController(Object(App\Controllers\Frontend\Homepage\Router))
#10 W:\domains\inan.com.va\vendor\codeigniter4\framework\system\CodeIgniter.php(312): CodeIgniter\CodeIgniter->handleRequest(NULL, Object(Config\Cache), false)
#11 W:\domains\inan.com.va\index.php(48): CodeIgniter\CodeIgniter->run()
#12 {main}
CRITICAL - 2022-01-18 10:32:33 --> syntax error, unexpected '?>', expecting ']'
#0 W:\domains\inan.com.va\vendor\codeigniter4\framework\system\Common.php(1119): CodeIgniter\View\View->render('frontend/articl...', Array, true)
#1 W:\domains\inan.com.va\app\Views\frontend\homepage\layout\home.php(72): view('frontend/articl...')
#2 W:\domains\inan.com.va\vendor\codeigniter4\framework\system\View\View.php(246): include('W:\\domains\\inan...')
#3 W:\domains\inan.com.va\vendor\codeigniter4\framework\system\Common.php(1119): CodeIgniter\View\View->render('frontend/homepa...', Array, true)
#4 W:\domains\inan.com.va\app\Controllers\Frontend\Article\Catalogue.php(161): view('frontend/homepa...', Array)
#5 W:\domains\inan.com.va\vendor\codeigniter4\framework\system\View\Cell.php(180): App\Controllers\Frontend\Article\Catalogue->index(4, 0)
#6 W:\domains\inan.com.va\vendor\codeigniter4\framework\system\Common.php(1140): CodeIgniter\View\Cell->render('\\App\\Controller...', 'id=4, page=1', 0, 'AppControllersF...')
#7 W:\domains\inan.com.va\app\Controllers\Frontend\Homepage\Router.php(59): view_cell('\\App\\Controller...', 'id=4, page=1')
#8 W:\domains\inan.com.va\vendor\codeigniter4\framework\system\CodeIgniter.php(918): App\Controllers\Frontend\Homepage\Router->index('tin-tuc')
#9 W:\domains\inan.com.va\vendor\codeigniter4\framework\system\CodeIgniter.php(404): CodeIgniter\CodeIgniter->runController(Object(App\Controllers\Frontend\Homepage\Router))
#10 W:\domains\inan.com.va\vendor\codeigniter4\framework\system\CodeIgniter.php(312): CodeIgniter\CodeIgniter->handleRequest(NULL, Object(Config\Cache), false)
#11 W:\domains\inan.com.va\index.php(48): CodeIgniter\CodeIgniter->run()
#12 {main}
