CRITICAL - 2022-08-10 10:48:18 --> Call to undefined function layout_control()
#0 G:\DoAnTotNghiep\OpenServer\domains\new-allinci.com\vendor\codeigniter4\framework\system\View\View.php(246): include()
#1 G:\DoAnTotNghiep\OpenServer\domains\new-allinci.com\vendor\codeigniter4\framework\system\Common.php(1119): CodeIgniter\View\View->render('frontend/homepa...', Array, true)
#2 G:\DoAnTotNghiep\OpenServer\domains\new-allinci.com\app\Views\frontend\homepage\layout\home.php(69): view('frontend/homepa...')
#3 G:\DoAnTotNghiep\OpenServer\domains\new-allinci.com\vendor\codeigniter4\framework\system\View\View.php(246): include('G:\\DoAnTotNghie...')
#4 G:\DoAnTotNghiep\OpenServer\domains\new-allinci.com\vendor\codeigniter4\framework\system\Common.php(1119): CodeIgniter\View\View->render('frontend/homepa...', Array, true)
#5 G:\DoAnTotNghiep\OpenServer\domains\new-allinci.com\app\Controllers\Frontend\Homepage\Home.php(70): view('frontend/homepa...', Array)
#6 G:\DoAnTotNghiep\OpenServer\domains\new-allinci.com\vendor\codeigniter4\framework\system\CodeIgniter.php(918): App\Controllers\Frontend\Homepage\Home->index()
#7 G:\DoAnTotNghiep\OpenServer\domains\new-allinci.com\vendor\codeigniter4\framework\system\CodeIgniter.php(404): CodeIgniter\CodeIgniter->runController(Object(App\Controllers\Frontend\Homepage\Home))
#8 G:\DoAnTotNghiep\OpenServer\domains\new-allinci.com\vendor\codeigniter4\framework\system\CodeIgniter.php(312): CodeIgniter\CodeIgniter->handleRequest(NULL, Object(Config\Cache), false)
#9 G:\DoAnTotNghiep\OpenServer\domains\new-allinci.com\index.php(47): CodeIgniter\CodeIgniter->run()
#10 {main}
CRITICAL - 2022-08-10 10:52:06 --> Call to undefined function layout_control()
#0 G:\DoAnTotNghiep\OpenServer\domains\new-allinci.com\vendor\codeigniter4\framework\system\View\View.php(246): include()
#1 G:\DoAnTotNghiep\OpenServer\domains\new-allinci.com\vendor\codeigniter4\framework\system\Common.php(1119): CodeIgniter\View\View->render('frontend/homepa...', Array, true)
#2 G:\DoAnTotNghiep\OpenServer\domains\new-allinci.com\app\Views\frontend\homepage\layout\home.php(69): view('frontend/homepa...')
#3 G:\DoAnTotNghiep\OpenServer\domains\new-allinci.com\vendor\codeigniter4\framework\system\View\View.php(246): include('G:\\DoAnTotNghie...')
#4 G:\DoAnTotNghiep\OpenServer\domains\new-allinci.com\vendor\codeigniter4\framework\system\Common.php(1119): CodeIgniter\View\View->render('frontend/homepa...', Array, true)
#5 G:\DoAnTotNghiep\OpenServer\domains\new-allinci.com\app\Controllers\Frontend\Homepage\Home.php(70): view('frontend/homepa...', Array)
#6 G:\DoAnTotNghiep\OpenServer\domains\new-allinci.com\vendor\codeigniter4\framework\system\CodeIgniter.php(918): App\Controllers\Frontend\Homepage\Home->index()
#7 G:\DoAnTotNghiep\OpenServer\domains\new-allinci.com\vendor\codeigniter4\framework\system\CodeIgniter.php(404): CodeIgniter\CodeIgniter->runController(Object(App\Controllers\Frontend\Homepage\Home))
#8 G:\DoAnTotNghiep\OpenServer\domains\new-allinci.com\vendor\codeigniter4\framework\system\CodeIgniter.php(312): CodeIgniter\CodeIgniter->handleRequest(NULL, Object(Config\Cache), false)
#9 G:\DoAnTotNghiep\OpenServer\domains\new-allinci.com\index.php(47): CodeIgniter\CodeIgniter->run()
#10 {main}
CRITICAL - 2022-08-10 11:20:02 --> Undefined property: CodeIgniter\View\View::$general
#0 G:\DoAnTotNghiep\OpenServer\domains\new-allinci.com\app\Views\frontend\homepage\common\header.php(74): CodeIgniter\Debug\Exceptions->errorHandler(8, 'Undefined prope...', 'G:\\DoAnTotNghie...', 74, Array)
#1 G:\DoAnTotNghiep\OpenServer\domains\new-allinci.com\vendor\codeigniter4\framework\system\View\View.php(246): include('G:\\DoAnTotNghie...')
#2 G:\DoAnTotNghiep\OpenServer\domains\new-allinci.com\vendor\codeigniter4\framework\system\Common.php(1119): CodeIgniter\View\View->render('frontend/homepa...', Array, true)
#3 G:\DoAnTotNghiep\OpenServer\domains\new-allinci.com\app\Views\frontend\homepage\layout\home.php(69): view('frontend/homepa...')
#4 G:\DoAnTotNghiep\OpenServer\domains\new-allinci.com\vendor\codeigniter4\framework\system\View\View.php(246): include('G:\\DoAnTotNghie...')
#5 G:\DoAnTotNghiep\OpenServer\domains\new-allinci.com\vendor\codeigniter4\framework\system\Common.php(1119): CodeIgniter\View\View->render('frontend/homepa...', Array, true)
#6 G:\DoAnTotNghiep\OpenServer\domains\new-allinci.com\app\Controllers\Frontend\Homepage\Home.php(70): view('frontend/homepa...', Array)
#7 G:\DoAnTotNghiep\OpenServer\domains\new-allinci.com\vendor\codeigniter4\framework\system\CodeIgniter.php(918): App\Controllers\Frontend\Homepage\Home->index()
#8 G:\DoAnTotNghiep\OpenServer\domains\new-allinci.com\vendor\codeigniter4\framework\system\CodeIgniter.php(404): CodeIgniter\CodeIgniter->runController(Object(App\Controllers\Frontend\Homepage\Home))
#9 G:\DoAnTotNghiep\OpenServer\domains\new-allinci.com\vendor\codeigniter4\framework\system\CodeIgniter.php(312): CodeIgniter\CodeIgniter->handleRequest(NULL, Object(Config\Cache), false)
#10 G:\DoAnTotNghiep\OpenServer\domains\new-allinci.com\index.php(47): CodeIgniter\CodeIgniter->run()
#11 {main}
CRITICAL - 2022-08-10 11:20:17 --> Undefined variable: promotion
#0 G:\DoAnTotNghiep\OpenServer\domains\new-allinci.com\app\Views\frontend\homepage\common\header.php(81): CodeIgniter\Debug\Exceptions->errorHandler(8, 'Undefined varia...', 'G:\\DoAnTotNghie...', 81, Array)
#1 G:\DoAnTotNghiep\OpenServer\domains\new-allinci.com\vendor\codeigniter4\framework\system\View\View.php(246): include('G:\\DoAnTotNghie...')
#2 G:\DoAnTotNghiep\OpenServer\domains\new-allinci.com\vendor\codeigniter4\framework\system\Common.php(1119): CodeIgniter\View\View->render('frontend/homepa...', Array, true)
#3 G:\DoAnTotNghiep\OpenServer\domains\new-allinci.com\app\Views\frontend\homepage\layout\home.php(69): view('frontend/homepa...')
#4 G:\DoAnTotNghiep\OpenServer\domains\new-allinci.com\vendor\codeigniter4\framework\system\View\View.php(246): include('G:\\DoAnTotNghie...')
#5 G:\DoAnTotNghiep\OpenServer\domains\new-allinci.com\vendor\codeigniter4\framework\system\Common.php(1119): CodeIgniter\View\View->render('frontend/homepa...', Array, true)
#6 G:\DoAnTotNghiep\OpenServer\domains\new-allinci.com\app\Controllers\Frontend\Homepage\Home.php(70): view('frontend/homepa...', Array)
#7 G:\DoAnTotNghiep\OpenServer\domains\new-allinci.com\vendor\codeigniter4\framework\system\CodeIgniter.php(918): App\Controllers\Frontend\Homepage\Home->index()
#8 G:\DoAnTotNghiep\OpenServer\domains\new-allinci.com\vendor\codeigniter4\framework\system\CodeIgniter.php(404): CodeIgniter\CodeIgniter->runController(Object(App\Controllers\Frontend\Homepage\Home))
#9 G:\DoAnTotNghiep\OpenServer\domains\new-allinci.com\vendor\codeigniter4\framework\system\CodeIgniter.php(312): CodeIgniter\CodeIgniter->handleRequest(NULL, Object(Config\Cache), false)
#10 G:\DoAnTotNghiep\OpenServer\domains\new-allinci.com\index.php(47): CodeIgniter\CodeIgniter->run()
#11 {main}
CRITICAL - 2022-08-10 11:20:38 --> Undefined variable: promotion
#0 G:\DoAnTotNghiep\OpenServer\domains\new-allinci.com\app\Views\frontend\homepage\common\header.php(81): CodeIgniter\Debug\Exceptions->errorHandler(8, 'Undefined varia...', 'G:\\DoAnTotNghie...', 81, Array)
#1 G:\DoAnTotNghiep\OpenServer\domains\new-allinci.com\vendor\codeigniter4\framework\system\View\View.php(246): include('G:\\DoAnTotNghie...')
#2 G:\DoAnTotNghiep\OpenServer\domains\new-allinci.com\vendor\codeigniter4\framework\system\Common.php(1119): CodeIgniter\View\View->render('frontend/homepa...', Array, true)
#3 G:\DoAnTotNghiep\OpenServer\domains\new-allinci.com\app\Views\frontend\homepage\layout\home.php(69): view('frontend/homepa...')
#4 G:\DoAnTotNghiep\OpenServer\domains\new-allinci.com\vendor\codeigniter4\framework\system\View\View.php(246): include('G:\\DoAnTotNghie...')
#5 G:\DoAnTotNghiep\OpenServer\domains\new-allinci.com\vendor\codeigniter4\framework\system\Common.php(1119): CodeIgniter\View\View->render('frontend/homepa...', Array, true)
#6 G:\DoAnTotNghiep\OpenServer\domains\new-allinci.com\app\Controllers\Frontend\Homepage\Home.php(70): view('frontend/homepa...', Array)
#7 G:\DoAnTotNghiep\OpenServer\domains\new-allinci.com\vendor\codeigniter4\framework\system\CodeIgniter.php(918): App\Controllers\Frontend\Homepage\Home->index()
#8 G:\DoAnTotNghiep\OpenServer\domains\new-allinci.com\vendor\codeigniter4\framework\system\CodeIgniter.php(404): CodeIgniter\CodeIgniter->runController(Object(App\Controllers\Frontend\Homepage\Home))
#9 G:\DoAnTotNghiep\OpenServer\domains\new-allinci.com\vendor\codeigniter4\framework\system\CodeIgniter.php(312): CodeIgniter\CodeIgniter->handleRequest(NULL, Object(Config\Cache), false)
#10 G:\DoAnTotNghiep\OpenServer\domains\new-allinci.com\index.php(47): CodeIgniter\CodeIgniter->run()
#11 {main}
CRITICAL - 2022-08-10 11:20:57 --> Undefined variable: promotion
#0 G:\DoAnTotNghiep\OpenServer\domains\new-allinci.com\app\Views\frontend\homepage\common\header.php(127): CodeIgniter\Debug\Exceptions->errorHandler(8, 'Undefined varia...', 'G:\\DoAnTotNghie...', 127, Array)
#1 G:\DoAnTotNghiep\OpenServer\domains\new-allinci.com\vendor\codeigniter4\framework\system\View\View.php(246): include('G:\\DoAnTotNghie...')
#2 G:\DoAnTotNghiep\OpenServer\domains\new-allinci.com\vendor\codeigniter4\framework\system\Common.php(1119): CodeIgniter\View\View->render('frontend/homepa...', Array, true)
#3 G:\DoAnTotNghiep\OpenServer\domains\new-allinci.com\app\Views\frontend\homepage\layout\home.php(69): view('frontend/homepa...')
#4 G:\DoAnTotNghiep\OpenServer\domains\new-allinci.com\vendor\codeigniter4\framework\system\View\View.php(246): include('G:\\DoAnTotNghie...')
#5 G:\DoAnTotNghiep\OpenServer\domains\new-allinci.com\vendor\codeigniter4\framework\system\Common.php(1119): CodeIgniter\View\View->render('frontend/homepa...', Array, true)
#6 G:\DoAnTotNghiep\OpenServer\domains\new-allinci.com\app\Controllers\Frontend\Homepage\Home.php(70): view('frontend/homepa...', Array)
#7 G:\DoAnTotNghiep\OpenServer\domains\new-allinci.com\vendor\codeigniter4\framework\system\CodeIgniter.php(918): App\Controllers\Frontend\Homepage\Home->index()
#8 G:\DoAnTotNghiep\OpenServer\domains\new-allinci.com\vendor\codeigniter4\framework\system\CodeIgniter.php(404): CodeIgniter\CodeIgniter->runController(Object(App\Controllers\Frontend\Homepage\Home))
#9 G:\DoAnTotNghiep\OpenServer\domains\new-allinci.com\vendor\codeigniter4\framework\system\CodeIgniter.php(312): CodeIgniter\CodeIgniter->handleRequest(NULL, Object(Config\Cache), false)
#10 G:\DoAnTotNghiep\OpenServer\domains\new-allinci.com\index.php(47): CodeIgniter\CodeIgniter->run()
#11 {main}
CRITICAL - 2022-08-10 11:21:28 --> A non well formed numeric value encountered
#0 [internal function]: CodeIgniter\Debug\Exceptions->errorHandler(8, 'A non well form...', 'G:\\DoAnTotNghie...', 109, Array)
#1 G:\DoAnTotNghiep\OpenServer\domains\new-allinci.com\app\Views\frontend\homepage\common\asideproduct.php(109): number_format('6 & UP', 0, ',', '.')
#2 G:\DoAnTotNghiep\OpenServer\domains\new-allinci.com\vendor\codeigniter4\framework\system\View\View.php(246): include('G:\\DoAnTotNghie...')
#3 G:\DoAnTotNghiep\OpenServer\domains\new-allinci.com\vendor\codeigniter4\framework\system\Common.php(1119): CodeIgniter\View\View->render('frontend/homepa...', Array, true)
#4 G:\DoAnTotNghiep\OpenServer\domains\new-allinci.com\app\Views\frontend\homepage\home\index.php(186): view('frontend/homepa...')
#5 G:\DoAnTotNghiep\OpenServer\domains\new-allinci.com\vendor\codeigniter4\framework\system\View\View.php(246): include('G:\\DoAnTotNghie...')
#6 G:\DoAnTotNghiep\OpenServer\domains\new-allinci.com\vendor\codeigniter4\framework\system\Common.php(1119): CodeIgniter\View\View->render('frontend/homepa...', Array, true)
#7 G:\DoAnTotNghiep\OpenServer\domains\new-allinci.com\app\Views\frontend\homepage\layout\home.php(72): view('frontend/homepa...')
#8 G:\DoAnTotNghiep\OpenServer\domains\new-allinci.com\vendor\codeigniter4\framework\system\View\View.php(246): include('G:\\DoAnTotNghie...')
#9 G:\DoAnTotNghiep\OpenServer\domains\new-allinci.com\vendor\codeigniter4\framework\system\Common.php(1119): CodeIgniter\View\View->render('frontend/homepa...', Array, true)
#10 G:\DoAnTotNghiep\OpenServer\domains\new-allinci.com\app\Controllers\Frontend\Homepage\Home.php(70): view('frontend/homepa...', Array)
#11 G:\DoAnTotNghiep\OpenServer\domains\new-allinci.com\vendor\codeigniter4\framework\system\CodeIgniter.php(918): App\Controllers\Frontend\Homepage\Home->index()
#12 G:\DoAnTotNghiep\OpenServer\domains\new-allinci.com\vendor\codeigniter4\framework\system\CodeIgniter.php(404): CodeIgniter\CodeIgniter->runController(Object(App\Controllers\Frontend\Homepage\Home))
#13 G:\DoAnTotNghiep\OpenServer\domains\new-allinci.com\vendor\codeigniter4\framework\system\CodeIgniter.php(312): CodeIgniter\CodeIgniter->handleRequest(NULL, Object(Config\Cache), false)
#14 G:\DoAnTotNghiep\OpenServer\domains\new-allinci.com\index.php(47): CodeIgniter\CodeIgniter->run()
#15 {main}
CRITICAL - 2022-08-10 11:34:45 --> A non well formed numeric value encountered
#0 [internal function]: CodeIgniter\Debug\Exceptions->errorHandler(8, 'A non well form...', 'G:\\DoAnTotNghie...', 109, Array)
#1 G:\DoAnTotNghiep\OpenServer\domains\new-allinci.com\app\Views\frontend\homepage\common\asideproduct.php(109): number_format('6 & UP', 0, ',', '.')
#2 G:\DoAnTotNghiep\OpenServer\domains\new-allinci.com\vendor\codeigniter4\framework\system\View\View.php(246): include('G:\\DoAnTotNghie...')
#3 G:\DoAnTotNghiep\OpenServer\domains\new-allinci.com\vendor\codeigniter4\framework\system\Common.php(1119): CodeIgniter\View\View->render('frontend/homepa...', Array, true)
#4 G:\DoAnTotNghiep\OpenServer\domains\new-allinci.com\app\Views\frontend\homepage\home\index.php(186): view('frontend/homepa...')
#5 G:\DoAnTotNghiep\OpenServer\domains\new-allinci.com\vendor\codeigniter4\framework\system\View\View.php(246): include('G:\\DoAnTotNghie...')
#6 G:\DoAnTotNghiep\OpenServer\domains\new-allinci.com\vendor\codeigniter4\framework\system\Common.php(1119): CodeIgniter\View\View->render('frontend/homepa...', Array, true)
#7 G:\DoAnTotNghiep\OpenServer\domains\new-allinci.com\app\Views\frontend\homepage\layout\home.php(72): view('frontend/homepa...')
#8 G:\DoAnTotNghiep\OpenServer\domains\new-allinci.com\vendor\codeigniter4\framework\system\View\View.php(246): include('G:\\DoAnTotNghie...')
#9 G:\DoAnTotNghiep\OpenServer\domains\new-allinci.com\vendor\codeigniter4\framework\system\Common.php(1119): CodeIgniter\View\View->render('frontend/homepa...', Array, true)
#10 G:\DoAnTotNghiep\OpenServer\domains\new-allinci.com\app\Controllers\Frontend\Homepage\Home.php(70): view('frontend/homepa...', Array)
#11 G:\DoAnTotNghiep\OpenServer\domains\new-allinci.com\vendor\codeigniter4\framework\system\CodeIgniter.php(918): App\Controllers\Frontend\Homepage\Home->index()
#12 G:\DoAnTotNghiep\OpenServer\domains\new-allinci.com\vendor\codeigniter4\framework\system\CodeIgniter.php(404): CodeIgniter\CodeIgniter->runController(Object(App\Controllers\Frontend\Homepage\Home))
#13 G:\DoAnTotNghiep\OpenServer\domains\new-allinci.com\vendor\codeigniter4\framework\system\CodeIgniter.php(312): CodeIgniter\CodeIgniter->handleRequest(NULL, Object(Config\Cache), false)
#14 G:\DoAnTotNghiep\OpenServer\domains\new-allinci.com\index.php(47): CodeIgniter\CodeIgniter->run()
#15 {main}
CRITICAL - 2022-08-10 11:35:25 --> A non well formed numeric value encountered
#0 [internal function]: CodeIgniter\Debug\Exceptions->errorHandler(8, 'A non well form...', 'G:\\DoAnTotNghie...', 109, Array)
#1 G:\DoAnTotNghiep\OpenServer\domains\new-allinci.com\app\Views\frontend\homepage\common\asideproduct.php(109): number_format('6 & UP', 0, ',', '.')
#2 G:\DoAnTotNghiep\OpenServer\domains\new-allinci.com\vendor\codeigniter4\framework\system\View\View.php(246): include('G:\\DoAnTotNghie...')
#3 G:\DoAnTotNghiep\OpenServer\domains\new-allinci.com\vendor\codeigniter4\framework\system\Common.php(1119): CodeIgniter\View\View->render('frontend/homepa...', Array, true)
#4 G:\DoAnTotNghiep\OpenServer\domains\new-allinci.com\app\Views\frontend\homepage\home\index.php(186): view('frontend/homepa...')
#5 G:\DoAnTotNghiep\OpenServer\domains\new-allinci.com\vendor\codeigniter4\framework\system\View\View.php(246): include('G:\\DoAnTotNghie...')
#6 G:\DoAnTotNghiep\OpenServer\domains\new-allinci.com\vendor\codeigniter4\framework\system\Common.php(1119): CodeIgniter\View\View->render('frontend/homepa...', Array, true)
#7 G:\DoAnTotNghiep\OpenServer\domains\new-allinci.com\app\Views\frontend\homepage\layout\home.php(72): view('frontend/homepa...')
#8 G:\DoAnTotNghiep\OpenServer\domains\new-allinci.com\vendor\codeigniter4\framework\system\View\View.php(246): include('G:\\DoAnTotNghie...')
#9 G:\DoAnTotNghiep\OpenServer\domains\new-allinci.com\vendor\codeigniter4\framework\system\Common.php(1119): CodeIgniter\View\View->render('frontend/homepa...', Array, true)
#10 G:\DoAnTotNghiep\OpenServer\domains\new-allinci.com\app\Controllers\Frontend\Homepage\Home.php(70): view('frontend/homepa...', Array)
#11 G:\DoAnTotNghiep\OpenServer\domains\new-allinci.com\vendor\codeigniter4\framework\system\CodeIgniter.php(918): App\Controllers\Frontend\Homepage\Home->index()
#12 G:\DoAnTotNghiep\OpenServer\domains\new-allinci.com\vendor\codeigniter4\framework\system\CodeIgniter.php(404): CodeIgniter\CodeIgniter->runController(Object(App\Controllers\Frontend\Homepage\Home))
#13 G:\DoAnTotNghiep\OpenServer\domains\new-allinci.com\vendor\codeigniter4\framework\system\CodeIgniter.php(312): CodeIgniter\CodeIgniter->handleRequest(NULL, Object(Config\Cache), false)
#14 G:\DoAnTotNghiep\OpenServer\domains\new-allinci.com\index.php(47): CodeIgniter\CodeIgniter->run()
#15 {main}
CRITICAL - 2022-08-10 11:35:48 --> A non well formed numeric value encountered
#0 [internal function]: CodeIgniter\Debug\Exceptions->errorHandler(8, 'A non well form...', 'G:\\DoAnTotNghie...', 109, Array)
#1 G:\DoAnTotNghiep\OpenServer\domains\new-allinci.com\app\Views\frontend\homepage\common\asideproduct.php(109): number_format('6 & UP', 0, ',', '.')
#2 G:\DoAnTotNghiep\OpenServer\domains\new-allinci.com\vendor\codeigniter4\framework\system\View\View.php(246): include('G:\\DoAnTotNghie...')
#3 G:\DoAnTotNghiep\OpenServer\domains\new-allinci.com\vendor\codeigniter4\framework\system\Common.php(1119): CodeIgniter\View\View->render('frontend/homepa...', Array, true)
#4 G:\DoAnTotNghiep\OpenServer\domains\new-allinci.com\app\Views\frontend\homepage\home\index.php(186): view('frontend/homepa...')
#5 G:\DoAnTotNghiep\OpenServer\domains\new-allinci.com\vendor\codeigniter4\framework\system\View\View.php(246): include('G:\\DoAnTotNghie...')
#6 G:\DoAnTotNghiep\OpenServer\domains\new-allinci.com\vendor\codeigniter4\framework\system\Common.php(1119): CodeIgniter\View\View->render('frontend/homepa...', Array, true)
#7 G:\DoAnTotNghiep\OpenServer\domains\new-allinci.com\app\Views\frontend\homepage\layout\home.php(72): view('frontend/homepa...')
#8 G:\DoAnTotNghiep\OpenServer\domains\new-allinci.com\vendor\codeigniter4\framework\system\View\View.php(246): include('G:\\DoAnTotNghie...')
#9 G:\DoAnTotNghiep\OpenServer\domains\new-allinci.com\vendor\codeigniter4\framework\system\Common.php(1119): CodeIgniter\View\View->render('frontend/homepa...', Array, true)
#10 G:\DoAnTotNghiep\OpenServer\domains\new-allinci.com\app\Controllers\Frontend\Homepage\Home.php(70): view('frontend/homepa...', Array)
#11 G:\DoAnTotNghiep\OpenServer\domains\new-allinci.com\vendor\codeigniter4\framework\system\CodeIgniter.php(918): App\Controllers\Frontend\Homepage\Home->index()
#12 G:\DoAnTotNghiep\OpenServer\domains\new-allinci.com\vendor\codeigniter4\framework\system\CodeIgniter.php(404): CodeIgniter\CodeIgniter->runController(Object(App\Controllers\Frontend\Homepage\Home))
#13 G:\DoAnTotNghiep\OpenServer\domains\new-allinci.com\vendor\codeigniter4\framework\system\CodeIgniter.php(312): CodeIgniter\CodeIgniter->handleRequest(NULL, Object(Config\Cache), false)
#14 G:\DoAnTotNghiep\OpenServer\domains\new-allinci.com\index.php(47): CodeIgniter\CodeIgniter->run()
#15 {main}
CRITICAL - 2022-08-10 12:05:52 --> A non well formed numeric value encountered
#0 [internal function]: CodeIgniter\Debug\Exceptions->errorHandler(8, 'A non well form...', 'G:\\DoAnTotNghie...', 109, Array)
#1 G:\DoAnTotNghiep\OpenServer\domains\new-allinci.com\app\Views\frontend\homepage\common\asideproduct.php(109): number_format('6 & UP', 0, ',', '.')
#2 G:\DoAnTotNghiep\OpenServer\domains\new-allinci.com\vendor\codeigniter4\framework\system\View\View.php(246): include('G:\\DoAnTotNghie...')
#3 G:\DoAnTotNghiep\OpenServer\domains\new-allinci.com\vendor\codeigniter4\framework\system\Common.php(1119): CodeIgniter\View\View->render('frontend/homepa...', Array, true)
#4 G:\DoAnTotNghiep\OpenServer\domains\new-allinci.com\app\Views\frontend\homepage\home\index.php(186): view('frontend/homepa...')
#5 G:\DoAnTotNghiep\OpenServer\domains\new-allinci.com\vendor\codeigniter4\framework\system\View\View.php(246): include('G:\\DoAnTotNghie...')
#6 G:\DoAnTotNghiep\OpenServer\domains\new-allinci.com\vendor\codeigniter4\framework\system\Common.php(1119): CodeIgniter\View\View->render('frontend/homepa...', Array, true)
#7 G:\DoAnTotNghiep\OpenServer\domains\new-allinci.com\app\Views\frontend\homepage\layout\home.php(72): view('frontend/homepa...')
#8 G:\DoAnTotNghiep\OpenServer\domains\new-allinci.com\vendor\codeigniter4\framework\system\View\View.php(246): include('G:\\DoAnTotNghie...')
#9 G:\DoAnTotNghiep\OpenServer\domains\new-allinci.com\vendor\codeigniter4\framework\system\Common.php(1119): CodeIgniter\View\View->render('frontend/homepa...', Array, true)
#10 G:\DoAnTotNghiep\OpenServer\domains\new-allinci.com\app\Controllers\Frontend\Homepage\Home.php(70): view('frontend/homepa...', Array)
#11 G:\DoAnTotNghiep\OpenServer\domains\new-allinci.com\vendor\codeigniter4\framework\system\CodeIgniter.php(918): App\Controllers\Frontend\Homepage\Home->index()
#12 G:\DoAnTotNghiep\OpenServer\domains\new-allinci.com\vendor\codeigniter4\framework\system\CodeIgniter.php(404): CodeIgniter\CodeIgniter->runController(Object(App\Controllers\Frontend\Homepage\Home))
#13 G:\DoAnTotNghiep\OpenServer\domains\new-allinci.com\vendor\codeigniter4\framework\system\CodeIgniter.php(312): CodeIgniter\CodeIgniter->handleRequest(NULL, Object(Config\Cache), false)
#14 G:\DoAnTotNghiep\OpenServer\domains\new-allinci.com\index.php(47): CodeIgniter\CodeIgniter->run()
#15 {main}
CRITICAL - 2022-08-10 12:14:01 --> A non well formed numeric value encountered
#0 [internal function]: CodeIgniter\Debug\Exceptions->errorHandler(8, 'A non well form...', 'G:\\DoAnTotNghie...', 109, Array)
#1 G:\DoAnTotNghiep\OpenServer\domains\new-allinci.com\app\Views\frontend\homepage\common\asideproduct.php(109): number_format('6 & UP', 0, ',', '.')
#2 G:\DoAnTotNghiep\OpenServer\domains\new-allinci.com\vendor\codeigniter4\framework\system\View\View.php(246): include('G:\\DoAnTotNghie...')
#3 G:\DoAnTotNghiep\OpenServer\domains\new-allinci.com\vendor\codeigniter4\framework\system\Common.php(1119): CodeIgniter\View\View->render('frontend/homepa...', Array, true)
#4 G:\DoAnTotNghiep\OpenServer\domains\new-allinci.com\app\Views\frontend\homepage\home\index.php(186): view('frontend/homepa...')
#5 G:\DoAnTotNghiep\OpenServer\domains\new-allinci.com\vendor\codeigniter4\framework\system\View\View.php(246): include('G:\\DoAnTotNghie...')
#6 G:\DoAnTotNghiep\OpenServer\domains\new-allinci.com\vendor\codeigniter4\framework\system\Common.php(1119): CodeIgniter\View\View->render('frontend/homepa...', Array, true)
#7 G:\DoAnTotNghiep\OpenServer\domains\new-allinci.com\app\Views\frontend\homepage\layout\home.php(72): view('frontend/homepa...')
#8 G:\DoAnTotNghiep\OpenServer\domains\new-allinci.com\vendor\codeigniter4\framework\system\View\View.php(246): include('G:\\DoAnTotNghie...')
#9 G:\DoAnTotNghiep\OpenServer\domains\new-allinci.com\vendor\codeigniter4\framework\system\Common.php(1119): CodeIgniter\View\View->render('frontend/homepa...', Array, true)
#10 G:\DoAnTotNghiep\OpenServer\domains\new-allinci.com\app\Controllers\Frontend\Homepage\Home.php(70): view('frontend/homepa...', Array)
#11 G:\DoAnTotNghiep\OpenServer\domains\new-allinci.com\vendor\codeigniter4\framework\system\CodeIgniter.php(918): App\Controllers\Frontend\Homepage\Home->index()
#12 G:\DoAnTotNghiep\OpenServer\domains\new-allinci.com\vendor\codeigniter4\framework\system\CodeIgniter.php(404): CodeIgniter\CodeIgniter->runController(Object(App\Controllers\Frontend\Homepage\Home))
#13 G:\DoAnTotNghiep\OpenServer\domains\new-allinci.com\vendor\codeigniter4\framework\system\CodeIgniter.php(312): CodeIgniter\CodeIgniter->handleRequest(NULL, Object(Config\Cache), false)
#14 G:\DoAnTotNghiep\OpenServer\domains\new-allinci.com\index.php(47): CodeIgniter\CodeIgniter->run()
#15 {main}
CRITICAL - 2022-08-10 12:14:57 --> A non well formed numeric value encountered
#0 [internal function]: CodeIgniter\Debug\Exceptions->errorHandler(8, 'A non well form...', 'G:\\DoAnTotNghie...', 109, Array)
#1 G:\DoAnTotNghiep\OpenServer\domains\new-allinci.com\app\Views\frontend\homepage\common\asideproduct.php(109): number_format('6 & UP', 0, ',', '.')
#2 G:\DoAnTotNghiep\OpenServer\domains\new-allinci.com\vendor\codeigniter4\framework\system\View\View.php(246): include('G:\\DoAnTotNghie...')
#3 G:\DoAnTotNghiep\OpenServer\domains\new-allinci.com\vendor\codeigniter4\framework\system\Common.php(1119): CodeIgniter\View\View->render('frontend/homepa...', Array, true)
#4 G:\DoAnTotNghiep\OpenServer\domains\new-allinci.com\app\Views\frontend\homepage\home\index.php(186): view('frontend/homepa...')
#5 G:\DoAnTotNghiep\OpenServer\domains\new-allinci.com\vendor\codeigniter4\framework\system\View\View.php(246): include('G:\\DoAnTotNghie...')
#6 G:\DoAnTotNghiep\OpenServer\domains\new-allinci.com\vendor\codeigniter4\framework\system\Common.php(1119): CodeIgniter\View\View->render('frontend/homepa...', Array, true)
#7 G:\DoAnTotNghiep\OpenServer\domains\new-allinci.com\app\Views\frontend\homepage\layout\home.php(72): view('frontend/homepa...')
#8 G:\DoAnTotNghiep\OpenServer\domains\new-allinci.com\vendor\codeigniter4\framework\system\View\View.php(246): include('G:\\DoAnTotNghie...')
#9 G:\DoAnTotNghiep\OpenServer\domains\new-allinci.com\vendor\codeigniter4\framework\system\Common.php(1119): CodeIgniter\View\View->render('frontend/homepa...', Array, true)
#10 G:\DoAnTotNghiep\OpenServer\domains\new-allinci.com\app\Controllers\Frontend\Homepage\Home.php(70): view('frontend/homepa...', Array)
#11 G:\DoAnTotNghiep\OpenServer\domains\new-allinci.com\vendor\codeigniter4\framework\system\CodeIgniter.php(918): App\Controllers\Frontend\Homepage\Home->index()
#12 G:\DoAnTotNghiep\OpenServer\domains\new-allinci.com\vendor\codeigniter4\framework\system\CodeIgniter.php(404): CodeIgniter\CodeIgniter->runController(Object(App\Controllers\Frontend\Homepage\Home))
#13 G:\DoAnTotNghiep\OpenServer\domains\new-allinci.com\vendor\codeigniter4\framework\system\CodeIgniter.php(312): CodeIgniter\CodeIgniter->handleRequest(NULL, Object(Config\Cache), false)
#14 G:\DoAnTotNghiep\OpenServer\domains\new-allinci.com\index.php(47): CodeIgniter\CodeIgniter->run()
#15 {main}
CRITICAL - 2022-08-10 21:04:31 --> A non well formed numeric value encountered
#0 [internal function]: CodeIgniter\Debug\Exceptions->errorHandler()
#1 D:\OpenServer\domains\new-allinci.com\app\Views\frontend\homepage\common\asideproduct.php(109): number_format()
#2 D:\OpenServer\domains\new-allinci.com\vendor\codeigniter4\framework\system\View\View.php(246): include('D:\\OpenServer\\d...')
#3 D:\OpenServer\domains\new-allinci.com\vendor\codeigniter4\framework\system\Common.php(1119): CodeIgniter\View\View->render()
#4 D:\OpenServer\domains\new-allinci.com\app\Views\frontend\homepage\home\index.php(186): view()
#5 D:\OpenServer\domains\new-allinci.com\vendor\codeigniter4\framework\system\View\View.php(246): include('D:\\OpenServer\\d...')
#6 D:\OpenServer\domains\new-allinci.com\vendor\codeigniter4\framework\system\Common.php(1119): CodeIgniter\View\View->render()
#7 D:\OpenServer\domains\new-allinci.com\app\Views\frontend\homepage\layout\home.php(72): view()
#8 D:\OpenServer\domains\new-allinci.com\vendor\codeigniter4\framework\system\View\View.php(246): include('D:\\OpenServer\\d...')
#9 D:\OpenServer\domains\new-allinci.com\vendor\codeigniter4\framework\system\Common.php(1119): CodeIgniter\View\View->render()
#10 D:\OpenServer\domains\new-allinci.com\app\Controllers\Frontend\Homepage\Home.php(70): view()
#11 D:\OpenServer\domains\new-allinci.com\vendor\codeigniter4\framework\system\CodeIgniter.php(918): App\Controllers\Frontend\Homepage\Home->index()
#12 D:\OpenServer\domains\new-allinci.com\vendor\codeigniter4\framework\system\CodeIgniter.php(404): CodeIgniter\CodeIgniter->runController()
#13 D:\OpenServer\domains\new-allinci.com\vendor\codeigniter4\framework\system\CodeIgniter.php(312): CodeIgniter\CodeIgniter->handleRequest()
#14 D:\OpenServer\domains\new-allinci.com\index.php(47): CodeIgniter\CodeIgniter->run()
#15 {main}
CRITICAL - 2022-08-10 21:09:05 --> Call to undefined method CodeIgniter\View\View::currentLanguage()
#0 D:\OpenServer\domains\new-allinci.com\vendor\codeigniter4\framework\system\View\View.php(246): include()
#1 D:\OpenServer\domains\new-allinci.com\vendor\codeigniter4\framework\system\Common.php(1119): CodeIgniter\View\View->render()
#2 D:\OpenServer\domains\new-allinci.com\app\Views\frontend\homepage\layout\home.php(69): view()
#3 D:\OpenServer\domains\new-allinci.com\vendor\codeigniter4\framework\system\View\View.php(246): include('D:\\OpenServer\\d...')
#4 D:\OpenServer\domains\new-allinci.com\vendor\codeigniter4\framework\system\Common.php(1119): CodeIgniter\View\View->render()
#5 D:\OpenServer\domains\new-allinci.com\app\Controllers\Frontend\Homepage\Home.php(70): view()
#6 D:\OpenServer\domains\new-allinci.com\vendor\codeigniter4\framework\system\CodeIgniter.php(918): App\Controllers\Frontend\Homepage\Home->index()
#7 D:\OpenServer\domains\new-allinci.com\vendor\codeigniter4\framework\system\CodeIgniter.php(404): CodeIgniter\CodeIgniter->runController()
#8 D:\OpenServer\domains\new-allinci.com\vendor\codeigniter4\framework\system\CodeIgniter.php(312): CodeIgniter\CodeIgniter->handleRequest()
#9 D:\OpenServer\domains\new-allinci.com\index.php(47): CodeIgniter\CodeIgniter->run()
#10 {main}
