CRITICAL - 2021-07-09 02:26:38 --> unlink(/home/itvc/domains/ahpgroup.vn/public_html/writable/debugbar/debugbar_1625815448.json): No such file or directory
#0 [internal function]: CodeIgniter\Debug\Exceptions->errorHandler(2, 'unlink(/home/it...', '/home/itvc/doma...', 106, Array)
#1 /home/itvc/domains/ahpgroup.vn/public_html/vendor/codeigniter4/framework/system/Debug/Toolbar/Collectors/History.php(106): unlink('/home/itvc/doma...')
#2 /home/itvc/domains/ahpgroup.vn/public_html/vendor/codeigniter4/framework/system/Debug/Toolbar.php(483): CodeIgniter\Debug\Toolbar\Collectors\History->setFiles(1625815597, 20)
#3 /home/itvc/domains/ahpgroup.vn/public_html/vendor/codeigniter4/framework/system/Debug/Toolbar.php(455): CodeIgniter\Debug\Toolbar->format(Array, 'html')
#4 /home/itvc/domains/ahpgroup.vn/public_html/app/Config/Events.php(44): CodeIgniter\Debug\Toolbar->respond()
#5 [internal function]: CodeIgniter\Events\Events::Config\{closure}()
#6 /home/itvc/domains/ahpgroup.vn/public_html/vendor/codeigniter4/framework/system/Events/Events.php(188): call_user_func(Object(Closure))
#7 /home/itvc/domains/ahpgroup.vn/public_html/vendor/codeigniter4/framework/system/CodeIgniter.php(293): CodeIgniter\Events\Events::trigger('pre_system')
#8 /home/itvc/domains/ahpgroup.vn/public_html/index.php(48): CodeIgniter\CodeIgniter->run()
#9 {main}
CRITICAL - 2021-07-09 02:27:59 --> unlink(/home/itvc/domains/ahpgroup.vn/public_html/writable/debugbar/debugbar_1625815586.json): No such file or directory
#0 [internal function]: CodeIgniter\Debug\Exceptions->errorHandler(2, 'unlink(/home/it...', '/home/itvc/doma...', 106, Array)
#1 /home/itvc/domains/ahpgroup.vn/public_html/vendor/codeigniter4/framework/system/Debug/Toolbar/Collectors/History.php(106): unlink('/home/itvc/doma...')
#2 /home/itvc/domains/ahpgroup.vn/public_html/vendor/codeigniter4/framework/system/Debug/Toolbar.php(483): CodeIgniter\Debug\Toolbar\Collectors\History->setFiles(1625815679, 20)
#3 /home/itvc/domains/ahpgroup.vn/public_html/vendor/codeigniter4/framework/system/Debug/Toolbar.php(455): CodeIgniter\Debug\Toolbar->format(Array, 'html')
#4 /home/itvc/domains/ahpgroup.vn/public_html/app/Config/Events.php(44): CodeIgniter\Debug\Toolbar->respond()
#5 [internal function]: CodeIgniter\Events\Events::Config\{closure}()
#6 /home/itvc/domains/ahpgroup.vn/public_html/vendor/codeigniter4/framework/system/Events/Events.php(188): call_user_func(Object(Closure))
#7 /home/itvc/domains/ahpgroup.vn/public_html/vendor/codeigniter4/framework/system/CodeIgniter.php(293): CodeIgniter\Events\Events::trigger('pre_system')
#8 /home/itvc/domains/ahpgroup.vn/public_html/index.php(48): CodeIgniter\CodeIgniter->run()
#9 {main}
CRITICAL - 2021-07-09 02:28:33 --> unlink(/home/itvc/domains/ahpgroup.vn/public_html/writable/debugbar/debugbar_1625815613.json): No such file or directory
#0 [internal function]: CodeIgniter\Debug\Exceptions->errorHandler(2, 'unlink(/home/it...', '/home/itvc/doma...', 106, Array)
#1 /home/itvc/domains/ahpgroup.vn/public_html/vendor/codeigniter4/framework/system/Debug/Toolbar/Collectors/History.php(106): unlink('/home/itvc/doma...')
#2 /home/itvc/domains/ahpgroup.vn/public_html/vendor/codeigniter4/framework/system/Debug/Toolbar.php(483): CodeIgniter\Debug\Toolbar\Collectors\History->setFiles(1625815713, 20)
#3 /home/itvc/domains/ahpgroup.vn/public_html/vendor/codeigniter4/framework/system/Debug/Toolbar.php(455): CodeIgniter\Debug\Toolbar->format(Array, 'html')
#4 /home/itvc/domains/ahpgroup.vn/public_html/app/Config/Events.php(44): CodeIgniter\Debug\Toolbar->respond()
#5 [internal function]: CodeIgniter\Events\Events::Config\{closure}()
#6 /home/itvc/domains/ahpgroup.vn/public_html/vendor/codeigniter4/framework/system/Events/Events.php(188): call_user_func(Object(Closure))
#7 /home/itvc/domains/ahpgroup.vn/public_html/vendor/codeigniter4/framework/system/CodeIgniter.php(293): CodeIgniter\Events\Events::trigger('pre_system')
#8 /home/itvc/domains/ahpgroup.vn/public_html/index.php(48): CodeIgniter\CodeIgniter->run()
#9 {main}
CRITICAL - 2021-07-09 02:48:29 --> unlink(/home/itvc/domains/ahpgroup.vn/public_html/writable/debugbar/debugbar_1625816508.json): No such file or directory
#0 [internal function]: CodeIgniter\Debug\Exceptions->errorHandler(2, 'unlink(/home/it...', '/home/itvc/doma...', 106, Array)
#1 /home/itvc/domains/ahpgroup.vn/public_html/vendor/codeigniter4/framework/system/Debug/Toolbar/Collectors/History.php(106): unlink('/home/itvc/doma...')
#2 /home/itvc/domains/ahpgroup.vn/public_html/vendor/codeigniter4/framework/system/Debug/Toolbar.php(483): CodeIgniter\Debug\Toolbar\Collectors\History->setFiles(1625816908, 20)
#3 /home/itvc/domains/ahpgroup.vn/public_html/vendor/codeigniter4/framework/system/Debug/Toolbar.php(455): CodeIgniter\Debug\Toolbar->format(Array, 'html')
#4 /home/itvc/domains/ahpgroup.vn/public_html/app/Config/Events.php(44): CodeIgniter\Debug\Toolbar->respond()
#5 [internal function]: CodeIgniter\Events\Events::Config\{closure}()
#6 /home/itvc/domains/ahpgroup.vn/public_html/vendor/codeigniter4/framework/system/Events/Events.php(188): call_user_func(Object(Closure))
#7 /home/itvc/domains/ahpgroup.vn/public_html/vendor/codeigniter4/framework/system/CodeIgniter.php(293): CodeIgniter\Events\Events::trigger('pre_system')
#8 /home/itvc/domains/ahpgroup.vn/public_html/index.php(48): CodeIgniter\CodeIgniter->run()
#9 {main}
CRITICAL - 2021-07-09 02:49:07 --> unlink(/home/itvc/domains/ahpgroup.vn/public_html/writable/debugbar/debugbar_1625816883.json): No such file or directory
#0 [internal function]: CodeIgniter\Debug\Exceptions->errorHandler(2, 'unlink(/home/it...', '/home/itvc/doma...', 106, Array)
#1 /home/itvc/domains/ahpgroup.vn/public_html/vendor/codeigniter4/framework/system/Debug/Toolbar/Collectors/History.php(106): unlink('/home/itvc/doma...')
#2 /home/itvc/domains/ahpgroup.vn/public_html/vendor/codeigniter4/framework/system/Debug/Toolbar.php(483): CodeIgniter\Debug\Toolbar\Collectors\History->setFiles(1625816946, 20)
#3 /home/itvc/domains/ahpgroup.vn/public_html/vendor/codeigniter4/framework/system/Debug/Toolbar.php(455): CodeIgniter\Debug\Toolbar->format(Array, 'html')
#4 /home/itvc/domains/ahpgroup.vn/public_html/app/Config/Events.php(44): CodeIgniter\Debug\Toolbar->respond()
#5 [internal function]: CodeIgniter\Events\Events::Config\{closure}()
#6 /home/itvc/domains/ahpgroup.vn/public_html/vendor/codeigniter4/framework/system/Events/Events.php(188): call_user_func(Object(Closure))
#7 /home/itvc/domains/ahpgroup.vn/public_html/vendor/codeigniter4/framework/system/CodeIgniter.php(293): CodeIgniter\Events\Events::trigger('pre_system')
#8 /home/itvc/domains/ahpgroup.vn/public_html/index.php(48): CodeIgniter\CodeIgniter->run()
#9 {main}
CRITICAL - 2021-07-09 02:52:06 --> unlink(/home/itvc/domains/ahpgroup.vn/public_html/writable/debugbar/debugbar_1625816945.json): No such file or directory
#0 [internal function]: CodeIgniter\Debug\Exceptions->errorHandler(2, 'unlink(/home/it...', '/home/itvc/doma...', 106, Array)
#1 /home/itvc/domains/ahpgroup.vn/public_html/vendor/codeigniter4/framework/system/Debug/Toolbar/Collectors/History.php(106): unlink('/home/itvc/doma...')
#2 /home/itvc/domains/ahpgroup.vn/public_html/vendor/codeigniter4/framework/system/Debug/Toolbar.php(483): CodeIgniter\Debug\Toolbar\Collectors\History->setFiles(1625817125, 20)
#3 /home/itvc/domains/ahpgroup.vn/public_html/vendor/codeigniter4/framework/system/Debug/Toolbar.php(455): CodeIgniter\Debug\Toolbar->format(Array, 'html')
#4 /home/itvc/domains/ahpgroup.vn/public_html/app/Config/Events.php(44): CodeIgniter\Debug\Toolbar->respond()
#5 [internal function]: CodeIgniter\Events\Events::Config\{closure}()
#6 /home/itvc/domains/ahpgroup.vn/public_html/vendor/codeigniter4/framework/system/Events/Events.php(188): call_user_func(Object(Closure))
#7 /home/itvc/domains/ahpgroup.vn/public_html/vendor/codeigniter4/framework/system/CodeIgniter.php(293): CodeIgniter\Events\Events::trigger('pre_system')
#8 /home/itvc/domains/ahpgroup.vn/public_html/index.php(48): CodeIgniter\CodeIgniter->run()
#9 {main}
CRITICAL - 2021-07-09 02:56:00 --> unlink(/home/itvc/domains/ahpgroup.vn/public_html/writable/debugbar/debugbar_1625817109.json): No such file or directory
#0 [internal function]: CodeIgniter\Debug\Exceptions->errorHandler(2, 'unlink(/home/it...', '/home/itvc/doma...', 106, Array)
#1 /home/itvc/domains/ahpgroup.vn/public_html/vendor/codeigniter4/framework/system/Debug/Toolbar/Collectors/History.php(106): unlink('/home/itvc/doma...')
#2 /home/itvc/domains/ahpgroup.vn/public_html/vendor/codeigniter4/framework/system/Debug/Toolbar.php(483): CodeIgniter\Debug\Toolbar\Collectors\History->setFiles(1625817359, 20)
#3 /home/itvc/domains/ahpgroup.vn/public_html/vendor/codeigniter4/framework/system/Debug/Toolbar.php(455): CodeIgniter\Debug\Toolbar->format(Array, 'html')
#4 /home/itvc/domains/ahpgroup.vn/public_html/app/Config/Events.php(44): CodeIgniter\Debug\Toolbar->respond()
#5 [internal function]: CodeIgniter\Events\Events::Config\{closure}()
#6 /home/itvc/domains/ahpgroup.vn/public_html/vendor/codeigniter4/framework/system/Events/Events.php(188): call_user_func(Object(Closure))
#7 /home/itvc/domains/ahpgroup.vn/public_html/vendor/codeigniter4/framework/system/CodeIgniter.php(293): CodeIgniter\Events\Events::trigger('pre_system')
#8 /home/itvc/domains/ahpgroup.vn/public_html/index.php(48): CodeIgniter\CodeIgniter->run()
#9 {main}
CRITICAL - 2021-07-09 02:56:17 --> unlink(/home/itvc/domains/ahpgroup.vn/public_html/writable/debugbar/debugbar_1625817124.json): No such file or directory
#0 [internal function]: CodeIgniter\Debug\Exceptions->errorHandler(2, 'unlink(/home/it...', '/home/itvc/doma...', 106, Array)
#1 /home/itvc/domains/ahpgroup.vn/public_html/vendor/codeigniter4/framework/system/Debug/Toolbar/Collectors/History.php(106): unlink('/home/itvc/doma...')
#2 /home/itvc/domains/ahpgroup.vn/public_html/vendor/codeigniter4/framework/system/Debug/Toolbar.php(483): CodeIgniter\Debug\Toolbar\Collectors\History->setFiles(1625817376, 20)
#3 /home/itvc/domains/ahpgroup.vn/public_html/vendor/codeigniter4/framework/system/Debug/Toolbar.php(455): CodeIgniter\Debug\Toolbar->format(Array, 'html')
#4 /home/itvc/domains/ahpgroup.vn/public_html/app/Config/Events.php(44): CodeIgniter\Debug\Toolbar->respond()
#5 [internal function]: CodeIgniter\Events\Events::Config\{closure}()
#6 /home/itvc/domains/ahpgroup.vn/public_html/vendor/codeigniter4/framework/system/Events/Events.php(188): call_user_func(Object(Closure))
#7 /home/itvc/domains/ahpgroup.vn/public_html/vendor/codeigniter4/framework/system/CodeIgniter.php(293): CodeIgniter\Events\Events::trigger('pre_system')
#8 /home/itvc/domains/ahpgroup.vn/public_html/index.php(48): CodeIgniter\CodeIgniter->run()
#9 {main}
