CRITICAL - 2021-08-13 01:43:03 --> json_decode() expects parameter 1 to be string, array given
#0 [internal function]: CodeIgniter\Debug\Exceptions->errorHandler(2, 'json_decode() e...', 'G:\\OpenServer\\d...', 21, Array)
#1 G:\OpenServer\domains\htvietnam.com.va\app\Libraries\Authentication.php(21): json_decode(Array, true)
#2 G:\OpenServer\domains\htvietnam.com.va\app\Controllers\Backend\Article\Article.php(260): App\Libraries\Authentication->check_permission(Array)
#3 G:\OpenServer\domains\htvietnam.com.va\vendor\codeigniter4\framework\system\CodeIgniter.php(918): App\Controllers\Backend\Article\Article->delete('24')
#4 G:\OpenServer\domains\htvietnam.com.va\vendor\codeigniter4\framework\system\CodeIgniter.php(404): CodeIgniter\CodeIgniter->runController(Object(App\Controllers\Backend\Article\Article))
#5 G:\OpenServer\domains\htvietnam.com.va\vendor\codeigniter4\framework\system\CodeIgniter.php(312): CodeIgniter\CodeIgniter->handleRequest(NULL, Object(Config\Cache), false)
#6 G:\OpenServer\domains\htvietnam.com.va\index.php(48): CodeIgniter\CodeIgniter->run()
#7 {main}
CRITICAL - 2021-08-13 05:39:51 --> Undefined variable: module
#0 G:\OpenServer\domains\htvietnam.com.va\app\Controllers\Backend\Slide\Translate.php(22): CodeIgniter\Debug\Exceptions->errorHandler(8, 'Undefined varia...', 'G:\\OpenServer\\d...', 22, Array)
#1 G:\OpenServer\domains\htvietnam.com.va\vendor\codeigniter4\framework\system\CodeIgniter.php(918): App\Controllers\Backend\Slide\Translate->translate('3', 'vi')
#2 G:\OpenServer\domains\htvietnam.com.va\vendor\codeigniter4\framework\system\CodeIgniter.php(404): CodeIgniter\CodeIgniter->runController(Object(App\Controllers\Backend\Slide\Translate))
#3 G:\OpenServer\domains\htvietnam.com.va\vendor\codeigniter4\framework\system\CodeIgniter.php(312): CodeIgniter\CodeIgniter->handleRequest(NULL, Object(Config\Cache), false)
#4 G:\OpenServer\domains\htvietnam.com.va\index.php(48): CodeIgniter\CodeIgniter->run()
#5 {main}
CRITICAL - 2021-08-13 05:40:01 --> Undefined variable: moduleExtract
#0 G:\OpenServer\domains\htvietnam.com.va\app\Controllers\Backend\Slide\Translate.php(50): CodeIgniter\Debug\Exceptions->errorHandler(8, 'Undefined varia...', 'G:\\OpenServer\\d...', 50, Array)
#1 G:\OpenServer\domains\htvietnam.com.va\vendor\codeigniter4\framework\system\CodeIgniter.php(918): App\Controllers\Backend\Slide\Translate->translate('3', 'vi')
#2 G:\OpenServer\domains\htvietnam.com.va\vendor\codeigniter4\framework\system\CodeIgniter.php(404): CodeIgniter\CodeIgniter->runController(Object(App\Controllers\Backend\Slide\Translate))
#3 G:\OpenServer\domains\htvietnam.com.va\vendor\codeigniter4\framework\system\CodeIgniter.php(312): CodeIgniter\CodeIgniter->handleRequest(NULL, Object(Config\Cache), false)
#4 G:\OpenServer\domains\htvietnam.com.va\index.php(48): CodeIgniter\CodeIgniter->run()
#5 {main}
CRITICAL - 2021-08-13 05:41:45 --> Undefined variable: language
#0 G:\OpenServer\domains\htvietnam.com.va\app\Views\backend\translate\translate\translateSlide.php(16): CodeIgniter\Debug\Exceptions->errorHandler(8, 'Undefined varia...', 'G:\\OpenServer\\d...', 16, Array)
#1 G:\OpenServer\domains\htvietnam.com.va\vendor\codeigniter4\framework\system\View\View.php(246): include('G:\\OpenServer\\d...')
#2 G:\OpenServer\domains\htvietnam.com.va\vendor\codeigniter4\framework\system\Common.php(1119): CodeIgniter\View\View->render('backend/transla...', Array, true)
#3 G:\OpenServer\domains\htvietnam.com.va\app\Views\backend\dashboard\layout\home.php(44): view('backend/transla...')
#4 G:\OpenServer\domains\htvietnam.com.va\vendor\codeigniter4\framework\system\View\View.php(246): include('G:\\OpenServer\\d...')
#5 G:\OpenServer\domains\htvietnam.com.va\vendor\codeigniter4\framework\system\Common.php(1119): CodeIgniter\View\View->render('backend/dashboa...', Array, true)
#6 G:\OpenServer\domains\htvietnam.com.va\app\Controllers\Backend\Slide\Translate.php(54): view('backend/dashboa...', Array)
#7 G:\OpenServer\domains\htvietnam.com.va\vendor\codeigniter4\framework\system\CodeIgniter.php(918): App\Controllers\Backend\Slide\Translate->translate('3', 'vi')
#8 G:\OpenServer\domains\htvietnam.com.va\vendor\codeigniter4\framework\system\CodeIgniter.php(404): CodeIgniter\CodeIgniter->runController(Object(App\Controllers\Backend\Slide\Translate))
#9 G:\OpenServer\domains\htvietnam.com.va\vendor\codeigniter4\framework\system\CodeIgniter.php(312): CodeIgniter\CodeIgniter->handleRequest(NULL, Object(Config\Cache), false)
#10 G:\OpenServer\domains\htvietnam.com.va\index.php(48): CodeIgniter\CodeIgniter->run()
#11 {main}
CRITICAL - 2021-08-13 06:14:05 --> Undefined index: order
#0 G:\OpenServer\domains\htvietnam.com.va\app\Views\backend\translate\translate\translateSlide.php(73): CodeIgniter\Debug\Exceptions->errorHandler(8, 'Undefined index...', 'G:\\OpenServer\\d...', 73, Array)
#1 G:\OpenServer\domains\htvietnam.com.va\vendor\codeigniter4\framework\system\View\View.php(246): include('G:\\OpenServer\\d...')
#2 G:\OpenServer\domains\htvietnam.com.va\vendor\codeigniter4\framework\system\Common.php(1119): CodeIgniter\View\View->render('backend/transla...', Array, true)
#3 G:\OpenServer\domains\htvietnam.com.va\app\Views\backend\dashboard\layout\home.php(44): view('backend/transla...')
#4 G:\OpenServer\domains\htvietnam.com.va\vendor\codeigniter4\framework\system\View\View.php(246): include('G:\\OpenServer\\d...')
#5 G:\OpenServer\domains\htvietnam.com.va\vendor\codeigniter4\framework\system\Common.php(1119): CodeIgniter\View\View->render('backend/dashboa...', Array, true)
#6 G:\OpenServer\domains\htvietnam.com.va\app\Controllers\Backend\Slide\Translate.php(130): view('backend/dashboa...', Array)
#7 G:\OpenServer\domains\htvietnam.com.va\vendor\codeigniter4\framework\system\CodeIgniter.php(918): App\Controllers\Backend\Slide\Translate->translate('3', 'vi')
#8 G:\OpenServer\domains\htvietnam.com.va\vendor\codeigniter4\framework\system\CodeIgniter.php(404): CodeIgniter\CodeIgniter->runController(Object(App\Controllers\Backend\Slide\Translate))
#9 G:\OpenServer\domains\htvietnam.com.va\vendor\codeigniter4\framework\system\CodeIgniter.php(312): CodeIgniter\CodeIgniter->handleRequest(NULL, Object(Config\Cache), false)
#10 G:\OpenServer\domains\htvietnam.com.va\index.php(48): CodeIgniter\CodeIgniter->run()
#11 {main}
CRITICAL - 2021-08-13 06:15:14 --> Undefined index: id
#0 G:\OpenServer\domains\htvietnam.com.va\app\Views\backend\dashboard\common\slideblock.php(7): CodeIgniter\Debug\Exceptions->errorHandler(8, 'Undefined index...', 'G:\\OpenServer\\d...', 7, Array)
#1 G:\OpenServer\domains\htvietnam.com.va\vendor\codeigniter4\framework\system\View\View.php(246): include('G:\\OpenServer\\d...')
#2 G:\OpenServer\domains\htvietnam.com.va\vendor\codeigniter4\framework\system\Common.php(1119): CodeIgniter\View\View->render('backend/dashboa...', Array, true)
#3 G:\OpenServer\domains\htvietnam.com.va\app\Views\backend\translate\translate\translateSlide.php(100): view('backend/dashboa...', Array)
#4 G:\OpenServer\domains\htvietnam.com.va\vendor\codeigniter4\framework\system\View\View.php(246): include('G:\\OpenServer\\d...')
#5 G:\OpenServer\domains\htvietnam.com.va\vendor\codeigniter4\framework\system\Common.php(1119): CodeIgniter\View\View->render('backend/transla...', Array, true)
#6 G:\OpenServer\domains\htvietnam.com.va\app\Views\backend\dashboard\layout\home.php(44): view('backend/transla...')
#7 G:\OpenServer\domains\htvietnam.com.va\vendor\codeigniter4\framework\system\View\View.php(246): include('G:\\OpenServer\\d...')
#8 G:\OpenServer\domains\htvietnam.com.va\vendor\codeigniter4\framework\system\Common.php(1119): CodeIgniter\View\View->render('backend/dashboa...', Array, true)
#9 G:\OpenServer\domains\htvietnam.com.va\app\Controllers\Backend\Slide\Translate.php(130): view('backend/dashboa...', Array)
#10 G:\OpenServer\domains\htvietnam.com.va\vendor\codeigniter4\framework\system\CodeIgniter.php(918): App\Controllers\Backend\Slide\Translate->translate('3', 'vi')
#11 G:\OpenServer\domains\htvietnam.com.va\vendor\codeigniter4\framework\system\CodeIgniter.php(404): CodeIgniter\CodeIgniter->runController(Object(App\Controllers\Backend\Slide\Translate))
#12 G:\OpenServer\domains\htvietnam.com.va\vendor\codeigniter4\framework\system\CodeIgniter.php(312): CodeIgniter\CodeIgniter->handleRequest(NULL, Object(Config\Cache), false)
#13 G:\OpenServer\domains\htvietnam.com.va\index.php(48): CodeIgniter\CodeIgniter->run()
#14 {main}
CRITICAL - 2021-08-13 06:15:58 --> Undefined index: id
#0 G:\OpenServer\domains\htvietnam.com.va\app\Views\backend\dashboard\common\slideblock.php(7): CodeIgniter\Debug\Exceptions->errorHandler(8, 'Undefined index...', 'G:\\OpenServer\\d...', 7, Array)
#1 G:\OpenServer\domains\htvietnam.com.va\vendor\codeigniter4\framework\system\View\View.php(246): include('G:\\OpenServer\\d...')
#2 G:\OpenServer\domains\htvietnam.com.va\vendor\codeigniter4\framework\system\Common.php(1119): CodeIgniter\View\View->render('backend/dashboa...', Array, true)
#3 G:\OpenServer\domains\htvietnam.com.va\app\Views\backend\translate\translate\translateSlide.php(100): view('backend/dashboa...', Array)
#4 G:\OpenServer\domains\htvietnam.com.va\vendor\codeigniter4\framework\system\View\View.php(246): include('G:\\OpenServer\\d...')
#5 G:\OpenServer\domains\htvietnam.com.va\vendor\codeigniter4\framework\system\Common.php(1119): CodeIgniter\View\View->render('backend/transla...', Array, true)
#6 G:\OpenServer\domains\htvietnam.com.va\app\Views\backend\dashboard\layout\home.php(44): view('backend/transla...')
#7 G:\OpenServer\domains\htvietnam.com.va\vendor\codeigniter4\framework\system\View\View.php(246): include('G:\\OpenServer\\d...')
#8 G:\OpenServer\domains\htvietnam.com.va\vendor\codeigniter4\framework\system\Common.php(1119): CodeIgniter\View\View->render('backend/dashboa...', Array, true)
#9 G:\OpenServer\domains\htvietnam.com.va\app\Controllers\Backend\Slide\Translate.php(130): view('backend/dashboa...', Array)
#10 G:\OpenServer\domains\htvietnam.com.va\vendor\codeigniter4\framework\system\CodeIgniter.php(918): App\Controllers\Backend\Slide\Translate->translate('3', 'vi')
#11 G:\OpenServer\domains\htvietnam.com.va\vendor\codeigniter4\framework\system\CodeIgniter.php(404): CodeIgniter\CodeIgniter->runController(Object(App\Controllers\Backend\Slide\Translate))
#12 G:\OpenServer\domains\htvietnam.com.va\vendor\codeigniter4\framework\system\CodeIgniter.php(312): CodeIgniter\CodeIgniter->handleRequest(NULL, Object(Config\Cache), false)
#13 G:\OpenServer\domains\htvietnam.com.va\index.php(48): CodeIgniter\CodeIgniter->run()
#14 {main}
CRITICAL - 2021-08-13 06:16:34 --> Undefined index: id
#0 G:\OpenServer\domains\htvietnam.com.va\app\Views\backend\dashboard\common\slideblock.php(7): CodeIgniter\Debug\Exceptions->errorHandler(8, 'Undefined index...', 'G:\\OpenServer\\d...', 7, Array)
#1 G:\OpenServer\domains\htvietnam.com.va\vendor\codeigniter4\framework\system\View\View.php(246): include('G:\\OpenServer\\d...')
#2 G:\OpenServer\domains\htvietnam.com.va\vendor\codeigniter4\framework\system\Common.php(1119): CodeIgniter\View\View->render('backend/dashboa...', Array, true)
#3 G:\OpenServer\domains\htvietnam.com.va\app\Views\backend\translate\translate\translateSlide.php(100): view('backend/dashboa...', Array)
#4 G:\OpenServer\domains\htvietnam.com.va\vendor\codeigniter4\framework\system\View\View.php(246): include('G:\\OpenServer\\d...')
#5 G:\OpenServer\domains\htvietnam.com.va\vendor\codeigniter4\framework\system\Common.php(1119): CodeIgniter\View\View->render('backend/transla...', Array, true)
#6 G:\OpenServer\domains\htvietnam.com.va\app\Views\backend\dashboard\layout\home.php(44): view('backend/transla...')
#7 G:\OpenServer\domains\htvietnam.com.va\vendor\codeigniter4\framework\system\View\View.php(246): include('G:\\OpenServer\\d...')
#8 G:\OpenServer\domains\htvietnam.com.va\vendor\codeigniter4\framework\system\Common.php(1119): CodeIgniter\View\View->render('backend/dashboa...', Array, true)
#9 G:\OpenServer\domains\htvietnam.com.va\app\Controllers\Backend\Slide\Translate.php(130): view('backend/dashboa...', Array)
#10 G:\OpenServer\domains\htvietnam.com.va\vendor\codeigniter4\framework\system\CodeIgniter.php(918): App\Controllers\Backend\Slide\Translate->translate('3', 'vi')
#11 G:\OpenServer\domains\htvietnam.com.va\vendor\codeigniter4\framework\system\CodeIgniter.php(404): CodeIgniter\CodeIgniter->runController(Object(App\Controllers\Backend\Slide\Translate))
#12 G:\OpenServer\domains\htvietnam.com.va\vendor\codeigniter4\framework\system\CodeIgniter.php(312): CodeIgniter\CodeIgniter->handleRequest(NULL, Object(Config\Cache), false)
#13 G:\OpenServer\domains\htvietnam.com.va\index.php(48): CodeIgniter\CodeIgniter->run()
#14 {main}
CRITICAL - 2021-08-13 06:17:16 --> Undefined variable: slideTranslate
#0 G:\OpenServer\domains\htvietnam.com.va\app\Controllers\Backend\Slide\Translate.php(120): CodeIgniter\Debug\Exceptions->errorHandler(8, 'Undefined varia...', 'G:\\OpenServer\\d...', 120, Array)
#1 G:\OpenServer\domains\htvietnam.com.va\vendor\codeigniter4\framework\system\CodeIgniter.php(918): App\Controllers\Backend\Slide\Translate->translate('3', 'vi')
#2 G:\OpenServer\domains\htvietnam.com.va\vendor\codeigniter4\framework\system\CodeIgniter.php(404): CodeIgniter\CodeIgniter->runController(Object(App\Controllers\Backend\Slide\Translate))
#3 G:\OpenServer\domains\htvietnam.com.va\vendor\codeigniter4\framework\system\CodeIgniter.php(312): CodeIgniter\CodeIgniter->handleRequest(NULL, Object(Config\Cache), false)
#4 G:\OpenServer\domains\htvietnam.com.va\index.php(48): CodeIgniter\CodeIgniter->run()
#5 {main}
CRITICAL - 2021-08-13 06:32:28 --> insertBatch() called with no data
#0 G:\OpenServer\domains\htvietnam.com.va\app\Models\AutoloadModel.php(137): CodeIgniter\Database\BaseBuilder->insertBatch(Array)
#1 G:\OpenServer\domains\htvietnam.com.va\app\Controllers\Backend\Slide\Translate.php(154): App\Models\AutoloadModel->_create_batch(Array)
#2 G:\OpenServer\domains\htvietnam.com.va\vendor\codeigniter4\framework\system\CodeIgniter.php(918): App\Controllers\Backend\Slide\Translate->translate('3', 'vi')
#3 G:\OpenServer\domains\htvietnam.com.va\vendor\codeigniter4\framework\system\CodeIgniter.php(404): CodeIgniter\CodeIgniter->runController(Object(App\Controllers\Backend\Slide\Translate))
#4 G:\OpenServer\domains\htvietnam.com.va\vendor\codeigniter4\framework\system\CodeIgniter.php(312): CodeIgniter\CodeIgniter->handleRequest(NULL, Object(Config\Cache), false)
#5 G:\OpenServer\domains\htvietnam.com.va\index.php(48): CodeIgniter\CodeIgniter->run()
#6 {main}
CRITICAL - 2021-08-13 06:32:32 --> insertBatch() called with no data
#0 G:\OpenServer\domains\htvietnam.com.va\app\Models\AutoloadModel.php(137): CodeIgniter\Database\BaseBuilder->insertBatch(Array)
#1 G:\OpenServer\domains\htvietnam.com.va\app\Controllers\Backend\Slide\Translate.php(154): App\Models\AutoloadModel->_create_batch(Array)
#2 G:\OpenServer\domains\htvietnam.com.va\vendor\codeigniter4\framework\system\CodeIgniter.php(918): App\Controllers\Backend\Slide\Translate->translate('3', 'vi')
#3 G:\OpenServer\domains\htvietnam.com.va\vendor\codeigniter4\framework\system\CodeIgniter.php(404): CodeIgniter\CodeIgniter->runController(Object(App\Controllers\Backend\Slide\Translate))
#4 G:\OpenServer\domains\htvietnam.com.va\vendor\codeigniter4\framework\system\CodeIgniter.php(312): CodeIgniter\CodeIgniter->handleRequest(NULL, Object(Config\Cache), false)
#5 G:\OpenServer\domains\htvietnam.com.va\index.php(48): CodeIgniter\CodeIgniter->run()
#6 {main}
CRITICAL - 2021-08-13 06:33:36 --> Undefined variable: language
#0 G:\OpenServer\domains\htvietnam.com.va\app\Controllers\Backend\Slide\Translate.php(183): CodeIgniter\Debug\Exceptions->errorHandler(8, 'Undefined varia...', 'G:\\OpenServer\\d...', 183, Array)
#1 G:\OpenServer\domains\htvietnam.com.va\app\Controllers\Backend\Slide\Translate.php(152): App\Controllers\Backend\Slide\Translate->store(Array)
#2 G:\OpenServer\domains\htvietnam.com.va\vendor\codeigniter4\framework\system\CodeIgniter.php(918): App\Controllers\Backend\Slide\Translate->translate('3', 'vi')
#3 G:\OpenServer\domains\htvietnam.com.va\vendor\codeigniter4\framework\system\CodeIgniter.php(404): CodeIgniter\CodeIgniter->runController(Object(App\Controllers\Backend\Slide\Translate))
#4 G:\OpenServer\domains\htvietnam.com.va\vendor\codeigniter4\framework\system\CodeIgniter.php(312): CodeIgniter\CodeIgniter->handleRequest(NULL, Object(Config\Cache), false)
#5 G:\OpenServer\domains\htvietnam.com.va\index.php(48): CodeIgniter\CodeIgniter->run()
#6 {main}
CRITICAL - 2021-08-13 08:11:45 --> Cannot use isset() on the result of an expression (you can use "null !== expression" instead)
#0 [internal function]: CodeIgniter\Debug\Exceptions->shutdownHandler()
#1 {main}
CRITICAL - 2021-08-13 08:12:07 --> Undefined index: canonial
#0 G:\OpenServer\domains\htvietnam.com.va\app\Views\frontend\homepage\home\index.php(25): CodeIgniter\Debug\Exceptions->errorHandler(8, 'Undefined index...', 'G:\\OpenServer\\d...', 25, Array)
#1 G:\OpenServer\domains\htvietnam.com.va\vendor\codeigniter4\framework\system\View\View.php(246): include('G:\\OpenServer\\d...')
#2 G:\OpenServer\domains\htvietnam.com.va\vendor\codeigniter4\framework\system\Common.php(1119): CodeIgniter\View\View->render('frontend/homepa...', Array, true)
#3 G:\OpenServer\domains\htvietnam.com.va\app\Views\frontend\homepage\layout\home.php(80): view('frontend/homepa...')
#4 G:\OpenServer\domains\htvietnam.com.va\vendor\codeigniter4\framework\system\View\View.php(246): include('G:\\OpenServer\\d...')
#5 G:\OpenServer\domains\htvietnam.com.va\vendor\codeigniter4\framework\system\Common.php(1119): CodeIgniter\View\View->render('frontend/homepa...', Array, true)
#6 G:\OpenServer\domains\htvietnam.com.va\app\Controllers\Frontend\Homepage\Home.php(31): view('frontend/homepa...', Array)
#7 G:\OpenServer\domains\htvietnam.com.va\vendor\codeigniter4\framework\system\CodeIgniter.php(918): App\Controllers\Frontend\Homepage\Home->index()
#8 G:\OpenServer\domains\htvietnam.com.va\vendor\codeigniter4\framework\system\CodeIgniter.php(404): CodeIgniter\CodeIgniter->runController(Object(App\Controllers\Frontend\Homepage\Home))
#9 G:\OpenServer\domains\htvietnam.com.va\vendor\codeigniter4\framework\system\CodeIgniter.php(312): CodeIgniter\CodeIgniter->handleRequest(NULL, Object(Config\Cache), false)
#10 G:\OpenServer\domains\htvietnam.com.va\index.php(48): CodeIgniter\CodeIgniter->run()
#11 {main}
CRITICAL - 2021-08-13 11:22:32 --> Undefined index: icon
#0 G:\OpenServer\domains\htvietnam.com.va\app\Views\frontend\homepage\home\index.php(198): CodeIgniter\Debug\Exceptions->errorHandler(8, 'Undefined index...', 'G:\\OpenServer\\d...', 198, Array)
#1 G:\OpenServer\domains\htvietnam.com.va\vendor\codeigniter4\framework\system\View\View.php(246): include('G:\\OpenServer\\d...')
#2 G:\OpenServer\domains\htvietnam.com.va\vendor\codeigniter4\framework\system\Common.php(1119): CodeIgniter\View\View->render('frontend/homepa...', Array, true)
#3 G:\OpenServer\domains\htvietnam.com.va\app\Views\frontend\homepage\layout\home.php(80): view('frontend/homepa...')
#4 G:\OpenServer\domains\htvietnam.com.va\vendor\codeigniter4\framework\system\View\View.php(246): include('G:\\OpenServer\\d...')
#5 G:\OpenServer\domains\htvietnam.com.va\vendor\codeigniter4\framework\system\Common.php(1119): CodeIgniter\View\View->render('frontend/homepa...', Array, true)
#6 G:\OpenServer\domains\htvietnam.com.va\app\Controllers\Frontend\Homepage\Home.php(31): view('frontend/homepa...', Array)
#7 G:\OpenServer\domains\htvietnam.com.va\vendor\codeigniter4\framework\system\CodeIgniter.php(918): App\Controllers\Frontend\Homepage\Home->index()
#8 G:\OpenServer\domains\htvietnam.com.va\vendor\codeigniter4\framework\system\CodeIgniter.php(404): CodeIgniter\CodeIgniter->runController(Object(App\Controllers\Frontend\Homepage\Home))
#9 G:\OpenServer\domains\htvietnam.com.va\vendor\codeigniter4\framework\system\CodeIgniter.php(312): CodeIgniter\CodeIgniter->handleRequest(NULL, Object(Config\Cache), false)
#10 G:\OpenServer\domains\htvietnam.com.va\index.php(48): CodeIgniter\CodeIgniter->run()
#11 {main}
CRITICAL - 2021-08-13 11:23:02 --> Undefined index: icon
#0 G:\OpenServer\domains\htvietnam.com.va\app\Views\frontend\homepage\home\index.php(198): CodeIgniter\Debug\Exceptions->errorHandler(8, 'Undefined index...', 'G:\\OpenServer\\d...', 198, Array)
#1 G:\OpenServer\domains\htvietnam.com.va\vendor\codeigniter4\framework\system\View\View.php(246): include('G:\\OpenServer\\d...')
#2 G:\OpenServer\domains\htvietnam.com.va\vendor\codeigniter4\framework\system\Common.php(1119): CodeIgniter\View\View->render('frontend/homepa...', Array, true)
#3 G:\OpenServer\domains\htvietnam.com.va\app\Views\frontend\homepage\layout\home.php(80): view('frontend/homepa...')
#4 G:\OpenServer\domains\htvietnam.com.va\vendor\codeigniter4\framework\system\View\View.php(246): include('G:\\OpenServer\\d...')
#5 G:\OpenServer\domains\htvietnam.com.va\vendor\codeigniter4\framework\system\Common.php(1119): CodeIgniter\View\View->render('frontend/homepa...', Array, true)
#6 G:\OpenServer\domains\htvietnam.com.va\app\Controllers\Frontend\Homepage\Home.php(31): view('frontend/homepa...', Array)
#7 G:\OpenServer\domains\htvietnam.com.va\vendor\codeigniter4\framework\system\CodeIgniter.php(918): App\Controllers\Frontend\Homepage\Home->index()
#8 G:\OpenServer\domains\htvietnam.com.va\vendor\codeigniter4\framework\system\CodeIgniter.php(404): CodeIgniter\CodeIgniter->runController(Object(App\Controllers\Frontend\Homepage\Home))
#9 G:\OpenServer\domains\htvietnam.com.va\vendor\codeigniter4\framework\system\CodeIgniter.php(312): CodeIgniter\CodeIgniter->handleRequest(NULL, Object(Config\Cache), false)
#10 G:\OpenServer\domains\htvietnam.com.va\index.php(48): CodeIgniter\CodeIgniter->run()
#11 {main}
CRITICAL - 2021-08-13 11:23:12 --> Undefined index: icon
#0 G:\OpenServer\domains\htvietnam.com.va\app\Views\frontend\homepage\home\index.php(198): CodeIgniter\Debug\Exceptions->errorHandler(8, 'Undefined index...', 'G:\\OpenServer\\d...', 198, Array)
#1 G:\OpenServer\domains\htvietnam.com.va\vendor\codeigniter4\framework\system\View\View.php(246): include('G:\\OpenServer\\d...')
#2 G:\OpenServer\domains\htvietnam.com.va\vendor\codeigniter4\framework\system\Common.php(1119): CodeIgniter\View\View->render('frontend/homepa...', Array, true)
#3 G:\OpenServer\domains\htvietnam.com.va\app\Views\frontend\homepage\layout\home.php(80): view('frontend/homepa...')
#4 G:\OpenServer\domains\htvietnam.com.va\vendor\codeigniter4\framework\system\View\View.php(246): include('G:\\OpenServer\\d...')
#5 G:\OpenServer\domains\htvietnam.com.va\vendor\codeigniter4\framework\system\Common.php(1119): CodeIgniter\View\View->render('frontend/homepa...', Array, true)
#6 G:\OpenServer\domains\htvietnam.com.va\app\Controllers\Frontend\Homepage\Home.php(31): view('frontend/homepa...', Array)
#7 G:\OpenServer\domains\htvietnam.com.va\vendor\codeigniter4\framework\system\CodeIgniter.php(918): App\Controllers\Frontend\Homepage\Home->index()
#8 G:\OpenServer\domains\htvietnam.com.va\vendor\codeigniter4\framework\system\CodeIgniter.php(404): CodeIgniter\CodeIgniter->runController(Object(App\Controllers\Frontend\Homepage\Home))
#9 G:\OpenServer\domains\htvietnam.com.va\vendor\codeigniter4\framework\system\CodeIgniter.php(312): CodeIgniter\CodeIgniter->handleRequest(NULL, Object(Config\Cache), false)
#10 G:\OpenServer\domains\htvietnam.com.va\index.php(48): CodeIgniter\CodeIgniter->run()
#11 {main}
CRITICAL - 2021-08-13 12:18:32 --> syntax error, unexpected end of file
#0 G:\OpenServer\domains\htvietnam.com.va\vendor\codeigniter4\framework\system\Common.php(1119): CodeIgniter\View\View->render('frontend/homepa...', Array, true)
#1 G:\OpenServer\domains\htvietnam.com.va\app\Views\frontend\homepage\layout\home.php(80): view('frontend/homepa...')
#2 G:\OpenServer\domains\htvietnam.com.va\vendor\codeigniter4\framework\system\View\View.php(246): include('G:\\OpenServer\\d...')
#3 G:\OpenServer\domains\htvietnam.com.va\vendor\codeigniter4\framework\system\Common.php(1119): CodeIgniter\View\View->render('frontend/homepa...', Array, true)
#4 G:\OpenServer\domains\htvietnam.com.va\app\Controllers\Frontend\Homepage\Home.php(31): view('frontend/homepa...', Array)
#5 G:\OpenServer\domains\htvietnam.com.va\vendor\codeigniter4\framework\system\CodeIgniter.php(918): App\Controllers\Frontend\Homepage\Home->index()
#6 G:\OpenServer\domains\htvietnam.com.va\vendor\codeigniter4\framework\system\CodeIgniter.php(404): CodeIgniter\CodeIgniter->runController(Object(App\Controllers\Frontend\Homepage\Home))
#7 G:\OpenServer\domains\htvietnam.com.va\vendor\codeigniter4\framework\system\CodeIgniter.php(312): CodeIgniter\CodeIgniter->handleRequest(NULL, Object(Config\Cache), false)
#8 G:\OpenServer\domains\htvietnam.com.va\index.php(48): CodeIgniter\CodeIgniter->run()
#9 {main}
CRITICAL - 2021-08-13 12:20:49 --> base64_decode() expects parameter 1 to be string, array given
#0 [internal function]: CodeIgniter\Debug\Exceptions->errorHandler(2, 'base64_decode()...', 'G:\\OpenServer\\d...', 308, Array)
#1 G:\OpenServer\domains\htvietnam.com.va\app\Views\frontend\homepage\home\index.php(308): base64_decode(Array)
#2 G:\OpenServer\domains\htvietnam.com.va\vendor\codeigniter4\framework\system\View\View.php(246): include('G:\\OpenServer\\d...')
#3 G:\OpenServer\domains\htvietnam.com.va\vendor\codeigniter4\framework\system\Common.php(1119): CodeIgniter\View\View->render('frontend/homepa...', Array, true)
#4 G:\OpenServer\domains\htvietnam.com.va\app\Views\frontend\homepage\layout\home.php(80): view('frontend/homepa...')
#5 G:\OpenServer\domains\htvietnam.com.va\vendor\codeigniter4\framework\system\View\View.php(246): include('G:\\OpenServer\\d...')
#6 G:\OpenServer\domains\htvietnam.com.va\vendor\codeigniter4\framework\system\Common.php(1119): CodeIgniter\View\View->render('frontend/homepa...', Array, true)
#7 G:\OpenServer\domains\htvietnam.com.va\app\Controllers\Frontend\Homepage\Home.php(31): view('frontend/homepa...', Array)
#8 G:\OpenServer\domains\htvietnam.com.va\vendor\codeigniter4\framework\system\CodeIgniter.php(918): App\Controllers\Frontend\Homepage\Home->index()
#9 G:\OpenServer\domains\htvietnam.com.va\vendor\codeigniter4\framework\system\CodeIgniter.php(404): CodeIgniter\CodeIgniter->runController(Object(App\Controllers\Frontend\Homepage\Home))
#10 G:\OpenServer\domains\htvietnam.com.va\vendor\codeigniter4\framework\system\CodeIgniter.php(312): CodeIgniter\CodeIgniter->handleRequest(NULL, Object(Config\Cache), false)
#11 G:\OpenServer\domains\htvietnam.com.va\index.php(48): CodeIgniter\CodeIgniter->run()
#12 {main}
CRITICAL - 2021-08-13 22:56:42 --> syntax error, unexpected '}', expecting end of file
#0 G:\OpenServer\domains\htvietnam.com.va\vendor\codeigniter4\framework\system\Common.php(1119): CodeIgniter\View\View->render('frontend/homepa...', Array, true)
#1 G:\OpenServer\domains\htvietnam.com.va\app\Views\frontend\homepage\layout\home.php(80): view('frontend/homepa...')
#2 G:\OpenServer\domains\htvietnam.com.va\vendor\codeigniter4\framework\system\View\View.php(246): include('G:\\OpenServer\\d...')
#3 G:\OpenServer\domains\htvietnam.com.va\vendor\codeigniter4\framework\system\Common.php(1119): CodeIgniter\View\View->render('frontend/homepa...', Array, true)
#4 G:\OpenServer\domains\htvietnam.com.va\app\Controllers\Frontend\Homepage\Home.php(31): view('frontend/homepa...', Array)
#5 G:\OpenServer\domains\htvietnam.com.va\vendor\codeigniter4\framework\system\CodeIgniter.php(918): App\Controllers\Frontend\Homepage\Home->index()
#6 G:\OpenServer\domains\htvietnam.com.va\vendor\codeigniter4\framework\system\CodeIgniter.php(404): CodeIgniter\CodeIgniter->runController(Object(App\Controllers\Frontend\Homepage\Home))
#7 G:\OpenServer\domains\htvietnam.com.va\vendor\codeigniter4\framework\system\CodeIgniter.php(312): CodeIgniter\CodeIgniter->handleRequest(NULL, Object(Config\Cache), false)
#8 G:\OpenServer\domains\htvietnam.com.va\index.php(48): CodeIgniter\CodeIgniter->run()
#9 {main}
