CRITICAL - 2021-04-24 02:09:29 --> Undefined index: homepage_favicon
#0 E:\OpenServer\domains\ht.inoxmavang.com\app\Views\frontend\homepage\layout\home.php(17): CodeIgniter\Debug\Exceptions->errorHandler(8, 'Undefined index...', 'E:\\OpenServer\\d...', 17, Array)
#1 E:\OpenServer\domains\ht.inoxmavang.com\vendor\codeigniter4\framework\system\View\View.php(246): include('E:\\OpenServer\\d...')
#2 E:\OpenServer\domains\ht.inoxmavang.com\vendor\codeigniter4\framework\system\Common.php(1119): CodeIgniter\View\View->render('frontend/homepa...', Array, true)
#3 E:\OpenServer\domains\ht.inoxmavang.com\app\Controllers\Frontend\Homepage\Home.php(28): view('frontend/homepa...', Array)
#4 E:\OpenServer\domains\ht.inoxmavang.com\vendor\codeigniter4\framework\system\CodeIgniter.php(918): App\Controllers\Frontend\Homepage\Home->index()
#5 E:\OpenServer\domains\ht.inoxmavang.com\vendor\codeigniter4\framework\system\CodeIgniter.php(404): CodeIgniter\CodeIgniter->runController(Object(App\Controllers\Frontend\Homepage\Home))
#6 E:\OpenServer\domains\ht.inoxmavang.com\vendor\codeigniter4\framework\system\CodeIgniter.php(312): CodeIgniter\CodeIgniter->handleRequest(NULL, Object(Config\Cache), false)
#7 E:\OpenServer\domains\ht.inoxmavang.com\index.php(48): CodeIgniter\CodeIgniter->run()
#8 {main}
CRITICAL - 2021-04-24 02:22:00 --> Invalid file: {0}
#0 E:\OpenServer\domains\ht.inoxmavang.com\vendor\codeigniter4\framework\system\View\View.php(228): CodeIgniter\Exceptions\FrameworkException::forInvalidFile('frontend/homepa...')
#1 E:\OpenServer\domains\ht.inoxmavang.com\vendor\codeigniter4\framework\system\Common.php(1119): CodeIgniter\View\View->render('frontend/homepa...', Array, true)
#2 E:\OpenServer\domains\ht.inoxmavang.com\app\Views\frontend\homepage\home\index.php(2): view('frontend/homepa...')
#3 E:\OpenServer\domains\ht.inoxmavang.com\vendor\codeigniter4\framework\system\View\View.php(246): include('E:\\OpenServer\\d...')
#4 E:\OpenServer\domains\ht.inoxmavang.com\vendor\codeigniter4\framework\system\Common.php(1119): CodeIgniter\View\View->render('frontend/homepa...', Array, true)
#5 E:\OpenServer\domains\ht.inoxmavang.com\app\Views\frontend\homepage\layout\home.php(67): view('frontend/homepa...')
#6 E:\OpenServer\domains\ht.inoxmavang.com\vendor\codeigniter4\framework\system\View\View.php(246): include('E:\\OpenServer\\d...')
#7 E:\OpenServer\domains\ht.inoxmavang.com\vendor\codeigniter4\framework\system\Common.php(1119): CodeIgniter\View\View->render('frontend/homepa...', Array, true)
#8 E:\OpenServer\domains\ht.inoxmavang.com\app\Controllers\Frontend\Homepage\Home.php(28): view('frontend/homepa...', Array)
#9 E:\OpenServer\domains\ht.inoxmavang.com\vendor\codeigniter4\framework\system\CodeIgniter.php(918): App\Controllers\Frontend\Homepage\Home->index()
#10 E:\OpenServer\domains\ht.inoxmavang.com\vendor\codeigniter4\framework\system\CodeIgniter.php(404): CodeIgniter\CodeIgniter->runController(Object(App\Controllers\Frontend\Homepage\Home))
#11 E:\OpenServer\domains\ht.inoxmavang.com\vendor\codeigniter4\framework\system\CodeIgniter.php(312): CodeIgniter\CodeIgniter->handleRequest(NULL, Object(Config\Cache), false)
#12 E:\OpenServer\domains\ht.inoxmavang.com\index.php(48): CodeIgniter\CodeIgniter->run()
#13 {main}
CRITICAL - 2021-04-24 02:30:45 --> syntax error, unexpected ')'
#0 E:\OpenServer\domains\ht.inoxmavang.com\vendor\codeigniter4\framework\system\Common.php(1119): CodeIgniter\View\View->render('frontend/homepa...', Array, true)
#1 E:\OpenServer\domains\ht.inoxmavang.com\app\Views\frontend\homepage\layout\home.php(67): view('frontend/homepa...')
#2 E:\OpenServer\domains\ht.inoxmavang.com\vendor\codeigniter4\framework\system\View\View.php(246): include('E:\\OpenServer\\d...')
#3 E:\OpenServer\domains\ht.inoxmavang.com\vendor\codeigniter4\framework\system\Common.php(1119): CodeIgniter\View\View->render('frontend/homepa...', Array, true)
#4 E:\OpenServer\domains\ht.inoxmavang.com\app\Controllers\Frontend\Homepage\Home.php(28): view('frontend/homepa...', Array)
#5 E:\OpenServer\domains\ht.inoxmavang.com\vendor\codeigniter4\framework\system\CodeIgniter.php(918): App\Controllers\Frontend\Homepage\Home->index()
#6 E:\OpenServer\domains\ht.inoxmavang.com\vendor\codeigniter4\framework\system\CodeIgniter.php(404): CodeIgniter\CodeIgniter->runController(Object(App\Controllers\Frontend\Homepage\Home))
#7 E:\OpenServer\domains\ht.inoxmavang.com\vendor\codeigniter4\framework\system\CodeIgniter.php(312): CodeIgniter\CodeIgniter->handleRequest(NULL, Object(Config\Cache), false)
#8 E:\OpenServer\domains\ht.inoxmavang.com\index.php(48): CodeIgniter\CodeIgniter->run()
#9 {main}
CRITICAL - 2021-04-24 02:33:33 --> syntax error, unexpected ';', expecting ']'
#0 E:\OpenServer\domains\ht.inoxmavang.com\vendor\codeigniter4\framework\system\Common.php(1119): CodeIgniter\View\View->render('frontend/homepa...', Array, true)
#1 E:\OpenServer\domains\ht.inoxmavang.com\app\Views\frontend\homepage\layout\home.php(67): view('frontend/homepa...')
#2 E:\OpenServer\domains\ht.inoxmavang.com\vendor\codeigniter4\framework\system\View\View.php(246): include('E:\\OpenServer\\d...')
#3 E:\OpenServer\domains\ht.inoxmavang.com\vendor\codeigniter4\framework\system\Common.php(1119): CodeIgniter\View\View->render('frontend/homepa...', Array, true)
#4 E:\OpenServer\domains\ht.inoxmavang.com\app\Controllers\Frontend\Homepage\Home.php(28): view('frontend/homepa...', Array)
#5 E:\OpenServer\domains\ht.inoxmavang.com\vendor\codeigniter4\framework\system\CodeIgniter.php(918): App\Controllers\Frontend\Homepage\Home->index()
#6 E:\OpenServer\domains\ht.inoxmavang.com\vendor\codeigniter4\framework\system\CodeIgniter.php(404): CodeIgniter\CodeIgniter->runController(Object(App\Controllers\Frontend\Homepage\Home))
#7 E:\OpenServer\domains\ht.inoxmavang.com\vendor\codeigniter4\framework\system\CodeIgniter.php(312): CodeIgniter\CodeIgniter->handleRequest(NULL, Object(Config\Cache), false)
#8 E:\OpenServer\domains\ht.inoxmavang.com\index.php(48): CodeIgniter\CodeIgniter->run()
#9 {main}
CRITICAL - 2021-04-24 02:36:01 --> Undefined index: product-cateogory
#0 E:\OpenServer\domains\ht.inoxmavang.com\app\Views\frontend\homepage\home\index.php(25): CodeIgniter\Debug\Exceptions->errorHandler(8, 'Undefined index...', 'E:\\OpenServer\\d...', 25, Array)
#1 E:\OpenServer\domains\ht.inoxmavang.com\vendor\codeigniter4\framework\system\View\View.php(246): include('E:\\OpenServer\\d...')
#2 E:\OpenServer\domains\ht.inoxmavang.com\vendor\codeigniter4\framework\system\Common.php(1119): CodeIgniter\View\View->render('frontend/homepa...', Array, true)
#3 E:\OpenServer\domains\ht.inoxmavang.com\app\Views\frontend\homepage\layout\home.php(67): view('frontend/homepa...')
#4 E:\OpenServer\domains\ht.inoxmavang.com\vendor\codeigniter4\framework\system\View\View.php(246): include('E:\\OpenServer\\d...')
#5 E:\OpenServer\domains\ht.inoxmavang.com\vendor\codeigniter4\framework\system\Common.php(1119): CodeIgniter\View\View->render('frontend/homepa...', Array, true)
#6 E:\OpenServer\domains\ht.inoxmavang.com\app\Controllers\Frontend\Homepage\Home.php(28): view('frontend/homepa...', Array)
#7 E:\OpenServer\domains\ht.inoxmavang.com\vendor\codeigniter4\framework\system\CodeIgniter.php(918): App\Controllers\Frontend\Homepage\Home->index()
#8 E:\OpenServer\domains\ht.inoxmavang.com\vendor\codeigniter4\framework\system\CodeIgniter.php(404): CodeIgniter\CodeIgniter->runController(Object(App\Controllers\Frontend\Homepage\Home))
#9 E:\OpenServer\domains\ht.inoxmavang.com\vendor\codeigniter4\framework\system\CodeIgniter.php(312): CodeIgniter\CodeIgniter->handleRequest(NULL, Object(Config\Cache), false)
#10 E:\OpenServer\domains\ht.inoxmavang.com\index.php(48): CodeIgniter\CodeIgniter->run()
#11 {main}
CRITICAL - 2021-04-24 02:36:02 --> Undefined index: product-cateogory
#0 E:\OpenServer\domains\ht.inoxmavang.com\app\Views\frontend\homepage\home\index.php(25): CodeIgniter\Debug\Exceptions->errorHandler(8, 'Undefined index...', 'E:\\OpenServer\\d...', 25, Array)
#1 E:\OpenServer\domains\ht.inoxmavang.com\vendor\codeigniter4\framework\system\View\View.php(246): include('E:\\OpenServer\\d...')
#2 E:\OpenServer\domains\ht.inoxmavang.com\vendor\codeigniter4\framework\system\Common.php(1119): CodeIgniter\View\View->render('frontend/homepa...', Array, true)
#3 E:\OpenServer\domains\ht.inoxmavang.com\app\Views\frontend\homepage\layout\home.php(67): view('frontend/homepa...')
#4 E:\OpenServer\domains\ht.inoxmavang.com\vendor\codeigniter4\framework\system\View\View.php(246): include('E:\\OpenServer\\d...')
#5 E:\OpenServer\domains\ht.inoxmavang.com\vendor\codeigniter4\framework\system\Common.php(1119): CodeIgniter\View\View->render('frontend/homepa...', Array, true)
#6 E:\OpenServer\domains\ht.inoxmavang.com\app\Controllers\Frontend\Homepage\Home.php(28): view('frontend/homepa...', Array)
#7 E:\OpenServer\domains\ht.inoxmavang.com\vendor\codeigniter4\framework\system\CodeIgniter.php(918): App\Controllers\Frontend\Homepage\Home->index()
#8 E:\OpenServer\domains\ht.inoxmavang.com\vendor\codeigniter4\framework\system\CodeIgniter.php(404): CodeIgniter\CodeIgniter->runController(Object(App\Controllers\Frontend\Homepage\Home))
#9 E:\OpenServer\domains\ht.inoxmavang.com\vendor\codeigniter4\framework\system\CodeIgniter.php(312): CodeIgniter\CodeIgniter->handleRequest(NULL, Object(Config\Cache), false)
#10 E:\OpenServer\domains\ht.inoxmavang.com\index.php(48): CodeIgniter\CodeIgniter->run()
#11 {main}
