CRITICAL - 2021-07-01 04:32:55 --> unlink(/home/itvc/domains/ahpgroup.vn/public_html/writable/debugbar/debugbar_1625131351.json): No such file or directory
#0 [internal function]: CodeIgniter\Debug\Exceptions->errorHandler(2, 'unlink(/home/it...', '/home/itvc/doma...', 106, Array)
#1 /home/itvc/domains/ahpgroup.vn/public_html/vendor/codeigniter4/framework/system/Debug/Toolbar/Collectors/History.php(106): unlink('/home/itvc/doma...')
#2 /home/itvc/domains/ahpgroup.vn/public_html/vendor/codeigniter4/framework/system/Debug/Toolbar.php(483): CodeIgniter\Debug\Toolbar\Collectors\History->setFiles(1625131975, 20)
#3 /home/itvc/domains/ahpgroup.vn/public_html/vendor/codeigniter4/framework/system/Debug/Toolbar.php(455): CodeIgniter\Debug\Toolbar->format(Array, 'html')
#4 /home/itvc/domains/ahpgroup.vn/public_html/app/Config/Events.php(44): CodeIgniter\Debug\Toolbar->respond()
#5 [internal function]: CodeIgniter\Events\Events::Config\{closure}()
#6 /home/itvc/domains/ahpgroup.vn/public_html/vendor/codeigniter4/framework/system/Events/Events.php(188): call_user_func(Object(Closure))
#7 /home/itvc/domains/ahpgroup.vn/public_html/vendor/codeigniter4/framework/system/CodeIgniter.php(293): CodeIgniter\Events\Events::trigger('pre_system')
#8 /home/itvc/domains/ahpgroup.vn/public_html/index.php(48): CodeIgniter\CodeIgniter->run()
#9 {main}
CRITICAL - 2021-07-01 06:13:56 --> Undefined index: description
#0 /home/itvc/domains/ahpgroup.vn/public_html/app/Controllers/Frontend/Article/Article.php(49): CodeIgniter\Debug\Exceptions->errorHandler(8, 'Undefined index...', '/home/itvc/doma...', 49, Array)
#1 /home/itvc/domains/ahpgroup.vn/public_html/vendor/codeigniter4/framework/system/View/Cell.php(180): App\Controllers\Frontend\Article\Article->index(75, '1')
#2 /home/itvc/domains/ahpgroup.vn/public_html/vendor/codeigniter4/framework/system/Common.php(1140): CodeIgniter\View\Cell->render('\\App\\Controller...', 'id=75, page=1', 0, 'AppControllersF...')
#3 /home/itvc/domains/ahpgroup.vn/public_html/app/Controllers/Frontend/Homepage/Router.php(53): view_cell('\\App\\Controller...', 'id=75, page=1')
#4 /home/itvc/domains/ahpgroup.vn/public_html/vendor/codeigniter4/framework/system/CodeIgniter.php(918): App\Controllers\Frontend\Homepage\Router->index('profile-nang-lu...')
#5 /home/itvc/domains/ahpgroup.vn/public_html/vendor/codeigniter4/framework/system/CodeIgniter.php(404): CodeIgniter\CodeIgniter->runController(Object(App\Controllers\Frontend\Homepage\Router))
#6 /home/itvc/domains/ahpgroup.vn/public_html/vendor/codeigniter4/framework/system/CodeIgniter.php(312): CodeIgniter\CodeIgniter->handleRequest(NULL, Object(Config\Cache), false)
#7 /home/itvc/domains/ahpgroup.vn/public_html/index.php(48): CodeIgniter\CodeIgniter->run()
#8 {main}
