CRITICAL - 2021-06-16 02:11:14 --> Operand should contain 1 column(s)
#0 /home/itvc/domains/itvc.codechuanseo.com/public_html/vendor/codeigniter4/framework/system/Database/MySQLi/Connection.php(331): mysqli->query('UPDATE `product...')
#1 /home/itvc/domains/itvc.codechuanseo.com/public_html/vendor/codeigniter4/framework/system/Database/BaseConnection.php(741): CodeIgniter\Database\MySQLi\Connection->execute('UPDATE `product...')
#2 /home/itvc/domains/itvc.codechuanseo.com/public_html/vendor/codeigniter4/framework/system/Database/BaseConnection.php(669): CodeIgniter\Database\BaseConnection->simpleQuery('UPDATE `product...')
#3 /home/itvc/domains/itvc.codechuanseo.com/public_html/vendor/codeigniter4/framework/system/Database/BaseBuilder.php(2456): CodeIgniter\Database\BaseConnection->query('UPDATE `product...', Array, false)
#4 /home/itvc/domains/itvc.codechuanseo.com/public_html/app/Models/AutoloadModel.php(105): CodeIgniter\Database\BaseBuilder->update(Array)
#5 /home/itvc/domains/itvc.codechuanseo.com/public_html/app/Controllers/Frontend/Product/Product.php(334): App\Models\AutoloadModel->_update(Array)
#6 /home/itvc/domains/itvc.codechuanseo.com/public_html/app/Controllers/Frontend/Product/Product.php(140): App\Controllers\Frontend\Product\Product->set_cookie(Array, Array)
#7 /home/itvc/domains/itvc.codechuanseo.com/public_html/vendor/codeigniter4/framework/system/View/Cell.php(180): App\Controllers\Frontend\Product\Product->index(Array, '1')
#8 /home/itvc/domains/itvc.codechuanseo.com/public_html/vendor/codeigniter4/framework/system/Common.php(1140): CodeIgniter\View\Cell->render('\\App\\Controller...', 'id=10, page=1', 0, 'AppControllersF...')
#9 /home/itvc/domains/itvc.codechuanseo.com/public_html/app/Controllers/Frontend/Homepage/Router.php(53): view_cell('\\App\\Controller...', 'id=10, page=1')
#10 /home/itvc/domains/itvc.codechuanseo.com/public_html/vendor/codeigniter4/framework/system/CodeIgniter.php(918): App\Controllers\Frontend\Homepage\Router->index('mieng-dan-dien-...')
#11 /home/itvc/domains/itvc.codechuanseo.com/public_html/vendor/codeigniter4/framework/system/CodeIgniter.php(404): CodeIgniter\CodeIgniter->runController(Object(App\Controllers\Frontend\Homepage\Router))
#12 /home/itvc/domains/itvc.codechuanseo.com/public_html/vendor/codeigniter4/framework/system/CodeIgniter.php(312): CodeIgniter\CodeIgniter->handleRequest(NULL, Object(Config\Cache), false)
#13 /home/itvc/domains/itvc.codechuanseo.com/public_html/index.php(48): CodeIgniter\CodeIgniter->run()
#14 {main}
CRITICAL - 2021-06-16 02:37:50 --> unlink(/home/itvc/domains/itvc.codechuanseo.com/public_html/writable/debugbar/debugbar_1623828916.json): No such file or directory
#0 [internal function]: CodeIgniter\Debug\Exceptions->errorHandler(2, 'unlink(/home/it...', '/home/itvc/doma...', 106, Array)
#1 /home/itvc/domains/itvc.codechuanseo.com/public_html/vendor/codeigniter4/framework/system/Debug/Toolbar/Collectors/History.php(106): unlink('/home/itvc/doma...')
#2 /home/itvc/domains/itvc.codechuanseo.com/public_html/vendor/codeigniter4/framework/system/Debug/Toolbar.php(483): CodeIgniter\Debug\Toolbar\Collectors\History->setFiles(1623829069, 20)
#3 /home/itvc/domains/itvc.codechuanseo.com/public_html/vendor/codeigniter4/framework/system/Debug/Toolbar.php(455): CodeIgniter\Debug\Toolbar->format(Array, 'html')
#4 /home/itvc/domains/itvc.codechuanseo.com/public_html/app/Config/Events.php(44): CodeIgniter\Debug\Toolbar->respond()
#5 [internal function]: CodeIgniter\Events\Events::Config\{closure}()
#6 /home/itvc/domains/itvc.codechuanseo.com/public_html/vendor/codeigniter4/framework/system/Events/Events.php(188): call_user_func(Object(Closure))
#7 /home/itvc/domains/itvc.codechuanseo.com/public_html/vendor/codeigniter4/framework/system/CodeIgniter.php(293): CodeIgniter\Events\Events::trigger('pre_system')
#8 /home/itvc/domains/itvc.codechuanseo.com/public_html/index.php(48): CodeIgniter\CodeIgniter->run()
#9 {main}
CRITICAL - 2021-06-16 02:38:01 --> unlink(/home/itvc/domains/itvc.codechuanseo.com/public_html/writable/debugbar/debugbar_1623828933.json): No such file or directory
#0 [internal function]: CodeIgniter\Debug\Exceptions->errorHandler(2, 'unlink(/home/it...', '/home/itvc/doma...', 106, Array)
#1 /home/itvc/domains/itvc.codechuanseo.com/public_html/vendor/codeigniter4/framework/system/Debug/Toolbar/Collectors/History.php(106): unlink('/home/itvc/doma...')
#2 /home/itvc/domains/itvc.codechuanseo.com/public_html/vendor/codeigniter4/framework/system/Debug/Toolbar.php(483): CodeIgniter\Debug\Toolbar\Collectors\History->setFiles(1623829080, 20)
#3 /home/itvc/domains/itvc.codechuanseo.com/public_html/vendor/codeigniter4/framework/system/Debug/Toolbar.php(455): CodeIgniter\Debug\Toolbar->format(Array, 'html')
#4 /home/itvc/domains/itvc.codechuanseo.com/public_html/app/Config/Events.php(44): CodeIgniter\Debug\Toolbar->respond()
#5 [internal function]: CodeIgniter\Events\Events::Config\{closure}()
#6 /home/itvc/domains/itvc.codechuanseo.com/public_html/vendor/codeigniter4/framework/system/Events/Events.php(188): call_user_func(Object(Closure))
#7 /home/itvc/domains/itvc.codechuanseo.com/public_html/vendor/codeigniter4/framework/system/CodeIgniter.php(293): CodeIgniter\Events\Events::trigger('pre_system')
#8 /home/itvc/domains/itvc.codechuanseo.com/public_html/index.php(48): CodeIgniter\CodeIgniter->run()
#9 {main}
CRITICAL - 2021-06-16 02:39:28 --> unlink(/home/itvc/domains/itvc.codechuanseo.com/public_html/writable/debugbar/debugbar_1623829094.json): No such file or directory
#0 [internal function]: CodeIgniter\Debug\Exceptions->errorHandler(2, 'unlink(/home/it...', '/home/itvc/doma...', 106, Array)
#1 /home/itvc/domains/itvc.codechuanseo.com/public_html/vendor/codeigniter4/framework/system/Debug/Toolbar/Collectors/History.php(106): unlink('/home/itvc/doma...')
#2 /home/itvc/domains/itvc.codechuanseo.com/public_html/vendor/codeigniter4/framework/system/Debug/Toolbar.php(483): CodeIgniter\Debug\Toolbar\Collectors\History->setFiles(1623829167, 20)
#3 /home/itvc/domains/itvc.codechuanseo.com/public_html/vendor/codeigniter4/framework/system/Debug/Toolbar.php(455): CodeIgniter\Debug\Toolbar->format(Array, 'html')
#4 /home/itvc/domains/itvc.codechuanseo.com/public_html/app/Config/Events.php(44): CodeIgniter\Debug\Toolbar->respond()
#5 [internal function]: CodeIgniter\Events\Events::Config\{closure}()
#6 /home/itvc/domains/itvc.codechuanseo.com/public_html/vendor/codeigniter4/framework/system/Events/Events.php(188): call_user_func(Object(Closure))
#7 /home/itvc/domains/itvc.codechuanseo.com/public_html/vendor/codeigniter4/framework/system/CodeIgniter.php(293): CodeIgniter\Events\Events::trigger('pre_system')
#8 /home/itvc/domains/itvc.codechuanseo.com/public_html/index.php(48): CodeIgniter\CodeIgniter->run()
#9 {main}
CRITICAL - 2021-06-16 21:40:00 --> unlink(/home/itvc/domains/itvc.codechuanseo.com/public_html/writable/debugbar/debugbar_1623897258.json): No such file or directory
#0 [internal function]: CodeIgniter\Debug\Exceptions->errorHandler(2, 'unlink(/home/it...', '/home/itvc/doma...', 106, Array)
#1 /home/itvc/domains/itvc.codechuanseo.com/public_html/vendor/codeigniter4/framework/system/Debug/Toolbar/Collectors/History.php(106): unlink('/home/itvc/doma...')
#2 /home/itvc/domains/itvc.codechuanseo.com/public_html/vendor/codeigniter4/framework/system/Debug/Toolbar.php(483): CodeIgniter\Debug\Toolbar\Collectors\History->setFiles(1623897599, 20)
#3 /home/itvc/domains/itvc.codechuanseo.com/public_html/vendor/codeigniter4/framework/system/Debug/Toolbar.php(455): CodeIgniter\Debug\Toolbar->format(Array, 'html')
#4 /home/itvc/domains/itvc.codechuanseo.com/public_html/app/Config/Events.php(44): CodeIgniter\Debug\Toolbar->respond()
#5 [internal function]: CodeIgniter\Events\Events::Config\{closure}()
#6 /home/itvc/domains/itvc.codechuanseo.com/public_html/vendor/codeigniter4/framework/system/Events/Events.php(188): call_user_func(Object(Closure))
#7 /home/itvc/domains/itvc.codechuanseo.com/public_html/vendor/codeigniter4/framework/system/CodeIgniter.php(293): CodeIgniter\Events\Events::trigger('pre_system')
#8 /home/itvc/domains/itvc.codechuanseo.com/public_html/index.php(48): CodeIgniter\CodeIgniter->run()
#9 {main}
CRITICAL - 2021-06-16 22:51:23 --> unlink(/home/itvc/domains/itvc.codechuanseo.com/public_html/writable/debugbar/debugbar_1623901789.json): No such file or directory
#0 [internal function]: CodeIgniter\Debug\Exceptions->errorHandler(2, 'unlink(/home/it...', '/home/itvc/doma...', 106, Array)
#1 /home/itvc/domains/itvc.codechuanseo.com/public_html/vendor/codeigniter4/framework/system/Debug/Toolbar/Collectors/History.php(106): unlink('/home/itvc/doma...')
#2 /home/itvc/domains/itvc.codechuanseo.com/public_html/vendor/codeigniter4/framework/system/Debug/Toolbar.php(483): CodeIgniter\Debug\Toolbar\Collectors\History->setFiles(1623901883, 20)
#3 /home/itvc/domains/itvc.codechuanseo.com/public_html/vendor/codeigniter4/framework/system/Debug/Toolbar.php(455): CodeIgniter\Debug\Toolbar->format(Array, 'html')
#4 /home/itvc/domains/itvc.codechuanseo.com/public_html/app/Config/Events.php(44): CodeIgniter\Debug\Toolbar->respond()
#5 [internal function]: CodeIgniter\Events\Events::Config\{closure}()
#6 /home/itvc/domains/itvc.codechuanseo.com/public_html/vendor/codeigniter4/framework/system/Events/Events.php(188): call_user_func(Object(Closure))
#7 /home/itvc/domains/itvc.codechuanseo.com/public_html/vendor/codeigniter4/framework/system/CodeIgniter.php(293): CodeIgniter\Events\Events::trigger('pre_system')
#8 /home/itvc/domains/itvc.codechuanseo.com/public_html/index.php(48): CodeIgniter\CodeIgniter->run()
#9 {main}
CRITICAL - 2021-06-16 23:48:16 --> unlink(/home/itvc/domains/itvc.codechuanseo.com/public_html/writable/debugbar/debugbar_1623905058.json): No such file or directory
#0 [internal function]: CodeIgniter\Debug\Exceptions->errorHandler(2, 'unlink(/home/it...', '/home/itvc/doma...', 106, Array)
#1 /home/itvc/domains/itvc.codechuanseo.com/public_html/vendor/codeigniter4/framework/system/Debug/Toolbar/Collectors/History.php(106): unlink('/home/itvc/doma...')
#2 /home/itvc/domains/itvc.codechuanseo.com/public_html/vendor/codeigniter4/framework/system/Debug/Toolbar.php(483): CodeIgniter\Debug\Toolbar\Collectors\History->setFiles(1623905295, 20)
#3 /home/itvc/domains/itvc.codechuanseo.com/public_html/vendor/codeigniter4/framework/system/Debug/Toolbar.php(455): CodeIgniter\Debug\Toolbar->format(Array, 'html')
#4 /home/itvc/domains/itvc.codechuanseo.com/public_html/app/Config/Events.php(44): CodeIgniter\Debug\Toolbar->respond()
#5 [internal function]: CodeIgniter\Events\Events::Config\{closure}()
#6 /home/itvc/domains/itvc.codechuanseo.com/public_html/vendor/codeigniter4/framework/system/Events/Events.php(188): call_user_func(Object(Closure))
#7 /home/itvc/domains/itvc.codechuanseo.com/public_html/vendor/codeigniter4/framework/system/CodeIgniter.php(293): CodeIgniter\Events\Events::trigger('pre_system')
#8 /home/itvc/domains/itvc.codechuanseo.com/public_html/index.php(48): CodeIgniter\CodeIgniter->run()
#9 {main}
