CRITICAL - 2022-01-12 02:48:59 --> Call to undefined function ocunt()
#0 /home/decor/domains/decor.codechuanseo.com/public_html/vendor/codeigniter4/framework/system/View/View.php(246): include()
#1 /home/decor/domains/decor.codechuanseo.com/public_html/vendor/codeigniter4/framework/system/Common.php(1119): CodeIgniter\View\View->render('frontend/media/...', Array, true)
#2 /home/decor/domains/decor.codechuanseo.com/public_html/app/Views/frontend/homepage/layout/home.php(72): view('frontend/media/...')
#3 /home/decor/domains/decor.codechuanseo.com/public_html/vendor/codeigniter4/framework/system/View/View.php(246): include('/home/decor/dom...')
#4 /home/decor/domains/decor.codechuanseo.com/public_html/vendor/codeigniter4/framework/system/Common.php(1119): CodeIgniter\View\View->render('frontend/homepa...', Array, true)
#5 /home/decor/domains/decor.codechuanseo.com/public_html/app/Controllers/Frontend/Media/Media.php(178): view('frontend/homepa...', Array)
#6 /home/decor/domains/decor.codechuanseo.com/public_html/vendor/codeigniter4/framework/system/View/Cell.php(180): App\Controllers\Frontend\Media\Media->index(38, '1')
#7 /home/decor/domains/decor.codechuanseo.com/public_html/vendor/codeigniter4/framework/system/Common.php(1140): CodeIgniter\View\Cell->render('\\App\\Controller...', 'id=38, page=1', 0, 'AppControllersF...')
#8 /home/decor/domains/decor.codechuanseo.com/public_html/app/Controllers/Frontend/Homepage/Router.php(59): view_cell('\\App\\Controller...', 'id=38, page=1')
#9 /home/decor/domains/decor.codechuanseo.com/public_html/vendor/codeigniter4/framework/system/CodeIgniter.php(918): App\Controllers\Frontend\Homepage\Router->index('du-an-bcons-gre...')
#10 /home/decor/domains/decor.codechuanseo.com/public_html/vendor/codeigniter4/framework/system/CodeIgniter.php(404): CodeIgniter\CodeIgniter->runController(Object(App\Controllers\Frontend\Homepage\Router))
#11 /home/decor/domains/decor.codechuanseo.com/public_html/vendor/codeigniter4/framework/system/CodeIgniter.php(312): CodeIgniter\CodeIgniter->handleRequest(NULL, Object(Config\Cache), false)
#12 /home/decor/domains/decor.codechuanseo.com/public_html/index.php(48): CodeIgniter\CodeIgniter->run()
#13 {main}
CRITICAL - 2022-01-12 02:49:03 --> Call to undefined function ocunt()
#0 /home/decor/domains/decor.codechuanseo.com/public_html/vendor/codeigniter4/framework/system/View/View.php(246): include()
#1 /home/decor/domains/decor.codechuanseo.com/public_html/vendor/codeigniter4/framework/system/Common.php(1119): CodeIgniter\View\View->render('frontend/media/...', Array, true)
#2 /home/decor/domains/decor.codechuanseo.com/public_html/app/Views/frontend/homepage/layout/home.php(72): view('frontend/media/...')
#3 /home/decor/domains/decor.codechuanseo.com/public_html/vendor/codeigniter4/framework/system/View/View.php(246): include('/home/decor/dom...')
#4 /home/decor/domains/decor.codechuanseo.com/public_html/vendor/codeigniter4/framework/system/Common.php(1119): CodeIgniter\View\View->render('frontend/homepa...', Array, true)
#5 /home/decor/domains/decor.codechuanseo.com/public_html/app/Controllers/Frontend/Media/Media.php(178): view('frontend/homepa...', Array)
#6 /home/decor/domains/decor.codechuanseo.com/public_html/vendor/codeigniter4/framework/system/View/Cell.php(180): App\Controllers\Frontend\Media\Media->index(38, '1')
#7 /home/decor/domains/decor.codechuanseo.com/public_html/vendor/codeigniter4/framework/system/Common.php(1140): CodeIgniter\View\Cell->render('\\App\\Controller...', 'id=38, page=1', 0, 'AppControllersF...')
#8 /home/decor/domains/decor.codechuanseo.com/public_html/app/Controllers/Frontend/Homepage/Router.php(59): view_cell('\\App\\Controller...', 'id=38, page=1')
#9 /home/decor/domains/decor.codechuanseo.com/public_html/vendor/codeigniter4/framework/system/CodeIgniter.php(918): App\Controllers\Frontend\Homepage\Router->index('du-an-bcons-gre...')
#10 /home/decor/domains/decor.codechuanseo.com/public_html/vendor/codeigniter4/framework/system/CodeIgniter.php(404): CodeIgniter\CodeIgniter->runController(Object(App\Controllers\Frontend\Homepage\Router))
#11 /home/decor/domains/decor.codechuanseo.com/public_html/vendor/codeigniter4/framework/system/CodeIgniter.php(312): CodeIgniter\CodeIgniter->handleRequest(NULL, Object(Config\Cache), false)
#12 /home/decor/domains/decor.codechuanseo.com/public_html/index.php(48): CodeIgniter\CodeIgniter->run()
#13 {main}
CRITICAL - 2022-01-12 03:15:13 --> Invalid file: .php
#0 /home/decor/domains/decor.codechuanseo.com/public_html/vendor/codeigniter4/framework/system/View/View.php(228): CodeIgniter\Exceptions\FrameworkException::forInvalidFile('.php')
#1 /home/decor/domains/decor.codechuanseo.com/public_html/vendor/codeigniter4/framework/system/Common.php(1119): CodeIgniter\View\View->render('', Array, true)
#2 /home/decor/domains/decor.codechuanseo.com/public_html/app/Views/frontend/homepage/layout/home.php(72): view('')
#3 /home/decor/domains/decor.codechuanseo.com/public_html/vendor/codeigniter4/framework/system/View/View.php(246): include('/home/decor/dom...')
#4 /home/decor/domains/decor.codechuanseo.com/public_html/vendor/codeigniter4/framework/system/Common.php(1119): CodeIgniter\View\View->render('frontend/homepa...', Array, true)
#5 /home/decor/domains/decor.codechuanseo.com/public_html/app/Controllers/Frontend/Article/Catalogue.php(161): view('frontend/homepa...', Array)
#6 /home/decor/domains/decor.codechuanseo.com/public_html/vendor/codeigniter4/framework/system/View/Cell.php(180): App\Controllers\Frontend\Article\Catalogue->index(15, 0)
#7 /home/decor/domains/decor.codechuanseo.com/public_html/vendor/codeigniter4/framework/system/Common.php(1140): CodeIgniter\View\Cell->render('\\App\\Controller...', 'id=15, page=1', 0, 'AppControllersF...')
#8 /home/decor/domains/decor.codechuanseo.com/public_html/app/Controllers/Frontend/Homepage/Router.php(59): view_cell('\\App\\Controller...', 'id=15, page=1')
#9 /home/decor/domains/decor.codechuanseo.com/public_html/vendor/codeigniter4/framework/system/CodeIgniter.php(918): App\Controllers\Frontend\Homepage\Router->index('recruitment')
#10 /home/decor/domains/decor.codechuanseo.com/public_html/vendor/codeigniter4/framework/system/CodeIgniter.php(404): CodeIgniter\CodeIgniter->runController(Object(App\Controllers\Frontend\Homepage\Router))
#11 /home/decor/domains/decor.codechuanseo.com/public_html/vendor/codeigniter4/framework/system/CodeIgniter.php(312): CodeIgniter\CodeIgniter->handleRequest(NULL, Object(Config\Cache), false)
#12 /home/decor/domains/decor.codechuanseo.com/public_html/index.php(48): CodeIgniter\CodeIgniter->run()
#13 {main}
CRITICAL - 2022-01-12 03:15:22 --> Invalid file: .php
#0 /home/decor/domains/decor.codechuanseo.com/public_html/vendor/codeigniter4/framework/system/View/View.php(228): CodeIgniter\Exceptions\FrameworkException::forInvalidFile('.php')
#1 /home/decor/domains/decor.codechuanseo.com/public_html/vendor/codeigniter4/framework/system/Common.php(1119): CodeIgniter\View\View->render('', Array, true)
#2 /home/decor/domains/decor.codechuanseo.com/public_html/app/Views/frontend/homepage/layout/home.php(72): view('')
#3 /home/decor/domains/decor.codechuanseo.com/public_html/vendor/codeigniter4/framework/system/View/View.php(246): include('/home/decor/dom...')
#4 /home/decor/domains/decor.codechuanseo.com/public_html/vendor/codeigniter4/framework/system/Common.php(1119): CodeIgniter\View\View->render('frontend/homepa...', Array, true)
#5 /home/decor/domains/decor.codechuanseo.com/public_html/app/Controllers/Frontend/Article/Catalogue.php(161): view('frontend/homepa...', Array)
#6 /home/decor/domains/decor.codechuanseo.com/public_html/vendor/codeigniter4/framework/system/View/Cell.php(180): App\Controllers\Frontend\Article\Catalogue->index(16, 0)
#7 /home/decor/domains/decor.codechuanseo.com/public_html/vendor/codeigniter4/framework/system/Common.php(1140): CodeIgniter\View\Cell->render('\\App\\Controller...', 'id=16, page=1', 0, 'AppControllersF...')
#8 /home/decor/domains/decor.codechuanseo.com/public_html/app/Controllers/Frontend/Homepage/Router.php(59): view_cell('\\App\\Controller...', 'id=16, page=1')
#9 /home/decor/domains/decor.codechuanseo.com/public_html/vendor/codeigniter4/framework/system/CodeIgniter.php(918): App\Controllers\Frontend\Homepage\Router->index('news')
#10 /home/decor/domains/decor.codechuanseo.com/public_html/vendor/codeigniter4/framework/system/CodeIgniter.php(404): CodeIgniter\CodeIgniter->runController(Object(App\Controllers\Frontend\Homepage\Router))
#11 /home/decor/domains/decor.codechuanseo.com/public_html/vendor/codeigniter4/framework/system/CodeIgniter.php(312): CodeIgniter\CodeIgniter->handleRequest(NULL, Object(Config\Cache), false)
#12 /home/decor/domains/decor.codechuanseo.com/public_html/index.php(48): CodeIgniter\CodeIgniter->run()
#13 {main}
CRITICAL - 2022-01-12 03:15:27 --> Invalid file: .php
#0 /home/decor/domains/decor.codechuanseo.com/public_html/vendor/codeigniter4/framework/system/View/View.php(228): CodeIgniter\Exceptions\FrameworkException::forInvalidFile('.php')
#1 /home/decor/domains/decor.codechuanseo.com/public_html/vendor/codeigniter4/framework/system/Common.php(1119): CodeIgniter\View\View->render('', Array, true)
#2 /home/decor/domains/decor.codechuanseo.com/public_html/app/Views/frontend/homepage/layout/home.php(72): view('')
#3 /home/decor/domains/decor.codechuanseo.com/public_html/vendor/codeigniter4/framework/system/View/View.php(246): include('/home/decor/dom...')
#4 /home/decor/domains/decor.codechuanseo.com/public_html/vendor/codeigniter4/framework/system/Common.php(1119): CodeIgniter\View\View->render('frontend/homepa...', Array, true)
#5 /home/decor/domains/decor.codechuanseo.com/public_html/app/Controllers/Frontend/Article/Catalogue.php(161): view('frontend/homepa...', Array)
#6 /home/decor/domains/decor.codechuanseo.com/public_html/vendor/codeigniter4/framework/system/View/Cell.php(180): App\Controllers\Frontend\Article\Catalogue->index(18, 0)
#7 /home/decor/domains/decor.codechuanseo.com/public_html/vendor/codeigniter4/framework/system/Common.php(1140): CodeIgniter\View\Cell->render('\\App\\Controller...', 'id=18, page=1', 0, 'AppControllersF...')
#8 /home/decor/domains/decor.codechuanseo.com/public_html/app/Controllers/Frontend/Homepage/Router.php(59): view_cell('\\App\\Controller...', 'id=18, page=1')
#9 /home/decor/domains/decor.codechuanseo.com/public_html/vendor/codeigniter4/framework/system/CodeIgniter.php(918): App\Controllers\Frontend\Homepage\Router->index('introduce')
#10 /home/decor/domains/decor.codechuanseo.com/public_html/vendor/codeigniter4/framework/system/CodeIgniter.php(404): CodeIgniter\CodeIgniter->runController(Object(App\Controllers\Frontend\Homepage\Router))
#11 /home/decor/domains/decor.codechuanseo.com/public_html/vendor/codeigniter4/framework/system/CodeIgniter.php(312): CodeIgniter\CodeIgniter->handleRequest(NULL, Object(Config\Cache), false)
#12 /home/decor/domains/decor.codechuanseo.com/public_html/index.php(48): CodeIgniter\CodeIgniter->run()
#13 {main}
CRITICAL - 2022-01-12 03:15:35 --> Invalid file: .php
#0 /home/decor/domains/decor.codechuanseo.com/public_html/vendor/codeigniter4/framework/system/View/View.php(228): CodeIgniter\Exceptions\FrameworkException::forInvalidFile('.php')
#1 /home/decor/domains/decor.codechuanseo.com/public_html/vendor/codeigniter4/framework/system/Common.php(1119): CodeIgniter\View\View->render('', Array, true)
#2 /home/decor/domains/decor.codechuanseo.com/public_html/app/Views/frontend/homepage/layout/home.php(72): view('')
#3 /home/decor/domains/decor.codechuanseo.com/public_html/vendor/codeigniter4/framework/system/View/View.php(246): include('/home/decor/dom...')
#4 /home/decor/domains/decor.codechuanseo.com/public_html/vendor/codeigniter4/framework/system/Common.php(1119): CodeIgniter\View\View->render('frontend/homepa...', Array, true)
#5 /home/decor/domains/decor.codechuanseo.com/public_html/app/Controllers/Frontend/Article/Catalogue.php(161): view('frontend/homepa...', Array)
#6 /home/decor/domains/decor.codechuanseo.com/public_html/vendor/codeigniter4/framework/system/View/Cell.php(180): App\Controllers\Frontend\Article\Catalogue->index(18, 0)
#7 /home/decor/domains/decor.codechuanseo.com/public_html/vendor/codeigniter4/framework/system/Common.php(1140): CodeIgniter\View\Cell->render('\\App\\Controller...', 'id=18, page=1', 0, 'AppControllersF...')
#8 /home/decor/domains/decor.codechuanseo.com/public_html/app/Controllers/Frontend/Homepage/Router.php(59): view_cell('\\App\\Controller...', 'id=18, page=1')
#9 /home/decor/domains/decor.codechuanseo.com/public_html/vendor/codeigniter4/framework/system/CodeIgniter.php(918): App\Controllers\Frontend\Homepage\Router->index('introduce')
#10 /home/decor/domains/decor.codechuanseo.com/public_html/vendor/codeigniter4/framework/system/CodeIgniter.php(404): CodeIgniter\CodeIgniter->runController(Object(App\Controllers\Frontend\Homepage\Router))
#11 /home/decor/domains/decor.codechuanseo.com/public_html/vendor/codeigniter4/framework/system/CodeIgniter.php(312): CodeIgniter\CodeIgniter->handleRequest(NULL, Object(Config\Cache), false)
#12 /home/decor/domains/decor.codechuanseo.com/public_html/index.php(48): CodeIgniter\CodeIgniter->run()
#13 {main}
