CRITICAL - 2022-08-19 21:15:18 --> Undefined variable: panel
#0 G:\DoAnTotNghiep\OpenServer\domains\landing.com\app\Views\frontend\homepage\home\index.php(49): CodeIgniter\Debug\Exceptions->errorHandler(8, 'Undefined varia...', 'G:\\DoAnTotNghie...', 49, Array)
#1 G:\DoAnTotNghiep\OpenServer\domains\landing.com\vendor\codeigniter4\framework\system\View\View.php(246): include('G:\\DoAnTotNghie...')
#2 G:\DoAnTotNghiep\OpenServer\domains\landing.com\vendor\codeigniter4\framework\system\Common.php(1119): CodeIgniter\View\View->render('frontend/homepa...', Array, true)
#3 G:\DoAnTotNghiep\OpenServer\domains\landing.com\app\Views\frontend\homepage\layout\home.php(77): view('frontend/homepa...')
#4 G:\DoAnTotNghiep\OpenServer\domains\landing.com\vendor\codeigniter4\framework\system\View\View.php(246): include('G:\\DoAnTotNghie...')
#5 G:\DoAnTotNghiep\OpenServer\domains\landing.com\vendor\codeigniter4\framework\system\Common.php(1119): CodeIgniter\View\View->render('frontend/homepa...', Array, true)
#6 G:\DoAnTotNghiep\OpenServer\domains\landing.com\app\Controllers\Frontend\Homepage\Home.php(70): view('frontend/homepa...', Array)
#7 G:\DoAnTotNghiep\OpenServer\domains\landing.com\vendor\codeigniter4\framework\system\CodeIgniter.php(918): App\Controllers\Frontend\Homepage\Home->index()
#8 G:\DoAnTotNghiep\OpenServer\domains\landing.com\vendor\codeigniter4\framework\system\CodeIgniter.php(404): CodeIgniter\CodeIgniter->runController(Object(App\Controllers\Frontend\Homepage\Home))
#9 G:\DoAnTotNghiep\OpenServer\domains\landing.com\vendor\codeigniter4\framework\system\CodeIgniter.php(312): CodeIgniter\CodeIgniter->handleRequest(NULL, Object(Config\Cache), false)
#10 G:\DoAnTotNghiep\OpenServer\domains\landing.com\index.php(47): CodeIgniter\CodeIgniter->run()
#11 {main}
CRITICAL - 2022-08-19 21:18:16 --> Undefined variable: panel
#0 G:\DoAnTotNghiep\OpenServer\domains\landing.com\app\Views\frontend\homepage\home\index.php(59): CodeIgniter\Debug\Exceptions->errorHandler(8, 'Undefined varia...', 'G:\\DoAnTotNghie...', 59, Array)
#1 G:\DoAnTotNghiep\OpenServer\domains\landing.com\vendor\codeigniter4\framework\system\View\View.php(246): include('G:\\DoAnTotNghie...')
#2 G:\DoAnTotNghiep\OpenServer\domains\landing.com\vendor\codeigniter4\framework\system\Common.php(1119): CodeIgniter\View\View->render('frontend/homepa...', Array, true)
#3 G:\DoAnTotNghiep\OpenServer\domains\landing.com\app\Views\frontend\homepage\layout\home.php(77): view('frontend/homepa...')
#4 G:\DoAnTotNghiep\OpenServer\domains\landing.com\vendor\codeigniter4\framework\system\View\View.php(246): include('G:\\DoAnTotNghie...')
#5 G:\DoAnTotNghiep\OpenServer\domains\landing.com\vendor\codeigniter4\framework\system\Common.php(1119): CodeIgniter\View\View->render('frontend/homepa...', Array, true)
#6 G:\DoAnTotNghiep\OpenServer\domains\landing.com\app\Controllers\Frontend\Homepage\Home.php(70): view('frontend/homepa...', Array)
#7 G:\DoAnTotNghiep\OpenServer\domains\landing.com\vendor\codeigniter4\framework\system\CodeIgniter.php(918): App\Controllers\Frontend\Homepage\Home->index()
#8 G:\DoAnTotNghiep\OpenServer\domains\landing.com\vendor\codeigniter4\framework\system\CodeIgniter.php(404): CodeIgniter\CodeIgniter->runController(Object(App\Controllers\Frontend\Homepage\Home))
#9 G:\DoAnTotNghiep\OpenServer\domains\landing.com\vendor\codeigniter4\framework\system\CodeIgniter.php(312): CodeIgniter\CodeIgniter->handleRequest(NULL, Object(Config\Cache), false)
#10 G:\DoAnTotNghiep\OpenServer\domains\landing.com\index.php(47): CodeIgniter\CodeIgniter->run()
#11 {main}
CRITICAL - 2022-08-19 21:33:48 --> Undefined variable: array
#0 G:\DoAnTotNghiep\OpenServer\domains\landing.com\app\Views\frontend\homepage\home\index.php(181): CodeIgniter\Debug\Exceptions->errorHandler(8, 'Undefined varia...', 'G:\\DoAnTotNghie...', 181, Array)
#1 G:\DoAnTotNghiep\OpenServer\domains\landing.com\vendor\codeigniter4\framework\system\View\View.php(246): include('G:\\DoAnTotNghie...')
#2 G:\DoAnTotNghiep\OpenServer\domains\landing.com\vendor\codeigniter4\framework\system\Common.php(1119): CodeIgniter\View\View->render('frontend/homepa...', Array, true)
#3 G:\DoAnTotNghiep\OpenServer\domains\landing.com\app\Views\frontend\homepage\layout\home.php(77): view('frontend/homepa...')
#4 G:\DoAnTotNghiep\OpenServer\domains\landing.com\vendor\codeigniter4\framework\system\View\View.php(246): include('G:\\DoAnTotNghie...')
#5 G:\DoAnTotNghiep\OpenServer\domains\landing.com\vendor\codeigniter4\framework\system\Common.php(1119): CodeIgniter\View\View->render('frontend/homepa...', Array, true)
#6 G:\DoAnTotNghiep\OpenServer\domains\landing.com\app\Controllers\Frontend\Homepage\Home.php(70): view('frontend/homepa...', Array)
#7 G:\DoAnTotNghiep\OpenServer\domains\landing.com\vendor\codeigniter4\framework\system\CodeIgniter.php(918): App\Controllers\Frontend\Homepage\Home->index()
#8 G:\DoAnTotNghiep\OpenServer\domains\landing.com\vendor\codeigniter4\framework\system\CodeIgniter.php(404): CodeIgniter\CodeIgniter->runController(Object(App\Controllers\Frontend\Homepage\Home))
#9 G:\DoAnTotNghiep\OpenServer\domains\landing.com\vendor\codeigniter4\framework\system\CodeIgniter.php(312): CodeIgniter\CodeIgniter->handleRequest(NULL, Object(Config\Cache), false)
#10 G:\DoAnTotNghiep\OpenServer\domains\landing.com\index.php(47): CodeIgniter\CodeIgniter->run()
#11 {main}
CRITICAL - 2022-08-19 21:46:14 --> Undefined variable: productCatalogueList
#0 G:\DoAnTotNghiep\OpenServer\domains\landing.com\app\Controllers\Frontend\Homepage\Home.php(68): CodeIgniter\Debug\Exceptions->errorHandler(8, 'Undefined varia...', 'G:\\DoAnTotNghie...', 68, Array)
#1 G:\DoAnTotNghiep\OpenServer\domains\landing.com\vendor\codeigniter4\framework\system\CodeIgniter.php(918): App\Controllers\Frontend\Homepage\Home->index()
#2 G:\DoAnTotNghiep\OpenServer\domains\landing.com\vendor\codeigniter4\framework\system\CodeIgniter.php(404): CodeIgniter\CodeIgniter->runController(Object(App\Controllers\Frontend\Homepage\Home))
#3 G:\DoAnTotNghiep\OpenServer\domains\landing.com\vendor\codeigniter4\framework\system\CodeIgniter.php(312): CodeIgniter\CodeIgniter->handleRequest(NULL, Object(Config\Cache), false)
#4 G:\DoAnTotNghiep\OpenServer\domains\landing.com\index.php(47): CodeIgniter\CodeIgniter->run()
#5 {main}
CRITICAL - 2022-08-19 21:46:26 --> syntax error, unexpected ')', expecting ']'
#0 G:\DoAnTotNghiep\OpenServer\domains\landing.com\vendor\codeigniter4\framework\system\Common.php(1119): CodeIgniter\View\View->render('frontend/homepa...', Array, true)
#1 G:\DoAnTotNghiep\OpenServer\domains\landing.com\app\Views\frontend\homepage\layout\home.php(77): view('frontend/homepa...')
#2 G:\DoAnTotNghiep\OpenServer\domains\landing.com\vendor\codeigniter4\framework\system\View\View.php(246): include('G:\\DoAnTotNghie...')
#3 G:\DoAnTotNghiep\OpenServer\domains\landing.com\vendor\codeigniter4\framework\system\Common.php(1119): CodeIgniter\View\View->render('frontend/homepa...', Array, true)
#4 G:\DoAnTotNghiep\OpenServer\domains\landing.com\app\Controllers\Frontend\Homepage\Home.php(70): view('frontend/homepa...', Array)
#5 G:\DoAnTotNghiep\OpenServer\domains\landing.com\vendor\codeigniter4\framework\system\CodeIgniter.php(918): App\Controllers\Frontend\Homepage\Home->index()
#6 G:\DoAnTotNghiep\OpenServer\domains\landing.com\vendor\codeigniter4\framework\system\CodeIgniter.php(404): CodeIgniter\CodeIgniter->runController(Object(App\Controllers\Frontend\Homepage\Home))
#7 G:\DoAnTotNghiep\OpenServer\domains\landing.com\vendor\codeigniter4\framework\system\CodeIgniter.php(312): CodeIgniter\CodeIgniter->handleRequest(NULL, Object(Config\Cache), false)
#8 G:\DoAnTotNghiep\OpenServer\domains\landing.com\index.php(47): CodeIgniter\CodeIgniter->run()
#9 {main}
CRITICAL - 2022-08-19 22:22:50 --> Undefined variable: articleCatalogueList
#0 G:\DoAnTotNghiep\OpenServer\domains\landing.com\app\Controllers\Frontend\Homepage\Home.php(67): CodeIgniter\Debug\Exceptions->errorHandler(8, 'Undefined varia...', 'G:\\DoAnTotNghie...', 67, Array)
#1 G:\DoAnTotNghiep\OpenServer\domains\landing.com\vendor\codeigniter4\framework\system\CodeIgniter.php(918): App\Controllers\Frontend\Homepage\Home->index()
#2 G:\DoAnTotNghiep\OpenServer\domains\landing.com\vendor\codeigniter4\framework\system\CodeIgniter.php(404): CodeIgniter\CodeIgniter->runController(Object(App\Controllers\Frontend\Homepage\Home))
#3 G:\DoAnTotNghiep\OpenServer\domains\landing.com\vendor\codeigniter4\framework\system\CodeIgniter.php(312): CodeIgniter\CodeIgniter->handleRequest(NULL, Object(Config\Cache), false)
#4 G:\DoAnTotNghiep\OpenServer\domains\landing.com\index.php(47): CodeIgniter\CodeIgniter->run()
#5 {main}
CRITICAL - 2022-08-19 22:40:07 --> Illegal string offset 'title'
#0 G:\DoAnTotNghiep\OpenServer\domains\landing.com\app\Views\frontend\homepage\home\index.php(377): CodeIgniter\Debug\Exceptions->errorHandler(2, 'Illegal string ...', 'G:\\DoAnTotNghie...', 377, Array)
#1 G:\DoAnTotNghiep\OpenServer\domains\landing.com\vendor\codeigniter4\framework\system\View\View.php(246): include('G:\\DoAnTotNghie...')
#2 G:\DoAnTotNghiep\OpenServer\domains\landing.com\vendor\codeigniter4\framework\system\Common.php(1119): CodeIgniter\View\View->render('frontend/homepa...', Array, true)
#3 G:\DoAnTotNghiep\OpenServer\domains\landing.com\app\Views\frontend\homepage\layout\home.php(77): view('frontend/homepa...')
#4 G:\DoAnTotNghiep\OpenServer\domains\landing.com\vendor\codeigniter4\framework\system\View\View.php(246): include('G:\\DoAnTotNghie...')
#5 G:\DoAnTotNghiep\OpenServer\domains\landing.com\vendor\codeigniter4\framework\system\Common.php(1119): CodeIgniter\View\View->render('frontend/homepa...', Array, true)
#6 G:\DoAnTotNghiep\OpenServer\domains\landing.com\app\Controllers\Frontend\Homepage\Home.php(72): view('frontend/homepa...', Array)
#7 G:\DoAnTotNghiep\OpenServer\domains\landing.com\vendor\codeigniter4\framework\system\CodeIgniter.php(918): App\Controllers\Frontend\Homepage\Home->index()
#8 G:\DoAnTotNghiep\OpenServer\domains\landing.com\vendor\codeigniter4\framework\system\CodeIgniter.php(404): CodeIgniter\CodeIgniter->runController(Object(App\Controllers\Frontend\Homepage\Home))
#9 G:\DoAnTotNghiep\OpenServer\domains\landing.com\vendor\codeigniter4\framework\system\CodeIgniter.php(312): CodeIgniter\CodeIgniter->handleRequest(NULL, Object(Config\Cache), false)
#10 G:\DoAnTotNghiep\OpenServer\domains\landing.com\index.php(47): CodeIgniter\CodeIgniter->run()
#11 {main}
CRITICAL - 2022-08-19 22:43:43 --> Undefined index: description
#0 G:\DoAnTotNghiep\OpenServer\domains\landing.com\app\Views\frontend\homepage\home\index.php(389): CodeIgniter\Debug\Exceptions->errorHandler(8, 'Undefined index...', 'G:\\DoAnTotNghie...', 389, Array)
#1 G:\DoAnTotNghiep\OpenServer\domains\landing.com\vendor\codeigniter4\framework\system\View\View.php(246): include('G:\\DoAnTotNghie...')
#2 G:\DoAnTotNghiep\OpenServer\domains\landing.com\vendor\codeigniter4\framework\system\Common.php(1119): CodeIgniter\View\View->render('frontend/homepa...', Array, true)
#3 G:\DoAnTotNghiep\OpenServer\domains\landing.com\app\Views\frontend\homepage\layout\home.php(77): view('frontend/homepa...')
#4 G:\DoAnTotNghiep\OpenServer\domains\landing.com\vendor\codeigniter4\framework\system\View\View.php(246): include('G:\\DoAnTotNghie...')
#5 G:\DoAnTotNghiep\OpenServer\domains\landing.com\vendor\codeigniter4\framework\system\Common.php(1119): CodeIgniter\View\View->render('frontend/homepa...', Array, true)
#6 G:\DoAnTotNghiep\OpenServer\domains\landing.com\app\Controllers\Frontend\Homepage\Home.php(71): view('frontend/homepa...', Array)
#7 G:\DoAnTotNghiep\OpenServer\domains\landing.com\vendor\codeigniter4\framework\system\CodeIgniter.php(918): App\Controllers\Frontend\Homepage\Home->index()
#8 G:\DoAnTotNghiep\OpenServer\domains\landing.com\vendor\codeigniter4\framework\system\CodeIgniter.php(404): CodeIgniter\CodeIgniter->runController(Object(App\Controllers\Frontend\Homepage\Home))
#9 G:\DoAnTotNghiep\OpenServer\domains\landing.com\vendor\codeigniter4\framework\system\CodeIgniter.php(312): CodeIgniter\CodeIgniter->handleRequest(NULL, Object(Config\Cache), false)
#10 G:\DoAnTotNghiep\OpenServer\domains\landing.com\index.php(47): CodeIgniter\CodeIgniter->run()
#11 {main}
CRITICAL - 2022-08-19 22:45:11 --> A non well formed numeric value encountered
#0 [internal function]: CodeIgniter\Debug\Exceptions->errorHandler(8, 'A non well form...', 'G:\\DoAnTotNghie...', 98, Array)
#1 G:\DoAnTotNghiep\OpenServer\domains\landing.com\app\Views\frontend\homepage\common\aside.php(98): number_format('30 & UP', 0, ',', '.')
#2 G:\DoAnTotNghiep\OpenServer\domains\landing.com\vendor\codeigniter4\framework\system\View\View.php(246): include('G:\\DoAnTotNghie...')
#3 G:\DoAnTotNghiep\OpenServer\domains\landing.com\vendor\codeigniter4\framework\system\Common.php(1119): CodeIgniter\View\View->render('frontend/homepa...', Array, true)
#4 G:\DoAnTotNghiep\OpenServer\domains\landing.com\app\Views\frontend\article\article\index.php(48): view('frontend/homepa...')
#5 G:\DoAnTotNghiep\OpenServer\domains\landing.com\vendor\codeigniter4\framework\system\View\View.php(246): include('G:\\DoAnTotNghie...')
#6 G:\DoAnTotNghiep\OpenServer\domains\landing.com\vendor\codeigniter4\framework\system\Common.php(1119): CodeIgniter\View\View->render('frontend/articl...', Array, true)
#7 G:\DoAnTotNghiep\OpenServer\domains\landing.com\app\Views\frontend\homepage\layout\home.php(77): view('frontend/articl...')
#8 G:\DoAnTotNghiep\OpenServer\domains\landing.com\vendor\codeigniter4\framework\system\View\View.php(246): include('G:\\DoAnTotNghie...')
#9 G:\DoAnTotNghiep\OpenServer\domains\landing.com\vendor\codeigniter4\framework\system\Common.php(1119): CodeIgniter\View\View->render('frontend/homepa...', Array, true)
#10 G:\DoAnTotNghiep\OpenServer\domains\landing.com\app\Controllers\Frontend\Article\Article.php(278): view('frontend/homepa...', Array)
#11 G:\DoAnTotNghiep\OpenServer\domains\landing.com\vendor\codeigniter4\framework\system\View\Cell.php(180): App\Controllers\Frontend\Article\Article->index(19, '1')
#12 G:\DoAnTotNghiep\OpenServer\domains\landing.com\vendor\codeigniter4\framework\system\Common.php(1140): CodeIgniter\View\Cell->render('\\App\\Controller...', 'id=19, page=1', 0, 'AppControllersF...')
#13 G:\DoAnTotNghiep\OpenServer\domains\landing.com\app\Controllers\Frontend\Homepage\Router.php(59): view_cell('\\App\\Controller...', 'id=19, page=1')
#14 G:\DoAnTotNghiep\OpenServer\domains\landing.com\vendor\codeigniter4\framework\system\CodeIgniter.php(918): App\Controllers\Frontend\Homepage\Router->index('blogs-for-risin...')
#15 G:\DoAnTotNghiep\OpenServer\domains\landing.com\vendor\codeigniter4\framework\system\CodeIgniter.php(404): CodeIgniter\CodeIgniter->runController(Object(App\Controllers\Frontend\Homepage\Router))
#16 G:\DoAnTotNghiep\OpenServer\domains\landing.com\vendor\codeigniter4\framework\system\CodeIgniter.php(312): CodeIgniter\CodeIgniter->handleRequest(NULL, Object(Config\Cache), false)
#17 G:\DoAnTotNghiep\OpenServer\domains\landing.com\index.php(47): CodeIgniter\CodeIgniter->run()
#18 {main}
CRITICAL - 2022-08-19 22:52:09 --> syntax error, unexpected end of file
#0 G:\DoAnTotNghiep\OpenServer\domains\landing.com\vendor\codeigniter4\framework\system\Common.php(1119): CodeIgniter\View\View->render('frontend/homepa...', Array, true)
#1 G:\DoAnTotNghiep\OpenServer\domains\landing.com\app\Views\frontend\homepage\layout\home.php(80): view('frontend/homepa...')
#2 G:\DoAnTotNghiep\OpenServer\domains\landing.com\vendor\codeigniter4\framework\system\View\View.php(246): include('G:\\DoAnTotNghie...')
#3 G:\DoAnTotNghiep\OpenServer\domains\landing.com\vendor\codeigniter4\framework\system\Common.php(1119): CodeIgniter\View\View->render('frontend/homepa...', Array, true)
#4 G:\DoAnTotNghiep\OpenServer\domains\landing.com\app\Controllers\Frontend\Article\Article.php(278): view('frontend/homepa...', Array)
#5 G:\DoAnTotNghiep\OpenServer\domains\landing.com\vendor\codeigniter4\framework\system\View\Cell.php(180): App\Controllers\Frontend\Article\Article->index(19, '1')
#6 G:\DoAnTotNghiep\OpenServer\domains\landing.com\vendor\codeigniter4\framework\system\Common.php(1140): CodeIgniter\View\Cell->render('\\App\\Controller...', 'id=19, page=1', 0, 'AppControllersF...')
#7 G:\DoAnTotNghiep\OpenServer\domains\landing.com\app\Controllers\Frontend\Homepage\Router.php(59): view_cell('\\App\\Controller...', 'id=19, page=1')
#8 G:\DoAnTotNghiep\OpenServer\domains\landing.com\vendor\codeigniter4\framework\system\CodeIgniter.php(918): App\Controllers\Frontend\Homepage\Router->index('blogs-for-risin...')
#9 G:\DoAnTotNghiep\OpenServer\domains\landing.com\vendor\codeigniter4\framework\system\CodeIgniter.php(404): CodeIgniter\CodeIgniter->runController(Object(App\Controllers\Frontend\Homepage\Router))
#10 G:\DoAnTotNghiep\OpenServer\domains\landing.com\vendor\codeigniter4\framework\system\CodeIgniter.php(312): CodeIgniter\CodeIgniter->handleRequest(NULL, Object(Config\Cache), false)
#11 G:\DoAnTotNghiep\OpenServer\domains\landing.com\index.php(47): CodeIgniter\CodeIgniter->run()
#12 {main}
CRITICAL - 2022-08-19 22:57:55 --> Undefined variable: location
#0 G:\DoAnTotNghiep\OpenServer\domains\landing.com\app\Views\backend\panel\panel\index.php(70): CodeIgniter\Debug\Exceptions->errorHandler(8, 'Undefined varia...', 'G:\\DoAnTotNghie...', 70, Array)
#1 G:\DoAnTotNghiep\OpenServer\domains\landing.com\vendor\codeigniter4\framework\system\View\View.php(246): include('G:\\DoAnTotNghie...')
#2 G:\DoAnTotNghiep\OpenServer\domains\landing.com\vendor\codeigniter4\framework\system\Common.php(1119): CodeIgniter\View\View->render('backend/panel/p...', Array, true)
#3 G:\DoAnTotNghiep\OpenServer\domains\landing.com\app\Views\backend\dashboard\layout\home.php(44): view('backend/panel/p...')
#4 G:\DoAnTotNghiep\OpenServer\domains\landing.com\vendor\codeigniter4\framework\system\View\View.php(246): include('G:\\DoAnTotNghie...')
#5 G:\DoAnTotNghiep\OpenServer\domains\landing.com\vendor\codeigniter4\framework\system\Common.php(1119): CodeIgniter\View\View->render('backend/dashboa...', Array, true)
#6 G:\DoAnTotNghiep\OpenServer\domains\landing.com\app\Controllers\Backend\Panel\Panel.php(54): view('backend/dashboa...', Array)
#7 G:\DoAnTotNghiep\OpenServer\domains\landing.com\vendor\codeigniter4\framework\system\CodeIgniter.php(918): App\Controllers\Backend\Panel\Panel->index()
#8 G:\DoAnTotNghiep\OpenServer\domains\landing.com\vendor\codeigniter4\framework\system\CodeIgniter.php(404): CodeIgniter\CodeIgniter->runController(Object(App\Controllers\Backend\Panel\Panel))
#9 G:\DoAnTotNghiep\OpenServer\domains\landing.com\vendor\codeigniter4\framework\system\CodeIgniter.php(312): CodeIgniter\CodeIgniter->handleRequest(NULL, Object(Config\Cache), false)
#10 G:\DoAnTotNghiep\OpenServer\domains\landing.com\index.php(47): CodeIgniter\CodeIgniter->run()
#11 {main}
CRITICAL - 2022-08-19 22:58:10 --> Undefined variable: location
#0 G:\DoAnTotNghiep\OpenServer\domains\landing.com\app\Views\backend\panel\panel\index.php(70): CodeIgniter\Debug\Exceptions->errorHandler(8, 'Undefined varia...', 'G:\\DoAnTotNghie...', 70, Array)
#1 G:\DoAnTotNghiep\OpenServer\domains\landing.com\vendor\codeigniter4\framework\system\View\View.php(246): include('G:\\DoAnTotNghie...')
#2 G:\DoAnTotNghiep\OpenServer\domains\landing.com\vendor\codeigniter4\framework\system\Common.php(1119): CodeIgniter\View\View->render('backend/panel/p...', Array, true)
#3 G:\DoAnTotNghiep\OpenServer\domains\landing.com\app\Views\backend\dashboard\layout\home.php(44): view('backend/panel/p...')
#4 G:\DoAnTotNghiep\OpenServer\domains\landing.com\vendor\codeigniter4\framework\system\View\View.php(246): include('G:\\DoAnTotNghie...')
#5 G:\DoAnTotNghiep\OpenServer\domains\landing.com\vendor\codeigniter4\framework\system\Common.php(1119): CodeIgniter\View\View->render('backend/dashboa...', Array, true)
#6 G:\DoAnTotNghiep\OpenServer\domains\landing.com\app\Controllers\Backend\Panel\Panel.php(54): view('backend/dashboa...', Array)
#7 G:\DoAnTotNghiep\OpenServer\domains\landing.com\vendor\codeigniter4\framework\system\CodeIgniter.php(918): App\Controllers\Backend\Panel\Panel->index()
#8 G:\DoAnTotNghiep\OpenServer\domains\landing.com\vendor\codeigniter4\framework\system\CodeIgniter.php(404): CodeIgniter\CodeIgniter->runController(Object(App\Controllers\Backend\Panel\Panel))
#9 G:\DoAnTotNghiep\OpenServer\domains\landing.com\vendor\codeigniter4\framework\system\CodeIgniter.php(312): CodeIgniter\CodeIgniter->handleRequest(NULL, Object(Config\Cache), false)
#10 G:\DoAnTotNghiep\OpenServer\domains\landing.com\index.php(47): CodeIgniter\CodeIgniter->run()
#11 {main}
CRITICAL - 2022-08-19 23:08:38 --> syntax error, unexpected '.'
#0 G:\DoAnTotNghiep\OpenServer\domains\landing.com\vendor\codeigniter4\framework\system\Router\Router.php(195): CodeIgniter\Router\Router->autoRoute('ajax/frontend/a...')
#1 G:\DoAnTotNghiep\OpenServer\domains\landing.com\vendor\codeigniter4\framework\system\CodeIgniter.php(793): CodeIgniter\Router\Router->handle('ajax/frontend/a...')
#2 G:\DoAnTotNghiep\OpenServer\domains\landing.com\vendor\codeigniter4\framework\system\CodeIgniter.php(364): CodeIgniter\CodeIgniter->tryToRouteIt(Object(CodeIgniter\Router\RouteCollection))
#3 G:\DoAnTotNghiep\OpenServer\domains\landing.com\vendor\codeigniter4\framework\system\CodeIgniter.php(312): CodeIgniter\CodeIgniter->handleRequest(NULL, Object(Config\Cache), false)
#4 G:\DoAnTotNghiep\OpenServer\domains\landing.com\index.php(47): CodeIgniter\CodeIgniter->run()
#5 {main}
CRITICAL - 2022-08-19 23:08:43 --> syntax error, unexpected '.'
#0 G:\DoAnTotNghiep\OpenServer\domains\landing.com\vendor\codeigniter4\framework\system\Router\Router.php(195): CodeIgniter\Router\Router->autoRoute('ajax/frontend/a...')
#1 G:\DoAnTotNghiep\OpenServer\domains\landing.com\vendor\codeigniter4\framework\system\CodeIgniter.php(793): CodeIgniter\Router\Router->handle('ajax/frontend/a...')
#2 G:\DoAnTotNghiep\OpenServer\domains\landing.com\vendor\codeigniter4\framework\system\CodeIgniter.php(364): CodeIgniter\CodeIgniter->tryToRouteIt(Object(CodeIgniter\Router\RouteCollection))
#3 G:\DoAnTotNghiep\OpenServer\domains\landing.com\vendor\codeigniter4\framework\system\CodeIgniter.php(312): CodeIgniter\CodeIgniter->handleRequest(NULL, Object(Config\Cache), false)
#4 G:\DoAnTotNghiep\OpenServer\domains\landing.com\index.php(47): CodeIgniter\CodeIgniter->run()
#5 {main}
