CRITICAL - 2022-08-20 01:24:31 --> Undefined variable: _SESSION
#0 G:\DoAnTotNghiep\OpenServer\domains\landing.com\app\Views\backend\dashboard\common\sidebar.php(3): CodeIgniter\Debug\Exceptions->errorHandler(8, 'Undefined varia...', 'G:\\DoAnTotNghie...', 3, Array)
#1 G:\DoAnTotNghiep\OpenServer\domains\landing.com\vendor\codeigniter4\framework\system\View\View.php(246): include('G:\\DoAnTotNghie...')
#2 G:\DoAnTotNghiep\OpenServer\domains\landing.com\vendor\codeigniter4\framework\system\Common.php(1119): CodeIgniter\View\View->render('backend/dashboa...', Array, true)
#3 G:\DoAnTotNghiep\OpenServer\domains\landing.com\app\Views\backend\dashboard\layout\home.php(41): view('backend/dashboa...')
#4 G:\DoAnTotNghiep\OpenServer\domains\landing.com\vendor\codeigniter4\framework\system\View\View.php(246): include('G:\\DoAnTotNghie...')
#5 G:\DoAnTotNghiep\OpenServer\domains\landing.com\vendor\codeigniter4\framework\system\Common.php(1119): CodeIgniter\View\View->render('backend/dashboa...', Array, true)
#6 G:\DoAnTotNghiep\OpenServer\domains\landing.com\app\Controllers\Backend\Dashboard\Dashboard.php(88): view('backend/dashboa...', Array)
#7 G:\DoAnTotNghiep\OpenServer\domains\landing.com\vendor\codeigniter4\framework\system\CodeIgniter.php(918): App\Controllers\Backend\Dashboard\Dashboard->index()
#8 G:\DoAnTotNghiep\OpenServer\domains\landing.com\vendor\codeigniter4\framework\system\CodeIgniter.php(404): CodeIgniter\CodeIgniter->runController(Object(App\Controllers\Backend\Dashboard\Dashboard))
#9 G:\DoAnTotNghiep\OpenServer\domains\landing.com\vendor\codeigniter4\framework\system\CodeIgniter.php(312): CodeIgniter\CodeIgniter->handleRequest(NULL, Object(Config\Cache), false)
#10 G:\DoAnTotNghiep\OpenServer\domains\landing.com\index.php(47): CodeIgniter\CodeIgniter->run()
#11 {main}
CRITICAL - 2022-08-20 03:43:41 --> Undefined index: otp
#0 G:\DoAnTotNghiep\OpenServer\domains\landing.com\app\Controllers\Ajax\Frontend\Auth.php(216): CodeIgniter\Debug\Exceptions->errorHandler(8, 'Undefined index...', 'G:\\DoAnTotNghie...', 216, Array)
#1 G:\DoAnTotNghiep\OpenServer\domains\landing.com\vendor\codeigniter4\framework\system\CodeIgniter.php(918): App\Controllers\Ajax\Frontend\Auth->signup()
#2 G:\DoAnTotNghiep\OpenServer\domains\landing.com\vendor\codeigniter4\framework\system\CodeIgniter.php(404): CodeIgniter\CodeIgniter->runController(Object(App\Controllers\Ajax\Frontend\Auth))
#3 G:\DoAnTotNghiep\OpenServer\domains\landing.com\vendor\codeigniter4\framework\system\CodeIgniter.php(312): CodeIgniter\CodeIgniter->handleRequest(NULL, Object(Config\Cache), false)
#4 G:\DoAnTotNghiep\OpenServer\domains\landing.com\index.php(47): CodeIgniter\CodeIgniter->run()
#5 {main}
CRITICAL - 2022-08-20 05:04:34 --> Undefined index: fullname
#0 G:\DoAnTotNghiep\OpenServer\domains\landing.com\app\Controllers\Ajax\Frontend\Auth.php(115): CodeIgniter\Debug\Exceptions->errorHandler(8, 'Undefined index...', 'G:\\DoAnTotNghie...', 115, Array)
#1 G:\DoAnTotNghiep\OpenServer\domains\landing.com\vendor\codeigniter4\framework\system\CodeIgniter.php(918): App\Controllers\Ajax\Frontend\Auth->send_otp_signup()
#2 G:\DoAnTotNghiep\OpenServer\domains\landing.com\vendor\codeigniter4\framework\system\CodeIgniter.php(404): CodeIgniter\CodeIgniter->runController(Object(App\Controllers\Ajax\Frontend\Auth))
#3 G:\DoAnTotNghiep\OpenServer\domains\landing.com\vendor\codeigniter4\framework\system\CodeIgniter.php(312): CodeIgniter\CodeIgniter->handleRequest(NULL, Object(Config\Cache), false)
#4 G:\DoAnTotNghiep\OpenServer\domains\landing.com\index.php(47): CodeIgniter\CodeIgniter->run()
#5 {main}
CRITICAL - 2022-08-20 05:39:28 --> 'break' not in the 'loop' or 'switch' context
#0 [internal function]: CodeIgniter\Debug\Exceptions->shutdownHandler()
#1 {main}
