CRITICAL - 2022-03-24 02:42:48 --> Unable to connect to the database.
#0 W:\domains\vipal.com.va\vendor\codeigniter4\framework\system\Database\BaseConnection.php(646): CodeIgniter\Database\BaseConnection->initialize()
#1 W:\domains\vipal.com.va\vendor\codeigniter4\framework\system\Database\BaseBuilder.php(1860): CodeIgniter\Database\BaseConnection->query('SELECT `keyword...', Array, false)
#2 W:\domains\vipal.com.va\app\Models\AutoloadModel.php(76): CodeIgniter\Database\BaseBuilder->get()
#3 W:\domains\vipal.com.va\app\Helpers\mydatafrontend_helper.php(166): App\Models\AutoloadModel->_get_where(Array, true)
#4 W:\domains\vipal.com.va\app\Controllers\FrontendController.php(27): get_general('vi')
#5 W:\domains\vipal.com.va\vendor\codeigniter4\framework\system\CodeIgniter.php(891): App\Controllers\FrontendController->initController(Object(CodeIgniter\HTTP\IncomingRequest), Object(CodeIgniter\HTTP\Response), Object(CodeIgniter\Log\Logger))
#6 W:\domains\vipal.com.va\vendor\codeigniter4\framework\system\CodeIgniter.php(399): CodeIgniter\CodeIgniter->createController()
#7 W:\domains\vipal.com.va\vendor\codeigniter4\framework\system\CodeIgniter.php(312): CodeIgniter\CodeIgniter->handleRequest(NULL, Object(Config\Cache), false)
#8 W:\domains\vipal.com.va\index.php(48): CodeIgniter\CodeIgniter->run()
#9 {main}
CRITICAL - 2022-03-24 02:42:48 --> Unable to connect to the database.
#0 W:\domains\vipal.com.va\vendor\codeigniter4\framework\system\Database\BaseConnection.php(646): CodeIgniter\Database\BaseConnection->initialize()
#1 W:\domains\vipal.com.va\vendor\codeigniter4\framework\system\Database\BaseBuilder.php(1860): CodeIgniter\Database\BaseConnection->query('SELECT `keyword...', Array, false)
#2 W:\domains\vipal.com.va\app\Models\AutoloadModel.php(76): CodeIgniter\Database\BaseBuilder->get()
#3 W:\domains\vipal.com.va\app\Helpers\mydatafrontend_helper.php(166): App\Models\AutoloadModel->_get_where(Array, true)
#4 W:\domains\vipal.com.va\app\Controllers\FrontendController.php(27): get_general('vi')
#5 W:\domains\vipal.com.va\vendor\codeigniter4\framework\system\CodeIgniter.php(891): App\Controllers\FrontendController->initController(Object(CodeIgniter\HTTP\IncomingRequest), Object(CodeIgniter\HTTP\Response), Object(CodeIgniter\Log\Logger))
#6 W:\domains\vipal.com.va\vendor\codeigniter4\framework\system\CodeIgniter.php(399): CodeIgniter\CodeIgniter->createController()
#7 W:\domains\vipal.com.va\vendor\codeigniter4\framework\system\CodeIgniter.php(312): CodeIgniter\CodeIgniter->handleRequest(NULL, Object(Config\Cache), false)
#8 W:\domains\vipal.com.va\index.php(48): CodeIgniter\CodeIgniter->run()
#9 {main}
CRITICAL - 2022-03-24 02:42:56 --> Unable to connect to the database.
#0 W:\domains\vipal.com.va\vendor\codeigniter4\framework\system\Database\BaseConnection.php(646): CodeIgniter\Database\BaseConnection->initialize()
#1 W:\domains\vipal.com.va\vendor\codeigniter4\framework\system\Database\BaseBuilder.php(1860): CodeIgniter\Database\BaseConnection->query('SELECT `keyword...', Array, false)
#2 W:\domains\vipal.com.va\app\Models\AutoloadModel.php(76): CodeIgniter\Database\BaseBuilder->get()
#3 W:\domains\vipal.com.va\app\Helpers\mydatafrontend_helper.php(166): App\Models\AutoloadModel->_get_where(Array, true)
#4 W:\domains\vipal.com.va\app\Controllers\FrontendController.php(27): get_general('vi')
#5 W:\domains\vipal.com.va\vendor\codeigniter4\framework\system\CodeIgniter.php(891): App\Controllers\FrontendController->initController(Object(CodeIgniter\HTTP\IncomingRequest), Object(CodeIgniter\HTTP\Response), Object(CodeIgniter\Log\Logger))
#6 W:\domains\vipal.com.va\vendor\codeigniter4\framework\system\CodeIgniter.php(399): CodeIgniter\CodeIgniter->createController()
#7 W:\domains\vipal.com.va\vendor\codeigniter4\framework\system\CodeIgniter.php(312): CodeIgniter\CodeIgniter->handleRequest(NULL, Object(Config\Cache), false)
#8 W:\domains\vipal.com.va\index.php(48): CodeIgniter\CodeIgniter->run()
#9 {main}
CRITICAL - 2022-03-24 02:42:57 --> Unable to connect to the database.
#0 W:\domains\vipal.com.va\vendor\codeigniter4\framework\system\Database\BaseConnection.php(646): CodeIgniter\Database\BaseConnection->initialize()
#1 W:\domains\vipal.com.va\vendor\codeigniter4\framework\system\Database\BaseBuilder.php(1860): CodeIgniter\Database\BaseConnection->query('SELECT `keyword...', Array, false)
#2 W:\domains\vipal.com.va\app\Models\AutoloadModel.php(76): CodeIgniter\Database\BaseBuilder->get()
#3 W:\domains\vipal.com.va\app\Helpers\mydatafrontend_helper.php(166): App\Models\AutoloadModel->_get_where(Array, true)
#4 W:\domains\vipal.com.va\app\Controllers\FrontendController.php(27): get_general('vi')
#5 W:\domains\vipal.com.va\vendor\codeigniter4\framework\system\CodeIgniter.php(891): App\Controllers\FrontendController->initController(Object(CodeIgniter\HTTP\IncomingRequest), Object(CodeIgniter\HTTP\Response), Object(CodeIgniter\Log\Logger))
#6 W:\domains\vipal.com.va\vendor\codeigniter4\framework\system\CodeIgniter.php(399): CodeIgniter\CodeIgniter->createController()
#7 W:\domains\vipal.com.va\vendor\codeigniter4\framework\system\CodeIgniter.php(312): CodeIgniter\CodeIgniter->handleRequest(NULL, Object(Config\Cache), false)
#8 W:\domains\vipal.com.va\index.php(48): CodeIgniter\CodeIgniter->run()
#9 {main}
CRITICAL - 2022-03-24 02:43:33 --> unlink(W:\domains\vipal.com.va\writable\debugbar/debugbar_1648097523.json): No such file or directory
#0 [internal function]: CodeIgniter\Debug\Exceptions->errorHandler(2, 'unlink(W:\\domai...', 'W:\\domains\\vipa...', 106, Array)
#1 W:\domains\vipal.com.va\vendor\codeigniter4\framework\system\Debug\Toolbar\Collectors\History.php(106): unlink('W:\\domains\\vipa...')
#2 W:\domains\vipal.com.va\vendor\codeigniter4\framework\system\Debug\Toolbar.php(483): CodeIgniter\Debug\Toolbar\Collectors\History->setFiles(1648107810, 20)
#3 W:\domains\vipal.com.va\vendor\codeigniter4\framework\system\Debug\Toolbar.php(455): CodeIgniter\Debug\Toolbar->format(Array, 'html')
#4 W:\domains\vipal.com.va\app\Config\Events.php(44): CodeIgniter\Debug\Toolbar->respond()
#5 [internal function]: CodeIgniter\Events\Events::Config\{closure}()
#6 W:\domains\vipal.com.va\vendor\codeigniter4\framework\system\Events\Events.php(188): call_user_func(Object(Closure))
#7 W:\domains\vipal.com.va\vendor\codeigniter4\framework\system\CodeIgniter.php(293): CodeIgniter\Events\Events::trigger('pre_system')
#8 W:\domains\vipal.com.va\index.php(48): CodeIgniter\CodeIgniter->run()
#9 {main}
CRITICAL - 2022-03-24 02:50:08 --> Undefined variable: valeu
#0 W:\domains\vipal.com.va\app\Views\frontend\media\catalogue\index.php(30): CodeIgniter\Debug\Exceptions->errorHandler(8, 'Undefined varia...', 'W:\\domains\\vipa...', 30, Array)
#1 W:\domains\vipal.com.va\vendor\codeigniter4\framework\system\View\View.php(246): include('W:\\domains\\vipa...')
#2 W:\domains\vipal.com.va\vendor\codeigniter4\framework\system\Common.php(1119): CodeIgniter\View\View->render('frontend/media/...', Array, true)
#3 W:\domains\vipal.com.va\app\Views\frontend\homepage\layout\home.php(71): view('frontend/media/...')
#4 W:\domains\vipal.com.va\vendor\codeigniter4\framework\system\View\View.php(246): include('W:\\domains\\vipa...')
#5 W:\domains\vipal.com.va\vendor\codeigniter4\framework\system\Common.php(1119): CodeIgniter\View\View->render('frontend/homepa...', Array, true)
#6 W:\domains\vipal.com.va\app\Controllers\Frontend\Media\Catalogue.php(168): view('frontend/homepa...', Array)
#7 W:\domains\vipal.com.va\vendor\codeigniter4\framework\system\View\Cell.php(180): App\Controllers\Frontend\Media\Catalogue->index(7, 1)
#8 W:\domains\vipal.com.va\vendor\codeigniter4\framework\system\Common.php(1140): CodeIgniter\View\Cell->render('\\App\\Controller...', 'id=7, page=1', 0, 'AppControllersF...')
#9 W:\domains\vipal.com.va\app\Controllers\Frontend\Homepage\Router.php(59): view_cell('\\App\\Controller...', 'id=7, page=1')
#10 W:\domains\vipal.com.va\vendor\codeigniter4\framework\system\CodeIgniter.php(918): App\Controllers\Frontend\Homepage\Router->index('cong-trinh-khac')
#11 W:\domains\vipal.com.va\vendor\codeigniter4\framework\system\CodeIgniter.php(404): CodeIgniter\CodeIgniter->runController(Object(App\Controllers\Frontend\Homepage\Router))
#12 W:\domains\vipal.com.va\vendor\codeigniter4\framework\system\CodeIgniter.php(312): CodeIgniter\CodeIgniter->handleRequest(NULL, Object(Config\Cache), false)
#13 W:\domains\vipal.com.va\index.php(48): CodeIgniter\CodeIgniter->run()
#14 {main}
CRITICAL - 2022-03-24 02:53:09 --> Undefined variable: valeu
#0 W:\domains\vipal.com.va\app\Views\frontend\media\catalogue\index.php(43): CodeIgniter\Debug\Exceptions->errorHandler(8, 'Undefined varia...', 'W:\\domains\\vipa...', 43, Array)
#1 W:\domains\vipal.com.va\vendor\codeigniter4\framework\system\View\View.php(246): include('W:\\domains\\vipa...')
#2 W:\domains\vipal.com.va\vendor\codeigniter4\framework\system\Common.php(1119): CodeIgniter\View\View->render('frontend/media/...', Array, true)
#3 W:\domains\vipal.com.va\app\Views\frontend\homepage\layout\home.php(71): view('frontend/media/...')
#4 W:\domains\vipal.com.va\vendor\codeigniter4\framework\system\View\View.php(246): include('W:\\domains\\vipa...')
#5 W:\domains\vipal.com.va\vendor\codeigniter4\framework\system\Common.php(1119): CodeIgniter\View\View->render('frontend/homepa...', Array, true)
#6 W:\domains\vipal.com.va\app\Controllers\Frontend\Media\Catalogue.php(168): view('frontend/homepa...', Array)
#7 W:\domains\vipal.com.va\vendor\codeigniter4\framework\system\View\Cell.php(180): App\Controllers\Frontend\Media\Catalogue->index(5, 0)
#8 W:\domains\vipal.com.va\vendor\codeigniter4\framework\system\Common.php(1140): CodeIgniter\View\Cell->render('\\App\\Controller...', 'id=5, page=1', 0, 'AppControllersF...')
#9 W:\domains\vipal.com.va\app\Controllers\Frontend\Homepage\Router.php(59): view_cell('\\App\\Controller...', 'id=5, page=1')
#10 W:\domains\vipal.com.va\vendor\codeigniter4\framework\system\CodeIgniter.php(918): App\Controllers\Frontend\Homepage\Router->index('toa-nha-cao-tan...')
#11 W:\domains\vipal.com.va\vendor\codeigniter4\framework\system\CodeIgniter.php(404): CodeIgniter\CodeIgniter->runController(Object(App\Controllers\Frontend\Homepage\Router))
#12 W:\domains\vipal.com.va\vendor\codeigniter4\framework\system\CodeIgniter.php(312): CodeIgniter\CodeIgniter->handleRequest(NULL, Object(Config\Cache), false)
#13 W:\domains\vipal.com.va\index.php(48): CodeIgniter\CodeIgniter->run()
#14 {main}
CRITICAL - 2022-03-24 03:52:41 --> Undefined index: title
#0 W:\domains\vipal.com.va\app\Views\frontend\homepage\common\aside.php(127): CodeIgniter\Debug\Exceptions->errorHandler(8, 'Undefined index...', 'W:\\domains\\vipa...', 127, Array)
#1 W:\domains\vipal.com.va\vendor\codeigniter4\framework\system\View\View.php(246): include('W:\\domains\\vipa...')
#2 W:\domains\vipal.com.va\vendor\codeigniter4\framework\system\Common.php(1119): CodeIgniter\View\View->render('frontend/homepa...', Array, true)
#3 W:\domains\vipal.com.va\app\Views\frontend\product\product\index.php(531): view('frontend/homepa...')
#4 W:\domains\vipal.com.va\vendor\codeigniter4\framework\system\View\View.php(246): include('W:\\domains\\vipa...')
#5 W:\domains\vipal.com.va\vendor\codeigniter4\framework\system\Common.php(1119): CodeIgniter\View\View->render('frontend/produc...', Array, true)
#6 W:\domains\vipal.com.va\app\Views\frontend\homepage\layout\home.php(70): view('frontend/produc...')
#7 W:\domains\vipal.com.va\vendor\codeigniter4\framework\system\View\View.php(246): include('W:\\domains\\vipa...')
#8 W:\domains\vipal.com.va\vendor\codeigniter4\framework\system\Common.php(1119): CodeIgniter\View\View->render('frontend/homepa...', Array, true)
#9 W:\domains\vipal.com.va\app\Controllers\Frontend\Product\Product.php(125): view('frontend/homepa...', Array)
#10 W:\domains\vipal.com.va\vendor\codeigniter4\framework\system\View\Cell.php(180): App\Controllers\Frontend\Product\Product->index(Array, '1')
#11 W:\domains\vipal.com.va\vendor\codeigniter4\framework\system\Common.php(1140): CodeIgniter\View\Cell->render('\\App\\Controller...', 'id=15, page=1', 0, 'AppControllersF...')
#12 W:\domains\vipal.com.va\app\Controllers\Frontend\Homepage\Router.php(59): view_cell('\\App\\Controller...', 'id=15, page=1')
#13 W:\domains\vipal.com.va\vendor\codeigniter4\framework\system\CodeIgniter.php(918): App\Controllers\Frontend\Homepage\Router->index('lam-nhom-chan-n...')
#14 W:\domains\vipal.com.va\vendor\codeigniter4\framework\system\CodeIgniter.php(404): CodeIgniter\CodeIgniter->runController(Object(App\Controllers\Frontend\Homepage\Router))
#15 W:\domains\vipal.com.va\vendor\codeigniter4\framework\system\CodeIgniter.php(312): CodeIgniter\CodeIgniter->handleRequest(NULL, Object(Config\Cache), false)
#16 W:\domains\vipal.com.va\index.php(48): CodeIgniter\CodeIgniter->run()
#17 {main}
CRITICAL - 2022-03-24 03:59:30 --> Undefined index: title
#0 W:\domains\vipal.com.va\app\Views\frontend\homepage\common\aside.php(127): CodeIgniter\Debug\Exceptions->errorHandler(8, 'Undefined index...', 'W:\\domains\\vipa...', 127, Array)
#1 W:\domains\vipal.com.va\vendor\codeigniter4\framework\system\View\View.php(246): include('W:\\domains\\vipa...')
#2 W:\domains\vipal.com.va\vendor\codeigniter4\framework\system\Common.php(1119): CodeIgniter\View\View->render('frontend/homepa...', Array, true)
#3 W:\domains\vipal.com.va\app\Views\frontend\product\product\index.php(531): view('frontend/homepa...')
#4 W:\domains\vipal.com.va\vendor\codeigniter4\framework\system\View\View.php(246): include('W:\\domains\\vipa...')
#5 W:\domains\vipal.com.va\vendor\codeigniter4\framework\system\Common.php(1119): CodeIgniter\View\View->render('frontend/produc...', Array, true)
#6 W:\domains\vipal.com.va\app\Views\frontend\homepage\layout\home.php(70): view('frontend/produc...')
#7 W:\domains\vipal.com.va\vendor\codeigniter4\framework\system\View\View.php(246): include('W:\\domains\\vipa...')
#8 W:\domains\vipal.com.va\vendor\codeigniter4\framework\system\Common.php(1119): CodeIgniter\View\View->render('frontend/homepa...', Array, true)
#9 W:\domains\vipal.com.va\app\Controllers\Frontend\Product\Product.php(125): view('frontend/homepa...', Array)
#10 W:\domains\vipal.com.va\vendor\codeigniter4\framework\system\View\Cell.php(180): App\Controllers\Frontend\Product\Product->index(Array, '1')
#11 W:\domains\vipal.com.va\vendor\codeigniter4\framework\system\Common.php(1140): CodeIgniter\View\Cell->render('\\App\\Controller...', 'id=15, page=1', 0, 'AppControllersF...')
#12 W:\domains\vipal.com.va\app\Controllers\Frontend\Homepage\Router.php(59): view_cell('\\App\\Controller...', 'id=15, page=1')
#13 W:\domains\vipal.com.va\vendor\codeigniter4\framework\system\CodeIgniter.php(918): App\Controllers\Frontend\Homepage\Router->index('lam-nhom-chan-n...')
#14 W:\domains\vipal.com.va\vendor\codeigniter4\framework\system\CodeIgniter.php(404): CodeIgniter\CodeIgniter->runController(Object(App\Controllers\Frontend\Homepage\Router))
#15 W:\domains\vipal.com.va\vendor\codeigniter4\framework\system\CodeIgniter.php(312): CodeIgniter\CodeIgniter->handleRequest(NULL, Object(Config\Cache), false)
#16 W:\domains\vipal.com.va\index.php(48): CodeIgniter\CodeIgniter->run()
#17 {main}
CRITICAL - 2022-03-24 05:24:37 --> Undefined variable: object
#0 W:\domains\vipal.com.va\app\Views\frontend\homepage\common\aside.php(114): CodeIgniter\Debug\Exceptions->errorHandler(8, 'Undefined varia...', 'W:\\domains\\vipa...', 114, Array)
#1 W:\domains\vipal.com.va\vendor\codeigniter4\framework\system\View\View.php(246): include('W:\\domains\\vipa...')
#2 W:\domains\vipal.com.va\vendor\codeigniter4\framework\system\Common.php(1119): CodeIgniter\View\View->render('frontend/homepa...', Array, true)
#3 W:\domains\vipal.com.va\app\Views\frontend\contact\contact\index.php(51): view('frontend/homepa...')
#4 W:\domains\vipal.com.va\vendor\codeigniter4\framework\system\View\View.php(246): include('W:\\domains\\vipa...')
#5 W:\domains\vipal.com.va\vendor\codeigniter4\framework\system\Common.php(1119): CodeIgniter\View\View->render('frontend/contac...', Array, true)
#6 W:\domains\vipal.com.va\app\Views\frontend\homepage\layout\home.php(70): view('frontend/contac...')
#7 W:\domains\vipal.com.va\vendor\codeigniter4\framework\system\View\View.php(246): include('W:\\domains\\vipa...')
#8 W:\domains\vipal.com.va\vendor\codeigniter4\framework\system\Common.php(1119): CodeIgniter\View\View->render('frontend/homepa...', Array, true)
#9 W:\domains\vipal.com.va\app\Controllers\Frontend\Contact\Contact.php(116): view('frontend/homepa...', Array)
#10 W:\domains\vipal.com.va\vendor\codeigniter4\framework\system\CodeIgniter.php(918): App\Controllers\Frontend\Contact\Contact->index()
#11 W:\domains\vipal.com.va\vendor\codeigniter4\framework\system\CodeIgniter.php(404): CodeIgniter\CodeIgniter->runController(Object(App\Controllers\Frontend\Contact\Contact))
#12 W:\domains\vipal.com.va\vendor\codeigniter4\framework\system\CodeIgniter.php(312): CodeIgniter\CodeIgniter->handleRequest(NULL, Object(Config\Cache), false)
#13 W:\domains\vipal.com.va\index.php(48): CodeIgniter\CodeIgniter->run()
#14 {main}
CRITICAL - 2022-03-24 09:00:29 --> Undefined variable: object
#0 W:\domains\vipal.com.va\app\Views\frontend\homepage\common\aside.php(114): CodeIgniter\Debug\Exceptions->errorHandler(8, 'Undefined varia...', 'W:\\domains\\vipa...', 114, Array)
#1 W:\domains\vipal.com.va\vendor\codeigniter4\framework\system\View\View.php(246): include('W:\\domains\\vipa...')
#2 W:\domains\vipal.com.va\vendor\codeigniter4\framework\system\Common.php(1119): CodeIgniter\View\View->render('frontend/homepa...', Array, true)
#3 W:\domains\vipal.com.va\app\Views\frontend\contact\contact\index.php(51): view('frontend/homepa...')
#4 W:\domains\vipal.com.va\vendor\codeigniter4\framework\system\View\View.php(246): include('W:\\domains\\vipa...')
#5 W:\domains\vipal.com.va\vendor\codeigniter4\framework\system\Common.php(1119): CodeIgniter\View\View->render('frontend/contac...', Array, true)
#6 W:\domains\vipal.com.va\app\Views\frontend\homepage\layout\home.php(70): view('frontend/contac...')
#7 W:\domains\vipal.com.va\vendor\codeigniter4\framework\system\View\View.php(246): include('W:\\domains\\vipa...')
#8 W:\domains\vipal.com.va\vendor\codeigniter4\framework\system\Common.php(1119): CodeIgniter\View\View->render('frontend/homepa...', Array, true)
#9 W:\domains\vipal.com.va\app\Controllers\Frontend\Contact\Contact.php(116): view('frontend/homepa...', Array)
#10 W:\domains\vipal.com.va\vendor\codeigniter4\framework\system\CodeIgniter.php(918): App\Controllers\Frontend\Contact\Contact->index()
#11 W:\domains\vipal.com.va\vendor\codeigniter4\framework\system\CodeIgniter.php(404): CodeIgniter\CodeIgniter->runController(Object(App\Controllers\Frontend\Contact\Contact))
#12 W:\domains\vipal.com.va\vendor\codeigniter4\framework\system\CodeIgniter.php(312): CodeIgniter\CodeIgniter->handleRequest(NULL, Object(Config\Cache), false)
#13 W:\domains\vipal.com.va\index.php(48): CodeIgniter\CodeIgniter->run()
#14 {main}
CRITICAL - 2022-03-24 10:30:15 --> Invalid file: .php
#0 W:\domains\vipal.com.va\vendor\codeigniter4\framework\system\View\View.php(228): CodeIgniter\Exceptions\FrameworkException::forInvalidFile('.php')
#1 W:\domains\vipal.com.va\vendor\codeigniter4\framework\system\Common.php(1119): CodeIgniter\View\View->render('', Array, true)
#2 W:\domains\vipal.com.va\app\Views\frontend\homepage\layout\home.php(70): view('')
#3 W:\domains\vipal.com.va\vendor\codeigniter4\framework\system\View\View.php(246): include('W:\\domains\\vipa...')
#4 W:\domains\vipal.com.va\vendor\codeigniter4\framework\system\Common.php(1119): CodeIgniter\View\View->render('frontend/homepa...', Array, true)
#5 W:\domains\vipal.com.va\app\Controllers\Frontend\Article\Catalogue.php(189): view('frontend/homepa...', Array)
#6 W:\domains\vipal.com.va\vendor\codeigniter4\framework\system\View\Cell.php(180): App\Controllers\Frontend\Article\Catalogue->index(15, 0)
#7 W:\domains\vipal.com.va\vendor\codeigniter4\framework\system\Common.php(1140): CodeIgniter\View\Cell->render('\\App\\Controller...', 'id=15, page=1', 0, 'AppControllersF...')
#8 W:\domains\vipal.com.va\app\Controllers\Frontend\Homepage\Router.php(59): view_cell('\\App\\Controller...', 'id=15, page=1')
#9 W:\domains\vipal.com.va\vendor\codeigniter4\framework\system\CodeIgniter.php(918): App\Controllers\Frontend\Homepage\Router->index('introduce')
#10 W:\domains\vipal.com.va\vendor\codeigniter4\framework\system\CodeIgniter.php(404): CodeIgniter\CodeIgniter->runController(Object(App\Controllers\Frontend\Homepage\Router))
#11 W:\domains\vipal.com.va\vendor\codeigniter4\framework\system\CodeIgniter.php(312): CodeIgniter\CodeIgniter->handleRequest(NULL, Object(Config\Cache), false)
#12 W:\domains\vipal.com.va\index.php(48): CodeIgniter\CodeIgniter->run()
#13 {main}
CRITICAL - 2022-03-24 10:35:38 --> Invalid file: .php
#0 W:\domains\vipal.com.va\vendor\codeigniter4\framework\system\View\View.php(228): CodeIgniter\Exceptions\FrameworkException::forInvalidFile('.php')
#1 W:\domains\vipal.com.va\vendor\codeigniter4\framework\system\Common.php(1119): CodeIgniter\View\View->render('', Array, true)
#2 W:\domains\vipal.com.va\app\Views\frontend\homepage\layout\home.php(70): view('')
#3 W:\domains\vipal.com.va\vendor\codeigniter4\framework\system\View\View.php(246): include('W:\\domains\\vipa...')
#4 W:\domains\vipal.com.va\vendor\codeigniter4\framework\system\Common.php(1119): CodeIgniter\View\View->render('frontend/homepa...', Array, true)
#5 W:\domains\vipal.com.va\app\Controllers\Frontend\Article\Catalogue.php(189): view('frontend/homepa...', Array)
#6 W:\domains\vipal.com.va\vendor\codeigniter4\framework\system\View\Cell.php(180): App\Controllers\Frontend\Article\Catalogue->index(14, 0)
#7 W:\domains\vipal.com.va\vendor\codeigniter4\framework\system\Common.php(1140): CodeIgniter\View\Cell->render('\\App\\Controller...', 'id=14, page=1', 0, 'AppControllersF...')
#8 W:\domains\vipal.com.va\app\Controllers\Frontend\Homepage\Router.php(59): view_cell('\\App\\Controller...', 'id=14, page=1')
#9 W:\domains\vipal.com.va\vendor\codeigniter4\framework\system\CodeIgniter.php(918): App\Controllers\Frontend\Homepage\Router->index('news')
#10 W:\domains\vipal.com.va\vendor\codeigniter4\framework\system\CodeIgniter.php(404): CodeIgniter\CodeIgniter->runController(Object(App\Controllers\Frontend\Homepage\Router))
#11 W:\domains\vipal.com.va\vendor\codeigniter4\framework\system\CodeIgniter.php(312): CodeIgniter\CodeIgniter->handleRequest(NULL, Object(Config\Cache), false)
#12 W:\domains\vipal.com.va\index.php(48): CodeIgniter\CodeIgniter->run()
#13 {main}
CRITICAL - 2022-03-24 10:36:07 --> Invalid file: .php
#0 W:\domains\vipal.com.va\vendor\codeigniter4\framework\system\View\View.php(228): CodeIgniter\Exceptions\FrameworkException::forInvalidFile('.php')
#1 W:\domains\vipal.com.va\vendor\codeigniter4\framework\system\Common.php(1119): CodeIgniter\View\View->render('', Array, true)
#2 W:\domains\vipal.com.va\app\Views\frontend\homepage\layout\home.php(70): view('')
#3 W:\domains\vipal.com.va\vendor\codeigniter4\framework\system\View\View.php(246): include('W:\\domains\\vipa...')
#4 W:\domains\vipal.com.va\vendor\codeigniter4\framework\system\Common.php(1119): CodeIgniter\View\View->render('frontend/homepa...', Array, true)
#5 W:\domains\vipal.com.va\app\Controllers\Frontend\Article\Catalogue.php(189): view('frontend/homepa...', Array)
#6 W:\domains\vipal.com.va\vendor\codeigniter4\framework\system\View\Cell.php(180): App\Controllers\Frontend\Article\Catalogue->index(14, 0)
#7 W:\domains\vipal.com.va\vendor\codeigniter4\framework\system\Common.php(1140): CodeIgniter\View\Cell->render('\\App\\Controller...', 'id=14, page=1', 0, 'AppControllersF...')
#8 W:\domains\vipal.com.va\app\Controllers\Frontend\Homepage\Router.php(59): view_cell('\\App\\Controller...', 'id=14, page=1')
#9 W:\domains\vipal.com.va\vendor\codeigniter4\framework\system\CodeIgniter.php(918): App\Controllers\Frontend\Homepage\Router->index('news')
#10 W:\domains\vipal.com.va\vendor\codeigniter4\framework\system\CodeIgniter.php(404): CodeIgniter\CodeIgniter->runController(Object(App\Controllers\Frontend\Homepage\Router))
#11 W:\domains\vipal.com.va\vendor\codeigniter4\framework\system\CodeIgniter.php(312): CodeIgniter\CodeIgniter->handleRequest(NULL, Object(Config\Cache), false)
#12 W:\domains\vipal.com.va\index.php(48): CodeIgniter\CodeIgniter->run()
#13 {main}
CRITICAL - 2022-03-24 10:36:16 --> Invalid file: .php
#0 W:\domains\vipal.com.va\vendor\codeigniter4\framework\system\View\View.php(228): CodeIgniter\Exceptions\FrameworkException::forInvalidFile('.php')
#1 W:\domains\vipal.com.va\vendor\codeigniter4\framework\system\Common.php(1119): CodeIgniter\View\View->render('', Array, true)
#2 W:\domains\vipal.com.va\app\Views\frontend\homepage\layout\home.php(70): view('')
#3 W:\domains\vipal.com.va\vendor\codeigniter4\framework\system\View\View.php(246): include('W:\\domains\\vipa...')
#4 W:\domains\vipal.com.va\vendor\codeigniter4\framework\system\Common.php(1119): CodeIgniter\View\View->render('frontend/homepa...', Array, true)
#5 W:\domains\vipal.com.va\app\Controllers\Frontend\Article\Catalogue.php(189): view('frontend/homepa...', Array)
#6 W:\domains\vipal.com.va\vendor\codeigniter4\framework\system\View\Cell.php(180): App\Controllers\Frontend\Article\Catalogue->index(14, 0)
#7 W:\domains\vipal.com.va\vendor\codeigniter4\framework\system\Common.php(1140): CodeIgniter\View\Cell->render('\\App\\Controller...', 'id=14, page=1', 0, 'AppControllersF...')
#8 W:\domains\vipal.com.va\app\Controllers\Frontend\Homepage\Router.php(59): view_cell('\\App\\Controller...', 'id=14, page=1')
#9 W:\domains\vipal.com.va\vendor\codeigniter4\framework\system\CodeIgniter.php(918): App\Controllers\Frontend\Homepage\Router->index('news')
#10 W:\domains\vipal.com.va\vendor\codeigniter4\framework\system\CodeIgniter.php(404): CodeIgniter\CodeIgniter->runController(Object(App\Controllers\Frontend\Homepage\Router))
#11 W:\domains\vipal.com.va\vendor\codeigniter4\framework\system\CodeIgniter.php(312): CodeIgniter\CodeIgniter->handleRequest(NULL, Object(Config\Cache), false)
#12 W:\domains\vipal.com.va\index.php(48): CodeIgniter\CodeIgniter->run()
#13 {main}
CRITICAL - 2022-03-24 10:54:38 --> syntax error, unexpected '.'
#0 W:\domains\vipal.com.va\vendor\codeigniter4\framework\system\Autoloader\Autoloader.php(296): CodeIgniter\Autoloader\Autoloader->requireFile('W:\\domains\\vipa...')
#1 W:\domains\vipal.com.va\vendor\codeigniter4\framework\system\Autoloader\Autoloader.php(258): CodeIgniter\Autoloader\Autoloader->loadInNamespace('App\\Controllers...')
#2 [internal function]: CodeIgniter\Autoloader\Autoloader->loadClass('App\\Controllers...')
#3 [internal function]: spl_autoload_call('App\\Controllers...')
#4 W:\domains\vipal.com.va\vendor\codeigniter4\framework\system\View\Cell.php(266): class_exists('\\App\\Controller...', true)
#5 W:\domains\vipal.com.va\vendor\codeigniter4\framework\system\View\Cell.php(110): CodeIgniter\View\Cell->determineClass('\\App\\Controller...')
#6 W:\domains\vipal.com.va\vendor\codeigniter4\framework\system\Common.php(1140): CodeIgniter\View\Cell->render('\\App\\Controller...', 'page=0, module=', 0, NULL)
#7 W:\domains\vipal.com.va\app\Controllers\Frontend\Homepage\Router.php(41): view_cell('\\App\\Controller...', 'page=0, module=')
#8 W:\domains\vipal.com.va\vendor\codeigniter4\framework\system\CodeIgniter.php(918): App\Controllers\Frontend\Homepage\Router->search(0)
#9 W:\domains\vipal.com.va\vendor\codeigniter4\framework\system\CodeIgniter.php(404): CodeIgniter\CodeIgniter->runController(Object(App\Controllers\Frontend\Homepage\Router))
#10 W:\domains\vipal.com.va\vendor\codeigniter4\framework\system\CodeIgniter.php(312): CodeIgniter\CodeIgniter->handleRequest(NULL, Object(Config\Cache), false)
#11 W:\domains\vipal.com.va\index.php(48): CodeIgniter\CodeIgniter->run()
#12 {main}
