CRITICAL - 2021-09-25 01:34:02 --> Cannot redeclare App\Controllers\Ajax\Combo::update_combo()
#0 [internal function]: CodeIgniter\Debug\Exceptions->shutdownHandler()
#1 {main}
CRITICAL - 2021-09-25 02:04:16 --> Division by zero
#0 G:\OpenServer\domains\ht.anhtrong.com\app\Helpers\mystring_helper.php(15): CodeIgniter\Debug\Exceptions->errorHandler(2, 'Division by zer...', 'G:\\OpenServer\\d...', 15, Array)
#1 G:\OpenServer\domains\ht.anhtrong.com\app\Views\frontend\product\catalogue\index.php(53): percent('0', '0')
#2 G:\OpenServer\domains\ht.anhtrong.com\vendor\codeigniter4\framework\system\View\View.php(246): include('G:\\OpenServer\\d...')
#3 G:\OpenServer\domains\ht.anhtrong.com\vendor\codeigniter4\framework\system\Common.php(1119): CodeIgniter\View\View->render('frontend/produc...', Array, true)
#4 G:\OpenServer\domains\ht.anhtrong.com\app\Views\frontend\homepage\layout\home.php(74): view('frontend/produc...')
#5 G:\OpenServer\domains\ht.anhtrong.com\vendor\codeigniter4\framework\system\View\View.php(246): include('G:\\OpenServer\\d...')
#6 G:\OpenServer\domains\ht.anhtrong.com\vendor\codeigniter4\framework\system\Common.php(1119): CodeIgniter\View\View->render('frontend/homepa...', Array, true)
#7 G:\OpenServer\domains\ht.anhtrong.com\app\Controllers\Frontend\Product\Catalogue.php(193): view('frontend/homepa...', Array)
#8 G:\OpenServer\domains\ht.anhtrong.com\vendor\codeigniter4\framework\system\View\Cell.php(180): App\Controllers\Frontend\Product\Catalogue->index(3, 0)
#9 G:\OpenServer\domains\ht.anhtrong.com\vendor\codeigniter4\framework\system\Common.php(1140): CodeIgniter\View\Cell->render('\\App\\Controller...', 'id=3, page=1', 0, 'AppControllersF...')
#10 G:\OpenServer\domains\ht.anhtrong.com\app\Controllers\Frontend\Homepage\Router.php(59): view_cell('\\App\\Controller...', 'id=3, page=1')
#11 G:\OpenServer\domains\ht.anhtrong.com\vendor\codeigniter4\framework\system\CodeIgniter.php(918): App\Controllers\Frontend\Homepage\Router->index('day-cap-dien-ca...')
#12 G:\OpenServer\domains\ht.anhtrong.com\vendor\codeigniter4\framework\system\CodeIgniter.php(404): CodeIgniter\CodeIgniter->runController(Object(App\Controllers\Frontend\Homepage\Router))
#13 G:\OpenServer\domains\ht.anhtrong.com\vendor\codeigniter4\framework\system\CodeIgniter.php(312): CodeIgniter\CodeIgniter->handleRequest(NULL, Object(Config\Cache), false)
#14 G:\OpenServer\domains\ht.anhtrong.com\index.php(48): CodeIgniter\CodeIgniter->run()
#15 {main}
CRITICAL - 2021-09-25 02:42:37 --> Undefined variable: object
#0 G:\OpenServer\domains\ht.anhtrong.com\app\Controllers\Frontend\Product\Catalogue.php(252): CodeIgniter\Debug\Exceptions->errorHandler(8, 'Undefined varia...', 'G:\\OpenServer\\d...', 252, Array)
#1 G:\OpenServer\domains\ht.anhtrong.com\vendor\codeigniter4\framework\system\CodeIgniter.php(918): App\Controllers\Frontend\Product\Catalogue->load_website()
#2 G:\OpenServer\domains\ht.anhtrong.com\vendor\codeigniter4\framework\system\CodeIgniter.php(404): CodeIgniter\CodeIgniter->runController(Object(App\Controllers\Frontend\Product\Catalogue))
#3 G:\OpenServer\domains\ht.anhtrong.com\vendor\codeigniter4\framework\system\CodeIgniter.php(312): CodeIgniter\CodeIgniter->handleRequest(NULL, Object(Config\Cache), false)
#4 G:\OpenServer\domains\ht.anhtrong.com\index.php(48): CodeIgniter\CodeIgniter->run()
#5 {main}
CRITICAL - 2021-09-25 02:43:17 --> Undefined variable: object
#0 G:\OpenServer\domains\ht.anhtrong.com\app\Controllers\Frontend\Product\Catalogue.php(252): CodeIgniter\Debug\Exceptions->errorHandler(8, 'Undefined varia...', 'G:\\OpenServer\\d...', 252, Array)
#1 G:\OpenServer\domains\ht.anhtrong.com\vendor\codeigniter4\framework\system\CodeIgniter.php(918): App\Controllers\Frontend\Product\Catalogue->load_website()
#2 G:\OpenServer\domains\ht.anhtrong.com\vendor\codeigniter4\framework\system\CodeIgniter.php(404): CodeIgniter\CodeIgniter->runController(Object(App\Controllers\Frontend\Product\Catalogue))
#3 G:\OpenServer\domains\ht.anhtrong.com\vendor\codeigniter4\framework\system\CodeIgniter.php(312): CodeIgniter\CodeIgniter->handleRequest(NULL, Object(Config\Cache), false)
#4 G:\OpenServer\domains\ht.anhtrong.com\index.php(48): CodeIgniter\CodeIgniter->run()
#5 {main}
CRITICAL - 2021-09-25 03:02:38 --> number_format() expects parameter 1 to be float, string given
#0 [internal function]: CodeIgniter\Debug\Exceptions->errorHandler(2, 'number_format()...', 'G:\\OpenServer\\d...', 265, Array)
#1 G:\OpenServer\domains\ht.anhtrong.com\app\Controllers\Frontend\Product\Catalogue.php(265): number_format('', 0, ',', '.')
#2 G:\OpenServer\domains\ht.anhtrong.com\vendor\codeigniter4\framework\system\CodeIgniter.php(918): App\Controllers\Frontend\Product\Catalogue->load_website()
#3 G:\OpenServer\domains\ht.anhtrong.com\vendor\codeigniter4\framework\system\CodeIgniter.php(404): CodeIgniter\CodeIgniter->runController(Object(App\Controllers\Frontend\Product\Catalogue))
#4 G:\OpenServer\domains\ht.anhtrong.com\vendor\codeigniter4\framework\system\CodeIgniter.php(312): CodeIgniter\CodeIgniter->handleRequest(NULL, Object(Config\Cache), false)
#5 G:\OpenServer\domains\ht.anhtrong.com\index.php(48): CodeIgniter\CodeIgniter->run()
#6 {main}
CRITICAL - 2021-09-25 03:03:34 --> number_format() expects parameter 1 to be float, string given
#0 [internal function]: CodeIgniter\Debug\Exceptions->errorHandler(2, 'number_format()...', 'G:\\OpenServer\\d...', 265, Array)
#1 G:\OpenServer\domains\ht.anhtrong.com\app\Controllers\Frontend\Product\Catalogue.php(265): number_format('', 0, ',', '.')
#2 G:\OpenServer\domains\ht.anhtrong.com\vendor\codeigniter4\framework\system\CodeIgniter.php(918): App\Controllers\Frontend\Product\Catalogue->load_website()
#3 G:\OpenServer\domains\ht.anhtrong.com\vendor\codeigniter4\framework\system\CodeIgniter.php(404): CodeIgniter\CodeIgniter->runController(Object(App\Controllers\Frontend\Product\Catalogue))
#4 G:\OpenServer\domains\ht.anhtrong.com\vendor\codeigniter4\framework\system\CodeIgniter.php(312): CodeIgniter\CodeIgniter->handleRequest(NULL, Object(Config\Cache), false)
#5 G:\OpenServer\domains\ht.anhtrong.com\index.php(48): CodeIgniter\CodeIgniter->run()
#6 {main}
CRITICAL - 2021-09-25 03:09:34 --> number_format() expects parameter 1 to be float, string given
#0 [internal function]: CodeIgniter\Debug\Exceptions->errorHandler(2, 'number_format()...', 'G:\\OpenServer\\d...', 171, Array)
#1 G:\OpenServer\domains\ht.anhtrong.com\app\Views\frontend\product\product\index.php(171): number_format('', 0, ',', '.')
#2 G:\OpenServer\domains\ht.anhtrong.com\vendor\codeigniter4\framework\system\View\View.php(246): include('G:\\OpenServer\\d...')
#3 G:\OpenServer\domains\ht.anhtrong.com\vendor\codeigniter4\framework\system\Common.php(1119): CodeIgniter\View\View->render('frontend/produc...', Array, true)
#4 G:\OpenServer\domains\ht.anhtrong.com\app\Views\frontend\homepage\layout\home.php(74): view('frontend/produc...')
#5 G:\OpenServer\domains\ht.anhtrong.com\vendor\codeigniter4\framework\system\View\View.php(246): include('G:\\OpenServer\\d...')
#6 G:\OpenServer\domains\ht.anhtrong.com\vendor\codeigniter4\framework\system\Common.php(1119): CodeIgniter\View\View->render('frontend/homepa...', Array, true)
#7 G:\OpenServer\domains\ht.anhtrong.com\app\Controllers\Frontend\Product\Product.php(110): view('frontend/homepa...', Array)
#8 G:\OpenServer\domains\ht.anhtrong.com\vendor\codeigniter4\framework\system\View\Cell.php(180): App\Controllers\Frontend\Product\Product->index(Array, '1')
#9 G:\OpenServer\domains\ht.anhtrong.com\vendor\codeigniter4\framework\system\Common.php(1140): CodeIgniter\View\Cell->render('\\App\\Controller...', 'id=13, page=1', 0, 'AppControllersF...')
#10 G:\OpenServer\domains\ht.anhtrong.com\app\Controllers\Frontend\Homepage\Router.php(59): view_cell('\\App\\Controller...', 'id=13, page=1')
#11 G:\OpenServer\domains\ht.anhtrong.com\vendor\codeigniter4\framework\system\CodeIgniter.php(918): App\Controllers\Frontend\Homepage\Router->index('may-hut-chan-kh...')
#12 G:\OpenServer\domains\ht.anhtrong.com\vendor\codeigniter4\framework\system\CodeIgniter.php(404): CodeIgniter\CodeIgniter->runController(Object(App\Controllers\Frontend\Homepage\Router))
#13 G:\OpenServer\domains\ht.anhtrong.com\vendor\codeigniter4\framework\system\CodeIgniter.php(312): CodeIgniter\CodeIgniter->handleRequest(NULL, Object(Config\Cache), false)
#14 G:\OpenServer\domains\ht.anhtrong.com\index.php(48): CodeIgniter\CodeIgniter->run()
#15 {main}
CRITICAL - 2021-09-25 03:10:29 --> number_format() expects parameter 1 to be float, string given
#0 [internal function]: CodeIgniter\Debug\Exceptions->errorHandler(2, 'number_format()...', 'G:\\OpenServer\\d...', 171, Array)
#1 G:\OpenServer\domains\ht.anhtrong.com\app\Views\frontend\product\product\index.php(171): number_format('', 0, ',', '.')
#2 G:\OpenServer\domains\ht.anhtrong.com\vendor\codeigniter4\framework\system\View\View.php(246): include('G:\\OpenServer\\d...')
#3 G:\OpenServer\domains\ht.anhtrong.com\vendor\codeigniter4\framework\system\Common.php(1119): CodeIgniter\View\View->render('frontend/produc...', Array, true)
#4 G:\OpenServer\domains\ht.anhtrong.com\app\Views\frontend\homepage\layout\home.php(74): view('frontend/produc...')
#5 G:\OpenServer\domains\ht.anhtrong.com\vendor\codeigniter4\framework\system\View\View.php(246): include('G:\\OpenServer\\d...')
#6 G:\OpenServer\domains\ht.anhtrong.com\vendor\codeigniter4\framework\system\Common.php(1119): CodeIgniter\View\View->render('frontend/homepa...', Array, true)
#7 G:\OpenServer\domains\ht.anhtrong.com\app\Controllers\Frontend\Product\Product.php(110): view('frontend/homepa...', Array)
#8 G:\OpenServer\domains\ht.anhtrong.com\vendor\codeigniter4\framework\system\View\Cell.php(180): App\Controllers\Frontend\Product\Product->index(Array, '1')
#9 G:\OpenServer\domains\ht.anhtrong.com\vendor\codeigniter4\framework\system\Common.php(1140): CodeIgniter\View\Cell->render('\\App\\Controller...', 'id=13, page=1', 0, 'AppControllersF...')
#10 G:\OpenServer\domains\ht.anhtrong.com\app\Controllers\Frontend\Homepage\Router.php(59): view_cell('\\App\\Controller...', 'id=13, page=1')
#11 G:\OpenServer\domains\ht.anhtrong.com\vendor\codeigniter4\framework\system\CodeIgniter.php(918): App\Controllers\Frontend\Homepage\Router->index('may-hut-chan-kh...')
#12 G:\OpenServer\domains\ht.anhtrong.com\vendor\codeigniter4\framework\system\CodeIgniter.php(404): CodeIgniter\CodeIgniter->runController(Object(App\Controllers\Frontend\Homepage\Router))
#13 G:\OpenServer\domains\ht.anhtrong.com\vendor\codeigniter4\framework\system\CodeIgniter.php(312): CodeIgniter\CodeIgniter->handleRequest(NULL, Object(Config\Cache), false)
#14 G:\OpenServer\domains\ht.anhtrong.com\index.php(48): CodeIgniter\CodeIgniter->run()
#15 {main}
CRITICAL - 2021-09-25 03:10:52 --> number_format() expects parameter 1 to be float, string given
#0 [internal function]: CodeIgniter\Debug\Exceptions->errorHandler(2, 'number_format()...', 'G:\\OpenServer\\d...', 171, Array)
#1 G:\OpenServer\domains\ht.anhtrong.com\app\Views\frontend\product\product\index.php(171): number_format('', 0, ',', '.')
#2 G:\OpenServer\domains\ht.anhtrong.com\vendor\codeigniter4\framework\system\View\View.php(246): include('G:\\OpenServer\\d...')
#3 G:\OpenServer\domains\ht.anhtrong.com\vendor\codeigniter4\framework\system\Common.php(1119): CodeIgniter\View\View->render('frontend/produc...', Array, true)
#4 G:\OpenServer\domains\ht.anhtrong.com\app\Views\frontend\homepage\layout\home.php(74): view('frontend/produc...')
#5 G:\OpenServer\domains\ht.anhtrong.com\vendor\codeigniter4\framework\system\View\View.php(246): include('G:\\OpenServer\\d...')
#6 G:\OpenServer\domains\ht.anhtrong.com\vendor\codeigniter4\framework\system\Common.php(1119): CodeIgniter\View\View->render('frontend/homepa...', Array, true)
#7 G:\OpenServer\domains\ht.anhtrong.com\app\Controllers\Frontend\Product\Product.php(110): view('frontend/homepa...', Array)
#8 G:\OpenServer\domains\ht.anhtrong.com\vendor\codeigniter4\framework\system\View\Cell.php(180): App\Controllers\Frontend\Product\Product->index(Array, '1')
#9 G:\OpenServer\domains\ht.anhtrong.com\vendor\codeigniter4\framework\system\Common.php(1140): CodeIgniter\View\Cell->render('\\App\\Controller...', 'id=13, page=1', 0, 'AppControllersF...')
#10 G:\OpenServer\domains\ht.anhtrong.com\app\Controllers\Frontend\Homepage\Router.php(59): view_cell('\\App\\Controller...', 'id=13, page=1')
#11 G:\OpenServer\domains\ht.anhtrong.com\vendor\codeigniter4\framework\system\CodeIgniter.php(918): App\Controllers\Frontend\Homepage\Router->index('may-hut-chan-kh...')
#12 G:\OpenServer\domains\ht.anhtrong.com\vendor\codeigniter4\framework\system\CodeIgniter.php(404): CodeIgniter\CodeIgniter->runController(Object(App\Controllers\Frontend\Homepage\Router))
#13 G:\OpenServer\domains\ht.anhtrong.com\vendor\codeigniter4\framework\system\CodeIgniter.php(312): CodeIgniter\CodeIgniter->handleRequest(NULL, Object(Config\Cache), false)
#14 G:\OpenServer\domains\ht.anhtrong.com\index.php(48): CodeIgniter\CodeIgniter->run()
#15 {main}
CRITICAL - 2021-09-25 03:16:31 --> Undefined variable: valPost
#0 G:\OpenServer\domains\ht.anhtrong.com\app\Views\frontend\homepage\home\index.php(70): CodeIgniter\Debug\Exceptions->errorHandler(8, 'Undefined varia...', 'G:\\OpenServer\\d...', 70, Array)
#1 G:\OpenServer\domains\ht.anhtrong.com\vendor\codeigniter4\framework\system\View\View.php(246): include('G:\\OpenServer\\d...')
#2 G:\OpenServer\domains\ht.anhtrong.com\vendor\codeigniter4\framework\system\Common.php(1119): CodeIgniter\View\View->render('frontend/homepa...', Array, true)
#3 G:\OpenServer\domains\ht.anhtrong.com\app\Views\frontend\homepage\layout\home.php(74): view('frontend/homepa...')
#4 G:\OpenServer\domains\ht.anhtrong.com\vendor\codeigniter4\framework\system\View\View.php(246): include('G:\\OpenServer\\d...')
#5 G:\OpenServer\domains\ht.anhtrong.com\vendor\codeigniter4\framework\system\Common.php(1119): CodeIgniter\View\View->render('frontend/homepa...', Array, true)
#6 G:\OpenServer\domains\ht.anhtrong.com\app\Controllers\Frontend\Homepage\Home.php(34): view('frontend/homepa...', Array)
#7 G:\OpenServer\domains\ht.anhtrong.com\vendor\codeigniter4\framework\system\CodeIgniter.php(918): App\Controllers\Frontend\Homepage\Home->index()
#8 G:\OpenServer\domains\ht.anhtrong.com\vendor\codeigniter4\framework\system\CodeIgniter.php(404): CodeIgniter\CodeIgniter->runController(Object(App\Controllers\Frontend\Homepage\Home))
#9 G:\OpenServer\domains\ht.anhtrong.com\vendor\codeigniter4\framework\system\CodeIgniter.php(312): CodeIgniter\CodeIgniter->handleRequest(NULL, Object(Config\Cache), false)
#10 G:\OpenServer\domains\ht.anhtrong.com\index.php(48): CodeIgniter\CodeIgniter->run()
#11 {main}
CRITICAL - 2021-09-25 03:17:03 --> Undefined variable: valPost
#0 G:\OpenServer\domains\ht.anhtrong.com\app\Views\frontend\homepage\home\index.php(70): CodeIgniter\Debug\Exceptions->errorHandler(8, 'Undefined varia...', 'G:\\OpenServer\\d...', 70, Array)
#1 G:\OpenServer\domains\ht.anhtrong.com\vendor\codeigniter4\framework\system\View\View.php(246): include('G:\\OpenServer\\d...')
#2 G:\OpenServer\domains\ht.anhtrong.com\vendor\codeigniter4\framework\system\Common.php(1119): CodeIgniter\View\View->render('frontend/homepa...', Array, true)
#3 G:\OpenServer\domains\ht.anhtrong.com\app\Views\frontend\homepage\layout\home.php(74): view('frontend/homepa...')
#4 G:\OpenServer\domains\ht.anhtrong.com\vendor\codeigniter4\framework\system\View\View.php(246): include('G:\\OpenServer\\d...')
#5 G:\OpenServer\domains\ht.anhtrong.com\vendor\codeigniter4\framework\system\Common.php(1119): CodeIgniter\View\View->render('frontend/homepa...', Array, true)
#6 G:\OpenServer\domains\ht.anhtrong.com\app\Controllers\Frontend\Homepage\Home.php(34): view('frontend/homepa...', Array)
#7 G:\OpenServer\domains\ht.anhtrong.com\vendor\codeigniter4\framework\system\CodeIgniter.php(918): App\Controllers\Frontend\Homepage\Home->index()
#8 G:\OpenServer\domains\ht.anhtrong.com\vendor\codeigniter4\framework\system\CodeIgniter.php(404): CodeIgniter\CodeIgniter->runController(Object(App\Controllers\Frontend\Homepage\Home))
#9 G:\OpenServer\domains\ht.anhtrong.com\vendor\codeigniter4\framework\system\CodeIgniter.php(312): CodeIgniter\CodeIgniter->handleRequest(NULL, Object(Config\Cache), false)
#10 G:\OpenServer\domains\ht.anhtrong.com\index.php(48): CodeIgniter\CodeIgniter->run()
#11 {main}
CRITICAL - 2021-09-25 03:17:03 --> Undefined variable: valPost
#0 G:\OpenServer\domains\ht.anhtrong.com\app\Views\frontend\homepage\home\index.php(70): CodeIgniter\Debug\Exceptions->errorHandler(8, 'Undefined varia...', 'G:\\OpenServer\\d...', 70, Array)
#1 G:\OpenServer\domains\ht.anhtrong.com\vendor\codeigniter4\framework\system\View\View.php(246): include('G:\\OpenServer\\d...')
#2 G:\OpenServer\domains\ht.anhtrong.com\vendor\codeigniter4\framework\system\Common.php(1119): CodeIgniter\View\View->render('frontend/homepa...', Array, true)
#3 G:\OpenServer\domains\ht.anhtrong.com\app\Views\frontend\homepage\layout\home.php(74): view('frontend/homepa...')
#4 G:\OpenServer\domains\ht.anhtrong.com\vendor\codeigniter4\framework\system\View\View.php(246): include('G:\\OpenServer\\d...')
#5 G:\OpenServer\domains\ht.anhtrong.com\vendor\codeigniter4\framework\system\Common.php(1119): CodeIgniter\View\View->render('frontend/homepa...', Array, true)
#6 G:\OpenServer\domains\ht.anhtrong.com\app\Controllers\Frontend\Homepage\Home.php(34): view('frontend/homepa...', Array)
#7 G:\OpenServer\domains\ht.anhtrong.com\vendor\codeigniter4\framework\system\CodeIgniter.php(918): App\Controllers\Frontend\Homepage\Home->index()
#8 G:\OpenServer\domains\ht.anhtrong.com\vendor\codeigniter4\framework\system\CodeIgniter.php(404): CodeIgniter\CodeIgniter->runController(Object(App\Controllers\Frontend\Homepage\Home))
#9 G:\OpenServer\domains\ht.anhtrong.com\vendor\codeigniter4\framework\system\CodeIgniter.php(312): CodeIgniter\CodeIgniter->handleRequest(NULL, Object(Config\Cache), false)
#10 G:\OpenServer\domains\ht.anhtrong.com\index.php(48): CodeIgniter\CodeIgniter->run()
#11 {main}
CRITICAL - 2021-09-25 03:39:36 --> Undefined variable: id
#0 G:\OpenServer\domains\ht.anhtrong.com\app\Views\frontend\product\product\index.php(67): CodeIgniter\Debug\Exceptions->errorHandler(8, 'Undefined varia...', 'G:\\OpenServer\\d...', 67, Array)
#1 G:\OpenServer\domains\ht.anhtrong.com\vendor\codeigniter4\framework\system\View\View.php(246): include('G:\\OpenServer\\d...')
#2 G:\OpenServer\domains\ht.anhtrong.com\vendor\codeigniter4\framework\system\Common.php(1119): CodeIgniter\View\View->render('frontend/produc...', Array, true)
#3 G:\OpenServer\domains\ht.anhtrong.com\app\Views\frontend\homepage\layout\home.php(74): view('frontend/produc...')
#4 G:\OpenServer\domains\ht.anhtrong.com\vendor\codeigniter4\framework\system\View\View.php(246): include('G:\\OpenServer\\d...')
#5 G:\OpenServer\domains\ht.anhtrong.com\vendor\codeigniter4\framework\system\Common.php(1119): CodeIgniter\View\View->render('frontend/homepa...', Array, true)
#6 G:\OpenServer\domains\ht.anhtrong.com\app\Controllers\Frontend\Product\Product.php(110): view('frontend/homepa...', Array)
#7 G:\OpenServer\domains\ht.anhtrong.com\vendor\codeigniter4\framework\system\View\Cell.php(180): App\Controllers\Frontend\Product\Product->index(Array, '1')
#8 G:\OpenServer\domains\ht.anhtrong.com\vendor\codeigniter4\framework\system\Common.php(1140): CodeIgniter\View\Cell->render('\\App\\Controller...', 'id=13, page=1', 0, 'AppControllersF...')
#9 G:\OpenServer\domains\ht.anhtrong.com\app\Controllers\Frontend\Homepage\Router.php(59): view_cell('\\App\\Controller...', 'id=13, page=1')
#10 G:\OpenServer\domains\ht.anhtrong.com\vendor\codeigniter4\framework\system\CodeIgniter.php(918): App\Controllers\Frontend\Homepage\Router->index('may-hut-chan-kh...')
#11 G:\OpenServer\domains\ht.anhtrong.com\vendor\codeigniter4\framework\system\CodeIgniter.php(404): CodeIgniter\CodeIgniter->runController(Object(App\Controllers\Frontend\Homepage\Router))
#12 G:\OpenServer\domains\ht.anhtrong.com\vendor\codeigniter4\framework\system\CodeIgniter.php(312): CodeIgniter\CodeIgniter->handleRequest(NULL, Object(Config\Cache), false)
#13 G:\OpenServer\domains\ht.anhtrong.com\index.php(48): CodeIgniter\CodeIgniter->run()
#14 {main}
CRITICAL - 2021-09-25 04:13:18 --> Undefined variable: valPost
#0 G:\OpenServer\domains\ht.anhtrong.com\app\Views\frontend\product\product\index.php(55): CodeIgniter\Debug\Exceptions->errorHandler(8, 'Undefined varia...', 'G:\\OpenServer\\d...', 55, Array)
#1 G:\OpenServer\domains\ht.anhtrong.com\vendor\codeigniter4\framework\system\View\View.php(246): include('G:\\OpenServer\\d...')
#2 G:\OpenServer\domains\ht.anhtrong.com\vendor\codeigniter4\framework\system\Common.php(1119): CodeIgniter\View\View->render('frontend/produc...', Array, true)
#3 G:\OpenServer\domains\ht.anhtrong.com\app\Views\frontend\homepage\layout\home.php(74): view('frontend/produc...')
#4 G:\OpenServer\domains\ht.anhtrong.com\vendor\codeigniter4\framework\system\View\View.php(246): include('G:\\OpenServer\\d...')
#5 G:\OpenServer\domains\ht.anhtrong.com\vendor\codeigniter4\framework\system\Common.php(1119): CodeIgniter\View\View->render('frontend/homepa...', Array, true)
#6 G:\OpenServer\domains\ht.anhtrong.com\app\Controllers\Frontend\Product\Product.php(110): view('frontend/homepa...', Array)
#7 G:\OpenServer\domains\ht.anhtrong.com\vendor\codeigniter4\framework\system\View\Cell.php(180): App\Controllers\Frontend\Product\Product->index(Array, '1')
#8 G:\OpenServer\domains\ht.anhtrong.com\vendor\codeigniter4\framework\system\Common.php(1140): CodeIgniter\View\Cell->render('\\App\\Controller...', 'id=13, page=1', 0, 'AppControllersF...')
#9 G:\OpenServer\domains\ht.anhtrong.com\app\Controllers\Frontend\Homepage\Router.php(59): view_cell('\\App\\Controller...', 'id=13, page=1')
#10 G:\OpenServer\domains\ht.anhtrong.com\vendor\codeigniter4\framework\system\CodeIgniter.php(918): App\Controllers\Frontend\Homepage\Router->index('may-hut-chan-kh...')
#11 G:\OpenServer\domains\ht.anhtrong.com\vendor\codeigniter4\framework\system\CodeIgniter.php(404): CodeIgniter\CodeIgniter->runController(Object(App\Controllers\Frontend\Homepage\Router))
#12 G:\OpenServer\domains\ht.anhtrong.com\vendor\codeigniter4\framework\system\CodeIgniter.php(312): CodeIgniter\CodeIgniter->handleRequest(NULL, Object(Config\Cache), false)
#13 G:\OpenServer\domains\ht.anhtrong.com\index.php(48): CodeIgniter\CodeIgniter->run()
#14 {main}
CRITICAL - 2021-09-25 04:13:29 --> Undefined variable: valPost
#0 G:\OpenServer\domains\ht.anhtrong.com\app\Views\frontend\product\product\index.php(56): CodeIgniter\Debug\Exceptions->errorHandler(8, 'Undefined varia...', 'G:\\OpenServer\\d...', 56, Array)
#1 G:\OpenServer\domains\ht.anhtrong.com\vendor\codeigniter4\framework\system\View\View.php(246): include('G:\\OpenServer\\d...')
#2 G:\OpenServer\domains\ht.anhtrong.com\vendor\codeigniter4\framework\system\Common.php(1119): CodeIgniter\View\View->render('frontend/produc...', Array, true)
#3 G:\OpenServer\domains\ht.anhtrong.com\app\Views\frontend\homepage\layout\home.php(74): view('frontend/produc...')
#4 G:\OpenServer\domains\ht.anhtrong.com\vendor\codeigniter4\framework\system\View\View.php(246): include('G:\\OpenServer\\d...')
#5 G:\OpenServer\domains\ht.anhtrong.com\vendor\codeigniter4\framework\system\Common.php(1119): CodeIgniter\View\View->render('frontend/homepa...', Array, true)
#6 G:\OpenServer\domains\ht.anhtrong.com\app\Controllers\Frontend\Product\Product.php(110): view('frontend/homepa...', Array)
#7 G:\OpenServer\domains\ht.anhtrong.com\vendor\codeigniter4\framework\system\View\Cell.php(180): App\Controllers\Frontend\Product\Product->index(Array, '1')
#8 G:\OpenServer\domains\ht.anhtrong.com\vendor\codeigniter4\framework\system\Common.php(1140): CodeIgniter\View\Cell->render('\\App\\Controller...', 'id=13, page=1', 0, 'AppControllersF...')
#9 G:\OpenServer\domains\ht.anhtrong.com\app\Controllers\Frontend\Homepage\Router.php(59): view_cell('\\App\\Controller...', 'id=13, page=1')
#10 G:\OpenServer\domains\ht.anhtrong.com\vendor\codeigniter4\framework\system\CodeIgniter.php(918): App\Controllers\Frontend\Homepage\Router->index('may-hut-chan-kh...')
#11 G:\OpenServer\domains\ht.anhtrong.com\vendor\codeigniter4\framework\system\CodeIgniter.php(404): CodeIgniter\CodeIgniter->runController(Object(App\Controllers\Frontend\Homepage\Router))
#12 G:\OpenServer\domains\ht.anhtrong.com\vendor\codeigniter4\framework\system\CodeIgniter.php(312): CodeIgniter\CodeIgniter->handleRequest(NULL, Object(Config\Cache), false)
#13 G:\OpenServer\domains\ht.anhtrong.com\index.php(48): CodeIgniter\CodeIgniter->run()
#14 {main}
CRITICAL - 2021-09-25 04:14:11 --> Undefined index: rate
#0 G:\OpenServer\domains\ht.anhtrong.com\app\Views\frontend\product\product\index.php(45): CodeIgniter\Debug\Exceptions->errorHandler(8, 'Undefined index...', 'G:\\OpenServer\\d...', 45, Array)
#1 G:\OpenServer\domains\ht.anhtrong.com\vendor\codeigniter4\framework\system\View\View.php(246): include('G:\\OpenServer\\d...')
#2 G:\OpenServer\domains\ht.anhtrong.com\vendor\codeigniter4\framework\system\Common.php(1119): CodeIgniter\View\View->render('frontend/produc...', Array, true)
#3 G:\OpenServer\domains\ht.anhtrong.com\app\Views\frontend\homepage\layout\home.php(74): view('frontend/produc...')
#4 G:\OpenServer\domains\ht.anhtrong.com\vendor\codeigniter4\framework\system\View\View.php(246): include('G:\\OpenServer\\d...')
#5 G:\OpenServer\domains\ht.anhtrong.com\vendor\codeigniter4\framework\system\Common.php(1119): CodeIgniter\View\View->render('frontend/homepa...', Array, true)
#6 G:\OpenServer\domains\ht.anhtrong.com\app\Controllers\Frontend\Product\Product.php(110): view('frontend/homepa...', Array)
#7 G:\OpenServer\domains\ht.anhtrong.com\vendor\codeigniter4\framework\system\View\Cell.php(180): App\Controllers\Frontend\Product\Product->index(Array, '1')
#8 G:\OpenServer\domains\ht.anhtrong.com\vendor\codeigniter4\framework\system\Common.php(1140): CodeIgniter\View\Cell->render('\\App\\Controller...', 'id=13, page=1', 0, 'AppControllersF...')
#9 G:\OpenServer\domains\ht.anhtrong.com\app\Controllers\Frontend\Homepage\Router.php(59): view_cell('\\App\\Controller...', 'id=13, page=1')
#10 G:\OpenServer\domains\ht.anhtrong.com\vendor\codeigniter4\framework\system\CodeIgniter.php(918): App\Controllers\Frontend\Homepage\Router->index('may-hut-chan-kh...')
#11 G:\OpenServer\domains\ht.anhtrong.com\vendor\codeigniter4\framework\system\CodeIgniter.php(404): CodeIgniter\CodeIgniter->runController(Object(App\Controllers\Frontend\Homepage\Router))
#12 G:\OpenServer\domains\ht.anhtrong.com\vendor\codeigniter4\framework\system\CodeIgniter.php(312): CodeIgniter\CodeIgniter->handleRequest(NULL, Object(Config\Cache), false)
#13 G:\OpenServer\domains\ht.anhtrong.com\index.php(48): CodeIgniter\CodeIgniter->run()
#14 {main}
CRITICAL - 2021-09-25 04:26:43 --> Undefined variable: valPost
#0 G:\OpenServer\domains\ht.anhtrong.com\app\Controllers\Frontend\Product\Catalogue.php(265): CodeIgniter\Debug\Exceptions->errorHandler(8, 'Undefined varia...', 'G:\\OpenServer\\d...', 265, Array)
#1 G:\OpenServer\domains\ht.anhtrong.com\vendor\codeigniter4\framework\system\CodeIgniter.php(918): App\Controllers\Frontend\Product\Catalogue->load_website()
#2 G:\OpenServer\domains\ht.anhtrong.com\vendor\codeigniter4\framework\system\CodeIgniter.php(404): CodeIgniter\CodeIgniter->runController(Object(App\Controllers\Frontend\Product\Catalogue))
#3 G:\OpenServer\domains\ht.anhtrong.com\vendor\codeigniter4\framework\system\CodeIgniter.php(312): CodeIgniter\CodeIgniter->handleRequest(NULL, Object(Config\Cache), false)
#4 G:\OpenServer\domains\ht.anhtrong.com\index.php(48): CodeIgniter\CodeIgniter->run()
#5 {main}
CRITICAL - 2021-09-25 04:26:43 --> Undefined variable: valPost
#0 G:\OpenServer\domains\ht.anhtrong.com\app\Controllers\Frontend\Product\Catalogue.php(265): CodeIgniter\Debug\Exceptions->errorHandler(8, 'Undefined varia...', 'G:\\OpenServer\\d...', 265, Array)
#1 G:\OpenServer\domains\ht.anhtrong.com\vendor\codeigniter4\framework\system\CodeIgniter.php(918): App\Controllers\Frontend\Product\Catalogue->load_website()
#2 G:\OpenServer\domains\ht.anhtrong.com\vendor\codeigniter4\framework\system\CodeIgniter.php(404): CodeIgniter\CodeIgniter->runController(Object(App\Controllers\Frontend\Product\Catalogue))
#3 G:\OpenServer\domains\ht.anhtrong.com\vendor\codeigniter4\framework\system\CodeIgniter.php(312): CodeIgniter\CodeIgniter->handleRequest(NULL, Object(Config\Cache), false)
#4 G:\OpenServer\domains\ht.anhtrong.com\index.php(48): CodeIgniter\CodeIgniter->run()
#5 {main}
CRITICAL - 2021-09-25 04:26:44 --> Undefined variable: valPost
#0 G:\OpenServer\domains\ht.anhtrong.com\app\Controllers\Frontend\Product\Catalogue.php(265): CodeIgniter\Debug\Exceptions->errorHandler(8, 'Undefined varia...', 'G:\\OpenServer\\d...', 265, Array)
#1 G:\OpenServer\domains\ht.anhtrong.com\vendor\codeigniter4\framework\system\CodeIgniter.php(918): App\Controllers\Frontend\Product\Catalogue->load_website()
#2 G:\OpenServer\domains\ht.anhtrong.com\vendor\codeigniter4\framework\system\CodeIgniter.php(404): CodeIgniter\CodeIgniter->runController(Object(App\Controllers\Frontend\Product\Catalogue))
#3 G:\OpenServer\domains\ht.anhtrong.com\vendor\codeigniter4\framework\system\CodeIgniter.php(312): CodeIgniter\CodeIgniter->handleRequest(NULL, Object(Config\Cache), false)
#4 G:\OpenServer\domains\ht.anhtrong.com\index.php(48): CodeIgniter\CodeIgniter->run()
#5 {main}
CRITICAL - 2021-09-25 04:26:44 --> Undefined variable: valPost
#0 G:\OpenServer\domains\ht.anhtrong.com\app\Controllers\Frontend\Product\Catalogue.php(265): CodeIgniter\Debug\Exceptions->errorHandler(8, 'Undefined varia...', 'G:\\OpenServer\\d...', 265, Array)
#1 G:\OpenServer\domains\ht.anhtrong.com\vendor\codeigniter4\framework\system\CodeIgniter.php(918): App\Controllers\Frontend\Product\Catalogue->load_website()
#2 G:\OpenServer\domains\ht.anhtrong.com\vendor\codeigniter4\framework\system\CodeIgniter.php(404): CodeIgniter\CodeIgniter->runController(Object(App\Controllers\Frontend\Product\Catalogue))
#3 G:\OpenServer\domains\ht.anhtrong.com\vendor\codeigniter4\framework\system\CodeIgniter.php(312): CodeIgniter\CodeIgniter->handleRequest(NULL, Object(Config\Cache), false)
#4 G:\OpenServer\domains\ht.anhtrong.com\index.php(48): CodeIgniter\CodeIgniter->run()
#5 {main}
CRITICAL - 2021-09-25 05:07:30 --> Undefined variable: object
#0 G:\OpenServer\domains\ht.anhtrong.com\app\Controllers\Frontend\Product\Product.php(63): CodeIgniter\Debug\Exceptions->errorHandler(8, 'Undefined varia...', 'G:\\OpenServer\\d...', 63, Array)
#1 G:\OpenServer\domains\ht.anhtrong.com\vendor\codeigniter4\framework\system\View\Cell.php(180): App\Controllers\Frontend\Product\Product->index(13, '1')
#2 G:\OpenServer\domains\ht.anhtrong.com\vendor\codeigniter4\framework\system\Common.php(1140): CodeIgniter\View\Cell->render('\\App\\Controller...', 'id=13, page=1', 0, 'AppControllersF...')
#3 G:\OpenServer\domains\ht.anhtrong.com\app\Controllers\Frontend\Homepage\Router.php(59): view_cell('\\App\\Controller...', 'id=13, page=1')
#4 G:\OpenServer\domains\ht.anhtrong.com\vendor\codeigniter4\framework\system\CodeIgniter.php(918): App\Controllers\Frontend\Homepage\Router->index('may-hut-chan-kh...')
#5 G:\OpenServer\domains\ht.anhtrong.com\vendor\codeigniter4\framework\system\CodeIgniter.php(404): CodeIgniter\CodeIgniter->runController(Object(App\Controllers\Frontend\Homepage\Router))
#6 G:\OpenServer\domains\ht.anhtrong.com\vendor\codeigniter4\framework\system\CodeIgniter.php(312): CodeIgniter\CodeIgniter->handleRequest(NULL, Object(Config\Cache), false)
#7 G:\OpenServer\domains\ht.anhtrong.com\index.php(48): CodeIgniter\CodeIgniter->run()
#8 {main}
CRITICAL - 2021-09-25 05:10:37 --> syntax error, unexpected end of file
#0 G:\OpenServer\domains\ht.anhtrong.com\vendor\codeigniter4\framework\system\Common.php(1119): CodeIgniter\View\View->render('frontend/produc...', Array, true)
#1 G:\OpenServer\domains\ht.anhtrong.com\app\Views\frontend\homepage\layout\home.php(74): view('frontend/produc...')
#2 G:\OpenServer\domains\ht.anhtrong.com\vendor\codeigniter4\framework\system\View\View.php(246): include('G:\\OpenServer\\d...')
#3 G:\OpenServer\domains\ht.anhtrong.com\vendor\codeigniter4\framework\system\Common.php(1119): CodeIgniter\View\View->render('frontend/homepa...', Array, true)
#4 G:\OpenServer\domains\ht.anhtrong.com\app\Controllers\Frontend\Product\Product.php(123): view('frontend/homepa...', Array)
#5 G:\OpenServer\domains\ht.anhtrong.com\vendor\codeigniter4\framework\system\View\Cell.php(180): App\Controllers\Frontend\Product\Product->index(Array, '1')
#6 G:\OpenServer\domains\ht.anhtrong.com\vendor\codeigniter4\framework\system\Common.php(1140): CodeIgniter\View\Cell->render('\\App\\Controller...', 'id=13, page=1', 0, 'AppControllersF...')
#7 G:\OpenServer\domains\ht.anhtrong.com\app\Controllers\Frontend\Homepage\Router.php(59): view_cell('\\App\\Controller...', 'id=13, page=1')
#8 G:\OpenServer\domains\ht.anhtrong.com\vendor\codeigniter4\framework\system\CodeIgniter.php(918): App\Controllers\Frontend\Homepage\Router->index('may-hut-chan-kh...')
#9 G:\OpenServer\domains\ht.anhtrong.com\vendor\codeigniter4\framework\system\CodeIgniter.php(404): CodeIgniter\CodeIgniter->runController(Object(App\Controllers\Frontend\Homepage\Router))
#10 G:\OpenServer\domains\ht.anhtrong.com\vendor\codeigniter4\framework\system\CodeIgniter.php(312): CodeIgniter\CodeIgniter->handleRequest(NULL, Object(Config\Cache), false)
#11 G:\OpenServer\domains\ht.anhtrong.com\index.php(48): CodeIgniter\CodeIgniter->run()
#12 {main}
CRITICAL - 2021-09-25 05:13:41 --> count(): Parameter must be an array or an object that implements Countable
#0 [internal function]: CodeIgniter\Debug\Exceptions->errorHandler(2, 'count(): Parame...', 'G:\\OpenServer\\d...', 41, Array)
#1 G:\OpenServer\domains\ht.anhtrong.com\app\Controllers\Frontend\Tag\Tag.php(41): count(13)
#2 G:\OpenServer\domains\ht.anhtrong.com\vendor\codeigniter4\framework\system\CodeIgniter.php(918): App\Controllers\Frontend\Tag\Tag->index()
#3 G:\OpenServer\domains\ht.anhtrong.com\vendor\codeigniter4\framework\system\CodeIgniter.php(404): CodeIgniter\CodeIgniter->runController(Object(App\Controllers\Frontend\Tag\Tag))
#4 G:\OpenServer\domains\ht.anhtrong.com\vendor\codeigniter4\framework\system\CodeIgniter.php(312): CodeIgniter\CodeIgniter->handleRequest(NULL, Object(Config\Cache), false)
#5 G:\OpenServer\domains\ht.anhtrong.com\index.php(48): CodeIgniter\CodeIgniter->run()
#6 {main}
CRITICAL - 2021-09-25 05:14:00 --> Invalid file: {0}
#0 G:\OpenServer\domains\ht.anhtrong.com\vendor\codeigniter4\framework\system\View\View.php(228): CodeIgniter\Exceptions\FrameworkException::forInvalidFile('frontend/homepa...')
#1 G:\OpenServer\domains\ht.anhtrong.com\vendor\codeigniter4\framework\system\Common.php(1119): CodeIgniter\View\View->render('frontend/homepa...', Array, true)
#2 G:\OpenServer\domains\ht.anhtrong.com\app\Views\frontend\tag\index.php(23): view('frontend/homepa...')
#3 G:\OpenServer\domains\ht.anhtrong.com\vendor\codeigniter4\framework\system\View\View.php(246): include('G:\\OpenServer\\d...')
#4 G:\OpenServer\domains\ht.anhtrong.com\vendor\codeigniter4\framework\system\Common.php(1119): CodeIgniter\View\View->render('frontend/tag/in...', Array, true)
#5 G:\OpenServer\domains\ht.anhtrong.com\app\Views\frontend\homepage\layout\home.php(74): view('frontend/tag/in...')
#6 G:\OpenServer\domains\ht.anhtrong.com\vendor\codeigniter4\framework\system\View\View.php(246): include('G:\\OpenServer\\d...')
#7 G:\OpenServer\domains\ht.anhtrong.com\vendor\codeigniter4\framework\system\Common.php(1119): CodeIgniter\View\View->render('frontend/homepa...', Array, true)
#8 G:\OpenServer\domains\ht.anhtrong.com\app\Controllers\Frontend\Tag\Tag.php(94): view('frontend/homepa...', Array)
#9 G:\OpenServer\domains\ht.anhtrong.com\vendor\codeigniter4\framework\system\CodeIgniter.php(918): App\Controllers\Frontend\Tag\Tag->index()
#10 G:\OpenServer\domains\ht.anhtrong.com\vendor\codeigniter4\framework\system\CodeIgniter.php(404): CodeIgniter\CodeIgniter->runController(Object(App\Controllers\Frontend\Tag\Tag))
#11 G:\OpenServer\domains\ht.anhtrong.com\vendor\codeigniter4\framework\system\CodeIgniter.php(312): CodeIgniter\CodeIgniter->handleRequest(NULL, Object(Config\Cache), false)
#12 G:\OpenServer\domains\ht.anhtrong.com\index.php(48): CodeIgniter\CodeIgniter->run()
#13 {main}
CRITICAL - 2021-09-25 05:16:33 --> Invalid file: {0}
#0 G:\OpenServer\domains\ht.anhtrong.com\vendor\codeigniter4\framework\system\View\View.php(228): CodeIgniter\Exceptions\FrameworkException::forInvalidFile('frontend/homepa...')
#1 G:\OpenServer\domains\ht.anhtrong.com\vendor\codeigniter4\framework\system\Common.php(1119): CodeIgniter\View\View->render('frontend/homepa...', Array, true)
#2 G:\OpenServer\domains\ht.anhtrong.com\app\Views\frontend\tag\index.php(23): view('frontend/homepa...')
#3 G:\OpenServer\domains\ht.anhtrong.com\vendor\codeigniter4\framework\system\View\View.php(246): include('G:\\OpenServer\\d...')
#4 G:\OpenServer\domains\ht.anhtrong.com\vendor\codeigniter4\framework\system\Common.php(1119): CodeIgniter\View\View->render('frontend/tag/in...', Array, true)
#5 G:\OpenServer\domains\ht.anhtrong.com\app\Views\frontend\homepage\layout\home.php(74): view('frontend/tag/in...')
#6 G:\OpenServer\domains\ht.anhtrong.com\vendor\codeigniter4\framework\system\View\View.php(246): include('G:\\OpenServer\\d...')
#7 G:\OpenServer\domains\ht.anhtrong.com\vendor\codeigniter4\framework\system\Common.php(1119): CodeIgniter\View\View->render('frontend/homepa...', Array, true)
#8 G:\OpenServer\domains\ht.anhtrong.com\app\Controllers\Frontend\Tag\Tag.php(96): view('frontend/homepa...', Array)
#9 G:\OpenServer\domains\ht.anhtrong.com\vendor\codeigniter4\framework\system\CodeIgniter.php(918): App\Controllers\Frontend\Tag\Tag->index()
#10 G:\OpenServer\domains\ht.anhtrong.com\vendor\codeigniter4\framework\system\CodeIgniter.php(404): CodeIgniter\CodeIgniter->runController(Object(App\Controllers\Frontend\Tag\Tag))
#11 G:\OpenServer\domains\ht.anhtrong.com\vendor\codeigniter4\framework\system\CodeIgniter.php(312): CodeIgniter\CodeIgniter->handleRequest(NULL, Object(Config\Cache), false)
#12 G:\OpenServer\domains\ht.anhtrong.com\index.php(48): CodeIgniter\CodeIgniter->run()
#13 {main}
CRITICAL - 2021-09-25 05:18:42 --> Undefined variable: detailCatalogue
#0 G:\OpenServer\domains\ht.anhtrong.com\app\Views\frontend\tag\index.php(16): CodeIgniter\Debug\Exceptions->errorHandler(8, 'Undefined varia...', 'G:\\OpenServer\\d...', 16, Array)
#1 G:\OpenServer\domains\ht.anhtrong.com\vendor\codeigniter4\framework\system\View\View.php(246): include('G:\\OpenServer\\d...')
#2 G:\OpenServer\domains\ht.anhtrong.com\vendor\codeigniter4\framework\system\Common.php(1119): CodeIgniter\View\View->render('frontend/tag/in...', Array, true)
#3 G:\OpenServer\domains\ht.anhtrong.com\app\Views\frontend\homepage\layout\home.php(74): view('frontend/tag/in...')
#4 G:\OpenServer\domains\ht.anhtrong.com\vendor\codeigniter4\framework\system\View\View.php(246): include('G:\\OpenServer\\d...')
#5 G:\OpenServer\domains\ht.anhtrong.com\vendor\codeigniter4\framework\system\Common.php(1119): CodeIgniter\View\View->render('frontend/homepa...', Array, true)
#6 G:\OpenServer\domains\ht.anhtrong.com\app\Controllers\Frontend\Tag\Tag.php(96): view('frontend/homepa...', Array)
#7 G:\OpenServer\domains\ht.anhtrong.com\vendor\codeigniter4\framework\system\CodeIgniter.php(918): App\Controllers\Frontend\Tag\Tag->index()
#8 G:\OpenServer\domains\ht.anhtrong.com\vendor\codeigniter4\framework\system\CodeIgniter.php(404): CodeIgniter\CodeIgniter->runController(Object(App\Controllers\Frontend\Tag\Tag))
#9 G:\OpenServer\domains\ht.anhtrong.com\vendor\codeigniter4\framework\system\CodeIgniter.php(312): CodeIgniter\CodeIgniter->handleRequest(NULL, Object(Config\Cache), false)
#10 G:\OpenServer\domains\ht.anhtrong.com\index.php(48): CodeIgniter\CodeIgniter->run()
#11 {main}
CRITICAL - 2021-09-25 05:19:10 --> Undefined variable: valPost
#0 G:\OpenServer\domains\ht.anhtrong.com\app\Controllers\Frontend\Product\Catalogue.php(265): CodeIgniter\Debug\Exceptions->errorHandler(8, 'Undefined varia...', 'G:\\OpenServer\\d...', 265, Array)
#1 G:\OpenServer\domains\ht.anhtrong.com\vendor\codeigniter4\framework\system\CodeIgniter.php(918): App\Controllers\Frontend\Product\Catalogue->load_website()
#2 G:\OpenServer\domains\ht.anhtrong.com\vendor\codeigniter4\framework\system\CodeIgniter.php(404): CodeIgniter\CodeIgniter->runController(Object(App\Controllers\Frontend\Product\Catalogue))
#3 G:\OpenServer\domains\ht.anhtrong.com\vendor\codeigniter4\framework\system\CodeIgniter.php(312): CodeIgniter\CodeIgniter->handleRequest(NULL, Object(Config\Cache), false)
#4 G:\OpenServer\domains\ht.anhtrong.com\index.php(48): CodeIgniter\CodeIgniter->run()
#5 {main}
CRITICAL - 2021-09-25 05:19:29 --> Undefined variable: valPost
#0 G:\OpenServer\domains\ht.anhtrong.com\app\Controllers\Frontend\Product\Catalogue.php(265): CodeIgniter\Debug\Exceptions->errorHandler(8, 'Undefined varia...', 'G:\\OpenServer\\d...', 265, Array)
#1 G:\OpenServer\domains\ht.anhtrong.com\vendor\codeigniter4\framework\system\CodeIgniter.php(918): App\Controllers\Frontend\Product\Catalogue->load_website()
#2 G:\OpenServer\domains\ht.anhtrong.com\vendor\codeigniter4\framework\system\CodeIgniter.php(404): CodeIgniter\CodeIgniter->runController(Object(App\Controllers\Frontend\Product\Catalogue))
#3 G:\OpenServer\domains\ht.anhtrong.com\vendor\codeigniter4\framework\system\CodeIgniter.php(312): CodeIgniter\CodeIgniter->handleRequest(NULL, Object(Config\Cache), false)
#4 G:\OpenServer\domains\ht.anhtrong.com\index.php(48): CodeIgniter\CodeIgniter->run()
#5 {main}
CRITICAL - 2021-09-25 05:19:38 --> Undefined variable: valPost
#0 G:\OpenServer\domains\ht.anhtrong.com\app\Controllers\Frontend\Product\Catalogue.php(265): CodeIgniter\Debug\Exceptions->errorHandler(8, 'Undefined varia...', 'G:\\OpenServer\\d...', 265, Array)
#1 G:\OpenServer\domains\ht.anhtrong.com\vendor\codeigniter4\framework\system\CodeIgniter.php(918): App\Controllers\Frontend\Product\Catalogue->load_website()
#2 G:\OpenServer\domains\ht.anhtrong.com\vendor\codeigniter4\framework\system\CodeIgniter.php(404): CodeIgniter\CodeIgniter->runController(Object(App\Controllers\Frontend\Product\Catalogue))
#3 G:\OpenServer\domains\ht.anhtrong.com\vendor\codeigniter4\framework\system\CodeIgniter.php(312): CodeIgniter\CodeIgniter->handleRequest(NULL, Object(Config\Cache), false)
#4 G:\OpenServer\domains\ht.anhtrong.com\index.php(48): CodeIgniter\CodeIgniter->run()
#5 {main}
CRITICAL - 2021-09-25 05:19:43 --> Undefined variable: valPost
#0 G:\OpenServer\domains\ht.anhtrong.com\app\Controllers\Frontend\Product\Catalogue.php(265): CodeIgniter\Debug\Exceptions->errorHandler(8, 'Undefined varia...', 'G:\\OpenServer\\d...', 265, Array)
#1 G:\OpenServer\domains\ht.anhtrong.com\vendor\codeigniter4\framework\system\CodeIgniter.php(918): App\Controllers\Frontend\Product\Catalogue->load_website()
#2 G:\OpenServer\domains\ht.anhtrong.com\vendor\codeigniter4\framework\system\CodeIgniter.php(404): CodeIgniter\CodeIgniter->runController(Object(App\Controllers\Frontend\Product\Catalogue))
#3 G:\OpenServer\domains\ht.anhtrong.com\vendor\codeigniter4\framework\system\CodeIgniter.php(312): CodeIgniter\CodeIgniter->handleRequest(NULL, Object(Config\Cache), false)
#4 G:\OpenServer\domains\ht.anhtrong.com\index.php(48): CodeIgniter\CodeIgniter->run()
#5 {main}
CRITICAL - 2021-09-25 05:19:44 --> Undefined variable: valPost
#0 G:\OpenServer\domains\ht.anhtrong.com\app\Controllers\Frontend\Product\Catalogue.php(265): CodeIgniter\Debug\Exceptions->errorHandler(8, 'Undefined varia...', 'G:\\OpenServer\\d...', 265, Array)
#1 G:\OpenServer\domains\ht.anhtrong.com\vendor\codeigniter4\framework\system\CodeIgniter.php(918): App\Controllers\Frontend\Product\Catalogue->load_website()
#2 G:\OpenServer\domains\ht.anhtrong.com\vendor\codeigniter4\framework\system\CodeIgniter.php(404): CodeIgniter\CodeIgniter->runController(Object(App\Controllers\Frontend\Product\Catalogue))
#3 G:\OpenServer\domains\ht.anhtrong.com\vendor\codeigniter4\framework\system\CodeIgniter.php(312): CodeIgniter\CodeIgniter->handleRequest(NULL, Object(Config\Cache), false)
#4 G:\OpenServer\domains\ht.anhtrong.com\index.php(48): CodeIgniter\CodeIgniter->run()
#5 {main}
CRITICAL - 2021-09-25 05:20:59 --> Undefined variable: detailCatalogue
#0 G:\OpenServer\domains\ht.anhtrong.com\app\Views\frontend\tag\index.php(59): CodeIgniter\Debug\Exceptions->errorHandler(8, 'Undefined varia...', 'G:\\OpenServer\\d...', 59, Array)
#1 G:\OpenServer\domains\ht.anhtrong.com\vendor\codeigniter4\framework\system\View\View.php(246): include('G:\\OpenServer\\d...')
#2 G:\OpenServer\domains\ht.anhtrong.com\vendor\codeigniter4\framework\system\Common.php(1119): CodeIgniter\View\View->render('frontend/tag/in...', Array, true)
#3 G:\OpenServer\domains\ht.anhtrong.com\app\Views\frontend\homepage\layout\home.php(74): view('frontend/tag/in...')
#4 G:\OpenServer\domains\ht.anhtrong.com\vendor\codeigniter4\framework\system\View\View.php(246): include('G:\\OpenServer\\d...')
#5 G:\OpenServer\domains\ht.anhtrong.com\vendor\codeigniter4\framework\system\Common.php(1119): CodeIgniter\View\View->render('frontend/homepa...', Array, true)
#6 G:\OpenServer\domains\ht.anhtrong.com\app\Controllers\Frontend\Tag\Tag.php(96): view('frontend/homepa...', Array)
#7 G:\OpenServer\domains\ht.anhtrong.com\vendor\codeigniter4\framework\system\CodeIgniter.php(918): App\Controllers\Frontend\Tag\Tag->index()
#8 G:\OpenServer\domains\ht.anhtrong.com\vendor\codeigniter4\framework\system\CodeIgniter.php(404): CodeIgniter\CodeIgniter->runController(Object(App\Controllers\Frontend\Tag\Tag))
#9 G:\OpenServer\domains\ht.anhtrong.com\vendor\codeigniter4\framework\system\CodeIgniter.php(312): CodeIgniter\CodeIgniter->handleRequest(NULL, Object(Config\Cache), false)
#10 G:\OpenServer\domains\ht.anhtrong.com\index.php(48): CodeIgniter\CodeIgniter->run()
#11 {main}
CRITICAL - 2021-09-25 05:21:11 --> Undefined variable: detailCatalogue
#0 G:\OpenServer\domains\ht.anhtrong.com\app\Views\frontend\tag\index.php(63): CodeIgniter\Debug\Exceptions->errorHandler(8, 'Undefined varia...', 'G:\\OpenServer\\d...', 63, Array)
#1 G:\OpenServer\domains\ht.anhtrong.com\vendor\codeigniter4\framework\system\View\View.php(246): include('G:\\OpenServer\\d...')
#2 G:\OpenServer\domains\ht.anhtrong.com\vendor\codeigniter4\framework\system\Common.php(1119): CodeIgniter\View\View->render('frontend/tag/in...', Array, true)
#3 G:\OpenServer\domains\ht.anhtrong.com\app\Views\frontend\homepage\layout\home.php(74): view('frontend/tag/in...')
#4 G:\OpenServer\domains\ht.anhtrong.com\vendor\codeigniter4\framework\system\View\View.php(246): include('G:\\OpenServer\\d...')
#5 G:\OpenServer\domains\ht.anhtrong.com\vendor\codeigniter4\framework\system\Common.php(1119): CodeIgniter\View\View->render('frontend/homepa...', Array, true)
#6 G:\OpenServer\domains\ht.anhtrong.com\app\Controllers\Frontend\Tag\Tag.php(96): view('frontend/homepa...', Array)
#7 G:\OpenServer\domains\ht.anhtrong.com\vendor\codeigniter4\framework\system\CodeIgniter.php(918): App\Controllers\Frontend\Tag\Tag->index()
#8 G:\OpenServer\domains\ht.anhtrong.com\vendor\codeigniter4\framework\system\CodeIgniter.php(404): CodeIgniter\CodeIgniter->runController(Object(App\Controllers\Frontend\Tag\Tag))
#9 G:\OpenServer\domains\ht.anhtrong.com\vendor\codeigniter4\framework\system\CodeIgniter.php(312): CodeIgniter\CodeIgniter->handleRequest(NULL, Object(Config\Cache), false)
#10 G:\OpenServer\domains\ht.anhtrong.com\index.php(48): CodeIgniter\CodeIgniter->run()
#11 {main}
CRITICAL - 2021-09-25 06:20:40 --> Call to undefined function App\Controllers\Ajax\Frontend\render_order()
#0 G:\OpenServer\domains\ht.anhtrong.com\vendor\codeigniter4\framework\system\CodeIgniter.php(918): App\Controllers\Ajax\Frontend\Action->create_cookie_order()
#1 G:\OpenServer\domains\ht.anhtrong.com\vendor\codeigniter4\framework\system\CodeIgniter.php(404): CodeIgniter\CodeIgniter->runController(Object(App\Controllers\Ajax\Frontend\Action))
#2 G:\OpenServer\domains\ht.anhtrong.com\vendor\codeigniter4\framework\system\CodeIgniter.php(312): CodeIgniter\CodeIgniter->handleRequest(NULL, Object(Config\Cache), false)
#3 G:\OpenServer\domains\ht.anhtrong.com\index.php(48): CodeIgniter\CodeIgniter->run()
#4 {main}
CRITICAL - 2021-09-25 06:29:37 --> Undefined index: id
#0 G:\OpenServer\domains\ht.anhtrong.com\app\Controllers\Ajax\Frontend\Action.php(45): CodeIgniter\Debug\Exceptions->errorHandler(8, 'Undefined index...', 'G:\\OpenServer\\d...', 45, Array)
#1 G:\OpenServer\domains\ht.anhtrong.com\vendor\codeigniter4\framework\system\CodeIgniter.php(918): App\Controllers\Ajax\Frontend\Action->change_quantity_order()
#2 G:\OpenServer\domains\ht.anhtrong.com\vendor\codeigniter4\framework\system\CodeIgniter.php(404): CodeIgniter\CodeIgniter->runController(Object(App\Controllers\Ajax\Frontend\Action))
#3 G:\OpenServer\domains\ht.anhtrong.com\vendor\codeigniter4\framework\system\CodeIgniter.php(312): CodeIgniter\CodeIgniter->handleRequest(NULL, Object(Config\Cache), false)
#4 G:\OpenServer\domains\ht.anhtrong.com\index.php(48): CodeIgniter\CodeIgniter->run()
#5 {main}
CRITICAL - 2021-09-25 06:29:40 --> Undefined index: id
#0 G:\OpenServer\domains\ht.anhtrong.com\app\Controllers\Ajax\Frontend\Action.php(21): CodeIgniter\Debug\Exceptions->errorHandler(8, 'Undefined index...', 'G:\\OpenServer\\d...', 21, Array)
#1 G:\OpenServer\domains\ht.anhtrong.com\vendor\codeigniter4\framework\system\CodeIgniter.php(918): App\Controllers\Ajax\Frontend\Action->create_cookie_order()
#2 G:\OpenServer\domains\ht.anhtrong.com\vendor\codeigniter4\framework\system\CodeIgniter.php(404): CodeIgniter\CodeIgniter->runController(Object(App\Controllers\Ajax\Frontend\Action))
#3 G:\OpenServer\domains\ht.anhtrong.com\vendor\codeigniter4\framework\system\CodeIgniter.php(312): CodeIgniter\CodeIgniter->handleRequest(NULL, Object(Config\Cache), false)
#4 G:\OpenServer\domains\ht.anhtrong.com\index.php(48): CodeIgniter\CodeIgniter->run()
#5 {main}
CRITICAL - 2021-09-25 06:29:45 --> Undefined index: id
#0 G:\OpenServer\domains\ht.anhtrong.com\app\Controllers\Ajax\Frontend\Action.php(45): CodeIgniter\Debug\Exceptions->errorHandler(8, 'Undefined index...', 'G:\\OpenServer\\d...', 45, Array)
#1 G:\OpenServer\domains\ht.anhtrong.com\vendor\codeigniter4\framework\system\CodeIgniter.php(918): App\Controllers\Ajax\Frontend\Action->change_quantity_order()
#2 G:\OpenServer\domains\ht.anhtrong.com\vendor\codeigniter4\framework\system\CodeIgniter.php(404): CodeIgniter\CodeIgniter->runController(Object(App\Controllers\Ajax\Frontend\Action))
#3 G:\OpenServer\domains\ht.anhtrong.com\vendor\codeigniter4\framework\system\CodeIgniter.php(312): CodeIgniter\CodeIgniter->handleRequest(NULL, Object(Config\Cache), false)
#4 G:\OpenServer\domains\ht.anhtrong.com\index.php(48): CodeIgniter\CodeIgniter->run()
#5 {main}
CRITICAL - 2021-09-25 06:29:58 --> Undefined index: id
#0 G:\OpenServer\domains\ht.anhtrong.com\app\Controllers\Ajax\Frontend\Action.php(21): CodeIgniter\Debug\Exceptions->errorHandler(8, 'Undefined index...', 'G:\\OpenServer\\d...', 21, Array)
#1 G:\OpenServer\domains\ht.anhtrong.com\vendor\codeigniter4\framework\system\CodeIgniter.php(918): App\Controllers\Ajax\Frontend\Action->create_cookie_order()
#2 G:\OpenServer\domains\ht.anhtrong.com\vendor\codeigniter4\framework\system\CodeIgniter.php(404): CodeIgniter\CodeIgniter->runController(Object(App\Controllers\Ajax\Frontend\Action))
#3 G:\OpenServer\domains\ht.anhtrong.com\vendor\codeigniter4\framework\system\CodeIgniter.php(312): CodeIgniter\CodeIgniter->handleRequest(NULL, Object(Config\Cache), false)
#4 G:\OpenServer\domains\ht.anhtrong.com\index.php(48): CodeIgniter\CodeIgniter->run()
#5 {main}
CRITICAL - 2021-09-25 06:30:18 --> Undefined index: id
#0 G:\OpenServer\domains\ht.anhtrong.com\app\Controllers\Ajax\Frontend\Action.php(21): CodeIgniter\Debug\Exceptions->errorHandler(8, 'Undefined index...', 'G:\\OpenServer\\d...', 21, Array)
#1 G:\OpenServer\domains\ht.anhtrong.com\vendor\codeigniter4\framework\system\CodeIgniter.php(918): App\Controllers\Ajax\Frontend\Action->create_cookie_order()
#2 G:\OpenServer\domains\ht.anhtrong.com\vendor\codeigniter4\framework\system\CodeIgniter.php(404): CodeIgniter\CodeIgniter->runController(Object(App\Controllers\Ajax\Frontend\Action))
#3 G:\OpenServer\domains\ht.anhtrong.com\vendor\codeigniter4\framework\system\CodeIgniter.php(312): CodeIgniter\CodeIgniter->handleRequest(NULL, Object(Config\Cache), false)
#4 G:\OpenServer\domains\ht.anhtrong.com\index.php(48): CodeIgniter\CodeIgniter->run()
#5 {main}
CRITICAL - 2021-09-25 06:31:24 --> Undefined index: HTVIETNAM_order
#0 G:\OpenServer\domains\ht.anhtrong.com\app\Controllers\Ajax\Frontend\Action.php(18): CodeIgniter\Debug\Exceptions->errorHandler(8, 'Undefined index...', 'G:\\OpenServer\\d...', 18, Array)
#1 G:\OpenServer\domains\ht.anhtrong.com\vendor\codeigniter4\framework\system\CodeIgniter.php(918): App\Controllers\Ajax\Frontend\Action->create_cookie_order()
#2 G:\OpenServer\domains\ht.anhtrong.com\vendor\codeigniter4\framework\system\CodeIgniter.php(404): CodeIgniter\CodeIgniter->runController(Object(App\Controllers\Ajax\Frontend\Action))
#3 G:\OpenServer\domains\ht.anhtrong.com\vendor\codeigniter4\framework\system\CodeIgniter.php(312): CodeIgniter\CodeIgniter->handleRequest(NULL, Object(Config\Cache), false)
#4 G:\OpenServer\domains\ht.anhtrong.com\index.php(48): CodeIgniter\CodeIgniter->run()
#5 {main}
CRITICAL - 2021-09-25 06:31:33 --> Undefined index: HTVIETNAM_order
#0 G:\OpenServer\domains\ht.anhtrong.com\app\Controllers\Ajax\Frontend\Action.php(18): CodeIgniter\Debug\Exceptions->errorHandler(8, 'Undefined index...', 'G:\\OpenServer\\d...', 18, Array)
#1 G:\OpenServer\domains\ht.anhtrong.com\vendor\codeigniter4\framework\system\CodeIgniter.php(918): App\Controllers\Ajax\Frontend\Action->create_cookie_order()
#2 G:\OpenServer\domains\ht.anhtrong.com\vendor\codeigniter4\framework\system\CodeIgniter.php(404): CodeIgniter\CodeIgniter->runController(Object(App\Controllers\Ajax\Frontend\Action))
#3 G:\OpenServer\domains\ht.anhtrong.com\vendor\codeigniter4\framework\system\CodeIgniter.php(312): CodeIgniter\CodeIgniter->handleRequest(NULL, Object(Config\Cache), false)
#4 G:\OpenServer\domains\ht.anhtrong.com\index.php(48): CodeIgniter\CodeIgniter->run()
#5 {main}
CRITICAL - 2021-09-25 06:41:34 --> number_format() expects parameter 1 to be float, string given
#0 [internal function]: CodeIgniter\Debug\Exceptions->errorHandler(2, 'number_format()...', 'G:\\OpenServer\\d...', 245, Array)
#1 G:\OpenServer\domains\ht.anhtrong.com\app\Views\frontend\product\product\index.php(245): number_format('', 0, ',', '.')
#2 G:\OpenServer\domains\ht.anhtrong.com\vendor\codeigniter4\framework\system\View\View.php(246): include('G:\\OpenServer\\d...')
#3 G:\OpenServer\domains\ht.anhtrong.com\vendor\codeigniter4\framework\system\Common.php(1119): CodeIgniter\View\View->render('frontend/produc...', Array, true)
#4 G:\OpenServer\domains\ht.anhtrong.com\app\Views\frontend\homepage\layout\home.php(74): view('frontend/produc...')
#5 G:\OpenServer\domains\ht.anhtrong.com\vendor\codeigniter4\framework\system\View\View.php(246): include('G:\\OpenServer\\d...')
#6 G:\OpenServer\domains\ht.anhtrong.com\vendor\codeigniter4\framework\system\Common.php(1119): CodeIgniter\View\View->render('frontend/homepa...', Array, true)
#7 G:\OpenServer\domains\ht.anhtrong.com\app\Controllers\Frontend\Product\Product.php(123): view('frontend/homepa...', Array)
#8 G:\OpenServer\domains\ht.anhtrong.com\vendor\codeigniter4\framework\system\View\Cell.php(180): App\Controllers\Frontend\Product\Product->index(Array, '1')
#9 G:\OpenServer\domains\ht.anhtrong.com\vendor\codeigniter4\framework\system\Common.php(1140): CodeIgniter\View\Cell->render('\\App\\Controller...', 'id=12, page=1', 0, 'AppControllersF...')
#10 G:\OpenServer\domains\ht.anhtrong.com\app\Controllers\Frontend\Homepage\Router.php(59): view_cell('\\App\\Controller...', 'id=12, page=1')
#11 G:\OpenServer\domains\ht.anhtrong.com\vendor\codeigniter4\framework\system\CodeIgniter.php(918): App\Controllers\Frontend\Homepage\Router->index('noi-chien-khong...')
#12 G:\OpenServer\domains\ht.anhtrong.com\vendor\codeigniter4\framework\system\CodeIgniter.php(404): CodeIgniter\CodeIgniter->runController(Object(App\Controllers\Frontend\Homepage\Router))
#13 G:\OpenServer\domains\ht.anhtrong.com\vendor\codeigniter4\framework\system\CodeIgniter.php(312): CodeIgniter\CodeIgniter->handleRequest(NULL, Object(Config\Cache), false)
#14 G:\OpenServer\domains\ht.anhtrong.com\index.php(48): CodeIgniter\CodeIgniter->run()
#15 {main}
CRITICAL - 2021-09-25 08:12:24 --> Undefined index: baogia
#0 G:\OpenServer\domains\ht.anhtrong.com\app\Views\backend\contact\contact\index.php(110): CodeIgniter\Debug\Exceptions->errorHandler(8, 'Undefined index...', 'G:\\OpenServer\\d...', 110, Array)
#1 G:\OpenServer\domains\ht.anhtrong.com\vendor\codeigniter4\framework\system\View\View.php(246): include('G:\\OpenServer\\d...')
#2 G:\OpenServer\domains\ht.anhtrong.com\vendor\codeigniter4\framework\system\Common.php(1119): CodeIgniter\View\View->render('backend/contact...', Array, true)
#3 G:\OpenServer\domains\ht.anhtrong.com\app\Views\backend\dashboard\layout\home.php(44): view('backend/contact...')
#4 G:\OpenServer\domains\ht.anhtrong.com\vendor\codeigniter4\framework\system\View\View.php(246): include('G:\\OpenServer\\d...')
#5 G:\OpenServer\domains\ht.anhtrong.com\vendor\codeigniter4\framework\system\Common.php(1119): CodeIgniter\View\View->render('backend/dashboa...', Array, true)
#6 G:\OpenServer\domains\ht.anhtrong.com\app\Controllers\Backend\Contact\Contact.php(69): view('backend/dashboa...', Array)
#7 G:\OpenServer\domains\ht.anhtrong.com\vendor\codeigniter4\framework\system\CodeIgniter.php(918): App\Controllers\Backend\Contact\Contact->index()
#8 G:\OpenServer\domains\ht.anhtrong.com\vendor\codeigniter4\framework\system\CodeIgniter.php(404): CodeIgniter\CodeIgniter->runController(Object(App\Controllers\Backend\Contact\Contact))
#9 G:\OpenServer\domains\ht.anhtrong.com\vendor\codeigniter4\framework\system\CodeIgniter.php(312): CodeIgniter\CodeIgniter->handleRequest(NULL, Object(Config\Cache), false)
#10 G:\OpenServer\domains\ht.anhtrong.com\index.php(48): CodeIgniter\CodeIgniter->run()
#11 {main}
