CRITICAL - 2021-07-30 00:23:36 --> Undefined index: icon
#0 G:\OpenServer\domains\vnpt.com.va\app\Views\frontend\homepage\home\index.php(208): CodeIgniter\Debug\Exceptions->errorHandler(8, 'Undefined index...', 'G:\\OpenServer\\d...', 208, Array)
#1 G:\OpenServer\domains\vnpt.com.va\vendor\codeigniter4\framework\system\View\View.php(246): include('G:\\OpenServer\\d...')
#2 G:\OpenServer\domains\vnpt.com.va\vendor\codeigniter4\framework\system\Common.php(1119): CodeIgniter\View\View->render('frontend/homepa...', Array, true)
#3 G:\OpenServer\domains\vnpt.com.va\app\Views\frontend\homepage\layout\home.php(78): view('frontend/homepa...')
#4 G:\OpenServer\domains\vnpt.com.va\vendor\codeigniter4\framework\system\View\View.php(246): include('G:\\OpenServer\\d...')
#5 G:\OpenServer\domains\vnpt.com.va\vendor\codeigniter4\framework\system\Common.php(1119): CodeIgniter\View\View->render('frontend/homepa...', Array, true)
#6 G:\OpenServer\domains\vnpt.com.va\app\Controllers\Frontend\Homepage\Home.php(33): view('frontend/homepa...', Array)
#7 G:\OpenServer\domains\vnpt.com.va\vendor\codeigniter4\framework\system\CodeIgniter.php(918): App\Controllers\Frontend\Homepage\Home->index()
#8 G:\OpenServer\domains\vnpt.com.va\vendor\codeigniter4\framework\system\CodeIgniter.php(404): CodeIgniter\CodeIgniter->runController(Object(App\Controllers\Frontend\Homepage\Home))
#9 G:\OpenServer\domains\vnpt.com.va\vendor\codeigniter4\framework\system\CodeIgniter.php(312): CodeIgniter\CodeIgniter->handleRequest(NULL, Object(Config\Cache), false)
#10 G:\OpenServer\domains\vnpt.com.va\index.php(48): CodeIgniter\CodeIgniter->run()
#11 {main}
CRITICAL - 2021-07-30 00:23:41 --> Undefined index: icon
#0 G:\OpenServer\domains\vnpt.com.va\app\Views\frontend\homepage\home\index.php(208): CodeIgniter\Debug\Exceptions->errorHandler(8, 'Undefined index...', 'G:\\OpenServer\\d...', 208, Array)
#1 G:\OpenServer\domains\vnpt.com.va\vendor\codeigniter4\framework\system\View\View.php(246): include('G:\\OpenServer\\d...')
#2 G:\OpenServer\domains\vnpt.com.va\vendor\codeigniter4\framework\system\Common.php(1119): CodeIgniter\View\View->render('frontend/homepa...', Array, true)
#3 G:\OpenServer\domains\vnpt.com.va\app\Views\frontend\homepage\layout\home.php(78): view('frontend/homepa...')
#4 G:\OpenServer\domains\vnpt.com.va\vendor\codeigniter4\framework\system\View\View.php(246): include('G:\\OpenServer\\d...')
#5 G:\OpenServer\domains\vnpt.com.va\vendor\codeigniter4\framework\system\Common.php(1119): CodeIgniter\View\View->render('frontend/homepa...', Array, true)
#6 G:\OpenServer\domains\vnpt.com.va\app\Controllers\Frontend\Homepage\Home.php(33): view('frontend/homepa...', Array)
#7 G:\OpenServer\domains\vnpt.com.va\vendor\codeigniter4\framework\system\CodeIgniter.php(918): App\Controllers\Frontend\Homepage\Home->index()
#8 G:\OpenServer\domains\vnpt.com.va\vendor\codeigniter4\framework\system\CodeIgniter.php(404): CodeIgniter\CodeIgniter->runController(Object(App\Controllers\Frontend\Homepage\Home))
#9 G:\OpenServer\domains\vnpt.com.va\vendor\codeigniter4\framework\system\CodeIgniter.php(312): CodeIgniter\CodeIgniter->handleRequest(NULL, Object(Config\Cache), false)
#10 G:\OpenServer\domains\vnpt.com.va\index.php(48): CodeIgniter\CodeIgniter->run()
#11 {main}
CRITICAL - 2021-07-30 00:24:17 --> Undefined index: icon
#0 G:\OpenServer\domains\vnpt.com.va\app\Views\frontend\homepage\home\index.php(208): CodeIgniter\Debug\Exceptions->errorHandler(8, 'Undefined index...', 'G:\\OpenServer\\d...', 208, Array)
#1 G:\OpenServer\domains\vnpt.com.va\vendor\codeigniter4\framework\system\View\View.php(246): include('G:\\OpenServer\\d...')
#2 G:\OpenServer\domains\vnpt.com.va\vendor\codeigniter4\framework\system\Common.php(1119): CodeIgniter\View\View->render('frontend/homepa...', Array, true)
#3 G:\OpenServer\domains\vnpt.com.va\app\Views\frontend\homepage\layout\home.php(78): view('frontend/homepa...')
#4 G:\OpenServer\domains\vnpt.com.va\vendor\codeigniter4\framework\system\View\View.php(246): include('G:\\OpenServer\\d...')
#5 G:\OpenServer\domains\vnpt.com.va\vendor\codeigniter4\framework\system\Common.php(1119): CodeIgniter\View\View->render('frontend/homepa...', Array, true)
#6 G:\OpenServer\domains\vnpt.com.va\app\Controllers\Frontend\Homepage\Home.php(33): view('frontend/homepa...', Array)
#7 G:\OpenServer\domains\vnpt.com.va\vendor\codeigniter4\framework\system\CodeIgniter.php(918): App\Controllers\Frontend\Homepage\Home->index()
#8 G:\OpenServer\domains\vnpt.com.va\vendor\codeigniter4\framework\system\CodeIgniter.php(404): CodeIgniter\CodeIgniter->runController(Object(App\Controllers\Frontend\Homepage\Home))
#9 G:\OpenServer\domains\vnpt.com.va\vendor\codeigniter4\framework\system\CodeIgniter.php(312): CodeIgniter\CodeIgniter->handleRequest(NULL, Object(Config\Cache), false)
#10 G:\OpenServer\domains\vnpt.com.va\index.php(48): CodeIgniter\CodeIgniter->run()
#11 {main}
CRITICAL - 2021-07-30 00:24:19 --> Undefined index: icon
#0 G:\OpenServer\domains\vnpt.com.va\app\Views\frontend\homepage\home\index.php(208): CodeIgniter\Debug\Exceptions->errorHandler(8, 'Undefined index...', 'G:\\OpenServer\\d...', 208, Array)
#1 G:\OpenServer\domains\vnpt.com.va\vendor\codeigniter4\framework\system\View\View.php(246): include('G:\\OpenServer\\d...')
#2 G:\OpenServer\domains\vnpt.com.va\vendor\codeigniter4\framework\system\Common.php(1119): CodeIgniter\View\View->render('frontend/homepa...', Array, true)
#3 G:\OpenServer\domains\vnpt.com.va\app\Views\frontend\homepage\layout\home.php(78): view('frontend/homepa...')
#4 G:\OpenServer\domains\vnpt.com.va\vendor\codeigniter4\framework\system\View\View.php(246): include('G:\\OpenServer\\d...')
#5 G:\OpenServer\domains\vnpt.com.va\vendor\codeigniter4\framework\system\Common.php(1119): CodeIgniter\View\View->render('frontend/homepa...', Array, true)
#6 G:\OpenServer\domains\vnpt.com.va\app\Controllers\Frontend\Homepage\Home.php(33): view('frontend/homepa...', Array)
#7 G:\OpenServer\domains\vnpt.com.va\vendor\codeigniter4\framework\system\CodeIgniter.php(918): App\Controllers\Frontend\Homepage\Home->index()
#8 G:\OpenServer\domains\vnpt.com.va\vendor\codeigniter4\framework\system\CodeIgniter.php(404): CodeIgniter\CodeIgniter->runController(Object(App\Controllers\Frontend\Homepage\Home))
#9 G:\OpenServer\domains\vnpt.com.va\vendor\codeigniter4\framework\system\CodeIgniter.php(312): CodeIgniter\CodeIgniter->handleRequest(NULL, Object(Config\Cache), false)
#10 G:\OpenServer\domains\vnpt.com.va\index.php(48): CodeIgniter\CodeIgniter->run()
#11 {main}
CRITICAL - 2021-07-30 00:25:35 --> Undefined index: language
#0 G:\OpenServer\domains\vnpt.com.va\app\Views\frontend\homepage\layout\home.php(7): CodeIgniter\Debug\Exceptions->errorHandler(8, 'Undefined index...', 'G:\\OpenServer\\d...', 7, Array)
#1 G:\OpenServer\domains\vnpt.com.va\vendor\codeigniter4\framework\system\View\View.php(246): include('G:\\OpenServer\\d...')
#2 G:\OpenServer\domains\vnpt.com.va\vendor\codeigniter4\framework\system\Common.php(1119): CodeIgniter\View\View->render('frontend/homepa...', Array, true)
#3 G:\OpenServer\domains\vnpt.com.va\app\Controllers\Frontend\Article\Article.php(135): view('frontend/homepa...', Array)
#4 G:\OpenServer\domains\vnpt.com.va\vendor\codeigniter4\framework\system\View\Cell.php(180): App\Controllers\Frontend\Article\Article->index(11, '1')
#5 G:\OpenServer\domains\vnpt.com.va\vendor\codeigniter4\framework\system\Common.php(1140): CodeIgniter\View\Cell->render('\\App\\Controller...', 'id=11, page=1', 0, 'AppControllersF...')
#6 G:\OpenServer\domains\vnpt.com.va\app\Controllers\Frontend\Homepage\Router.php(53): view_cell('\\App\\Controller...', 'id=11, page=1')
#7 G:\OpenServer\domains\vnpt.com.va\vendor\codeigniter4\framework\system\CodeIgniter.php(918): App\Controllers\Frontend\Homepage\Router->index('van-hoa-doanh-n...')
#8 G:\OpenServer\domains\vnpt.com.va\vendor\codeigniter4\framework\system\CodeIgniter.php(404): CodeIgniter\CodeIgniter->runController(Object(App\Controllers\Frontend\Homepage\Router))
#9 G:\OpenServer\domains\vnpt.com.va\vendor\codeigniter4\framework\system\CodeIgniter.php(312): CodeIgniter\CodeIgniter->handleRequest(NULL, Object(Config\Cache), false)
#10 G:\OpenServer\domains\vnpt.com.va\index.php(48): CodeIgniter\CodeIgniter->run()
#11 {main}
CRITICAL - 2021-07-30 00:27:32 --> Undefined index: language
#0 G:\OpenServer\domains\vnpt.com.va\app\Views\frontend\homepage\layout\home.php(7): CodeIgniter\Debug\Exceptions->errorHandler(8, 'Undefined index...', 'G:\\OpenServer\\d...', 7, Array)
#1 G:\OpenServer\domains\vnpt.com.va\vendor\codeigniter4\framework\system\View\View.php(246): include('G:\\OpenServer\\d...')
#2 G:\OpenServer\domains\vnpt.com.va\vendor\codeigniter4\framework\system\Common.php(1119): CodeIgniter\View\View->render('frontend/homepa...', Array, true)
#3 G:\OpenServer\domains\vnpt.com.va\app\Controllers\Frontend\Article\Article.php(135): view('frontend/homepa...', Array)
#4 G:\OpenServer\domains\vnpt.com.va\vendor\codeigniter4\framework\system\View\Cell.php(180): App\Controllers\Frontend\Article\Article->index(14, '1')
#5 G:\OpenServer\domains\vnpt.com.va\vendor\codeigniter4\framework\system\Common.php(1140): CodeIgniter\View\Cell->render('\\App\\Controller...', 'id=14, page=1', 0, 'AppControllersF...')
#6 G:\OpenServer\domains\vnpt.com.va\app\Controllers\Frontend\Homepage\Router.php(53): view_cell('\\App\\Controller...', 'id=14, page=1')
#7 G:\OpenServer\domains\vnpt.com.va\vendor\codeigniter4\framework\system\CodeIgniter.php(918): App\Controllers\Frontend\Homepage\Router->index('lien-ket')
#8 G:\OpenServer\domains\vnpt.com.va\vendor\codeigniter4\framework\system\CodeIgniter.php(404): CodeIgniter\CodeIgniter->runController(Object(App\Controllers\Frontend\Homepage\Router))
#9 G:\OpenServer\domains\vnpt.com.va\vendor\codeigniter4\framework\system\CodeIgniter.php(312): CodeIgniter\CodeIgniter->handleRequest(NULL, Object(Config\Cache), false)
#10 G:\OpenServer\domains\vnpt.com.va\index.php(48): CodeIgniter\CodeIgniter->run()
#11 {main}
