CRITICAL - 2022-01-10 08:44:12 --> syntax error, unexpected '123' (T_LNUMBER), expecting ',' or ';'
#0 /home/decor/domains/decor.codechuanseo.com/public_html/vendor/codeigniter4/framework/system/Common.php(1119): CodeIgniter\View\View->render('frontend/homepa...', Array, true)
#1 /home/decor/domains/decor.codechuanseo.com/public_html/app/Views/frontend/homepage/layout/home.php(72): view('frontend/homepa...')
#2 /home/decor/domains/decor.codechuanseo.com/public_html/vendor/codeigniter4/framework/system/View/View.php(246): include('/home/decor/dom...')
#3 /home/decor/domains/decor.codechuanseo.com/public_html/vendor/codeigniter4/framework/system/Common.php(1119): CodeIgniter\View\View->render('frontend/homepa...', Array, true)
#4 /home/decor/domains/decor.codechuanseo.com/public_html/app/Controllers/Frontend/Homepage/Home.php(39): view('frontend/homepa...', Array)
#5 /home/decor/domains/decor.codechuanseo.com/public_html/vendor/codeigniter4/framework/system/CodeIgniter.php(918): App\Controllers\Frontend\Homepage\Home->index()
#6 /home/decor/domains/decor.codechuanseo.com/public_html/vendor/codeigniter4/framework/system/CodeIgniter.php(404): CodeIgniter\CodeIgniter->runController(Object(App\Controllers\Frontend\Homepage\Home))
#7 /home/decor/domains/decor.codechuanseo.com/public_html/vendor/codeigniter4/framework/system/CodeIgniter.php(312): CodeIgniter\CodeIgniter->handleRequest(NULL, Object(Config\Cache), false)
#8 /home/decor/domains/decor.codechuanseo.com/public_html/index.php(48): CodeIgniter\CodeIgniter->run()
#9 {main}
CRITICAL - 2022-01-10 08:44:20 --> syntax error, unexpected '123' (T_LNUMBER), expecting ',' or ';'
#0 /home/decor/domains/decor.codechuanseo.com/public_html/vendor/codeigniter4/framework/system/Common.php(1119): CodeIgniter\View\View->render('frontend/homepa...', Array, true)
#1 /home/decor/domains/decor.codechuanseo.com/public_html/app/Views/frontend/homepage/layout/home.php(72): view('frontend/homepa...')
#2 /home/decor/domains/decor.codechuanseo.com/public_html/vendor/codeigniter4/framework/system/View/View.php(246): include('/home/decor/dom...')
#3 /home/decor/domains/decor.codechuanseo.com/public_html/vendor/codeigniter4/framework/system/Common.php(1119): CodeIgniter\View\View->render('frontend/homepa...', Array, true)
#4 /home/decor/domains/decor.codechuanseo.com/public_html/app/Controllers/Frontend/Homepage/Home.php(39): view('frontend/homepa...', Array)
#5 /home/decor/domains/decor.codechuanseo.com/public_html/vendor/codeigniter4/framework/system/CodeIgniter.php(918): App\Controllers\Frontend\Homepage\Home->index()
#6 /home/decor/domains/decor.codechuanseo.com/public_html/vendor/codeigniter4/framework/system/CodeIgniter.php(404): CodeIgniter\CodeIgniter->runController(Object(App\Controllers\Frontend\Homepage\Home))
#7 /home/decor/domains/decor.codechuanseo.com/public_html/vendor/codeigniter4/framework/system/CodeIgniter.php(312): CodeIgniter\CodeIgniter->handleRequest(NULL, Object(Config\Cache), false)
#8 /home/decor/domains/decor.codechuanseo.com/public_html/index.php(48): CodeIgniter\CodeIgniter->run()
#9 {main}
CRITICAL - 2022-01-10 11:42:03 --> Illegal string offset 'canonical'
#0 /home/decor/domains/decor.codechuanseo.com/public_html/app/Views/frontend/homepage/common/header.php(99): CodeIgniter\Debug\Exceptions->errorHandler(2, 'Illegal string ...', '/home/decor/dom...', 99, Array)
#1 /home/decor/domains/decor.codechuanseo.com/public_html/vendor/codeigniter4/framework/system/View/View.php(246): include('/home/decor/dom...')
#2 /home/decor/domains/decor.codechuanseo.com/public_html/vendor/codeigniter4/framework/system/Common.php(1119): CodeIgniter\View\View->render('frontend/homepa...', Array, true)
#3 /home/decor/domains/decor.codechuanseo.com/public_html/app/Views/frontend/homepage/layout/home.php(69): view('frontend/homepa...')
#4 /home/decor/domains/decor.codechuanseo.com/public_html/vendor/codeigniter4/framework/system/View/View.php(246): include('/home/decor/dom...')
#5 /home/decor/domains/decor.codechuanseo.com/public_html/vendor/codeigniter4/framework/system/Common.php(1119): CodeIgniter\View\View->render('frontend/homepa...', Array, true)
#6 /home/decor/domains/decor.codechuanseo.com/public_html/app/Controllers/Frontend/Homepage/Home.php(39): view('frontend/homepa...', Array)
#7 /home/decor/domains/decor.codechuanseo.com/public_html/vendor/codeigniter4/framework/system/CodeIgniter.php(918): App\Controllers\Frontend\Homepage\Home->index()
#8 /home/decor/domains/decor.codechuanseo.com/public_html/vendor/codeigniter4/framework/system/CodeIgniter.php(404): CodeIgniter\CodeIgniter->runController(Object(App\Controllers\Frontend\Homepage\Home))
#9 /home/decor/domains/decor.codechuanseo.com/public_html/vendor/codeigniter4/framework/system/CodeIgniter.php(312): CodeIgniter\CodeIgniter->handleRequest(NULL, Object(Config\Cache), false)
#10 /home/decor/domains/decor.codechuanseo.com/public_html/index.php(48): CodeIgniter\CodeIgniter->run()
#11 {main}
CRITICAL - 2022-01-10 11:44:09 --> Undefined variable: valueChildMega
#0 /home/decor/domains/decor.codechuanseo.com/public_html/app/Views/frontend/homepage/common/header.php(102): CodeIgniter\Debug\Exceptions->errorHandler(8, 'Undefined varia...', '/home/decor/dom...', 102, Array)
#1 /home/decor/domains/decor.codechuanseo.com/public_html/vendor/codeigniter4/framework/system/View/View.php(246): include('/home/decor/dom...')
#2 /home/decor/domains/decor.codechuanseo.com/public_html/vendor/codeigniter4/framework/system/Common.php(1119): CodeIgniter\View\View->render('frontend/homepa...', Array, true)
#3 /home/decor/domains/decor.codechuanseo.com/public_html/app/Views/frontend/homepage/layout/home.php(69): view('frontend/homepa...')
#4 /home/decor/domains/decor.codechuanseo.com/public_html/vendor/codeigniter4/framework/system/View/View.php(246): include('/home/decor/dom...')
#5 /home/decor/domains/decor.codechuanseo.com/public_html/vendor/codeigniter4/framework/system/Common.php(1119): CodeIgniter\View\View->render('frontend/homepa...', Array, true)
#6 /home/decor/domains/decor.codechuanseo.com/public_html/app/Controllers/Frontend/Homepage/Home.php(39): view('frontend/homepa...', Array)
#7 /home/decor/domains/decor.codechuanseo.com/public_html/vendor/codeigniter4/framework/system/CodeIgniter.php(918): App\Controllers\Frontend\Homepage\Home->index()
#8 /home/decor/domains/decor.codechuanseo.com/public_html/vendor/codeigniter4/framework/system/CodeIgniter.php(404): CodeIgniter\CodeIgniter->runController(Object(App\Controllers\Frontend\Homepage\Home))
#9 /home/decor/domains/decor.codechuanseo.com/public_html/vendor/codeigniter4/framework/system/CodeIgniter.php(312): CodeIgniter\CodeIgniter->handleRequest(NULL, Object(Config\Cache), false)
#10 /home/decor/domains/decor.codechuanseo.com/public_html/index.php(48): CodeIgniter\CodeIgniter->run()
#11 {main}
CRITICAL - 2022-01-10 11:44:23 --> Undefined variable: valueChildMega
#0 /home/decor/domains/decor.codechuanseo.com/public_html/app/Views/frontend/homepage/common/header.php(102): CodeIgniter\Debug\Exceptions->errorHandler(8, 'Undefined varia...', '/home/decor/dom...', 102, Array)
#1 /home/decor/domains/decor.codechuanseo.com/public_html/vendor/codeigniter4/framework/system/View/View.php(246): include('/home/decor/dom...')
#2 /home/decor/domains/decor.codechuanseo.com/public_html/vendor/codeigniter4/framework/system/Common.php(1119): CodeIgniter\View\View->render('frontend/homepa...', Array, true)
#3 /home/decor/domains/decor.codechuanseo.com/public_html/app/Views/frontend/homepage/layout/home.php(69): view('frontend/homepa...')
#4 /home/decor/domains/decor.codechuanseo.com/public_html/vendor/codeigniter4/framework/system/View/View.php(246): include('/home/decor/dom...')
#5 /home/decor/domains/decor.codechuanseo.com/public_html/vendor/codeigniter4/framework/system/Common.php(1119): CodeIgniter\View\View->render('frontend/homepa...', Array, true)
#6 /home/decor/domains/decor.codechuanseo.com/public_html/app/Controllers/Frontend/Homepage/Home.php(39): view('frontend/homepa...', Array)
#7 /home/decor/domains/decor.codechuanseo.com/public_html/vendor/codeigniter4/framework/system/CodeIgniter.php(918): App\Controllers\Frontend\Homepage\Home->index()
#8 /home/decor/domains/decor.codechuanseo.com/public_html/vendor/codeigniter4/framework/system/CodeIgniter.php(404): CodeIgniter\CodeIgniter->runController(Object(App\Controllers\Frontend\Homepage\Home))
#9 /home/decor/domains/decor.codechuanseo.com/public_html/vendor/codeigniter4/framework/system/CodeIgniter.php(312): CodeIgniter\CodeIgniter->handleRequest(NULL, Object(Config\Cache), false)
#10 /home/decor/domains/decor.codechuanseo.com/public_html/index.php(48): CodeIgniter\CodeIgniter->run()
#11 {main}
CRITICAL - 2022-01-10 11:45:43 --> Undefined variable: valueChildMega
#0 /home/decor/domains/decor.codechuanseo.com/public_html/app/Views/frontend/homepage/common/header.php(98): CodeIgniter\Debug\Exceptions->errorHandler(8, 'Undefined varia...', '/home/decor/dom...', 98, Array)
#1 /home/decor/domains/decor.codechuanseo.com/public_html/vendor/codeigniter4/framework/system/View/View.php(246): include('/home/decor/dom...')
#2 /home/decor/domains/decor.codechuanseo.com/public_html/vendor/codeigniter4/framework/system/Common.php(1119): CodeIgniter\View\View->render('frontend/homepa...', Array, true)
#3 /home/decor/domains/decor.codechuanseo.com/public_html/app/Views/frontend/homepage/layout/home.php(69): view('frontend/homepa...')
#4 /home/decor/domains/decor.codechuanseo.com/public_html/vendor/codeigniter4/framework/system/View/View.php(246): include('/home/decor/dom...')
#5 /home/decor/domains/decor.codechuanseo.com/public_html/vendor/codeigniter4/framework/system/Common.php(1119): CodeIgniter\View\View->render('frontend/homepa...', Array, true)
#6 /home/decor/domains/decor.codechuanseo.com/public_html/app/Controllers/Frontend/Homepage/Home.php(39): view('frontend/homepa...', Array)
#7 /home/decor/domains/decor.codechuanseo.com/public_html/vendor/codeigniter4/framework/system/CodeIgniter.php(918): App\Controllers\Frontend\Homepage\Home->index()
#8 /home/decor/domains/decor.codechuanseo.com/public_html/vendor/codeigniter4/framework/system/CodeIgniter.php(404): CodeIgniter\CodeIgniter->runController(Object(App\Controllers\Frontend\Homepage\Home))
#9 /home/decor/domains/decor.codechuanseo.com/public_html/vendor/codeigniter4/framework/system/CodeIgniter.php(312): CodeIgniter\CodeIgniter->handleRequest(NULL, Object(Config\Cache), false)
#10 /home/decor/domains/decor.codechuanseo.com/public_html/index.php(48): CodeIgniter\CodeIgniter->run()
#11 {main}
