CRITICAL - 2022-01-04 07:13:06 --> Invalid file: frontend/article/catalogue/dichvu.php
#0 W:\domains\decor.com.va\vendor\codeigniter4\framework\system\View\View.php(228): CodeIgniter\Exceptions\FrameworkException::forInvalidFile('frontend/articl...')
#1 W:\domains\decor.com.va\vendor\codeigniter4\framework\system\Common.php(1119): CodeIgniter\View\View->render('frontend/articl...', Array, true)
#2 W:\domains\decor.com.va\app\Views\frontend\homepage\layout\home.php(72): view('frontend/articl...')
#3 W:\domains\decor.com.va\vendor\codeigniter4\framework\system\View\View.php(246): include('W:\\domains\\deco...')
#4 W:\domains\decor.com.va\vendor\codeigniter4\framework\system\Common.php(1119): CodeIgniter\View\View->render('frontend/homepa...', Array, true)
#5 W:\domains\decor.com.va\app\Controllers\Frontend\Article\Catalogue.php(162): view('frontend/homepa...', Array)
#6 W:\domains\decor.com.va\vendor\codeigniter4\framework\system\View\Cell.php(180): App\Controllers\Frontend\Article\Catalogue->index(12, 1)
#7 W:\domains\decor.com.va\vendor\codeigniter4\framework\system\Common.php(1140): CodeIgniter\View\Cell->render('\\App\\Controller...', 'id=12, page=1', 0, 'AppControllersF...')
#8 W:\domains\decor.com.va\app\Controllers\Frontend\Homepage\Router.php(59): view_cell('\\App\\Controller...', 'id=12, page=1')
#9 W:\domains\decor.com.va\vendor\codeigniter4\framework\system\CodeIgniter.php(918): App\Controllers\Frontend\Homepage\Router->index('dich-vu')
#10 W:\domains\decor.com.va\vendor\codeigniter4\framework\system\CodeIgniter.php(404): CodeIgniter\CodeIgniter->runController(Object(App\Controllers\Frontend\Homepage\Router))
#11 W:\domains\decor.com.va\vendor\codeigniter4\framework\system\CodeIgniter.php(312): CodeIgniter\CodeIgniter->handleRequest(NULL, Object(Config\Cache), false)
#12 W:\domains\decor.com.va\index.php(48): CodeIgniter\CodeIgniter->run()
#13 {main}
CRITICAL - 2022-01-04 07:13:29 --> Invalid file: frontend/article/catalogue/dichvu.php
#0 W:\domains\decor.com.va\vendor\codeigniter4\framework\system\View\View.php(228): CodeIgniter\Exceptions\FrameworkException::forInvalidFile('frontend/articl...')
#1 W:\domains\decor.com.va\vendor\codeigniter4\framework\system\Common.php(1119): CodeIgniter\View\View->render('frontend/articl...', Array, true)
#2 W:\domains\decor.com.va\app\Views\frontend\homepage\layout\home.php(72): view('frontend/articl...')
#3 W:\domains\decor.com.va\vendor\codeigniter4\framework\system\View\View.php(246): include('W:\\domains\\deco...')
#4 W:\domains\decor.com.va\vendor\codeigniter4\framework\system\Common.php(1119): CodeIgniter\View\View->render('frontend/homepa...', Array, true)
#5 W:\domains\decor.com.va\app\Controllers\Frontend\Article\Catalogue.php(162): view('frontend/homepa...', Array)
#6 W:\domains\decor.com.va\vendor\codeigniter4\framework\system\View\Cell.php(180): App\Controllers\Frontend\Article\Catalogue->index(12, 1)
#7 W:\domains\decor.com.va\vendor\codeigniter4\framework\system\Common.php(1140): CodeIgniter\View\Cell->render('\\App\\Controller...', 'id=12, page=1', 0, 'AppControllersF...')
#8 W:\domains\decor.com.va\app\Controllers\Frontend\Homepage\Router.php(59): view_cell('\\App\\Controller...', 'id=12, page=1')
#9 W:\domains\decor.com.va\vendor\codeigniter4\framework\system\CodeIgniter.php(918): App\Controllers\Frontend\Homepage\Router->index('dich-vu')
#10 W:\domains\decor.com.va\vendor\codeigniter4\framework\system\CodeIgniter.php(404): CodeIgniter\CodeIgniter->runController(Object(App\Controllers\Frontend\Homepage\Router))
#11 W:\domains\decor.com.va\vendor\codeigniter4\framework\system\CodeIgniter.php(312): CodeIgniter\CodeIgniter->handleRequest(NULL, Object(Config\Cache), false)
#12 W:\domains\decor.com.va\index.php(48): CodeIgniter\CodeIgniter->run()
#13 {main}
CRITICAL - 2022-01-04 07:15:23 --> Invalid file: frontend/article/catalogue/dichvu.php
#0 W:\domains\decor.com.va\vendor\codeigniter4\framework\system\View\View.php(228): CodeIgniter\Exceptions\FrameworkException::forInvalidFile('frontend/articl...')
#1 W:\domains\decor.com.va\vendor\codeigniter4\framework\system\Common.php(1119): CodeIgniter\View\View->render('frontend/articl...', Array, true)
#2 W:\domains\decor.com.va\app\Views\frontend\homepage\layout\home.php(72): view('frontend/articl...')
#3 W:\domains\decor.com.va\vendor\codeigniter4\framework\system\View\View.php(246): include('W:\\domains\\deco...')
#4 W:\domains\decor.com.va\vendor\codeigniter4\framework\system\Common.php(1119): CodeIgniter\View\View->render('frontend/homepa...', Array, true)
#5 W:\domains\decor.com.va\app\Controllers\Frontend\Article\Catalogue.php(162): view('frontend/homepa...', Array)
#6 W:\domains\decor.com.va\vendor\codeigniter4\framework\system\View\Cell.php(180): App\Controllers\Frontend\Article\Catalogue->index(12, 1)
#7 W:\domains\decor.com.va\vendor\codeigniter4\framework\system\Common.php(1140): CodeIgniter\View\Cell->render('\\App\\Controller...', 'id=12, page=1', 0, 'AppControllersF...')
#8 W:\domains\decor.com.va\app\Controllers\Frontend\Homepage\Router.php(59): view_cell('\\App\\Controller...', 'id=12, page=1')
#9 W:\domains\decor.com.va\vendor\codeigniter4\framework\system\CodeIgniter.php(918): App\Controllers\Frontend\Homepage\Router->index('dich-vu')
#10 W:\domains\decor.com.va\vendor\codeigniter4\framework\system\CodeIgniter.php(404): CodeIgniter\CodeIgniter->runController(Object(App\Controllers\Frontend\Homepage\Router))
#11 W:\domains\decor.com.va\vendor\codeigniter4\framework\system\CodeIgniter.php(312): CodeIgniter\CodeIgniter->handleRequest(NULL, Object(Config\Cache), false)
#12 W:\domains\decor.com.va\index.php(48): CodeIgniter\CodeIgniter->run()
#13 {main}
CRITICAL - 2022-01-04 07:16:14 --> Invalid file: frontend/article/catalogue/service.php
#0 W:\domains\decor.com.va\vendor\codeigniter4\framework\system\View\View.php(228): CodeIgniter\Exceptions\FrameworkException::forInvalidFile('frontend/articl...')
#1 W:\domains\decor.com.va\vendor\codeigniter4\framework\system\Common.php(1119): CodeIgniter\View\View->render('frontend/articl...', Array, true)
#2 W:\domains\decor.com.va\app\Views\frontend\homepage\layout\home.php(72): view('frontend/articl...')
#3 W:\domains\decor.com.va\vendor\codeigniter4\framework\system\View\View.php(246): include('W:\\domains\\deco...')
#4 W:\domains\decor.com.va\vendor\codeigniter4\framework\system\Common.php(1119): CodeIgniter\View\View->render('frontend/homepa...', Array, true)
#5 W:\domains\decor.com.va\app\Controllers\Frontend\Article\Catalogue.php(162): view('frontend/homepa...', Array)
#6 W:\domains\decor.com.va\vendor\codeigniter4\framework\system\View\Cell.php(180): App\Controllers\Frontend\Article\Catalogue->index(12, 1)
#7 W:\domains\decor.com.va\vendor\codeigniter4\framework\system\Common.php(1140): CodeIgniter\View\Cell->render('\\App\\Controller...', 'id=12, page=1', 0, 'AppControllersF...')
#8 W:\domains\decor.com.va\app\Controllers\Frontend\Homepage\Router.php(59): view_cell('\\App\\Controller...', 'id=12, page=1')
#9 W:\domains\decor.com.va\vendor\codeigniter4\framework\system\CodeIgniter.php(918): App\Controllers\Frontend\Homepage\Router->index('dich-vu')
#10 W:\domains\decor.com.va\vendor\codeigniter4\framework\system\CodeIgniter.php(404): CodeIgniter\CodeIgniter->runController(Object(App\Controllers\Frontend\Homepage\Router))
#11 W:\domains\decor.com.va\vendor\codeigniter4\framework\system\CodeIgniter.php(312): CodeIgniter\CodeIgniter->handleRequest(NULL, Object(Config\Cache), false)
#12 W:\domains\decor.com.va\index.php(48): CodeIgniter\CodeIgniter->run()
#13 {main}
CRITICAL - 2022-01-04 07:28:57 --> Invalid file: frontend/article/catalogue/sub_service.php
#0 W:\domains\decor.com.va\vendor\codeigniter4\framework\system\View\View.php(228): CodeIgniter\Exceptions\FrameworkException::forInvalidFile('frontend/articl...')
#1 W:\domains\decor.com.va\vendor\codeigniter4\framework\system\Common.php(1119): CodeIgniter\View\View->render('frontend/articl...', Array, true)
#2 W:\domains\decor.com.va\app\Views\frontend\homepage\layout\home.php(72): view('frontend/articl...')
#3 W:\domains\decor.com.va\vendor\codeigniter4\framework\system\View\View.php(246): include('W:\\domains\\deco...')
#4 W:\domains\decor.com.va\vendor\codeigniter4\framework\system\Common.php(1119): CodeIgniter\View\View->render('frontend/homepa...', Array, true)
#5 W:\domains\decor.com.va\app\Controllers\Frontend\Article\Catalogue.php(161): view('frontend/homepa...', Array)
#6 W:\domains\decor.com.va\vendor\codeigniter4\framework\system\View\Cell.php(180): App\Controllers\Frontend\Article\Catalogue->index(13, 1)
#7 W:\domains\decor.com.va\vendor\codeigniter4\framework\system\Common.php(1140): CodeIgniter\View\Cell->render('\\App\\Controller...', 'id=13, page=1', 0, 'AppControllersF...')
#8 W:\domains\decor.com.va\app\Controllers\Frontend\Homepage\Router.php(59): view_cell('\\App\\Controller...', 'id=13, page=1')
#9 W:\domains\decor.com.va\vendor\codeigniter4\framework\system\CodeIgniter.php(918): App\Controllers\Frontend\Homepage\Router->index('thiet-ke-noi-th...')
#10 W:\domains\decor.com.va\vendor\codeigniter4\framework\system\CodeIgniter.php(404): CodeIgniter\CodeIgniter->runController(Object(App\Controllers\Frontend\Homepage\Router))
#11 W:\domains\decor.com.va\vendor\codeigniter4\framework\system\CodeIgniter.php(312): CodeIgniter\CodeIgniter->handleRequest(NULL, Object(Config\Cache), false)
#12 W:\domains\decor.com.va\index.php(48): CodeIgniter\CodeIgniter->run()
#13 {main}
CRITICAL - 2022-01-04 07:42:23 --> Invalid file: frontend/article/catalogue/sub_service.php
#0 W:\domains\decor.com.va\vendor\codeigniter4\framework\system\View\View.php(228): CodeIgniter\Exceptions\FrameworkException::forInvalidFile('frontend/articl...')
#1 W:\domains\decor.com.va\vendor\codeigniter4\framework\system\Common.php(1119): CodeIgniter\View\View->render('frontend/articl...', Array, true)
#2 W:\domains\decor.com.va\app\Views\frontend\homepage\layout\home.php(72): view('frontend/articl...')
#3 W:\domains\decor.com.va\vendor\codeigniter4\framework\system\View\View.php(246): include('W:\\domains\\deco...')
#4 W:\domains\decor.com.va\vendor\codeigniter4\framework\system\Common.php(1119): CodeIgniter\View\View->render('frontend/homepa...', Array, true)
#5 W:\domains\decor.com.va\app\Controllers\Frontend\Article\Catalogue.php(161): view('frontend/homepa...', Array)
#6 W:\domains\decor.com.va\vendor\codeigniter4\framework\system\View\Cell.php(180): App\Controllers\Frontend\Article\Catalogue->index(13, 1)
#7 W:\domains\decor.com.va\vendor\codeigniter4\framework\system\Common.php(1140): CodeIgniter\View\Cell->render('\\App\\Controller...', 'id=13, page=1', 0, 'AppControllersF...')
#8 W:\domains\decor.com.va\app\Controllers\Frontend\Homepage\Router.php(59): view_cell('\\App\\Controller...', 'id=13, page=1')
#9 W:\domains\decor.com.va\vendor\codeigniter4\framework\system\CodeIgniter.php(918): App\Controllers\Frontend\Homepage\Router->index('thiet-ke-noi-th...')
#10 W:\domains\decor.com.va\vendor\codeigniter4\framework\system\CodeIgniter.php(404): CodeIgniter\CodeIgniter->runController(Object(App\Controllers\Frontend\Homepage\Router))
#11 W:\domains\decor.com.va\vendor\codeigniter4\framework\system\CodeIgniter.php(312): CodeIgniter\CodeIgniter->handleRequest(NULL, Object(Config\Cache), false)
#12 W:\domains\decor.com.va\index.php(48): CodeIgniter\CodeIgniter->run()
#13 {main}
CRITICAL - 2022-01-04 07:48:05 --> Invalid file: frontend/article/catalogue/sub_service.php
#0 W:\domains\decor.com.va\vendor\codeigniter4\framework\system\View\View.php(228): CodeIgniter\Exceptions\FrameworkException::forInvalidFile('frontend/articl...')
#1 W:\domains\decor.com.va\vendor\codeigniter4\framework\system\Common.php(1119): CodeIgniter\View\View->render('frontend/articl...', Array, true)
#2 W:\domains\decor.com.va\app\Views\frontend\homepage\layout\home.php(72): view('frontend/articl...')
#3 W:\domains\decor.com.va\vendor\codeigniter4\framework\system\View\View.php(246): include('W:\\domains\\deco...')
#4 W:\domains\decor.com.va\vendor\codeigniter4\framework\system\Common.php(1119): CodeIgniter\View\View->render('frontend/homepa...', Array, true)
#5 W:\domains\decor.com.va\app\Controllers\Frontend\Article\Catalogue.php(161): view('frontend/homepa...', Array)
#6 W:\domains\decor.com.va\vendor\codeigniter4\framework\system\View\Cell.php(180): App\Controllers\Frontend\Article\Catalogue->index(13, 1)
#7 W:\domains\decor.com.va\vendor\codeigniter4\framework\system\Common.php(1140): CodeIgniter\View\Cell->render('\\App\\Controller...', 'id=13, page=1', 0, 'AppControllersF...')
#8 W:\domains\decor.com.va\app\Controllers\Frontend\Homepage\Router.php(59): view_cell('\\App\\Controller...', 'id=13, page=1')
#9 W:\domains\decor.com.va\vendor\codeigniter4\framework\system\CodeIgniter.php(918): App\Controllers\Frontend\Homepage\Router->index('thiet-ke-noi-th...')
#10 W:\domains\decor.com.va\vendor\codeigniter4\framework\system\CodeIgniter.php(404): CodeIgniter\CodeIgniter->runController(Object(App\Controllers\Frontend\Homepage\Router))
#11 W:\domains\decor.com.va\vendor\codeigniter4\framework\system\CodeIgniter.php(312): CodeIgniter\CodeIgniter->handleRequest(NULL, Object(Config\Cache), false)
#12 W:\domains\decor.com.va\index.php(48): CodeIgniter\CodeIgniter->run()
#13 {main}
CRITICAL - 2022-01-04 08:19:51 --> Undefined index: data
#0 W:\domains\decor.com.va\app\Models\AutoloadModel.php(105): CodeIgniter\Debug\Exceptions->errorHandler(8, 'Undefined index...', 'W:\\domains\\deco...', 105, Array)
#1 W:\domains\decor.com.va\app\Helpers\myinsert_helper.php(24): App\Models\AutoloadModel->_update(Array)
#2 W:\domains\decor.com.va\app\Controllers\Backend\Article\Catalogue.php(182): insert_router(Array)
#3 W:\domains\decor.com.va\vendor\codeigniter4\framework\system\CodeIgniter.php(918): App\Controllers\Backend\Article\Catalogue->update(12)
#4 W:\domains\decor.com.va\vendor\codeigniter4\framework\system\CodeIgniter.php(404): CodeIgniter\CodeIgniter->runController(Object(App\Controllers\Backend\Article\Catalogue))
#5 W:\domains\decor.com.va\vendor\codeigniter4\framework\system\CodeIgniter.php(312): CodeIgniter\CodeIgniter->handleRequest(NULL, Object(Config\Cache), false)
#6 W:\domains\decor.com.va\index.php(48): CodeIgniter\CodeIgniter->run()
#7 {main}
CRITICAL - 2022-01-04 10:37:25 --> syntax error, unexpected '=>' (T_DOUBLE_ARROW)
#0 W:\domains\decor.com.va\vendor\codeigniter4\framework\system\Autoloader\Autoloader.php(296): CodeIgniter\Autoloader\Autoloader->requireFile('W:\\domains\\deco...')
#1 W:\domains\decor.com.va\vendor\codeigniter4\framework\system\Autoloader\Autoloader.php(258): CodeIgniter\Autoloader\Autoloader->loadInNamespace('App\\Controllers...')
#2 [internal function]: CodeIgniter\Autoloader\Autoloader->loadClass('App\\Controllers...')
#3 [internal function]: spl_autoload_call('App\\Controllers...')
#4 W:\domains\decor.com.va\vendor\codeigniter4\framework\system\View\Cell.php(266): class_exists('\\App\\Controller...', true)
#5 W:\domains\decor.com.va\vendor\codeigniter4\framework\system\View\Cell.php(110): CodeIgniter\View\Cell->determineClass('\\App\\Controller...')
#6 W:\domains\decor.com.va\vendor\codeigniter4\framework\system\Common.php(1140): CodeIgniter\View\Cell->render('\\App\\Controller...', 'id=16, page=1', 0, NULL)
#7 W:\domains\decor.com.va\app\Controllers\Frontend\Homepage\Router.php(59): view_cell('\\App\\Controller...', 'id=16, page=1')
#8 W:\domains\decor.com.va\vendor\codeigniter4\framework\system\CodeIgniter.php(918): App\Controllers\Frontend\Homepage\Router->index('tin-tuc')
#9 W:\domains\decor.com.va\vendor\codeigniter4\framework\system\CodeIgniter.php(404): CodeIgniter\CodeIgniter->runController(Object(App\Controllers\Frontend\Homepage\Router))
#10 W:\domains\decor.com.va\vendor\codeigniter4\framework\system\CodeIgniter.php(312): CodeIgniter\CodeIgniter->handleRequest(NULL, Object(Config\Cache), false)
#11 W:\domains\decor.com.va\index.php(48): CodeIgniter\CodeIgniter->run()
#12 {main}
CRITICAL - 2022-01-04 10:37:37 --> Undefined property: CodeIgniter\View\View::$AutoloadModel
#0 W:\domains\decor.com.va\app\Views\frontend\article\catalogue\index.php(4): CodeIgniter\Debug\Exceptions->errorHandler(8, 'Undefined prope...', 'W:\\domains\\deco...', 4, Array)
#1 W:\domains\decor.com.va\vendor\codeigniter4\framework\system\View\View.php(246): include('W:\\domains\\deco...')
#2 W:\domains\decor.com.va\vendor\codeigniter4\framework\system\Common.php(1119): CodeIgniter\View\View->render('frontend/articl...', Array, true)
#3 W:\domains\decor.com.va\app\Views\frontend\homepage\layout\home.php(72): view('frontend/articl...')
#4 W:\domains\decor.com.va\vendor\codeigniter4\framework\system\View\View.php(246): include('W:\\domains\\deco...')
#5 W:\domains\decor.com.va\vendor\codeigniter4\framework\system\Common.php(1119): CodeIgniter\View\View->render('frontend/homepa...', Array, true)
#6 W:\domains\decor.com.va\app\Controllers\Frontend\Article\Catalogue.php(162): view('frontend/homepa...', Array)
#7 W:\domains\decor.com.va\vendor\codeigniter4\framework\system\View\Cell.php(180): App\Controllers\Frontend\Article\Catalogue->index(16, 0)
#8 W:\domains\decor.com.va\vendor\codeigniter4\framework\system\Common.php(1140): CodeIgniter\View\Cell->render('\\App\\Controller...', 'id=16, page=1', 0, 'AppControllersF...')
#9 W:\domains\decor.com.va\app\Controllers\Frontend\Homepage\Router.php(59): view_cell('\\App\\Controller...', 'id=16, page=1')
#10 W:\domains\decor.com.va\vendor\codeigniter4\framework\system\CodeIgniter.php(918): App\Controllers\Frontend\Homepage\Router->index('tin-tuc')
#11 W:\domains\decor.com.va\vendor\codeigniter4\framework\system\CodeIgniter.php(404): CodeIgniter\CodeIgniter->runController(Object(App\Controllers\Frontend\Homepage\Router))
#12 W:\domains\decor.com.va\vendor\codeigniter4\framework\system\CodeIgniter.php(312): CodeIgniter\CodeIgniter->handleRequest(NULL, Object(Config\Cache), false)
#13 W:\domains\decor.com.va\index.php(48): CodeIgniter\CodeIgniter->run()
#14 {main}
CRITICAL - 2022-01-04 10:37:41 --> Undefined property: CodeIgniter\View\View::$AutoloadModel
#0 W:\domains\decor.com.va\app\Views\frontend\article\catalogue\index.php(4): CodeIgniter\Debug\Exceptions->errorHandler(8, 'Undefined prope...', 'W:\\domains\\deco...', 4, Array)
#1 W:\domains\decor.com.va\vendor\codeigniter4\framework\system\View\View.php(246): include('W:\\domains\\deco...')
#2 W:\domains\decor.com.va\vendor\codeigniter4\framework\system\Common.php(1119): CodeIgniter\View\View->render('frontend/articl...', Array, true)
#3 W:\domains\decor.com.va\app\Views\frontend\homepage\layout\home.php(72): view('frontend/articl...')
#4 W:\domains\decor.com.va\vendor\codeigniter4\framework\system\View\View.php(246): include('W:\\domains\\deco...')
#5 W:\domains\decor.com.va\vendor\codeigniter4\framework\system\Common.php(1119): CodeIgniter\View\View->render('frontend/homepa...', Array, true)
#6 W:\domains\decor.com.va\app\Controllers\Frontend\Article\Catalogue.php(161): view('frontend/homepa...', Array)
#7 W:\domains\decor.com.va\vendor\codeigniter4\framework\system\View\Cell.php(180): App\Controllers\Frontend\Article\Catalogue->index(16, 0)
#8 W:\domains\decor.com.va\vendor\codeigniter4\framework\system\Common.php(1140): CodeIgniter\View\Cell->render('\\App\\Controller...', 'id=16, page=1', 0, 'AppControllersF...')
#9 W:\domains\decor.com.va\app\Controllers\Frontend\Homepage\Router.php(59): view_cell('\\App\\Controller...', 'id=16, page=1')
#10 W:\domains\decor.com.va\vendor\codeigniter4\framework\system\CodeIgniter.php(918): App\Controllers\Frontend\Homepage\Router->index('tin-tuc')
#11 W:\domains\decor.com.va\vendor\codeigniter4\framework\system\CodeIgniter.php(404): CodeIgniter\CodeIgniter->runController(Object(App\Controllers\Frontend\Homepage\Router))
#12 W:\domains\decor.com.va\vendor\codeigniter4\framework\system\CodeIgniter.php(312): CodeIgniter\CodeIgniter->handleRequest(NULL, Object(Config\Cache), false)
#13 W:\domains\decor.com.va\index.php(48): CodeIgniter\CodeIgniter->run()
#14 {main}
CRITICAL - 2022-01-04 10:37:42 --> Undefined property: CodeIgniter\View\View::$AutoloadModel
#0 W:\domains\decor.com.va\app\Views\frontend\article\catalogue\index.php(4): CodeIgniter\Debug\Exceptions->errorHandler(8, 'Undefined prope...', 'W:\\domains\\deco...', 4, Array)
#1 W:\domains\decor.com.va\vendor\codeigniter4\framework\system\View\View.php(246): include('W:\\domains\\deco...')
#2 W:\domains\decor.com.va\vendor\codeigniter4\framework\system\Common.php(1119): CodeIgniter\View\View->render('frontend/articl...', Array, true)
#3 W:\domains\decor.com.va\app\Views\frontend\homepage\layout\home.php(72): view('frontend/articl...')
#4 W:\domains\decor.com.va\vendor\codeigniter4\framework\system\View\View.php(246): include('W:\\domains\\deco...')
#5 W:\domains\decor.com.va\vendor\codeigniter4\framework\system\Common.php(1119): CodeIgniter\View\View->render('frontend/homepa...', Array, true)
#6 W:\domains\decor.com.va\app\Controllers\Frontend\Article\Catalogue.php(161): view('frontend/homepa...', Array)
#7 W:\domains\decor.com.va\vendor\codeigniter4\framework\system\View\Cell.php(180): App\Controllers\Frontend\Article\Catalogue->index(16, 0)
#8 W:\domains\decor.com.va\vendor\codeigniter4\framework\system\Common.php(1140): CodeIgniter\View\Cell->render('\\App\\Controller...', 'id=16, page=1', 0, 'AppControllersF...')
#9 W:\domains\decor.com.va\app\Controllers\Frontend\Homepage\Router.php(59): view_cell('\\App\\Controller...', 'id=16, page=1')
#10 W:\domains\decor.com.va\vendor\codeigniter4\framework\system\CodeIgniter.php(918): App\Controllers\Frontend\Homepage\Router->index('tin-tuc')
#11 W:\domains\decor.com.va\vendor\codeigniter4\framework\system\CodeIgniter.php(404): CodeIgniter\CodeIgniter->runController(Object(App\Controllers\Frontend\Homepage\Router))
#12 W:\domains\decor.com.va\vendor\codeigniter4\framework\system\CodeIgniter.php(312): CodeIgniter\CodeIgniter->handleRequest(NULL, Object(Config\Cache), false)
#13 W:\domains\decor.com.va\index.php(48): CodeIgniter\CodeIgniter->run()
#14 {main}
