CRITICAL - 2022-08-11 08:25:49 --> A non well formed numeric value encountered
#0 [internal function]: CodeIgniter\Debug\Exceptions->errorHandler(8, 'A non well form...', 'G:\\DoAnTotNghie...', 109, Array)
#1 G:\DoAnTotNghiep\OpenServer\domains\new-allinci.com\app\Views\frontend\homepage\common\asideproduct.php(109): number_format('6 & UP', 0, ',', '.')
#2 G:\DoAnTotNghiep\OpenServer\domains\new-allinci.com\vendor\codeigniter4\framework\system\View\View.php(246): include('G:\\DoAnTotNghie...')
#3 G:\DoAnTotNghiep\OpenServer\domains\new-allinci.com\vendor\codeigniter4\framework\system\Common.php(1119): CodeIgniter\View\View->render('frontend/homepa...', Array, true)
#4 G:\DoAnTotNghiep\OpenServer\domains\new-allinci.com\app\Views\frontend\homepage\home\index.php(186): view('frontend/homepa...')
#5 G:\DoAnTotNghiep\OpenServer\domains\new-allinci.com\vendor\codeigniter4\framework\system\View\View.php(246): include('G:\\DoAnTotNghie...')
#6 G:\DoAnTotNghiep\OpenServer\domains\new-allinci.com\vendor\codeigniter4\framework\system\Common.php(1119): CodeIgniter\View\View->render('frontend/homepa...', Array, true)
#7 G:\DoAnTotNghiep\OpenServer\domains\new-allinci.com\app\Views\frontend\homepage\layout\home.php(72): view('frontend/homepa...')
#8 G:\DoAnTotNghiep\OpenServer\domains\new-allinci.com\vendor\codeigniter4\framework\system\View\View.php(246): include('G:\\DoAnTotNghie...')
#9 G:\DoAnTotNghiep\OpenServer\domains\new-allinci.com\vendor\codeigniter4\framework\system\Common.php(1119): CodeIgniter\View\View->render('frontend/homepa...', Array, true)
#10 G:\DoAnTotNghiep\OpenServer\domains\new-allinci.com\app\Controllers\Frontend\Homepage\Home.php(70): view('frontend/homepa...', Array)
#11 G:\DoAnTotNghiep\OpenServer\domains\new-allinci.com\vendor\codeigniter4\framework\system\CodeIgniter.php(918): App\Controllers\Frontend\Homepage\Home->index()
#12 G:\DoAnTotNghiep\OpenServer\domains\new-allinci.com\vendor\codeigniter4\framework\system\CodeIgniter.php(404): CodeIgniter\CodeIgniter->runController(Object(App\Controllers\Frontend\Homepage\Home))
#13 G:\DoAnTotNghiep\OpenServer\domains\new-allinci.com\vendor\codeigniter4\framework\system\CodeIgniter.php(312): CodeIgniter\CodeIgniter->handleRequest(NULL, Object(Config\Cache), false)
#14 G:\DoAnTotNghiep\OpenServer\domains\new-allinci.com\index.php(47): CodeIgniter\CodeIgniter->run()
#15 {main}
CRITICAL - 2022-08-11 08:32:21 --> A non well formed numeric value encountered
#0 [internal function]: CodeIgniter\Debug\Exceptions->errorHandler(8, 'A non well form...', 'G:\\DoAnTotNghie...', 109, Array)
#1 G:\DoAnTotNghiep\OpenServer\domains\new-allinci.com\app\Views\frontend\homepage\common\asideproduct.php(109): number_format('6 & UP', 0, ',', '.')
#2 G:\DoAnTotNghiep\OpenServer\domains\new-allinci.com\vendor\codeigniter4\framework\system\View\View.php(246): include('G:\\DoAnTotNghie...')
#3 G:\DoAnTotNghiep\OpenServer\domains\new-allinci.com\vendor\codeigniter4\framework\system\Common.php(1119): CodeIgniter\View\View->render('frontend/homepa...', Array, true)
#4 G:\DoAnTotNghiep\OpenServer\domains\new-allinci.com\app\Views\frontend\homepage\home\index.php(186): view('frontend/homepa...')
#5 G:\DoAnTotNghiep\OpenServer\domains\new-allinci.com\vendor\codeigniter4\framework\system\View\View.php(246): include('G:\\DoAnTotNghie...')
#6 G:\DoAnTotNghiep\OpenServer\domains\new-allinci.com\vendor\codeigniter4\framework\system\Common.php(1119): CodeIgniter\View\View->render('frontend/homepa...', Array, true)
#7 G:\DoAnTotNghiep\OpenServer\domains\new-allinci.com\app\Views\frontend\homepage\layout\home.php(72): view('frontend/homepa...')
#8 G:\DoAnTotNghiep\OpenServer\domains\new-allinci.com\vendor\codeigniter4\framework\system\View\View.php(246): include('G:\\DoAnTotNghie...')
#9 G:\DoAnTotNghiep\OpenServer\domains\new-allinci.com\vendor\codeigniter4\framework\system\Common.php(1119): CodeIgniter\View\View->render('frontend/homepa...', Array, true)
#10 G:\DoAnTotNghiep\OpenServer\domains\new-allinci.com\app\Controllers\Frontend\Homepage\Home.php(70): view('frontend/homepa...', Array)
#11 G:\DoAnTotNghiep\OpenServer\domains\new-allinci.com\vendor\codeigniter4\framework\system\CodeIgniter.php(918): App\Controllers\Frontend\Homepage\Home->index()
#12 G:\DoAnTotNghiep\OpenServer\domains\new-allinci.com\vendor\codeigniter4\framework\system\CodeIgniter.php(404): CodeIgniter\CodeIgniter->runController(Object(App\Controllers\Frontend\Homepage\Home))
#13 G:\DoAnTotNghiep\OpenServer\domains\new-allinci.com\vendor\codeigniter4\framework\system\CodeIgniter.php(312): CodeIgniter\CodeIgniter->handleRequest(NULL, Object(Config\Cache), false)
#14 G:\DoAnTotNghiep\OpenServer\domains\new-allinci.com\index.php(47): CodeIgniter\CodeIgniter->run()
#15 {main}
CRITICAL - 2022-08-11 08:32:25 --> A non well formed numeric value encountered
#0 [internal function]: CodeIgniter\Debug\Exceptions->errorHandler(8, 'A non well form...', 'G:\\DoAnTotNghie...', 109, Array)
#1 G:\DoAnTotNghiep\OpenServer\domains\new-allinci.com\app\Views\frontend\homepage\common\asideproduct.php(109): number_format('6 & UP', 0, ',', '.')
#2 G:\DoAnTotNghiep\OpenServer\domains\new-allinci.com\vendor\codeigniter4\framework\system\View\View.php(246): include('G:\\DoAnTotNghie...')
#3 G:\DoAnTotNghiep\OpenServer\domains\new-allinci.com\vendor\codeigniter4\framework\system\Common.php(1119): CodeIgniter\View\View->render('frontend/homepa...', Array, true)
#4 G:\DoAnTotNghiep\OpenServer\domains\new-allinci.com\app\Views\frontend\homepage\home\index.php(186): view('frontend/homepa...')
#5 G:\DoAnTotNghiep\OpenServer\domains\new-allinci.com\vendor\codeigniter4\framework\system\View\View.php(246): include('G:\\DoAnTotNghie...')
#6 G:\DoAnTotNghiep\OpenServer\domains\new-allinci.com\vendor\codeigniter4\framework\system\Common.php(1119): CodeIgniter\View\View->render('frontend/homepa...', Array, true)
#7 G:\DoAnTotNghiep\OpenServer\domains\new-allinci.com\app\Views\frontend\homepage\layout\home.php(72): view('frontend/homepa...')
#8 G:\DoAnTotNghiep\OpenServer\domains\new-allinci.com\vendor\codeigniter4\framework\system\View\View.php(246): include('G:\\DoAnTotNghie...')
#9 G:\DoAnTotNghiep\OpenServer\domains\new-allinci.com\vendor\codeigniter4\framework\system\Common.php(1119): CodeIgniter\View\View->render('frontend/homepa...', Array, true)
#10 G:\DoAnTotNghiep\OpenServer\domains\new-allinci.com\app\Controllers\Frontend\Homepage\Home.php(70): view('frontend/homepa...', Array)
#11 G:\DoAnTotNghiep\OpenServer\domains\new-allinci.com\vendor\codeigniter4\framework\system\CodeIgniter.php(918): App\Controllers\Frontend\Homepage\Home->index()
#12 G:\DoAnTotNghiep\OpenServer\domains\new-allinci.com\vendor\codeigniter4\framework\system\CodeIgniter.php(404): CodeIgniter\CodeIgniter->runController(Object(App\Controllers\Frontend\Homepage\Home))
#13 G:\DoAnTotNghiep\OpenServer\domains\new-allinci.com\vendor\codeigniter4\framework\system\CodeIgniter.php(312): CodeIgniter\CodeIgniter->handleRequest(NULL, Object(Config\Cache), false)
#14 G:\DoAnTotNghiep\OpenServer\domains\new-allinci.com\index.php(47): CodeIgniter\CodeIgniter->run()
#15 {main}
CRITICAL - 2022-08-11 08:32:31 --> A non well formed numeric value encountered
#0 [internal function]: CodeIgniter\Debug\Exceptions->errorHandler(8, 'A non well form...', 'G:\\DoAnTotNghie...', 109, Array)
#1 G:\DoAnTotNghiep\OpenServer\domains\new-allinci.com\app\Views\frontend\homepage\common\asideproduct.php(109): number_format('6 & UP', 0, ',', '.')
#2 G:\DoAnTotNghiep\OpenServer\domains\new-allinci.com\vendor\codeigniter4\framework\system\View\View.php(246): include('G:\\DoAnTotNghie...')
#3 G:\DoAnTotNghiep\OpenServer\domains\new-allinci.com\vendor\codeigniter4\framework\system\Common.php(1119): CodeIgniter\View\View->render('frontend/homepa...', Array, true)
#4 G:\DoAnTotNghiep\OpenServer\domains\new-allinci.com\app\Views\frontend\homepage\home\index.php(186): view('frontend/homepa...')
#5 G:\DoAnTotNghiep\OpenServer\domains\new-allinci.com\vendor\codeigniter4\framework\system\View\View.php(246): include('G:\\DoAnTotNghie...')
#6 G:\DoAnTotNghiep\OpenServer\domains\new-allinci.com\vendor\codeigniter4\framework\system\Common.php(1119): CodeIgniter\View\View->render('frontend/homepa...', Array, true)
#7 G:\DoAnTotNghiep\OpenServer\domains\new-allinci.com\app\Views\frontend\homepage\layout\home.php(72): view('frontend/homepa...')
#8 G:\DoAnTotNghiep\OpenServer\domains\new-allinci.com\vendor\codeigniter4\framework\system\View\View.php(246): include('G:\\DoAnTotNghie...')
#9 G:\DoAnTotNghiep\OpenServer\domains\new-allinci.com\vendor\codeigniter4\framework\system\Common.php(1119): CodeIgniter\View\View->render('frontend/homepa...', Array, true)
#10 G:\DoAnTotNghiep\OpenServer\domains\new-allinci.com\app\Controllers\Frontend\Homepage\Home.php(70): view('frontend/homepa...', Array)
#11 G:\DoAnTotNghiep\OpenServer\domains\new-allinci.com\vendor\codeigniter4\framework\system\CodeIgniter.php(918): App\Controllers\Frontend\Homepage\Home->index()
#12 G:\DoAnTotNghiep\OpenServer\domains\new-allinci.com\vendor\codeigniter4\framework\system\CodeIgniter.php(404): CodeIgniter\CodeIgniter->runController(Object(App\Controllers\Frontend\Homepage\Home))
#13 G:\DoAnTotNghiep\OpenServer\domains\new-allinci.com\vendor\codeigniter4\framework\system\CodeIgniter.php(312): CodeIgniter\CodeIgniter->handleRequest(NULL, Object(Config\Cache), false)
#14 G:\DoAnTotNghiep\OpenServer\domains\new-allinci.com\index.php(47): CodeIgniter\CodeIgniter->run()
#15 {main}
CRITICAL - 2022-08-11 08:45:34 --> A non well formed numeric value encountered
#0 [internal function]: CodeIgniter\Debug\Exceptions->errorHandler(8, 'A non well form...', 'G:\\DoAnTotNghie...', 109, Array)
#1 G:\DoAnTotNghiep\OpenServer\domains\new-allinci.com\app\Views\frontend\homepage\common\asideproduct.php(109): number_format('6 & UP', 0, ',', '.')
#2 G:\DoAnTotNghiep\OpenServer\domains\new-allinci.com\vendor\codeigniter4\framework\system\View\View.php(246): include('G:\\DoAnTotNghie...')
#3 G:\DoAnTotNghiep\OpenServer\domains\new-allinci.com\vendor\codeigniter4\framework\system\Common.php(1119): CodeIgniter\View\View->render('frontend/homepa...', Array, true)
#4 G:\DoAnTotNghiep\OpenServer\domains\new-allinci.com\app\Views\frontend\homepage\home\index.php(186): view('frontend/homepa...')
#5 G:\DoAnTotNghiep\OpenServer\domains\new-allinci.com\vendor\codeigniter4\framework\system\View\View.php(246): include('G:\\DoAnTotNghie...')
#6 G:\DoAnTotNghiep\OpenServer\domains\new-allinci.com\vendor\codeigniter4\framework\system\Common.php(1119): CodeIgniter\View\View->render('frontend/homepa...', Array, true)
#7 G:\DoAnTotNghiep\OpenServer\domains\new-allinci.com\app\Views\frontend\homepage\layout\home.php(72): view('frontend/homepa...')
#8 G:\DoAnTotNghiep\OpenServer\domains\new-allinci.com\vendor\codeigniter4\framework\system\View\View.php(246): include('G:\\DoAnTotNghie...')
#9 G:\DoAnTotNghiep\OpenServer\domains\new-allinci.com\vendor\codeigniter4\framework\system\Common.php(1119): CodeIgniter\View\View->render('frontend/homepa...', Array, true)
#10 G:\DoAnTotNghiep\OpenServer\domains\new-allinci.com\app\Controllers\Frontend\Homepage\Home.php(70): view('frontend/homepa...', Array)
#11 G:\DoAnTotNghiep\OpenServer\domains\new-allinci.com\vendor\codeigniter4\framework\system\CodeIgniter.php(918): App\Controllers\Frontend\Homepage\Home->index()
#12 G:\DoAnTotNghiep\OpenServer\domains\new-allinci.com\vendor\codeigniter4\framework\system\CodeIgniter.php(404): CodeIgniter\CodeIgniter->runController(Object(App\Controllers\Frontend\Homepage\Home))
#13 G:\DoAnTotNghiep\OpenServer\domains\new-allinci.com\vendor\codeigniter4\framework\system\CodeIgniter.php(312): CodeIgniter\CodeIgniter->handleRequest(NULL, Object(Config\Cache), false)
#14 G:\DoAnTotNghiep\OpenServer\domains\new-allinci.com\index.php(47): CodeIgniter\CodeIgniter->run()
#15 {main}
CRITICAL - 2022-08-11 08:45:36 --> A non well formed numeric value encountered
#0 [internal function]: CodeIgniter\Debug\Exceptions->errorHandler(8, 'A non well form...', 'G:\\DoAnTotNghie...', 109, Array)
#1 G:\DoAnTotNghiep\OpenServer\domains\new-allinci.com\app\Views\frontend\homepage\common\asideproduct.php(109): number_format('6 & UP', 0, ',', '.')
#2 G:\DoAnTotNghiep\OpenServer\domains\new-allinci.com\vendor\codeigniter4\framework\system\View\View.php(246): include('G:\\DoAnTotNghie...')
#3 G:\DoAnTotNghiep\OpenServer\domains\new-allinci.com\vendor\codeigniter4\framework\system\Common.php(1119): CodeIgniter\View\View->render('frontend/homepa...', Array, true)
#4 G:\DoAnTotNghiep\OpenServer\domains\new-allinci.com\app\Views\frontend\homepage\home\index.php(186): view('frontend/homepa...')
#5 G:\DoAnTotNghiep\OpenServer\domains\new-allinci.com\vendor\codeigniter4\framework\system\View\View.php(246): include('G:\\DoAnTotNghie...')
#6 G:\DoAnTotNghiep\OpenServer\domains\new-allinci.com\vendor\codeigniter4\framework\system\Common.php(1119): CodeIgniter\View\View->render('frontend/homepa...', Array, true)
#7 G:\DoAnTotNghiep\OpenServer\domains\new-allinci.com\app\Views\frontend\homepage\layout\home.php(72): view('frontend/homepa...')
#8 G:\DoAnTotNghiep\OpenServer\domains\new-allinci.com\vendor\codeigniter4\framework\system\View\View.php(246): include('G:\\DoAnTotNghie...')
#9 G:\DoAnTotNghiep\OpenServer\domains\new-allinci.com\vendor\codeigniter4\framework\system\Common.php(1119): CodeIgniter\View\View->render('frontend/homepa...', Array, true)
#10 G:\DoAnTotNghiep\OpenServer\domains\new-allinci.com\app\Controllers\Frontend\Homepage\Home.php(70): view('frontend/homepa...', Array)
#11 G:\DoAnTotNghiep\OpenServer\domains\new-allinci.com\vendor\codeigniter4\framework\system\CodeIgniter.php(918): App\Controllers\Frontend\Homepage\Home->index()
#12 G:\DoAnTotNghiep\OpenServer\domains\new-allinci.com\vendor\codeigniter4\framework\system\CodeIgniter.php(404): CodeIgniter\CodeIgniter->runController(Object(App\Controllers\Frontend\Homepage\Home))
#13 G:\DoAnTotNghiep\OpenServer\domains\new-allinci.com\vendor\codeigniter4\framework\system\CodeIgniter.php(312): CodeIgniter\CodeIgniter->handleRequest(NULL, Object(Config\Cache), false)
#14 G:\DoAnTotNghiep\OpenServer\domains\new-allinci.com\index.php(47): CodeIgniter\CodeIgniter->run()
#15 {main}
CRITICAL - 2022-08-11 08:45:44 --> A non well formed numeric value encountered
#0 [internal function]: CodeIgniter\Debug\Exceptions->errorHandler(8, 'A non well form...', 'G:\\DoAnTotNghie...', 109, Array)
#1 G:\DoAnTotNghiep\OpenServer\domains\new-allinci.com\app\Views\frontend\homepage\common\asideproduct.php(109): number_format('6 & UP', 0, ',', '.')
#2 G:\DoAnTotNghiep\OpenServer\domains\new-allinci.com\vendor\codeigniter4\framework\system\View\View.php(246): include('G:\\DoAnTotNghie...')
#3 G:\DoAnTotNghiep\OpenServer\domains\new-allinci.com\vendor\codeigniter4\framework\system\Common.php(1119): CodeIgniter\View\View->render('frontend/homepa...', Array, true)
#4 G:\DoAnTotNghiep\OpenServer\domains\new-allinci.com\app\Views\frontend\homepage\home\index.php(186): view('frontend/homepa...')
#5 G:\DoAnTotNghiep\OpenServer\domains\new-allinci.com\vendor\codeigniter4\framework\system\View\View.php(246): include('G:\\DoAnTotNghie...')
#6 G:\DoAnTotNghiep\OpenServer\domains\new-allinci.com\vendor\codeigniter4\framework\system\Common.php(1119): CodeIgniter\View\View->render('frontend/homepa...', Array, true)
#7 G:\DoAnTotNghiep\OpenServer\domains\new-allinci.com\app\Views\frontend\homepage\layout\home.php(72): view('frontend/homepa...')
#8 G:\DoAnTotNghiep\OpenServer\domains\new-allinci.com\vendor\codeigniter4\framework\system\View\View.php(246): include('G:\\DoAnTotNghie...')
#9 G:\DoAnTotNghiep\OpenServer\domains\new-allinci.com\vendor\codeigniter4\framework\system\Common.php(1119): CodeIgniter\View\View->render('frontend/homepa...', Array, true)
#10 G:\DoAnTotNghiep\OpenServer\domains\new-allinci.com\app\Controllers\Frontend\Homepage\Home.php(70): view('frontend/homepa...', Array)
#11 G:\DoAnTotNghiep\OpenServer\domains\new-allinci.com\vendor\codeigniter4\framework\system\CodeIgniter.php(918): App\Controllers\Frontend\Homepage\Home->index()
#12 G:\DoAnTotNghiep\OpenServer\domains\new-allinci.com\vendor\codeigniter4\framework\system\CodeIgniter.php(404): CodeIgniter\CodeIgniter->runController(Object(App\Controllers\Frontend\Homepage\Home))
#13 G:\DoAnTotNghiep\OpenServer\domains\new-allinci.com\vendor\codeigniter4\framework\system\CodeIgniter.php(312): CodeIgniter\CodeIgniter->handleRequest(NULL, Object(Config\Cache), false)
#14 G:\DoAnTotNghiep\OpenServer\domains\new-allinci.com\index.php(47): CodeIgniter\CodeIgniter->run()
#15 {main}
CRITICAL - 2022-08-11 08:48:54 --> Illegal string offset 'link'
#0 G:\DoAnTotNghiep\OpenServer\domains\new-allinci.com\app\Views\frontend\homepage\common\navigation.php(10): CodeIgniter\Debug\Exceptions->errorHandler(2, 'Illegal string ...', 'G:\\DoAnTotNghie...', 10, Array)
#1 G:\DoAnTotNghiep\OpenServer\domains\new-allinci.com\vendor\codeigniter4\framework\system\View\View.php(246): include('G:\\DoAnTotNghie...')
#2 G:\DoAnTotNghiep\OpenServer\domains\new-allinci.com\vendor\codeigniter4\framework\system\Common.php(1119): CodeIgniter\View\View->render('frontend/homepa...', Array, true)
#3 G:\DoAnTotNghiep\OpenServer\domains\new-allinci.com\app\Views\frontend\homepage\common\header.php(43): view('frontend/homepa...')
#4 G:\DoAnTotNghiep\OpenServer\domains\new-allinci.com\vendor\codeigniter4\framework\system\View\View.php(246): include('G:\\DoAnTotNghie...')
#5 G:\DoAnTotNghiep\OpenServer\domains\new-allinci.com\vendor\codeigniter4\framework\system\Common.php(1119): CodeIgniter\View\View->render('frontend/homepa...', Array, true)
#6 G:\DoAnTotNghiep\OpenServer\domains\new-allinci.com\app\Views\frontend\homepage\layout\home.php(69): view('frontend/homepa...')
#7 G:\DoAnTotNghiep\OpenServer\domains\new-allinci.com\vendor\codeigniter4\framework\system\View\View.php(246): include('G:\\DoAnTotNghie...')
#8 G:\DoAnTotNghiep\OpenServer\domains\new-allinci.com\vendor\codeigniter4\framework\system\Common.php(1119): CodeIgniter\View\View->render('frontend/homepa...', Array, true)
#9 G:\DoAnTotNghiep\OpenServer\domains\new-allinci.com\app\Controllers\Frontend\Homepage\Home.php(70): view('frontend/homepa...', Array)
#10 G:\DoAnTotNghiep\OpenServer\domains\new-allinci.com\vendor\codeigniter4\framework\system\CodeIgniter.php(918): App\Controllers\Frontend\Homepage\Home->index()
#11 G:\DoAnTotNghiep\OpenServer\domains\new-allinci.com\vendor\codeigniter4\framework\system\CodeIgniter.php(404): CodeIgniter\CodeIgniter->runController(Object(App\Controllers\Frontend\Homepage\Home))
#12 G:\DoAnTotNghiep\OpenServer\domains\new-allinci.com\vendor\codeigniter4\framework\system\CodeIgniter.php(312): CodeIgniter\CodeIgniter->handleRequest(NULL, Object(Config\Cache), false)
#13 G:\DoAnTotNghiep\OpenServer\domains\new-allinci.com\index.php(47): CodeIgniter\CodeIgniter->run()
#14 {main}
CRITICAL - 2022-08-11 08:49:11 --> Undefined index: link
#0 G:\DoAnTotNghiep\OpenServer\domains\new-allinci.com\app\Views\frontend\homepage\common\navigation.php(10): CodeIgniter\Debug\Exceptions->errorHandler(8, 'Undefined index...', 'G:\\DoAnTotNghie...', 10, Array)
#1 G:\DoAnTotNghiep\OpenServer\domains\new-allinci.com\vendor\codeigniter4\framework\system\View\View.php(246): include('G:\\DoAnTotNghie...')
#2 G:\DoAnTotNghiep\OpenServer\domains\new-allinci.com\vendor\codeigniter4\framework\system\Common.php(1119): CodeIgniter\View\View->render('frontend/homepa...', Array, true)
#3 G:\DoAnTotNghiep\OpenServer\domains\new-allinci.com\app\Views\frontend\homepage\common\header.php(43): view('frontend/homepa...')
#4 G:\DoAnTotNghiep\OpenServer\domains\new-allinci.com\vendor\codeigniter4\framework\system\View\View.php(246): include('G:\\DoAnTotNghie...')
#5 G:\DoAnTotNghiep\OpenServer\domains\new-allinci.com\vendor\codeigniter4\framework\system\Common.php(1119): CodeIgniter\View\View->render('frontend/homepa...', Array, true)
#6 G:\DoAnTotNghiep\OpenServer\domains\new-allinci.com\app\Views\frontend\homepage\layout\home.php(69): view('frontend/homepa...')
#7 G:\DoAnTotNghiep\OpenServer\domains\new-allinci.com\vendor\codeigniter4\framework\system\View\View.php(246): include('G:\\DoAnTotNghie...')
#8 G:\DoAnTotNghiep\OpenServer\domains\new-allinci.com\vendor\codeigniter4\framework\system\Common.php(1119): CodeIgniter\View\View->render('frontend/homepa...', Array, true)
#9 G:\DoAnTotNghiep\OpenServer\domains\new-allinci.com\app\Controllers\Frontend\Homepage\Home.php(70): view('frontend/homepa...', Array)
#10 G:\DoAnTotNghiep\OpenServer\domains\new-allinci.com\vendor\codeigniter4\framework\system\CodeIgniter.php(918): App\Controllers\Frontend\Homepage\Home->index()
#11 G:\DoAnTotNghiep\OpenServer\domains\new-allinci.com\vendor\codeigniter4\framework\system\CodeIgniter.php(404): CodeIgniter\CodeIgniter->runController(Object(App\Controllers\Frontend\Homepage\Home))
#12 G:\DoAnTotNghiep\OpenServer\domains\new-allinci.com\vendor\codeigniter4\framework\system\CodeIgniter.php(312): CodeIgniter\CodeIgniter->handleRequest(NULL, Object(Config\Cache), false)
#13 G:\DoAnTotNghiep\OpenServer\domains\new-allinci.com\index.php(47): CodeIgniter\CodeIgniter->run()
#14 {main}
CRITICAL - 2022-08-11 08:49:35 --> Undefined index: link
#0 G:\DoAnTotNghiep\OpenServer\domains\new-allinci.com\app\Views\frontend\homepage\common\navigation.php(10): CodeIgniter\Debug\Exceptions->errorHandler(8, 'Undefined index...', 'G:\\DoAnTotNghie...', 10, Array)
#1 G:\DoAnTotNghiep\OpenServer\domains\new-allinci.com\vendor\codeigniter4\framework\system\View\View.php(246): include('G:\\DoAnTotNghie...')
#2 G:\DoAnTotNghiep\OpenServer\domains\new-allinci.com\vendor\codeigniter4\framework\system\Common.php(1119): CodeIgniter\View\View->render('frontend/homepa...', Array, true)
#3 G:\DoAnTotNghiep\OpenServer\domains\new-allinci.com\app\Views\frontend\homepage\common\header.php(43): view('frontend/homepa...')
#4 G:\DoAnTotNghiep\OpenServer\domains\new-allinci.com\vendor\codeigniter4\framework\system\View\View.php(246): include('G:\\DoAnTotNghie...')
#5 G:\DoAnTotNghiep\OpenServer\domains\new-allinci.com\vendor\codeigniter4\framework\system\Common.php(1119): CodeIgniter\View\View->render('frontend/homepa...', Array, true)
#6 G:\DoAnTotNghiep\OpenServer\domains\new-allinci.com\app\Views\frontend\homepage\layout\home.php(69): view('frontend/homepa...')
#7 G:\DoAnTotNghiep\OpenServer\domains\new-allinci.com\vendor\codeigniter4\framework\system\View\View.php(246): include('G:\\DoAnTotNghie...')
#8 G:\DoAnTotNghiep\OpenServer\domains\new-allinci.com\vendor\codeigniter4\framework\system\Common.php(1119): CodeIgniter\View\View->render('frontend/homepa...', Array, true)
#9 G:\DoAnTotNghiep\OpenServer\domains\new-allinci.com\app\Controllers\Frontend\Homepage\Home.php(70): view('frontend/homepa...', Array)
#10 G:\DoAnTotNghiep\OpenServer\domains\new-allinci.com\vendor\codeigniter4\framework\system\CodeIgniter.php(918): App\Controllers\Frontend\Homepage\Home->index()
#11 G:\DoAnTotNghiep\OpenServer\domains\new-allinci.com\vendor\codeigniter4\framework\system\CodeIgniter.php(404): CodeIgniter\CodeIgniter->runController(Object(App\Controllers\Frontend\Homepage\Home))
#12 G:\DoAnTotNghiep\OpenServer\domains\new-allinci.com\vendor\codeigniter4\framework\system\CodeIgniter.php(312): CodeIgniter\CodeIgniter->handleRequest(NULL, Object(Config\Cache), false)
#13 G:\DoAnTotNghiep\OpenServer\domains\new-allinci.com\index.php(47): CodeIgniter\CodeIgniter->run()
#14 {main}
CRITICAL - 2022-08-11 08:49:52 --> A non well formed numeric value encountered
#0 [internal function]: CodeIgniter\Debug\Exceptions->errorHandler(8, 'A non well form...', 'G:\\DoAnTotNghie...', 109, Array)
#1 G:\DoAnTotNghiep\OpenServer\domains\new-allinci.com\app\Views\frontend\homepage\common\asideproduct.php(109): number_format('6 & UP', 0, ',', '.')
#2 G:\DoAnTotNghiep\OpenServer\domains\new-allinci.com\vendor\codeigniter4\framework\system\View\View.php(246): include('G:\\DoAnTotNghie...')
#3 G:\DoAnTotNghiep\OpenServer\domains\new-allinci.com\vendor\codeigniter4\framework\system\Common.php(1119): CodeIgniter\View\View->render('frontend/homepa...', Array, true)
#4 G:\DoAnTotNghiep\OpenServer\domains\new-allinci.com\app\Views\frontend\homepage\home\index.php(186): view('frontend/homepa...')
#5 G:\DoAnTotNghiep\OpenServer\domains\new-allinci.com\vendor\codeigniter4\framework\system\View\View.php(246): include('G:\\DoAnTotNghie...')
#6 G:\DoAnTotNghiep\OpenServer\domains\new-allinci.com\vendor\codeigniter4\framework\system\Common.php(1119): CodeIgniter\View\View->render('frontend/homepa...', Array, true)
#7 G:\DoAnTotNghiep\OpenServer\domains\new-allinci.com\app\Views\frontend\homepage\layout\home.php(72): view('frontend/homepa...')
#8 G:\DoAnTotNghiep\OpenServer\domains\new-allinci.com\vendor\codeigniter4\framework\system\View\View.php(246): include('G:\\DoAnTotNghie...')
#9 G:\DoAnTotNghiep\OpenServer\domains\new-allinci.com\vendor\codeigniter4\framework\system\Common.php(1119): CodeIgniter\View\View->render('frontend/homepa...', Array, true)
#10 G:\DoAnTotNghiep\OpenServer\domains\new-allinci.com\app\Controllers\Frontend\Homepage\Home.php(70): view('frontend/homepa...', Array)
#11 G:\DoAnTotNghiep\OpenServer\domains\new-allinci.com\vendor\codeigniter4\framework\system\CodeIgniter.php(918): App\Controllers\Frontend\Homepage\Home->index()
#12 G:\DoAnTotNghiep\OpenServer\domains\new-allinci.com\vendor\codeigniter4\framework\system\CodeIgniter.php(404): CodeIgniter\CodeIgniter->runController(Object(App\Controllers\Frontend\Homepage\Home))
#13 G:\DoAnTotNghiep\OpenServer\domains\new-allinci.com\vendor\codeigniter4\framework\system\CodeIgniter.php(312): CodeIgniter\CodeIgniter->handleRequest(NULL, Object(Config\Cache), false)
#14 G:\DoAnTotNghiep\OpenServer\domains\new-allinci.com\index.php(47): CodeIgniter\CodeIgniter->run()
#15 {main}
CRITICAL - 2022-08-11 08:51:13 --> A non well formed numeric value encountered
#0 [internal function]: CodeIgniter\Debug\Exceptions->errorHandler(8, 'A non well form...', 'G:\\DoAnTotNghie...', 109, Array)
#1 G:\DoAnTotNghiep\OpenServer\domains\new-allinci.com\app\Views\frontend\homepage\common\asideproduct.php(109): number_format('6 & UP', 0, ',', '.')
#2 G:\DoAnTotNghiep\OpenServer\domains\new-allinci.com\vendor\codeigniter4\framework\system\View\View.php(246): include('G:\\DoAnTotNghie...')
#3 G:\DoAnTotNghiep\OpenServer\domains\new-allinci.com\vendor\codeigniter4\framework\system\Common.php(1119): CodeIgniter\View\View->render('frontend/homepa...', Array, true)
#4 G:\DoAnTotNghiep\OpenServer\domains\new-allinci.com\app\Views\frontend\homepage\home\index.php(186): view('frontend/homepa...')
#5 G:\DoAnTotNghiep\OpenServer\domains\new-allinci.com\vendor\codeigniter4\framework\system\View\View.php(246): include('G:\\DoAnTotNghie...')
#6 G:\DoAnTotNghiep\OpenServer\domains\new-allinci.com\vendor\codeigniter4\framework\system\Common.php(1119): CodeIgniter\View\View->render('frontend/homepa...', Array, true)
#7 G:\DoAnTotNghiep\OpenServer\domains\new-allinci.com\app\Views\frontend\homepage\layout\home.php(72): view('frontend/homepa...')
#8 G:\DoAnTotNghiep\OpenServer\domains\new-allinci.com\vendor\codeigniter4\framework\system\View\View.php(246): include('G:\\DoAnTotNghie...')
#9 G:\DoAnTotNghiep\OpenServer\domains\new-allinci.com\vendor\codeigniter4\framework\system\Common.php(1119): CodeIgniter\View\View->render('frontend/homepa...', Array, true)
#10 G:\DoAnTotNghiep\OpenServer\domains\new-allinci.com\app\Controllers\Frontend\Homepage\Home.php(70): view('frontend/homepa...', Array)
#11 G:\DoAnTotNghiep\OpenServer\domains\new-allinci.com\vendor\codeigniter4\framework\system\CodeIgniter.php(918): App\Controllers\Frontend\Homepage\Home->index()
#12 G:\DoAnTotNghiep\OpenServer\domains\new-allinci.com\vendor\codeigniter4\framework\system\CodeIgniter.php(404): CodeIgniter\CodeIgniter->runController(Object(App\Controllers\Frontend\Homepage\Home))
#13 G:\DoAnTotNghiep\OpenServer\domains\new-allinci.com\vendor\codeigniter4\framework\system\CodeIgniter.php(312): CodeIgniter\CodeIgniter->handleRequest(NULL, Object(Config\Cache), false)
#14 G:\DoAnTotNghiep\OpenServer\domains\new-allinci.com\index.php(47): CodeIgniter\CodeIgniter->run()
#15 {main}
CRITICAL - 2022-08-11 08:51:14 --> A non well formed numeric value encountered
#0 [internal function]: CodeIgniter\Debug\Exceptions->errorHandler(8, 'A non well form...', 'G:\\DoAnTotNghie...', 109, Array)
#1 G:\DoAnTotNghiep\OpenServer\domains\new-allinci.com\app\Views\frontend\homepage\common\asideproduct.php(109): number_format('6 & UP', 0, ',', '.')
#2 G:\DoAnTotNghiep\OpenServer\domains\new-allinci.com\vendor\codeigniter4\framework\system\View\View.php(246): include('G:\\DoAnTotNghie...')
#3 G:\DoAnTotNghiep\OpenServer\domains\new-allinci.com\vendor\codeigniter4\framework\system\Common.php(1119): CodeIgniter\View\View->render('frontend/homepa...', Array, true)
#4 G:\DoAnTotNghiep\OpenServer\domains\new-allinci.com\app\Views\frontend\homepage\home\index.php(186): view('frontend/homepa...')
#5 G:\DoAnTotNghiep\OpenServer\domains\new-allinci.com\vendor\codeigniter4\framework\system\View\View.php(246): include('G:\\DoAnTotNghie...')
#6 G:\DoAnTotNghiep\OpenServer\domains\new-allinci.com\vendor\codeigniter4\framework\system\Common.php(1119): CodeIgniter\View\View->render('frontend/homepa...', Array, true)
#7 G:\DoAnTotNghiep\OpenServer\domains\new-allinci.com\app\Views\frontend\homepage\layout\home.php(72): view('frontend/homepa...')
#8 G:\DoAnTotNghiep\OpenServer\domains\new-allinci.com\vendor\codeigniter4\framework\system\View\View.php(246): include('G:\\DoAnTotNghie...')
#9 G:\DoAnTotNghiep\OpenServer\domains\new-allinci.com\vendor\codeigniter4\framework\system\Common.php(1119): CodeIgniter\View\View->render('frontend/homepa...', Array, true)
#10 G:\DoAnTotNghiep\OpenServer\domains\new-allinci.com\app\Controllers\Frontend\Homepage\Home.php(70): view('frontend/homepa...', Array)
#11 G:\DoAnTotNghiep\OpenServer\domains\new-allinci.com\vendor\codeigniter4\framework\system\CodeIgniter.php(918): App\Controllers\Frontend\Homepage\Home->index()
#12 G:\DoAnTotNghiep\OpenServer\domains\new-allinci.com\vendor\codeigniter4\framework\system\CodeIgniter.php(404): CodeIgniter\CodeIgniter->runController(Object(App\Controllers\Frontend\Homepage\Home))
#13 G:\DoAnTotNghiep\OpenServer\domains\new-allinci.com\vendor\codeigniter4\framework\system\CodeIgniter.php(312): CodeIgniter\CodeIgniter->handleRequest(NULL, Object(Config\Cache), false)
#14 G:\DoAnTotNghiep\OpenServer\domains\new-allinci.com\index.php(47): CodeIgniter\CodeIgniter->run()
#15 {main}
CRITICAL - 2022-08-11 09:23:23 --> Undefined index: banner_footer
#0 G:\DoAnTotNghiep\OpenServer\domains\new-allinci.com\app\Views\frontend\homepage\common\footer.php(46): CodeIgniter\Debug\Exceptions->errorHandler(8, 'Undefined index...', 'G:\\DoAnTotNghie...', 46, Array)
#1 G:\DoAnTotNghiep\OpenServer\domains\new-allinci.com\vendor\codeigniter4\framework\system\View\View.php(246): include('G:\\DoAnTotNghie...')
#2 G:\DoAnTotNghiep\OpenServer\domains\new-allinci.com\vendor\codeigniter4\framework\system\Common.php(1119): CodeIgniter\View\View->render('frontend/homepa...', Array, true)
#3 G:\DoAnTotNghiep\OpenServer\domains\new-allinci.com\app\Views\frontend\homepage\layout\home.php(75): view('frontend/homepa...')
#4 G:\DoAnTotNghiep\OpenServer\domains\new-allinci.com\vendor\codeigniter4\framework\system\View\View.php(246): include('G:\\DoAnTotNghie...')
#5 G:\DoAnTotNghiep\OpenServer\domains\new-allinci.com\vendor\codeigniter4\framework\system\Common.php(1119): CodeIgniter\View\View->render('frontend/homepa...', Array, true)
#6 G:\DoAnTotNghiep\OpenServer\domains\new-allinci.com\app\Controllers\Frontend\Homepage\Home.php(70): view('frontend/homepa...', Array)
#7 G:\DoAnTotNghiep\OpenServer\domains\new-allinci.com\vendor\codeigniter4\framework\system\CodeIgniter.php(918): App\Controllers\Frontend\Homepage\Home->index()
#8 G:\DoAnTotNghiep\OpenServer\domains\new-allinci.com\vendor\codeigniter4\framework\system\CodeIgniter.php(404): CodeIgniter\CodeIgniter->runController(Object(App\Controllers\Frontend\Homepage\Home))
#9 G:\DoAnTotNghiep\OpenServer\domains\new-allinci.com\vendor\codeigniter4\framework\system\CodeIgniter.php(312): CodeIgniter\CodeIgniter->handleRequest(NULL, Object(Config\Cache), false)
#10 G:\DoAnTotNghiep\OpenServer\domains\new-allinci.com\index.php(47): CodeIgniter\CodeIgniter->run()
#11 {main}
CRITICAL - 2022-08-11 10:54:45 --> Undefined variable: panel
#0 G:\DoAnTotNghiep\OpenServer\domains\new-allinci.com\app\Views\frontend\homepage\home\index.php(6): CodeIgniter\Debug\Exceptions->errorHandler(8, 'Undefined varia...', 'G:\\DoAnTotNghie...', 6, Array)
#1 G:\DoAnTotNghiep\OpenServer\domains\new-allinci.com\vendor\codeigniter4\framework\system\View\View.php(246): include('G:\\DoAnTotNghie...')
#2 G:\DoAnTotNghiep\OpenServer\domains\new-allinci.com\vendor\codeigniter4\framework\system\Common.php(1119): CodeIgniter\View\View->render('frontend/homepa...', Array, true)
#3 G:\DoAnTotNghiep\OpenServer\domains\new-allinci.com\app\Views\frontend\homepage\layout\home.php(72): view('frontend/homepa...')
#4 G:\DoAnTotNghiep\OpenServer\domains\new-allinci.com\vendor\codeigniter4\framework\system\View\View.php(246): include('G:\\DoAnTotNghie...')
#5 G:\DoAnTotNghiep\OpenServer\domains\new-allinci.com\vendor\codeigniter4\framework\system\Common.php(1119): CodeIgniter\View\View->render('frontend/homepa...', Array, true)
#6 G:\DoAnTotNghiep\OpenServer\domains\new-allinci.com\app\Controllers\Frontend\Homepage\Home.php(70): view('frontend/homepa...', Array)
#7 G:\DoAnTotNghiep\OpenServer\domains\new-allinci.com\vendor\codeigniter4\framework\system\CodeIgniter.php(918): App\Controllers\Frontend\Homepage\Home->index()
#8 G:\DoAnTotNghiep\OpenServer\domains\new-allinci.com\vendor\codeigniter4\framework\system\CodeIgniter.php(404): CodeIgniter\CodeIgniter->runController(Object(App\Controllers\Frontend\Homepage\Home))
#9 G:\DoAnTotNghiep\OpenServer\domains\new-allinci.com\vendor\codeigniter4\framework\system\CodeIgniter.php(312): CodeIgniter\CodeIgniter->handleRequest(NULL, Object(Config\Cache), false)
#10 G:\DoAnTotNghiep\OpenServer\domains\new-allinci.com\index.php(47): CodeIgniter\CodeIgniter->run()
#11 {main}
CRITICAL - 2022-08-11 10:54:58 --> Undefined variable: panel
#0 G:\DoAnTotNghiep\OpenServer\domains\new-allinci.com\app\Views\frontend\homepage\home\index.php(6): CodeIgniter\Debug\Exceptions->errorHandler(8, 'Undefined varia...', 'G:\\DoAnTotNghie...', 6, Array)
#1 G:\DoAnTotNghiep\OpenServer\domains\new-allinci.com\vendor\codeigniter4\framework\system\View\View.php(246): include('G:\\DoAnTotNghie...')
#2 G:\DoAnTotNghiep\OpenServer\domains\new-allinci.com\vendor\codeigniter4\framework\system\Common.php(1119): CodeIgniter\View\View->render('frontend/homepa...', Array, true)
#3 G:\DoAnTotNghiep\OpenServer\domains\new-allinci.com\app\Views\frontend\homepage\layout\home.php(72): view('frontend/homepa...')
#4 G:\DoAnTotNghiep\OpenServer\domains\new-allinci.com\vendor\codeigniter4\framework\system\View\View.php(246): include('G:\\DoAnTotNghie...')
#5 G:\DoAnTotNghiep\OpenServer\domains\new-allinci.com\vendor\codeigniter4\framework\system\Common.php(1119): CodeIgniter\View\View->render('frontend/homepa...', Array, true)
#6 G:\DoAnTotNghiep\OpenServer\domains\new-allinci.com\app\Controllers\Frontend\Homepage\Home.php(70): view('frontend/homepa...', Array)
#7 G:\DoAnTotNghiep\OpenServer\domains\new-allinci.com\vendor\codeigniter4\framework\system\CodeIgniter.php(918): App\Controllers\Frontend\Homepage\Home->index()
#8 G:\DoAnTotNghiep\OpenServer\domains\new-allinci.com\vendor\codeigniter4\framework\system\CodeIgniter.php(404): CodeIgniter\CodeIgniter->runController(Object(App\Controllers\Frontend\Homepage\Home))
#9 G:\DoAnTotNghiep\OpenServer\domains\new-allinci.com\vendor\codeigniter4\framework\system\CodeIgniter.php(312): CodeIgniter\CodeIgniter->handleRequest(NULL, Object(Config\Cache), false)
#10 G:\DoAnTotNghiep\OpenServer\domains\new-allinci.com\index.php(47): CodeIgniter\CodeIgniter->run()
#11 {main}
CRITICAL - 2022-08-11 10:55:57 --> Undefined variable: panel
#0 G:\DoAnTotNghiep\OpenServer\domains\new-allinci.com\app\Views\frontend\homepage\home\index.php(6): CodeIgniter\Debug\Exceptions->errorHandler(8, 'Undefined varia...', 'G:\\DoAnTotNghie...', 6, Array)
#1 G:\DoAnTotNghiep\OpenServer\domains\new-allinci.com\vendor\codeigniter4\framework\system\View\View.php(246): include('G:\\DoAnTotNghie...')
#2 G:\DoAnTotNghiep\OpenServer\domains\new-allinci.com\vendor\codeigniter4\framework\system\Common.php(1119): CodeIgniter\View\View->render('frontend/homepa...', Array, true)
#3 G:\DoAnTotNghiep\OpenServer\domains\new-allinci.com\app\Views\frontend\homepage\layout\home.php(72): view('frontend/homepa...')
#4 G:\DoAnTotNghiep\OpenServer\domains\new-allinci.com\vendor\codeigniter4\framework\system\View\View.php(246): include('G:\\DoAnTotNghie...')
#5 G:\DoAnTotNghiep\OpenServer\domains\new-allinci.com\vendor\codeigniter4\framework\system\Common.php(1119): CodeIgniter\View\View->render('frontend/homepa...', Array, true)
#6 G:\DoAnTotNghiep\OpenServer\domains\new-allinci.com\app\Controllers\Frontend\Homepage\Home.php(70): view('frontend/homepa...', Array)
#7 G:\DoAnTotNghiep\OpenServer\domains\new-allinci.com\vendor\codeigniter4\framework\system\CodeIgniter.php(918): App\Controllers\Frontend\Homepage\Home->index()
#8 G:\DoAnTotNghiep\OpenServer\domains\new-allinci.com\vendor\codeigniter4\framework\system\CodeIgniter.php(404): CodeIgniter\CodeIgniter->runController(Object(App\Controllers\Frontend\Homepage\Home))
#9 G:\DoAnTotNghiep\OpenServer\domains\new-allinci.com\vendor\codeigniter4\framework\system\CodeIgniter.php(312): CodeIgniter\CodeIgniter->handleRequest(NULL, Object(Config\Cache), false)
#10 G:\DoAnTotNghiep\OpenServer\domains\new-allinci.com\index.php(47): CodeIgniter\CodeIgniter->run()
#11 {main}
CRITICAL - 2022-08-11 11:12:16 --> Undefined index: landing_link
#0 G:\DoAnTotNghiep\OpenServer\domains\new-allinci.com\app\Views\frontend\homepage\home\index.php(47): CodeIgniter\Debug\Exceptions->errorHandler(8, 'Undefined index...', 'G:\\DoAnTotNghie...', 47, Array)
#1 G:\DoAnTotNghiep\OpenServer\domains\new-allinci.com\vendor\codeigniter4\framework\system\View\View.php(246): include('G:\\DoAnTotNghie...')
#2 G:\DoAnTotNghiep\OpenServer\domains\new-allinci.com\vendor\codeigniter4\framework\system\Common.php(1119): CodeIgniter\View\View->render('frontend/homepa...', Array, true)
#3 G:\DoAnTotNghiep\OpenServer\domains\new-allinci.com\app\Views\frontend\homepage\layout\home.php(72): view('frontend/homepa...')
#4 G:\DoAnTotNghiep\OpenServer\domains\new-allinci.com\vendor\codeigniter4\framework\system\View\View.php(246): include('G:\\DoAnTotNghie...')
#5 G:\DoAnTotNghiep\OpenServer\domains\new-allinci.com\vendor\codeigniter4\framework\system\Common.php(1119): CodeIgniter\View\View->render('frontend/homepa...', Array, true)
#6 G:\DoAnTotNghiep\OpenServer\domains\new-allinci.com\app\Controllers\Frontend\Homepage\Home.php(70): view('frontend/homepa...', Array)
#7 G:\DoAnTotNghiep\OpenServer\domains\new-allinci.com\vendor\codeigniter4\framework\system\CodeIgniter.php(918): App\Controllers\Frontend\Homepage\Home->index()
#8 G:\DoAnTotNghiep\OpenServer\domains\new-allinci.com\vendor\codeigniter4\framework\system\CodeIgniter.php(404): CodeIgniter\CodeIgniter->runController(Object(App\Controllers\Frontend\Homepage\Home))
#9 G:\DoAnTotNghiep\OpenServer\domains\new-allinci.com\vendor\codeigniter4\framework\system\CodeIgniter.php(312): CodeIgniter\CodeIgniter->handleRequest(NULL, Object(Config\Cache), false)
#10 G:\DoAnTotNghiep\OpenServer\domains\new-allinci.com\index.php(47): CodeIgniter\CodeIgniter->run()
#11 {main}
CRITICAL - 2022-08-11 11:12:55 --> Undefined index: landing_link
#0 G:\DoAnTotNghiep\OpenServer\domains\new-allinci.com\app\Views\frontend\homepage\home\index.php(47): CodeIgniter\Debug\Exceptions->errorHandler(8, 'Undefined index...', 'G:\\DoAnTotNghie...', 47, Array)
#1 G:\DoAnTotNghiep\OpenServer\domains\new-allinci.com\vendor\codeigniter4\framework\system\View\View.php(246): include('G:\\DoAnTotNghie...')
#2 G:\DoAnTotNghiep\OpenServer\domains\new-allinci.com\vendor\codeigniter4\framework\system\Common.php(1119): CodeIgniter\View\View->render('frontend/homepa...', Array, true)
#3 G:\DoAnTotNghiep\OpenServer\domains\new-allinci.com\app\Views\frontend\homepage\layout\home.php(72): view('frontend/homepa...')
#4 G:\DoAnTotNghiep\OpenServer\domains\new-allinci.com\vendor\codeigniter4\framework\system\View\View.php(246): include('G:\\DoAnTotNghie...')
#5 G:\DoAnTotNghiep\OpenServer\domains\new-allinci.com\vendor\codeigniter4\framework\system\Common.php(1119): CodeIgniter\View\View->render('frontend/homepa...', Array, true)
#6 G:\DoAnTotNghiep\OpenServer\domains\new-allinci.com\app\Controllers\Frontend\Homepage\Home.php(70): view('frontend/homepa...', Array)
#7 G:\DoAnTotNghiep\OpenServer\domains\new-allinci.com\vendor\codeigniter4\framework\system\CodeIgniter.php(918): App\Controllers\Frontend\Homepage\Home->index()
#8 G:\DoAnTotNghiep\OpenServer\domains\new-allinci.com\vendor\codeigniter4\framework\system\CodeIgniter.php(404): CodeIgniter\CodeIgniter->runController(Object(App\Controllers\Frontend\Homepage\Home))
#9 G:\DoAnTotNghiep\OpenServer\domains\new-allinci.com\vendor\codeigniter4\framework\system\CodeIgniter.php(312): CodeIgniter\CodeIgniter->handleRequest(NULL, Object(Config\Cache), false)
#10 G:\DoAnTotNghiep\OpenServer\domains\new-allinci.com\index.php(47): CodeIgniter\CodeIgniter->run()
#11 {main}
CRITICAL - 2022-08-11 11:15:25 --> Use of undefined constant CURRENCY - assumed 'CURRENCY' (this will throw an Error in a future version of PHP)
#0 G:\DoAnTotNghiep\OpenServer\domains\new-allinci.com\app\Views\frontend\homepage\home\index.php(53): CodeIgniter\Debug\Exceptions->errorHandler(2, 'Use of undefine...', 'G:\\DoAnTotNghie...', 53, Array)
#1 G:\DoAnTotNghiep\OpenServer\domains\new-allinci.com\vendor\codeigniter4\framework\system\View\View.php(246): include('G:\\DoAnTotNghie...')
#2 G:\DoAnTotNghiep\OpenServer\domains\new-allinci.com\vendor\codeigniter4\framework\system\Common.php(1119): CodeIgniter\View\View->render('frontend/homepa...', Array, true)
#3 G:\DoAnTotNghiep\OpenServer\domains\new-allinci.com\app\Views\frontend\homepage\layout\home.php(72): view('frontend/homepa...')
#4 G:\DoAnTotNghiep\OpenServer\domains\new-allinci.com\vendor\codeigniter4\framework\system\View\View.php(246): include('G:\\DoAnTotNghie...')
#5 G:\DoAnTotNghiep\OpenServer\domains\new-allinci.com\vendor\codeigniter4\framework\system\Common.php(1119): CodeIgniter\View\View->render('frontend/homepa...', Array, true)
#6 G:\DoAnTotNghiep\OpenServer\domains\new-allinci.com\app\Controllers\Frontend\Homepage\Home.php(70): view('frontend/homepa...', Array)
#7 G:\DoAnTotNghiep\OpenServer\domains\new-allinci.com\vendor\codeigniter4\framework\system\CodeIgniter.php(918): App\Controllers\Frontend\Homepage\Home->index()
#8 G:\DoAnTotNghiep\OpenServer\domains\new-allinci.com\vendor\codeigniter4\framework\system\CodeIgniter.php(404): CodeIgniter\CodeIgniter->runController(Object(App\Controllers\Frontend\Homepage\Home))
#9 G:\DoAnTotNghiep\OpenServer\domains\new-allinci.com\vendor\codeigniter4\framework\system\CodeIgniter.php(312): CodeIgniter\CodeIgniter->handleRequest(NULL, Object(Config\Cache), false)
#10 G:\DoAnTotNghiep\OpenServer\domains\new-allinci.com\index.php(47): CodeIgniter\CodeIgniter->run()
#11 {main}
CRITICAL - 2022-08-11 11:39:56 --> Undefined index: contact_website_link
#0 G:\DoAnTotNghiep\OpenServer\domains\new-allinci.com\app\Views\frontend\homepage\common\footer.php(156): CodeIgniter\Debug\Exceptions->errorHandler(8, 'Undefined index...', 'G:\\DoAnTotNghie...', 156, Array)
#1 G:\DoAnTotNghiep\OpenServer\domains\new-allinci.com\vendor\codeigniter4\framework\system\View\View.php(246): include('G:\\DoAnTotNghie...')
#2 G:\DoAnTotNghiep\OpenServer\domains\new-allinci.com\vendor\codeigniter4\framework\system\Common.php(1119): CodeIgniter\View\View->render('frontend/homepa...', Array, true)
#3 G:\DoAnTotNghiep\OpenServer\domains\new-allinci.com\app\Views\frontend\homepage\layout\home.php(75): view('frontend/homepa...')
#4 G:\DoAnTotNghiep\OpenServer\domains\new-allinci.com\vendor\codeigniter4\framework\system\View\View.php(246): include('G:\\DoAnTotNghie...')
#5 G:\DoAnTotNghiep\OpenServer\domains\new-allinci.com\vendor\codeigniter4\framework\system\Common.php(1119): CodeIgniter\View\View->render('frontend/homepa...', Array, true)
#6 G:\DoAnTotNghiep\OpenServer\domains\new-allinci.com\app\Controllers\Frontend\Homepage\Home.php(70): view('frontend/homepa...', Array)
#7 G:\DoAnTotNghiep\OpenServer\domains\new-allinci.com\vendor\codeigniter4\framework\system\CodeIgniter.php(918): App\Controllers\Frontend\Homepage\Home->index()
#8 G:\DoAnTotNghiep\OpenServer\domains\new-allinci.com\vendor\codeigniter4\framework\system\CodeIgniter.php(404): CodeIgniter\CodeIgniter->runController(Object(App\Controllers\Frontend\Homepage\Home))
#9 G:\DoAnTotNghiep\OpenServer\domains\new-allinci.com\vendor\codeigniter4\framework\system\CodeIgniter.php(312): CodeIgniter\CodeIgniter->handleRequest(NULL, Object(Config\Cache), false)
#10 G:\DoAnTotNghiep\OpenServer\domains\new-allinci.com\index.php(47): CodeIgniter\CodeIgniter->run()
#11 {main}
CRITICAL - 2022-08-11 12:04:53 --> Undefined property: CodeIgniter\View\View::$general
#0 G:\DoAnTotNghiep\OpenServer\domains\new-allinci.com\app\Views\frontend\homepage\layout\home.php(106): CodeIgniter\Debug\Exceptions->errorHandler(8, 'Undefined prope...', 'G:\\DoAnTotNghie...', 106, Array)
#1 G:\DoAnTotNghiep\OpenServer\domains\new-allinci.com\vendor\codeigniter4\framework\system\View\View.php(246): include('G:\\DoAnTotNghie...')
#2 G:\DoAnTotNghiep\OpenServer\domains\new-allinci.com\vendor\codeigniter4\framework\system\Common.php(1119): CodeIgniter\View\View->render('frontend/homepa...', Array, true)
#3 G:\DoAnTotNghiep\OpenServer\domains\new-allinci.com\app\Controllers\Frontend\Homepage\Home.php(70): view('frontend/homepa...', Array)
#4 G:\DoAnTotNghiep\OpenServer\domains\new-allinci.com\vendor\codeigniter4\framework\system\CodeIgniter.php(918): App\Controllers\Frontend\Homepage\Home->index()
#5 G:\DoAnTotNghiep\OpenServer\domains\new-allinci.com\vendor\codeigniter4\framework\system\CodeIgniter.php(404): CodeIgniter\CodeIgniter->runController(Object(App\Controllers\Frontend\Homepage\Home))
#6 G:\DoAnTotNghiep\OpenServer\domains\new-allinci.com\vendor\codeigniter4\framework\system\CodeIgniter.php(312): CodeIgniter\CodeIgniter->handleRequest(NULL, Object(Config\Cache), false)
#7 G:\DoAnTotNghiep\OpenServer\domains\new-allinci.com\index.php(47): CodeIgniter\CodeIgniter->run()
#8 {main}
