CRITICAL - 2021-06-12 03:04:07 --> Undefined index: description
#0 /home/itvc/domains/itvc.codechuanseo.com/public_html/app/Controllers/Frontend/Article/Article.php(49): CodeIgniter\Debug\Exceptions->errorHandler(8, 'Undefined index...', '/home/itvc/doma...', 49, Array)
#1 /home/itvc/domains/itvc.codechuanseo.com/public_html/vendor/codeigniter4/framework/system/View/Cell.php(180): App\Controllers\Frontend\Article\Article->index(21, '1')
#2 /home/itvc/domains/itvc.codechuanseo.com/public_html/vendor/codeigniter4/framework/system/Common.php(1140): CodeIgniter\View\Cell->render('\\App\\Controller...', 'id=21, page=1', 0, 'AppControllersF...')
#3 /home/itvc/domains/itvc.codechuanseo.com/public_html/app/Controllers/Frontend/Homepage/Router.php(53): view_cell('\\App\\Controller...', 'id=21, page=1')
#4 /home/itvc/domains/itvc.codechuanseo.com/public_html/vendor/codeigniter4/framework/system/CodeIgniter.php(918): App\Controllers\Frontend\Homepage\Router->index('trai-nghiem')
#5 /home/itvc/domains/itvc.codechuanseo.com/public_html/vendor/codeigniter4/framework/system/CodeIgniter.php(404): CodeIgniter\CodeIgniter->runController(Object(App\Controllers\Frontend\Homepage\Router))
#6 /home/itvc/domains/itvc.codechuanseo.com/public_html/vendor/codeigniter4/framework/system/CodeIgniter.php(312): CodeIgniter\CodeIgniter->handleRequest(NULL, Object(Config\Cache), false)
#7 /home/itvc/domains/itvc.codechuanseo.com/public_html/index.php(48): CodeIgniter\CodeIgniter->run()
#8 {main}
CRITICAL - 2021-06-12 03:29:24 --> Operand should contain 1 column(s)
#0 /home/itvc/domains/itvc.codechuanseo.com/public_html/vendor/codeigniter4/framework/system/Database/MySQLi/Connection.php(331): mysqli->query('UPDATE `product...')
#1 /home/itvc/domains/itvc.codechuanseo.com/public_html/vendor/codeigniter4/framework/system/Database/BaseConnection.php(741): CodeIgniter\Database\MySQLi\Connection->execute('UPDATE `product...')
#2 /home/itvc/domains/itvc.codechuanseo.com/public_html/vendor/codeigniter4/framework/system/Database/BaseConnection.php(669): CodeIgniter\Database\BaseConnection->simpleQuery('UPDATE `product...')
#3 /home/itvc/domains/itvc.codechuanseo.com/public_html/vendor/codeigniter4/framework/system/Database/BaseBuilder.php(2456): CodeIgniter\Database\BaseConnection->query('UPDATE `product...', Array, false)
#4 /home/itvc/domains/itvc.codechuanseo.com/public_html/app/Models/AutoloadModel.php(105): CodeIgniter\Database\BaseBuilder->update(Array)
#5 /home/itvc/domains/itvc.codechuanseo.com/public_html/app/Controllers/Frontend/Product/Product.php(311): App\Models\AutoloadModel->_update(Array)
#6 /home/itvc/domains/itvc.codechuanseo.com/public_html/app/Controllers/Frontend/Product/Product.php(140): App\Controllers\Frontend\Product\Product->set_cookie(Array, Array)
#7 /home/itvc/domains/itvc.codechuanseo.com/public_html/vendor/codeigniter4/framework/system/View/Cell.php(180): App\Controllers\Frontend\Product\Product->index(Array, '1')
#8 /home/itvc/domains/itvc.codechuanseo.com/public_html/vendor/codeigniter4/framework/system/Common.php(1140): CodeIgniter\View\Cell->render('\\App\\Controller...', 'id=10, page=1', 0, 'AppControllersF...')
#9 /home/itvc/domains/itvc.codechuanseo.com/public_html/app/Controllers/Frontend/Homepage/Router.php(53): view_cell('\\App\\Controller...', 'id=10, page=1')
#10 /home/itvc/domains/itvc.codechuanseo.com/public_html/vendor/codeigniter4/framework/system/CodeIgniter.php(918): App\Controllers\Frontend\Homepage\Router->index('mieng-dan-dien-...')
#11 /home/itvc/domains/itvc.codechuanseo.com/public_html/vendor/codeigniter4/framework/system/CodeIgniter.php(404): CodeIgniter\CodeIgniter->runController(Object(App\Controllers\Frontend\Homepage\Router))
#12 /home/itvc/domains/itvc.codechuanseo.com/public_html/vendor/codeigniter4/framework/system/CodeIgniter.php(312): CodeIgniter\CodeIgniter->handleRequest(NULL, Object(Config\Cache), false)
#13 /home/itvc/domains/itvc.codechuanseo.com/public_html/index.php(48): CodeIgniter\CodeIgniter->run()
#14 {main}
CRITICAL - 2021-06-12 03:56:00 --> Operand should contain 1 column(s)
#0 /home/itvc/domains/itvc.codechuanseo.com/public_html/vendor/codeigniter4/framework/system/Database/MySQLi/Connection.php(331): mysqli->query('UPDATE `product...')
#1 /home/itvc/domains/itvc.codechuanseo.com/public_html/vendor/codeigniter4/framework/system/Database/BaseConnection.php(741): CodeIgniter\Database\MySQLi\Connection->execute('UPDATE `product...')
#2 /home/itvc/domains/itvc.codechuanseo.com/public_html/vendor/codeigniter4/framework/system/Database/BaseConnection.php(669): CodeIgniter\Database\BaseConnection->simpleQuery('UPDATE `product...')
#3 /home/itvc/domains/itvc.codechuanseo.com/public_html/vendor/codeigniter4/framework/system/Database/BaseBuilder.php(2456): CodeIgniter\Database\BaseConnection->query('UPDATE `product...', Array, false)
#4 /home/itvc/domains/itvc.codechuanseo.com/public_html/app/Models/AutoloadModel.php(105): CodeIgniter\Database\BaseBuilder->update(Array)
#5 /home/itvc/domains/itvc.codechuanseo.com/public_html/app/Controllers/Frontend/Product/Product.php(334): App\Models\AutoloadModel->_update(Array)
#6 /home/itvc/domains/itvc.codechuanseo.com/public_html/app/Controllers/Frontend/Product/Product.php(140): App\Controllers\Frontend\Product\Product->set_cookie(Array, Array)
#7 /home/itvc/domains/itvc.codechuanseo.com/public_html/vendor/codeigniter4/framework/system/View/Cell.php(180): App\Controllers\Frontend\Product\Product->index(Array, '1')
#8 /home/itvc/domains/itvc.codechuanseo.com/public_html/vendor/codeigniter4/framework/system/Common.php(1140): CodeIgniter\View\Cell->render('\\App\\Controller...', 'id=10, page=1', 0, 'AppControllersF...')
#9 /home/itvc/domains/itvc.codechuanseo.com/public_html/app/Controllers/Frontend/Homepage/Router.php(53): view_cell('\\App\\Controller...', 'id=10, page=1')
#10 /home/itvc/domains/itvc.codechuanseo.com/public_html/vendor/codeigniter4/framework/system/CodeIgniter.php(918): App\Controllers\Frontend\Homepage\Router->index('mieng-dan-dien-...')
#11 /home/itvc/domains/itvc.codechuanseo.com/public_html/vendor/codeigniter4/framework/system/CodeIgniter.php(404): CodeIgniter\CodeIgniter->runController(Object(App\Controllers\Frontend\Homepage\Router))
#12 /home/itvc/domains/itvc.codechuanseo.com/public_html/vendor/codeigniter4/framework/system/CodeIgniter.php(312): CodeIgniter\CodeIgniter->handleRequest(NULL, Object(Config\Cache), false)
#13 /home/itvc/domains/itvc.codechuanseo.com/public_html/index.php(48): CodeIgniter\CodeIgniter->run()
#14 {main}
CRITICAL - 2021-06-12 09:56:18 --> count(): Parameter must be an array or an object that implements Countable
#0 [internal function]: CodeIgniter\Debug\Exceptions->errorHandler(2, 'count(): Parame...', '/home/itvc/doma...', 317, Array)
#1 /home/itvc/domains/itvc.codechuanseo.com/public_html/app/Controllers/Backend/Product/Product.php(317): count(NULL)
#2 /home/itvc/domains/itvc.codechuanseo.com/public_html/vendor/codeigniter4/framework/system/CodeIgniter.php(918): App\Controllers\Backend\Product\Product->preview(6)
#3 /home/itvc/domains/itvc.codechuanseo.com/public_html/vendor/codeigniter4/framework/system/CodeIgniter.php(404): CodeIgniter\CodeIgniter->runController(Object(App\Controllers\Backend\Product\Product))
#4 /home/itvc/domains/itvc.codechuanseo.com/public_html/vendor/codeigniter4/framework/system/CodeIgniter.php(312): CodeIgniter\CodeIgniter->handleRequest(NULL, Object(Config\Cache), false)
#5 /home/itvc/domains/itvc.codechuanseo.com/public_html/index.php(48): CodeIgniter\CodeIgniter->run()
#6 {main}
CRITICAL - 2021-06-12 09:56:50 --> Operand should contain 1 column(s)
#0 /home/itvc/domains/itvc.codechuanseo.com/public_html/vendor/codeigniter4/framework/system/Database/MySQLi/Connection.php(331): mysqli->query('UPDATE `product...')
#1 /home/itvc/domains/itvc.codechuanseo.com/public_html/vendor/codeigniter4/framework/system/Database/BaseConnection.php(741): CodeIgniter\Database\MySQLi\Connection->execute('UPDATE `product...')
#2 /home/itvc/domains/itvc.codechuanseo.com/public_html/vendor/codeigniter4/framework/system/Database/BaseConnection.php(669): CodeIgniter\Database\BaseConnection->simpleQuery('UPDATE `product...')
#3 /home/itvc/domains/itvc.codechuanseo.com/public_html/vendor/codeigniter4/framework/system/Database/BaseBuilder.php(2456): CodeIgniter\Database\BaseConnection->query('UPDATE `product...', Array, false)
#4 /home/itvc/domains/itvc.codechuanseo.com/public_html/app/Models/AutoloadModel.php(105): CodeIgniter\Database\BaseBuilder->update(Array)
#5 /home/itvc/domains/itvc.codechuanseo.com/public_html/app/Controllers/Frontend/Product/Product.php(311): App\Models\AutoloadModel->_update(Array)
#6 /home/itvc/domains/itvc.codechuanseo.com/public_html/app/Controllers/Frontend/Product/Product.php(140): App\Controllers\Frontend\Product\Product->set_cookie(Array, Array)
#7 /home/itvc/domains/itvc.codechuanseo.com/public_html/vendor/codeigniter4/framework/system/View/Cell.php(180): App\Controllers\Frontend\Product\Product->index(Array, '1')
#8 /home/itvc/domains/itvc.codechuanseo.com/public_html/vendor/codeigniter4/framework/system/Common.php(1140): CodeIgniter\View\Cell->render('\\App\\Controller...', 'id=10, page=1', 0, 'AppControllersF...')
#9 /home/itvc/domains/itvc.codechuanseo.com/public_html/app/Controllers/Frontend/Homepage/Router.php(53): view_cell('\\App\\Controller...', 'id=10, page=1')
#10 /home/itvc/domains/itvc.codechuanseo.com/public_html/vendor/codeigniter4/framework/system/CodeIgniter.php(918): App\Controllers\Frontend\Homepage\Router->index('mieng-dan-dien-...')
#11 /home/itvc/domains/itvc.codechuanseo.com/public_html/vendor/codeigniter4/framework/system/CodeIgniter.php(404): CodeIgniter\CodeIgniter->runController(Object(App\Controllers\Frontend\Homepage\Router))
#12 /home/itvc/domains/itvc.codechuanseo.com/public_html/vendor/codeigniter4/framework/system/CodeIgniter.php(312): CodeIgniter\CodeIgniter->handleRequest(NULL, Object(Config\Cache), false)
#13 /home/itvc/domains/itvc.codechuanseo.com/public_html/index.php(48): CodeIgniter\CodeIgniter->run()
#14 {main}
