CRITICAL - 2022-05-19 09:53:50 --> Undefined index: keyword
#0 W:\domains\va.vuatubep.com\app\Views\frontend\product\catalogue\index.php(24): CodeIgniter\Debug\Exceptions->errorHandler(8, 'Undefined index...', 'W:\\domains\\va.v...', 24, Array)
#1 W:\domains\va.vuatubep.com\vendor\codeigniter4\framework\system\View\View.php(246): include('W:\\domains\\va.v...')
#2 W:\domains\va.vuatubep.com\vendor\codeigniter4\framework\system\Common.php(1119): CodeIgniter\View\View->render('frontend/produc...', Array, true)
#3 W:\domains\va.vuatubep.com\app\Views\frontend\homepage\layout\home.php(72): view('frontend/produc...')
#4 W:\domains\va.vuatubep.com\vendor\codeigniter4\framework\system\View\View.php(246): include('W:\\domains\\va.v...')
#5 W:\domains\va.vuatubep.com\vendor\codeigniter4\framework\system\Common.php(1119): CodeIgniter\View\View->render('frontend/homepa...', Array, true)
#6 W:\domains\va.vuatubep.com\app\Controllers\Frontend\Product\Catalogue.php(215): view('frontend/homepa...', Array)
#7 W:\domains\va.vuatubep.com\vendor\codeigniter4\framework\system\View\Cell.php(180): App\Controllers\Frontend\Product\Catalogue->index(4, 0)
#8 W:\domains\va.vuatubep.com\vendor\codeigniter4\framework\system\Common.php(1140): CodeIgniter\View\Cell->render('\\App\\Controller...', 'id=4, page=1', 0, 'AppControllersF...')
#9 W:\domains\va.vuatubep.com\app\Controllers\Frontend\Homepage\Router.php(59): view_cell('\\App\\Controller...', 'id=4, page=1')
#10 W:\domains\va.vuatubep.com\vendor\codeigniter4\framework\system\CodeIgniter.php(918): App\Controllers\Frontend\Homepage\Router->index('tu-bep-hien-dai')
#11 W:\domains\va.vuatubep.com\vendor\codeigniter4\framework\system\CodeIgniter.php(404): CodeIgniter\CodeIgniter->runController(Object(App\Controllers\Frontend\Homepage\Router))
#12 W:\domains\va.vuatubep.com\vendor\codeigniter4\framework\system\CodeIgniter.php(312): CodeIgniter\CodeIgniter->handleRequest(NULL, Object(Config\Cache), false)
#13 W:\domains\va.vuatubep.com\index.php(48): CodeIgniter\CodeIgniter->run()
#14 {main}
CRITICAL - 2022-05-19 10:52:03 --> unlink(W:\domains\va.vuatubep.com\writable\debugbar/debugbar_1652967502.json): No such file or directory
#0 [internal function]: CodeIgniter\Debug\Exceptions->errorHandler(2, 'unlink(W:\\domai...', 'W:\\domains\\va.v...', 106, Array)
#1 W:\domains\va.vuatubep.com\vendor\codeigniter4\framework\system\Debug\Toolbar\Collectors\History.php(106): unlink('W:\\domains\\va.v...')
#2 W:\domains\va.vuatubep.com\vendor\codeigniter4\framework\system\Debug\Toolbar.php(483): CodeIgniter\Debug\Toolbar\Collectors\History->setFiles(1652975522, 20)
#3 W:\domains\va.vuatubep.com\vendor\codeigniter4\framework\system\Debug\Toolbar.php(455): CodeIgniter\Debug\Toolbar->format(Array, 'html')
#4 W:\domains\va.vuatubep.com\app\Config\Events.php(44): CodeIgniter\Debug\Toolbar->respond()
#5 [internal function]: CodeIgniter\Events\Events::Config\{closure}()
#6 W:\domains\va.vuatubep.com\vendor\codeigniter4\framework\system\Events\Events.php(188): call_user_func(Object(Closure))
#7 W:\domains\va.vuatubep.com\vendor\codeigniter4\framework\system\CodeIgniter.php(293): CodeIgniter\Events\Events::trigger('pre_system')
#8 W:\domains\va.vuatubep.com\index.php(48): CodeIgniter\CodeIgniter->run()
#9 {main}
CRITICAL - 2022-05-19 10:53:21 --> Undefined index: desccription
#0 W:\domains\va.vuatubep.com\app\Views\frontend\product\product\index.php(90): CodeIgniter\Debug\Exceptions->errorHandler(8, 'Undefined index...', 'W:\\domains\\va.v...', 90, Array)
#1 W:\domains\va.vuatubep.com\vendor\codeigniter4\framework\system\View\View.php(246): include('W:\\domains\\va.v...')
#2 W:\domains\va.vuatubep.com\vendor\codeigniter4\framework\system\Common.php(1119): CodeIgniter\View\View->render('frontend/produc...', Array, true)
#3 W:\domains\va.vuatubep.com\app\Views\frontend\homepage\layout\home.php(72): view('frontend/produc...')
#4 W:\domains\va.vuatubep.com\vendor\codeigniter4\framework\system\View\View.php(246): include('W:\\domains\\va.v...')
#5 W:\domains\va.vuatubep.com\vendor\codeigniter4\framework\system\Common.php(1119): CodeIgniter\View\View->render('frontend/homepa...', Array, true)
#6 W:\domains\va.vuatubep.com\app\Controllers\Frontend\Product\Product.php(127): view('frontend/homepa...', Array)
#7 W:\domains\va.vuatubep.com\vendor\codeigniter4\framework\system\View\Cell.php(180): App\Controllers\Frontend\Product\Product->index(Array, '1')
#8 W:\domains\va.vuatubep.com\vendor\codeigniter4\framework\system\Common.php(1140): CodeIgniter\View\Cell->render('\\App\\Controller...', 'id=5, page=1', 0, 'AppControllersF...')
#9 W:\domains\va.vuatubep.com\app\Controllers\Frontend\Homepage\Router.php(59): view_cell('\\App\\Controller...', 'id=5, page=1')
#10 W:\domains\va.vuatubep.com\vendor\codeigniter4\framework\system\CodeIgniter.php(918): App\Controllers\Frontend\Homepage\Router->index('tam-lot-tu-bep-...')
#11 W:\domains\va.vuatubep.com\vendor\codeigniter4\framework\system\CodeIgniter.php(404): CodeIgniter\CodeIgniter->runController(Object(App\Controllers\Frontend\Homepage\Router))
#12 W:\domains\va.vuatubep.com\vendor\codeigniter4\framework\system\CodeIgniter.php(312): CodeIgniter\CodeIgniter->handleRequest(NULL, Object(Config\Cache), false)
#13 W:\domains\va.vuatubep.com\index.php(48): CodeIgniter\CodeIgniter->run()
#14 {main}
CRITICAL - 2022-05-19 11:13:47 --> syntax error, unexpected ''order_by'' (T_CONSTANT_ENCAPSED_STRING), expecting ']'
#0 W:\domains\va.vuatubep.com\vendor\codeigniter4\framework\system\Autoloader\Autoloader.php(296): CodeIgniter\Autoloader\Autoloader->requireFile('W:\\domains\\va.v...')
#1 W:\domains\va.vuatubep.com\vendor\codeigniter4\framework\system\Autoloader\Autoloader.php(258): CodeIgniter\Autoloader\Autoloader->loadInNamespace('App\\Controllers...')
#2 [internal function]: CodeIgniter\Autoloader\Autoloader->loadClass('App\\Controllers...')
#3 [internal function]: spl_autoload_call('App\\Controllers...')
#4 W:\domains\va.vuatubep.com\vendor\codeigniter4\framework\system\View\Cell.php(266): class_exists('\\App\\Controller...', true)
#5 W:\domains\va.vuatubep.com\vendor\codeigniter4\framework\system\View\Cell.php(110): CodeIgniter\View\Cell->determineClass('\\App\\Controller...')
#6 W:\domains\va.vuatubep.com\vendor\codeigniter4\framework\system\Common.php(1140): CodeIgniter\View\Cell->render('\\App\\Controller...', 'id=5, page=1', 0, NULL)
#7 W:\domains\va.vuatubep.com\app\Controllers\Frontend\Homepage\Router.php(59): view_cell('\\App\\Controller...', 'id=5, page=1')
#8 W:\domains\va.vuatubep.com\vendor\codeigniter4\framework\system\CodeIgniter.php(918): App\Controllers\Frontend\Homepage\Router->index('tam-lot-tu-bep-...')
#9 W:\domains\va.vuatubep.com\vendor\codeigniter4\framework\system\CodeIgniter.php(404): CodeIgniter\CodeIgniter->runController(Object(App\Controllers\Frontend\Homepage\Router))
#10 W:\domains\va.vuatubep.com\vendor\codeigniter4\framework\system\CodeIgniter.php(312): CodeIgniter\CodeIgniter->handleRequest(NULL, Object(Config\Cache), false)
#11 W:\domains\va.vuatubep.com\index.php(48): CodeIgniter\CodeIgniter->run()
#12 {main}
CRITICAL - 2022-05-19 11:15:05 --> number_format() expects parameter 1 to be float, string given
#0 [internal function]: CodeIgniter\Debug\Exceptions->errorHandler(2, 'number_format()...', 'W:\\domains\\va.v...', 327, Array)
#1 W:\domains\va.vuatubep.com\app\Views\frontend\product\product\index.php(327): number_format('', 0, ',', '.')
#2 W:\domains\va.vuatubep.com\vendor\codeigniter4\framework\system\View\View.php(246): include('W:\\domains\\va.v...')
#3 W:\domains\va.vuatubep.com\vendor\codeigniter4\framework\system\Common.php(1119): CodeIgniter\View\View->render('frontend/produc...', Array, true)
#4 W:\domains\va.vuatubep.com\app\Views\frontend\homepage\layout\home.php(72): view('frontend/produc...')
#5 W:\domains\va.vuatubep.com\vendor\codeigniter4\framework\system\View\View.php(246): include('W:\\domains\\va.v...')
#6 W:\domains\va.vuatubep.com\vendor\codeigniter4\framework\system\Common.php(1119): CodeIgniter\View\View->render('frontend/homepa...', Array, true)
#7 W:\domains\va.vuatubep.com\app\Controllers\Frontend\Product\Product.php(127): view('frontend/homepa...', Array)
#8 W:\domains\va.vuatubep.com\vendor\codeigniter4\framework\system\View\Cell.php(180): App\Controllers\Frontend\Product\Product->index(Array, '1')
#9 W:\domains\va.vuatubep.com\vendor\codeigniter4\framework\system\Common.php(1140): CodeIgniter\View\Cell->render('\\App\\Controller...', 'id=5, page=1', 0, 'AppControllersF...')
#10 W:\domains\va.vuatubep.com\app\Controllers\Frontend\Homepage\Router.php(59): view_cell('\\App\\Controller...', 'id=5, page=1')
#11 W:\domains\va.vuatubep.com\vendor\codeigniter4\framework\system\CodeIgniter.php(918): App\Controllers\Frontend\Homepage\Router->index('tam-lot-tu-bep-...')
#12 W:\domains\va.vuatubep.com\vendor\codeigniter4\framework\system\CodeIgniter.php(404): CodeIgniter\CodeIgniter->runController(Object(App\Controllers\Frontend\Homepage\Router))
#13 W:\domains\va.vuatubep.com\vendor\codeigniter4\framework\system\CodeIgniter.php(312): CodeIgniter\CodeIgniter->handleRequest(NULL, Object(Config\Cache), false)
#14 W:\domains\va.vuatubep.com\index.php(48): CodeIgniter\CodeIgniter->run()
#15 {main}
CRITICAL - 2022-05-19 11:20:29 --> number_format() expects parameter 1 to be float, string given
#0 [internal function]: CodeIgniter\Debug\Exceptions->errorHandler(2, 'number_format()...', 'W:\\domains\\va.v...', 326, Array)
#1 W:\domains\va.vuatubep.com\app\Views\frontend\product\product\index.php(326): number_format('', 0, ',', '.')
#2 W:\domains\va.vuatubep.com\vendor\codeigniter4\framework\system\View\View.php(246): include('W:\\domains\\va.v...')
#3 W:\domains\va.vuatubep.com\vendor\codeigniter4\framework\system\Common.php(1119): CodeIgniter\View\View->render('frontend/produc...', Array, true)
#4 W:\domains\va.vuatubep.com\app\Views\frontend\homepage\layout\home.php(72): view('frontend/produc...')
#5 W:\domains\va.vuatubep.com\vendor\codeigniter4\framework\system\View\View.php(246): include('W:\\domains\\va.v...')
#6 W:\domains\va.vuatubep.com\vendor\codeigniter4\framework\system\Common.php(1119): CodeIgniter\View\View->render('frontend/homepa...', Array, true)
#7 W:\domains\va.vuatubep.com\app\Controllers\Frontend\Product\Product.php(127): view('frontend/homepa...', Array)
#8 W:\domains\va.vuatubep.com\vendor\codeigniter4\framework\system\View\Cell.php(180): App\Controllers\Frontend\Product\Product->index(Array, '1')
#9 W:\domains\va.vuatubep.com\vendor\codeigniter4\framework\system\Common.php(1140): CodeIgniter\View\Cell->render('\\App\\Controller...', 'id=5, page=1', 0, 'AppControllersF...')
#10 W:\domains\va.vuatubep.com\app\Controllers\Frontend\Homepage\Router.php(59): view_cell('\\App\\Controller...', 'id=5, page=1')
#11 W:\domains\va.vuatubep.com\vendor\codeigniter4\framework\system\CodeIgniter.php(918): App\Controllers\Frontend\Homepage\Router->index('tam-lot-tu-bep-...')
#12 W:\domains\va.vuatubep.com\vendor\codeigniter4\framework\system\CodeIgniter.php(404): CodeIgniter\CodeIgniter->runController(Object(App\Controllers\Frontend\Homepage\Router))
#13 W:\domains\va.vuatubep.com\vendor\codeigniter4\framework\system\CodeIgniter.php(312): CodeIgniter\CodeIgniter->handleRequest(NULL, Object(Config\Cache), false)
#14 W:\domains\va.vuatubep.com\index.php(48): CodeIgniter\CodeIgniter->run()
#15 {main}
CRITICAL - 2022-05-19 11:21:25 --> syntax error, unexpected '?>'
#0 W:\domains\va.vuatubep.com\vendor\codeigniter4\framework\system\Common.php(1119): CodeIgniter\View\View->render('frontend/produc...', Array, true)
#1 W:\domains\va.vuatubep.com\app\Views\frontend\homepage\layout\home.php(72): view('frontend/produc...')
#2 W:\domains\va.vuatubep.com\vendor\codeigniter4\framework\system\View\View.php(246): include('W:\\domains\\va.v...')
#3 W:\domains\va.vuatubep.com\vendor\codeigniter4\framework\system\Common.php(1119): CodeIgniter\View\View->render('frontend/homepa...', Array, true)
#4 W:\domains\va.vuatubep.com\app\Controllers\Frontend\Product\Product.php(127): view('frontend/homepa...', Array)
#5 W:\domains\va.vuatubep.com\vendor\codeigniter4\framework\system\View\Cell.php(180): App\Controllers\Frontend\Product\Product->index(Array, '1')
#6 W:\domains\va.vuatubep.com\vendor\codeigniter4\framework\system\Common.php(1140): CodeIgniter\View\Cell->render('\\App\\Controller...', 'id=5, page=1', 0, 'AppControllersF...')
#7 W:\domains\va.vuatubep.com\app\Controllers\Frontend\Homepage\Router.php(59): view_cell('\\App\\Controller...', 'id=5, page=1')
#8 W:\domains\va.vuatubep.com\vendor\codeigniter4\framework\system\CodeIgniter.php(918): App\Controllers\Frontend\Homepage\Router->index('tam-lot-tu-bep-...')
#9 W:\domains\va.vuatubep.com\vendor\codeigniter4\framework\system\CodeIgniter.php(404): CodeIgniter\CodeIgniter->runController(Object(App\Controllers\Frontend\Homepage\Router))
#10 W:\domains\va.vuatubep.com\vendor\codeigniter4\framework\system\CodeIgniter.php(312): CodeIgniter\CodeIgniter->handleRequest(NULL, Object(Config\Cache), false)
#11 W:\domains\va.vuatubep.com\index.php(48): CodeIgniter\CodeIgniter->run()
#12 {main}
CRITICAL - 2022-05-19 12:22:58 --> Undefined index: avatar
#0 W:\domains\va.vuatubep.com\app\Views\frontend\product\catalogue\index.php(40): CodeIgniter\Debug\Exceptions->errorHandler(8, 'Undefined index...', 'W:\\domains\\va.v...', 40, Array)
#1 W:\domains\va.vuatubep.com\vendor\codeigniter4\framework\system\View\View.php(246): include('W:\\domains\\va.v...')
#2 W:\domains\va.vuatubep.com\vendor\codeigniter4\framework\system\Common.php(1119): CodeIgniter\View\View->render('frontend/produc...', Array, true)
#3 W:\domains\va.vuatubep.com\app\Views\frontend\homepage\layout\home.php(72): view('frontend/produc...')
#4 W:\domains\va.vuatubep.com\vendor\codeigniter4\framework\system\View\View.php(246): include('W:\\domains\\va.v...')
#5 W:\domains\va.vuatubep.com\vendor\codeigniter4\framework\system\Common.php(1119): CodeIgniter\View\View->render('frontend/homepa...', Array, true)
#6 W:\domains\va.vuatubep.com\app\Controllers\Frontend\Product\Catalogue.php(215): view('frontend/homepa...', Array)
#7 W:\domains\va.vuatubep.com\vendor\codeigniter4\framework\system\View\Cell.php(180): App\Controllers\Frontend\Product\Catalogue->index(6, 0)
#8 W:\domains\va.vuatubep.com\vendor\codeigniter4\framework\system\Common.php(1140): CodeIgniter\View\Cell->render('\\App\\Controller...', 'id=6, page=1', 0, 'AppControllersF...')
#9 W:\domains\va.vuatubep.com\app\Controllers\Frontend\Homepage\Router.php(59): view_cell('\\App\\Controller...', 'id=6, page=1')
#10 W:\domains\va.vuatubep.com\vendor\codeigniter4\framework\system\CodeIgniter.php(918): App\Controllers\Frontend\Homepage\Router->index('phu-kien-tu-bep')
#11 W:\domains\va.vuatubep.com\vendor\codeigniter4\framework\system\CodeIgniter.php(404): CodeIgniter\CodeIgniter->runController(Object(App\Controllers\Frontend\Homepage\Router))
#12 W:\domains\va.vuatubep.com\vendor\codeigniter4\framework\system\CodeIgniter.php(312): CodeIgniter\CodeIgniter->handleRequest(NULL, Object(Config\Cache), false)
#13 W:\domains\va.vuatubep.com\index.php(48): CodeIgniter\CodeIgniter->run()
#14 {main}
