CRITICAL - 2021-07-27 02:25:42 --> Undefined variable: _data
#0 G:\OpenServer\domains\hmmedia.com.va\app\Views\backend\slide\slide\store.php(84): CodeIgniter\Debug\Exceptions->errorHandler(8, 'Undefined varia...', 'G:\\OpenServer\\d...', 84, Array)
#1 G:\OpenServer\domains\hmmedia.com.va\vendor\codeigniter4\framework\system\View\View.php(246): include('G:\\OpenServer\\d...')
#2 G:\OpenServer\domains\hmmedia.com.va\vendor\codeigniter4\framework\system\Common.php(1119): CodeIgniter\View\View->render('backend/slide/s...', Array, true)
#3 G:\OpenServer\domains\hmmedia.com.va\app\Views\backend\slide\slide\update.php(16): view('backend/slide/s...', Array)
#4 G:\OpenServer\domains\hmmedia.com.va\vendor\codeigniter4\framework\system\View\View.php(246): include('G:\\OpenServer\\d...')
#5 G:\OpenServer\domains\hmmedia.com.va\vendor\codeigniter4\framework\system\Common.php(1119): CodeIgniter\View\View->render('backend/slide/s...', Array, true)
#6 G:\OpenServer\domains\hmmedia.com.va\app\Views\backend\dashboard\layout\home.php(42): view('backend/slide/s...')
#7 G:\OpenServer\domains\hmmedia.com.va\vendor\codeigniter4\framework\system\View\View.php(246): include('G:\\OpenServer\\d...')
#8 G:\OpenServer\domains\hmmedia.com.va\vendor\codeigniter4\framework\system\Common.php(1119): CodeIgniter\View\View->render('backend/dashboa...', Array, true)
#9 G:\OpenServer\domains\hmmedia.com.va\app\Controllers\Backend\Slide\Slide.php(222): view('backend/dashboa...', Array)
#10 G:\OpenServer\domains\hmmedia.com.va\vendor\codeigniter4\framework\system\CodeIgniter.php(918): App\Controllers\Backend\Slide\Slide->update(9)
#11 G:\OpenServer\domains\hmmedia.com.va\vendor\codeigniter4\framework\system\CodeIgniter.php(404): CodeIgniter\CodeIgniter->runController(Object(App\Controllers\Backend\Slide\Slide))
#12 G:\OpenServer\domains\hmmedia.com.va\vendor\codeigniter4\framework\system\CodeIgniter.php(312): CodeIgniter\CodeIgniter->handleRequest(NULL, Object(Config\Cache), false)
#13 G:\OpenServer\domains\hmmedia.com.va\index.php(48): CodeIgniter\CodeIgniter->run()
#14 {main}
CRITICAL - 2021-07-27 02:26:51 --> Undefined variable: data
#0 G:\OpenServer\domains\hmmedia.com.va\app\Views\backend\dashboard\common\slideblock.php(1): CodeIgniter\Debug\Exceptions->errorHandler(8, 'Undefined varia...', 'G:\\OpenServer\\d...', 1, Array)
#1 G:\OpenServer\domains\hmmedia.com.va\vendor\codeigniter4\framework\system\View\View.php(246): include('G:\\OpenServer\\d...')
#2 G:\OpenServer\domains\hmmedia.com.va\vendor\codeigniter4\framework\system\Common.php(1119): CodeIgniter\View\View->render('backend/dashboa...', Array, true)
#3 G:\OpenServer\domains\hmmedia.com.va\app\Views\backend\slide\slide\store.php(86): view('backend/dashboa...', Array)
#4 G:\OpenServer\domains\hmmedia.com.va\vendor\codeigniter4\framework\system\View\View.php(246): include('G:\\OpenServer\\d...')
#5 G:\OpenServer\domains\hmmedia.com.va\vendor\codeigniter4\framework\system\Common.php(1119): CodeIgniter\View\View->render('backend/slide/s...', Array, true)
#6 G:\OpenServer\domains\hmmedia.com.va\app\Views\backend\slide\slide\update.php(16): view('backend/slide/s...', Array)
#7 G:\OpenServer\domains\hmmedia.com.va\vendor\codeigniter4\framework\system\View\View.php(246): include('G:\\OpenServer\\d...')
#8 G:\OpenServer\domains\hmmedia.com.va\vendor\codeigniter4\framework\system\Common.php(1119): CodeIgniter\View\View->render('backend/slide/s...', Array, true)
#9 G:\OpenServer\domains\hmmedia.com.va\app\Views\backend\dashboard\layout\home.php(42): view('backend/slide/s...')
#10 G:\OpenServer\domains\hmmedia.com.va\vendor\codeigniter4\framework\system\View\View.php(246): include('G:\\OpenServer\\d...')
#11 G:\OpenServer\domains\hmmedia.com.va\vendor\codeigniter4\framework\system\Common.php(1119): CodeIgniter\View\View->render('backend/dashboa...', Array, true)
#12 G:\OpenServer\domains\hmmedia.com.va\app\Controllers\Backend\Slide\Slide.php(222): view('backend/dashboa...', Array)
#13 G:\OpenServer\domains\hmmedia.com.va\vendor\codeigniter4\framework\system\CodeIgniter.php(918): App\Controllers\Backend\Slide\Slide->update(9)
#14 G:\OpenServer\domains\hmmedia.com.va\vendor\codeigniter4\framework\system\CodeIgniter.php(404): CodeIgniter\CodeIgniter->runController(Object(App\Controllers\Backend\Slide\Slide))
#15 G:\OpenServer\domains\hmmedia.com.va\vendor\codeigniter4\framework\system\CodeIgniter.php(312): CodeIgniter\CodeIgniter->handleRequest(NULL, Object(Config\Cache), false)
#16 G:\OpenServer\domains\hmmedia.com.va\index.php(48): CodeIgniter\CodeIgniter->run()
#17 {main}
CRITICAL - 2021-07-27 22:43:38 --> Undefined variable: param
#0 G:\OpenServer\domains\hmmedia.com.va\app\Controllers\Backend\Slide\Slide.php(357): CodeIgniter\Debug\Exceptions->errorHandler(8, 'Undefined varia...', 'G:\\OpenServer\\d...', 357, Array)
#1 G:\OpenServer\domains\hmmedia.com.va\app\Controllers\Backend\Slide\Slide.php(80): App\Controllers\Backend\Slide\Slide->store_catalogue()
#2 G:\OpenServer\domains\hmmedia.com.va\vendor\codeigniter4\framework\system\CodeIgniter.php(918): App\Controllers\Backend\Slide\Slide->create()
#3 G:\OpenServer\domains\hmmedia.com.va\vendor\codeigniter4\framework\system\CodeIgniter.php(404): CodeIgniter\CodeIgniter->runController(Object(App\Controllers\Backend\Slide\Slide))
#4 G:\OpenServer\domains\hmmedia.com.va\vendor\codeigniter4\framework\system\CodeIgniter.php(312): CodeIgniter\CodeIgniter->handleRequest(NULL, Object(Config\Cache), false)
#5 G:\OpenServer\domains\hmmedia.com.va\index.php(48): CodeIgniter\CodeIgniter->run()
#6 {main}
CRITICAL - 2021-07-27 22:43:58 --> Undefined index: method
#0 G:\OpenServer\domains\hmmedia.com.va\app\Controllers\Backend\Slide\Slide.php(357): CodeIgniter\Debug\Exceptions->errorHandler(8, 'Undefined index...', 'G:\\OpenServer\\d...', 357, Array)
#1 G:\OpenServer\domains\hmmedia.com.va\app\Controllers\Backend\Slide\Slide.php(80): App\Controllers\Backend\Slide\Slide->store_catalogue()
#2 G:\OpenServer\domains\hmmedia.com.va\vendor\codeigniter4\framework\system\CodeIgniter.php(918): App\Controllers\Backend\Slide\Slide->create()
#3 G:\OpenServer\domains\hmmedia.com.va\vendor\codeigniter4\framework\system\CodeIgniter.php(404): CodeIgniter\CodeIgniter->runController(Object(App\Controllers\Backend\Slide\Slide))
#4 G:\OpenServer\domains\hmmedia.com.va\vendor\codeigniter4\framework\system\CodeIgniter.php(312): CodeIgniter\CodeIgniter->handleRequest(NULL, Object(Config\Cache), false)
#5 G:\OpenServer\domains\hmmedia.com.va\index.php(48): CodeIgniter\CodeIgniter->run()
#6 {main}
CRITICAL - 2021-07-27 22:47:34 --> syntax error, unexpected 'public' (T_PUBLIC)
#0 G:\OpenServer\domains\hmmedia.com.va\vendor\codeigniter4\framework\system\Autoloader\Autoloader.php(296): CodeIgniter\Autoloader\Autoloader->requireFile('G:\\OpenServer\\d...')
#1 G:\OpenServer\domains\hmmedia.com.va\vendor\codeigniter4\framework\system\Autoloader\Autoloader.php(258): CodeIgniter\Autoloader\Autoloader->loadInNamespace('App\\Controllers...')
#2 [internal function]: CodeIgniter\Autoloader\Autoloader->loadClass('App\\Controllers...')
#3 [internal function]: spl_autoload_call('App\\Controllers...')
#4 G:\OpenServer\domains\hmmedia.com.va\vendor\codeigniter4\framework\system\CodeIgniter.php(869): class_exists('\\App\\Controller...', true)
#5 G:\OpenServer\domains\hmmedia.com.va\vendor\codeigniter4\framework\system\CodeIgniter.php(394): CodeIgniter\CodeIgniter->startController()
#6 G:\OpenServer\domains\hmmedia.com.va\vendor\codeigniter4\framework\system\CodeIgniter.php(312): CodeIgniter\CodeIgniter->handleRequest(NULL, Object(Config\Cache), false)
#7 G:\OpenServer\domains\hmmedia.com.va\index.php(48): CodeIgniter\CodeIgniter->run()
#8 {main}
CRITICAL - 2021-07-27 22:48:56 --> Undefined variable: insert
#0 G:\OpenServer\domains\hmmedia.com.va\app\Controllers\Backend\Slide\Slide.php(83): CodeIgniter\Debug\Exceptions->errorHandler(8, 'Undefined varia...', 'G:\\OpenServer\\d...', 83, Array)
#1 G:\OpenServer\domains\hmmedia.com.va\vendor\codeigniter4\framework\system\CodeIgniter.php(918): App\Controllers\Backend\Slide\Slide->create()
#2 G:\OpenServer\domains\hmmedia.com.va\vendor\codeigniter4\framework\system\CodeIgniter.php(404): CodeIgniter\CodeIgniter->runController(Object(App\Controllers\Backend\Slide\Slide))
#3 G:\OpenServer\domains\hmmedia.com.va\vendor\codeigniter4\framework\system\CodeIgniter.php(312): CodeIgniter\CodeIgniter->handleRequest(NULL, Object(Config\Cache), false)
#4 G:\OpenServer\domains\hmmedia.com.va\index.php(48): CodeIgniter\CodeIgniter->run()
#5 {main}
CRITICAL - 2021-07-27 22:49:05 --> Unknown column 'module' in 'field list'
#0 G:\OpenServer\domains\hmmedia.com.va\vendor\codeigniter4\framework\system\Database\MySQLi\Connection.php(331): mysqli->query('INSERT INTO `sl...')
#1 G:\OpenServer\domains\hmmedia.com.va\vendor\codeigniter4\framework\system\Database\BaseConnection.php(741): CodeIgniter\Database\MySQLi\Connection->execute('INSERT INTO `sl...')
#2 G:\OpenServer\domains\hmmedia.com.va\vendor\codeigniter4\framework\system\Database\BaseConnection.php(669): CodeIgniter\Database\BaseConnection->simpleQuery('INSERT INTO `sl...')
#3 G:\OpenServer\domains\hmmedia.com.va\vendor\codeigniter4\framework\system\Database\BaseBuilder.php(2249): CodeIgniter\Database\BaseConnection->query('INSERT INTO `sl...', Array, false)
#4 G:\OpenServer\domains\hmmedia.com.va\app\Models\AutoloadModel.php(90): CodeIgniter\Database\BaseBuilder->insert(Array)
#5 G:\OpenServer\domains\hmmedia.com.va\app\Controllers\Backend\Slide\Slide.php(92): App\Models\AutoloadModel->_insert(Array)
#6 G:\OpenServer\domains\hmmedia.com.va\vendor\codeigniter4\framework\system\CodeIgniter.php(918): App\Controllers\Backend\Slide\Slide->create()
#7 G:\OpenServer\domains\hmmedia.com.va\vendor\codeigniter4\framework\system\CodeIgniter.php(404): CodeIgniter\CodeIgniter->runController(Object(App\Controllers\Backend\Slide\Slide))
#8 G:\OpenServer\domains\hmmedia.com.va\vendor\codeigniter4\framework\system\CodeIgniter.php(312): CodeIgniter\CodeIgniter->handleRequest(NULL, Object(Config\Cache), false)
#9 G:\OpenServer\domains\hmmedia.com.va\index.php(48): CodeIgniter\CodeIgniter->run()
#10 {main}
CRITICAL - 2021-07-27 22:58:21 --> syntax error, unexpected '$this' (T_VARIABLE), expecting function (T_FUNCTION) or const (T_CONST)
#0 G:\OpenServer\domains\hmmedia.com.va\vendor\codeigniter4\framework\system\Autoloader\Autoloader.php(296): CodeIgniter\Autoloader\Autoloader->requireFile('G:\\OpenServer\\d...')
#1 G:\OpenServer\domains\hmmedia.com.va\vendor\codeigniter4\framework\system\Autoloader\Autoloader.php(258): CodeIgniter\Autoloader\Autoloader->loadInNamespace('App\\Controllers...')
#2 [internal function]: CodeIgniter\Autoloader\Autoloader->loadClass('App\\Controllers...')
#3 [internal function]: spl_autoload_call('App\\Controllers...')
#4 G:\OpenServer\domains\hmmedia.com.va\vendor\codeigniter4\framework\system\CodeIgniter.php(869): class_exists('\\App\\Controller...', true)
#5 G:\OpenServer\domains\hmmedia.com.va\vendor\codeigniter4\framework\system\CodeIgniter.php(394): CodeIgniter\CodeIgniter->startController()
#6 G:\OpenServer\domains\hmmedia.com.va\vendor\codeigniter4\framework\system\CodeIgniter.php(312): CodeIgniter\CodeIgniter->handleRequest(NULL, Object(Config\Cache), false)
#7 G:\OpenServer\domains\hmmedia.com.va\index.php(48): CodeIgniter\CodeIgniter->run()
#8 {main}
CRITICAL - 2021-07-27 23:09:11 --> Undefined index: data
#0 G:\OpenServer\domains\hmmedia.com.va\app\Views\backend\slide\slide\store.php(62): CodeIgniter\Debug\Exceptions->errorHandler(8, 'Undefined index...', 'G:\\OpenServer\\d...', 62, Array)
#1 G:\OpenServer\domains\hmmedia.com.va\vendor\codeigniter4\framework\system\View\View.php(246): include('G:\\OpenServer\\d...')
#2 G:\OpenServer\domains\hmmedia.com.va\vendor\codeigniter4\framework\system\Common.php(1119): CodeIgniter\View\View->render('backend/slide/s...', Array, true)
#3 G:\OpenServer\domains\hmmedia.com.va\app\Views\backend\slide\slide\update.php(16): view('backend/slide/s...', Array)
#4 G:\OpenServer\domains\hmmedia.com.va\vendor\codeigniter4\framework\system\View\View.php(246): include('G:\\OpenServer\\d...')
#5 G:\OpenServer\domains\hmmedia.com.va\vendor\codeigniter4\framework\system\Common.php(1119): CodeIgniter\View\View->render('backend/slide/s...', Array, true)
#6 G:\OpenServer\domains\hmmedia.com.va\app\Views\backend\dashboard\layout\home.php(42): view('backend/slide/s...')
#7 G:\OpenServer\domains\hmmedia.com.va\vendor\codeigniter4\framework\system\View\View.php(246): include('G:\\OpenServer\\d...')
#8 G:\OpenServer\domains\hmmedia.com.va\vendor\codeigniter4\framework\system\Common.php(1119): CodeIgniter\View\View->render('backend/dashboa...', Array, true)
#9 G:\OpenServer\domains\hmmedia.com.va\app\Controllers\Backend\Slide\Slide.php(218): view('backend/dashboa...', Array)
#10 G:\OpenServer\domains\hmmedia.com.va\vendor\codeigniter4\framework\system\CodeIgniter.php(918): App\Controllers\Backend\Slide\Slide->update(1)
#11 G:\OpenServer\domains\hmmedia.com.va\vendor\codeigniter4\framework\system\CodeIgniter.php(404): CodeIgniter\CodeIgniter->runController(Object(App\Controllers\Backend\Slide\Slide))
#12 G:\OpenServer\domains\hmmedia.com.va\vendor\codeigniter4\framework\system\CodeIgniter.php(312): CodeIgniter\CodeIgniter->handleRequest(NULL, Object(Config\Cache), false)
#13 G:\OpenServer\domains\hmmedia.com.va\index.php(48): CodeIgniter\CodeIgniter->run()
#14 {main}
CRITICAL - 2021-07-27 23:14:53 --> json_decode() expects parameter 1 to be string, array given
#0 [internal function]: CodeIgniter\Debug\Exceptions->errorHandler(2, 'json_decode() e...', 'G:\\OpenServer\\d...', 62, Array)
#1 G:\OpenServer\domains\hmmedia.com.va\app\Views\backend\slide\slide\store.php(62): json_decode(Array, true)
#2 G:\OpenServer\domains\hmmedia.com.va\vendor\codeigniter4\framework\system\View\View.php(246): include('G:\\OpenServer\\d...')
#3 G:\OpenServer\domains\hmmedia.com.va\vendor\codeigniter4\framework\system\Common.php(1119): CodeIgniter\View\View->render('backend/slide/s...', Array, true)
#4 G:\OpenServer\domains\hmmedia.com.va\app\Views\backend\slide\slide\update.php(16): view('backend/slide/s...', Array)
#5 G:\OpenServer\domains\hmmedia.com.va\vendor\codeigniter4\framework\system\View\View.php(246): include('G:\\OpenServer\\d...')
#6 G:\OpenServer\domains\hmmedia.com.va\vendor\codeigniter4\framework\system\Common.php(1119): CodeIgniter\View\View->render('backend/slide/s...', Array, true)
#7 G:\OpenServer\domains\hmmedia.com.va\app\Views\backend\dashboard\layout\home.php(42): view('backend/slide/s...')
#8 G:\OpenServer\domains\hmmedia.com.va\vendor\codeigniter4\framework\system\View\View.php(246): include('G:\\OpenServer\\d...')
#9 G:\OpenServer\domains\hmmedia.com.va\vendor\codeigniter4\framework\system\Common.php(1119): CodeIgniter\View\View->render('backend/dashboa...', Array, true)
#10 G:\OpenServer\domains\hmmedia.com.va\app\Controllers\Backend\Slide\Slide.php(232): view('backend/dashboa...', Array)
#11 G:\OpenServer\domains\hmmedia.com.va\vendor\codeigniter4\framework\system\CodeIgniter.php(918): App\Controllers\Backend\Slide\Slide->update(2)
#12 G:\OpenServer\domains\hmmedia.com.va\vendor\codeigniter4\framework\system\CodeIgniter.php(404): CodeIgniter\CodeIgniter->runController(Object(App\Controllers\Backend\Slide\Slide))
#13 G:\OpenServer\domains\hmmedia.com.va\vendor\codeigniter4\framework\system\CodeIgniter.php(312): CodeIgniter\CodeIgniter->handleRequest(NULL, Object(Config\Cache), false)
#14 G:\OpenServer\domains\hmmedia.com.va\index.php(48): CodeIgniter\CodeIgniter->run()
#15 {main}
CRITICAL - 2021-07-27 23:18:12 --> syntax error, unexpected '}'
#0 G:\OpenServer\domains\hmmedia.com.va\vendor\codeigniter4\framework\system\Common.php(1119): CodeIgniter\View\View->render('backend/slide/s...', Array, true)
#1 G:\OpenServer\domains\hmmedia.com.va\app\Views\backend\slide\slide\create.php(16): view('backend/slide/s...')
#2 G:\OpenServer\domains\hmmedia.com.va\vendor\codeigniter4\framework\system\View\View.php(246): include('G:\\OpenServer\\d...')
#3 G:\OpenServer\domains\hmmedia.com.va\vendor\codeigniter4\framework\system\Common.php(1119): CodeIgniter\View\View->render('backend/slide/s...', Array, true)
#4 G:\OpenServer\domains\hmmedia.com.va\app\Views\backend\dashboard\layout\home.php(42): view('backend/slide/s...')
#5 G:\OpenServer\domains\hmmedia.com.va\vendor\codeigniter4\framework\system\View\View.php(246): include('G:\\OpenServer\\d...')
#6 G:\OpenServer\domains\hmmedia.com.va\vendor\codeigniter4\framework\system\Common.php(1119): CodeIgniter\View\View->render('backend/dashboa...', Array, true)
#7 G:\OpenServer\domains\hmmedia.com.va\app\Controllers\Backend\Slide\Slide.php(114): view('backend/dashboa...', Array)
#8 G:\OpenServer\domains\hmmedia.com.va\vendor\codeigniter4\framework\system\CodeIgniter.php(918): App\Controllers\Backend\Slide\Slide->create()
#9 G:\OpenServer\domains\hmmedia.com.va\vendor\codeigniter4\framework\system\CodeIgniter.php(404): CodeIgniter\CodeIgniter->runController(Object(App\Controllers\Backend\Slide\Slide))
#10 G:\OpenServer\domains\hmmedia.com.va\vendor\codeigniter4\framework\system\CodeIgniter.php(312): CodeIgniter\CodeIgniter->handleRequest(NULL, Object(Config\Cache), false)
#11 G:\OpenServer\domains\hmmedia.com.va\index.php(48): CodeIgniter\CodeIgniter->run()
#12 {main}
CRITICAL - 2021-07-27 23:22:43 --> Undefined index: catalogueid
#0 G:\OpenServer\domains\hmmedia.com.va\app\Controllers\Backend\Slide\Slide.php(361): CodeIgniter\Debug\Exceptions->errorHandler(8, 'Undefined index...', 'G:\\OpenServer\\d...', 361, Array)
#1 G:\OpenServer\domains\hmmedia.com.va\app\Controllers\Backend\Slide\Slide.php(156): App\Controllers\Backend\Slide\Slide->store(Array)
#2 G:\OpenServer\domains\hmmedia.com.va\vendor\codeigniter4\framework\system\CodeIgniter.php(918): App\Controllers\Backend\Slide\Slide->update(2)
#3 G:\OpenServer\domains\hmmedia.com.va\vendor\codeigniter4\framework\system\CodeIgniter.php(404): CodeIgniter\CodeIgniter->runController(Object(App\Controllers\Backend\Slide\Slide))
#4 G:\OpenServer\domains\hmmedia.com.va\vendor\codeigniter4\framework\system\CodeIgniter.php(312): CodeIgniter\CodeIgniter->handleRequest(NULL, Object(Config\Cache), false)
#5 G:\OpenServer\domains\hmmedia.com.va\index.php(48): CodeIgniter\CodeIgniter->run()
#6 {main}
