CRITICAL - 2022-03-19 03:10:45 --> syntax error, unexpected end of file
#0 W:\domains\kientruc.com.va\vendor\codeigniter4\framework\system\Common.php(1119): CodeIgniter\View\View->render('frontend/homepa...', Array, true)
#1 W:\domains\kientruc.com.va\app\Views\frontend\homepage\layout\home.php(71): view('frontend/homepa...')
#2 W:\domains\kientruc.com.va\vendor\codeigniter4\framework\system\View\View.php(246): include('W:\\domains\\kien...')
#3 W:\domains\kientruc.com.va\vendor\codeigniter4\framework\system\Common.php(1119): CodeIgniter\View\View->render('frontend/homepa...', Array, true)
#4 W:\domains\kientruc.com.va\app\Controllers\Frontend\Homepage\Home.php(30): view('frontend/homepa...', Array)
#5 W:\domains\kientruc.com.va\vendor\codeigniter4\framework\system\CodeIgniter.php(918): App\Controllers\Frontend\Homepage\Home->index()
#6 W:\domains\kientruc.com.va\vendor\codeigniter4\framework\system\CodeIgniter.php(404): CodeIgniter\CodeIgniter->runController(Object(App\Controllers\Frontend\Homepage\Home))
#7 W:\domains\kientruc.com.va\vendor\codeigniter4\framework\system\CodeIgniter.php(312): CodeIgniter\CodeIgniter->handleRequest(NULL, Object(Config\Cache), false)
#8 W:\domains\kientruc.com.va\index.php(48): CodeIgniter\CodeIgniter->run()
#9 {main}
CRITICAL - 2022-03-19 03:18:07 --> Illegal string offset 'canonical'
#0 W:\domains\kientruc.com.va\app\Views\frontend\homepage\home\index.php(553): CodeIgniter\Debug\Exceptions->errorHandler(2, 'Illegal string ...', 'W:\\domains\\kien...', 553, Array)
#1 W:\domains\kientruc.com.va\vendor\codeigniter4\framework\system\View\View.php(246): include('W:\\domains\\kien...')
#2 W:\domains\kientruc.com.va\vendor\codeigniter4\framework\system\Common.php(1119): CodeIgniter\View\View->render('frontend/homepa...', Array, true)
#3 W:\domains\kientruc.com.va\app\Views\frontend\homepage\layout\home.php(71): view('frontend/homepa...')
#4 W:\domains\kientruc.com.va\vendor\codeigniter4\framework\system\View\View.php(246): include('W:\\domains\\kien...')
#5 W:\domains\kientruc.com.va\vendor\codeigniter4\framework\system\Common.php(1119): CodeIgniter\View\View->render('frontend/homepa...', Array, true)
#6 W:\domains\kientruc.com.va\app\Controllers\Frontend\Homepage\Home.php(30): view('frontend/homepa...', Array)
#7 W:\domains\kientruc.com.va\vendor\codeigniter4\framework\system\CodeIgniter.php(918): App\Controllers\Frontend\Homepage\Home->index()
#8 W:\domains\kientruc.com.va\vendor\codeigniter4\framework\system\CodeIgniter.php(404): CodeIgniter\CodeIgniter->runController(Object(App\Controllers\Frontend\Homepage\Home))
#9 W:\domains\kientruc.com.va\vendor\codeigniter4\framework\system\CodeIgniter.php(312): CodeIgniter\CodeIgniter->handleRequest(NULL, Object(Config\Cache), false)
#10 W:\domains\kientruc.com.va\index.php(48): CodeIgniter\CodeIgniter->run()
#11 {main}
CRITICAL - 2022-03-19 04:00:47 --> syntax error, unexpected '}', expecting end of file
#0 W:\domains\kientruc.com.va\vendor\codeigniter4\framework\system\Common.php(1119): CodeIgniter\View\View->render('frontend/homepa...', Array, true)
#1 W:\domains\kientruc.com.va\app\Views\frontend\homepage\layout\home.php(71): view('frontend/homepa...')
#2 W:\domains\kientruc.com.va\vendor\codeigniter4\framework\system\View\View.php(246): include('W:\\domains\\kien...')
#3 W:\domains\kientruc.com.va\vendor\codeigniter4\framework\system\Common.php(1119): CodeIgniter\View\View->render('frontend/homepa...', Array, true)
#4 W:\domains\kientruc.com.va\app\Controllers\Frontend\Homepage\Home.php(30): view('frontend/homepa...', Array)
#5 W:\domains\kientruc.com.va\vendor\codeigniter4\framework\system\CodeIgniter.php(918): App\Controllers\Frontend\Homepage\Home->index()
#6 W:\domains\kientruc.com.va\vendor\codeigniter4\framework\system\CodeIgniter.php(404): CodeIgniter\CodeIgniter->runController(Object(App\Controllers\Frontend\Homepage\Home))
#7 W:\domains\kientruc.com.va\vendor\codeigniter4\framework\system\CodeIgniter.php(312): CodeIgniter\CodeIgniter->handleRequest(NULL, Object(Config\Cache), false)
#8 W:\domains\kientruc.com.va\index.php(48): CodeIgniter\CodeIgniter->run()
#9 {main}
CRITICAL - 2022-03-19 04:00:56 --> Undefined index: info
#0 W:\domains\kientruc.com.va\app\Views\frontend\homepage\home\index.php(665): CodeIgniter\Debug\Exceptions->errorHandler(8, 'Undefined index...', 'W:\\domains\\kien...', 665, Array)
#1 W:\domains\kientruc.com.va\vendor\codeigniter4\framework\system\View\View.php(246): include('W:\\domains\\kien...')
#2 W:\domains\kientruc.com.va\vendor\codeigniter4\framework\system\Common.php(1119): CodeIgniter\View\View->render('frontend/homepa...', Array, true)
#3 W:\domains\kientruc.com.va\app\Views\frontend\homepage\layout\home.php(71): view('frontend/homepa...')
#4 W:\domains\kientruc.com.va\vendor\codeigniter4\framework\system\View\View.php(246): include('W:\\domains\\kien...')
#5 W:\domains\kientruc.com.va\vendor\codeigniter4\framework\system\Common.php(1119): CodeIgniter\View\View->render('frontend/homepa...', Array, true)
#6 W:\domains\kientruc.com.va\app\Controllers\Frontend\Homepage\Home.php(30): view('frontend/homepa...', Array)
#7 W:\domains\kientruc.com.va\vendor\codeigniter4\framework\system\CodeIgniter.php(918): App\Controllers\Frontend\Homepage\Home->index()
#8 W:\domains\kientruc.com.va\vendor\codeigniter4\framework\system\CodeIgniter.php(404): CodeIgniter\CodeIgniter->runController(Object(App\Controllers\Frontend\Homepage\Home))
#9 W:\domains\kientruc.com.va\vendor\codeigniter4\framework\system\CodeIgniter.php(312): CodeIgniter\CodeIgniter->handleRequest(NULL, Object(Config\Cache), false)
#10 W:\domains\kientruc.com.va\index.php(48): CodeIgniter\CodeIgniter->run()
#11 {main}
CRITICAL - 2022-03-19 04:17:26 --> Unknown column 'address' in 'field list'
#0 W:\domains\kientruc.com.va\vendor\codeigniter4\framework\system\Database\MySQLi\Connection.php(331): mysqli->query('INSERT INTO `co...')
#1 W:\domains\kientruc.com.va\vendor\codeigniter4\framework\system\Database\BaseConnection.php(741): CodeIgniter\Database\MySQLi\Connection->execute('INSERT INTO `co...')
#2 W:\domains\kientruc.com.va\vendor\codeigniter4\framework\system\Database\BaseConnection.php(669): CodeIgniter\Database\BaseConnection->simpleQuery('INSERT INTO `co...')
#3 W:\domains\kientruc.com.va\vendor\codeigniter4\framework\system\Database\BaseBuilder.php(2249): CodeIgniter\Database\BaseConnection->query('INSERT INTO `co...', Array, false)
#4 W:\domains\kientruc.com.va\app\Models\AutoloadModel.php(90): CodeIgniter\Database\BaseBuilder->insert(Array)
#5 W:\domains\kientruc.com.va\app\Controllers\Ajax\Frontend\Action.php(237): App\Models\AutoloadModel->_insert(Array)
#6 W:\domains\kientruc.com.va\vendor\codeigniter4\framework\system\CodeIgniter.php(918): App\Controllers\Ajax\Frontend\Action->contact_full()
#7 W:\domains\kientruc.com.va\vendor\codeigniter4\framework\system\CodeIgniter.php(404): CodeIgniter\CodeIgniter->runController(Object(App\Controllers\Ajax\Frontend\Action))
#8 W:\domains\kientruc.com.va\vendor\codeigniter4\framework\system\CodeIgniter.php(312): CodeIgniter\CodeIgniter->handleRequest(NULL, Object(Config\Cache), false)
#9 W:\domains\kientruc.com.va\index.php(48): CodeIgniter\CodeIgniter->run()
#10 {main}
CRITICAL - 2022-03-19 04:17:33 --> Unknown column 'address' in 'field list'
#0 W:\domains\kientruc.com.va\vendor\codeigniter4\framework\system\Database\MySQLi\Connection.php(331): mysqli->query('INSERT INTO `co...')
#1 W:\domains\kientruc.com.va\vendor\codeigniter4\framework\system\Database\BaseConnection.php(741): CodeIgniter\Database\MySQLi\Connection->execute('INSERT INTO `co...')
#2 W:\domains\kientruc.com.va\vendor\codeigniter4\framework\system\Database\BaseConnection.php(669): CodeIgniter\Database\BaseConnection->simpleQuery('INSERT INTO `co...')
#3 W:\domains\kientruc.com.va\vendor\codeigniter4\framework\system\Database\BaseBuilder.php(2249): CodeIgniter\Database\BaseConnection->query('INSERT INTO `co...', Array, false)
#4 W:\domains\kientruc.com.va\app\Models\AutoloadModel.php(90): CodeIgniter\Database\BaseBuilder->insert(Array)
#5 W:\domains\kientruc.com.va\app\Controllers\Ajax\Frontend\Action.php(237): App\Models\AutoloadModel->_insert(Array)
#6 W:\domains\kientruc.com.va\vendor\codeigniter4\framework\system\CodeIgniter.php(918): App\Controllers\Ajax\Frontend\Action->contact_full()
#7 W:\domains\kientruc.com.va\vendor\codeigniter4\framework\system\CodeIgniter.php(404): CodeIgniter\CodeIgniter->runController(Object(App\Controllers\Ajax\Frontend\Action))
#8 W:\domains\kientruc.com.va\vendor\codeigniter4\framework\system\CodeIgniter.php(312): CodeIgniter\CodeIgniter->handleRequest(NULL, Object(Config\Cache), false)
#9 W:\domains\kientruc.com.va\index.php(48): CodeIgniter\CodeIgniter->run()
#10 {main}
CRITICAL - 2022-03-19 04:18:44 --> Undefined index: asdasd
#0 W:\domains\kientruc.com.va\app\Views\backend\contact\contact\index.php(110): CodeIgniter\Debug\Exceptions->errorHandler(8, 'Undefined index...', 'W:\\domains\\kien...', 110, Array)
#1 W:\domains\kientruc.com.va\vendor\codeigniter4\framework\system\View\View.php(246): include('W:\\domains\\kien...')
#2 W:\domains\kientruc.com.va\vendor\codeigniter4\framework\system\Common.php(1119): CodeIgniter\View\View->render('backend/contact...', Array, true)
#3 W:\domains\kientruc.com.va\app\Views\backend\dashboard\layout\home.php(44): view('backend/contact...')
#4 W:\domains\kientruc.com.va\vendor\codeigniter4\framework\system\View\View.php(246): include('W:\\domains\\kien...')
#5 W:\domains\kientruc.com.va\vendor\codeigniter4\framework\system\Common.php(1119): CodeIgniter\View\View->render('backend/dashboa...', Array, true)
#6 W:\domains\kientruc.com.va\app\Controllers\Backend\Contact\Contact.php(69): view('backend/dashboa...', Array)
#7 W:\domains\kientruc.com.va\vendor\codeigniter4\framework\system\CodeIgniter.php(918): App\Controllers\Backend\Contact\Contact->index()
#8 W:\domains\kientruc.com.va\vendor\codeigniter4\framework\system\CodeIgniter.php(404): CodeIgniter\CodeIgniter->runController(Object(App\Controllers\Backend\Contact\Contact))
#9 W:\domains\kientruc.com.va\vendor\codeigniter4\framework\system\CodeIgniter.php(312): CodeIgniter\CodeIgniter->handleRequest(NULL, Object(Config\Cache), false)
#10 W:\domains\kientruc.com.va\index.php(48): CodeIgniter\CodeIgniter->run()
#11 {main}
CRITICAL - 2022-03-19 04:28:56 --> Undefined index: object
#0 W:\domains\kientruc.com.va\app\Controllers\Frontend\Article\Article.php(18): CodeIgniter\Debug\Exceptions->errorHandler(8, 'Undefined index...', 'W:\\domains\\kien...', 18, Array)
#1 W:\domains\kientruc.com.va\vendor\codeigniter4\framework\system\View\Cell.php(180): App\Controllers\Frontend\Article\Article->index(21, '1')
#2 W:\domains\kientruc.com.va\vendor\codeigniter4\framework\system\Common.php(1140): CodeIgniter\View\Cell->render('\\App\\Controller...', 'id=21, page=1', 0, 'AppControllersF...')
#3 W:\domains\kientruc.com.va\app\Controllers\Frontend\Homepage\Router.php(59): view_cell('\\App\\Controller...', 'id=21, page=1')
#4 W:\domains\kientruc.com.va\vendor\codeigniter4\framework\system\CodeIgniter.php(918): App\Controllers\Frontend\Homepage\Router->index('bat-mi-5-vi-tri...')
#5 W:\domains\kientruc.com.va\vendor\codeigniter4\framework\system\CodeIgniter.php(404): CodeIgniter\CodeIgniter->runController(Object(App\Controllers\Frontend\Homepage\Router))
#6 W:\domains\kientruc.com.va\vendor\codeigniter4\framework\system\CodeIgniter.php(312): CodeIgniter\CodeIgniter->handleRequest(NULL, Object(Config\Cache), false)
#7 W:\domains\kientruc.com.va\index.php(48): CodeIgniter\CodeIgniter->run()
#8 {main}
CRITICAL - 2022-03-19 04:31:04 --> Undefined index: wp-image-6896
#0 W:\domains\kientruc.com.va\app\Views\frontend\article\article\index.php(61): CodeIgniter\Debug\Exceptions->errorHandler(8, 'Undefined index...', 'W:\\domains\\kien...', 61, Array)
#1 W:\domains\kientruc.com.va\vendor\codeigniter4\framework\system\View\View.php(246): include('W:\\domains\\kien...')
#2 W:\domains\kientruc.com.va\vendor\codeigniter4\framework\system\Common.php(1119): CodeIgniter\View\View->render('frontend/articl...', Array, true)
#3 W:\domains\kientruc.com.va\app\Views\frontend\homepage\layout\home.php(71): view('frontend/articl...')
#4 W:\domains\kientruc.com.va\vendor\codeigniter4\framework\system\View\View.php(246): include('W:\\domains\\kien...')
#5 W:\domains\kientruc.com.va\vendor\codeigniter4\framework\system\Common.php(1119): CodeIgniter\View\View->render('frontend/homepa...', Array, true)
#6 W:\domains\kientruc.com.va\app\Controllers\Frontend\Article\Article.php(239): view('frontend/homepa...', Array)
#7 W:\domains\kientruc.com.va\vendor\codeigniter4\framework\system\View\Cell.php(180): App\Controllers\Frontend\Article\Article->index(21, '1')
#8 W:\domains\kientruc.com.va\vendor\codeigniter4\framework\system\Common.php(1140): CodeIgniter\View\Cell->render('\\App\\Controller...', 'id=21, page=1', 0, 'AppControllersF...')
#9 W:\domains\kientruc.com.va\app\Controllers\Frontend\Homepage\Router.php(59): view_cell('\\App\\Controller...', 'id=21, page=1')
#10 W:\domains\kientruc.com.va\vendor\codeigniter4\framework\system\CodeIgniter.php(918): App\Controllers\Frontend\Homepage\Router->index('bat-mi-5-vi-tri...')
#11 W:\domains\kientruc.com.va\vendor\codeigniter4\framework\system\CodeIgniter.php(404): CodeIgniter\CodeIgniter->runController(Object(App\Controllers\Frontend\Homepage\Router))
#12 W:\domains\kientruc.com.va\vendor\codeigniter4\framework\system\CodeIgniter.php(312): CodeIgniter\CodeIgniter->handleRequest(NULL, Object(Config\Cache), false)
#13 W:\domains\kientruc.com.va\index.php(48): CodeIgniter\CodeIgniter->run()
#14 {main}
CRITICAL - 2022-03-19 04:39:50 --> Undefined index: đâsd
#0 W:\domains\kientruc.com.va\app\Views\backend\contact\contact\index.php(109): CodeIgniter\Debug\Exceptions->errorHandler(8, 'Undefined index...', 'W:\\domains\\kien...', 109, Array)
#1 W:\domains\kientruc.com.va\vendor\codeigniter4\framework\system\View\View.php(246): include('W:\\domains\\kien...')
#2 W:\domains\kientruc.com.va\vendor\codeigniter4\framework\system\Common.php(1119): CodeIgniter\View\View->render('backend/contact...', Array, true)
#3 W:\domains\kientruc.com.va\app\Views\backend\dashboard\layout\home.php(44): view('backend/contact...')
#4 W:\domains\kientruc.com.va\vendor\codeigniter4\framework\system\View\View.php(246): include('W:\\domains\\kien...')
#5 W:\domains\kientruc.com.va\vendor\codeigniter4\framework\system\Common.php(1119): CodeIgniter\View\View->render('backend/dashboa...', Array, true)
#6 W:\domains\kientruc.com.va\app\Controllers\Backend\Contact\Contact.php(69): view('backend/dashboa...', Array)
#7 W:\domains\kientruc.com.va\vendor\codeigniter4\framework\system\CodeIgniter.php(918): App\Controllers\Backend\Contact\Contact->index()
#8 W:\domains\kientruc.com.va\vendor\codeigniter4\framework\system\CodeIgniter.php(404): CodeIgniter\CodeIgniter->runController(Object(App\Controllers\Backend\Contact\Contact))
#9 W:\domains\kientruc.com.va\vendor\codeigniter4\framework\system\CodeIgniter.php(312): CodeIgniter\CodeIgniter->handleRequest(NULL, Object(Config\Cache), false)
#10 W:\domains\kientruc.com.va\index.php(48): CodeIgniter\CodeIgniter->run()
#11 {main}
CRITICAL - 2022-03-19 05:13:31 --> Undefined index: object
#0 W:\domains\kientruc.com.va\app\Views\frontend\article\article\index.php(479): CodeIgniter\Debug\Exceptions->errorHandler(8, 'Undefined index...', 'W:\\domains\\kien...', 479, Array)
#1 W:\domains\kientruc.com.va\vendor\codeigniter4\framework\system\View\View.php(246): include('W:\\domains\\kien...')
#2 W:\domains\kientruc.com.va\vendor\codeigniter4\framework\system\Common.php(1119): CodeIgniter\View\View->render('frontend/articl...', Array, true)
#3 W:\domains\kientruc.com.va\app\Views\frontend\homepage\layout\home.php(71): view('frontend/articl...')
#4 W:\domains\kientruc.com.va\vendor\codeigniter4\framework\system\View\View.php(246): include('W:\\domains\\kien...')
#5 W:\domains\kientruc.com.va\vendor\codeigniter4\framework\system\Common.php(1119): CodeIgniter\View\View->render('frontend/homepa...', Array, true)
#6 W:\domains\kientruc.com.va\app\Controllers\Frontend\Article\Article.php(239): view('frontend/homepa...', Array)
#7 W:\domains\kientruc.com.va\vendor\codeigniter4\framework\system\View\Cell.php(180): App\Controllers\Frontend\Article\Article->index(21, '1')
#8 W:\domains\kientruc.com.va\vendor\codeigniter4\framework\system\Common.php(1140): CodeIgniter\View\Cell->render('\\App\\Controller...', 'id=21, page=1', 0, 'AppControllersF...')
#9 W:\domains\kientruc.com.va\app\Controllers\Frontend\Homepage\Router.php(59): view_cell('\\App\\Controller...', 'id=21, page=1')
#10 W:\domains\kientruc.com.va\vendor\codeigniter4\framework\system\CodeIgniter.php(918): App\Controllers\Frontend\Homepage\Router->index('bat-mi-5-vi-tri...')
#11 W:\domains\kientruc.com.va\vendor\codeigniter4\framework\system\CodeIgniter.php(404): CodeIgniter\CodeIgniter->runController(Object(App\Controllers\Frontend\Homepage\Router))
#12 W:\domains\kientruc.com.va\vendor\codeigniter4\framework\system\CodeIgniter.php(312): CodeIgniter\CodeIgniter->handleRequest(NULL, Object(Config\Cache), false)
#13 W:\domains\kientruc.com.va\index.php(48): CodeIgniter\CodeIgniter->run()
#14 {main}
CRITICAL - 2022-03-19 10:11:59 --> Undefined index: cat_canonical
#0 W:\domains\kientruc.com.va\app\Views\frontend\product\catalogue\index.php(56): CodeIgniter\Debug\Exceptions->errorHandler(8, 'Undefined index...', 'W:\\domains\\kien...', 56, Array)
#1 W:\domains\kientruc.com.va\vendor\codeigniter4\framework\system\View\View.php(246): include('W:\\domains\\kien...')
#2 W:\domains\kientruc.com.va\vendor\codeigniter4\framework\system\Common.php(1119): CodeIgniter\View\View->render('frontend/produc...', Array, true)
#3 W:\domains\kientruc.com.va\app\Views\frontend\homepage\layout\home.php(71): view('frontend/produc...')
#4 W:\domains\kientruc.com.va\vendor\codeigniter4\framework\system\View\View.php(246): include('W:\\domains\\kien...')
#5 W:\domains\kientruc.com.va\vendor\codeigniter4\framework\system\Common.php(1119): CodeIgniter\View\View->render('frontend/homepa...', Array, true)
#6 W:\domains\kientruc.com.va\app\Controllers\Frontend\Product\Catalogue.php(213): view('frontend/homepa...', Array)
#7 W:\domains\kientruc.com.va\vendor\codeigniter4\framework\system\View\Cell.php(180): App\Controllers\Frontend\Product\Catalogue->index(32, 0)
#8 W:\domains\kientruc.com.va\vendor\codeigniter4\framework\system\Common.php(1140): CodeIgniter\View\Cell->render('\\App\\Controller...', 'id=32, page=1', 0, 'AppControllersF...')
#9 W:\domains\kientruc.com.va\app\Controllers\Frontend\Homepage\Router.php(59): view_cell('\\App\\Controller...', 'id=32, page=1')
#10 W:\domains\kientruc.com.va\vendor\codeigniter4\framework\system\CodeIgniter.php(918): App\Controllers\Frontend\Homepage\Router->index('biet-thu-hien-d...')
#11 W:\domains\kientruc.com.va\vendor\codeigniter4\framework\system\CodeIgniter.php(404): CodeIgniter\CodeIgniter->runController(Object(App\Controllers\Frontend\Homepage\Router))
#12 W:\domains\kientruc.com.va\vendor\codeigniter4\framework\system\CodeIgniter.php(312): CodeIgniter\CodeIgniter->handleRequest(NULL, Object(Config\Cache), false)
#13 W:\domains\kientruc.com.va\index.php(48): CodeIgniter\CodeIgniter->run()
#14 {main}
CRITICAL - 2022-03-19 10:34:57 --> Undefined index: created_at
#0 W:\domains\kientruc.com.va\app\Views\frontend\product\product\index.php(37): CodeIgniter\Debug\Exceptions->errorHandler(8, 'Undefined index...', 'W:\\domains\\kien...', 37, Array)
#1 W:\domains\kientruc.com.va\vendor\codeigniter4\framework\system\View\View.php(246): include('W:\\domains\\kien...')
#2 W:\domains\kientruc.com.va\vendor\codeigniter4\framework\system\Common.php(1119): CodeIgniter\View\View->render('frontend/produc...', Array, true)
#3 W:\domains\kientruc.com.va\app\Views\frontend\homepage\layout\home.php(71): view('frontend/produc...')
#4 W:\domains\kientruc.com.va\vendor\codeigniter4\framework\system\View\View.php(246): include('W:\\domains\\kien...')
#5 W:\domains\kientruc.com.va\vendor\codeigniter4\framework\system\Common.php(1119): CodeIgniter\View\View->render('frontend/homepa...', Array, true)
#6 W:\domains\kientruc.com.va\app\Controllers\Frontend\Product\Product.php(125): view('frontend/homepa...', Array)
#7 W:\domains\kientruc.com.va\vendor\codeigniter4\framework\system\View\Cell.php(180): App\Controllers\Frontend\Product\Product->index(Array, '1')
#8 W:\domains\kientruc.com.va\vendor\codeigniter4\framework\system\Common.php(1140): CodeIgniter\View\Cell->render('\\App\\Controller...', 'id=10, page=1', 0, 'AppControllersF...')
#9 W:\domains\kientruc.com.va\app\Controllers\Frontend\Homepage\Router.php(59): view_cell('\\App\\Controller...', 'id=10, page=1')
#10 W:\domains\kientruc.com.va\vendor\codeigniter4\framework\system\CodeIgniter.php(918): App\Controllers\Frontend\Homepage\Router->index('chuyen-nhuong-g...')
#11 W:\domains\kientruc.com.va\vendor\codeigniter4\framework\system\CodeIgniter.php(404): CodeIgniter\CodeIgniter->runController(Object(App\Controllers\Frontend\Homepage\Router))
#12 W:\domains\kientruc.com.va\vendor\codeigniter4\framework\system\CodeIgniter.php(312): CodeIgniter\CodeIgniter->handleRequest(NULL, Object(Config\Cache), false)
#13 W:\domains\kientruc.com.va\index.php(48): CodeIgniter\CodeIgniter->run()
#14 {main}
