CRITICAL - 2022-01-03 10:29:26 --> Undefined index: order
#0 W:\domains\decor.com.va\app\Views\backend\slide\slide\store.php(72): CodeIgniter\Debug\Exceptions->errorHandler(8, 'Undefined index...', 'W:\\domains\\deco...', 72, Array)
#1 W:\domains\decor.com.va\vendor\codeigniter4\framework\system\View\View.php(246): include('W:\\domains\\deco...')
#2 W:\domains\decor.com.va\vendor\codeigniter4\framework\system\Common.php(1119): CodeIgniter\View\View->render('backend/slide/s...', Array, true)
#3 W:\domains\decor.com.va\app\Views\backend\slide\slide\create.php(16): view('backend/slide/s...')
#4 W:\domains\decor.com.va\vendor\codeigniter4\framework\system\View\View.php(246): include('W:\\domains\\deco...')
#5 W:\domains\decor.com.va\vendor\codeigniter4\framework\system\Common.php(1119): CodeIgniter\View\View->render('backend/slide/s...', Array, true)
#6 W:\domains\decor.com.va\app\Views\backend\dashboard\layout\home.php(44): view('backend/slide/s...')
#7 W:\domains\decor.com.va\vendor\codeigniter4\framework\system\View\View.php(246): include('W:\\domains\\deco...')
#8 W:\domains\decor.com.va\vendor\codeigniter4\framework\system\Common.php(1119): CodeIgniter\View\View->render('backend/dashboa...', Array, true)
#9 W:\domains\decor.com.va\app\Controllers\Backend\Slide\Slide.php(122): view('backend/dashboa...', Array)
#10 W:\domains\decor.com.va\vendor\codeigniter4\framework\system\CodeIgniter.php(918): App\Controllers\Backend\Slide\Slide->create()
#11 W:\domains\decor.com.va\vendor\codeigniter4\framework\system\CodeIgniter.php(404): CodeIgniter\CodeIgniter->runController(Object(App\Controllers\Backend\Slide\Slide))
#12 W:\domains\decor.com.va\vendor\codeigniter4\framework\system\CodeIgniter.php(312): CodeIgniter\CodeIgniter->handleRequest(NULL, Object(Config\Cache), false)
#13 W:\domains\decor.com.va\index.php(48): CodeIgniter\CodeIgniter->run()
#14 {main}
CRITICAL - 2022-01-03 10:29:40 --> Undefined index: order
#0 W:\domains\decor.com.va\app\Views\backend\slide\slide\store.php(72): CodeIgniter\Debug\Exceptions->errorHandler(8, 'Undefined index...', 'W:\\domains\\deco...', 72, Array)
#1 W:\domains\decor.com.va\vendor\codeigniter4\framework\system\View\View.php(246): include('W:\\domains\\deco...')
#2 W:\domains\decor.com.va\vendor\codeigniter4\framework\system\Common.php(1119): CodeIgniter\View\View->render('backend/slide/s...', Array, true)
#3 W:\domains\decor.com.va\app\Views\backend\slide\slide\create.php(16): view('backend/slide/s...')
#4 W:\domains\decor.com.va\vendor\codeigniter4\framework\system\View\View.php(246): include('W:\\domains\\deco...')
#5 W:\domains\decor.com.va\vendor\codeigniter4\framework\system\Common.php(1119): CodeIgniter\View\View->render('backend/slide/s...', Array, true)
#6 W:\domains\decor.com.va\app\Views\backend\dashboard\layout\home.php(44): view('backend/slide/s...')
#7 W:\domains\decor.com.va\vendor\codeigniter4\framework\system\View\View.php(246): include('W:\\domains\\deco...')
#8 W:\domains\decor.com.va\vendor\codeigniter4\framework\system\Common.php(1119): CodeIgniter\View\View->render('backend/dashboa...', Array, true)
#9 W:\domains\decor.com.va\app\Controllers\Backend\Slide\Slide.php(122): view('backend/dashboa...', Array)
#10 W:\domains\decor.com.va\vendor\codeigniter4\framework\system\CodeIgniter.php(918): App\Controllers\Backend\Slide\Slide->create()
#11 W:\domains\decor.com.va\vendor\codeigniter4\framework\system\CodeIgniter.php(404): CodeIgniter\CodeIgniter->runController(Object(App\Controllers\Backend\Slide\Slide))
#12 W:\domains\decor.com.va\vendor\codeigniter4\framework\system\CodeIgniter.php(312): CodeIgniter\CodeIgniter->handleRequest(NULL, Object(Config\Cache), false)
#13 W:\domains\decor.com.va\index.php(48): CodeIgniter\CodeIgniter->run()
#14 {main}
CRITICAL - 2022-01-03 20:28:57 --> Array to string conversion
#0 W:\domains\decor.com.va\app\Views\frontend\homepage\home\customer.php(41): CodeIgniter\Debug\Exceptions->errorHandler(8, 'Array to string...', 'W:\\domains\\deco...', 41, Array)
#1 W:\domains\decor.com.va\vendor\codeigniter4\framework\system\View\View.php(246): include('W:\\domains\\deco...')
#2 W:\domains\decor.com.va\vendor\codeigniter4\framework\system\Common.php(1119): CodeIgniter\View\View->render('frontend/homepa...', Array, true)
#3 W:\domains\decor.com.va\app\Views\frontend\homepage\layout\home.php(72): view('frontend/homepa...')
#4 W:\domains\decor.com.va\vendor\codeigniter4\framework\system\View\View.php(246): include('W:\\domains\\deco...')
#5 W:\domains\decor.com.va\vendor\codeigniter4\framework\system\Common.php(1119): CodeIgniter\View\View->render('frontend/homepa...', Array, true)
#6 W:\domains\decor.com.va\app\Controllers\Frontend\Homepage\Home.php(63): view('frontend/homepa...', Array)
#7 W:\domains\decor.com.va\vendor\codeigniter4\framework\system\CodeIgniter.php(918): App\Controllers\Frontend\Homepage\Home->customer()
#8 W:\domains\decor.com.va\vendor\codeigniter4\framework\system\CodeIgniter.php(404): CodeIgniter\CodeIgniter->runController(Object(App\Controllers\Frontend\Homepage\Home))
#9 W:\domains\decor.com.va\vendor\codeigniter4\framework\system\CodeIgniter.php(312): CodeIgniter\CodeIgniter->handleRequest(NULL, Object(Config\Cache), false)
#10 W:\domains\decor.com.va\index.php(48): CodeIgniter\CodeIgniter->run()
#11 {main}
CRITICAL - 2022-01-03 20:28:59 --> Array to string conversion
#0 W:\domains\decor.com.va\app\Views\frontend\homepage\home\customer.php(41): CodeIgniter\Debug\Exceptions->errorHandler(8, 'Array to string...', 'W:\\domains\\deco...', 41, Array)
#1 W:\domains\decor.com.va\vendor\codeigniter4\framework\system\View\View.php(246): include('W:\\domains\\deco...')
#2 W:\domains\decor.com.va\vendor\codeigniter4\framework\system\Common.php(1119): CodeIgniter\View\View->render('frontend/homepa...', Array, true)
#3 W:\domains\decor.com.va\app\Views\frontend\homepage\layout\home.php(72): view('frontend/homepa...')
#4 W:\domains\decor.com.va\vendor\codeigniter4\framework\system\View\View.php(246): include('W:\\domains\\deco...')
#5 W:\domains\decor.com.va\vendor\codeigniter4\framework\system\Common.php(1119): CodeIgniter\View\View->render('frontend/homepa...', Array, true)
#6 W:\domains\decor.com.va\app\Controllers\Frontend\Homepage\Home.php(63): view('frontend/homepa...', Array)
#7 W:\domains\decor.com.va\vendor\codeigniter4\framework\system\CodeIgniter.php(918): App\Controllers\Frontend\Homepage\Home->customer()
#8 W:\domains\decor.com.va\vendor\codeigniter4\framework\system\CodeIgniter.php(404): CodeIgniter\CodeIgniter->runController(Object(App\Controllers\Frontend\Homepage\Home))
#9 W:\domains\decor.com.va\vendor\codeigniter4\framework\system\CodeIgniter.php(312): CodeIgniter\CodeIgniter->handleRequest(NULL, Object(Config\Cache), false)
#10 W:\domains\decor.com.va\index.php(48): CodeIgniter\CodeIgniter->run()
#11 {main}
CRITICAL - 2022-01-03 20:29:16 --> Array to string conversion
#0 W:\domains\decor.com.va\app\Views\frontend\homepage\home\customer.php(41): CodeIgniter\Debug\Exceptions->errorHandler(8, 'Array to string...', 'W:\\domains\\deco...', 41, Array)
#1 W:\domains\decor.com.va\vendor\codeigniter4\framework\system\View\View.php(246): include('W:\\domains\\deco...')
#2 W:\domains\decor.com.va\vendor\codeigniter4\framework\system\Common.php(1119): CodeIgniter\View\View->render('frontend/homepa...', Array, true)
#3 W:\domains\decor.com.va\app\Views\frontend\homepage\layout\home.php(72): view('frontend/homepa...')
#4 W:\domains\decor.com.va\vendor\codeigniter4\framework\system\View\View.php(246): include('W:\\domains\\deco...')
#5 W:\domains\decor.com.va\vendor\codeigniter4\framework\system\Common.php(1119): CodeIgniter\View\View->render('frontend/homepa...', Array, true)
#6 W:\domains\decor.com.va\app\Controllers\Frontend\Homepage\Home.php(63): view('frontend/homepa...', Array)
#7 W:\domains\decor.com.va\vendor\codeigniter4\framework\system\CodeIgniter.php(918): App\Controllers\Frontend\Homepage\Home->customer()
#8 W:\domains\decor.com.va\vendor\codeigniter4\framework\system\CodeIgniter.php(404): CodeIgniter\CodeIgniter->runController(Object(App\Controllers\Frontend\Homepage\Home))
#9 W:\domains\decor.com.va\vendor\codeigniter4\framework\system\CodeIgniter.php(312): CodeIgniter\CodeIgniter->handleRequest(NULL, Object(Config\Cache), false)
#10 W:\domains\decor.com.va\index.php(48): CodeIgniter\CodeIgniter->run()
#11 {main}
CRITICAL - 2022-01-03 20:29:20 --> Array to string conversion
#0 W:\domains\decor.com.va\app\Views\frontend\homepage\home\customer.php(41): CodeIgniter\Debug\Exceptions->errorHandler(8, 'Array to string...', 'W:\\domains\\deco...', 41, Array)
#1 W:\domains\decor.com.va\vendor\codeigniter4\framework\system\View\View.php(246): include('W:\\domains\\deco...')
#2 W:\domains\decor.com.va\vendor\codeigniter4\framework\system\Common.php(1119): CodeIgniter\View\View->render('frontend/homepa...', Array, true)
#3 W:\domains\decor.com.va\app\Views\frontend\homepage\layout\home.php(72): view('frontend/homepa...')
#4 W:\domains\decor.com.va\vendor\codeigniter4\framework\system\View\View.php(246): include('W:\\domains\\deco...')
#5 W:\domains\decor.com.va\vendor\codeigniter4\framework\system\Common.php(1119): CodeIgniter\View\View->render('frontend/homepa...', Array, true)
#6 W:\domains\decor.com.va\app\Controllers\Frontend\Homepage\Home.php(63): view('frontend/homepa...', Array)
#7 W:\domains\decor.com.va\vendor\codeigniter4\framework\system\CodeIgniter.php(918): App\Controllers\Frontend\Homepage\Home->customer()
#8 W:\domains\decor.com.va\vendor\codeigniter4\framework\system\CodeIgniter.php(404): CodeIgniter\CodeIgniter->runController(Object(App\Controllers\Frontend\Homepage\Home))
#9 W:\domains\decor.com.va\vendor\codeigniter4\framework\system\CodeIgniter.php(312): CodeIgniter\CodeIgniter->handleRequest(NULL, Object(Config\Cache), false)
#10 W:\domains\decor.com.va\index.php(48): CodeIgniter\CodeIgniter->run()
#11 {main}
CRITICAL - 2022-01-03 22:17:54 --> Array to string conversion
#0 W:\domains\decor.com.va\app\Views\frontend\media\catalogue\index.php(15): CodeIgniter\Debug\Exceptions->errorHandler(8, 'Array to string...', 'W:\\domains\\deco...', 15, Array)
#1 W:\domains\decor.com.va\vendor\codeigniter4\framework\system\View\View.php(246): include('W:\\domains\\deco...')
#2 W:\domains\decor.com.va\vendor\codeigniter4\framework\system\Common.php(1119): CodeIgniter\View\View->render('frontend/media/...', Array, true)
#3 W:\domains\decor.com.va\app\Views\frontend\homepage\layout\home.php(72): view('frontend/media/...')
#4 W:\domains\decor.com.va\vendor\codeigniter4\framework\system\View\View.php(246): include('W:\\domains\\deco...')
#5 W:\domains\decor.com.va\vendor\codeigniter4\framework\system\Common.php(1119): CodeIgniter\View\View->render('frontend/homepa...', Array, true)
#6 W:\domains\decor.com.va\app\Controllers\Frontend\Media\Catalogue.php(159): view('frontend/homepa...', Array)
#7 W:\domains\decor.com.va\vendor\codeigniter4\framework\system\View\Cell.php(180): App\Controllers\Frontend\Media\Catalogue->index(21, 0)
#8 W:\domains\decor.com.va\vendor\codeigniter4\framework\system\Common.php(1140): CodeIgniter\View\Cell->render('\\App\\Controller...', 'id=21, page=1', 0, 'AppControllersF...')
#9 W:\domains\decor.com.va\app\Controllers\Frontend\Homepage\Router.php(59): view_cell('\\App\\Controller...', 'id=21, page=1')
#10 W:\domains\decor.com.va\vendor\codeigniter4\framework\system\CodeIgniter.php(918): App\Controllers\Frontend\Homepage\Router->index('du-an')
#11 W:\domains\decor.com.va\vendor\codeigniter4\framework\system\CodeIgniter.php(404): CodeIgniter\CodeIgniter->runController(Object(App\Controllers\Frontend\Homepage\Router))
#12 W:\domains\decor.com.va\vendor\codeigniter4\framework\system\CodeIgniter.php(312): CodeIgniter\CodeIgniter->handleRequest(NULL, Object(Config\Cache), false)
#13 W:\domains\decor.com.va\index.php(48): CodeIgniter\CodeIgniter->run()
#14 {main}
CRITICAL - 2022-01-03 22:18:14 --> Array to string conversion
#0 W:\domains\decor.com.va\app\Views\frontend\media\catalogue\index.php(15): CodeIgniter\Debug\Exceptions->errorHandler(8, 'Array to string...', 'W:\\domains\\deco...', 15, Array)
#1 W:\domains\decor.com.va\vendor\codeigniter4\framework\system\View\View.php(246): include('W:\\domains\\deco...')
#2 W:\domains\decor.com.va\vendor\codeigniter4\framework\system\Common.php(1119): CodeIgniter\View\View->render('frontend/media/...', Array, true)
#3 W:\domains\decor.com.va\app\Views\frontend\homepage\layout\home.php(72): view('frontend/media/...')
#4 W:\domains\decor.com.va\vendor\codeigniter4\framework\system\View\View.php(246): include('W:\\domains\\deco...')
#5 W:\domains\decor.com.va\vendor\codeigniter4\framework\system\Common.php(1119): CodeIgniter\View\View->render('frontend/homepa...', Array, true)
#6 W:\domains\decor.com.va\app\Controllers\Frontend\Media\Catalogue.php(159): view('frontend/homepa...', Array)
#7 W:\domains\decor.com.va\vendor\codeigniter4\framework\system\View\Cell.php(180): App\Controllers\Frontend\Media\Catalogue->index(21, 0)
#8 W:\domains\decor.com.va\vendor\codeigniter4\framework\system\Common.php(1140): CodeIgniter\View\Cell->render('\\App\\Controller...', 'id=21, page=1', 0, 'AppControllersF...')
#9 W:\domains\decor.com.va\app\Controllers\Frontend\Homepage\Router.php(59): view_cell('\\App\\Controller...', 'id=21, page=1')
#10 W:\domains\decor.com.va\vendor\codeigniter4\framework\system\CodeIgniter.php(918): App\Controllers\Frontend\Homepage\Router->index('du-an')
#11 W:\domains\decor.com.va\vendor\codeigniter4\framework\system\CodeIgniter.php(404): CodeIgniter\CodeIgniter->runController(Object(App\Controllers\Frontend\Homepage\Router))
#12 W:\domains\decor.com.va\vendor\codeigniter4\framework\system\CodeIgniter.php(312): CodeIgniter\CodeIgniter->handleRequest(NULL, Object(Config\Cache), false)
#13 W:\domains\decor.com.va\index.php(48): CodeIgniter\CodeIgniter->run()
#14 {main}
