CRITICAL - 2021-10-02 03:13:47 --> Undefined index: panel
#0 G:\OpenServer\domains\vietthuong.com.va\app\Controllers\Frontend\Homepage\Home.php(29): CodeIgniter\Debug\Exceptions->errorHandler(8, 'Undefined index...', 'G:\\OpenServer\\d...', 29, Array)
#1 G:\OpenServer\domains\vietthuong.com.va\vendor\codeigniter4\framework\system\CodeIgniter.php(918): App\Controllers\Frontend\Homepage\Home->index()
#2 G:\OpenServer\domains\vietthuong.com.va\vendor\codeigniter4\framework\system\CodeIgniter.php(404): CodeIgniter\CodeIgniter->runController(Object(App\Controllers\Frontend\Homepage\Home))
#3 G:\OpenServer\domains\vietthuong.com.va\vendor\codeigniter4\framework\system\CodeIgniter.php(312): CodeIgniter\CodeIgniter->handleRequest(NULL, Object(Config\Cache), false)
#4 G:\OpenServer\domains\vietthuong.com.va\index.php(48): CodeIgniter\CodeIgniter->run()
#5 {main}
CRITICAL - 2021-10-02 03:31:35 --> syntax error, unexpected ')', expecting ',' or ';'
#0 G:\OpenServer\domains\vietthuong.com.va\vendor\codeigniter4\framework\system\Common.php(1119): CodeIgniter\View\View->render('backend/slide/s...', Array, true)
#1 G:\OpenServer\domains\vietthuong.com.va\app\Views\backend\slide\slide\update.php(16): view('backend/slide/s...', Array)
#2 G:\OpenServer\domains\vietthuong.com.va\vendor\codeigniter4\framework\system\View\View.php(246): include('G:\\OpenServer\\d...')
#3 G:\OpenServer\domains\vietthuong.com.va\vendor\codeigniter4\framework\system\Common.php(1119): CodeIgniter\View\View->render('backend/slide/s...', Array, true)
#4 G:\OpenServer\domains\vietthuong.com.va\app\Views\backend\dashboard\layout\home.php(44): view('backend/slide/s...')
#5 G:\OpenServer\domains\vietthuong.com.va\vendor\codeigniter4\framework\system\View\View.php(246): include('G:\\OpenServer\\d...')
#6 G:\OpenServer\domains\vietthuong.com.va\vendor\codeigniter4\framework\system\Common.php(1119): CodeIgniter\View\View->render('backend/dashboa...', Array, true)
#7 G:\OpenServer\domains\vietthuong.com.va\app\Controllers\Backend\Slide\Slide.php(228): view('backend/dashboa...', Array)
#8 G:\OpenServer\domains\vietthuong.com.va\vendor\codeigniter4\framework\system\CodeIgniter.php(918): App\Controllers\Backend\Slide\Slide->update(2)
#9 G:\OpenServer\domains\vietthuong.com.va\vendor\codeigniter4\framework\system\CodeIgniter.php(404): CodeIgniter\CodeIgniter->runController(Object(App\Controllers\Backend\Slide\Slide))
#10 G:\OpenServer\domains\vietthuong.com.va\vendor\codeigniter4\framework\system\CodeIgniter.php(312): CodeIgniter\CodeIgniter->handleRequest(NULL, Object(Config\Cache), false)
#11 G:\OpenServer\domains\vietthuong.com.va\index.php(48): CodeIgniter\CodeIgniter->run()
#12 {main}
CRITICAL - 2021-10-02 03:51:08 --> Undefined index: panel
#0 G:\OpenServer\domains\vietthuong.com.va\app\Controllers\Frontend\Homepage\Home.php(29): CodeIgniter\Debug\Exceptions->errorHandler(8, 'Undefined index...', 'G:\\OpenServer\\d...', 29, Array)
#1 G:\OpenServer\domains\vietthuong.com.va\vendor\codeigniter4\framework\system\CodeIgniter.php(918): App\Controllers\Frontend\Homepage\Home->index()
#2 G:\OpenServer\domains\vietthuong.com.va\vendor\codeigniter4\framework\system\CodeIgniter.php(404): CodeIgniter\CodeIgniter->runController(Object(App\Controllers\Frontend\Homepage\Home))
#3 G:\OpenServer\domains\vietthuong.com.va\vendor\codeigniter4\framework\system\CodeIgniter.php(312): CodeIgniter\CodeIgniter->handleRequest(NULL, Object(Config\Cache), false)
#4 G:\OpenServer\domains\vietthuong.com.va\index.php(48): CodeIgniter\CodeIgniter->run()
#5 {main}
CRITICAL - 2021-10-02 04:06:32 --> Undefined index: main-category
#0 G:\OpenServer\domains\vietthuong.com.va\app\Controllers\Frontend\Homepage\Home.php(73): CodeIgniter\Debug\Exceptions->errorHandler(8, 'Undefined index...', 'G:\\OpenServer\\d...', 73, Array)
#1 G:\OpenServer\domains\vietthuong.com.va\app\Controllers\Frontend\Homepage\Home.php(29): App\Controllers\Frontend\Homepage\Home->handle_category(Array)
#2 G:\OpenServer\domains\vietthuong.com.va\vendor\codeigniter4\framework\system\CodeIgniter.php(918): App\Controllers\Frontend\Homepage\Home->index()
#3 G:\OpenServer\domains\vietthuong.com.va\vendor\codeigniter4\framework\system\CodeIgniter.php(404): CodeIgniter\CodeIgniter->runController(Object(App\Controllers\Frontend\Homepage\Home))
#4 G:\OpenServer\domains\vietthuong.com.va\vendor\codeigniter4\framework\system\CodeIgniter.php(312): CodeIgniter\CodeIgniter->handleRequest(NULL, Object(Config\Cache), false)
#5 G:\OpenServer\domains\vietthuong.com.va\index.php(48): CodeIgniter\CodeIgniter->run()
#6 {main}
CRITICAL - 2021-10-02 04:07:04 --> Undefined index: data
#0 G:\OpenServer\domains\vietthuong.com.va\app\Helpers\mydatafrontend_helper.php(408): CodeIgniter\Debug\Exceptions->errorHandler(8, 'Undefined index...', 'G:\\OpenServer\\d...', 408, Array)
#1 G:\OpenServer\domains\vietthuong.com.va\app\Views\frontend\homepage\common\header.php(7): get_menu(Array)
#2 G:\OpenServer\domains\vietthuong.com.va\vendor\codeigniter4\framework\system\View\View.php(246): include('G:\\OpenServer\\d...')
#3 G:\OpenServer\domains\vietthuong.com.va\vendor\codeigniter4\framework\system\Common.php(1119): CodeIgniter\View\View->render('frontend/homepa...', Array, true)
#4 G:\OpenServer\domains\vietthuong.com.va\app\Views\frontend\homepage\layout\home.php(73): view('frontend/homepa...')
#5 G:\OpenServer\domains\vietthuong.com.va\vendor\codeigniter4\framework\system\View\View.php(246): include('G:\\OpenServer\\d...')
#6 G:\OpenServer\domains\vietthuong.com.va\vendor\codeigniter4\framework\system\Common.php(1119): CodeIgniter\View\View->render('frontend/homepa...', Array, true)
#7 G:\OpenServer\domains\vietthuong.com.va\app\Controllers\Frontend\Homepage\Home.php(33): view('frontend/homepa...', Array)
#8 G:\OpenServer\domains\vietthuong.com.va\vendor\codeigniter4\framework\system\CodeIgniter.php(918): App\Controllers\Frontend\Homepage\Home->index()
#9 G:\OpenServer\domains\vietthuong.com.va\vendor\codeigniter4\framework\system\CodeIgniter.php(404): CodeIgniter\CodeIgniter->runController(Object(App\Controllers\Frontend\Homepage\Home))
#10 G:\OpenServer\domains\vietthuong.com.va\vendor\codeigniter4\framework\system\CodeIgniter.php(312): CodeIgniter\CodeIgniter->handleRequest(NULL, Object(Config\Cache), false)
#11 G:\OpenServer\domains\vietthuong.com.va\index.php(48): CodeIgniter\CodeIgniter->run()
#12 {main}
CRITICAL - 2021-10-02 04:31:31 --> syntax error, unexpected end of file
#0 G:\OpenServer\domains\vietthuong.com.va\vendor\codeigniter4\framework\system\Common.php(1119): CodeIgniter\View\View->render('frontend/homepa...', Array, true)
#1 G:\OpenServer\domains\vietthuong.com.va\app\Views\frontend\homepage\layout\home.php(70): view('frontend/homepa...')
#2 G:\OpenServer\domains\vietthuong.com.va\vendor\codeigniter4\framework\system\View\View.php(246): include('G:\\OpenServer\\d...')
#3 G:\OpenServer\domains\vietthuong.com.va\vendor\codeigniter4\framework\system\Common.php(1119): CodeIgniter\View\View->render('frontend/homepa...', Array, true)
#4 G:\OpenServer\domains\vietthuong.com.va\app\Controllers\Frontend\Homepage\Home.php(33): view('frontend/homepa...', Array)
#5 G:\OpenServer\domains\vietthuong.com.va\vendor\codeigniter4\framework\system\CodeIgniter.php(918): App\Controllers\Frontend\Homepage\Home->index()
#6 G:\OpenServer\domains\vietthuong.com.va\vendor\codeigniter4\framework\system\CodeIgniter.php(404): CodeIgniter\CodeIgniter->runController(Object(App\Controllers\Frontend\Homepage\Home))
#7 G:\OpenServer\domains\vietthuong.com.va\vendor\codeigniter4\framework\system\CodeIgniter.php(312): CodeIgniter\CodeIgniter->handleRequest(NULL, Object(Config\Cache), false)
#8 G:\OpenServer\domains\vietthuong.com.va\index.php(48): CodeIgniter\CodeIgniter->run()
#9 {main}
CRITICAL - 2021-10-02 04:41:41 --> Undefined variable: arr
#0 G:\OpenServer\domains\vietthuong.com.va\app\Views\frontend\homepage\home\index.php(4): CodeIgniter\Debug\Exceptions->errorHandler(8, 'Undefined varia...', 'G:\\OpenServer\\d...', 4, Array)
#1 G:\OpenServer\domains\vietthuong.com.va\vendor\codeigniter4\framework\system\View\View.php(246): include('G:\\OpenServer\\d...')
#2 G:\OpenServer\domains\vietthuong.com.va\vendor\codeigniter4\framework\system\Common.php(1119): CodeIgniter\View\View->render('frontend/homepa...', Array, true)
#3 G:\OpenServer\domains\vietthuong.com.va\app\Views\frontend\homepage\layout\home.php(70): view('frontend/homepa...')
#4 G:\OpenServer\domains\vietthuong.com.va\vendor\codeigniter4\framework\system\View\View.php(246): include('G:\\OpenServer\\d...')
#5 G:\OpenServer\domains\vietthuong.com.va\vendor\codeigniter4\framework\system\Common.php(1119): CodeIgniter\View\View->render('frontend/homepa...', Array, true)
#6 G:\OpenServer\domains\vietthuong.com.va\app\Controllers\Frontend\Homepage\Home.php(33): view('frontend/homepa...', Array)
#7 G:\OpenServer\domains\vietthuong.com.va\vendor\codeigniter4\framework\system\CodeIgniter.php(918): App\Controllers\Frontend\Homepage\Home->index()
#8 G:\OpenServer\domains\vietthuong.com.va\vendor\codeigniter4\framework\system\CodeIgniter.php(404): CodeIgniter\CodeIgniter->runController(Object(App\Controllers\Frontend\Homepage\Home))
#9 G:\OpenServer\domains\vietthuong.com.va\vendor\codeigniter4\framework\system\CodeIgniter.php(312): CodeIgniter\CodeIgniter->handleRequest(NULL, Object(Config\Cache), false)
#10 G:\OpenServer\domains\vietthuong.com.va\index.php(48): CodeIgniter\CodeIgniter->run()
#11 {main}
CRITICAL - 2021-10-02 04:43:05 --> Undefined index: #019e45 
#0 G:\OpenServer\domains\vietthuong.com.va\app\Views\frontend\homepage\home\index.php(93): CodeIgniter\Debug\Exceptions->errorHandler(8, 'Undefined index...', 'G:\\OpenServer\\d...', 93, Array)
#1 G:\OpenServer\domains\vietthuong.com.va\vendor\codeigniter4\framework\system\View\View.php(246): include('G:\\OpenServer\\d...')
#2 G:\OpenServer\domains\vietthuong.com.va\vendor\codeigniter4\framework\system\Common.php(1119): CodeIgniter\View\View->render('frontend/homepa...', Array, true)
#3 G:\OpenServer\domains\vietthuong.com.va\app\Views\frontend\homepage\layout\home.php(70): view('frontend/homepa...')
#4 G:\OpenServer\domains\vietthuong.com.va\vendor\codeigniter4\framework\system\View\View.php(246): include('G:\\OpenServer\\d...')
#5 G:\OpenServer\domains\vietthuong.com.va\vendor\codeigniter4\framework\system\Common.php(1119): CodeIgniter\View\View->render('frontend/homepa...', Array, true)
#6 G:\OpenServer\domains\vietthuong.com.va\app\Controllers\Frontend\Homepage\Home.php(33): view('frontend/homepa...', Array)
#7 G:\OpenServer\domains\vietthuong.com.va\vendor\codeigniter4\framework\system\CodeIgniter.php(918): App\Controllers\Frontend\Homepage\Home->index()
#8 G:\OpenServer\domains\vietthuong.com.va\vendor\codeigniter4\framework\system\CodeIgniter.php(404): CodeIgniter\CodeIgniter->runController(Object(App\Controllers\Frontend\Homepage\Home))
#9 G:\OpenServer\domains\vietthuong.com.va\vendor\codeigniter4\framework\system\CodeIgniter.php(312): CodeIgniter\CodeIgniter->handleRequest(NULL, Object(Config\Cache), false)
#10 G:\OpenServer\domains\vietthuong.com.va\index.php(48): CodeIgniter\CodeIgniter->run()
#11 {main}
CRITICAL - 2021-10-02 06:08:54 --> syntax error, unexpected end of file
#0 G:\OpenServer\domains\vietthuong.com.va\vendor\codeigniter4\framework\system\Common.php(1119): CodeIgniter\View\View->render('frontend/articl...', Array, true)
#1 G:\OpenServer\domains\vietthuong.com.va\app\Views\frontend\homepage\layout\home.php(70): view('frontend/articl...')
#2 G:\OpenServer\domains\vietthuong.com.va\vendor\codeigniter4\framework\system\View\View.php(246): include('G:\\OpenServer\\d...')
#3 G:\OpenServer\domains\vietthuong.com.va\vendor\codeigniter4\framework\system\Common.php(1119): CodeIgniter\View\View->render('frontend/homepa...', Array, true)
#4 G:\OpenServer\domains\vietthuong.com.va\app\Controllers\Frontend\Article\Article.php(235): view('frontend/homepa...', Array)
#5 G:\OpenServer\domains\vietthuong.com.va\vendor\codeigniter4\framework\system\View\Cell.php(180): App\Controllers\Frontend\Article\Article->index(12, '1')
#6 G:\OpenServer\domains\vietthuong.com.va\vendor\codeigniter4\framework\system\Common.php(1140): CodeIgniter\View\Cell->render('\\App\\Controller...', 'id=12, page=1', 0, 'AppControllersF...')
#7 G:\OpenServer\domains\vietthuong.com.va\app\Controllers\Frontend\Homepage\Router.php(59): view_cell('\\App\\Controller...', 'id=12, page=1')
#8 G:\OpenServer\domains\vietthuong.com.va\vendor\codeigniter4\framework\system\CodeIgniter.php(918): App\Controllers\Frontend\Homepage\Router->index('chuong-trinh-da...')
#9 G:\OpenServer\domains\vietthuong.com.va\vendor\codeigniter4\framework\system\CodeIgniter.php(404): CodeIgniter\CodeIgniter->runController(Object(App\Controllers\Frontend\Homepage\Router))
#10 G:\OpenServer\domains\vietthuong.com.va\vendor\codeigniter4\framework\system\CodeIgniter.php(312): CodeIgniter\CodeIgniter->handleRequest(NULL, Object(Config\Cache), false)
#11 G:\OpenServer\domains\vietthuong.com.va\index.php(48): CodeIgniter\CodeIgniter->run()
#12 {main}
CRITICAL - 2021-10-02 06:17:46 --> syntax error, unexpected end of file
#0 G:\OpenServer\domains\vietthuong.com.va\vendor\codeigniter4\framework\system\Common.php(1119): CodeIgniter\View\View->render('frontend/articl...', Array, true)
#1 G:\OpenServer\domains\vietthuong.com.va\app\Views\frontend\homepage\layout\home.php(70): view('frontend/articl...')
#2 G:\OpenServer\domains\vietthuong.com.va\vendor\codeigniter4\framework\system\View\View.php(246): include('G:\\OpenServer\\d...')
#3 G:\OpenServer\domains\vietthuong.com.va\vendor\codeigniter4\framework\system\Common.php(1119): CodeIgniter\View\View->render('frontend/homepa...', Array, true)
#4 G:\OpenServer\domains\vietthuong.com.va\app\Controllers\Frontend\Article\Article.php(236): view('frontend/homepa...', Array)
#5 G:\OpenServer\domains\vietthuong.com.va\vendor\codeigniter4\framework\system\View\Cell.php(180): App\Controllers\Frontend\Article\Article->index(12, '1')
#6 G:\OpenServer\domains\vietthuong.com.va\vendor\codeigniter4\framework\system\Common.php(1140): CodeIgniter\View\Cell->render('\\App\\Controller...', 'id=12, page=1', 0, 'AppControllersF...')
#7 G:\OpenServer\domains\vietthuong.com.va\app\Controllers\Frontend\Homepage\Router.php(59): view_cell('\\App\\Controller...', 'id=12, page=1')
#8 G:\OpenServer\domains\vietthuong.com.va\vendor\codeigniter4\framework\system\CodeIgniter.php(918): App\Controllers\Frontend\Homepage\Router->index('chuong-trinh-da...')
#9 G:\OpenServer\domains\vietthuong.com.va\vendor\codeigniter4\framework\system\CodeIgniter.php(404): CodeIgniter\CodeIgniter->runController(Object(App\Controllers\Frontend\Homepage\Router))
#10 G:\OpenServer\domains\vietthuong.com.va\vendor\codeigniter4\framework\system\CodeIgniter.php(312): CodeIgniter\CodeIgniter->handleRequest(NULL, Object(Config\Cache), false)
#11 G:\OpenServer\domains\vietthuong.com.va\index.php(48): CodeIgniter\CodeIgniter->run()
#12 {main}
CRITICAL - 2021-10-02 08:58:13 --> Undefined variable: video
#0 G:\OpenServer\domains\vietthuong.com.va\app\Views\frontend\homepage\common\news.php(61): CodeIgniter\Debug\Exceptions->errorHandler(8, 'Undefined varia...', 'G:\\OpenServer\\d...', 61, Array)
#1 G:\OpenServer\domains\vietthuong.com.va\vendor\codeigniter4\framework\system\View\View.php(246): include('G:\\OpenServer\\d...')
#2 G:\OpenServer\domains\vietthuong.com.va\vendor\codeigniter4\framework\system\Common.php(1119): CodeIgniter\View\View->render('frontend/homepa...', Array, true)
#3 G:\OpenServer\domains\vietthuong.com.va\app\Views\frontend\article\article\index.php(105): view('frontend/homepa...')
#4 G:\OpenServer\domains\vietthuong.com.va\vendor\codeigniter4\framework\system\View\View.php(246): include('G:\\OpenServer\\d...')
#5 G:\OpenServer\domains\vietthuong.com.va\vendor\codeigniter4\framework\system\Common.php(1119): CodeIgniter\View\View->render('frontend/articl...', Array, true)
#6 G:\OpenServer\domains\vietthuong.com.va\app\Views\frontend\homepage\layout\home.php(70): view('frontend/articl...')
#7 G:\OpenServer\domains\vietthuong.com.va\vendor\codeigniter4\framework\system\View\View.php(246): include('G:\\OpenServer\\d...')
#8 G:\OpenServer\domains\vietthuong.com.va\vendor\codeigniter4\framework\system\Common.php(1119): CodeIgniter\View\View->render('frontend/homepa...', Array, true)
#9 G:\OpenServer\domains\vietthuong.com.va\app\Controllers\Frontend\Article\Article.php(236): view('frontend/homepa...', Array)
#10 G:\OpenServer\domains\vietthuong.com.va\vendor\codeigniter4\framework\system\View\Cell.php(180): App\Controllers\Frontend\Article\Article->index(8, '1')
#11 G:\OpenServer\domains\vietthuong.com.va\vendor\codeigniter4\framework\system\Common.php(1140): CodeIgniter\View\Cell->render('\\App\\Controller...', 'id=8, page=1', 0, 'AppControllersF...')
#12 G:\OpenServer\domains\vietthuong.com.va\app\Controllers\Frontend\Homepage\Router.php(59): view_cell('\\App\\Controller...', 'id=8, page=1')
#13 G:\OpenServer\domains\vietthuong.com.va\vendor\codeigniter4\framework\system\CodeIgniter.php(918): App\Controllers\Frontend\Homepage\Router->index('thong-bao-doi-t...')
#14 G:\OpenServer\domains\vietthuong.com.va\vendor\codeigniter4\framework\system\CodeIgniter.php(404): CodeIgniter\CodeIgniter->runController(Object(App\Controllers\Frontend\Homepage\Router))
#15 G:\OpenServer\domains\vietthuong.com.va\vendor\codeigniter4\framework\system\CodeIgniter.php(312): CodeIgniter\CodeIgniter->handleRequest(NULL, Object(Config\Cache), false)
#16 G:\OpenServer\domains\vietthuong.com.va\index.php(48): CodeIgniter\CodeIgniter->run()
#17 {main}
CRITICAL - 2021-10-02 09:00:34 --> syntax error, unexpected '}', expecting end of file
#0 G:\OpenServer\domains\vietthuong.com.va\vendor\codeigniter4\framework\system\Common.php(1119): CodeIgniter\View\View->render('frontend/articl...', Array, true)
#1 G:\OpenServer\domains\vietthuong.com.va\app\Views\frontend\homepage\layout\home.php(70): view('frontend/articl...')
#2 G:\OpenServer\domains\vietthuong.com.va\vendor\codeigniter4\framework\system\View\View.php(246): include('G:\\OpenServer\\d...')
#3 G:\OpenServer\domains\vietthuong.com.va\vendor\codeigniter4\framework\system\Common.php(1119): CodeIgniter\View\View->render('frontend/homepa...', Array, true)
#4 G:\OpenServer\domains\vietthuong.com.va\app\Controllers\Frontend\Article\Catalogue.php(176): view('frontend/homepa...', Array)
#5 G:\OpenServer\domains\vietthuong.com.va\vendor\codeigniter4\framework\system\View\Cell.php(180): App\Controllers\Frontend\Article\Catalogue->index(4, 0)
#6 G:\OpenServer\domains\vietthuong.com.va\vendor\codeigniter4\framework\system\Common.php(1140): CodeIgniter\View\Cell->render('\\App\\Controller...', 'id=4, page=1', 0, 'AppControllersF...')
#7 G:\OpenServer\domains\vietthuong.com.va\app\Controllers\Frontend\Homepage\Router.php(59): view_cell('\\App\\Controller...', 'id=4, page=1')
#8 G:\OpenServer\domains\vietthuong.com.va\vendor\codeigniter4\framework\system\CodeIgniter.php(918): App\Controllers\Frontend\Homepage\Router->index('tin-tuc')
#9 G:\OpenServer\domains\vietthuong.com.va\vendor\codeigniter4\framework\system\CodeIgniter.php(404): CodeIgniter\CodeIgniter->runController(Object(App\Controllers\Frontend\Homepage\Router))
#10 G:\OpenServer\domains\vietthuong.com.va\vendor\codeigniter4\framework\system\CodeIgniter.php(312): CodeIgniter\CodeIgniter->handleRequest(NULL, Object(Config\Cache), false)
#11 G:\OpenServer\domains\vietthuong.com.va\index.php(48): CodeIgniter\CodeIgniter->run()
#12 {main}
CRITICAL - 2021-10-02 09:47:33 --> Undefined variable: video
#0 G:\OpenServer\domains\vietthuong.com.va\app\Views\frontend\homepage\common\news.php(61): CodeIgniter\Debug\Exceptions->errorHandler(8, 'Undefined varia...', 'G:\\OpenServer\\d...', 61, Array)
#1 G:\OpenServer\domains\vietthuong.com.va\vendor\codeigniter4\framework\system\View\View.php(246): include('G:\\OpenServer\\d...')
#2 G:\OpenServer\domains\vietthuong.com.va\vendor\codeigniter4\framework\system\Common.php(1119): CodeIgniter\View\View->render('frontend/homepa...', Array, true)
#3 G:\OpenServer\domains\vietthuong.com.va\app\Views\frontend\article\article\index.php(105): view('frontend/homepa...')
#4 G:\OpenServer\domains\vietthuong.com.va\vendor\codeigniter4\framework\system\View\View.php(246): include('G:\\OpenServer\\d...')
#5 G:\OpenServer\domains\vietthuong.com.va\vendor\codeigniter4\framework\system\Common.php(1119): CodeIgniter\View\View->render('frontend/articl...', Array, true)
#6 G:\OpenServer\domains\vietthuong.com.va\app\Views\frontend\homepage\layout\home.php(70): view('frontend/articl...')
#7 G:\OpenServer\domains\vietthuong.com.va\vendor\codeigniter4\framework\system\View\View.php(246): include('G:\\OpenServer\\d...')
#8 G:\OpenServer\domains\vietthuong.com.va\vendor\codeigniter4\framework\system\Common.php(1119): CodeIgniter\View\View->render('frontend/homepa...', Array, true)
#9 G:\OpenServer\domains\vietthuong.com.va\app\Controllers\Frontend\Article\Article.php(236): view('frontend/homepa...', Array)
#10 G:\OpenServer\domains\vietthuong.com.va\vendor\codeigniter4\framework\system\View\Cell.php(180): App\Controllers\Frontend\Article\Article->index(8, '1')
#11 G:\OpenServer\domains\vietthuong.com.va\vendor\codeigniter4\framework\system\Common.php(1140): CodeIgniter\View\Cell->render('\\App\\Controller...', 'id=8, page=1', 0, 'AppControllersF...')
#12 G:\OpenServer\domains\vietthuong.com.va\app\Controllers\Frontend\Homepage\Router.php(59): view_cell('\\App\\Controller...', 'id=8, page=1')
#13 G:\OpenServer\domains\vietthuong.com.va\vendor\codeigniter4\framework\system\CodeIgniter.php(918): App\Controllers\Frontend\Homepage\Router->index('thong-bao-doi-t...')
#14 G:\OpenServer\domains\vietthuong.com.va\vendor\codeigniter4\framework\system\CodeIgniter.php(404): CodeIgniter\CodeIgniter->runController(Object(App\Controllers\Frontend\Homepage\Router))
#15 G:\OpenServer\domains\vietthuong.com.va\vendor\codeigniter4\framework\system\CodeIgniter.php(312): CodeIgniter\CodeIgniter->handleRequest(NULL, Object(Config\Cache), false)
#16 G:\OpenServer\domains\vietthuong.com.va\index.php(48): CodeIgniter\CodeIgniter->run()
#17 {main}
CRITICAL - 2021-10-02 09:49:33 --> Invalid file: {0}
#0 G:\OpenServer\domains\vietthuong.com.va\vendor\codeigniter4\framework\system\View\View.php(228): CodeIgniter\Exceptions\FrameworkException::forInvalidFile('frontend/articl...')
#1 G:\OpenServer\domains\vietthuong.com.va\vendor\codeigniter4\framework\system\Common.php(1119): CodeIgniter\View\View->render('frontend/articl...', Array, true)
#2 G:\OpenServer\domains\vietthuong.com.va\app\Views\frontend\homepage\layout\home.php(70): view('frontend/articl...')
#3 G:\OpenServer\domains\vietthuong.com.va\vendor\codeigniter4\framework\system\View\View.php(246): include('G:\\OpenServer\\d...')
#4 G:\OpenServer\domains\vietthuong.com.va\vendor\codeigniter4\framework\system\Common.php(1119): CodeIgniter\View\View->render('frontend/homepa...', Array, true)
#5 G:\OpenServer\domains\vietthuong.com.va\app\Controllers\Frontend\Article\Article.php(236): view('frontend/homepa...', Array)
#6 G:\OpenServer\domains\vietthuong.com.va\vendor\codeigniter4\framework\system\View\Cell.php(180): App\Controllers\Frontend\Article\Article->index(3, '1')
#7 G:\OpenServer\domains\vietthuong.com.va\vendor\codeigniter4\framework\system\Common.php(1140): CodeIgniter\View\Cell->render('\\App\\Controller...', 'id=3, page=1', 0, 'AppControllersF...')
#8 G:\OpenServer\domains\vietthuong.com.va\app\Controllers\Frontend\Homepage\Router.php(59): view_cell('\\App\\Controller...', 'id=3, page=1')
#9 G:\OpenServer\domains\vietthuong.com.va\vendor\codeigniter4\framework\system\CodeIgniter.php(918): App\Controllers\Frontend\Homepage\Router->index('khoa-hoc-guitar')
#10 G:\OpenServer\domains\vietthuong.com.va\vendor\codeigniter4\framework\system\CodeIgniter.php(404): CodeIgniter\CodeIgniter->runController(Object(App\Controllers\Frontend\Homepage\Router))
#11 G:\OpenServer\domains\vietthuong.com.va\vendor\codeigniter4\framework\system\CodeIgniter.php(312): CodeIgniter\CodeIgniter->handleRequest(NULL, Object(Config\Cache), false)
#12 G:\OpenServer\domains\vietthuong.com.va\index.php(48): CodeIgniter\CodeIgniter->run()
#13 {main}
CRITICAL - 2021-10-02 10:48:28 --> Undefined variable: video
#0 G:\OpenServer\domains\vietthuong.com.va\app\Views\frontend\homepage\common\news.php(61): CodeIgniter\Debug\Exceptions->errorHandler(8, 'Undefined varia...', 'G:\\OpenServer\\d...', 61, Array)
#1 G:\OpenServer\domains\vietthuong.com.va\vendor\codeigniter4\framework\system\View\View.php(246): include('G:\\OpenServer\\d...')
#2 G:\OpenServer\domains\vietthuong.com.va\vendor\codeigniter4\framework\system\Common.php(1119): CodeIgniter\View\View->render('frontend/homepa...', Array, true)
#3 G:\OpenServer\domains\vietthuong.com.va\app\Views\frontend\article\article\index.php(105): view('frontend/homepa...')
#4 G:\OpenServer\domains\vietthuong.com.va\vendor\codeigniter4\framework\system\View\View.php(246): include('G:\\OpenServer\\d...')
#5 G:\OpenServer\domains\vietthuong.com.va\vendor\codeigniter4\framework\system\Common.php(1119): CodeIgniter\View\View->render('frontend/articl...', Array, true)
#6 G:\OpenServer\domains\vietthuong.com.va\app\Views\frontend\homepage\layout\home.php(70): view('frontend/articl...')
#7 G:\OpenServer\domains\vietthuong.com.va\vendor\codeigniter4\framework\system\View\View.php(246): include('G:\\OpenServer\\d...')
#8 G:\OpenServer\domains\vietthuong.com.va\vendor\codeigniter4\framework\system\Common.php(1119): CodeIgniter\View\View->render('frontend/homepa...', Array, true)
#9 G:\OpenServer\domains\vietthuong.com.va\app\Controllers\Frontend\Article\Article.php(236): view('frontend/homepa...', Array)
#10 G:\OpenServer\domains\vietthuong.com.va\vendor\codeigniter4\framework\system\View\Cell.php(180): App\Controllers\Frontend\Article\Article->index(8, '1')
#11 G:\OpenServer\domains\vietthuong.com.va\vendor\codeigniter4\framework\system\Common.php(1140): CodeIgniter\View\Cell->render('\\App\\Controller...', 'id=8, page=1', 0, 'AppControllersF...')
#12 G:\OpenServer\domains\vietthuong.com.va\app\Controllers\Frontend\Homepage\Router.php(59): view_cell('\\App\\Controller...', 'id=8, page=1')
#13 G:\OpenServer\domains\vietthuong.com.va\vendor\codeigniter4\framework\system\CodeIgniter.php(918): App\Controllers\Frontend\Homepage\Router->index('thong-bao-doi-t...')
#14 G:\OpenServer\domains\vietthuong.com.va\vendor\codeigniter4\framework\system\CodeIgniter.php(404): CodeIgniter\CodeIgniter->runController(Object(App\Controllers\Frontend\Homepage\Router))
#15 G:\OpenServer\domains\vietthuong.com.va\vendor\codeigniter4\framework\system\CodeIgniter.php(312): CodeIgniter\CodeIgniter->handleRequest(NULL, Object(Config\Cache), false)
#16 G:\OpenServer\domains\vietthuong.com.va\index.php(48): CodeIgniter\CodeIgniter->run()
#17 {main}
