CRITICAL - 2022-03-15 08:57:47 --> Unable to locate view cell class: \App\Controllers\Frontend\Search\Search.
#0 W:\domains\thuduc.com.va\vendor\codeigniter4\framework\system\View\Cell.php(268): CodeIgniter\View\Exceptions\ViewException::forInvalidCellClass('\\App\\Controller...')
#1 W:\domains\thuduc.com.va\vendor\codeigniter4\framework\system\View\Cell.php(110): CodeIgniter\View\Cell->determineClass('\\App\\Controller...')
#2 W:\domains\thuduc.com.va\vendor\codeigniter4\framework\system\Common.php(1140): CodeIgniter\View\Cell->render('\\App\\Controller...', 'page=0, module=', 0, NULL)
#3 W:\domains\thuduc.com.va\app\Controllers\Frontend\Homepage\Router.php(41): view_cell('\\App\\Controller...', 'page=0, module=')
#4 W:\domains\thuduc.com.va\vendor\codeigniter4\framework\system\CodeIgniter.php(918): App\Controllers\Frontend\Homepage\Router->search(0)
#5 W:\domains\thuduc.com.va\vendor\codeigniter4\framework\system\CodeIgniter.php(404): CodeIgniter\CodeIgniter->runController(Object(App\Controllers\Frontend\Homepage\Router))
#6 W:\domains\thuduc.com.va\vendor\codeigniter4\framework\system\CodeIgniter.php(312): CodeIgniter\CodeIgniter->handleRequest(NULL, Object(Config\Cache), false)
#7 W:\domains\thuduc.com.va\index.php(48): CodeIgniter\CodeIgniter->run()
#8 {main}
CRITICAL - 2022-03-15 08:59:56 --> Cannot use isset() on the result of an expression (you can use "null !== expression" instead)
#0 [internal function]: CodeIgniter\Debug\Exceptions->shutdownHandler()
#1 {main}
CRITICAL - 2022-03-15 09:09:27 --> syntax error, unexpected '}'
#0 W:\domains\thuduc.com.va\vendor\codeigniter4\framework\system\Autoloader\Autoloader.php(296): CodeIgniter\Autoloader\Autoloader->requireFile('W:\\domains\\thud...')
#1 W:\domains\thuduc.com.va\vendor\codeigniter4\framework\system\Autoloader\Autoloader.php(258): CodeIgniter\Autoloader\Autoloader->loadInNamespace('App\\Controllers...')
#2 [internal function]: CodeIgniter\Autoloader\Autoloader->loadClass('App\\Controllers...')
#3 [internal function]: spl_autoload_call('App\\Controllers...')
#4 W:\domains\thuduc.com.va\vendor\codeigniter4\framework\system\View\Cell.php(266): class_exists('\\App\\Controller...', true)
#5 W:\domains\thuduc.com.va\vendor\codeigniter4\framework\system\View\Cell.php(110): CodeIgniter\View\Cell->determineClass('\\App\\Controller...')
#6 W:\domains\thuduc.com.va\vendor\codeigniter4\framework\system\Common.php(1140): CodeIgniter\View\Cell->render('\\App\\Controller...', 'page=0, module=', 0, NULL)
#7 W:\domains\thuduc.com.va\app\Controllers\Frontend\Homepage\Router.php(41): view_cell('\\App\\Controller...', 'page=0, module=')
#8 W:\domains\thuduc.com.va\vendor\codeigniter4\framework\system\CodeIgniter.php(918): App\Controllers\Frontend\Homepage\Router->search(0)
#9 W:\domains\thuduc.com.va\vendor\codeigniter4\framework\system\CodeIgniter.php(404): CodeIgniter\CodeIgniter->runController(Object(App\Controllers\Frontend\Homepage\Router))
#10 W:\domains\thuduc.com.va\vendor\codeigniter4\framework\system\CodeIgniter.php(312): CodeIgniter\CodeIgniter->handleRequest(NULL, Object(Config\Cache), false)
#11 W:\domains\thuduc.com.va\index.php(48): CodeIgniter\CodeIgniter->run()
#12 {main}
CRITICAL - 2022-03-15 09:16:10 --> Undefined variable: param
#0 W:\domains\thuduc.com.va\app\Controllers\Frontend\Search\Search.php(216): CodeIgniter\Debug\Exceptions->errorHandler(8, 'Undefined varia...', 'W:\\domains\\thud...', 216, Array)
#1 W:\domains\thuduc.com.va\app\Controllers\Frontend\Search\Search.php(22): App\Controllers\Frontend\Search\Search->search_product(1, '')
#2 W:\domains\thuduc.com.va\vendor\codeigniter4\framework\system\View\Cell.php(180): App\Controllers\Frontend\Search\Search->index('0', '')
#3 W:\domains\thuduc.com.va\vendor\codeigniter4\framework\system\Common.php(1140): CodeIgniter\View\Cell->render('\\App\\Controller...', 'page=0, module=', 0, 'AppControllersF...')
#4 W:\domains\thuduc.com.va\app\Controllers\Frontend\Homepage\Router.php(41): view_cell('\\App\\Controller...', 'page=0, module=')
#5 W:\domains\thuduc.com.va\vendor\codeigniter4\framework\system\CodeIgniter.php(918): App\Controllers\Frontend\Homepage\Router->search(0)
#6 W:\domains\thuduc.com.va\vendor\codeigniter4\framework\system\CodeIgniter.php(404): CodeIgniter\CodeIgniter->runController(Object(App\Controllers\Frontend\Homepage\Router))
#7 W:\domains\thuduc.com.va\vendor\codeigniter4\framework\system\CodeIgniter.php(312): CodeIgniter\CodeIgniter->handleRequest(NULL, Object(Config\Cache), false)
#8 W:\domains\thuduc.com.va\index.php(48): CodeIgniter\CodeIgniter->run()
#9 {main}
CRITICAL - 2022-03-15 09:16:23 --> Undefined variable: param
#0 W:\domains\thuduc.com.va\app\Controllers\Frontend\Search\Search.php(303): CodeIgniter\Debug\Exceptions->errorHandler(8, 'Undefined varia...', 'W:\\domains\\thud...', 303, Array)
#1 W:\domains\thuduc.com.va\app\Controllers\Frontend\Search\Search.php(216): App\Controllers\Frontend\Search\Search->create_query()
#2 W:\domains\thuduc.com.va\app\Controllers\Frontend\Search\Search.php(22): App\Controllers\Frontend\Search\Search->search_product(1, '')
#3 W:\domains\thuduc.com.va\vendor\codeigniter4\framework\system\View\Cell.php(180): App\Controllers\Frontend\Search\Search->index('0', '')
#4 W:\domains\thuduc.com.va\vendor\codeigniter4\framework\system\Common.php(1140): CodeIgniter\View\Cell->render('\\App\\Controller...', 'page=0, module=', 0, 'AppControllersF...')
#5 W:\domains\thuduc.com.va\app\Controllers\Frontend\Homepage\Router.php(41): view_cell('\\App\\Controller...', 'page=0, module=')
#6 W:\domains\thuduc.com.va\vendor\codeigniter4\framework\system\CodeIgniter.php(918): App\Controllers\Frontend\Homepage\Router->search(0)
#7 W:\domains\thuduc.com.va\vendor\codeigniter4\framework\system\CodeIgniter.php(404): CodeIgniter\CodeIgniter->runController(Object(App\Controllers\Frontend\Homepage\Router))
#8 W:\domains\thuduc.com.va\vendor\codeigniter4\framework\system\CodeIgniter.php(312): CodeIgniter\CodeIgniter->handleRequest(NULL, Object(Config\Cache), false)
#9 W:\domains\thuduc.com.va\index.php(48): CodeIgniter\CodeIgniter->run()
#10 {main}
CRITICAL - 2022-03-15 09:16:32 --> Illegal string offset 'brand'
#0 W:\domains\thuduc.com.va\app\Controllers\Frontend\Search\Search.php(329): CodeIgniter\Debug\Exceptions->errorHandler(2, 'Illegal string ...', 'W:\\domains\\thud...', 329, Array)
#1 W:\domains\thuduc.com.va\app\Controllers\Frontend\Search\Search.php(303): App\Controllers\Frontend\Search\Search->find_by_huong('\xC4\x90\xC3\xB4ng,T\xC3\xA2y,\xC4\x90\xC3...')
#2 W:\domains\thuduc.com.va\app\Controllers\Frontend\Search\Search.php(216): App\Controllers\Frontend\Search\Search->create_query()
#3 W:\domains\thuduc.com.va\app\Controllers\Frontend\Search\Search.php(22): App\Controllers\Frontend\Search\Search->search_product(1, '')
#4 W:\domains\thuduc.com.va\vendor\codeigniter4\framework\system\View\Cell.php(180): App\Controllers\Frontend\Search\Search->index('0', '')
#5 W:\domains\thuduc.com.va\vendor\codeigniter4\framework\system\Common.php(1140): CodeIgniter\View\Cell->render('\\App\\Controller...', 'page=0, module=', 0, 'AppControllersF...')
#6 W:\domains\thuduc.com.va\app\Controllers\Frontend\Homepage\Router.php(41): view_cell('\\App\\Controller...', 'page=0, module=')
#7 W:\domains\thuduc.com.va\vendor\codeigniter4\framework\system\CodeIgniter.php(918): App\Controllers\Frontend\Homepage\Router->search(0)
#8 W:\domains\thuduc.com.va\vendor\codeigniter4\framework\system\CodeIgniter.php(404): CodeIgniter\CodeIgniter->runController(Object(App\Controllers\Frontend\Homepage\Router))
#9 W:\domains\thuduc.com.va\vendor\codeigniter4\framework\system\CodeIgniter.php(312): CodeIgniter\CodeIgniter->handleRequest(NULL, Object(Config\Cache), false)
#10 W:\domains\thuduc.com.va\index.php(48): CodeIgniter\CodeIgniter->run()
#11 {main}
CRITICAL - 2022-03-15 09:16:43 --> Invalid argument supplied for foreach()
#0 W:\domains\thuduc.com.va\app\Controllers\Frontend\Search\Search.php(329): CodeIgniter\Debug\Exceptions->errorHandler(2, 'Invalid argumen...', 'W:\\domains\\thud...', 329, Array)
#1 W:\domains\thuduc.com.va\app\Controllers\Frontend\Search\Search.php(303): App\Controllers\Frontend\Search\Search->find_by_huong('\xC4\x90\xC3\xB4ng,T\xC3\xA2y,\xC4\x90\xC3...')
#2 W:\domains\thuduc.com.va\app\Controllers\Frontend\Search\Search.php(216): App\Controllers\Frontend\Search\Search->create_query()
#3 W:\domains\thuduc.com.va\app\Controllers\Frontend\Search\Search.php(22): App\Controllers\Frontend\Search\Search->search_product(1, '')
#4 W:\domains\thuduc.com.va\vendor\codeigniter4\framework\system\View\Cell.php(180): App\Controllers\Frontend\Search\Search->index('0', '')
#5 W:\domains\thuduc.com.va\vendor\codeigniter4\framework\system\Common.php(1140): CodeIgniter\View\Cell->render('\\App\\Controller...', 'page=0, module=', 0, 'AppControllersF...')
#6 W:\domains\thuduc.com.va\app\Controllers\Frontend\Homepage\Router.php(41): view_cell('\\App\\Controller...', 'page=0, module=')
#7 W:\domains\thuduc.com.va\vendor\codeigniter4\framework\system\CodeIgniter.php(918): App\Controllers\Frontend\Homepage\Router->search(0)
#8 W:\domains\thuduc.com.va\vendor\codeigniter4\framework\system\CodeIgniter.php(404): CodeIgniter\CodeIgniter->runController(Object(App\Controllers\Frontend\Homepage\Router))
#9 W:\domains\thuduc.com.va\vendor\codeigniter4\framework\system\CodeIgniter.php(312): CodeIgniter\CodeIgniter->handleRequest(NULL, Object(Config\Cache), false)
#10 W:\domains\thuduc.com.va\index.php(48): CodeIgniter\CodeIgniter->run()
#11 {main}
CRITICAL - 2022-03-15 09:52:27 --> Undefined variable: number
#0 W:\domains\thuduc.com.va\app\Helpers\mydatafrontend_helper.php(801): CodeIgniter\Debug\Exceptions->errorHandler(8, 'Undefined varia...', 'W:\\domains\\thud...', 801, Array)
#1 W:\domains\thuduc.com.va\vendor\codeigniter4\framework\system\Common.php(626): include_once('W:\\domains\\thud...')
#2 W:\domains\thuduc.com.va\vendor\codeigniter4\framework\system\Controller.php(175): helper(Array)
#3 W:\domains\thuduc.com.va\vendor\codeigniter4\framework\system\Controller.php(126): CodeIgniter\Controller->loadHelpers()
#4 W:\domains\thuduc.com.va\app\Controllers\FrontendController.php(20): CodeIgniter\Controller->initController(Object(CodeIgniter\HTTP\IncomingRequest), Object(CodeIgniter\HTTP\Response), Object(CodeIgniter\Log\Logger))
#5 W:\domains\thuduc.com.va\vendor\codeigniter4\framework\system\CodeIgniter.php(891): App\Controllers\FrontendController->initController(Object(CodeIgniter\HTTP\IncomingRequest), Object(CodeIgniter\HTTP\Response), Object(CodeIgniter\Log\Logger))
#6 W:\domains\thuduc.com.va\vendor\codeigniter4\framework\system\CodeIgniter.php(399): CodeIgniter\CodeIgniter->createController()
#7 W:\domains\thuduc.com.va\vendor\codeigniter4\framework\system\CodeIgniter.php(312): CodeIgniter\CodeIgniter->handleRequest(NULL, Object(Config\Cache), false)
#8 W:\domains\thuduc.com.va\index.php(48): CodeIgniter\CodeIgniter->run()
#9 {main}
CRITICAL - 2022-03-15 09:53:04 --> Undefined variable: number
#0 W:\domains\thuduc.com.va\app\Helpers\mydatafrontend_helper.php(801): CodeIgniter\Debug\Exceptions->errorHandler(8, 'Undefined varia...', 'W:\\domains\\thud...', 801, Array)
#1 W:\domains\thuduc.com.va\vendor\codeigniter4\framework\system\Common.php(626): include_once('W:\\domains\\thud...')
#2 W:\domains\thuduc.com.va\vendor\codeigniter4\framework\system\Controller.php(175): helper(Array)
#3 W:\domains\thuduc.com.va\vendor\codeigniter4\framework\system\Controller.php(126): CodeIgniter\Controller->loadHelpers()
#4 W:\domains\thuduc.com.va\app\Controllers\FrontendController.php(20): CodeIgniter\Controller->initController(Object(CodeIgniter\HTTP\IncomingRequest), Object(CodeIgniter\HTTP\Response), Object(CodeIgniter\Log\Logger))
#5 W:\domains\thuduc.com.va\vendor\codeigniter4\framework\system\CodeIgniter.php(891): App\Controllers\FrontendController->initController(Object(CodeIgniter\HTTP\IncomingRequest), Object(CodeIgniter\HTTP\Response), Object(CodeIgniter\Log\Logger))
#6 W:\domains\thuduc.com.va\vendor\codeigniter4\framework\system\CodeIgniter.php(399): CodeIgniter\CodeIgniter->createController()
#7 W:\domains\thuduc.com.va\vendor\codeigniter4\framework\system\CodeIgniter.php(312): CodeIgniter\CodeIgniter->handleRequest(NULL, Object(Config\Cache), false)
#8 W:\domains\thuduc.com.va\index.php(48): CodeIgniter\CodeIgniter->run()
#9 {main}
CRITICAL - 2022-03-15 09:53:44 --> Undefined index: price
#0 W:\domains\thuduc.com.va\app\Views\frontend\homepage\home\index.php(121): CodeIgniter\Debug\Exceptions->errorHandler(8, 'Undefined index...', 'W:\\domains\\thud...', 121, Array)
#1 W:\domains\thuduc.com.va\vendor\codeigniter4\framework\system\View\View.php(246): include('W:\\domains\\thud...')
#2 W:\domains\thuduc.com.va\vendor\codeigniter4\framework\system\Common.php(1119): CodeIgniter\View\View->render('frontend/homepa...', Array, true)
#3 W:\domains\thuduc.com.va\app\Views\frontend\homepage\layout\home.php(71): view('frontend/homepa...')
#4 W:\domains\thuduc.com.va\vendor\codeigniter4\framework\system\View\View.php(246): include('W:\\domains\\thud...')
#5 W:\domains\thuduc.com.va\vendor\codeigniter4\framework\system\Common.php(1119): CodeIgniter\View\View->render('frontend/homepa...', Array, true)
#6 W:\domains\thuduc.com.va\app\Controllers\Frontend\Homepage\Home.php(42): view('frontend/homepa...', Array)
#7 W:\domains\thuduc.com.va\vendor\codeigniter4\framework\system\CodeIgniter.php(918): App\Controllers\Frontend\Homepage\Home->index()
#8 W:\domains\thuduc.com.va\vendor\codeigniter4\framework\system\CodeIgniter.php(404): CodeIgniter\CodeIgniter->runController(Object(App\Controllers\Frontend\Homepage\Home))
#9 W:\domains\thuduc.com.va\vendor\codeigniter4\framework\system\CodeIgniter.php(312): CodeIgniter\CodeIgniter->handleRequest(NULL, Object(Config\Cache), false)
#10 W:\domains\thuduc.com.va\index.php(48): CodeIgniter\CodeIgniter->run()
#11 {main}
CRITICAL - 2022-03-15 09:53:53 --> Undefined index: price
#0 W:\domains\thuduc.com.va\app\Views\frontend\homepage\home\index.php(121): CodeIgniter\Debug\Exceptions->errorHandler(8, 'Undefined index...', 'W:\\domains\\thud...', 121, Array)
#1 W:\domains\thuduc.com.va\vendor\codeigniter4\framework\system\View\View.php(246): include('W:\\domains\\thud...')
#2 W:\domains\thuduc.com.va\vendor\codeigniter4\framework\system\Common.php(1119): CodeIgniter\View\View->render('frontend/homepa...', Array, true)
#3 W:\domains\thuduc.com.va\app\Views\frontend\homepage\layout\home.php(71): view('frontend/homepa...')
#4 W:\domains\thuduc.com.va\vendor\codeigniter4\framework\system\View\View.php(246): include('W:\\domains\\thud...')
#5 W:\domains\thuduc.com.va\vendor\codeigniter4\framework\system\Common.php(1119): CodeIgniter\View\View->render('frontend/homepa...', Array, true)
#6 W:\domains\thuduc.com.va\app\Controllers\Frontend\Homepage\Home.php(42): view('frontend/homepa...', Array)
#7 W:\domains\thuduc.com.va\vendor\codeigniter4\framework\system\CodeIgniter.php(918): App\Controllers\Frontend\Homepage\Home->index()
#8 W:\domains\thuduc.com.va\vendor\codeigniter4\framework\system\CodeIgniter.php(404): CodeIgniter\CodeIgniter->runController(Object(App\Controllers\Frontend\Homepage\Home))
#9 W:\domains\thuduc.com.va\vendor\codeigniter4\framework\system\CodeIgniter.php(312): CodeIgniter\CodeIgniter->handleRequest(NULL, Object(Config\Cache), false)
#10 W:\domains\thuduc.com.va\index.php(48): CodeIgniter\CodeIgniter->run()
#11 {main}
CRITICAL - 2022-03-15 11:19:56 --> Cannot redeclare App\Controllers\Ajax\Frontend\Action::contact_phone()
#0 [internal function]: CodeIgniter\Debug\Exceptions->shutdownHandler()
#1 {main}
CRITICAL - 2022-03-15 11:20:33 --> Column 'fullname' cannot be null
#0 W:\domains\thuduc.com.va\vendor\codeigniter4\framework\system\Database\MySQLi\Connection.php(331): mysqli->query('INSERT INTO `co...')
#1 W:\domains\thuduc.com.va\vendor\codeigniter4\framework\system\Database\BaseConnection.php(741): CodeIgniter\Database\MySQLi\Connection->execute('INSERT INTO `co...')
#2 W:\domains\thuduc.com.va\vendor\codeigniter4\framework\system\Database\BaseConnection.php(669): CodeIgniter\Database\BaseConnection->simpleQuery('INSERT INTO `co...')
#3 W:\domains\thuduc.com.va\vendor\codeigniter4\framework\system\Database\BaseBuilder.php(2249): CodeIgniter\Database\BaseConnection->query('INSERT INTO `co...', Array, false)
#4 W:\domains\thuduc.com.va\app\Models\AutoloadModel.php(90): CodeIgniter\Database\BaseBuilder->insert(Array)
#5 W:\domains\thuduc.com.va\app\Controllers\Ajax\Frontend\Action.php(205): App\Models\AutoloadModel->_insert(Array)
#6 W:\domains\thuduc.com.va\vendor\codeigniter4\framework\system\CodeIgniter.php(918): App\Controllers\Ajax\Frontend\Action->contact_phone()
#7 W:\domains\thuduc.com.va\vendor\codeigniter4\framework\system\CodeIgniter.php(404): CodeIgniter\CodeIgniter->runController(Object(App\Controllers\Ajax\Frontend\Action))
#8 W:\domains\thuduc.com.va\vendor\codeigniter4\framework\system\CodeIgniter.php(312): CodeIgniter\CodeIgniter->handleRequest(NULL, Object(Config\Cache), false)
#9 W:\domains\thuduc.com.va\index.php(48): CodeIgniter\CodeIgniter->run()
#10 {main}
CRITICAL - 2022-03-15 11:21:54 --> Undefined index: another_help
#0 W:\domains\thuduc.com.va\app\Views\frontend\contact\contact\index.php(9): CodeIgniter\Debug\Exceptions->errorHandler(8, 'Undefined index...', 'W:\\domains\\thud...', 9, Array)
#1 W:\domains\thuduc.com.va\vendor\codeigniter4\framework\system\View\View.php(246): include('W:\\domains\\thud...')
#2 W:\domains\thuduc.com.va\vendor\codeigniter4\framework\system\Common.php(1119): CodeIgniter\View\View->render('frontend/contac...', Array, true)
#3 W:\domains\thuduc.com.va\app\Views\frontend\homepage\layout\home.php(71): view('frontend/contac...')
#4 W:\domains\thuduc.com.va\vendor\codeigniter4\framework\system\View\View.php(246): include('W:\\domains\\thud...')
#5 W:\domains\thuduc.com.va\vendor\codeigniter4\framework\system\Common.php(1119): CodeIgniter\View\View->render('frontend/homepa...', Array, true)
#6 W:\domains\thuduc.com.va\app\Controllers\Frontend\Contact\Contact.php(116): view('frontend/homepa...', Array)
#7 W:\domains\thuduc.com.va\vendor\codeigniter4\framework\system\CodeIgniter.php(918): App\Controllers\Frontend\Contact\Contact->index()
#8 W:\domains\thuduc.com.va\vendor\codeigniter4\framework\system\CodeIgniter.php(404): CodeIgniter\CodeIgniter->runController(Object(App\Controllers\Frontend\Contact\Contact))
#9 W:\domains\thuduc.com.va\vendor\codeigniter4\framework\system\CodeIgniter.php(312): CodeIgniter\CodeIgniter->handleRequest(NULL, Object(Config\Cache), false)
#10 W:\domains\thuduc.com.va\index.php(48): CodeIgniter\CodeIgniter->run()
#11 {main}
CRITICAL - 2022-03-15 11:34:21 --> Undefined variable: object
#0 W:\domains\thuduc.com.va\app\Views\frontend\contact\contact\index.php(26): CodeIgniter\Debug\Exceptions->errorHandler(8, 'Undefined varia...', 'W:\\domains\\thud...', 26, Array)
#1 W:\domains\thuduc.com.va\vendor\codeigniter4\framework\system\View\View.php(246): include('W:\\domains\\thud...')
#2 W:\domains\thuduc.com.va\vendor\codeigniter4\framework\system\Common.php(1119): CodeIgniter\View\View->render('frontend/contac...', Array, true)
#3 W:\domains\thuduc.com.va\app\Views\frontend\homepage\layout\home.php(71): view('frontend/contac...')
#4 W:\domains\thuduc.com.va\vendor\codeigniter4\framework\system\View\View.php(246): include('W:\\domains\\thud...')
#5 W:\domains\thuduc.com.va\vendor\codeigniter4\framework\system\Common.php(1119): CodeIgniter\View\View->render('frontend/homepa...', Array, true)
#6 W:\domains\thuduc.com.va\app\Controllers\Frontend\Contact\Contact.php(116): view('frontend/homepa...', Array)
#7 W:\domains\thuduc.com.va\vendor\codeigniter4\framework\system\CodeIgniter.php(918): App\Controllers\Frontend\Contact\Contact->index()
#8 W:\domains\thuduc.com.va\vendor\codeigniter4\framework\system\CodeIgniter.php(404): CodeIgniter\CodeIgniter->runController(Object(App\Controllers\Frontend\Contact\Contact))
#9 W:\domains\thuduc.com.va\vendor\codeigniter4\framework\system\CodeIgniter.php(312): CodeIgniter\CodeIgniter->handleRequest(NULL, Object(Config\Cache), false)
#10 W:\domains\thuduc.com.va\index.php(48): CodeIgniter\CodeIgniter->run()
#11 {main}
CRITICAL - 2022-03-15 11:34:35 --> Undefined variable: object
#0 W:\domains\thuduc.com.va\app\Views\frontend\contact\contact\index.php(26): CodeIgniter\Debug\Exceptions->errorHandler(8, 'Undefined varia...', 'W:\\domains\\thud...', 26, Array)
#1 W:\domains\thuduc.com.va\vendor\codeigniter4\framework\system\View\View.php(246): include('W:\\domains\\thud...')
#2 W:\domains\thuduc.com.va\vendor\codeigniter4\framework\system\Common.php(1119): CodeIgniter\View\View->render('frontend/contac...', Array, true)
#3 W:\domains\thuduc.com.va\app\Views\frontend\homepage\layout\home.php(71): view('frontend/contac...')
#4 W:\domains\thuduc.com.va\vendor\codeigniter4\framework\system\View\View.php(246): include('W:\\domains\\thud...')
#5 W:\domains\thuduc.com.va\vendor\codeigniter4\framework\system\Common.php(1119): CodeIgniter\View\View->render('frontend/homepa...', Array, true)
#6 W:\domains\thuduc.com.va\app\Controllers\Frontend\Contact\Contact.php(116): view('frontend/homepa...', Array)
#7 W:\domains\thuduc.com.va\vendor\codeigniter4\framework\system\CodeIgniter.php(918): App\Controllers\Frontend\Contact\Contact->index()
#8 W:\domains\thuduc.com.va\vendor\codeigniter4\framework\system\CodeIgniter.php(404): CodeIgniter\CodeIgniter->runController(Object(App\Controllers\Frontend\Contact\Contact))
#9 W:\domains\thuduc.com.va\vendor\codeigniter4\framework\system\CodeIgniter.php(312): CodeIgniter\CodeIgniter->handleRequest(NULL, Object(Config\Cache), false)
#10 W:\domains\thuduc.com.va\index.php(48): CodeIgniter\CodeIgniter->run()
#11 {main}
CRITICAL - 2022-03-15 11:34:43 --> Undefined variable: object
#0 W:\domains\thuduc.com.va\app\Views\frontend\contact\contact\index.php(26): CodeIgniter\Debug\Exceptions->errorHandler(8, 'Undefined varia...', 'W:\\domains\\thud...', 26, Array)
#1 W:\domains\thuduc.com.va\vendor\codeigniter4\framework\system\View\View.php(246): include('W:\\domains\\thud...')
#2 W:\domains\thuduc.com.va\vendor\codeigniter4\framework\system\Common.php(1119): CodeIgniter\View\View->render('frontend/contac...', Array, true)
#3 W:\domains\thuduc.com.va\app\Views\frontend\homepage\layout\home.php(71): view('frontend/contac...')
#4 W:\domains\thuduc.com.va\vendor\codeigniter4\framework\system\View\View.php(246): include('W:\\domains\\thud...')
#5 W:\domains\thuduc.com.va\vendor\codeigniter4\framework\system\Common.php(1119): CodeIgniter\View\View->render('frontend/homepa...', Array, true)
#6 W:\domains\thuduc.com.va\app\Controllers\Frontend\Contact\Contact.php(116): view('frontend/homepa...', Array)
#7 W:\domains\thuduc.com.va\vendor\codeigniter4\framework\system\CodeIgniter.php(918): App\Controllers\Frontend\Contact\Contact->index()
#8 W:\domains\thuduc.com.va\vendor\codeigniter4\framework\system\CodeIgniter.php(404): CodeIgniter\CodeIgniter->runController(Object(App\Controllers\Frontend\Contact\Contact))
#9 W:\domains\thuduc.com.va\vendor\codeigniter4\framework\system\CodeIgniter.php(312): CodeIgniter\CodeIgniter->handleRequest(NULL, Object(Config\Cache), false)
#10 W:\domains\thuduc.com.va\index.php(48): CodeIgniter\CodeIgniter->run()
#11 {main}
