CRITICAL - 2022-03-22 02:51:23 --> Use of undefined constant BRAND - assumed 'BRAND' (this will throw an Error in a future version of PHP)
#0 W:\domains\vipal.com.va\app\Views\frontend\homepage\common\header.php(22): CodeIgniter\Debug\Exceptions->errorHandler(2, 'Use of undefine...', 'W:\\domains\\vipa...', 22, Array)
#1 W:\domains\vipal.com.va\vendor\codeigniter4\framework\system\View\View.php(246): include('W:\\domains\\vipa...')
#2 W:\domains\vipal.com.va\vendor\codeigniter4\framework\system\Common.php(1119): CodeIgniter\View\View->render('frontend/homepa...', Array, true)
#3 W:\domains\vipal.com.va\app\Views\frontend\homepage\layout\home.php(69): view('frontend/homepa...')
#4 W:\domains\vipal.com.va\vendor\codeigniter4\framework\system\View\View.php(246): include('W:\\domains\\vipa...')
#5 W:\domains\vipal.com.va\vendor\codeigniter4\framework\system\Common.php(1119): CodeIgniter\View\View->render('frontend/homepa...', Array, true)
#6 W:\domains\vipal.com.va\app\Controllers\Frontend\Homepage\Home.php(30): view('frontend/homepa...', Array)
#7 W:\domains\vipal.com.va\vendor\codeigniter4\framework\system\CodeIgniter.php(918): App\Controllers\Frontend\Homepage\Home->index()
#8 W:\domains\vipal.com.va\vendor\codeigniter4\framework\system\CodeIgniter.php(404): CodeIgniter\CodeIgniter->runController(Object(App\Controllers\Frontend\Homepage\Home))
#9 W:\domains\vipal.com.va\vendor\codeigniter4\framework\system\CodeIgniter.php(312): CodeIgniter\CodeIgniter->handleRequest(NULL, Object(Config\Cache), false)
#10 W:\domains\vipal.com.va\index.php(48): CodeIgniter\CodeIgniter->run()
#11 {main}
CRITICAL - 2022-03-22 04:10:23 --> Undefined index: keyword
#0 W:\domains\vipal.com.va\app\Views\frontend\homepage\common\header.php(76): CodeIgniter\Debug\Exceptions->errorHandler(8, 'Undefined index...', 'W:\\domains\\vipa...', 76, Array)
#1 W:\domains\vipal.com.va\vendor\codeigniter4\framework\system\View\View.php(246): include('W:\\domains\\vipa...')
#2 W:\domains\vipal.com.va\vendor\codeigniter4\framework\system\Common.php(1119): CodeIgniter\View\View->render('frontend/homepa...', Array, true)
#3 W:\domains\vipal.com.va\app\Views\frontend\homepage\layout\home.php(69): view('frontend/homepa...')
#4 W:\domains\vipal.com.va\vendor\codeigniter4\framework\system\View\View.php(246): include('W:\\domains\\vipa...')
#5 W:\domains\vipal.com.va\vendor\codeigniter4\framework\system\Common.php(1119): CodeIgniter\View\View->render('frontend/homepa...', Array, true)
#6 W:\domains\vipal.com.va\app\Controllers\Frontend\Homepage\Home.php(30): view('frontend/homepa...', Array)
#7 W:\domains\vipal.com.va\vendor\codeigniter4\framework\system\CodeIgniter.php(918): App\Controllers\Frontend\Homepage\Home->index()
#8 W:\domains\vipal.com.va\vendor\codeigniter4\framework\system\CodeIgniter.php(404): CodeIgniter\CodeIgniter->runController(Object(App\Controllers\Frontend\Homepage\Home))
#9 W:\domains\vipal.com.va\vendor\codeigniter4\framework\system\CodeIgniter.php(312): CodeIgniter\CodeIgniter->handleRequest(NULL, Object(Config\Cache), false)
#10 W:\domains\vipal.com.va\index.php(48): CodeIgniter\CodeIgniter->run()
#11 {main}
CRITICAL - 2022-03-22 04:16:42 --> Undefined index: homepage_logo_small
#0 W:\domains\vipal.com.va\app\Views\frontend\homepage\common\header.php(69): CodeIgniter\Debug\Exceptions->errorHandler(8, 'Undefined index...', 'W:\\domains\\vipa...', 69, Array)
#1 W:\domains\vipal.com.va\vendor\codeigniter4\framework\system\View\View.php(246): include('W:\\domains\\vipa...')
#2 W:\domains\vipal.com.va\vendor\codeigniter4\framework\system\Common.php(1119): CodeIgniter\View\View->render('frontend/homepa...', Array, true)
#3 W:\domains\vipal.com.va\app\Views\frontend\homepage\layout\home.php(69): view('frontend/homepa...')
#4 W:\domains\vipal.com.va\vendor\codeigniter4\framework\system\View\View.php(246): include('W:\\domains\\vipa...')
#5 W:\domains\vipal.com.va\vendor\codeigniter4\framework\system\Common.php(1119): CodeIgniter\View\View->render('frontend/homepa...', Array, true)
#6 W:\domains\vipal.com.va\app\Controllers\Frontend\Homepage\Home.php(30): view('frontend/homepa...', Array)
#7 W:\domains\vipal.com.va\vendor\codeigniter4\framework\system\CodeIgniter.php(918): App\Controllers\Frontend\Homepage\Home->index()
#8 W:\domains\vipal.com.va\vendor\codeigniter4\framework\system\CodeIgniter.php(404): CodeIgniter\CodeIgniter->runController(Object(App\Controllers\Frontend\Homepage\Home))
#9 W:\domains\vipal.com.va\vendor\codeigniter4\framework\system\CodeIgniter.php(312): CodeIgniter\CodeIgniter->handleRequest(NULL, Object(Config\Cache), false)
#10 W:\domains\vipal.com.va\index.php(48): CodeIgniter\CodeIgniter->run()
#11 {main}
CRITICAL - 2022-03-22 04:20:18 --> syntax error, unexpected '?>'
#0 W:\domains\vipal.com.va\vendor\codeigniter4\framework\system\Common.php(1119): CodeIgniter\View\View->render('frontend/homepa...', Array, true)
#1 W:\domains\vipal.com.va\app\Views\frontend\homepage\layout\home.php(69): view('frontend/homepa...')
#2 W:\domains\vipal.com.va\vendor\codeigniter4\framework\system\View\View.php(246): include('W:\\domains\\vipa...')
#3 W:\domains\vipal.com.va\vendor\codeigniter4\framework\system\Common.php(1119): CodeIgniter\View\View->render('frontend/homepa...', Array, true)
#4 W:\domains\vipal.com.va\app\Controllers\Frontend\Homepage\Home.php(30): view('frontend/homepa...', Array)
#5 W:\domains\vipal.com.va\vendor\codeigniter4\framework\system\CodeIgniter.php(918): App\Controllers\Frontend\Homepage\Home->index()
#6 W:\domains\vipal.com.va\vendor\codeigniter4\framework\system\CodeIgniter.php(404): CodeIgniter\CodeIgniter->runController(Object(App\Controllers\Frontend\Homepage\Home))
#7 W:\domains\vipal.com.va\vendor\codeigniter4\framework\system\CodeIgniter.php(312): CodeIgniter\CodeIgniter->handleRequest(NULL, Object(Config\Cache), false)
#8 W:\domains\vipal.com.va\index.php(48): CodeIgniter\CodeIgniter->run()
#9 {main}
CRITICAL - 2022-03-22 04:33:10 --> Undefined index: social_twiter
#0 W:\domains\vipal.com.va\app\Views\frontend\homepage\common\header.php(68): CodeIgniter\Debug\Exceptions->errorHandler(8, 'Undefined index...', 'W:\\domains\\vipa...', 68, Array)
#1 W:\domains\vipal.com.va\vendor\codeigniter4\framework\system\View\View.php(246): include('W:\\domains\\vipa...')
#2 W:\domains\vipal.com.va\vendor\codeigniter4\framework\system\Common.php(1119): CodeIgniter\View\View->render('frontend/homepa...', Array, true)
#3 W:\domains\vipal.com.va\app\Views\frontend\homepage\layout\home.php(69): view('frontend/homepa...')
#4 W:\domains\vipal.com.va\vendor\codeigniter4\framework\system\View\View.php(246): include('W:\\domains\\vipa...')
#5 W:\domains\vipal.com.va\vendor\codeigniter4\framework\system\Common.php(1119): CodeIgniter\View\View->render('frontend/homepa...', Array, true)
#6 W:\domains\vipal.com.va\app\Controllers\Frontend\Homepage\Home.php(30): view('frontend/homepa...', Array)
#7 W:\domains\vipal.com.va\vendor\codeigniter4\framework\system\CodeIgniter.php(918): App\Controllers\Frontend\Homepage\Home->index()
#8 W:\domains\vipal.com.va\vendor\codeigniter4\framework\system\CodeIgniter.php(404): CodeIgniter\CodeIgniter->runController(Object(App\Controllers\Frontend\Homepage\Home))
#9 W:\domains\vipal.com.va\vendor\codeigniter4\framework\system\CodeIgniter.php(312): CodeIgniter\CodeIgniter->handleRequest(NULL, Object(Config\Cache), false)
#10 W:\domains\vipal.com.va\index.php(48): CodeIgniter\CodeIgniter->run()
#11 {main}
CRITICAL - 2022-03-22 05:07:50 --> Undefined index: social_whatsapp
#0 W:\domains\vipal.com.va\app\Views\frontend\homepage\common\header.php(154): CodeIgniter\Debug\Exceptions->errorHandler(8, 'Undefined index...', 'W:\\domains\\vipa...', 154, Array)
#1 W:\domains\vipal.com.va\vendor\codeigniter4\framework\system\View\View.php(246): include('W:\\domains\\vipa...')
#2 W:\domains\vipal.com.va\vendor\codeigniter4\framework\system\Common.php(1119): CodeIgniter\View\View->render('frontend/homepa...', Array, true)
#3 W:\domains\vipal.com.va\app\Views\frontend\homepage\layout\home.php(69): view('frontend/homepa...')
#4 W:\domains\vipal.com.va\vendor\codeigniter4\framework\system\View\View.php(246): include('W:\\domains\\vipa...')
#5 W:\domains\vipal.com.va\vendor\codeigniter4\framework\system\Common.php(1119): CodeIgniter\View\View->render('frontend/homepa...', Array, true)
#6 W:\domains\vipal.com.va\app\Controllers\Frontend\Homepage\Home.php(30): view('frontend/homepa...', Array)
#7 W:\domains\vipal.com.va\vendor\codeigniter4\framework\system\CodeIgniter.php(918): App\Controllers\Frontend\Homepage\Home->index()
#8 W:\domains\vipal.com.va\vendor\codeigniter4\framework\system\CodeIgniter.php(404): CodeIgniter\CodeIgniter->runController(Object(App\Controllers\Frontend\Homepage\Home))
#9 W:\domains\vipal.com.va\vendor\codeigniter4\framework\system\CodeIgniter.php(312): CodeIgniter\CodeIgniter->handleRequest(NULL, Object(Config\Cache), false)
#10 W:\domains\vipal.com.va\index.php(48): CodeIgniter\CodeIgniter->run()
#11 {main}
CRITICAL - 2022-03-22 11:37:06 --> Column 'hinhthuc' cannot be null
#0 W:\domains\vipal.com.va\vendor\codeigniter4\framework\system\Database\MySQLi\Connection.php(331): mysqli->query('INSERT INTO `pr...')
#1 W:\domains\vipal.com.va\vendor\codeigniter4\framework\system\Database\BaseConnection.php(741): CodeIgniter\Database\MySQLi\Connection->execute('INSERT INTO `pr...')
#2 W:\domains\vipal.com.va\vendor\codeigniter4\framework\system\Database\BaseConnection.php(669): CodeIgniter\Database\BaseConnection->simpleQuery('INSERT INTO `pr...')
#3 W:\domains\vipal.com.va\vendor\codeigniter4\framework\system\Database\BaseBuilder.php(2249): CodeIgniter\Database\BaseConnection->query('INSERT INTO `pr...', Array, false)
#4 W:\domains\vipal.com.va\app\Models\AutoloadModel.php(90): CodeIgniter\Database\BaseBuilder->insert(Array)
#5 W:\domains\vipal.com.va\app\Controllers\Backend\Product\Product.php(130): App\Models\AutoloadModel->_insert(Array)
#6 W:\domains\vipal.com.va\vendor\codeigniter4\framework\system\CodeIgniter.php(918): App\Controllers\Backend\Product\Product->create()
#7 W:\domains\vipal.com.va\vendor\codeigniter4\framework\system\CodeIgniter.php(404): CodeIgniter\CodeIgniter->runController(Object(App\Controllers\Backend\Product\Product))
#8 W:\domains\vipal.com.va\vendor\codeigniter4\framework\system\CodeIgniter.php(312): CodeIgniter\CodeIgniter->handleRequest(NULL, Object(Config\Cache), false)
#9 W:\domains\vipal.com.va\index.php(48): CodeIgniter\CodeIgniter->run()
#10 {main}
CRITICAL - 2022-03-22 21:51:52 --> Unable to connect to the database.
#0 W:\domains\vipal.com.va\vendor\codeigniter4\framework\system\Database\BaseConnection.php(646): CodeIgniter\Database\BaseConnection->initialize()
#1 W:\domains\vipal.com.va\vendor\codeigniter4\framework\system\Database\BaseBuilder.php(1860): CodeIgniter\Database\BaseConnection->query('SELECT `keyword...', Array, false)
#2 W:\domains\vipal.com.va\app\Models\AutoloadModel.php(76): CodeIgniter\Database\BaseBuilder->get()
#3 W:\domains\vipal.com.va\app\Helpers\mydatafrontend_helper.php(166): App\Models\AutoloadModel->_get_where(Array, true)
#4 W:\domains\vipal.com.va\app\Controllers\FrontendController.php(27): get_general('vi')
#5 W:\domains\vipal.com.va\vendor\codeigniter4\framework\system\CodeIgniter.php(891): App\Controllers\FrontendController->initController(Object(CodeIgniter\HTTP\IncomingRequest), Object(CodeIgniter\HTTP\Response), Object(CodeIgniter\Log\Logger))
#6 W:\domains\vipal.com.va\vendor\codeigniter4\framework\system\CodeIgniter.php(399): CodeIgniter\CodeIgniter->createController()
#7 W:\domains\vipal.com.va\vendor\codeigniter4\framework\system\CodeIgniter.php(312): CodeIgniter\CodeIgniter->handleRequest(NULL, Object(Config\Cache), false)
#8 W:\domains\vipal.com.va\index.php(48): CodeIgniter\CodeIgniter->run()
#9 {main}
CRITICAL - 2022-03-22 22:07:19 --> Undefined offset: 0
#0 W:\domains\vipal.com.va\app\Views\frontend\homepage\home\index.php(236): CodeIgniter\Debug\Exceptions->errorHandler(8, 'Undefined offse...', 'W:\\domains\\vipa...', 236, Array)
#1 W:\domains\vipal.com.va\vendor\codeigniter4\framework\system\View\View.php(246): include('W:\\domains\\vipa...')
#2 W:\domains\vipal.com.va\vendor\codeigniter4\framework\system\Common.php(1119): CodeIgniter\View\View->render('frontend/homepa...', Array, true)
#3 W:\domains\vipal.com.va\app\Views\frontend\homepage\layout\home.php(71): view('frontend/homepa...')
#4 W:\domains\vipal.com.va\vendor\codeigniter4\framework\system\View\View.php(246): include('W:\\domains\\vipa...')
#5 W:\domains\vipal.com.va\vendor\codeigniter4\framework\system\Common.php(1119): CodeIgniter\View\View->render('frontend/homepa...', Array, true)
#6 W:\domains\vipal.com.va\app\Controllers\Frontend\Homepage\Home.php(30): view('frontend/homepa...', Array)
#7 W:\domains\vipal.com.va\vendor\codeigniter4\framework\system\CodeIgniter.php(918): App\Controllers\Frontend\Homepage\Home->index()
#8 W:\domains\vipal.com.va\vendor\codeigniter4\framework\system\CodeIgniter.php(404): CodeIgniter\CodeIgniter->runController(Object(App\Controllers\Frontend\Homepage\Home))
#9 W:\domains\vipal.com.va\vendor\codeigniter4\framework\system\CodeIgniter.php(312): CodeIgniter\CodeIgniter->handleRequest(NULL, Object(Config\Cache), false)
#10 W:\domains\vipal.com.va\index.php(48): CodeIgniter\CodeIgniter->run()
#11 {main}
