CRITICAL - 2022-05-15 09:19:24 --> Undefined variable: object
#0 W:\domains\va.mypham.com\app\Views\frontend\article\catalogue\index.php(19): CodeIgniter\Debug\Exceptions->errorHandler(8, 'Undefined varia...', 'W:\\domains\\va.m...', 19, Array)
#1 W:\domains\va.mypham.com\vendor\codeigniter4\framework\system\View\View.php(246): include('W:\\domains\\va.m...')
#2 W:\domains\va.mypham.com\vendor\codeigniter4\framework\system\Common.php(1119): CodeIgniter\View\View->render('frontend/articl...', Array, true)
#3 W:\domains\va.mypham.com\app\Views\frontend\homepage\layout\home.php(71): view('frontend/articl...')
#4 W:\domains\va.mypham.com\vendor\codeigniter4\framework\system\View\View.php(246): include('W:\\domains\\va.m...')
#5 W:\domains\va.mypham.com\vendor\codeigniter4\framework\system\Common.php(1119): CodeIgniter\View\View->render('frontend/homepa...', Array, true)
#6 W:\domains\va.mypham.com\app\Controllers\Frontend\Article\Catalogue.php(189): view('frontend/homepa...', Array)
#7 W:\domains\va.mypham.com\vendor\codeigniter4\framework\system\View\Cell.php(180): App\Controllers\Frontend\Article\Catalogue->index(1, 0)
#8 W:\domains\va.mypham.com\vendor\codeigniter4\framework\system\Common.php(1140): CodeIgniter\View\Cell->render('\\App\\Controller...', 'id=1, page=1', 0, 'AppControllersF...')
#9 W:\domains\va.mypham.com\app\Controllers\Frontend\Homepage\Router.php(59): view_cell('\\App\\Controller...', 'id=1, page=1')
#10 W:\domains\va.mypham.com\vendor\codeigniter4\framework\system\CodeIgniter.php(918): App\Controllers\Frontend\Homepage\Router->index('tin-tuc')
#11 W:\domains\va.mypham.com\vendor\codeigniter4\framework\system\CodeIgniter.php(404): CodeIgniter\CodeIgniter->runController(Object(App\Controllers\Frontend\Homepage\Router))
#12 W:\domains\va.mypham.com\vendor\codeigniter4\framework\system\CodeIgniter.php(312): CodeIgniter\CodeIgniter->handleRequest(NULL, Object(Config\Cache), false)
#13 W:\domains\va.mypham.com\index.php(48): CodeIgniter\CodeIgniter->run()
#14 {main}
CRITICAL - 2022-05-15 09:34:13 --> Undefined variable: product
#0 W:\domains\va.mypham.com\app\Controllers\Frontend\Search\Search.php(25): CodeIgniter\Debug\Exceptions->errorHandler(8, 'Undefined varia...', 'W:\\domains\\va.m...', 25, Array)
#1 W:\domains\va.mypham.com\vendor\codeigniter4\framework\system\View\Cell.php(180): App\Controllers\Frontend\Search\Search->index('0', '')
#2 W:\domains\va.mypham.com\vendor\codeigniter4\framework\system\Common.php(1140): CodeIgniter\View\Cell->render('\\App\\Controller...', 'page=0, module=', 0, 'AppControllersF...')
#3 W:\domains\va.mypham.com\app\Controllers\Frontend\Homepage\Router.php(41): view_cell('\\App\\Controller...', 'page=0, module=')
#4 W:\domains\va.mypham.com\vendor\codeigniter4\framework\system\CodeIgniter.php(918): App\Controllers\Frontend\Homepage\Router->search(0)
#5 W:\domains\va.mypham.com\vendor\codeigniter4\framework\system\CodeIgniter.php(404): CodeIgniter\CodeIgniter->runController(Object(App\Controllers\Frontend\Homepage\Router))
#6 W:\domains\va.mypham.com\vendor\codeigniter4\framework\system\CodeIgniter.php(312): CodeIgniter\CodeIgniter->handleRequest(NULL, Object(Config\Cache), false)
#7 W:\domains\va.mypham.com\index.php(48): CodeIgniter\CodeIgniter->run()
#8 {main}
CRITICAL - 2022-05-15 09:34:23 --> Undefined variable: product
#0 W:\domains\va.mypham.com\app\Controllers\Frontend\Search\Search.php(29): CodeIgniter\Debug\Exceptions->errorHandler(8, 'Undefined varia...', 'W:\\domains\\va.m...', 29, Array)
#1 W:\domains\va.mypham.com\vendor\codeigniter4\framework\system\View\Cell.php(180): App\Controllers\Frontend\Search\Search->index('0', '')
#2 W:\domains\va.mypham.com\vendor\codeigniter4\framework\system\Common.php(1140): CodeIgniter\View\Cell->render('\\App\\Controller...', 'page=0, module=', 0, 'AppControllersF...')
#3 W:\domains\va.mypham.com\app\Controllers\Frontend\Homepage\Router.php(41): view_cell('\\App\\Controller...', 'page=0, module=')
#4 W:\domains\va.mypham.com\vendor\codeigniter4\framework\system\CodeIgniter.php(918): App\Controllers\Frontend\Homepage\Router->search(0)
#5 W:\domains\va.mypham.com\vendor\codeigniter4\framework\system\CodeIgniter.php(404): CodeIgniter\CodeIgniter->runController(Object(App\Controllers\Frontend\Homepage\Router))
#6 W:\domains\va.mypham.com\vendor\codeigniter4\framework\system\CodeIgniter.php(312): CodeIgniter\CodeIgniter->handleRequest(NULL, Object(Config\Cache), false)
#7 W:\domains\va.mypham.com\index.php(48): CodeIgniter\CodeIgniter->run()
#8 {main}
CRITICAL - 2022-05-15 12:13:49 --> Undefined property: CodeIgniter\View\View::$AutoloadModel
#0 W:\domains\va.mypham.com\app\Views\frontend\homepage\home\index.php(4): CodeIgniter\Debug\Exceptions->errorHandler(8, 'Undefined prope...', 'W:\\domains\\va.m...', 4, Array)
#1 W:\domains\va.mypham.com\vendor\codeigniter4\framework\system\View\View.php(246): include('W:\\domains\\va.m...')
#2 W:\domains\va.mypham.com\vendor\codeigniter4\framework\system\Common.php(1119): CodeIgniter\View\View->render('frontend/homepa...', Array, true)
#3 W:\domains\va.mypham.com\app\Views\frontend\homepage\layout\home.php(72): view('frontend/homepa...')
#4 W:\domains\va.mypham.com\vendor\codeigniter4\framework\system\View\View.php(246): include('W:\\domains\\va.m...')
#5 W:\domains\va.mypham.com\vendor\codeigniter4\framework\system\Common.php(1119): CodeIgniter\View\View->render('frontend/homepa...', Array, true)
#6 W:\domains\va.mypham.com\app\Controllers\Frontend\Homepage\Home.php(30): view('frontend/homepa...', Array)
#7 W:\domains\va.mypham.com\vendor\codeigniter4\framework\system\CodeIgniter.php(918): App\Controllers\Frontend\Homepage\Home->index()
#8 W:\domains\va.mypham.com\vendor\codeigniter4\framework\system\CodeIgniter.php(404): CodeIgniter\CodeIgniter->runController(Object(App\Controllers\Frontend\Homepage\Home))
#9 W:\domains\va.mypham.com\vendor\codeigniter4\framework\system\CodeIgniter.php(312): CodeIgniter\CodeIgniter->handleRequest(NULL, Object(Config\Cache), false)
#10 W:\domains\va.mypham.com\index.php(48): CodeIgniter\CodeIgniter->run()
#11 {main}
CRITICAL - 2022-05-15 12:31:42 --> Undefined variable: language
#0 W:\domains\va.mypham.com\app\Controllers\Frontend\Homepage\Home.php(34): CodeIgniter\Debug\Exceptions->errorHandler(8, 'Undefined varia...', 'W:\\domains\\va.m...', 34, Array)
#1 W:\domains\va.mypham.com\vendor\codeigniter4\framework\system\CodeIgniter.php(918): App\Controllers\Frontend\Homepage\Home->index()
#2 W:\domains\va.mypham.com\vendor\codeigniter4\framework\system\CodeIgniter.php(404): CodeIgniter\CodeIgniter->runController(Object(App\Controllers\Frontend\Homepage\Home))
#3 W:\domains\va.mypham.com\vendor\codeigniter4\framework\system\CodeIgniter.php(312): CodeIgniter\CodeIgniter->handleRequest(NULL, Object(Config\Cache), false)
#4 W:\domains\va.mypham.com\index.php(48): CodeIgniter\CodeIgniter->run()
#5 {main}
CRITICAL - 2022-05-15 12:33:16 --> Call to undefined function App\Controllers\Frontend\Homepage\condition_catalogue()
#0 W:\domains\va.mypham.com\vendor\codeigniter4\framework\system\CodeIgniter.php(918): App\Controllers\Frontend\Homepage\Home->index()
#1 W:\domains\va.mypham.com\vendor\codeigniter4\framework\system\CodeIgniter.php(404): CodeIgniter\CodeIgniter->runController(Object(App\Controllers\Frontend\Homepage\Home))
#2 W:\domains\va.mypham.com\vendor\codeigniter4\framework\system\CodeIgniter.php(312): CodeIgniter\CodeIgniter->handleRequest(NULL, Object(Config\Cache), false)
#3 W:\domains\va.mypham.com\index.php(48): CodeIgniter\CodeIgniter->run()
#4 {main}
CRITICAL - 2022-05-15 12:33:22 --> Undefined variable: catalogueid
#0 W:\domains\va.mypham.com\app\Controllers\Frontend\Homepage\Home.php(47): CodeIgniter\Debug\Exceptions->errorHandler(8, 'Undefined varia...', 'W:\\domains\\va.m...', 47, Array)
#1 W:\domains\va.mypham.com\vendor\codeigniter4\framework\system\CodeIgniter.php(918): App\Controllers\Frontend\Homepage\Home->index()
#2 W:\domains\va.mypham.com\vendor\codeigniter4\framework\system\CodeIgniter.php(404): CodeIgniter\CodeIgniter->runController(Object(App\Controllers\Frontend\Homepage\Home))
#3 W:\domains\va.mypham.com\vendor\codeigniter4\framework\system\CodeIgniter.php(312): CodeIgniter\CodeIgniter->handleRequest(NULL, Object(Config\Cache), false)
#4 W:\domains\va.mypham.com\index.php(48): CodeIgniter\CodeIgniter->run()
#5 {main}
CRITICAL - 2022-05-15 12:37:00 --> syntax error, unexpected end of file
#0 W:\domains\va.mypham.com\vendor\codeigniter4\framework\system\Common.php(1119): CodeIgniter\View\View->render('frontend/homepa...', Array, true)
#1 W:\domains\va.mypham.com\app\Views\frontend\homepage\layout\home.php(72): view('frontend/homepa...')
#2 W:\domains\va.mypham.com\vendor\codeigniter4\framework\system\View\View.php(246): include('W:\\domains\\va.m...')
#3 W:\domains\va.mypham.com\vendor\codeigniter4\framework\system\Common.php(1119): CodeIgniter\View\View->render('frontend/homepa...', Array, true)
#4 W:\domains\va.mypham.com\app\Controllers\Frontend\Homepage\Home.php(70): view('frontend/homepa...', Array)
#5 W:\domains\va.mypham.com\vendor\codeigniter4\framework\system\CodeIgniter.php(918): App\Controllers\Frontend\Homepage\Home->index()
#6 W:\domains\va.mypham.com\vendor\codeigniter4\framework\system\CodeIgniter.php(404): CodeIgniter\CodeIgniter->runController(Object(App\Controllers\Frontend\Homepage\Home))
#7 W:\domains\va.mypham.com\vendor\codeigniter4\framework\system\CodeIgniter.php(312): CodeIgniter\CodeIgniter->handleRequest(NULL, Object(Config\Cache), false)
#8 W:\domains\va.mypham.com\index.php(48): CodeIgniter\CodeIgniter->run()
#9 {main}
CRITICAL - 2022-05-15 12:37:05 --> Undefined index: description
#0 W:\domains\va.mypham.com\app\Views\frontend\homepage\home\index.php(178): CodeIgniter\Debug\Exceptions->errorHandler(8, 'Undefined index...', 'W:\\domains\\va.m...', 178, Array)
#1 W:\domains\va.mypham.com\vendor\codeigniter4\framework\system\View\View.php(246): include('W:\\domains\\va.m...')
#2 W:\domains\va.mypham.com\vendor\codeigniter4\framework\system\Common.php(1119): CodeIgniter\View\View->render('frontend/homepa...', Array, true)
#3 W:\domains\va.mypham.com\app\Views\frontend\homepage\layout\home.php(72): view('frontend/homepa...')
#4 W:\domains\va.mypham.com\vendor\codeigniter4\framework\system\View\View.php(246): include('W:\\domains\\va.m...')
#5 W:\domains\va.mypham.com\vendor\codeigniter4\framework\system\Common.php(1119): CodeIgniter\View\View->render('frontend/homepa...', Array, true)
#6 W:\domains\va.mypham.com\app\Controllers\Frontend\Homepage\Home.php(70): view('frontend/homepa...', Array)
#7 W:\domains\va.mypham.com\vendor\codeigniter4\framework\system\CodeIgniter.php(918): App\Controllers\Frontend\Homepage\Home->index()
#8 W:\domains\va.mypham.com\vendor\codeigniter4\framework\system\CodeIgniter.php(404): CodeIgniter\CodeIgniter->runController(Object(App\Controllers\Frontend\Homepage\Home))
#9 W:\domains\va.mypham.com\vendor\codeigniter4\framework\system\CodeIgniter.php(312): CodeIgniter\CodeIgniter->handleRequest(NULL, Object(Config\Cache), false)
#10 W:\domains\va.mypham.com\index.php(48): CodeIgniter\CodeIgniter->run()
#11 {main}
CRITICAL - 2022-05-15 21:34:57 --> Undefined variable: object
#0 W:\domains\va.mypham.com\app\Views\frontend\homepage\home\index.php(314): CodeIgniter\Debug\Exceptions->errorHandler(8, 'Undefined varia...', 'W:\\domains\\va.m...', 314, Array)
#1 W:\domains\va.mypham.com\vendor\codeigniter4\framework\system\View\View.php(246): include('W:\\domains\\va.m...')
#2 W:\domains\va.mypham.com\vendor\codeigniter4\framework\system\Common.php(1119): CodeIgniter\View\View->render('frontend/homepa...', Array, true)
#3 W:\domains\va.mypham.com\app\Views\frontend\homepage\layout\home.php(72): view('frontend/homepa...')
#4 W:\domains\va.mypham.com\vendor\codeigniter4\framework\system\View\View.php(246): include('W:\\domains\\va.m...')
#5 W:\domains\va.mypham.com\vendor\codeigniter4\framework\system\Common.php(1119): CodeIgniter\View\View->render('frontend/homepa...', Array, true)
#6 W:\domains\va.mypham.com\app\Controllers\Frontend\Homepage\Home.php(70): view('frontend/homepa...', Array)
#7 W:\domains\va.mypham.com\vendor\codeigniter4\framework\system\CodeIgniter.php(918): App\Controllers\Frontend\Homepage\Home->index()
#8 W:\domains\va.mypham.com\vendor\codeigniter4\framework\system\CodeIgniter.php(404): CodeIgniter\CodeIgniter->runController(Object(App\Controllers\Frontend\Homepage\Home))
#9 W:\domains\va.mypham.com\vendor\codeigniter4\framework\system\CodeIgniter.php(312): CodeIgniter\CodeIgniter->handleRequest(NULL, Object(Config\Cache), false)
#10 W:\domains\va.mypham.com\index.php(48): CodeIgniter\CodeIgniter->run()
#11 {main}
