CRITICAL - 2022-09-02 23:20:38 --> Class 'Locale' not found
in SYSTEMPATH\CodeIgniter.php on line 181.
 1 FCPATH\index.php(55): CodeIgniter\CodeIgniter->initialize()
CRITICAL - 2022-09-02 23:20:39 --> Class 'Locale' not found
in SYSTEMPATH\CodeIgniter.php on line 181.
 1 FCPATH\index.php(55): CodeIgniter\CodeIgniter->initialize()
CRITICAL - 2022-09-02 23:22:33 --> Use of undefined constant Locale - assumed 'Locale' (this will throw an Error in a future version of PHP)
in SYSTEMPATH\CodeIgniter.php on line 181.
 1 SYSTEMPATH\CodeIgniter.php(181): CodeIgniter\Debug\Exceptions->errorHandler()
 2 FCPATH\index.php(55): CodeIgniter\CodeIgniter->initialize()
CRITICAL - 2022-09-02 23:22:34 --> Use of undefined constant Locale - assumed 'Locale' (this will throw an Error in a future version of PHP)
in SYSTEMPATH\CodeIgniter.php on line 181.
 1 SYSTEMPATH\CodeIgniter.php(181): CodeIgniter\Debug\Exceptions->errorHandler()
 2 FCPATH\index.php(55): CodeIgniter\CodeIgniter->initialize()
CRITICAL - 2022-09-02 23:22:55 --> Class 'Locale' not found
in SYSTEMPATH\CodeIgniter.php on line 181.
 1 FCPATH\index.php(55): CodeIgniter\CodeIgniter->initialize()
CRITICAL - 2022-09-02 23:22:55 --> Class 'Locale' not found
in SYSTEMPATH\CodeIgniter.php on line 181.
 1 FCPATH\index.php(55): CodeIgniter\CodeIgniter->initialize()
CRITICAL - 2022-09-02 23:27:42 --> Class 'Locale' not found
in SYSTEMPATH\CodeIgniter.php on line 181.
 1 FCPATH\index.php(55): CodeIgniter\CodeIgniter->initialize()
CRITICAL - 2022-09-02 23:27:43 --> Class 'Locale' not found
in SYSTEMPATH\CodeIgniter.php on line 181.
 1 FCPATH\index.php(55): CodeIgniter\CodeIgniter->initialize()
CRITICAL - 2022-09-02 23:27:43 --> Class 'Locale' not found
in SYSTEMPATH\CodeIgniter.php on line 181.
 1 FCPATH\index.php(55): CodeIgniter\CodeIgniter->initialize()
CRITICAL - 2022-09-02 23:27:43 --> Class 'Locale' not found
in SYSTEMPATH\CodeIgniter.php on line 181.
 1 FCPATH\index.php(55): CodeIgniter\CodeIgniter->initialize()
CRITICAL - 2022-09-02 23:28:36 --> Class 'CodeIgniter\Locale' not found
in SYSTEMPATH\CodeIgniter.php on line 181.
 1 FCPATH\index.php(55): CodeIgniter\CodeIgniter->initialize()
CRITICAL - 2022-09-02 23:28:36 --> Class 'CodeIgniter\Locale' not found
in SYSTEMPATH\CodeIgniter.php on line 181.
 1 FCPATH\index.php(55): CodeIgniter\CodeIgniter->initialize()
CRITICAL - 2022-09-02 23:28:55 --> Class 'CodeIgniter\Locale' not found
in SYSTEMPATH\CodeIgniter.php on line 181.
 1 FCPATH\index.php(55): CodeIgniter\CodeIgniter->initialize()
CRITICAL - 2022-09-02 23:28:56 --> Class 'CodeIgniter\Locale' not found
in SYSTEMPATH\CodeIgniter.php on line 181.
 1 FCPATH\index.php(55): CodeIgniter\CodeIgniter->initialize()
CRITICAL - 2022-09-02 23:29:19 --> Class 'CodeIgniter\Locale' not found
in SYSTEMPATH\CodeIgniter.php on line 181.
 1 FCPATH\index.php(55): CodeIgniter\CodeIgniter->initialize()
CRITICAL - 2022-09-02 23:29:19 --> Class 'CodeIgniter\Locale' not found
in SYSTEMPATH\CodeIgniter.php on line 181.
 1 FCPATH\index.php(55): CodeIgniter\CodeIgniter->initialize()
CRITICAL - 2022-09-02 23:29:20 --> Class 'CodeIgniter\Locale' not found
in SYSTEMPATH\CodeIgniter.php on line 181.
 1 FCPATH\index.php(55): CodeIgniter\CodeIgniter->initialize()
CRITICAL - 2022-09-02 23:29:20 --> Class 'CodeIgniter\Locale' not found
in SYSTEMPATH\CodeIgniter.php on line 181.
 1 FCPATH\index.php(55): CodeIgniter\CodeIgniter->initialize()
CRITICAL - 2022-09-02 11:33:49 --> ini_set(): A session is active. You cannot change the session module's ini settings at this time
in SYSTEMPATH\Session\Handlers\FileHandler.php on line 71.
 1 [internal function]: CodeIgniter\Debug\Exceptions->errorHandler()
 2 SYSTEMPATH\Session\Handlers\FileHandler.php(71): ini_set()
 3 SYSTEMPATH\Config\Services.php(658): CodeIgniter\Session\Handlers\FileHandler->__construct()
 4 SYSTEMPATH\Config\BaseService.php(194): CodeIgniter\Config\Services::session()
 5 SYSTEMPATH\Config\Services.php(637): CodeIgniter\Config\BaseService::getSharedInstance()
 6 SYSTEMPATH\Common.php(939): CodeIgniter\Config\Services::session()
 7 APPPATH\Controllers\Frontend\Homepage\Home.php(15): session()
 8 SYSTEMPATH\CodeIgniter.php(904): App\Controllers\Frontend\Homepage\Home->index()
 9 SYSTEMPATH\CodeIgniter.php(457): CodeIgniter\CodeIgniter->runController()
10 SYSTEMPATH\CodeIgniter.php(340): CodeIgniter\CodeIgniter->handleRequest()
11 FCPATH\index.php(67): CodeIgniter\CodeIgniter->run()
CRITICAL - 2022-09-02 11:56:05 --> Undefined variable: google_client
in APPPATH\Views\frontend\homepage\common\modal_login.php on line 1.
 1 APPPATH\Views\frontend\homepage\common\modal_login.php(1): CodeIgniter\Debug\Exceptions->errorHandler()
 2 SYSTEMPATH\View\View.php(213): include('APPPATH\\Views\\frontend\\homepage\\common\\modal_login.php')
 3 SYSTEMPATH\View\View.php(216): CodeIgniter\View\View->CodeIgniter\View\{closure}()
 4 SYSTEMPATH\Common.php(1142): CodeIgniter\View\View->render()
 5 APPPATH\Views\frontend\homepage\common\header.php(62): view()
 6 SYSTEMPATH\View\View.php(213): include('APPPATH\\Views\\frontend\\homepage\\common\\header.php')
 7 SYSTEMPATH\View\View.php(216): CodeIgniter\View\View->CodeIgniter\View\{closure}()
 8 SYSTEMPATH\Common.php(1142): CodeIgniter\View\View->render()
 9 APPPATH\Views\frontend\homepage\layout\home.php(74): view()
10 SYSTEMPATH\View\View.php(213): include('APPPATH\\Views\\frontend\\homepage\\layout\\home.php')
11 SYSTEMPATH\View\View.php(216): CodeIgniter\View\View->CodeIgniter\View\{closure}()
12 SYSTEMPATH\Common.php(1142): CodeIgniter\View\View->render()
13 APPPATH\Controllers\Frontend\Homepage\Home.php(71): view()
14 SYSTEMPATH\CodeIgniter.php(904): App\Controllers\Frontend\Homepage\Home->index()
15 SYSTEMPATH\CodeIgniter.php(457): CodeIgniter\CodeIgniter->runController()
16 SYSTEMPATH\CodeIgniter.php(340): CodeIgniter\CodeIgniter->handleRequest()
17 FCPATH\index.php(67): CodeIgniter\CodeIgniter->run()
CRITICAL - 2022-09-02 11:56:52 --> Undefined index: code
in APPPATH\Views\frontend\homepage\common\modal_login.php on line 3.
 1 APPPATH\Views\frontend\homepage\common\modal_login.php(3): CodeIgniter\Debug\Exceptions->errorHandler()
 2 SYSTEMPATH\View\View.php(213): include('APPPATH\\Views\\frontend\\homepage\\common\\modal_login.php')
 3 SYSTEMPATH\View\View.php(216): CodeIgniter\View\View->CodeIgniter\View\{closure}()
 4 SYSTEMPATH\Common.php(1142): CodeIgniter\View\View->render()
 5 APPPATH\Views\frontend\homepage\common\header.php(62): view()
 6 SYSTEMPATH\View\View.php(213): include('APPPATH\\Views\\frontend\\homepage\\common\\header.php')
 7 SYSTEMPATH\View\View.php(216): CodeIgniter\View\View->CodeIgniter\View\{closure}()
 8 SYSTEMPATH\Common.php(1142): CodeIgniter\View\View->render()
 9 APPPATH\Views\frontend\homepage\layout\home.php(74): view()
10 SYSTEMPATH\View\View.php(213): include('APPPATH\\Views\\frontend\\homepage\\layout\\home.php')
11 SYSTEMPATH\View\View.php(216): CodeIgniter\View\View->CodeIgniter\View\{closure}()
12 SYSTEMPATH\Common.php(1142): CodeIgniter\View\View->render()
13 APPPATH\Controllers\Frontend\Homepage\Home.php(71): view()
14 SYSTEMPATH\CodeIgniter.php(904): App\Controllers\Frontend\Homepage\Home->index()
15 SYSTEMPATH\CodeIgniter.php(457): CodeIgniter\CodeIgniter->runController()
16 SYSTEMPATH\CodeIgniter.php(340): CodeIgniter\CodeIgniter->handleRequest()
17 FCPATH\index.php(67): CodeIgniter\CodeIgniter->run()
CRITICAL - 2022-09-02 11:57:37 --> missing the required redirect URI
in FCPATH\vendor\google\auth\src\OAuth2.php on line 694.
 1 FCPATH\vendor\google\apiclient\src\Client.php(403): Google\Auth\OAuth2->buildFullAuthorizationUri()
 2 APPPATH\Views\frontend\homepage\common\modal_login.php(3): Google\Client->createAuthUrl()
 3 SYSTEMPATH\View\View.php(213): include('APPPATH\\Views\\frontend\\homepage\\common\\modal_login.php')
 4 SYSTEMPATH\View\View.php(216): CodeIgniter\View\View->CodeIgniter\View\{closure}()
 5 SYSTEMPATH\Common.php(1142): CodeIgniter\View\View->render()
 6 APPPATH\Views\frontend\homepage\common\header.php(62): view()
 7 SYSTEMPATH\View\View.php(213): include('APPPATH\\Views\\frontend\\homepage\\common\\header.php')
 8 SYSTEMPATH\View\View.php(216): CodeIgniter\View\View->CodeIgniter\View\{closure}()
 9 SYSTEMPATH\Common.php(1142): CodeIgniter\View\View->render()
10 APPPATH\Views\frontend\homepage\layout\home.php(74): view()
11 SYSTEMPATH\View\View.php(213): include('APPPATH\\Views\\frontend\\homepage\\layout\\home.php')
12 SYSTEMPATH\View\View.php(216): CodeIgniter\View\View->CodeIgniter\View\{closure}()
13 SYSTEMPATH\Common.php(1142): CodeIgniter\View\View->render()
14 APPPATH\Controllers\Frontend\Homepage\Home.php(71): view()
15 SYSTEMPATH\CodeIgniter.php(904): App\Controllers\Frontend\Homepage\Home->index()
16 SYSTEMPATH\CodeIgniter.php(457): CodeIgniter\CodeIgniter->runController()
17 SYSTEMPATH\CodeIgniter.php(340): CodeIgniter\CodeIgniter->handleRequest()
18 FCPATH\index.php(67): CodeIgniter\CodeIgniter->run()
CRITICAL - 2022-09-02 11:58:26 --> missing the required redirect URI
in FCPATH\vendor\google\auth\src\OAuth2.php on line 694.
 1 FCPATH\vendor\google\apiclient\src\Client.php(403): Google\Auth\OAuth2->buildFullAuthorizationUri()
 2 APPPATH\Views\frontend\homepage\common\modal_login.php(3): Google\Client->createAuthUrl()
 3 SYSTEMPATH\View\View.php(213): include('APPPATH\\Views\\frontend\\homepage\\common\\modal_login.php')
 4 SYSTEMPATH\View\View.php(216): CodeIgniter\View\View->CodeIgniter\View\{closure}()
 5 SYSTEMPATH\Common.php(1142): CodeIgniter\View\View->render()
 6 APPPATH\Views\frontend\homepage\common\header.php(62): view()
 7 SYSTEMPATH\View\View.php(213): include('APPPATH\\Views\\frontend\\homepage\\common\\header.php')
 8 SYSTEMPATH\View\View.php(216): CodeIgniter\View\View->CodeIgniter\View\{closure}()
 9 SYSTEMPATH\Common.php(1142): CodeIgniter\View\View->render()
10 APPPATH\Views\frontend\homepage\layout\home.php(74): view()
11 SYSTEMPATH\View\View.php(213): include('APPPATH\\Views\\frontend\\homepage\\layout\\home.php')
12 SYSTEMPATH\View\View.php(216): CodeIgniter\View\View->CodeIgniter\View\{closure}()
13 SYSTEMPATH\Common.php(1142): CodeIgniter\View\View->render()
14 APPPATH\Controllers\Frontend\Homepage\Home.php(71): view()
15 SYSTEMPATH\CodeIgniter.php(904): App\Controllers\Frontend\Homepage\Home->index()
16 SYSTEMPATH\CodeIgniter.php(457): CodeIgniter\CodeIgniter->runController()
17 SYSTEMPATH\CodeIgniter.php(340): CodeIgniter\CodeIgniter->handleRequest()
18 FCPATH\index.php(67): CodeIgniter\CodeIgniter->run()
CRITICAL - 2022-09-02 11:58:45 --> missing the required redirect URI
in FCPATH\vendor\google\auth\src\OAuth2.php on line 694.
 1 FCPATH\vendor\google\apiclient\src\Client.php(403): Google\Auth\OAuth2->buildFullAuthorizationUri()
 2 APPPATH\Views\frontend\homepage\common\modal_login.php(3): Google\Client->createAuthUrl()
 3 SYSTEMPATH\View\View.php(213): include('APPPATH\\Views\\frontend\\homepage\\common\\modal_login.php')
 4 SYSTEMPATH\View\View.php(216): CodeIgniter\View\View->CodeIgniter\View\{closure}()
 5 SYSTEMPATH\Common.php(1142): CodeIgniter\View\View->render()
 6 APPPATH\Views\frontend\homepage\common\header.php(62): view()
 7 SYSTEMPATH\View\View.php(213): include('APPPATH\\Views\\frontend\\homepage\\common\\header.php')
 8 SYSTEMPATH\View\View.php(216): CodeIgniter\View\View->CodeIgniter\View\{closure}()
 9 SYSTEMPATH\Common.php(1142): CodeIgniter\View\View->render()
10 APPPATH\Views\frontend\homepage\layout\home.php(74): view()
11 SYSTEMPATH\View\View.php(213): include('APPPATH\\Views\\frontend\\homepage\\layout\\home.php')
12 SYSTEMPATH\View\View.php(216): CodeIgniter\View\View->CodeIgniter\View\{closure}()
13 SYSTEMPATH\Common.php(1142): CodeIgniter\View\View->render()
14 APPPATH\Controllers\Frontend\Homepage\Home.php(71): view()
15 SYSTEMPATH\CodeIgniter.php(904): App\Controllers\Frontend\Homepage\Home->index()
16 SYSTEMPATH\CodeIgniter.php(457): CodeIgniter\CodeIgniter->runController()
17 SYSTEMPATH\CodeIgniter.php(340): CodeIgniter\CodeIgniter->handleRequest()
18 FCPATH\index.php(67): CodeIgniter\CodeIgniter->run()
CRITICAL - 2022-09-02 11:58:57 --> missing the required redirect URI
in FCPATH\vendor\google\auth\src\OAuth2.php on line 694.
 1 FCPATH\vendor\google\apiclient\src\Client.php(403): Google\Auth\OAuth2->buildFullAuthorizationUri()
 2 APPPATH\Views\frontend\homepage\common\modal_login.php(4): Google\Client->createAuthUrl()
 3 SYSTEMPATH\View\View.php(213): include('APPPATH\\Views\\frontend\\homepage\\common\\modal_login.php')
 4 SYSTEMPATH\View\View.php(216): CodeIgniter\View\View->CodeIgniter\View\{closure}()
 5 SYSTEMPATH\Common.php(1142): CodeIgniter\View\View->render()
 6 APPPATH\Views\frontend\homepage\common\header.php(62): view()
 7 SYSTEMPATH\View\View.php(213): include('APPPATH\\Views\\frontend\\homepage\\common\\header.php')
 8 SYSTEMPATH\View\View.php(216): CodeIgniter\View\View->CodeIgniter\View\{closure}()
 9 SYSTEMPATH\Common.php(1142): CodeIgniter\View\View->render()
10 APPPATH\Views\frontend\homepage\layout\home.php(74): view()
11 SYSTEMPATH\View\View.php(213): include('APPPATH\\Views\\frontend\\homepage\\layout\\home.php')
12 SYSTEMPATH\View\View.php(216): CodeIgniter\View\View->CodeIgniter\View\{closure}()
13 SYSTEMPATH\Common.php(1142): CodeIgniter\View\View->render()
14 APPPATH\Controllers\Frontend\Homepage\Home.php(71): view()
15 SYSTEMPATH\CodeIgniter.php(904): App\Controllers\Frontend\Homepage\Home->index()
16 SYSTEMPATH\CodeIgniter.php(457): CodeIgniter\CodeIgniter->runController()
17 SYSTEMPATH\CodeIgniter.php(340): CodeIgniter\CodeIgniter->handleRequest()
18 FCPATH\index.php(67): CodeIgniter\CodeIgniter->run()
CRITICAL - 2022-09-02 11:59:03 --> missing the required redirect URI
in FCPATH\vendor\google\auth\src\OAuth2.php on line 694.
 1 FCPATH\vendor\google\apiclient\src\Client.php(403): Google\Auth\OAuth2->buildFullAuthorizationUri()
 2 APPPATH\Views\frontend\homepage\common\modal_login.php(4): Google\Client->createAuthUrl()
 3 SYSTEMPATH\View\View.php(213): include('APPPATH\\Views\\frontend\\homepage\\common\\modal_login.php')
 4 SYSTEMPATH\View\View.php(216): CodeIgniter\View\View->CodeIgniter\View\{closure}()
 5 SYSTEMPATH\Common.php(1142): CodeIgniter\View\View->render()
 6 APPPATH\Views\frontend\homepage\common\header.php(62): view()
 7 SYSTEMPATH\View\View.php(213): include('APPPATH\\Views\\frontend\\homepage\\common\\header.php')
 8 SYSTEMPATH\View\View.php(216): CodeIgniter\View\View->CodeIgniter\View\{closure}()
 9 SYSTEMPATH\Common.php(1142): CodeIgniter\View\View->render()
10 APPPATH\Views\frontend\homepage\layout\home.php(74): view()
11 SYSTEMPATH\View\View.php(213): include('APPPATH\\Views\\frontend\\homepage\\layout\\home.php')
12 SYSTEMPATH\View\View.php(216): CodeIgniter\View\View->CodeIgniter\View\{closure}()
13 SYSTEMPATH\Common.php(1142): CodeIgniter\View\View->render()
14 APPPATH\Controllers\Frontend\Homepage\Home.php(71): view()
15 SYSTEMPATH\CodeIgniter.php(904): App\Controllers\Frontend\Homepage\Home->index()
16 SYSTEMPATH\CodeIgniter.php(457): CodeIgniter\CodeIgniter->runController()
17 SYSTEMPATH\CodeIgniter.php(340): CodeIgniter\CodeIgniter->handleRequest()
18 FCPATH\index.php(67): CodeIgniter\CodeIgniter->run()
CRITICAL - 2022-09-02 12:01:19 --> missing the required redirect URI
in FCPATH\vendor\google\auth\src\OAuth2.php on line 694.
 1 FCPATH\vendor\google\apiclient\src\Client.php(403): Google\Auth\OAuth2->buildFullAuthorizationUri()
 2 APPPATH\Views\frontend\homepage\common\modal_login.php(4): Google\Client->createAuthUrl()
 3 SYSTEMPATH\View\View.php(213): include('APPPATH\\Views\\frontend\\homepage\\common\\modal_login.php')
 4 SYSTEMPATH\View\View.php(216): CodeIgniter\View\View->CodeIgniter\View\{closure}()
 5 SYSTEMPATH\Common.php(1142): CodeIgniter\View\View->render()
 6 APPPATH\Views\frontend\homepage\common\header.php(62): view()
 7 SYSTEMPATH\View\View.php(213): include('APPPATH\\Views\\frontend\\homepage\\common\\header.php')
 8 SYSTEMPATH\View\View.php(216): CodeIgniter\View\View->CodeIgniter\View\{closure}()
 9 SYSTEMPATH\Common.php(1142): CodeIgniter\View\View->render()
10 APPPATH\Views\frontend\homepage\layout\home.php(74): view()
11 SYSTEMPATH\View\View.php(213): include('APPPATH\\Views\\frontend\\homepage\\layout\\home.php')
12 SYSTEMPATH\View\View.php(216): CodeIgniter\View\View->CodeIgniter\View\{closure}()
13 SYSTEMPATH\Common.php(1142): CodeIgniter\View\View->render()
14 APPPATH\Controllers\Frontend\Homepage\Home.php(71): view()
15 SYSTEMPATH\CodeIgniter.php(904): App\Controllers\Frontend\Homepage\Home->index()
16 SYSTEMPATH\CodeIgniter.php(457): CodeIgniter\CodeIgniter->runController()
17 SYSTEMPATH\CodeIgniter.php(340): CodeIgniter\CodeIgniter->handleRequest()
18 FCPATH\index.php(67): CodeIgniter\CodeIgniter->run()
CRITICAL - 2022-09-02 12:01:22 --> missing the required redirect URI
in FCPATH\vendor\google\auth\src\OAuth2.php on line 694.
 1 FCPATH\vendor\google\apiclient\src\Client.php(403): Google\Auth\OAuth2->buildFullAuthorizationUri()
 2 APPPATH\Views\frontend\homepage\common\modal_login.php(4): Google\Client->createAuthUrl()
 3 SYSTEMPATH\View\View.php(213): include('APPPATH\\Views\\frontend\\homepage\\common\\modal_login.php')
 4 SYSTEMPATH\View\View.php(216): CodeIgniter\View\View->CodeIgniter\View\{closure}()
 5 SYSTEMPATH\Common.php(1142): CodeIgniter\View\View->render()
 6 APPPATH\Views\frontend\homepage\common\header.php(62): view()
 7 SYSTEMPATH\View\View.php(213): include('APPPATH\\Views\\frontend\\homepage\\common\\header.php')
 8 SYSTEMPATH\View\View.php(216): CodeIgniter\View\View->CodeIgniter\View\{closure}()
 9 SYSTEMPATH\Common.php(1142): CodeIgniter\View\View->render()
10 APPPATH\Views\frontend\homepage\layout\home.php(74): view()
11 SYSTEMPATH\View\View.php(213): include('APPPATH\\Views\\frontend\\homepage\\layout\\home.php')
12 SYSTEMPATH\View\View.php(216): CodeIgniter\View\View->CodeIgniter\View\{closure}()
13 SYSTEMPATH\Common.php(1142): CodeIgniter\View\View->render()
14 APPPATH\Controllers\Frontend\Homepage\Home.php(71): view()
15 SYSTEMPATH\CodeIgniter.php(904): App\Controllers\Frontend\Homepage\Home->index()
16 SYSTEMPATH\CodeIgniter.php(457): CodeIgniter\CodeIgniter->runController()
17 SYSTEMPATH\CodeIgniter.php(340): CodeIgniter\CodeIgniter->handleRequest()
18 FCPATH\index.php(67): CodeIgniter\CodeIgniter->run()
CRITICAL - 2022-09-02 12:26:53 --> Undefined variable: google_client
in APPPATH\Controllers\Frontend\Auth\Gmail.php on line 17.
 1 APPPATH\Controllers\Frontend\Auth\Gmail.php(17): CodeIgniter\Debug\Exceptions->errorHandler()
 2 SYSTEMPATH\CodeIgniter.php(904): App\Controllers\Frontend\Auth\Gmail->login()
 3 SYSTEMPATH\CodeIgniter.php(457): CodeIgniter\CodeIgniter->runController()
 4 SYSTEMPATH\CodeIgniter.php(340): CodeIgniter\CodeIgniter->handleRequest()
 5 FCPATH\index.php(67): CodeIgniter\CodeIgniter->run()
CRITICAL - 2022-09-02 12:39:41 --> Class 'App\Controllers\Frontend\Auth\Google_Service_Oauth2' not found
in APPPATH\Controllers\Frontend\Auth\Gmail.php on line 32.
 1 SYSTEMPATH\CodeIgniter.php(904): App\Controllers\Frontend\Auth\Gmail->login()
 2 SYSTEMPATH\CodeIgniter.php(457): CodeIgniter\CodeIgniter->runController()
 3 SYSTEMPATH\CodeIgniter.php(340): CodeIgniter\CodeIgniter->handleRequest()
 4 FCPATH\index.php(67): CodeIgniter\CodeIgniter->run()
CRITICAL - 2022-09-02 12:59:05 --> Unknown column 'user_image' in 'field list'
in SYSTEMPATH\Database\MySQLi\Connection.php on line 292.
 1 SYSTEMPATH\Database\MySQLi\Connection.php(292): mysqli->query()
 2 SYSTEMPATH\Database\BaseConnection.php(693): CodeIgniter\Database\MySQLi\Connection->execute()
 3 SYSTEMPATH\Database\BaseConnection.php(620): CodeIgniter\Database\BaseConnection->simpleQuery()
 4 SYSTEMPATH\Database\BaseBuilder.php(1916): CodeIgniter\Database\BaseConnection->query()
 5 APPPATH\Models\AutoloadModel.php(90): CodeIgniter\Database\BaseBuilder->insert()
 6 APPPATH\Controllers\Frontend\Auth\Gmail.php(74): App\Models\AutoloadModel->_insert()
 7 APPPATH\Controllers\Frontend\Auth\Gmail.php(47): App\Controllers\Frontend\Auth\Gmail->insert_new_account_social()
 8 SYSTEMPATH\CodeIgniter.php(904): App\Controllers\Frontend\Auth\Gmail->login()
 9 SYSTEMPATH\CodeIgniter.php(457): CodeIgniter\CodeIgniter->runController()
10 SYSTEMPATH\CodeIgniter.php(340): CodeIgniter\CodeIgniter->handleRequest()
11 FCPATH\index.php(67): CodeIgniter\CodeIgniter->run()
CRITICAL - 2022-09-02 13:12:32 --> The namespace delimiter is a backslash (\), not a slash (/). Route handler: {0}
in SYSTEMPATH\Router\Router.php on line 466.
 1 SYSTEMPATH\Router\Router.php(466): CodeIgniter\Router\Exceptions\RouterException::forInvalidControllerName()
 2 SYSTEMPATH\Router\Router.php(181): CodeIgniter\Router\Router->checkRoutes()
 3 SYSTEMPATH\CodeIgniter.php(779): CodeIgniter\Router\Router->handle()
 4 SYSTEMPATH\CodeIgniter.php(406): CodeIgniter\CodeIgniter->tryToRouteIt()
 5 SYSTEMPATH\CodeIgniter.php(340): CodeIgniter\CodeIgniter->handleRequest()
 6 FCPATH\index.php(67): CodeIgniter\CodeIgniter->run()
CRITICAL - 2022-09-02 13:12:46 --> The namespace delimiter is a backslash (\), not a slash (/). Route handler: {0}
in SYSTEMPATH\Router\Router.php on line 466.
 1 SYSTEMPATH\Router\Router.php(466): CodeIgniter\Router\Exceptions\RouterException::forInvalidControllerName()
 2 SYSTEMPATH\Router\Router.php(181): CodeIgniter\Router\Router->checkRoutes()
 3 SYSTEMPATH\CodeIgniter.php(779): CodeIgniter\Router\Router->handle()
 4 SYSTEMPATH\CodeIgniter.php(406): CodeIgniter\CodeIgniter->tryToRouteIt()
 5 SYSTEMPATH\CodeIgniter.php(340): CodeIgniter\CodeIgniter->handleRequest()
 6 FCPATH\index.php(67): CodeIgniter\CodeIgniter->run()
CRITICAL - 2022-09-02 13:12:59 --> The namespace delimiter is a backslash (\), not a slash (/). Route handler: {0}
in SYSTEMPATH\Router\Router.php on line 466.
 1 SYSTEMPATH\Router\Router.php(466): CodeIgniter\Router\Exceptions\RouterException::forInvalidControllerName()
 2 SYSTEMPATH\Router\Router.php(181): CodeIgniter\Router\Router->checkRoutes()
 3 SYSTEMPATH\CodeIgniter.php(779): CodeIgniter\Router\Router->handle()
 4 SYSTEMPATH\CodeIgniter.php(406): CodeIgniter\CodeIgniter->tryToRouteIt()
 5 SYSTEMPATH\CodeIgniter.php(340): CodeIgniter\CodeIgniter->handleRequest()
 6 FCPATH\index.php(67): CodeIgniter\CodeIgniter->run()
CRITICAL - 2022-09-02 13:13:09 --> The namespace delimiter is a backslash (\), not a slash (/). Route handler: {0}
in SYSTEMPATH\Router\Router.php on line 466.
 1 SYSTEMPATH\Router\Router.php(466): CodeIgniter\Router\Exceptions\RouterException::forInvalidControllerName()
 2 SYSTEMPATH\Router\Router.php(181): CodeIgniter\Router\Router->checkRoutes()
 3 SYSTEMPATH\CodeIgniter.php(779): CodeIgniter\Router\Router->handle()
 4 SYSTEMPATH\CodeIgniter.php(406): CodeIgniter\CodeIgniter->tryToRouteIt()
 5 SYSTEMPATH\CodeIgniter.php(340): CodeIgniter\CodeIgniter->handleRequest()
 6 FCPATH\index.php(67): CodeIgniter\CodeIgniter->run()
CRITICAL - 2022-09-02 13:13:22 --> The namespace delimiter is a backslash (\), not a slash (/). Route handler: {0}
in SYSTEMPATH\Router\Router.php on line 466.
 1 SYSTEMPATH\Router\Router.php(466): CodeIgniter\Router\Exceptions\RouterException::forInvalidControllerName()
 2 SYSTEMPATH\Router\Router.php(181): CodeIgniter\Router\Router->checkRoutes()
 3 SYSTEMPATH\CodeIgniter.php(779): CodeIgniter\Router\Router->handle()
 4 SYSTEMPATH\CodeIgniter.php(406): CodeIgniter\CodeIgniter->tryToRouteIt()
 5 SYSTEMPATH\CodeIgniter.php(340): CodeIgniter\CodeIgniter->handleRequest()
 6 FCPATH\index.php(67): CodeIgniter\CodeIgniter->run()
CRITICAL - 2022-09-02 13:15:04 --> The namespace delimiter is a backslash (\), not a slash (/). Route handler: {0}
in SYSTEMPATH\Router\Router.php on line 466.
 1 SYSTEMPATH\Router\Router.php(466): CodeIgniter\Router\Exceptions\RouterException::forInvalidControllerName()
 2 SYSTEMPATH\Router\Router.php(181): CodeIgniter\Router\Router->checkRoutes()
 3 SYSTEMPATH\CodeIgniter.php(779): CodeIgniter\Router\Router->handle()
 4 SYSTEMPATH\CodeIgniter.php(406): CodeIgniter\CodeIgniter->tryToRouteIt()
 5 SYSTEMPATH\CodeIgniter.php(340): CodeIgniter\CodeIgniter->handleRequest()
 6 FCPATH\index.php(67): CodeIgniter\CodeIgniter->run()
CRITICAL - 2022-09-02 13:15:05 --> The namespace delimiter is a backslash (\), not a slash (/). Route handler: {0}
in SYSTEMPATH\Router\Router.php on line 466.
 1 SYSTEMPATH\Router\Router.php(466): CodeIgniter\Router\Exceptions\RouterException::forInvalidControllerName()
 2 SYSTEMPATH\Router\Router.php(181): CodeIgniter\Router\Router->checkRoutes()
 3 SYSTEMPATH\CodeIgniter.php(779): CodeIgniter\Router\Router->handle()
 4 SYSTEMPATH\CodeIgniter.php(406): CodeIgniter\CodeIgniter->tryToRouteIt()
 5 SYSTEMPATH\CodeIgniter.php(340): CodeIgniter\CodeIgniter->handleRequest()
 6 FCPATH\index.php(67): CodeIgniter\CodeIgniter->run()
CRITICAL - 2022-09-02 13:15:06 --> The namespace delimiter is a backslash (\), not a slash (/). Route handler: {0}
in SYSTEMPATH\Router\Router.php on line 466.
 1 SYSTEMPATH\Router\Router.php(466): CodeIgniter\Router\Exceptions\RouterException::forInvalidControllerName()
 2 SYSTEMPATH\Router\Router.php(181): CodeIgniter\Router\Router->checkRoutes()
 3 SYSTEMPATH\CodeIgniter.php(779): CodeIgniter\Router\Router->handle()
 4 SYSTEMPATH\CodeIgniter.php(406): CodeIgniter\CodeIgniter->tryToRouteIt()
 5 SYSTEMPATH\CodeIgniter.php(340): CodeIgniter\CodeIgniter->handleRequest()
 6 FCPATH\index.php(67): CodeIgniter\CodeIgniter->run()
CRITICAL - 2022-09-02 13:16:00 --> The namespace delimiter is a backslash (\), not a slash (/). Route handler: {0}
in SYSTEMPATH\Router\Router.php on line 466.
 1 SYSTEMPATH\Router\Router.php(466): CodeIgniter\Router\Exceptions\RouterException::forInvalidControllerName()
 2 SYSTEMPATH\Router\Router.php(181): CodeIgniter\Router\Router->checkRoutes()
 3 SYSTEMPATH\CodeIgniter.php(779): CodeIgniter\Router\Router->handle()
 4 SYSTEMPATH\CodeIgniter.php(406): CodeIgniter\CodeIgniter->tryToRouteIt()
 5 SYSTEMPATH\CodeIgniter.php(340): CodeIgniter\CodeIgniter->handleRequest()
 6 FCPATH\index.php(67): CodeIgniter\CodeIgniter->run()
CRITICAL - 2022-09-02 13:16:01 --> The namespace delimiter is a backslash (\), not a slash (/). Route handler: {0}
in SYSTEMPATH\Router\Router.php on line 466.
 1 SYSTEMPATH\Router\Router.php(466): CodeIgniter\Router\Exceptions\RouterException::forInvalidControllerName()
 2 SYSTEMPATH\Router\Router.php(181): CodeIgniter\Router\Router->checkRoutes()
 3 SYSTEMPATH\CodeIgniter.php(779): CodeIgniter\Router\Router->handle()
 4 SYSTEMPATH\CodeIgniter.php(406): CodeIgniter\CodeIgniter->tryToRouteIt()
 5 SYSTEMPATH\CodeIgniter.php(340): CodeIgniter\CodeIgniter->handleRequest()
 6 FCPATH\index.php(67): CodeIgniter\CodeIgniter->run()
CRITICAL - 2022-09-02 13:18:18 --> Undefined index: id
in APPPATH\Controllers\Frontend\Auth\Gmail.php on line 93.
 1 APPPATH\Controllers\Frontend\Auth\Gmail.php(93): CodeIgniter\Debug\Exceptions->errorHandler()
 2 APPPATH\Controllers\Frontend\Auth\Gmail.php(52): App\Controllers\Frontend\Auth\Gmail->login_social()
 3 SYSTEMPATH\CodeIgniter.php(904): App\Controllers\Frontend\Auth\Gmail->login()
 4 SYSTEMPATH\CodeIgniter.php(457): CodeIgniter\CodeIgniter->runController()
 5 SYSTEMPATH\CodeIgniter.php(340): CodeIgniter\CodeIgniter->handleRequest()
 6 FCPATH\index.php(67): CodeIgniter\CodeIgniter->run()
CRITICAL - 2022-09-02 13:18:52 --> Undefined index: id
in APPPATH\Controllers\Frontend\Auth\DetailUser.php on line 22.
 1 APPPATH\Controllers\Frontend\Auth\DetailUser.php(22): CodeIgniter\Debug\Exceptions->errorHandler()
 2 SYSTEMPATH\CodeIgniter.php(904): App\Controllers\Frontend\Auth\DetailUser->index()
 3 SYSTEMPATH\CodeIgniter.php(457): CodeIgniter\CodeIgniter->runController()
 4 SYSTEMPATH\CodeIgniter.php(340): CodeIgniter\CodeIgniter->handleRequest()
 5 FCPATH\index.php(67): CodeIgniter\CodeIgniter->run()
CRITICAL - 2022-09-02 13:19:47 --> Undefined index: id
in APPPATH\Controllers\Frontend\Auth\DetailUser.php on line 22.
 1 APPPATH\Controllers\Frontend\Auth\DetailUser.php(22): CodeIgniter\Debug\Exceptions->errorHandler()
 2 SYSTEMPATH\CodeIgniter.php(904): App\Controllers\Frontend\Auth\DetailUser->index()
 3 SYSTEMPATH\CodeIgniter.php(457): CodeIgniter\CodeIgniter->runController()
 4 SYSTEMPATH\CodeIgniter.php(340): CodeIgniter\CodeIgniter->handleRequest()
 5 FCPATH\index.php(67): CodeIgniter\CodeIgniter->run()
