CRITICAL - 2021-08-12 01:07:16 --> Array to string conversion
#0 G:\OpenServer\domains\htvietnam.com.va\app\Views\frontend\homepage\common\header.php(13): CodeIgniter\Debug\Exceptions->errorHandler(8, 'Array to string...', 'G:\\OpenServer\\d...', 13, Array)
#1 G:\OpenServer\domains\htvietnam.com.va\vendor\codeigniter4\framework\system\View\View.php(246): include('G:\\OpenServer\\d...')
#2 G:\OpenServer\domains\htvietnam.com.va\vendor\codeigniter4\framework\system\Common.php(1119): CodeIgniter\View\View->render('frontend/homepa...', Array, true)
#3 G:\OpenServer\domains\htvietnam.com.va\app\Views\frontend\homepage\layout\home.php(78): view('frontend/homepa...')
#4 G:\OpenServer\domains\htvietnam.com.va\vendor\codeigniter4\framework\system\View\View.php(246): include('G:\\OpenServer\\d...')
#5 G:\OpenServer\domains\htvietnam.com.va\vendor\codeigniter4\framework\system\Common.php(1119): CodeIgniter\View\View->render('frontend/homepa...', Array, true)
#6 G:\OpenServer\domains\htvietnam.com.va\app\Controllers\Frontend\Homepage\Home.php(31): view('frontend/homepa...', Array)
#7 G:\OpenServer\domains\htvietnam.com.va\vendor\codeigniter4\framework\system\CodeIgniter.php(918): App\Controllers\Frontend\Homepage\Home->index()
#8 G:\OpenServer\domains\htvietnam.com.va\vendor\codeigniter4\framework\system\CodeIgniter.php(404): CodeIgniter\CodeIgniter->runController(Object(App\Controllers\Frontend\Homepage\Home))
#9 G:\OpenServer\domains\htvietnam.com.va\vendor\codeigniter4\framework\system\CodeIgniter.php(312): CodeIgniter\CodeIgniter->handleRequest(NULL, Object(Config\Cache), false)
#10 G:\OpenServer\domains\htvietnam.com.va\index.php(48): CodeIgniter\CodeIgniter->run()
#11 {main}
CRITICAL - 2021-08-12 01:07:24 --> Array to string conversion
#0 G:\OpenServer\domains\htvietnam.com.va\app\Views\frontend\homepage\common\header.php(13): CodeIgniter\Debug\Exceptions->errorHandler(8, 'Array to string...', 'G:\\OpenServer\\d...', 13, Array)
#1 G:\OpenServer\domains\htvietnam.com.va\vendor\codeigniter4\framework\system\View\View.php(246): include('G:\\OpenServer\\d...')
#2 G:\OpenServer\domains\htvietnam.com.va\vendor\codeigniter4\framework\system\Common.php(1119): CodeIgniter\View\View->render('frontend/homepa...', Array, true)
#3 G:\OpenServer\domains\htvietnam.com.va\app\Views\frontend\homepage\layout\home.php(78): view('frontend/homepa...')
#4 G:\OpenServer\domains\htvietnam.com.va\vendor\codeigniter4\framework\system\View\View.php(246): include('G:\\OpenServer\\d...')
#5 G:\OpenServer\domains\htvietnam.com.va\vendor\codeigniter4\framework\system\Common.php(1119): CodeIgniter\View\View->render('frontend/homepa...', Array, true)
#6 G:\OpenServer\domains\htvietnam.com.va\app\Controllers\Frontend\Homepage\Home.php(31): view('frontend/homepa...', Array)
#7 G:\OpenServer\domains\htvietnam.com.va\vendor\codeigniter4\framework\system\CodeIgniter.php(918): App\Controllers\Frontend\Homepage\Home->index()
#8 G:\OpenServer\domains\htvietnam.com.va\vendor\codeigniter4\framework\system\CodeIgniter.php(404): CodeIgniter\CodeIgniter->runController(Object(App\Controllers\Frontend\Homepage\Home))
#9 G:\OpenServer\domains\htvietnam.com.va\vendor\codeigniter4\framework\system\CodeIgniter.php(312): CodeIgniter\CodeIgniter->handleRequest(NULL, Object(Config\Cache), false)
#10 G:\OpenServer\domains\htvietnam.com.va\index.php(48): CodeIgniter\CodeIgniter->run()
#11 {main}
CRITICAL - 2021-08-12 01:08:06 --> Array to string conversion
#0 G:\OpenServer\domains\htvietnam.com.va\app\Views\frontend\homepage\common\header.php(13): CodeIgniter\Debug\Exceptions->errorHandler(8, 'Array to string...', 'G:\\OpenServer\\d...', 13, Array)
#1 G:\OpenServer\domains\htvietnam.com.va\vendor\codeigniter4\framework\system\View\View.php(246): include('G:\\OpenServer\\d...')
#2 G:\OpenServer\domains\htvietnam.com.va\vendor\codeigniter4\framework\system\Common.php(1119): CodeIgniter\View\View->render('frontend/homepa...', Array, true)
#3 G:\OpenServer\domains\htvietnam.com.va\app\Views\frontend\homepage\layout\home.php(78): view('frontend/homepa...')
#4 G:\OpenServer\domains\htvietnam.com.va\vendor\codeigniter4\framework\system\View\View.php(246): include('G:\\OpenServer\\d...')
#5 G:\OpenServer\domains\htvietnam.com.va\vendor\codeigniter4\framework\system\Common.php(1119): CodeIgniter\View\View->render('frontend/homepa...', Array, true)
#6 G:\OpenServer\domains\htvietnam.com.va\app\Controllers\Frontend\Homepage\Home.php(31): view('frontend/homepa...', Array)
#7 G:\OpenServer\domains\htvietnam.com.va\vendor\codeigniter4\framework\system\CodeIgniter.php(918): App\Controllers\Frontend\Homepage\Home->index()
#8 G:\OpenServer\domains\htvietnam.com.va\vendor\codeigniter4\framework\system\CodeIgniter.php(404): CodeIgniter\CodeIgniter->runController(Object(App\Controllers\Frontend\Homepage\Home))
#9 G:\OpenServer\domains\htvietnam.com.va\vendor\codeigniter4\framework\system\CodeIgniter.php(312): CodeIgniter\CodeIgniter->handleRequest(NULL, Object(Config\Cache), false)
#10 G:\OpenServer\domains\htvietnam.com.va\index.php(48): CodeIgniter\CodeIgniter->run()
#11 {main}
CRITICAL - 2021-08-12 01:08:33 --> Array to string conversion
#0 G:\OpenServer\domains\htvietnam.com.va\app\Views\frontend\homepage\common\header.php(13): CodeIgniter\Debug\Exceptions->errorHandler(8, 'Array to string...', 'G:\\OpenServer\\d...', 13, Array)
#1 G:\OpenServer\domains\htvietnam.com.va\vendor\codeigniter4\framework\system\View\View.php(246): include('G:\\OpenServer\\d...')
#2 G:\OpenServer\domains\htvietnam.com.va\vendor\codeigniter4\framework\system\Common.php(1119): CodeIgniter\View\View->render('frontend/homepa...', Array, true)
#3 G:\OpenServer\domains\htvietnam.com.va\app\Views\frontend\homepage\layout\home.php(78): view('frontend/homepa...')
#4 G:\OpenServer\domains\htvietnam.com.va\vendor\codeigniter4\framework\system\View\View.php(246): include('G:\\OpenServer\\d...')
#5 G:\OpenServer\domains\htvietnam.com.va\vendor\codeigniter4\framework\system\Common.php(1119): CodeIgniter\View\View->render('frontend/homepa...', Array, true)
#6 G:\OpenServer\domains\htvietnam.com.va\app\Controllers\Frontend\Homepage\Home.php(31): view('frontend/homepa...', Array)
#7 G:\OpenServer\domains\htvietnam.com.va\vendor\codeigniter4\framework\system\CodeIgniter.php(918): App\Controllers\Frontend\Homepage\Home->index()
#8 G:\OpenServer\domains\htvietnam.com.va\vendor\codeigniter4\framework\system\CodeIgniter.php(404): CodeIgniter\CodeIgniter->runController(Object(App\Controllers\Frontend\Homepage\Home))
#9 G:\OpenServer\domains\htvietnam.com.va\vendor\codeigniter4\framework\system\CodeIgniter.php(312): CodeIgniter\CodeIgniter->handleRequest(NULL, Object(Config\Cache), false)
#10 G:\OpenServer\domains\htvietnam.com.va\index.php(48): CodeIgniter\CodeIgniter->run()
#11 {main}
CRITICAL - 2021-08-12 01:10:44 --> Array to string conversion
#0 G:\OpenServer\domains\htvietnam.com.va\app\Views\frontend\homepage\common\header.php(13): CodeIgniter\Debug\Exceptions->errorHandler(8, 'Array to string...', 'G:\\OpenServer\\d...', 13, Array)
#1 G:\OpenServer\domains\htvietnam.com.va\vendor\codeigniter4\framework\system\View\View.php(246): include('G:\\OpenServer\\d...')
#2 G:\OpenServer\domains\htvietnam.com.va\vendor\codeigniter4\framework\system\Common.php(1119): CodeIgniter\View\View->render('frontend/homepa...', Array, true)
#3 G:\OpenServer\domains\htvietnam.com.va\app\Views\frontend\homepage\layout\home.php(78): view('frontend/homepa...')
#4 G:\OpenServer\domains\htvietnam.com.va\vendor\codeigniter4\framework\system\View\View.php(246): include('G:\\OpenServer\\d...')
#5 G:\OpenServer\domains\htvietnam.com.va\vendor\codeigniter4\framework\system\Common.php(1119): CodeIgniter\View\View->render('frontend/homepa...', Array, true)
#6 G:\OpenServer\domains\htvietnam.com.va\app\Controllers\Frontend\Homepage\Home.php(31): view('frontend/homepa...', Array)
#7 G:\OpenServer\domains\htvietnam.com.va\vendor\codeigniter4\framework\system\CodeIgniter.php(918): App\Controllers\Frontend\Homepage\Home->index()
#8 G:\OpenServer\domains\htvietnam.com.va\vendor\codeigniter4\framework\system\CodeIgniter.php(404): CodeIgniter\CodeIgniter->runController(Object(App\Controllers\Frontend\Homepage\Home))
#9 G:\OpenServer\domains\htvietnam.com.va\vendor\codeigniter4\framework\system\CodeIgniter.php(312): CodeIgniter\CodeIgniter->handleRequest(NULL, Object(Config\Cache), false)
#10 G:\OpenServer\domains\htvietnam.com.va\index.php(48): CodeIgniter\CodeIgniter->run()
#11 {main}
CRITICAL - 2021-08-12 01:10:56 --> Array to string conversion
#0 G:\OpenServer\domains\htvietnam.com.va\app\Views\frontend\homepage\common\header.php(13): CodeIgniter\Debug\Exceptions->errorHandler(8, 'Array to string...', 'G:\\OpenServer\\d...', 13, Array)
#1 G:\OpenServer\domains\htvietnam.com.va\vendor\codeigniter4\framework\system\View\View.php(246): include('G:\\OpenServer\\d...')
#2 G:\OpenServer\domains\htvietnam.com.va\vendor\codeigniter4\framework\system\Common.php(1119): CodeIgniter\View\View->render('frontend/homepa...', Array, true)
#3 G:\OpenServer\domains\htvietnam.com.va\app\Views\frontend\homepage\layout\home.php(78): view('frontend/homepa...')
#4 G:\OpenServer\domains\htvietnam.com.va\vendor\codeigniter4\framework\system\View\View.php(246): include('G:\\OpenServer\\d...')
#5 G:\OpenServer\domains\htvietnam.com.va\vendor\codeigniter4\framework\system\Common.php(1119): CodeIgniter\View\View->render('frontend/homepa...', Array, true)
#6 G:\OpenServer\domains\htvietnam.com.va\app\Controllers\Frontend\Homepage\Home.php(31): view('frontend/homepa...', Array)
#7 G:\OpenServer\domains\htvietnam.com.va\vendor\codeigniter4\framework\system\CodeIgniter.php(918): App\Controllers\Frontend\Homepage\Home->index()
#8 G:\OpenServer\domains\htvietnam.com.va\vendor\codeigniter4\framework\system\CodeIgniter.php(404): CodeIgniter\CodeIgniter->runController(Object(App\Controllers\Frontend\Homepage\Home))
#9 G:\OpenServer\domains\htvietnam.com.va\vendor\codeigniter4\framework\system\CodeIgniter.php(312): CodeIgniter\CodeIgniter->handleRequest(NULL, Object(Config\Cache), false)
#10 G:\OpenServer\domains\htvietnam.com.va\index.php(48): CodeIgniter\CodeIgniter->run()
#11 {main}
CRITICAL - 2021-08-12 01:11:25 --> Array to string conversion
#0 G:\OpenServer\domains\htvietnam.com.va\app\Views\frontend\homepage\common\header.php(13): CodeIgniter\Debug\Exceptions->errorHandler(8, 'Array to string...', 'G:\\OpenServer\\d...', 13, Array)
#1 G:\OpenServer\domains\htvietnam.com.va\vendor\codeigniter4\framework\system\View\View.php(246): include('G:\\OpenServer\\d...')
#2 G:\OpenServer\domains\htvietnam.com.va\vendor\codeigniter4\framework\system\Common.php(1119): CodeIgniter\View\View->render('frontend/homepa...', Array, true)
#3 G:\OpenServer\domains\htvietnam.com.va\app\Views\frontend\homepage\layout\home.php(78): view('frontend/homepa...')
#4 G:\OpenServer\domains\htvietnam.com.va\vendor\codeigniter4\framework\system\View\View.php(246): include('G:\\OpenServer\\d...')
#5 G:\OpenServer\domains\htvietnam.com.va\vendor\codeigniter4\framework\system\Common.php(1119): CodeIgniter\View\View->render('frontend/homepa...', Array, true)
#6 G:\OpenServer\domains\htvietnam.com.va\app\Controllers\Frontend\Homepage\Home.php(31): view('frontend/homepa...', Array)
#7 G:\OpenServer\domains\htvietnam.com.va\vendor\codeigniter4\framework\system\CodeIgniter.php(918): App\Controllers\Frontend\Homepage\Home->index()
#8 G:\OpenServer\domains\htvietnam.com.va\vendor\codeigniter4\framework\system\CodeIgniter.php(404): CodeIgniter\CodeIgniter->runController(Object(App\Controllers\Frontend\Homepage\Home))
#9 G:\OpenServer\domains\htvietnam.com.va\vendor\codeigniter4\framework\system\CodeIgniter.php(312): CodeIgniter\CodeIgniter->handleRequest(NULL, Object(Config\Cache), false)
#10 G:\OpenServer\domains\htvietnam.com.va\index.php(48): CodeIgniter\CodeIgniter->run()
#11 {main}
CRITICAL - 2021-08-12 01:11:57 --> Array to string conversion
#0 G:\OpenServer\domains\htvietnam.com.va\app\Views\frontend\homepage\common\header.php(13): CodeIgniter\Debug\Exceptions->errorHandler(8, 'Array to string...', 'G:\\OpenServer\\d...', 13, Array)
#1 G:\OpenServer\domains\htvietnam.com.va\vendor\codeigniter4\framework\system\View\View.php(246): include('G:\\OpenServer\\d...')
#2 G:\OpenServer\domains\htvietnam.com.va\vendor\codeigniter4\framework\system\Common.php(1119): CodeIgniter\View\View->render('frontend/homepa...', Array, true)
#3 G:\OpenServer\domains\htvietnam.com.va\app\Views\frontend\homepage\layout\home.php(78): view('frontend/homepa...')
#4 G:\OpenServer\domains\htvietnam.com.va\vendor\codeigniter4\framework\system\View\View.php(246): include('G:\\OpenServer\\d...')
#5 G:\OpenServer\domains\htvietnam.com.va\vendor\codeigniter4\framework\system\Common.php(1119): CodeIgniter\View\View->render('frontend/homepa...', Array, true)
#6 G:\OpenServer\domains\htvietnam.com.va\app\Controllers\Frontend\Homepage\Home.php(31): view('frontend/homepa...', Array)
#7 G:\OpenServer\domains\htvietnam.com.va\vendor\codeigniter4\framework\system\CodeIgniter.php(918): App\Controllers\Frontend\Homepage\Home->index()
#8 G:\OpenServer\domains\htvietnam.com.va\vendor\codeigniter4\framework\system\CodeIgniter.php(404): CodeIgniter\CodeIgniter->runController(Object(App\Controllers\Frontend\Homepage\Home))
#9 G:\OpenServer\domains\htvietnam.com.va\vendor\codeigniter4\framework\system\CodeIgniter.php(312): CodeIgniter\CodeIgniter->handleRequest(NULL, Object(Config\Cache), false)
#10 G:\OpenServer\domains\htvietnam.com.va\index.php(48): CodeIgniter\CodeIgniter->run()
#11 {main}
CRITICAL - 2021-08-12 01:12:20 --> Array to string conversion
#0 G:\OpenServer\domains\htvietnam.com.va\app\Views\frontend\homepage\common\header.php(13): CodeIgniter\Debug\Exceptions->errorHandler(8, 'Array to string...', 'G:\\OpenServer\\d...', 13, Array)
#1 G:\OpenServer\domains\htvietnam.com.va\vendor\codeigniter4\framework\system\View\View.php(246): include('G:\\OpenServer\\d...')
#2 G:\OpenServer\domains\htvietnam.com.va\vendor\codeigniter4\framework\system\Common.php(1119): CodeIgniter\View\View->render('frontend/homepa...', Array, true)
#3 G:\OpenServer\domains\htvietnam.com.va\app\Views\frontend\homepage\layout\home.php(78): view('frontend/homepa...')
#4 G:\OpenServer\domains\htvietnam.com.va\vendor\codeigniter4\framework\system\View\View.php(246): include('G:\\OpenServer\\d...')
#5 G:\OpenServer\domains\htvietnam.com.va\vendor\codeigniter4\framework\system\Common.php(1119): CodeIgniter\View\View->render('frontend/homepa...', Array, true)
#6 G:\OpenServer\domains\htvietnam.com.va\app\Controllers\Frontend\Homepage\Home.php(31): view('frontend/homepa...', Array)
#7 G:\OpenServer\domains\htvietnam.com.va\vendor\codeigniter4\framework\system\CodeIgniter.php(918): App\Controllers\Frontend\Homepage\Home->index()
#8 G:\OpenServer\domains\htvietnam.com.va\vendor\codeigniter4\framework\system\CodeIgniter.php(404): CodeIgniter\CodeIgniter->runController(Object(App\Controllers\Frontend\Homepage\Home))
#9 G:\OpenServer\domains\htvietnam.com.va\vendor\codeigniter4\framework\system\CodeIgniter.php(312): CodeIgniter\CodeIgniter->handleRequest(NULL, Object(Config\Cache), false)
#10 G:\OpenServer\domains\htvietnam.com.va\index.php(48): CodeIgniter\CodeIgniter->run()
#11 {main}
CRITICAL - 2021-08-12 01:12:23 --> Array to string conversion
#0 G:\OpenServer\domains\htvietnam.com.va\app\Views\frontend\homepage\common\header.php(13): CodeIgniter\Debug\Exceptions->errorHandler(8, 'Array to string...', 'G:\\OpenServer\\d...', 13, Array)
#1 G:\OpenServer\domains\htvietnam.com.va\vendor\codeigniter4\framework\system\View\View.php(246): include('G:\\OpenServer\\d...')
#2 G:\OpenServer\domains\htvietnam.com.va\vendor\codeigniter4\framework\system\Common.php(1119): CodeIgniter\View\View->render('frontend/homepa...', Array, true)
#3 G:\OpenServer\domains\htvietnam.com.va\app\Views\frontend\homepage\layout\home.php(78): view('frontend/homepa...')
#4 G:\OpenServer\domains\htvietnam.com.va\vendor\codeigniter4\framework\system\View\View.php(246): include('G:\\OpenServer\\d...')
#5 G:\OpenServer\domains\htvietnam.com.va\vendor\codeigniter4\framework\system\Common.php(1119): CodeIgniter\View\View->render('frontend/homepa...', Array, true)
#6 G:\OpenServer\domains\htvietnam.com.va\app\Controllers\Frontend\Homepage\Home.php(31): view('frontend/homepa...', Array)
#7 G:\OpenServer\domains\htvietnam.com.va\vendor\codeigniter4\framework\system\CodeIgniter.php(918): App\Controllers\Frontend\Homepage\Home->index()
#8 G:\OpenServer\domains\htvietnam.com.va\vendor\codeigniter4\framework\system\CodeIgniter.php(404): CodeIgniter\CodeIgniter->runController(Object(App\Controllers\Frontend\Homepage\Home))
#9 G:\OpenServer\domains\htvietnam.com.va\vendor\codeigniter4\framework\system\CodeIgniter.php(312): CodeIgniter\CodeIgniter->handleRequest(NULL, Object(Config\Cache), false)
#10 G:\OpenServer\domains\htvietnam.com.va\index.php(48): CodeIgniter\CodeIgniter->run()
#11 {main}
CRITICAL - 2021-08-12 01:53:40 --> Undefined variable: data
#0 G:\OpenServer\domains\htvietnam.com.va\app\Controllers\Backend\Menu\Libraries\Configbie.php(38): CodeIgniter\Debug\Exceptions->errorHandler(8, 'Undefined varia...', 'G:\\OpenServer\\d...', 38, Array)
#1 G:\OpenServer\domains\htvietnam.com.va\app\Controllers\Backend\Menu\Menu.php(243): App\Controllers\Backend\Menu\Libraries\ConfigBie->menu('en')
#2 G:\OpenServer\domains\htvietnam.com.va\vendor\codeigniter4\framework\system\CodeIgniter.php(918): App\Controllers\Backend\Menu\Menu->create('1', 'en')
#3 G:\OpenServer\domains\htvietnam.com.va\vendor\codeigniter4\framework\system\CodeIgniter.php(404): CodeIgniter\CodeIgniter->runController(Object(App\Controllers\Backend\Menu\Menu))
#4 G:\OpenServer\domains\htvietnam.com.va\vendor\codeigniter4\framework\system\CodeIgniter.php(312): CodeIgniter\CodeIgniter->handleRequest(NULL, Object(Config\Cache), false)
#5 G:\OpenServer\domains\htvietnam.com.va\index.php(48): CodeIgniter\CodeIgniter->run()
#6 {main}
CRITICAL - 2021-08-12 02:08:15 --> Undefined variable: totalTime
#0 G:\OpenServer\domains\htvietnam.com.va\vendor\codeigniter4\framework\system\Debug\Toolbar\Views\toolbar.tpl.php(56): CodeIgniter\Debug\Exceptions->errorHandler(8, 'Undefined varia...', 'G:\\OpenServer\\d...', 56, Array)
#1 G:\OpenServer\domains\htvietnam.com.va\vendor\codeigniter4\framework\system\Debug\Toolbar.php(498): include('G:\\OpenServer\\d...')
#2 G:\OpenServer\domains\htvietnam.com.va\vendor\codeigniter4\framework\system\Debug\Toolbar.php(455): CodeIgniter\Debug\Toolbar->format(Array, 'html')
#3 G:\OpenServer\domains\htvietnam.com.va\app\Config\Events.php(44): CodeIgniter\Debug\Toolbar->respond()
#4 [internal function]: CodeIgniter\Events\Events::Config\{closure}()
#5 G:\OpenServer\domains\htvietnam.com.va\vendor\codeigniter4\framework\system\Events\Events.php(188): call_user_func(Object(Closure))
#6 G:\OpenServer\domains\htvietnam.com.va\vendor\codeigniter4\framework\system\CodeIgniter.php(293): CodeIgniter\Events\Events::trigger('pre_system')
#7 G:\OpenServer\domains\htvietnam.com.va\index.php(48): CodeIgniter\CodeIgniter->run()
#8 {main}
CRITICAL - 2021-08-12 02:15:57 --> Call to undefined function App\Controllers\prE()
#0 G:\OpenServer\domains\htvietnam.com.va\app\Controllers\Frontend\Homepage\Home.php(11): App\Controllers\FrontendController->currentLanguage()
#1 G:\OpenServer\domains\htvietnam.com.va\vendor\codeigniter4\framework\system\CodeIgniter.php(890): App\Controllers\Frontend\Homepage\Home->__construct()
#2 G:\OpenServer\domains\htvietnam.com.va\vendor\codeigniter4\framework\system\CodeIgniter.php(399): CodeIgniter\CodeIgniter->createController()
#3 G:\OpenServer\domains\htvietnam.com.va\vendor\codeigniter4\framework\system\CodeIgniter.php(312): CodeIgniter\CodeIgniter->handleRequest(NULL, Object(Config\Cache), false)
#4 G:\OpenServer\domains\htvietnam.com.va\index.php(48): CodeIgniter\CodeIgniter->run()
#5 {main}
CRITICAL - 2021-08-12 10:58:45 --> Undefined index: login
#0 G:\OpenServer\domains\htvietnam.com.va\app\Views\backend\media\catalogue\index.php(97): CodeIgniter\Debug\Exceptions->errorHandler(8, 'Undefined index...', 'G:\\OpenServer\\d...', 97, Array)
#1 G:\OpenServer\domains\htvietnam.com.va\vendor\codeigniter4\framework\system\View\View.php(246): include('G:\\OpenServer\\d...')
#2 G:\OpenServer\domains\htvietnam.com.va\vendor\codeigniter4\framework\system\Common.php(1119): CodeIgniter\View\View->render('backend/media/c...', Array, true)
#3 G:\OpenServer\domains\htvietnam.com.va\app\Views\backend\dashboard\layout\home.php(44): view('backend/media/c...')
#4 G:\OpenServer\domains\htvietnam.com.va\vendor\codeigniter4\framework\system\View\View.php(246): include('G:\\OpenServer\\d...')
#5 G:\OpenServer\domains\htvietnam.com.va\vendor\codeigniter4\framework\system\Common.php(1119): CodeIgniter\View\View->render('backend/dashboa...', Array, true)
#6 G:\OpenServer\domains\htvietnam.com.va\app\Controllers\Backend\Media\Catalogue.php(75): view('backend/dashboa...', Array)
#7 G:\OpenServer\domains\htvietnam.com.va\vendor\codeigniter4\framework\system\CodeIgniter.php(918): App\Controllers\Backend\Media\Catalogue->index()
#8 G:\OpenServer\domains\htvietnam.com.va\vendor\codeigniter4\framework\system\CodeIgniter.php(404): CodeIgniter\CodeIgniter->runController(Object(App\Controllers\Backend\Media\Catalogue))
#9 G:\OpenServer\domains\htvietnam.com.va\vendor\codeigniter4\framework\system\CodeIgniter.php(312): CodeIgniter\CodeIgniter->handleRequest(NULL, Object(Config\Cache), false)
#10 G:\OpenServer\domains\htvietnam.com.va\index.php(48): CodeIgniter\CodeIgniter->run()
#11 {main}
CRITICAL - 2021-08-12 22:36:53 --> Unable to connect to the database.
#0 G:\OpenServer\domains\htvietnam.com.va\vendor\codeigniter4\framework\system\Database\BaseConnection.php(646): CodeIgniter\Database\BaseConnection->initialize()
#1 G:\OpenServer\domains\htvietnam.com.va\vendor\codeigniter4\framework\system\Database\BaseBuilder.php(1860): CodeIgniter\Database\BaseConnection->query('SELECT `id`, `e...', Array, false)
#2 G:\OpenServer\domains\htvietnam.com.va\app\Models\AutoloadModel.php(74): CodeIgniter\Database\BaseBuilder->get()
#3 G:\OpenServer\domains\htvietnam.com.va\app\Filters\Auth.php(27): App\Models\AutoloadModel->_get_where(Array)
#4 G:\OpenServer\domains\htvietnam.com.va\vendor\codeigniter4\framework\system\Filters\Filters.php(173): App\Filters\Auth->before(Object(CodeIgniter\HTTP\IncomingRequest), NULL)
#5 G:\OpenServer\domains\htvietnam.com.va\vendor\codeigniter4\framework\system\CodeIgniter.php(382): CodeIgniter\Filters\Filters->run('backend/dashboa...', 'before')
#6 G:\OpenServer\domains\htvietnam.com.va\vendor\codeigniter4\framework\system\CodeIgniter.php(312): CodeIgniter\CodeIgniter->handleRequest(NULL, Object(Config\Cache), false)
#7 G:\OpenServer\domains\htvietnam.com.va\index.php(48): CodeIgniter\CodeIgniter->run()
#8 {main}
CRITICAL - 2021-08-12 22:36:53 --> Unable to connect to the database.
#0 G:\OpenServer\domains\htvietnam.com.va\vendor\codeigniter4\framework\system\Database\BaseConnection.php(646): CodeIgniter\Database\BaseConnection->initialize()
#1 G:\OpenServer\domains\htvietnam.com.va\vendor\codeigniter4\framework\system\Database\BaseBuilder.php(1860): CodeIgniter\Database\BaseConnection->query('SELECT `keyword...', Array, false)
#2 G:\OpenServer\domains\htvietnam.com.va\app\Models\AutoloadModel.php(76): CodeIgniter\Database\BaseBuilder->get()
#3 G:\OpenServer\domains\htvietnam.com.va\app\Helpers\mydatafrontend_helper.php(129): App\Models\AutoloadModel->_get_where(Array, true)
#4 G:\OpenServer\domains\htvietnam.com.va\app\Controllers\FrontendController.php(27): get_general('en')
#5 G:\OpenServer\domains\htvietnam.com.va\vendor\codeigniter4\framework\system\CodeIgniter.php(891): App\Controllers\FrontendController->initController(Object(CodeIgniter\HTTP\IncomingRequest), Object(CodeIgniter\HTTP\Response), Object(CodeIgniter\Log\Logger))
#6 G:\OpenServer\domains\htvietnam.com.va\vendor\codeigniter4\framework\system\CodeIgniter.php(399): CodeIgniter\CodeIgniter->createController()
#7 G:\OpenServer\domains\htvietnam.com.va\vendor\codeigniter4\framework\system\CodeIgniter.php(312): CodeIgniter\CodeIgniter->handleRequest(NULL, Object(Config\Cache), false)
#8 G:\OpenServer\domains\htvietnam.com.va\index.php(48): CodeIgniter\CodeIgniter->run()
#9 {main}
