CRITICAL - 2021-06-04 02:18:35 --> Undefined index: image
#0 E:\OpenServer\domains\ht.itvc.com\app\Views\frontend\homepage\home\index.php(108): CodeIgniter\Debug\Exceptions->errorHandler(8, 'Undefined index...', 'E:\\OpenServer\\d...', 108, Array)
#1 E:\OpenServer\domains\ht.itvc.com\vendor\codeigniter4\framework\system\View\View.php(246): include('E:\\OpenServer\\d...')
#2 E:\OpenServer\domains\ht.itvc.com\vendor\codeigniter4\framework\system\Common.php(1119): CodeIgniter\View\View->render('frontend/homepa...', Array, true)
#3 E:\OpenServer\domains\ht.itvc.com\app\Views\frontend\homepage\layout\home.php(67): view('frontend/homepa...')
#4 E:\OpenServer\domains\ht.itvc.com\vendor\codeigniter4\framework\system\View\View.php(246): include('E:\\OpenServer\\d...')
#5 E:\OpenServer\domains\ht.itvc.com\vendor\codeigniter4\framework\system\Common.php(1119): CodeIgniter\View\View->render('frontend/homepa...', Array, true)
#6 E:\OpenServer\domains\ht.itvc.com\app\Controllers\Frontend\Homepage\Home.php(28): view('frontend/homepa...', Array)
#7 E:\OpenServer\domains\ht.itvc.com\vendor\codeigniter4\framework\system\CodeIgniter.php(918): App\Controllers\Frontend\Homepage\Home->index()
#8 E:\OpenServer\domains\ht.itvc.com\vendor\codeigniter4\framework\system\CodeIgniter.php(404): CodeIgniter\CodeIgniter->runController(Object(App\Controllers\Frontend\Homepage\Home))
#9 E:\OpenServer\domains\ht.itvc.com\vendor\codeigniter4\framework\system\CodeIgniter.php(312): CodeIgniter\CodeIgniter->handleRequest(NULL, Object(Config\Cache), false)
#10 E:\OpenServer\domains\ht.itvc.com\index.php(48): CodeIgniter\CodeIgniter->run()
#11 {main}
CRITICAL - 2021-06-04 02:25:02 --> Undefined index: image
#0 E:\OpenServer\domains\ht.itvc.com\app\Views\frontend\homepage\home\index.php(108): CodeIgniter\Debug\Exceptions->errorHandler(8, 'Undefined index...', 'E:\\OpenServer\\d...', 108, Array)
#1 E:\OpenServer\domains\ht.itvc.com\vendor\codeigniter4\framework\system\View\View.php(246): include('E:\\OpenServer\\d...')
#2 E:\OpenServer\domains\ht.itvc.com\vendor\codeigniter4\framework\system\Common.php(1119): CodeIgniter\View\View->render('frontend/homepa...', Array, true)
#3 E:\OpenServer\domains\ht.itvc.com\app\Views\frontend\homepage\layout\home.php(67): view('frontend/homepa...')
#4 E:\OpenServer\domains\ht.itvc.com\vendor\codeigniter4\framework\system\View\View.php(246): include('E:\\OpenServer\\d...')
#5 E:\OpenServer\domains\ht.itvc.com\vendor\codeigniter4\framework\system\Common.php(1119): CodeIgniter\View\View->render('frontend/homepa...', Array, true)
#6 E:\OpenServer\domains\ht.itvc.com\app\Controllers\Frontend\Homepage\Home.php(28): view('frontend/homepa...', Array)
#7 E:\OpenServer\domains\ht.itvc.com\vendor\codeigniter4\framework\system\CodeIgniter.php(918): App\Controllers\Frontend\Homepage\Home->index()
#8 E:\OpenServer\domains\ht.itvc.com\vendor\codeigniter4\framework\system\CodeIgniter.php(404): CodeIgniter\CodeIgniter->runController(Object(App\Controllers\Frontend\Homepage\Home))
#9 E:\OpenServer\domains\ht.itvc.com\vendor\codeigniter4\framework\system\CodeIgniter.php(312): CodeIgniter\CodeIgniter->handleRequest(NULL, Object(Config\Cache), false)
#10 E:\OpenServer\domains\ht.itvc.com\index.php(48): CodeIgniter\CodeIgniter->run()
#11 {main}
CRITICAL - 2021-06-04 02:34:41 --> syntax error, unexpected '}', expecting end of file
#0 E:\OpenServer\domains\ht.itvc.com\vendor\codeigniter4\framework\system\Common.php(1119): CodeIgniter\View\View->render('frontend/homepa...', Array, true)
#1 E:\OpenServer\domains\ht.itvc.com\app\Views\frontend\homepage\layout\home.php(67): view('frontend/homepa...')
#2 E:\OpenServer\domains\ht.itvc.com\vendor\codeigniter4\framework\system\View\View.php(246): include('E:\\OpenServer\\d...')
#3 E:\OpenServer\domains\ht.itvc.com\vendor\codeigniter4\framework\system\Common.php(1119): CodeIgniter\View\View->render('frontend/homepa...', Array, true)
#4 E:\OpenServer\domains\ht.itvc.com\app\Controllers\Frontend\Homepage\Home.php(28): view('frontend/homepa...', Array)
#5 E:\OpenServer\domains\ht.itvc.com\vendor\codeigniter4\framework\system\CodeIgniter.php(918): App\Controllers\Frontend\Homepage\Home->index()
#6 E:\OpenServer\domains\ht.itvc.com\vendor\codeigniter4\framework\system\CodeIgniter.php(404): CodeIgniter\CodeIgniter->runController(Object(App\Controllers\Frontend\Homepage\Home))
#7 E:\OpenServer\domains\ht.itvc.com\vendor\codeigniter4\framework\system\CodeIgniter.php(312): CodeIgniter\CodeIgniter->handleRequest(NULL, Object(Config\Cache), false)
#8 E:\OpenServer\domains\ht.itvc.com\index.php(48): CodeIgniter\CodeIgniter->run()
#9 {main}
CRITICAL - 2021-06-04 02:49:53 --> Undefined index: created
#0 E:\OpenServer\domains\ht.itvc.com\app\Views\frontend\homepage\home\index.php(138): CodeIgniter\Debug\Exceptions->errorHandler(8, 'Undefined index...', 'E:\\OpenServer\\d...', 138, Array)
#1 E:\OpenServer\domains\ht.itvc.com\vendor\codeigniter4\framework\system\View\View.php(246): include('E:\\OpenServer\\d...')
#2 E:\OpenServer\domains\ht.itvc.com\vendor\codeigniter4\framework\system\Common.php(1119): CodeIgniter\View\View->render('frontend/homepa...', Array, true)
#3 E:\OpenServer\domains\ht.itvc.com\app\Views\frontend\homepage\layout\home.php(67): view('frontend/homepa...')
#4 E:\OpenServer\domains\ht.itvc.com\vendor\codeigniter4\framework\system\View\View.php(246): include('E:\\OpenServer\\d...')
#5 E:\OpenServer\domains\ht.itvc.com\vendor\codeigniter4\framework\system\Common.php(1119): CodeIgniter\View\View->render('frontend/homepa...', Array, true)
#6 E:\OpenServer\domains\ht.itvc.com\app\Controllers\Frontend\Homepage\Home.php(28): view('frontend/homepa...', Array)
#7 E:\OpenServer\domains\ht.itvc.com\vendor\codeigniter4\framework\system\CodeIgniter.php(918): App\Controllers\Frontend\Homepage\Home->index()
#8 E:\OpenServer\domains\ht.itvc.com\vendor\codeigniter4\framework\system\CodeIgniter.php(404): CodeIgniter\CodeIgniter->runController(Object(App\Controllers\Frontend\Homepage\Home))
#9 E:\OpenServer\domains\ht.itvc.com\vendor\codeigniter4\framework\system\CodeIgniter.php(312): CodeIgniter\CodeIgniter->handleRequest(NULL, Object(Config\Cache), false)
#10 E:\OpenServer\domains\ht.itvc.com\index.php(48): CodeIgniter\CodeIgniter->run()
#11 {main}
CRITICAL - 2021-06-04 03:20:41 --> Undefined variable: genera
#0 E:\OpenServer\domains\ht.itvc.com\app\Views\frontend\homepage\common\footer.php(18): CodeIgniter\Debug\Exceptions->errorHandler(8, 'Undefined varia...', 'E:\\OpenServer\\d...', 18, Array)
#1 E:\OpenServer\domains\ht.itvc.com\vendor\codeigniter4\framework\system\View\View.php(246): include('E:\\OpenServer\\d...')
#2 E:\OpenServer\domains\ht.itvc.com\vendor\codeigniter4\framework\system\Common.php(1119): CodeIgniter\View\View->render('frontend/homepa...', Array, true)
#3 E:\OpenServer\domains\ht.itvc.com\app\Views\frontend\homepage\layout\home.php(68): view('frontend/homepa...')
#4 E:\OpenServer\domains\ht.itvc.com\vendor\codeigniter4\framework\system\View\View.php(246): include('E:\\OpenServer\\d...')
#5 E:\OpenServer\domains\ht.itvc.com\vendor\codeigniter4\framework\system\Common.php(1119): CodeIgniter\View\View->render('frontend/homepa...', Array, true)
#6 E:\OpenServer\domains\ht.itvc.com\app\Controllers\Frontend\Homepage\Home.php(28): view('frontend/homepa...', Array)
#7 E:\OpenServer\domains\ht.itvc.com\vendor\codeigniter4\framework\system\CodeIgniter.php(918): App\Controllers\Frontend\Homepage\Home->index()
#8 E:\OpenServer\domains\ht.itvc.com\vendor\codeigniter4\framework\system\CodeIgniter.php(404): CodeIgniter\CodeIgniter->runController(Object(App\Controllers\Frontend\Homepage\Home))
#9 E:\OpenServer\domains\ht.itvc.com\vendor\codeigniter4\framework\system\CodeIgniter.php(312): CodeIgniter\CodeIgniter->handleRequest(NULL, Object(Config\Cache), false)
#10 E:\OpenServer\domains\ht.itvc.com\index.php(48): CodeIgniter\CodeIgniter->run()
#11 {main}
CRITICAL - 2021-06-04 03:20:49 --> Undefined variable: genera
#0 E:\OpenServer\domains\ht.itvc.com\app\Views\frontend\homepage\common\footer.php(20): CodeIgniter\Debug\Exceptions->errorHandler(8, 'Undefined varia...', 'E:\\OpenServer\\d...', 20, Array)
#1 E:\OpenServer\domains\ht.itvc.com\vendor\codeigniter4\framework\system\View\View.php(246): include('E:\\OpenServer\\d...')
#2 E:\OpenServer\domains\ht.itvc.com\vendor\codeigniter4\framework\system\Common.php(1119): CodeIgniter\View\View->render('frontend/homepa...', Array, true)
#3 E:\OpenServer\domains\ht.itvc.com\app\Views\frontend\homepage\layout\home.php(68): view('frontend/homepa...')
#4 E:\OpenServer\domains\ht.itvc.com\vendor\codeigniter4\framework\system\View\View.php(246): include('E:\\OpenServer\\d...')
#5 E:\OpenServer\domains\ht.itvc.com\vendor\codeigniter4\framework\system\Common.php(1119): CodeIgniter\View\View->render('frontend/homepa...', Array, true)
#6 E:\OpenServer\domains\ht.itvc.com\app\Controllers\Frontend\Homepage\Home.php(28): view('frontend/homepa...', Array)
#7 E:\OpenServer\domains\ht.itvc.com\vendor\codeigniter4\framework\system\CodeIgniter.php(918): App\Controllers\Frontend\Homepage\Home->index()
#8 E:\OpenServer\domains\ht.itvc.com\vendor\codeigniter4\framework\system\CodeIgniter.php(404): CodeIgniter\CodeIgniter->runController(Object(App\Controllers\Frontend\Homepage\Home))
#9 E:\OpenServer\domains\ht.itvc.com\vendor\codeigniter4\framework\system\CodeIgniter.php(312): CodeIgniter\CodeIgniter->handleRequest(NULL, Object(Config\Cache), false)
#10 E:\OpenServer\domains\ht.itvc.com\index.php(48): CodeIgniter\CodeIgniter->run()
#11 {main}
CRITICAL - 2021-06-04 03:20:51 --> Undefined variable: genera
#0 E:\OpenServer\domains\ht.itvc.com\app\Views\frontend\homepage\common\footer.php(20): CodeIgniter\Debug\Exceptions->errorHandler(8, 'Undefined varia...', 'E:\\OpenServer\\d...', 20, Array)
#1 E:\OpenServer\domains\ht.itvc.com\vendor\codeigniter4\framework\system\View\View.php(246): include('E:\\OpenServer\\d...')
#2 E:\OpenServer\domains\ht.itvc.com\vendor\codeigniter4\framework\system\Common.php(1119): CodeIgniter\View\View->render('frontend/homepa...', Array, true)
#3 E:\OpenServer\domains\ht.itvc.com\app\Views\frontend\homepage\layout\home.php(68): view('frontend/homepa...')
#4 E:\OpenServer\domains\ht.itvc.com\vendor\codeigniter4\framework\system\View\View.php(246): include('E:\\OpenServer\\d...')
#5 E:\OpenServer\domains\ht.itvc.com\vendor\codeigniter4\framework\system\Common.php(1119): CodeIgniter\View\View->render('frontend/homepa...', Array, true)
#6 E:\OpenServer\domains\ht.itvc.com\app\Controllers\Frontend\Homepage\Home.php(28): view('frontend/homepa...', Array)
#7 E:\OpenServer\domains\ht.itvc.com\vendor\codeigniter4\framework\system\CodeIgniter.php(918): App\Controllers\Frontend\Homepage\Home->index()
#8 E:\OpenServer\domains\ht.itvc.com\vendor\codeigniter4\framework\system\CodeIgniter.php(404): CodeIgniter\CodeIgniter->runController(Object(App\Controllers\Frontend\Homepage\Home))
#9 E:\OpenServer\domains\ht.itvc.com\vendor\codeigniter4\framework\system\CodeIgniter.php(312): CodeIgniter\CodeIgniter->handleRequest(NULL, Object(Config\Cache), false)
#10 E:\OpenServer\domains\ht.itvc.com\index.php(48): CodeIgniter\CodeIgniter->run()
#11 {main}
CRITICAL - 2021-06-04 03:20:52 --> Undefined variable: genera
#0 E:\OpenServer\domains\ht.itvc.com\app\Views\frontend\homepage\common\footer.php(20): CodeIgniter\Debug\Exceptions->errorHandler(8, 'Undefined varia...', 'E:\\OpenServer\\d...', 20, Array)
#1 E:\OpenServer\domains\ht.itvc.com\vendor\codeigniter4\framework\system\View\View.php(246): include('E:\\OpenServer\\d...')
#2 E:\OpenServer\domains\ht.itvc.com\vendor\codeigniter4\framework\system\Common.php(1119): CodeIgniter\View\View->render('frontend/homepa...', Array, true)
#3 E:\OpenServer\domains\ht.itvc.com\app\Views\frontend\homepage\layout\home.php(68): view('frontend/homepa...')
#4 E:\OpenServer\domains\ht.itvc.com\vendor\codeigniter4\framework\system\View\View.php(246): include('E:\\OpenServer\\d...')
#5 E:\OpenServer\domains\ht.itvc.com\vendor\codeigniter4\framework\system\Common.php(1119): CodeIgniter\View\View->render('frontend/homepa...', Array, true)
#6 E:\OpenServer\domains\ht.itvc.com\app\Controllers\Frontend\Homepage\Home.php(28): view('frontend/homepa...', Array)
#7 E:\OpenServer\domains\ht.itvc.com\vendor\codeigniter4\framework\system\CodeIgniter.php(918): App\Controllers\Frontend\Homepage\Home->index()
#8 E:\OpenServer\domains\ht.itvc.com\vendor\codeigniter4\framework\system\CodeIgniter.php(404): CodeIgniter\CodeIgniter->runController(Object(App\Controllers\Frontend\Homepage\Home))
#9 E:\OpenServer\domains\ht.itvc.com\vendor\codeigniter4\framework\system\CodeIgniter.php(312): CodeIgniter\CodeIgniter->handleRequest(NULL, Object(Config\Cache), false)
#10 E:\OpenServer\domains\ht.itvc.com\index.php(48): CodeIgniter\CodeIgniter->run()
#11 {main}
CRITICAL - 2021-06-04 03:20:57 --> Undefined variable: genera
#0 E:\OpenServer\domains\ht.itvc.com\app\Views\frontend\homepage\common\footer.php(20): CodeIgniter\Debug\Exceptions->errorHandler(8, 'Undefined varia...', 'E:\\OpenServer\\d...', 20, Array)
#1 E:\OpenServer\domains\ht.itvc.com\vendor\codeigniter4\framework\system\View\View.php(246): include('E:\\OpenServer\\d...')
#2 E:\OpenServer\domains\ht.itvc.com\vendor\codeigniter4\framework\system\Common.php(1119): CodeIgniter\View\View->render('frontend/homepa...', Array, true)
#3 E:\OpenServer\domains\ht.itvc.com\app\Views\frontend\homepage\layout\home.php(68): view('frontend/homepa...')
#4 E:\OpenServer\domains\ht.itvc.com\vendor\codeigniter4\framework\system\View\View.php(246): include('E:\\OpenServer\\d...')
#5 E:\OpenServer\domains\ht.itvc.com\vendor\codeigniter4\framework\system\Common.php(1119): CodeIgniter\View\View->render('frontend/homepa...', Array, true)
#6 E:\OpenServer\domains\ht.itvc.com\app\Controllers\Frontend\Homepage\Home.php(28): view('frontend/homepa...', Array)
#7 E:\OpenServer\domains\ht.itvc.com\vendor\codeigniter4\framework\system\CodeIgniter.php(918): App\Controllers\Frontend\Homepage\Home->index()
#8 E:\OpenServer\domains\ht.itvc.com\vendor\codeigniter4\framework\system\CodeIgniter.php(404): CodeIgniter\CodeIgniter->runController(Object(App\Controllers\Frontend\Homepage\Home))
#9 E:\OpenServer\domains\ht.itvc.com\vendor\codeigniter4\framework\system\CodeIgniter.php(312): CodeIgniter\CodeIgniter->handleRequest(NULL, Object(Config\Cache), false)
#10 E:\OpenServer\domains\ht.itvc.com\index.php(48): CodeIgniter\CodeIgniter->run()
#11 {main}
CRITICAL - 2021-06-04 03:23:57 --> Undefined index: socal_facebook
#0 E:\OpenServer\domains\ht.itvc.com\app\Views\frontend\homepage\common\footer.php(25): CodeIgniter\Debug\Exceptions->errorHandler(8, 'Undefined index...', 'E:\\OpenServer\\d...', 25, Array)
#1 E:\OpenServer\domains\ht.itvc.com\vendor\codeigniter4\framework\system\View\View.php(246): include('E:\\OpenServer\\d...')
#2 E:\OpenServer\domains\ht.itvc.com\vendor\codeigniter4\framework\system\Common.php(1119): CodeIgniter\View\View->render('frontend/homepa...', Array, true)
#3 E:\OpenServer\domains\ht.itvc.com\app\Views\frontend\homepage\layout\home.php(68): view('frontend/homepa...')
#4 E:\OpenServer\domains\ht.itvc.com\vendor\codeigniter4\framework\system\View\View.php(246): include('E:\\OpenServer\\d...')
#5 E:\OpenServer\domains\ht.itvc.com\vendor\codeigniter4\framework\system\Common.php(1119): CodeIgniter\View\View->render('frontend/homepa...', Array, true)
#6 E:\OpenServer\domains\ht.itvc.com\app\Controllers\Frontend\Homepage\Home.php(28): view('frontend/homepa...', Array)
#7 E:\OpenServer\domains\ht.itvc.com\vendor\codeigniter4\framework\system\CodeIgniter.php(918): App\Controllers\Frontend\Homepage\Home->index()
#8 E:\OpenServer\domains\ht.itvc.com\vendor\codeigniter4\framework\system\CodeIgniter.php(404): CodeIgniter\CodeIgniter->runController(Object(App\Controllers\Frontend\Homepage\Home))
#9 E:\OpenServer\domains\ht.itvc.com\vendor\codeigniter4\framework\system\CodeIgniter.php(312): CodeIgniter\CodeIgniter->handleRequest(NULL, Object(Config\Cache), false)
#10 E:\OpenServer\domains\ht.itvc.com\index.php(48): CodeIgniter\CodeIgniter->run()
#11 {main}
CRITICAL - 2021-06-04 03:38:01 --> Undefined index: src
#0 E:\OpenServer\domains\ht.itvc.com\app\Helpers\mydatafrontend_helper.php(454): CodeIgniter\Debug\Exceptions->errorHandler(8, 'Undefined index...', 'E:\\OpenServer\\d...', 454, Array)
#1 E:\OpenServer\domains\ht.itvc.com\app\Views\frontend\article\catalogue\index.php(16): render_img(Array)
#2 E:\OpenServer\domains\ht.itvc.com\vendor\codeigniter4\framework\system\View\View.php(246): include('E:\\OpenServer\\d...')
#3 E:\OpenServer\domains\ht.itvc.com\vendor\codeigniter4\framework\system\Common.php(1119): CodeIgniter\View\View->render('frontend/articl...', Array, true)
#4 E:\OpenServer\domains\ht.itvc.com\app\Views\frontend\homepage\layout\home.php(67): view('frontend/articl...')
#5 E:\OpenServer\domains\ht.itvc.com\vendor\codeigniter4\framework\system\View\View.php(246): include('E:\\OpenServer\\d...')
#6 E:\OpenServer\domains\ht.itvc.com\vendor\codeigniter4\framework\system\Common.php(1119): CodeIgniter\View\View->render('frontend/homepa...', Array, true)
#7 E:\OpenServer\domains\ht.itvc.com\app\Controllers\Frontend\Article\Catalogue.php(136): view('frontend/homepa...', Array)
#8 E:\OpenServer\domains\ht.itvc.com\vendor\codeigniter4\framework\system\View\Cell.php(180): App\Controllers\Frontend\Article\Catalogue->index(6, 0)
#9 E:\OpenServer\domains\ht.itvc.com\vendor\codeigniter4\framework\system\Common.php(1140): CodeIgniter\View\Cell->render('\\App\\Controller...', 'id=6, page=1', 0, 'AppControllersF...')
#10 E:\OpenServer\domains\ht.itvc.com\app\Controllers\Frontend\Homepage\Router.php(53): view_cell('\\App\\Controller...', 'id=6, page=1')
#11 E:\OpenServer\domains\ht.itvc.com\vendor\codeigniter4\framework\system\CodeIgniter.php(918): App\Controllers\Frontend\Homepage\Router->index('tin-tuc')
#12 E:\OpenServer\domains\ht.itvc.com\vendor\codeigniter4\framework\system\CodeIgniter.php(404): CodeIgniter\CodeIgniter->runController(Object(App\Controllers\Frontend\Homepage\Router))
#13 E:\OpenServer\domains\ht.itvc.com\vendor\codeigniter4\framework\system\CodeIgniter.php(312): CodeIgniter\CodeIgniter->handleRequest(NULL, Object(Config\Cache), false)
#14 E:\OpenServer\domains\ht.itvc.com\index.php(48): CodeIgniter\CodeIgniter->run()
#15 {main}
CRITICAL - 2021-06-04 03:38:02 --> Undefined index: src
#0 E:\OpenServer\domains\ht.itvc.com\app\Helpers\mydatafrontend_helper.php(454): CodeIgniter\Debug\Exceptions->errorHandler(8, 'Undefined index...', 'E:\\OpenServer\\d...', 454, Array)
#1 E:\OpenServer\domains\ht.itvc.com\app\Views\frontend\article\catalogue\index.php(16): render_img(Array)
#2 E:\OpenServer\domains\ht.itvc.com\vendor\codeigniter4\framework\system\View\View.php(246): include('E:\\OpenServer\\d...')
#3 E:\OpenServer\domains\ht.itvc.com\vendor\codeigniter4\framework\system\Common.php(1119): CodeIgniter\View\View->render('frontend/articl...', Array, true)
#4 E:\OpenServer\domains\ht.itvc.com\app\Views\frontend\homepage\layout\home.php(67): view('frontend/articl...')
#5 E:\OpenServer\domains\ht.itvc.com\vendor\codeigniter4\framework\system\View\View.php(246): include('E:\\OpenServer\\d...')
#6 E:\OpenServer\domains\ht.itvc.com\vendor\codeigniter4\framework\system\Common.php(1119): CodeIgniter\View\View->render('frontend/homepa...', Array, true)
#7 E:\OpenServer\domains\ht.itvc.com\app\Controllers\Frontend\Article\Catalogue.php(136): view('frontend/homepa...', Array)
#8 E:\OpenServer\domains\ht.itvc.com\vendor\codeigniter4\framework\system\View\Cell.php(180): App\Controllers\Frontend\Article\Catalogue->index(6, 0)
#9 E:\OpenServer\domains\ht.itvc.com\vendor\codeigniter4\framework\system\Common.php(1140): CodeIgniter\View\Cell->render('\\App\\Controller...', 'id=6, page=1', 0, 'AppControllersF...')
#10 E:\OpenServer\domains\ht.itvc.com\app\Controllers\Frontend\Homepage\Router.php(53): view_cell('\\App\\Controller...', 'id=6, page=1')
#11 E:\OpenServer\domains\ht.itvc.com\vendor\codeigniter4\framework\system\CodeIgniter.php(918): App\Controllers\Frontend\Homepage\Router->index('tin-tuc')
#12 E:\OpenServer\domains\ht.itvc.com\vendor\codeigniter4\framework\system\CodeIgniter.php(404): CodeIgniter\CodeIgniter->runController(Object(App\Controllers\Frontend\Homepage\Router))
#13 E:\OpenServer\domains\ht.itvc.com\vendor\codeigniter4\framework\system\CodeIgniter.php(312): CodeIgniter\CodeIgniter->handleRequest(NULL, Object(Config\Cache), false)
#14 E:\OpenServer\domains\ht.itvc.com\index.php(48): CodeIgniter\CodeIgniter->run()
#15 {main}
CRITICAL - 2021-06-04 03:38:13 --> Undefined index: src
#0 E:\OpenServer\domains\ht.itvc.com\app\Helpers\mydatafrontend_helper.php(454): CodeIgniter\Debug\Exceptions->errorHandler(8, 'Undefined index...', 'E:\\OpenServer\\d...', 454, Array)
#1 E:\OpenServer\domains\ht.itvc.com\app\Views\frontend\article\catalogue\index.php(16): render_img(Array)
#2 E:\OpenServer\domains\ht.itvc.com\vendor\codeigniter4\framework\system\View\View.php(246): include('E:\\OpenServer\\d...')
#3 E:\OpenServer\domains\ht.itvc.com\vendor\codeigniter4\framework\system\Common.php(1119): CodeIgniter\View\View->render('frontend/articl...', Array, true)
#4 E:\OpenServer\domains\ht.itvc.com\app\Views\frontend\homepage\layout\home.php(67): view('frontend/articl...')
#5 E:\OpenServer\domains\ht.itvc.com\vendor\codeigniter4\framework\system\View\View.php(246): include('E:\\OpenServer\\d...')
#6 E:\OpenServer\domains\ht.itvc.com\vendor\codeigniter4\framework\system\Common.php(1119): CodeIgniter\View\View->render('frontend/homepa...', Array, true)
#7 E:\OpenServer\domains\ht.itvc.com\app\Controllers\Frontend\Article\Catalogue.php(136): view('frontend/homepa...', Array)
#8 E:\OpenServer\domains\ht.itvc.com\vendor\codeigniter4\framework\system\View\Cell.php(180): App\Controllers\Frontend\Article\Catalogue->index(6, 0)
#9 E:\OpenServer\domains\ht.itvc.com\vendor\codeigniter4\framework\system\Common.php(1140): CodeIgniter\View\Cell->render('\\App\\Controller...', 'id=6, page=1', 0, 'AppControllersF...')
#10 E:\OpenServer\domains\ht.itvc.com\app\Controllers\Frontend\Homepage\Router.php(53): view_cell('\\App\\Controller...', 'id=6, page=1')
#11 E:\OpenServer\domains\ht.itvc.com\vendor\codeigniter4\framework\system\CodeIgniter.php(918): App\Controllers\Frontend\Homepage\Router->index('tin-tuc')
#12 E:\OpenServer\domains\ht.itvc.com\vendor\codeigniter4\framework\system\CodeIgniter.php(404): CodeIgniter\CodeIgniter->runController(Object(App\Controllers\Frontend\Homepage\Router))
#13 E:\OpenServer\domains\ht.itvc.com\vendor\codeigniter4\framework\system\CodeIgniter.php(312): CodeIgniter\CodeIgniter->handleRequest(NULL, Object(Config\Cache), false)
#14 E:\OpenServer\domains\ht.itvc.com\index.php(48): CodeIgniter\CodeIgniter->run()
#15 {main}
CRITICAL - 2021-06-04 03:38:14 --> Undefined index: src
#0 E:\OpenServer\domains\ht.itvc.com\app\Helpers\mydatafrontend_helper.php(454): CodeIgniter\Debug\Exceptions->errorHandler(8, 'Undefined index...', 'E:\\OpenServer\\d...', 454, Array)
#1 E:\OpenServer\domains\ht.itvc.com\app\Views\frontend\article\catalogue\index.php(16): render_img(Array)
#2 E:\OpenServer\domains\ht.itvc.com\vendor\codeigniter4\framework\system\View\View.php(246): include('E:\\OpenServer\\d...')
#3 E:\OpenServer\domains\ht.itvc.com\vendor\codeigniter4\framework\system\Common.php(1119): CodeIgniter\View\View->render('frontend/articl...', Array, true)
#4 E:\OpenServer\domains\ht.itvc.com\app\Views\frontend\homepage\layout\home.php(67): view('frontend/articl...')
#5 E:\OpenServer\domains\ht.itvc.com\vendor\codeigniter4\framework\system\View\View.php(246): include('E:\\OpenServer\\d...')
#6 E:\OpenServer\domains\ht.itvc.com\vendor\codeigniter4\framework\system\Common.php(1119): CodeIgniter\View\View->render('frontend/homepa...', Array, true)
#7 E:\OpenServer\domains\ht.itvc.com\app\Controllers\Frontend\Article\Catalogue.php(136): view('frontend/homepa...', Array)
#8 E:\OpenServer\domains\ht.itvc.com\vendor\codeigniter4\framework\system\View\Cell.php(180): App\Controllers\Frontend\Article\Catalogue->index(6, 0)
#9 E:\OpenServer\domains\ht.itvc.com\vendor\codeigniter4\framework\system\Common.php(1140): CodeIgniter\View\Cell->render('\\App\\Controller...', 'id=6, page=1', 0, 'AppControllersF...')
#10 E:\OpenServer\domains\ht.itvc.com\app\Controllers\Frontend\Homepage\Router.php(53): view_cell('\\App\\Controller...', 'id=6, page=1')
#11 E:\OpenServer\domains\ht.itvc.com\vendor\codeigniter4\framework\system\CodeIgniter.php(918): App\Controllers\Frontend\Homepage\Router->index('tin-tuc')
#12 E:\OpenServer\domains\ht.itvc.com\vendor\codeigniter4\framework\system\CodeIgniter.php(404): CodeIgniter\CodeIgniter->runController(Object(App\Controllers\Frontend\Homepage\Router))
#13 E:\OpenServer\domains\ht.itvc.com\vendor\codeigniter4\framework\system\CodeIgniter.php(312): CodeIgniter\CodeIgniter->handleRequest(NULL, Object(Config\Cache), false)
#14 E:\OpenServer\domains\ht.itvc.com\index.php(48): CodeIgniter\CodeIgniter->run()
#15 {main}
CRITICAL - 2021-06-04 03:38:42 --> Undefined index: created_at
#0 E:\OpenServer\domains\ht.itvc.com\app\Views\frontend\article\catalogue\index.php(19): CodeIgniter\Debug\Exceptions->errorHandler(8, 'Undefined index...', 'E:\\OpenServer\\d...', 19, Array)
#1 E:\OpenServer\domains\ht.itvc.com\vendor\codeigniter4\framework\system\View\View.php(246): include('E:\\OpenServer\\d...')
#2 E:\OpenServer\domains\ht.itvc.com\vendor\codeigniter4\framework\system\Common.php(1119): CodeIgniter\View\View->render('frontend/articl...', Array, true)
#3 E:\OpenServer\domains\ht.itvc.com\app\Views\frontend\homepage\layout\home.php(67): view('frontend/articl...')
#4 E:\OpenServer\domains\ht.itvc.com\vendor\codeigniter4\framework\system\View\View.php(246): include('E:\\OpenServer\\d...')
#5 E:\OpenServer\domains\ht.itvc.com\vendor\codeigniter4\framework\system\Common.php(1119): CodeIgniter\View\View->render('frontend/homepa...', Array, true)
#6 E:\OpenServer\domains\ht.itvc.com\app\Controllers\Frontend\Article\Catalogue.php(136): view('frontend/homepa...', Array)
#7 E:\OpenServer\domains\ht.itvc.com\vendor\codeigniter4\framework\system\View\Cell.php(180): App\Controllers\Frontend\Article\Catalogue->index(6, 0)
#8 E:\OpenServer\domains\ht.itvc.com\vendor\codeigniter4\framework\system\Common.php(1140): CodeIgniter\View\Cell->render('\\App\\Controller...', 'id=6, page=1', 0, 'AppControllersF...')
#9 E:\OpenServer\domains\ht.itvc.com\app\Controllers\Frontend\Homepage\Router.php(53): view_cell('\\App\\Controller...', 'id=6, page=1')
#10 E:\OpenServer\domains\ht.itvc.com\vendor\codeigniter4\framework\system\CodeIgniter.php(918): App\Controllers\Frontend\Homepage\Router->index('tin-tuc')
#11 E:\OpenServer\domains\ht.itvc.com\vendor\codeigniter4\framework\system\CodeIgniter.php(404): CodeIgniter\CodeIgniter->runController(Object(App\Controllers\Frontend\Homepage\Router))
#12 E:\OpenServer\domains\ht.itvc.com\vendor\codeigniter4\framework\system\CodeIgniter.php(312): CodeIgniter\CodeIgniter->handleRequest(NULL, Object(Config\Cache), false)
#13 E:\OpenServer\domains\ht.itvc.com\index.php(48): CodeIgniter\CodeIgniter->run()
#14 {main}
CRITICAL - 2021-06-04 03:38:43 --> Undefined index: created_at
#0 E:\OpenServer\domains\ht.itvc.com\app\Views\frontend\article\catalogue\index.php(19): CodeIgniter\Debug\Exceptions->errorHandler(8, 'Undefined index...', 'E:\\OpenServer\\d...', 19, Array)
#1 E:\OpenServer\domains\ht.itvc.com\vendor\codeigniter4\framework\system\View\View.php(246): include('E:\\OpenServer\\d...')
#2 E:\OpenServer\domains\ht.itvc.com\vendor\codeigniter4\framework\system\Common.php(1119): CodeIgniter\View\View->render('frontend/articl...', Array, true)
#3 E:\OpenServer\domains\ht.itvc.com\app\Views\frontend\homepage\layout\home.php(67): view('frontend/articl...')
#4 E:\OpenServer\domains\ht.itvc.com\vendor\codeigniter4\framework\system\View\View.php(246): include('E:\\OpenServer\\d...')
#5 E:\OpenServer\domains\ht.itvc.com\vendor\codeigniter4\framework\system\Common.php(1119): CodeIgniter\View\View->render('frontend/homepa...', Array, true)
#6 E:\OpenServer\domains\ht.itvc.com\app\Controllers\Frontend\Article\Catalogue.php(136): view('frontend/homepa...', Array)
#7 E:\OpenServer\domains\ht.itvc.com\vendor\codeigniter4\framework\system\View\Cell.php(180): App\Controllers\Frontend\Article\Catalogue->index(6, 0)
#8 E:\OpenServer\domains\ht.itvc.com\vendor\codeigniter4\framework\system\Common.php(1140): CodeIgniter\View\Cell->render('\\App\\Controller...', 'id=6, page=1', 0, 'AppControllersF...')
#9 E:\OpenServer\domains\ht.itvc.com\app\Controllers\Frontend\Homepage\Router.php(53): view_cell('\\App\\Controller...', 'id=6, page=1')
#10 E:\OpenServer\domains\ht.itvc.com\vendor\codeigniter4\framework\system\CodeIgniter.php(918): App\Controllers\Frontend\Homepage\Router->index('tin-tuc')
#11 E:\OpenServer\domains\ht.itvc.com\vendor\codeigniter4\framework\system\CodeIgniter.php(404): CodeIgniter\CodeIgniter->runController(Object(App\Controllers\Frontend\Homepage\Router))
#12 E:\OpenServer\domains\ht.itvc.com\vendor\codeigniter4\framework\system\CodeIgniter.php(312): CodeIgniter\CodeIgniter->handleRequest(NULL, Object(Config\Cache), false)
#13 E:\OpenServer\domains\ht.itvc.com\index.php(48): CodeIgniter\CodeIgniter->run()
#14 {main}
CRITICAL - 2021-06-04 03:38:43 --> Undefined index: created_at
#0 E:\OpenServer\domains\ht.itvc.com\app\Views\frontend\article\catalogue\index.php(19): CodeIgniter\Debug\Exceptions->errorHandler(8, 'Undefined index...', 'E:\\OpenServer\\d...', 19, Array)
#1 E:\OpenServer\domains\ht.itvc.com\vendor\codeigniter4\framework\system\View\View.php(246): include('E:\\OpenServer\\d...')
#2 E:\OpenServer\domains\ht.itvc.com\vendor\codeigniter4\framework\system\Common.php(1119): CodeIgniter\View\View->render('frontend/articl...', Array, true)
#3 E:\OpenServer\domains\ht.itvc.com\app\Views\frontend\homepage\layout\home.php(67): view('frontend/articl...')
#4 E:\OpenServer\domains\ht.itvc.com\vendor\codeigniter4\framework\system\View\View.php(246): include('E:\\OpenServer\\d...')
#5 E:\OpenServer\domains\ht.itvc.com\vendor\codeigniter4\framework\system\Common.php(1119): CodeIgniter\View\View->render('frontend/homepa...', Array, true)
#6 E:\OpenServer\domains\ht.itvc.com\app\Controllers\Frontend\Article\Catalogue.php(136): view('frontend/homepa...', Array)
#7 E:\OpenServer\domains\ht.itvc.com\vendor\codeigniter4\framework\system\View\Cell.php(180): App\Controllers\Frontend\Article\Catalogue->index(6, 0)
#8 E:\OpenServer\domains\ht.itvc.com\vendor\codeigniter4\framework\system\Common.php(1140): CodeIgniter\View\Cell->render('\\App\\Controller...', 'id=6, page=1', 0, 'AppControllersF...')
#9 E:\OpenServer\domains\ht.itvc.com\app\Controllers\Frontend\Homepage\Router.php(53): view_cell('\\App\\Controller...', 'id=6, page=1')
#10 E:\OpenServer\domains\ht.itvc.com\vendor\codeigniter4\framework\system\CodeIgniter.php(918): App\Controllers\Frontend\Homepage\Router->index('tin-tuc')
#11 E:\OpenServer\domains\ht.itvc.com\vendor\codeigniter4\framework\system\CodeIgniter.php(404): CodeIgniter\CodeIgniter->runController(Object(App\Controllers\Frontend\Homepage\Router))
#12 E:\OpenServer\domains\ht.itvc.com\vendor\codeigniter4\framework\system\CodeIgniter.php(312): CodeIgniter\CodeIgniter->handleRequest(NULL, Object(Config\Cache), false)
#13 E:\OpenServer\domains\ht.itvc.com\index.php(48): CodeIgniter\CodeIgniter->run()
#14 {main}
CRITICAL - 2021-06-04 03:57:54 --> syntax error, unexpected ']'
#0 E:\OpenServer\domains\ht.itvc.com\vendor\codeigniter4\framework\system\Common.php(1119): CodeIgniter\View\View->render('frontend/homepa...', Array, true)
#1 E:\OpenServer\domains\ht.itvc.com\app\Views\frontend\article\catalogue\index.php(9): view('frontend/homepa...')
#2 E:\OpenServer\domains\ht.itvc.com\vendor\codeigniter4\framework\system\View\View.php(246): include('E:\\OpenServer\\d...')
#3 E:\OpenServer\domains\ht.itvc.com\vendor\codeigniter4\framework\system\Common.php(1119): CodeIgniter\View\View->render('frontend/articl...', Array, true)
#4 E:\OpenServer\domains\ht.itvc.com\app\Views\frontend\homepage\layout\home.php(67): view('frontend/articl...')
#5 E:\OpenServer\domains\ht.itvc.com\vendor\codeigniter4\framework\system\View\View.php(246): include('E:\\OpenServer\\d...')
#6 E:\OpenServer\domains\ht.itvc.com\vendor\codeigniter4\framework\system\Common.php(1119): CodeIgniter\View\View->render('frontend/homepa...', Array, true)
#7 E:\OpenServer\domains\ht.itvc.com\app\Controllers\Frontend\Article\Catalogue.php(136): view('frontend/homepa...', Array)
#8 E:\OpenServer\domains\ht.itvc.com\vendor\codeigniter4\framework\system\View\Cell.php(180): App\Controllers\Frontend\Article\Catalogue->index(6, 0)
#9 E:\OpenServer\domains\ht.itvc.com\vendor\codeigniter4\framework\system\Common.php(1140): CodeIgniter\View\Cell->render('\\App\\Controller...', 'id=6, page=1', 0, 'AppControllersF...')
#10 E:\OpenServer\domains\ht.itvc.com\app\Controllers\Frontend\Homepage\Router.php(53): view_cell('\\App\\Controller...', 'id=6, page=1')
#11 E:\OpenServer\domains\ht.itvc.com\vendor\codeigniter4\framework\system\CodeIgniter.php(918): App\Controllers\Frontend\Homepage\Router->index('tin-tuc')
#12 E:\OpenServer\domains\ht.itvc.com\vendor\codeigniter4\framework\system\CodeIgniter.php(404): CodeIgniter\CodeIgniter->runController(Object(App\Controllers\Frontend\Homepage\Router))
#13 E:\OpenServer\domains\ht.itvc.com\vendor\codeigniter4\framework\system\CodeIgniter.php(312): CodeIgniter\CodeIgniter->handleRequest(NULL, Object(Config\Cache), false)
#14 E:\OpenServer\domains\ht.itvc.com\index.php(48): CodeIgniter\CodeIgniter->run()
#15 {main}
CRITICAL - 2021-06-04 21:46:29 --> syntax error, unexpected ']'
#0 E:\OpenServer\domains\ht.itvc.com\vendor\codeigniter4\framework\system\Common.php(1119): CodeIgniter\View\View->render('frontend/homepa...', Array, true)
#1 E:\OpenServer\domains\ht.itvc.com\app\Views\frontend\article\catalogue\index.php(9): view('frontend/homepa...')
#2 E:\OpenServer\domains\ht.itvc.com\vendor\codeigniter4\framework\system\View\View.php(246): include('E:\\OpenServer\\d...')
#3 E:\OpenServer\domains\ht.itvc.com\vendor\codeigniter4\framework\system\Common.php(1119): CodeIgniter\View\View->render('frontend/articl...', Array, true)
#4 E:\OpenServer\domains\ht.itvc.com\app\Views\frontend\homepage\layout\home.php(67): view('frontend/articl...')
#5 E:\OpenServer\domains\ht.itvc.com\vendor\codeigniter4\framework\system\View\View.php(246): include('E:\\OpenServer\\d...')
#6 E:\OpenServer\domains\ht.itvc.com\vendor\codeigniter4\framework\system\Common.php(1119): CodeIgniter\View\View->render('frontend/homepa...', Array, true)
#7 E:\OpenServer\domains\ht.itvc.com\app\Controllers\Frontend\Article\Catalogue.php(136): view('frontend/homepa...', Array)
#8 E:\OpenServer\domains\ht.itvc.com\vendor\codeigniter4\framework\system\View\Cell.php(180): App\Controllers\Frontend\Article\Catalogue->index(6, 0)
#9 E:\OpenServer\domains\ht.itvc.com\vendor\codeigniter4\framework\system\Common.php(1140): CodeIgniter\View\Cell->render('\\App\\Controller...', 'id=6, page=1', 0, 'AppControllersF...')
#10 E:\OpenServer\domains\ht.itvc.com\app\Controllers\Frontend\Homepage\Router.php(53): view_cell('\\App\\Controller...', 'id=6, page=1')
#11 E:\OpenServer\domains\ht.itvc.com\vendor\codeigniter4\framework\system\CodeIgniter.php(918): App\Controllers\Frontend\Homepage\Router->index('tin-tuc')
#12 E:\OpenServer\domains\ht.itvc.com\vendor\codeigniter4\framework\system\CodeIgniter.php(404): CodeIgniter\CodeIgniter->runController(Object(App\Controllers\Frontend\Homepage\Router))
#13 E:\OpenServer\domains\ht.itvc.com\vendor\codeigniter4\framework\system\CodeIgniter.php(312): CodeIgniter\CodeIgniter->handleRequest(NULL, Object(Config\Cache), false)
#14 E:\OpenServer\domains\ht.itvc.com\index.php(48): CodeIgniter\CodeIgniter->run()
#15 {main}
CRITICAL - 2021-06-04 21:46:30 --> syntax error, unexpected ']'
#0 E:\OpenServer\domains\ht.itvc.com\vendor\codeigniter4\framework\system\Common.php(1119): CodeIgniter\View\View->render('frontend/homepa...', Array, true)
#1 E:\OpenServer\domains\ht.itvc.com\app\Views\frontend\article\catalogue\index.php(9): view('frontend/homepa...')
#2 E:\OpenServer\domains\ht.itvc.com\vendor\codeigniter4\framework\system\View\View.php(246): include('E:\\OpenServer\\d...')
#3 E:\OpenServer\domains\ht.itvc.com\vendor\codeigniter4\framework\system\Common.php(1119): CodeIgniter\View\View->render('frontend/articl...', Array, true)
#4 E:\OpenServer\domains\ht.itvc.com\app\Views\frontend\homepage\layout\home.php(67): view('frontend/articl...')
#5 E:\OpenServer\domains\ht.itvc.com\vendor\codeigniter4\framework\system\View\View.php(246): include('E:\\OpenServer\\d...')
#6 E:\OpenServer\domains\ht.itvc.com\vendor\codeigniter4\framework\system\Common.php(1119): CodeIgniter\View\View->render('frontend/homepa...', Array, true)
#7 E:\OpenServer\domains\ht.itvc.com\app\Controllers\Frontend\Article\Catalogue.php(136): view('frontend/homepa...', Array)
#8 E:\OpenServer\domains\ht.itvc.com\vendor\codeigniter4\framework\system\View\Cell.php(180): App\Controllers\Frontend\Article\Catalogue->index(6, 0)
#9 E:\OpenServer\domains\ht.itvc.com\vendor\codeigniter4\framework\system\Common.php(1140): CodeIgniter\View\Cell->render('\\App\\Controller...', 'id=6, page=1', 0, 'AppControllersF...')
#10 E:\OpenServer\domains\ht.itvc.com\app\Controllers\Frontend\Homepage\Router.php(53): view_cell('\\App\\Controller...', 'id=6, page=1')
#11 E:\OpenServer\domains\ht.itvc.com\vendor\codeigniter4\framework\system\CodeIgniter.php(918): App\Controllers\Frontend\Homepage\Router->index('tin-tuc')
#12 E:\OpenServer\domains\ht.itvc.com\vendor\codeigniter4\framework\system\CodeIgniter.php(404): CodeIgniter\CodeIgniter->runController(Object(App\Controllers\Frontend\Homepage\Router))
#13 E:\OpenServer\domains\ht.itvc.com\vendor\codeigniter4\framework\system\CodeIgniter.php(312): CodeIgniter\CodeIgniter->handleRequest(NULL, Object(Config\Cache), false)
#14 E:\OpenServer\domains\ht.itvc.com\index.php(48): CodeIgniter\CodeIgniter->run()
#15 {main}
CRITICAL - 2021-06-04 21:52:07 --> syntax error, unexpected ']'
#0 E:\OpenServer\domains\ht.itvc.com\vendor\codeigniter4\framework\system\Common.php(1119): CodeIgniter\View\View->render('frontend/homepa...', Array, true)
#1 E:\OpenServer\domains\ht.itvc.com\app\Views\frontend\article\catalogue\index.php(9): view('frontend/homepa...')
#2 E:\OpenServer\domains\ht.itvc.com\vendor\codeigniter4\framework\system\View\View.php(246): include('E:\\OpenServer\\d...')
#3 E:\OpenServer\domains\ht.itvc.com\vendor\codeigniter4\framework\system\Common.php(1119): CodeIgniter\View\View->render('frontend/articl...', Array, true)
#4 E:\OpenServer\domains\ht.itvc.com\app\Views\frontend\homepage\layout\home.php(67): view('frontend/articl...')
#5 E:\OpenServer\domains\ht.itvc.com\vendor\codeigniter4\framework\system\View\View.php(246): include('E:\\OpenServer\\d...')
#6 E:\OpenServer\domains\ht.itvc.com\vendor\codeigniter4\framework\system\Common.php(1119): CodeIgniter\View\View->render('frontend/homepa...', Array, true)
#7 E:\OpenServer\domains\ht.itvc.com\app\Controllers\Frontend\Article\Catalogue.php(136): view('frontend/homepa...', Array)
#8 E:\OpenServer\domains\ht.itvc.com\vendor\codeigniter4\framework\system\View\Cell.php(180): App\Controllers\Frontend\Article\Catalogue->index(6, 0)
#9 E:\OpenServer\domains\ht.itvc.com\vendor\codeigniter4\framework\system\Common.php(1140): CodeIgniter\View\Cell->render('\\App\\Controller...', 'id=6, page=1', 0, 'AppControllersF...')
#10 E:\OpenServer\domains\ht.itvc.com\app\Controllers\Frontend\Homepage\Router.php(53): view_cell('\\App\\Controller...', 'id=6, page=1')
#11 E:\OpenServer\domains\ht.itvc.com\vendor\codeigniter4\framework\system\CodeIgniter.php(918): App\Controllers\Frontend\Homepage\Router->index('tin-tuc')
#12 E:\OpenServer\domains\ht.itvc.com\vendor\codeigniter4\framework\system\CodeIgniter.php(404): CodeIgniter\CodeIgniter->runController(Object(App\Controllers\Frontend\Homepage\Router))
#13 E:\OpenServer\domains\ht.itvc.com\vendor\codeigniter4\framework\system\CodeIgniter.php(312): CodeIgniter\CodeIgniter->handleRequest(NULL, Object(Config\Cache), false)
#14 E:\OpenServer\domains\ht.itvc.com\index.php(48): CodeIgniter\CodeIgniter->run()
#15 {main}
CRITICAL - 2021-06-04 21:52:52 --> You must set the database table to be used with your query.
#0 E:\OpenServer\domains\ht.itvc.com\vendor\codeigniter4\framework\system\Model.php(1237): CodeIgniter\Database\BaseConnection->table(NULL)
#1 E:\OpenServer\domains\ht.itvc.com\vendor\codeigniter4\framework\system\Model.php(1764): CodeIgniter\Model->builder()
#2 E:\OpenServer\domains\ht.itvc.com\app\Views\frontend\homepage\common\aside.php(7): CodeIgniter\Model->__get('AutoloadModel')
#3 E:\OpenServer\domains\ht.itvc.com\vendor\codeigniter4\framework\system\View\View.php(246): include('E:\\OpenServer\\d...')
#4 E:\OpenServer\domains\ht.itvc.com\vendor\codeigniter4\framework\system\Common.php(1119): CodeIgniter\View\View->render('frontend/homepa...', Array, true)
#5 E:\OpenServer\domains\ht.itvc.com\app\Views\frontend\article\catalogue\index.php(9): view('frontend/homepa...')
#6 E:\OpenServer\domains\ht.itvc.com\vendor\codeigniter4\framework\system\View\View.php(246): include('E:\\OpenServer\\d...')
#7 E:\OpenServer\domains\ht.itvc.com\vendor\codeigniter4\framework\system\Common.php(1119): CodeIgniter\View\View->render('frontend/articl...', Array, true)
#8 E:\OpenServer\domains\ht.itvc.com\app\Views\frontend\homepage\layout\home.php(67): view('frontend/articl...')
#9 E:\OpenServer\domains\ht.itvc.com\vendor\codeigniter4\framework\system\View\View.php(246): include('E:\\OpenServer\\d...')
#10 E:\OpenServer\domains\ht.itvc.com\vendor\codeigniter4\framework\system\Common.php(1119): CodeIgniter\View\View->render('frontend/homepa...', Array, true)
#11 E:\OpenServer\domains\ht.itvc.com\app\Controllers\Frontend\Article\Catalogue.php(136): view('frontend/homepa...', Array)
#12 E:\OpenServer\domains\ht.itvc.com\vendor\codeigniter4\framework\system\View\Cell.php(180): App\Controllers\Frontend\Article\Catalogue->index(6, 0)
#13 E:\OpenServer\domains\ht.itvc.com\vendor\codeigniter4\framework\system\Common.php(1140): CodeIgniter\View\Cell->render('\\App\\Controller...', 'id=6, page=1', 0, 'AppControllersF...')
#14 E:\OpenServer\domains\ht.itvc.com\app\Controllers\Frontend\Homepage\Router.php(53): view_cell('\\App\\Controller...', 'id=6, page=1')
#15 E:\OpenServer\domains\ht.itvc.com\vendor\codeigniter4\framework\system\CodeIgniter.php(918): App\Controllers\Frontend\Homepage\Router->index('tin-tuc')
#16 E:\OpenServer\domains\ht.itvc.com\vendor\codeigniter4\framework\system\CodeIgniter.php(404): CodeIgniter\CodeIgniter->runController(Object(App\Controllers\Frontend\Homepage\Router))
#17 E:\OpenServer\domains\ht.itvc.com\vendor\codeigniter4\framework\system\CodeIgniter.php(312): CodeIgniter\CodeIgniter->handleRequest(NULL, Object(Config\Cache), false)
#18 E:\OpenServer\domains\ht.itvc.com\index.php(48): CodeIgniter\CodeIgniter->run()
#19 {main}
CRITICAL - 2021-06-04 21:52:53 --> You must set the database table to be used with your query.
#0 E:\OpenServer\domains\ht.itvc.com\vendor\codeigniter4\framework\system\Model.php(1237): CodeIgniter\Database\BaseConnection->table(NULL)
#1 E:\OpenServer\domains\ht.itvc.com\vendor\codeigniter4\framework\system\Model.php(1764): CodeIgniter\Model->builder()
#2 E:\OpenServer\domains\ht.itvc.com\app\Views\frontend\homepage\common\aside.php(7): CodeIgniter\Model->__get('AutoloadModel')
#3 E:\OpenServer\domains\ht.itvc.com\vendor\codeigniter4\framework\system\View\View.php(246): include('E:\\OpenServer\\d...')
#4 E:\OpenServer\domains\ht.itvc.com\vendor\codeigniter4\framework\system\Common.php(1119): CodeIgniter\View\View->render('frontend/homepa...', Array, true)
#5 E:\OpenServer\domains\ht.itvc.com\app\Views\frontend\article\catalogue\index.php(9): view('frontend/homepa...')
#6 E:\OpenServer\domains\ht.itvc.com\vendor\codeigniter4\framework\system\View\View.php(246): include('E:\\OpenServer\\d...')
#7 E:\OpenServer\domains\ht.itvc.com\vendor\codeigniter4\framework\system\Common.php(1119): CodeIgniter\View\View->render('frontend/articl...', Array, true)
#8 E:\OpenServer\domains\ht.itvc.com\app\Views\frontend\homepage\layout\home.php(67): view('frontend/articl...')
#9 E:\OpenServer\domains\ht.itvc.com\vendor\codeigniter4\framework\system\View\View.php(246): include('E:\\OpenServer\\d...')
#10 E:\OpenServer\domains\ht.itvc.com\vendor\codeigniter4\framework\system\Common.php(1119): CodeIgniter\View\View->render('frontend/homepa...', Array, true)
#11 E:\OpenServer\domains\ht.itvc.com\app\Controllers\Frontend\Article\Catalogue.php(136): view('frontend/homepa...', Array)
#12 E:\OpenServer\domains\ht.itvc.com\vendor\codeigniter4\framework\system\View\Cell.php(180): App\Controllers\Frontend\Article\Catalogue->index(6, 0)
#13 E:\OpenServer\domains\ht.itvc.com\vendor\codeigniter4\framework\system\Common.php(1140): CodeIgniter\View\Cell->render('\\App\\Controller...', 'id=6, page=1', 0, 'AppControllersF...')
#14 E:\OpenServer\domains\ht.itvc.com\app\Controllers\Frontend\Homepage\Router.php(53): view_cell('\\App\\Controller...', 'id=6, page=1')
#15 E:\OpenServer\domains\ht.itvc.com\vendor\codeigniter4\framework\system\CodeIgniter.php(918): App\Controllers\Frontend\Homepage\Router->index('tin-tuc')
#16 E:\OpenServer\domains\ht.itvc.com\vendor\codeigniter4\framework\system\CodeIgniter.php(404): CodeIgniter\CodeIgniter->runController(Object(App\Controllers\Frontend\Homepage\Router))
#17 E:\OpenServer\domains\ht.itvc.com\vendor\codeigniter4\framework\system\CodeIgniter.php(312): CodeIgniter\CodeIgniter->handleRequest(NULL, Object(Config\Cache), false)
#18 E:\OpenServer\domains\ht.itvc.com\index.php(48): CodeIgniter\CodeIgniter->run()
#19 {main}
