CRITICAL - 2022-01-05 07:28:30 --> Undefined variable: actual_link
#0 W:\domains\decor.com.va\app\Views\frontend\homepage\common\header.php(11): CodeIgniter\Debug\Exceptions->errorHandler(8, 'Undefined varia...', 'W:\\domains\\deco...', 11, Array)
#1 W:\domains\decor.com.va\vendor\codeigniter4\framework\system\View\View.php(246): include('W:\\domains\\deco...')
#2 W:\domains\decor.com.va\vendor\codeigniter4\framework\system\Common.php(1119): CodeIgniter\View\View->render('frontend/homepa...', Array, true)
#3 W:\domains\decor.com.va\app\Views\frontend\homepage\layout\home.php(69): view('frontend/homepa...')
#4 W:\domains\decor.com.va\vendor\codeigniter4\framework\system\View\View.php(246): include('W:\\domains\\deco...')
#5 W:\domains\decor.com.va\vendor\codeigniter4\framework\system\Common.php(1119): CodeIgniter\View\View->render('frontend/homepa...', Array, true)
#6 W:\domains\decor.com.va\app\Controllers\Frontend\Media\Catalogue.php(158): view('frontend/homepa...', Array)
#7 W:\domains\decor.com.va\vendor\codeigniter4\framework\system\View\Cell.php(180): App\Controllers\Frontend\Media\Catalogue->index(21, 0)
#8 W:\domains\decor.com.va\vendor\codeigniter4\framework\system\Common.php(1140): CodeIgniter\View\Cell->render('\\App\\Controller...', 'id=21, page=1', 0, 'AppControllersF...')
#9 W:\domains\decor.com.va\app\Controllers\Frontend\Homepage\Router.php(59): view_cell('\\App\\Controller...', 'id=21, page=1')
#10 W:\domains\decor.com.va\vendor\codeigniter4\framework\system\CodeIgniter.php(918): App\Controllers\Frontend\Homepage\Router->index('du-an')
#11 W:\domains\decor.com.va\vendor\codeigniter4\framework\system\CodeIgniter.php(404): CodeIgniter\CodeIgniter->runController(Object(App\Controllers\Frontend\Homepage\Router))
#12 W:\domains\decor.com.va\vendor\codeigniter4\framework\system\CodeIgniter.php(312): CodeIgniter\CodeIgniter->handleRequest(NULL, Object(Config\Cache), false)
#13 W:\domains\decor.com.va\index.php(48): CodeIgniter\CodeIgniter->run()
#14 {main}
CRITICAL - 2022-01-05 08:52:03 --> syntax error, unexpected '*'
#0 W:\domains\decor.com.va\vendor\codeigniter4\framework\system\Common.php(1119): CodeIgniter\View\View->render('frontend/homepa...', Array, true)
#1 W:\domains\decor.com.va\app\Views\frontend\homepage\layout\home.php(69): view('frontend/homepa...')
#2 W:\domains\decor.com.va\vendor\codeigniter4\framework\system\View\View.php(246): include('W:\\domains\\deco...')
#3 W:\domains\decor.com.va\vendor\codeigniter4\framework\system\Common.php(1119): CodeIgniter\View\View->render('frontend/homepa...', Array, true)
#4 W:\domains\decor.com.va\app\Controllers\Frontend\Contact\Contact.php(116): view('frontend/homepa...', Array)
#5 W:\domains\decor.com.va\vendor\codeigniter4\framework\system\CodeIgniter.php(918): App\Controllers\Frontend\Contact\Contact->index()
#6 W:\domains\decor.com.va\vendor\codeigniter4\framework\system\CodeIgniter.php(404): CodeIgniter\CodeIgniter->runController(Object(App\Controllers\Frontend\Contact\Contact))
#7 W:\domains\decor.com.va\vendor\codeigniter4\framework\system\CodeIgniter.php(312): CodeIgniter\CodeIgniter->handleRequest(NULL, Object(Config\Cache), false)
#8 W:\domains\decor.com.va\index.php(48): CodeIgniter\CodeIgniter->run()
#9 {main}
CRITICAL - 2022-01-05 09:51:05 --> count(): Parameter must be an array or an object that implements Countable
#0 W:\domains\decor.com.va\app\Views\frontend\homepage\home\index.php(27): CodeIgniter\Debug\Exceptions->errorHandler(2, 'count(): Parame...', 'W:\\domains\\deco...', 27, Array)
#1 W:\domains\decor.com.va\vendor\codeigniter4\framework\system\View\View.php(246): include('W:\\domains\\deco...')
#2 W:\domains\decor.com.va\vendor\codeigniter4\framework\system\Common.php(1119): CodeIgniter\View\View->render('frontend/homepa...', Array, true)
#3 W:\domains\decor.com.va\app\Views\frontend\homepage\layout\home.php(72): view('frontend/homepa...')
#4 W:\domains\decor.com.va\vendor\codeigniter4\framework\system\View\View.php(246): include('W:\\domains\\deco...')
#5 W:\domains\decor.com.va\vendor\codeigniter4\framework\system\Common.php(1119): CodeIgniter\View\View->render('frontend/homepa...', Array, true)
#6 W:\domains\decor.com.va\app\Controllers\Frontend\Homepage\Home.php(39): view('frontend/homepa...', Array)
#7 W:\domains\decor.com.va\vendor\codeigniter4\framework\system\CodeIgniter.php(918): App\Controllers\Frontend\Homepage\Home->index()
#8 W:\domains\decor.com.va\vendor\codeigniter4\framework\system\CodeIgniter.php(404): CodeIgniter\CodeIgniter->runController(Object(App\Controllers\Frontend\Homepage\Home))
#9 W:\domains\decor.com.va\vendor\codeigniter4\framework\system\CodeIgniter.php(312): CodeIgniter\CodeIgniter->handleRequest(NULL, Object(Config\Cache), false)
#10 W:\domains\decor.com.va\index.php(48): CodeIgniter\CodeIgniter->run()
#11 {main}
CRITICAL - 2022-01-05 09:51:10 --> count(): Parameter must be an array or an object that implements Countable
#0 W:\domains\decor.com.va\app\Views\frontend\homepage\home\index.php(27): CodeIgniter\Debug\Exceptions->errorHandler(2, 'count(): Parame...', 'W:\\domains\\deco...', 27, Array)
#1 W:\domains\decor.com.va\vendor\codeigniter4\framework\system\View\View.php(246): include('W:\\domains\\deco...')
#2 W:\domains\decor.com.va\vendor\codeigniter4\framework\system\Common.php(1119): CodeIgniter\View\View->render('frontend/homepa...', Array, true)
#3 W:\domains\decor.com.va\app\Views\frontend\homepage\layout\home.php(72): view('frontend/homepa...')
#4 W:\domains\decor.com.va\vendor\codeigniter4\framework\system\View\View.php(246): include('W:\\domains\\deco...')
#5 W:\domains\decor.com.va\vendor\codeigniter4\framework\system\Common.php(1119): CodeIgniter\View\View->render('frontend/homepa...', Array, true)
#6 W:\domains\decor.com.va\app\Controllers\Frontend\Homepage\Home.php(39): view('frontend/homepa...', Array)
#7 W:\domains\decor.com.va\vendor\codeigniter4\framework\system\CodeIgniter.php(918): App\Controllers\Frontend\Homepage\Home->index()
#8 W:\domains\decor.com.va\vendor\codeigniter4\framework\system\CodeIgniter.php(404): CodeIgniter\CodeIgniter->runController(Object(App\Controllers\Frontend\Homepage\Home))
#9 W:\domains\decor.com.va\vendor\codeigniter4\framework\system\CodeIgniter.php(312): CodeIgniter\CodeIgniter->handleRequest(NULL, Object(Config\Cache), false)
#10 W:\domains\decor.com.va\index.php(48): CodeIgniter\CodeIgniter->run()
#11 {main}
