CRITICAL - 2021-06-22 00:57:10 --> syntax error, unexpected 'die' (T_EXIT), expecting ',' or ';'
#0 /home/itvc/domains/itvc.codechuanseo.com/public_html/vendor/codeigniter4/framework/system/Common.php(1119): CodeIgniter\View\View->render('frontend/homepa...', Array, true)
#1 /home/itvc/domains/itvc.codechuanseo.com/public_html/app/Views/frontend/article/catalogue/index.php(74): view('frontend/homepa...')
#2 /home/itvc/domains/itvc.codechuanseo.com/public_html/vendor/codeigniter4/framework/system/View/View.php(246): include('/home/itvc/doma...')
#3 /home/itvc/domains/itvc.codechuanseo.com/public_html/vendor/codeigniter4/framework/system/Common.php(1119): CodeIgniter\View\View->render('frontend/articl...', Array, true)
#4 /home/itvc/domains/itvc.codechuanseo.com/public_html/app/Views/frontend/homepage/layout/home.php(67): view('frontend/articl...')
#5 /home/itvc/domains/itvc.codechuanseo.com/public_html/vendor/codeigniter4/framework/system/View/View.php(246): include('/home/itvc/doma...')
#6 /home/itvc/domains/itvc.codechuanseo.com/public_html/vendor/codeigniter4/framework/system/Common.php(1119): CodeIgniter\View\View->render('frontend/homepa...', Array, true)
#7 /home/itvc/domains/itvc.codechuanseo.com/public_html/app/Controllers/Frontend/Article/Catalogue.php(136): view('frontend/homepa...', Array)
#8 /home/itvc/domains/itvc.codechuanseo.com/public_html/vendor/codeigniter4/framework/system/View/Cell.php(180): App\Controllers\Frontend\Article\Catalogue->index(29, 0)
#9 /home/itvc/domains/itvc.codechuanseo.com/public_html/vendor/codeigniter4/framework/system/Common.php(1140): CodeIgniter\View\Cell->render('\\App\\Controller...', 'id=29, page=1', 0, 'AppControllersF...')
#10 /home/itvc/domains/itvc.codechuanseo.com/public_html/app/Controllers/Frontend/Homepage/Router.php(53): view_cell('\\App\\Controller...', 'id=29, page=1')
#11 /home/itvc/domains/itvc.codechuanseo.com/public_html/vendor/codeigniter4/framework/system/CodeIgniter.php(918): App\Controllers\Frontend\Homepage\Router->index('energy-audit')
#12 /home/itvc/domains/itvc.codechuanseo.com/public_html/vendor/codeigniter4/framework/system/CodeIgniter.php(404): CodeIgniter\CodeIgniter->runController(Object(App\Controllers\Frontend\Homepage\Router))
#13 /home/itvc/domains/itvc.codechuanseo.com/public_html/vendor/codeigniter4/framework/system/CodeIgniter.php(312): CodeIgniter\CodeIgniter->handleRequest(NULL, Object(Config\Cache), false)
#14 /home/itvc/domains/itvc.codechuanseo.com/public_html/index.php(48): CodeIgniter\CodeIgniter->run()
#15 {main}
CRITICAL - 2021-06-22 00:57:25 --> Array to string conversion
#0 /home/itvc/domains/itvc.codechuanseo.com/public_html/app/Views/frontend/homepage/common/aside.php(71): CodeIgniter\Debug\Exceptions->errorHandler(8, 'Array to string...', '/home/itvc/doma...', 71, Array)
#1 /home/itvc/domains/itvc.codechuanseo.com/public_html/vendor/codeigniter4/framework/system/View/View.php(246): include('/home/itvc/doma...')
#2 /home/itvc/domains/itvc.codechuanseo.com/public_html/vendor/codeigniter4/framework/system/Common.php(1119): CodeIgniter\View\View->render('frontend/homepa...', Array, true)
#3 /home/itvc/domains/itvc.codechuanseo.com/public_html/app/Views/frontend/article/catalogue/index.php(74): view('frontend/homepa...')
#4 /home/itvc/domains/itvc.codechuanseo.com/public_html/vendor/codeigniter4/framework/system/View/View.php(246): include('/home/itvc/doma...')
#5 /home/itvc/domains/itvc.codechuanseo.com/public_html/vendor/codeigniter4/framework/system/Common.php(1119): CodeIgniter\View\View->render('frontend/articl...', Array, true)
#6 /home/itvc/domains/itvc.codechuanseo.com/public_html/app/Views/frontend/homepage/layout/home.php(67): view('frontend/articl...')
#7 /home/itvc/domains/itvc.codechuanseo.com/public_html/vendor/codeigniter4/framework/system/View/View.php(246): include('/home/itvc/doma...')
#8 /home/itvc/domains/itvc.codechuanseo.com/public_html/vendor/codeigniter4/framework/system/Common.php(1119): CodeIgniter\View\View->render('frontend/homepa...', Array, true)
#9 /home/itvc/domains/itvc.codechuanseo.com/public_html/app/Controllers/Frontend/Article/Catalogue.php(136): view('frontend/homepa...', Array)
#10 /home/itvc/domains/itvc.codechuanseo.com/public_html/vendor/codeigniter4/framework/system/View/Cell.php(180): App\Controllers\Frontend\Article\Catalogue->index(29, 0)
#11 /home/itvc/domains/itvc.codechuanseo.com/public_html/vendor/codeigniter4/framework/system/Common.php(1140): CodeIgniter\View\Cell->render('\\App\\Controller...', 'id=29, page=1', 0, 'AppControllersF...')
#12 /home/itvc/domains/itvc.codechuanseo.com/public_html/app/Controllers/Frontend/Homepage/Router.php(53): view_cell('\\App\\Controller...', 'id=29, page=1')
#13 /home/itvc/domains/itvc.codechuanseo.com/public_html/vendor/codeigniter4/framework/system/CodeIgniter.php(918): App\Controllers\Frontend\Homepage\Router->index('energy-audit')
#14 /home/itvc/domains/itvc.codechuanseo.com/public_html/vendor/codeigniter4/framework/system/CodeIgniter.php(404): CodeIgniter\CodeIgniter->runController(Object(App\Controllers\Frontend\Homepage\Router))
#15 /home/itvc/domains/itvc.codechuanseo.com/public_html/vendor/codeigniter4/framework/system/CodeIgniter.php(312): CodeIgniter\CodeIgniter->handleRequest(NULL, Object(Config\Cache), false)
#16 /home/itvc/domains/itvc.codechuanseo.com/public_html/index.php(48): CodeIgniter\CodeIgniter->run()
#17 {main}
CRITICAL - 2021-06-22 01:56:23 --> syntax error, unexpected 'die' (T_EXIT)
#0 /home/itvc/domains/itvc.codechuanseo.com/public_html/vendor/codeigniter4/framework/system/Common.php(1119): CodeIgniter\View\View->render('frontend/homepa...', Array, true)
#1 /home/itvc/domains/itvc.codechuanseo.com/public_html/app/Views/frontend/homepage/layout/home.php(67): view('frontend/homepa...')
#2 /home/itvc/domains/itvc.codechuanseo.com/public_html/vendor/codeigniter4/framework/system/View/View.php(246): include('/home/itvc/doma...')
#3 /home/itvc/domains/itvc.codechuanseo.com/public_html/vendor/codeigniter4/framework/system/Common.php(1119): CodeIgniter\View\View->render('frontend/homepa...', Array, true)
#4 /home/itvc/domains/itvc.codechuanseo.com/public_html/app/Controllers/Frontend/Homepage/Home.php(28): view('frontend/homepa...', Array)
#5 /home/itvc/domains/itvc.codechuanseo.com/public_html/vendor/codeigniter4/framework/system/CodeIgniter.php(918): App\Controllers\Frontend\Homepage\Home->index()
#6 /home/itvc/domains/itvc.codechuanseo.com/public_html/vendor/codeigniter4/framework/system/CodeIgniter.php(404): CodeIgniter\CodeIgniter->runController(Object(App\Controllers\Frontend\Homepage\Home))
#7 /home/itvc/domains/itvc.codechuanseo.com/public_html/vendor/codeigniter4/framework/system/CodeIgniter.php(312): CodeIgniter\CodeIgniter->handleRequest(NULL, Object(Config\Cache), false)
#8 /home/itvc/domains/itvc.codechuanseo.com/public_html/index.php(48): CodeIgniter\CodeIgniter->run()
#9 {main}
CRITICAL - 2021-06-22 02:02:31 --> syntax error, unexpected 'if' (T_IF)
#0 /home/itvc/domains/itvc.codechuanseo.com/public_html/vendor/codeigniter4/framework/system/Controller.php(175): helper(Array)
#1 /home/itvc/domains/itvc.codechuanseo.com/public_html/vendor/codeigniter4/framework/system/Controller.php(126): CodeIgniter\Controller->loadHelpers()
#2 /home/itvc/domains/itvc.codechuanseo.com/public_html/app/Controllers/FrontendController.php(20): CodeIgniter\Controller->initController(Object(CodeIgniter\HTTP\IncomingRequest), Object(CodeIgniter\HTTP\Response), Object(CodeIgniter\Log\Logger))
#3 /home/itvc/domains/itvc.codechuanseo.com/public_html/vendor/codeigniter4/framework/system/CodeIgniter.php(891): App\Controllers\FrontendController->initController(Object(CodeIgniter\HTTP\IncomingRequest), Object(CodeIgniter\HTTP\Response), Object(CodeIgniter\Log\Logger))
#4 /home/itvc/domains/itvc.codechuanseo.com/public_html/vendor/codeigniter4/framework/system/CodeIgniter.php(399): CodeIgniter\CodeIgniter->createController()
#5 /home/itvc/domains/itvc.codechuanseo.com/public_html/vendor/codeigniter4/framework/system/CodeIgniter.php(312): CodeIgniter\CodeIgniter->handleRequest(NULL, Object(Config\Cache), false)
#6 /home/itvc/domains/itvc.codechuanseo.com/public_html/index.php(48): CodeIgniter\CodeIgniter->run()
#7 {main}
CRITICAL - 2021-06-22 02:03:13 --> syntax error, unexpected 'die' (T_EXIT)
#0 /home/itvc/domains/itvc.codechuanseo.com/public_html/vendor/codeigniter4/framework/system/Controller.php(175): helper(Array)
#1 /home/itvc/domains/itvc.codechuanseo.com/public_html/vendor/codeigniter4/framework/system/Controller.php(126): CodeIgniter\Controller->loadHelpers()
#2 /home/itvc/domains/itvc.codechuanseo.com/public_html/app/Controllers/FrontendController.php(20): CodeIgniter\Controller->initController(Object(CodeIgniter\HTTP\IncomingRequest), Object(CodeIgniter\HTTP\Response), Object(CodeIgniter\Log\Logger))
#3 /home/itvc/domains/itvc.codechuanseo.com/public_html/vendor/codeigniter4/framework/system/CodeIgniter.php(891): App\Controllers\FrontendController->initController(Object(CodeIgniter\HTTP\IncomingRequest), Object(CodeIgniter\HTTP\Response), Object(CodeIgniter\Log\Logger))
#4 /home/itvc/domains/itvc.codechuanseo.com/public_html/vendor/codeigniter4/framework/system/CodeIgniter.php(399): CodeIgniter\CodeIgniter->createController()
#5 /home/itvc/domains/itvc.codechuanseo.com/public_html/vendor/codeigniter4/framework/system/CodeIgniter.php(312): CodeIgniter\CodeIgniter->handleRequest(NULL, Object(Config\Cache), false)
#6 /home/itvc/domains/itvc.codechuanseo.com/public_html/index.php(48): CodeIgniter\CodeIgniter->run()
#7 {main}
CRITICAL - 2021-06-22 02:03:19 --> syntax error, unexpected 'die' (T_EXIT)
#0 /home/itvc/domains/itvc.codechuanseo.com/public_html/vendor/codeigniter4/framework/system/Controller.php(175): helper(Array)
#1 /home/itvc/domains/itvc.codechuanseo.com/public_html/vendor/codeigniter4/framework/system/Controller.php(126): CodeIgniter\Controller->loadHelpers()
#2 /home/itvc/domains/itvc.codechuanseo.com/public_html/app/Controllers/FrontendController.php(20): CodeIgniter\Controller->initController(Object(CodeIgniter\HTTP\IncomingRequest), Object(CodeIgniter\HTTP\Response), Object(CodeIgniter\Log\Logger))
#3 /home/itvc/domains/itvc.codechuanseo.com/public_html/vendor/codeigniter4/framework/system/CodeIgniter.php(891): App\Controllers\FrontendController->initController(Object(CodeIgniter\HTTP\IncomingRequest), Object(CodeIgniter\HTTP\Response), Object(CodeIgniter\Log\Logger))
#4 /home/itvc/domains/itvc.codechuanseo.com/public_html/vendor/codeigniter4/framework/system/CodeIgniter.php(399): CodeIgniter\CodeIgniter->createController()
#5 /home/itvc/domains/itvc.codechuanseo.com/public_html/vendor/codeigniter4/framework/system/CodeIgniter.php(312): CodeIgniter\CodeIgniter->handleRequest(NULL, Object(Config\Cache), false)
#6 /home/itvc/domains/itvc.codechuanseo.com/public_html/index.php(48): CodeIgniter\CodeIgniter->run()
#7 {main}
CRITICAL - 2021-06-22 02:19:01 --> Call to undefined function App\Controllers\get_general()
#0 /home/itvc/domains/itvc.codechuanseo.com/public_html/vendor/codeigniter4/framework/system/CodeIgniter.php(891): App\Controllers\FrontendController->initController(Object(CodeIgniter\HTTP\IncomingRequest), Object(CodeIgniter\HTTP\Response), Object(CodeIgniter\Log\Logger))
#1 /home/itvc/domains/itvc.codechuanseo.com/public_html/vendor/codeigniter4/framework/system/CodeIgniter.php(399): CodeIgniter\CodeIgniter->createController()
#2 /home/itvc/domains/itvc.codechuanseo.com/public_html/vendor/codeigniter4/framework/system/CodeIgniter.php(312): CodeIgniter\CodeIgniter->handleRequest(NULL, Object(Config\Cache), false)
#3 /home/itvc/domains/itvc.codechuanseo.com/public_html/index.php(48): CodeIgniter\CodeIgniter->run()
#4 {main}
CRITICAL - 2021-06-22 02:19:42 --> Call to undefined function App\Controllers\get_general()
#0 /home/itvc/domains/itvc.codechuanseo.com/public_html/vendor/codeigniter4/framework/system/CodeIgniter.php(891): App\Controllers\FrontendController->initController(Object(CodeIgniter\HTTP\IncomingRequest), Object(CodeIgniter\HTTP\Response), Object(CodeIgniter\Log\Logger))
#1 /home/itvc/domains/itvc.codechuanseo.com/public_html/vendor/codeigniter4/framework/system/CodeIgniter.php(399): CodeIgniter\CodeIgniter->createController()
#2 /home/itvc/domains/itvc.codechuanseo.com/public_html/vendor/codeigniter4/framework/system/CodeIgniter.php(312): CodeIgniter\CodeIgniter->handleRequest(NULL, Object(Config\Cache), false)
#3 /home/itvc/domains/itvc.codechuanseo.com/public_html/index.php(48): CodeIgniter\CodeIgniter->run()
#4 {main}
CRITICAL - 2021-06-22 02:19:47 --> syntax error, unexpected ';', expecting ',' or ')'
#0 /home/itvc/domains/itvc.codechuanseo.com/public_html/vendor/codeigniter4/framework/system/Controller.php(175): helper(Array)
#1 /home/itvc/domains/itvc.codechuanseo.com/public_html/vendor/codeigniter4/framework/system/Controller.php(126): CodeIgniter\Controller->loadHelpers()
#2 /home/itvc/domains/itvc.codechuanseo.com/public_html/app/Controllers/FrontendController.php(20): CodeIgniter\Controller->initController(Object(CodeIgniter\HTTP\IncomingRequest), Object(CodeIgniter\HTTP\Response), Object(CodeIgniter\Log\Logger))
#3 /home/itvc/domains/itvc.codechuanseo.com/public_html/vendor/codeigniter4/framework/system/CodeIgniter.php(891): App\Controllers\FrontendController->initController(Object(CodeIgniter\HTTP\IncomingRequest), Object(CodeIgniter\HTTP\Response), Object(CodeIgniter\Log\Logger))
#4 /home/itvc/domains/itvc.codechuanseo.com/public_html/vendor/codeigniter4/framework/system/CodeIgniter.php(399): CodeIgniter\CodeIgniter->createController()
#5 /home/itvc/domains/itvc.codechuanseo.com/public_html/vendor/codeigniter4/framework/system/CodeIgniter.php(312): CodeIgniter\CodeIgniter->handleRequest(NULL, Object(Config\Cache), false)
#6 /home/itvc/domains/itvc.codechuanseo.com/public_html/index.php(48): CodeIgniter\CodeIgniter->run()
#7 {main}
CRITICAL - 2021-06-22 02:20:06 --> Call to undefined function App\Controllers\get_general()
#0 /home/itvc/domains/itvc.codechuanseo.com/public_html/vendor/codeigniter4/framework/system/CodeIgniter.php(891): App\Controllers\FrontendController->initController(Object(CodeIgniter\HTTP\IncomingRequest), Object(CodeIgniter\HTTP\Response), Object(CodeIgniter\Log\Logger))
#1 /home/itvc/domains/itvc.codechuanseo.com/public_html/vendor/codeigniter4/framework/system/CodeIgniter.php(399): CodeIgniter\CodeIgniter->createController()
#2 /home/itvc/domains/itvc.codechuanseo.com/public_html/vendor/codeigniter4/framework/system/CodeIgniter.php(312): CodeIgniter\CodeIgniter->handleRequest(NULL, Object(Config\Cache), false)
#3 /home/itvc/domains/itvc.codechuanseo.com/public_html/index.php(48): CodeIgniter\CodeIgniter->run()
#4 {main}
CRITICAL - 2021-06-22 03:19:04 --> unlink(/home/itvc/domains/itvc.codechuanseo.com/public_html/writable/debugbar/debugbar_1624349735.json): No such file or directory
#0 [internal function]: CodeIgniter\Debug\Exceptions->errorHandler(2, 'unlink(/home/it...', '/home/itvc/doma...', 106, Array)
#1 /home/itvc/domains/itvc.codechuanseo.com/public_html/vendor/codeigniter4/framework/system/Debug/Toolbar/Collectors/History.php(106): unlink('/home/itvc/doma...')
#2 /home/itvc/domains/itvc.codechuanseo.com/public_html/vendor/codeigniter4/framework/system/Debug/Toolbar.php(483): CodeIgniter\Debug\Toolbar\Collectors\History->setFiles(1624349944, 20)
#3 /home/itvc/domains/itvc.codechuanseo.com/public_html/vendor/codeigniter4/framework/system/Debug/Toolbar.php(455): CodeIgniter\Debug\Toolbar->format(Array, 'html')
#4 /home/itvc/domains/itvc.codechuanseo.com/public_html/app/Config/Events.php(44): CodeIgniter\Debug\Toolbar->respond()
#5 [internal function]: CodeIgniter\Events\Events::Config\{closure}()
#6 /home/itvc/domains/itvc.codechuanseo.com/public_html/vendor/codeigniter4/framework/system/Events/Events.php(188): call_user_func(Object(Closure))
#7 /home/itvc/domains/itvc.codechuanseo.com/public_html/vendor/codeigniter4/framework/system/CodeIgniter.php(293): CodeIgniter\Events\Events::trigger('pre_system')
#8 /home/itvc/domains/itvc.codechuanseo.com/public_html/index.php(48): CodeIgniter\CodeIgniter->run()
#9 {main}
CRITICAL - 2021-06-22 03:31:23 --> unlink(/home/itvc/domains/itvc.codechuanseo.com/public_html/writable/debugbar/debugbar_1624349901.json): No such file or directory
#0 [internal function]: CodeIgniter\Debug\Exceptions->errorHandler(2, 'unlink(/home/it...', '/home/itvc/doma...', 106, Array)
#1 /home/itvc/domains/itvc.codechuanseo.com/public_html/vendor/codeigniter4/framework/system/Debug/Toolbar/Collectors/History.php(106): unlink('/home/itvc/doma...')
#2 /home/itvc/domains/itvc.codechuanseo.com/public_html/vendor/codeigniter4/framework/system/Debug/Toolbar.php(483): CodeIgniter\Debug\Toolbar\Collectors\History->setFiles(1624350682, 20)
#3 /home/itvc/domains/itvc.codechuanseo.com/public_html/vendor/codeigniter4/framework/system/Debug/Toolbar.php(455): CodeIgniter\Debug\Toolbar->format(Array, 'html')
#4 /home/itvc/domains/itvc.codechuanseo.com/public_html/app/Config/Events.php(44): CodeIgniter\Debug\Toolbar->respond()
#5 [internal function]: CodeIgniter\Events\Events::Config\{closure}()
#6 /home/itvc/domains/itvc.codechuanseo.com/public_html/vendor/codeigniter4/framework/system/Events/Events.php(188): call_user_func(Object(Closure))
#7 /home/itvc/domains/itvc.codechuanseo.com/public_html/vendor/codeigniter4/framework/system/CodeIgniter.php(293): CodeIgniter\Events\Events::trigger('pre_system')
#8 /home/itvc/domains/itvc.codechuanseo.com/public_html/index.php(48): CodeIgniter\CodeIgniter->run()
#9 {main}
CRITICAL - 2021-06-22 04:36:01 --> unlink(/home/itvc/domains/itvc.codechuanseo.com/public_html/writable/debugbar/debugbar_1624353915.json): No such file or directory
#0 [internal function]: CodeIgniter\Debug\Exceptions->errorHandler(2, 'unlink(/home/it...', '/home/itvc/doma...', 106, Array)
#1 /home/itvc/domains/itvc.codechuanseo.com/public_html/vendor/codeigniter4/framework/system/Debug/Toolbar/Collectors/History.php(106): unlink('/home/itvc/doma...')
#2 /home/itvc/domains/itvc.codechuanseo.com/public_html/vendor/codeigniter4/framework/system/Debug/Toolbar.php(483): CodeIgniter\Debug\Toolbar\Collectors\History->setFiles(1624354561, 20)
#3 /home/itvc/domains/itvc.codechuanseo.com/public_html/vendor/codeigniter4/framework/system/Debug/Toolbar.php(455): CodeIgniter\Debug\Toolbar->format(Array, 'html')
#4 /home/itvc/domains/itvc.codechuanseo.com/public_html/app/Config/Events.php(44): CodeIgniter\Debug\Toolbar->respond()
#5 [internal function]: CodeIgniter\Events\Events::Config\{closure}()
#6 /home/itvc/domains/itvc.codechuanseo.com/public_html/vendor/codeigniter4/framework/system/Events/Events.php(188): call_user_func(Object(Closure))
#7 /home/itvc/domains/itvc.codechuanseo.com/public_html/vendor/codeigniter4/framework/system/CodeIgniter.php(293): CodeIgniter\Events\Events::trigger('pre_system')
#8 /home/itvc/domains/itvc.codechuanseo.com/public_html/index.php(48): CodeIgniter\CodeIgniter->run()
#9 {main}
CRITICAL - 2021-06-22 04:57:23 --> unlink(/home/itvc/domains/itvc.codechuanseo.com/public_html/writable/debugbar/debugbar_1624355728.json): No such file or directory
#0 [internal function]: CodeIgniter\Debug\Exceptions->errorHandler(2, 'unlink(/home/it...', '/home/itvc/doma...', 106, Array)
#1 /home/itvc/domains/itvc.codechuanseo.com/public_html/vendor/codeigniter4/framework/system/Debug/Toolbar/Collectors/History.php(106): unlink('/home/itvc/doma...')
#2 /home/itvc/domains/itvc.codechuanseo.com/public_html/vendor/codeigniter4/framework/system/Debug/Toolbar.php(483): CodeIgniter\Debug\Toolbar\Collectors\History->setFiles(1624355843, 20)
#3 /home/itvc/domains/itvc.codechuanseo.com/public_html/vendor/codeigniter4/framework/system/Debug/Toolbar.php(455): CodeIgniter\Debug\Toolbar->format(Array, 'html')
#4 /home/itvc/domains/itvc.codechuanseo.com/public_html/app/Config/Events.php(44): CodeIgniter\Debug\Toolbar->respond()
#5 [internal function]: CodeIgniter\Events\Events::Config\{closure}()
#6 /home/itvc/domains/itvc.codechuanseo.com/public_html/vendor/codeigniter4/framework/system/Events/Events.php(188): call_user_func(Object(Closure))
#7 /home/itvc/domains/itvc.codechuanseo.com/public_html/vendor/codeigniter4/framework/system/CodeIgniter.php(293): CodeIgniter\Events\Events::trigger('pre_system')
#8 /home/itvc/domains/itvc.codechuanseo.com/public_html/index.php(48): CodeIgniter\CodeIgniter->run()
#9 {main}
CRITICAL - 2021-06-22 22:39:56 --> unlink(/home/itvc/domains/itvc.codechuanseo.com/public_html/writable/debugbar/debugbar_1624419462.json): No such file or directory
#0 [internal function]: CodeIgniter\Debug\Exceptions->errorHandler(2, 'unlink(/home/it...', '/home/itvc/doma...', 106, Array)
#1 /home/itvc/domains/itvc.codechuanseo.com/public_html/vendor/codeigniter4/framework/system/Debug/Toolbar/Collectors/History.php(106): unlink('/home/itvc/doma...')
#2 /home/itvc/domains/itvc.codechuanseo.com/public_html/vendor/codeigniter4/framework/system/Debug/Toolbar.php(483): CodeIgniter\Debug\Toolbar\Collectors\History->setFiles(1624419596, 20)
#3 /home/itvc/domains/itvc.codechuanseo.com/public_html/vendor/codeigniter4/framework/system/Debug/Toolbar.php(455): CodeIgniter\Debug\Toolbar->format(Array, 'html')
#4 /home/itvc/domains/itvc.codechuanseo.com/public_html/app/Config/Events.php(44): CodeIgniter\Debug\Toolbar->respond()
#5 [internal function]: CodeIgniter\Events\Events::Config\{closure}()
#6 /home/itvc/domains/itvc.codechuanseo.com/public_html/vendor/codeigniter4/framework/system/Events/Events.php(188): call_user_func(Object(Closure))
#7 /home/itvc/domains/itvc.codechuanseo.com/public_html/vendor/codeigniter4/framework/system/CodeIgniter.php(293): CodeIgniter\Events\Events::trigger('pre_system')
#8 /home/itvc/domains/itvc.codechuanseo.com/public_html/index.php(48): CodeIgniter\CodeIgniter->run()
#9 {main}
