CRITICAL - 2022-03-18 22:51:15 --> Undefined index: id
#0 W:\domains\kientruc.com.va\app\Controllers\Backend\Product\Product.php(487): CodeIgniter\Debug\Exceptions->errorHandler(8, 'Undefined index...', 'W:\\domains\\kien...', 487, Array)
#1 W:\domains\kientruc.com.va\app\Controllers\Backend\Product\Product.php(241): App\Controllers\Backend\Product\Product->create_brand_relationship(10)
#2 W:\domains\kientruc.com.va\vendor\codeigniter4\framework\system\CodeIgniter.php(918): App\Controllers\Backend\Product\Product->update(10)
#3 W:\domains\kientruc.com.va\vendor\codeigniter4\framework\system\CodeIgniter.php(404): CodeIgniter\CodeIgniter->runController(Object(App\Controllers\Backend\Product\Product))
#4 W:\domains\kientruc.com.va\vendor\codeigniter4\framework\system\CodeIgniter.php(312): CodeIgniter\CodeIgniter->handleRequest(NULL, Object(Config\Cache), false)
#5 W:\domains\kientruc.com.va\index.php(48): CodeIgniter\CodeIgniter->run()
#6 {main}
CRITICAL - 2022-03-18 23:14:03 --> Undefined property: CodeIgniter\View\View::$AutoloadModel
#0 W:\domains\kientruc.com.va\app\Views\frontend\homepage\home\index.php(6): CodeIgniter\Debug\Exceptions->errorHandler(8, 'Undefined prope...', 'W:\\domains\\kien...', 6, Array)
#1 W:\domains\kientruc.com.va\vendor\codeigniter4\framework\system\View\View.php(246): include('W:\\domains\\kien...')
#2 W:\domains\kientruc.com.va\vendor\codeigniter4\framework\system\Common.php(1119): CodeIgniter\View\View->render('frontend/homepa...', Array, true)
#3 W:\domains\kientruc.com.va\app\Views\frontend\homepage\layout\home.php(71): view('frontend/homepa...')
#4 W:\domains\kientruc.com.va\vendor\codeigniter4\framework\system\View\View.php(246): include('W:\\domains\\kien...')
#5 W:\domains\kientruc.com.va\vendor\codeigniter4\framework\system\Common.php(1119): CodeIgniter\View\View->render('frontend/homepa...', Array, true)
#6 W:\domains\kientruc.com.va\app\Controllers\Frontend\Homepage\Home.php(30): view('frontend/homepa...', Array)
#7 W:\domains\kientruc.com.va\vendor\codeigniter4\framework\system\CodeIgniter.php(918): App\Controllers\Frontend\Homepage\Home->index()
#8 W:\domains\kientruc.com.va\vendor\codeigniter4\framework\system\CodeIgniter.php(404): CodeIgniter\CodeIgniter->runController(Object(App\Controllers\Frontend\Homepage\Home))
#9 W:\domains\kientruc.com.va\vendor\codeigniter4\framework\system\CodeIgniter.php(312): CodeIgniter\CodeIgniter->handleRequest(NULL, Object(Config\Cache), false)
#10 W:\domains\kientruc.com.va\index.php(48): CodeIgniter\CodeIgniter->run()
#11 {main}
CRITICAL - 2022-03-18 23:17:38 --> syntax error, unexpected 'public' (T_PUBLIC), expecting end of file
#0 W:\domains\kientruc.com.va\vendor\codeigniter4\framework\system\Common.php(1119): CodeIgniter\View\View->render('frontend/homepa...', Array, true)
#1 W:\domains\kientruc.com.va\app\Views\frontend\homepage\layout\home.php(71): view('frontend/homepa...')
#2 W:\domains\kientruc.com.va\vendor\codeigniter4\framework\system\View\View.php(246): include('W:\\domains\\kien...')
#3 W:\domains\kientruc.com.va\vendor\codeigniter4\framework\system\Common.php(1119): CodeIgniter\View\View->render('frontend/homepa...', Array, true)
#4 W:\domains\kientruc.com.va\app\Controllers\Frontend\Homepage\Home.php(30): view('frontend/homepa...', Array)
#5 W:\domains\kientruc.com.va\vendor\codeigniter4\framework\system\CodeIgniter.php(918): App\Controllers\Frontend\Homepage\Home->index()
#6 W:\domains\kientruc.com.va\vendor\codeigniter4\framework\system\CodeIgniter.php(404): CodeIgniter\CodeIgniter->runController(Object(App\Controllers\Frontend\Homepage\Home))
#7 W:\domains\kientruc.com.va\vendor\codeigniter4\framework\system\CodeIgniter.php(312): CodeIgniter\CodeIgniter->handleRequest(NULL, Object(Config\Cache), false)
#8 W:\domains\kientruc.com.va\index.php(48): CodeIgniter\CodeIgniter->run()
#9 {main}
CRITICAL - 2022-03-18 23:17:45 --> Call to undefined method CodeIgniter\View\View::condition_catalogue()
#0 W:\domains\kientruc.com.va\vendor\codeigniter4\framework\system\View\View.php(246): include()
#1 W:\domains\kientruc.com.va\vendor\codeigniter4\framework\system\Common.php(1119): CodeIgniter\View\View->render('frontend/homepa...', Array, true)
#2 W:\domains\kientruc.com.va\app\Views\frontend\homepage\layout\home.php(71): view('frontend/homepa...')
#3 W:\domains\kientruc.com.va\vendor\codeigniter4\framework\system\View\View.php(246): include('W:\\domains\\kien...')
#4 W:\domains\kientruc.com.va\vendor\codeigniter4\framework\system\Common.php(1119): CodeIgniter\View\View->render('frontend/homepa...', Array, true)
#5 W:\domains\kientruc.com.va\app\Controllers\Frontend\Homepage\Home.php(30): view('frontend/homepa...', Array)
#6 W:\domains\kientruc.com.va\vendor\codeigniter4\framework\system\CodeIgniter.php(918): App\Controllers\Frontend\Homepage\Home->index()
#7 W:\domains\kientruc.com.va\vendor\codeigniter4\framework\system\CodeIgniter.php(404): CodeIgniter\CodeIgniter->runController(Object(App\Controllers\Frontend\Homepage\Home))
#8 W:\domains\kientruc.com.va\vendor\codeigniter4\framework\system\CodeIgniter.php(312): CodeIgniter\CodeIgniter->handleRequest(NULL, Object(Config\Cache), false)
#9 W:\domains\kientruc.com.va\index.php(48): CodeIgniter\CodeIgniter->run()
#10 {main}
CRITICAL - 2022-03-18 23:24:08 --> Undefined variable: panel
#0 W:\domains\kientruc.com.va\app\Views\frontend\homepage\home\index.php(356): CodeIgniter\Debug\Exceptions->errorHandler(8, 'Undefined varia...', 'W:\\domains\\kien...', 356, Array)
#1 W:\domains\kientruc.com.va\vendor\codeigniter4\framework\system\View\View.php(246): include('W:\\domains\\kien...')
#2 W:\domains\kientruc.com.va\vendor\codeigniter4\framework\system\Common.php(1119): CodeIgniter\View\View->render('frontend/homepa...', Array, true)
#3 W:\domains\kientruc.com.va\app\Views\frontend\homepage\layout\home.php(71): view('frontend/homepa...')
#4 W:\domains\kientruc.com.va\vendor\codeigniter4\framework\system\View\View.php(246): include('W:\\domains\\kien...')
#5 W:\domains\kientruc.com.va\vendor\codeigniter4\framework\system\Common.php(1119): CodeIgniter\View\View->render('frontend/homepa...', Array, true)
#6 W:\domains\kientruc.com.va\app\Controllers\Frontend\Homepage\Home.php(30): view('frontend/homepa...', Array)
#7 W:\domains\kientruc.com.va\vendor\codeigniter4\framework\system\CodeIgniter.php(918): App\Controllers\Frontend\Homepage\Home->index()
#8 W:\domains\kientruc.com.va\vendor\codeigniter4\framework\system\CodeIgniter.php(404): CodeIgniter\CodeIgniter->runController(Object(App\Controllers\Frontend\Homepage\Home))
#9 W:\domains\kientruc.com.va\vendor\codeigniter4\framework\system\CodeIgniter.php(312): CodeIgniter\CodeIgniter->handleRequest(NULL, Object(Config\Cache), false)
#10 W:\domains\kientruc.com.va\index.php(48): CodeIgniter\CodeIgniter->run()
#11 {main}
CRITICAL - 2022-03-18 23:26:29 --> Undefined variable: model
#0 W:\domains\kientruc.com.va\app\Views\frontend\homepage\home\index.php(52): CodeIgniter\Debug\Exceptions->errorHandler(8, 'Undefined varia...', 'W:\\domains\\kien...', 52, Array)
#1 W:\domains\kientruc.com.va\app\Views\frontend\homepage\home\index.php(22): condition_catalogue('24')
#2 W:\domains\kientruc.com.va\vendor\codeigniter4\framework\system\View\View.php(246): include('W:\\domains\\kien...')
#3 W:\domains\kientruc.com.va\vendor\codeigniter4\framework\system\Common.php(1119): CodeIgniter\View\View->render('frontend/homepa...', Array, true)
#4 W:\domains\kientruc.com.va\app\Views\frontend\homepage\layout\home.php(71): view('frontend/homepa...')
#5 W:\domains\kientruc.com.va\vendor\codeigniter4\framework\system\View\View.php(246): include('W:\\domains\\kien...')
#6 W:\domains\kientruc.com.va\vendor\codeigniter4\framework\system\Common.php(1119): CodeIgniter\View\View->render('frontend/homepa...', Array, true)
#7 W:\domains\kientruc.com.va\app\Controllers\Frontend\Homepage\Home.php(30): view('frontend/homepa...', Array)
#8 W:\domains\kientruc.com.va\vendor\codeigniter4\framework\system\CodeIgniter.php(918): App\Controllers\Frontend\Homepage\Home->index()
#9 W:\domains\kientruc.com.va\vendor\codeigniter4\framework\system\CodeIgniter.php(404): CodeIgniter\CodeIgniter->runController(Object(App\Controllers\Frontend\Homepage\Home))
#10 W:\domains\kientruc.com.va\vendor\codeigniter4\framework\system\CodeIgniter.php(312): CodeIgniter\CodeIgniter->handleRequest(NULL, Object(Config\Cache), false)
#11 W:\domains\kientruc.com.va\index.php(48): CodeIgniter\CodeIgniter->run()
#12 {main}
CRITICAL - 2022-03-18 23:26:43 --> Undefined variable: language
#0 W:\domains\kientruc.com.va\app\Views\frontend\homepage\home\index.php(59): CodeIgniter\Debug\Exceptions->errorHandler(8, 'Undefined varia...', 'W:\\domains\\kien...', 59, Array)
#1 W:\domains\kientruc.com.va\app\Views\frontend\homepage\home\index.php(22): condition_catalogue('24')
#2 W:\domains\kientruc.com.va\vendor\codeigniter4\framework\system\View\View.php(246): include('W:\\domains\\kien...')
#3 W:\domains\kientruc.com.va\vendor\codeigniter4\framework\system\Common.php(1119): CodeIgniter\View\View->render('frontend/homepa...', Array, true)
#4 W:\domains\kientruc.com.va\app\Views\frontend\homepage\layout\home.php(71): view('frontend/homepa...')
#5 W:\domains\kientruc.com.va\vendor\codeigniter4\framework\system\View\View.php(246): include('W:\\domains\\kien...')
#6 W:\domains\kientruc.com.va\vendor\codeigniter4\framework\system\Common.php(1119): CodeIgniter\View\View->render('frontend/homepa...', Array, true)
#7 W:\domains\kientruc.com.va\app\Controllers\Frontend\Homepage\Home.php(30): view('frontend/homepa...', Array)
#8 W:\domains\kientruc.com.va\vendor\codeigniter4\framework\system\CodeIgniter.php(918): App\Controllers\Frontend\Homepage\Home->index()
#9 W:\domains\kientruc.com.va\vendor\codeigniter4\framework\system\CodeIgniter.php(404): CodeIgniter\CodeIgniter->runController(Object(App\Controllers\Frontend\Homepage\Home))
#10 W:\domains\kientruc.com.va\vendor\codeigniter4\framework\system\CodeIgniter.php(312): CodeIgniter\CodeIgniter->handleRequest(NULL, Object(Config\Cache), false)
#11 W:\domains\kientruc.com.va\index.php(48): CodeIgniter\CodeIgniter->run()
#12 {main}
