CRITICAL - 2021-07-29 05:55:50 --> Undefined variable: param
#0 G:\OpenServer\domains\vnpt.com.va\app\Controllers\Backend\Menu\Menu.php(345): CodeIgniter\Debug\Exceptions->errorHandler(8, 'Undefined varia...', 'G:\\OpenServer\\d...', 345, Array)
#1 G:\OpenServer\domains\vnpt.com.va\vendor\codeigniter4\framework\system\CodeIgniter.php(918): App\Controllers\Backend\Menu\Menu->create('2', 'vi', '17')
#2 G:\OpenServer\domains\vnpt.com.va\vendor\codeigniter4\framework\system\CodeIgniter.php(404): CodeIgniter\CodeIgniter->runController(Object(App\Controllers\Backend\Menu\Menu))
#3 G:\OpenServer\domains\vnpt.com.va\vendor\codeigniter4\framework\system\CodeIgniter.php(312): CodeIgniter\CodeIgniter->handleRequest(NULL, Object(Config\Cache), false)
#4 G:\OpenServer\domains\vnpt.com.va\index.php(48): CodeIgniter\CodeIgniter->run()
#5 {main}
CRITICAL - 2021-07-29 08:47:30 --> Column 'alt' cannot be null
#0 G:\OpenServer\domains\vnpt.com.va\vendor\codeigniter4\framework\system\Database\MySQLi\Connection.php(331): mysqli->query('INSERT INTO `sl...')
#1 G:\OpenServer\domains\vnpt.com.va\vendor\codeigniter4\framework\system\Database\BaseConnection.php(741): CodeIgniter\Database\MySQLi\Connection->execute('INSERT INTO `sl...')
#2 G:\OpenServer\domains\vnpt.com.va\vendor\codeigniter4\framework\system\Database\BaseConnection.php(669): CodeIgniter\Database\BaseConnection->simpleQuery('INSERT INTO `sl...')
#3 G:\OpenServer\domains\vnpt.com.va\vendor\codeigniter4\framework\system\Database\BaseBuilder.php(2091): CodeIgniter\Database\BaseConnection->query('INSERT INTO `sl...', Array, false)
#4 G:\OpenServer\domains\vnpt.com.va\app\Models\AutoloadModel.php(137): CodeIgniter\Database\BaseBuilder->insertBatch(Array)
#5 G:\OpenServer\domains\vnpt.com.va\app\Controllers\Backend\Slide\Slide.php(106): App\Models\AutoloadModel->_create_batch(Array)
#6 G:\OpenServer\domains\vnpt.com.va\vendor\codeigniter4\framework\system\CodeIgniter.php(918): App\Controllers\Backend\Slide\Slide->create()
#7 G:\OpenServer\domains\vnpt.com.va\vendor\codeigniter4\framework\system\CodeIgniter.php(404): CodeIgniter\CodeIgniter->runController(Object(App\Controllers\Backend\Slide\Slide))
#8 G:\OpenServer\domains\vnpt.com.va\vendor\codeigniter4\framework\system\CodeIgniter.php(312): CodeIgniter\CodeIgniter->handleRequest(NULL, Object(Config\Cache), false)
#9 G:\OpenServer\domains\vnpt.com.va\index.php(48): CodeIgniter\CodeIgniter->run()
#10 {main}
CRITICAL - 2021-07-29 08:49:20 --> Column 'alt' cannot be null
#0 G:\OpenServer\domains\vnpt.com.va\vendor\codeigniter4\framework\system\Database\MySQLi\Connection.php(331): mysqli->query('INSERT INTO `sl...')
#1 G:\OpenServer\domains\vnpt.com.va\vendor\codeigniter4\framework\system\Database\BaseConnection.php(741): CodeIgniter\Database\MySQLi\Connection->execute('INSERT INTO `sl...')
#2 G:\OpenServer\domains\vnpt.com.va\vendor\codeigniter4\framework\system\Database\BaseConnection.php(669): CodeIgniter\Database\BaseConnection->simpleQuery('INSERT INTO `sl...')
#3 G:\OpenServer\domains\vnpt.com.va\vendor\codeigniter4\framework\system\Database\BaseBuilder.php(2091): CodeIgniter\Database\BaseConnection->query('INSERT INTO `sl...', Array, false)
#4 G:\OpenServer\domains\vnpt.com.va\app\Models\AutoloadModel.php(137): CodeIgniter\Database\BaseBuilder->insertBatch(Array)
#5 G:\OpenServer\domains\vnpt.com.va\app\Controllers\Backend\Slide\Slide.php(106): App\Models\AutoloadModel->_create_batch(Array)
#6 G:\OpenServer\domains\vnpt.com.va\vendor\codeigniter4\framework\system\CodeIgniter.php(918): App\Controllers\Backend\Slide\Slide->create()
#7 G:\OpenServer\domains\vnpt.com.va\vendor\codeigniter4\framework\system\CodeIgniter.php(404): CodeIgniter\CodeIgniter->runController(Object(App\Controllers\Backend\Slide\Slide))
#8 G:\OpenServer\domains\vnpt.com.va\vendor\codeigniter4\framework\system\CodeIgniter.php(312): CodeIgniter\CodeIgniter->handleRequest(NULL, Object(Config\Cache), false)
#9 G:\OpenServer\domains\vnpt.com.va\index.php(48): CodeIgniter\CodeIgniter->run()
#10 {main}
CRITICAL - 2021-07-29 08:50:00 --> Column 'canonical' cannot be null
#0 G:\OpenServer\domains\vnpt.com.va\vendor\codeigniter4\framework\system\Database\MySQLi\Connection.php(331): mysqli->query('INSERT INTO `sl...')
#1 G:\OpenServer\domains\vnpt.com.va\vendor\codeigniter4\framework\system\Database\BaseConnection.php(741): CodeIgniter\Database\MySQLi\Connection->execute('INSERT INTO `sl...')
#2 G:\OpenServer\domains\vnpt.com.va\vendor\codeigniter4\framework\system\Database\BaseConnection.php(669): CodeIgniter\Database\BaseConnection->simpleQuery('INSERT INTO `sl...')
#3 G:\OpenServer\domains\vnpt.com.va\vendor\codeigniter4\framework\system\Database\BaseBuilder.php(2091): CodeIgniter\Database\BaseConnection->query('INSERT INTO `sl...', Array, false)
#4 G:\OpenServer\domains\vnpt.com.va\app\Models\AutoloadModel.php(137): CodeIgniter\Database\BaseBuilder->insertBatch(Array)
#5 G:\OpenServer\domains\vnpt.com.va\app\Controllers\Backend\Slide\Slide.php(106): App\Models\AutoloadModel->_create_batch(Array)
#6 G:\OpenServer\domains\vnpt.com.va\vendor\codeigniter4\framework\system\CodeIgniter.php(918): App\Controllers\Backend\Slide\Slide->create()
#7 G:\OpenServer\domains\vnpt.com.va\vendor\codeigniter4\framework\system\CodeIgniter.php(404): CodeIgniter\CodeIgniter->runController(Object(App\Controllers\Backend\Slide\Slide))
#8 G:\OpenServer\domains\vnpt.com.va\vendor\codeigniter4\framework\system\CodeIgniter.php(312): CodeIgniter\CodeIgniter->handleRequest(NULL, Object(Config\Cache), false)
#9 G:\OpenServer\domains\vnpt.com.va\index.php(48): CodeIgniter\CodeIgniter->run()
#10 {main}
CRITICAL - 2021-07-29 09:48:38 --> Call to undefined function App\Controllers\Backend\Article\insert_router()
#0 G:\OpenServer\domains\vnpt.com.va\vendor\codeigniter4\framework\system\CodeIgniter.php(918): App\Controllers\Backend\Article\Catalogue->create()
#1 G:\OpenServer\domains\vnpt.com.va\vendor\codeigniter4\framework\system\CodeIgniter.php(404): CodeIgniter\CodeIgniter->runController(Object(App\Controllers\Backend\Article\Catalogue))
#2 G:\OpenServer\domains\vnpt.com.va\vendor\codeigniter4\framework\system\CodeIgniter.php(312): CodeIgniter\CodeIgniter->handleRequest(NULL, Object(Config\Cache), false)
#3 G:\OpenServer\domains\vnpt.com.va\index.php(48): CodeIgniter\CodeIgniter->run()
#4 {main}
CRITICAL - 2021-07-29 09:52:03 --> json_decode() expects parameter 1 to be string, array given
#0 [internal function]: CodeIgniter\Debug\Exceptions->errorHandler(2, 'json_decode() e...', 'G:\\OpenServer\\d...', 21, Array)
#1 G:\OpenServer\domains\vnpt.com.va\app\Libraries\Authentication.php(21): json_decode(Array, true)
#2 G:\OpenServer\domains\vnpt.com.va\app\Controllers\Backend\Article\Article.php(244): App\Libraries\Authentication->check_permission(Array)
#3 G:\OpenServer\domains\vnpt.com.va\vendor\codeigniter4\framework\system\CodeIgniter.php(918): App\Controllers\Backend\Article\Article->delete('7')
#4 G:\OpenServer\domains\vnpt.com.va\vendor\codeigniter4\framework\system\CodeIgniter.php(404): CodeIgniter\CodeIgniter->runController(Object(App\Controllers\Backend\Article\Article))
#5 G:\OpenServer\domains\vnpt.com.va\vendor\codeigniter4\framework\system\CodeIgniter.php(312): CodeIgniter\CodeIgniter->handleRequest(NULL, Object(Config\Cache), false)
#6 G:\OpenServer\domains\vnpt.com.va\index.php(48): CodeIgniter\CodeIgniter->run()
#7 {main}
CRITICAL - 2021-07-29 10:27:34 --> Undefined variable: value
#0 G:\OpenServer\domains\vnpt.com.va\app\Helpers\mypanel_helper.php(300): CodeIgniter\Debug\Exceptions->errorHandler(8, 'Undefined varia...', 'G:\\OpenServer\\d...', 300, Array)
#1 G:\OpenServer\domains\vnpt.com.va\app\Helpers\mypanel_helper.php(100): only_select_cat(Array)
#2 G:\OpenServer\domains\vnpt.com.va\app\Helpers\mypanel_helper.php(32): panel_catalogue(Array)
#3 G:\OpenServer\domains\vnpt.com.va\app\Controllers\Frontend\Homepage\Home.php(22): get_panel(Array)
#4 G:\OpenServer\domains\vnpt.com.va\vendor\codeigniter4\framework\system\CodeIgniter.php(918): App\Controllers\Frontend\Homepage\Home->index()
#5 G:\OpenServer\domains\vnpt.com.va\vendor\codeigniter4\framework\system\CodeIgniter.php(404): CodeIgniter\CodeIgniter->runController(Object(App\Controllers\Frontend\Homepage\Home))
#6 G:\OpenServer\domains\vnpt.com.va\vendor\codeigniter4\framework\system\CodeIgniter.php(312): CodeIgniter\CodeIgniter->handleRequest(NULL, Object(Config\Cache), false)
#7 G:\OpenServer\domains\vnpt.com.va\index.php(48): CodeIgniter\CodeIgniter->run()
#8 {main}
CRITICAL - 2021-07-29 10:28:19 --> Undefined variable: value
#0 G:\OpenServer\domains\vnpt.com.va\app\Helpers\mypanel_helper.php(301): CodeIgniter\Debug\Exceptions->errorHandler(8, 'Undefined varia...', 'G:\\OpenServer\\d...', 301, Array)
#1 G:\OpenServer\domains\vnpt.com.va\app\Helpers\mypanel_helper.php(100): only_select_cat(Array)
#2 G:\OpenServer\domains\vnpt.com.va\app\Helpers\mypanel_helper.php(32): panel_catalogue(Array)
#3 G:\OpenServer\domains\vnpt.com.va\app\Controllers\Frontend\Homepage\Home.php(22): get_panel(Array)
#4 G:\OpenServer\domains\vnpt.com.va\vendor\codeigniter4\framework\system\CodeIgniter.php(918): App\Controllers\Frontend\Homepage\Home->index()
#5 G:\OpenServer\domains\vnpt.com.va\vendor\codeigniter4\framework\system\CodeIgniter.php(404): CodeIgniter\CodeIgniter->runController(Object(App\Controllers\Frontend\Homepage\Home))
#6 G:\OpenServer\domains\vnpt.com.va\vendor\codeigniter4\framework\system\CodeIgniter.php(312): CodeIgniter\CodeIgniter->handleRequest(NULL, Object(Config\Cache), false)
#7 G:\OpenServer\domains\vnpt.com.va\index.php(48): CodeIgniter\CodeIgniter->run()
#8 {main}
CRITICAL - 2021-07-29 10:52:23 --> Undefined variable: module_explode
#0 G:\OpenServer\domains\vnpt.com.va\app\Helpers\mypanel_helper.php(208): CodeIgniter\Debug\Exceptions->errorHandler(8, 'Undefined varia...', 'G:\\OpenServer\\d...', 208, Array)
#1 G:\OpenServer\domains\vnpt.com.va\app\Helpers\mypanel_helper.php(97): only_post(Array)
#2 G:\OpenServer\domains\vnpt.com.va\app\Helpers\mypanel_helper.php(32): panel_catalogue(Array)
#3 G:\OpenServer\domains\vnpt.com.va\app\Controllers\Frontend\Homepage\Home.php(22): get_panel(Array)
#4 G:\OpenServer\domains\vnpt.com.va\vendor\codeigniter4\framework\system\CodeIgniter.php(918): App\Controllers\Frontend\Homepage\Home->index()
#5 G:\OpenServer\domains\vnpt.com.va\vendor\codeigniter4\framework\system\CodeIgniter.php(404): CodeIgniter\CodeIgniter->runController(Object(App\Controllers\Frontend\Homepage\Home))
#6 G:\OpenServer\domains\vnpt.com.va\vendor\codeigniter4\framework\system\CodeIgniter.php(312): CodeIgniter\CodeIgniter->handleRequest(NULL, Object(Config\Cache), false)
#7 G:\OpenServer\domains\vnpt.com.va\index.php(48): CodeIgniter\CodeIgniter->run()
#8 {main}
CRITICAL - 2021-07-29 10:58:20 --> Undefined variable: module_explode
#0 G:\OpenServer\domains\vnpt.com.va\app\Helpers\mypanel_helper.php(147): CodeIgniter\Debug\Exceptions->errorHandler(8, 'Undefined varia...', 'G:\\OpenServer\\d...', 147, Array)
#1 G:\OpenServer\domains\vnpt.com.va\app\Helpers\mypanel_helper.php(101): post_and_cat(Array)
#2 G:\OpenServer\domains\vnpt.com.va\app\Helpers\mypanel_helper.php(32): panel_catalogue(Array)
#3 G:\OpenServer\domains\vnpt.com.va\app\Controllers\Frontend\Homepage\Home.php(22): get_panel(Array)
#4 G:\OpenServer\domains\vnpt.com.va\vendor\codeigniter4\framework\system\CodeIgniter.php(918): App\Controllers\Frontend\Homepage\Home->index()
#5 G:\OpenServer\domains\vnpt.com.va\vendor\codeigniter4\framework\system\CodeIgniter.php(404): CodeIgniter\CodeIgniter->runController(Object(App\Controllers\Frontend\Homepage\Home))
#6 G:\OpenServer\domains\vnpt.com.va\vendor\codeigniter4\framework\system\CodeIgniter.php(312): CodeIgniter\CodeIgniter->handleRequest(NULL, Object(Config\Cache), false)
#7 G:\OpenServer\domains\vnpt.com.va\index.php(48): CodeIgniter\CodeIgniter->run()
#8 {main}
CRITICAL - 2021-07-29 11:01:51 --> Undefined variable: select_cat
#0 G:\OpenServer\domains\vnpt.com.va\app\Helpers\mypanel_helper.php(158): CodeIgniter\Debug\Exceptions->errorHandler(8, 'Undefined varia...', 'G:\\OpenServer\\d...', 158, Array)
#1 G:\OpenServer\domains\vnpt.com.va\app\Helpers\mypanel_helper.php(101): post_and_cat(Array)
#2 G:\OpenServer\domains\vnpt.com.va\app\Helpers\mypanel_helper.php(32): panel_catalogue(Array)
#3 G:\OpenServer\domains\vnpt.com.va\app\Controllers\Frontend\Homepage\Home.php(22): get_panel(Array)
#4 G:\OpenServer\domains\vnpt.com.va\vendor\codeigniter4\framework\system\CodeIgniter.php(918): App\Controllers\Frontend\Homepage\Home->index()
#5 G:\OpenServer\domains\vnpt.com.va\vendor\codeigniter4\framework\system\CodeIgniter.php(404): CodeIgniter\CodeIgniter->runController(Object(App\Controllers\Frontend\Homepage\Home))
#6 G:\OpenServer\domains\vnpt.com.va\vendor\codeigniter4\framework\system\CodeIgniter.php(312): CodeIgniter\CodeIgniter->handleRequest(NULL, Object(Config\Cache), false)
#7 G:\OpenServer\domains\vnpt.com.va\index.php(48): CodeIgniter\CodeIgniter->run()
#8 {main}
CRITICAL - 2021-07-29 11:02:12 --> Undefined variable: select_cat
#0 G:\OpenServer\domains\vnpt.com.va\app\Helpers\mypanel_helper.php(158): CodeIgniter\Debug\Exceptions->errorHandler(8, 'Undefined varia...', 'G:\\OpenServer\\d...', 158, Array)
#1 G:\OpenServer\domains\vnpt.com.va\app\Helpers\mypanel_helper.php(101): post_and_cat(Array)
#2 G:\OpenServer\domains\vnpt.com.va\app\Helpers\mypanel_helper.php(32): panel_catalogue(Array)
#3 G:\OpenServer\domains\vnpt.com.va\app\Controllers\Frontend\Homepage\Home.php(22): get_panel(Array)
#4 G:\OpenServer\domains\vnpt.com.va\vendor\codeigniter4\framework\system\CodeIgniter.php(918): App\Controllers\Frontend\Homepage\Home->index()
#5 G:\OpenServer\domains\vnpt.com.va\vendor\codeigniter4\framework\system\CodeIgniter.php(404): CodeIgniter\CodeIgniter->runController(Object(App\Controllers\Frontend\Homepage\Home))
#6 G:\OpenServer\domains\vnpt.com.va\vendor\codeigniter4\framework\system\CodeIgniter.php(312): CodeIgniter\CodeIgniter->handleRequest(NULL, Object(Config\Cache), false)
#7 G:\OpenServer\domains\vnpt.com.va\index.php(48): CodeIgniter\CodeIgniter->run()
#8 {main}
CRITICAL - 2021-07-29 11:02:30 --> Undefined variable: module_explode
#0 G:\OpenServer\domains\vnpt.com.va\app\Helpers\mypanel_helper.php(159): CodeIgniter\Debug\Exceptions->errorHandler(8, 'Undefined varia...', 'G:\\OpenServer\\d...', 159, Array)
#1 G:\OpenServer\domains\vnpt.com.va\app\Helpers\mypanel_helper.php(101): post_and_cat(Array)
#2 G:\OpenServer\domains\vnpt.com.va\app\Helpers\mypanel_helper.php(32): panel_catalogue(Array)
#3 G:\OpenServer\domains\vnpt.com.va\app\Controllers\Frontend\Homepage\Home.php(22): get_panel(Array)
#4 G:\OpenServer\domains\vnpt.com.va\vendor\codeigniter4\framework\system\CodeIgniter.php(918): App\Controllers\Frontend\Homepage\Home->index()
#5 G:\OpenServer\domains\vnpt.com.va\vendor\codeigniter4\framework\system\CodeIgniter.php(404): CodeIgniter\CodeIgniter->runController(Object(App\Controllers\Frontend\Homepage\Home))
#6 G:\OpenServer\domains\vnpt.com.va\vendor\codeigniter4\framework\system\CodeIgniter.php(312): CodeIgniter\CodeIgniter->handleRequest(NULL, Object(Config\Cache), false)
#7 G:\OpenServer\domains\vnpt.com.va\index.php(48): CodeIgniter\CodeIgniter->run()
#8 {main}
CRITICAL - 2021-07-29 11:04:37 --> Undefined variable: mang
#0 G:\OpenServer\domains\vnpt.com.va\app\Helpers\mypanel_helper.php(190): CodeIgniter\Debug\Exceptions->errorHandler(8, 'Undefined varia...', 'G:\\OpenServer\\d...', 190, Array)
#1 G:\OpenServer\domains\vnpt.com.va\app\Helpers\mypanel_helper.php(101): post_and_cat(Array)
#2 G:\OpenServer\domains\vnpt.com.va\app\Helpers\mypanel_helper.php(32): panel_catalogue(Array)
#3 G:\OpenServer\domains\vnpt.com.va\app\Controllers\Frontend\Homepage\Home.php(22): get_panel(Array)
#4 G:\OpenServer\domains\vnpt.com.va\vendor\codeigniter4\framework\system\CodeIgniter.php(918): App\Controllers\Frontend\Homepage\Home->index()
#5 G:\OpenServer\domains\vnpt.com.va\vendor\codeigniter4\framework\system\CodeIgniter.php(404): CodeIgniter\CodeIgniter->runController(Object(App\Controllers\Frontend\Homepage\Home))
#6 G:\OpenServer\domains\vnpt.com.va\vendor\codeigniter4\framework\system\CodeIgniter.php(312): CodeIgniter\CodeIgniter->handleRequest(NULL, Object(Config\Cache), false)
#7 G:\OpenServer\domains\vnpt.com.va\index.php(48): CodeIgniter\CodeIgniter->run()
#8 {main}
CRITICAL - 2021-07-29 22:51:32 --> Undefined variable: module
#0 G:\OpenServer\domains\vnpt.com.va\app\Validation\ObjectRules.php(39): CodeIgniter\Debug\Exceptions->errorHandler(8, 'Undefined varia...', 'G:\\OpenServer\\d...', 39, Array)
#1 G:\OpenServer\domains\vnpt.com.va\vendor\codeigniter4\framework\system\Validation\Validation.php(325): App\Validation\ObjectRules->check_router('gioi-thieu', 'article_catalog...', Array, NULL)
#2 G:\OpenServer\domains\vnpt.com.va\vendor\codeigniter4\framework\system\Validation\Validation.php(189): CodeIgniter\Validation\Validation->processRules('canonical', 'canonical', 'gioi-thieu', Array, Array)
#3 G:\OpenServer\domains\vnpt.com.va\vendor\codeigniter4\framework\system\Controller.php(219): CodeIgniter\Validation\Validation->run()
#4 G:\OpenServer\domains\vnpt.com.va\app\Controllers\Backend\Article\Catalogue.php(160): CodeIgniter\Controller->validate(Array, Array)
#5 G:\OpenServer\domains\vnpt.com.va\vendor\codeigniter4\framework\system\CodeIgniter.php(918): App\Controllers\Backend\Article\Catalogue->update(3)
#6 G:\OpenServer\domains\vnpt.com.va\vendor\codeigniter4\framework\system\CodeIgniter.php(404): CodeIgniter\CodeIgniter->runController(Object(App\Controllers\Backend\Article\Catalogue))
#7 G:\OpenServer\domains\vnpt.com.va\vendor\codeigniter4\framework\system\CodeIgniter.php(312): CodeIgniter\CodeIgniter->handleRequest(NULL, Object(Config\Cache), false)
#8 G:\OpenServer\domains\vnpt.com.va\index.php(48): CodeIgniter\CodeIgniter->run()
#9 {main}
CRITICAL - 2021-07-29 22:58:53 --> syntax error, unexpected ';'
#0 G:\OpenServer\domains\vnpt.com.va\vendor\codeigniter4\framework\system\Common.php(1119): CodeIgniter\View\View->render('backend/article...', Array, true)
#1 G:\OpenServer\domains\vnpt.com.va\app\Views\backend\dashboard\layout\home.php(44): view('backend/article...')
#2 G:\OpenServer\domains\vnpt.com.va\vendor\codeigniter4\framework\system\View\View.php(246): include('G:\\OpenServer\\d...')
#3 G:\OpenServer\domains\vnpt.com.va\vendor\codeigniter4\framework\system\Common.php(1119): CodeIgniter\View\View->render('backend/dashboa...', Array, true)
#4 G:\OpenServer\domains\vnpt.com.va\app\Controllers\Backend\Article\Article.php(100): view('backend/dashboa...', Array)
#5 G:\OpenServer\domains\vnpt.com.va\vendor\codeigniter4\framework\system\CodeIgniter.php(918): App\Controllers\Backend\Article\Article->index()
#6 G:\OpenServer\domains\vnpt.com.va\vendor\codeigniter4\framework\system\CodeIgniter.php(404): CodeIgniter\CodeIgniter->runController(Object(App\Controllers\Backend\Article\Article))
#7 G:\OpenServer\domains\vnpt.com.va\vendor\codeigniter4\framework\system\CodeIgniter.php(312): CodeIgniter\CodeIgniter->handleRequest(NULL, Object(Config\Cache), false)
#8 G:\OpenServer\domains\vnpt.com.va\index.php(48): CodeIgniter\CodeIgniter->run()
#9 {main}
CRITICAL - 2021-07-29 23:13:30 --> Undefined variable: alert
#0 G:\OpenServer\domains\vnpt.com.va\app\Views\frontend\homepage\home\index.php(140): CodeIgniter\Debug\Exceptions->errorHandler(8, 'Undefined varia...', 'G:\\OpenServer\\d...', 140, Array)
#1 G:\OpenServer\domains\vnpt.com.va\vendor\codeigniter4\framework\system\View\View.php(246): include('G:\\OpenServer\\d...')
#2 G:\OpenServer\domains\vnpt.com.va\vendor\codeigniter4\framework\system\Common.php(1119): CodeIgniter\View\View->render('frontend/homepa...', Array, true)
#3 G:\OpenServer\domains\vnpt.com.va\app\Views\frontend\homepage\layout\home.php(78): view('frontend/homepa...')
#4 G:\OpenServer\domains\vnpt.com.va\vendor\codeigniter4\framework\system\View\View.php(246): include('G:\\OpenServer\\d...')
#5 G:\OpenServer\domains\vnpt.com.va\vendor\codeigniter4\framework\system\Common.php(1119): CodeIgniter\View\View->render('frontend/homepa...', Array, true)
#6 G:\OpenServer\domains\vnpt.com.va\app\Controllers\Frontend\Homepage\Home.php(33): view('frontend/homepa...', Array)
#7 G:\OpenServer\domains\vnpt.com.va\vendor\codeigniter4\framework\system\CodeIgniter.php(918): App\Controllers\Frontend\Homepage\Home->index()
#8 G:\OpenServer\domains\vnpt.com.va\vendor\codeigniter4\framework\system\CodeIgniter.php(404): CodeIgniter\CodeIgniter->runController(Object(App\Controllers\Frontend\Homepage\Home))
#9 G:\OpenServer\domains\vnpt.com.va\vendor\codeigniter4\framework\system\CodeIgniter.php(312): CodeIgniter\CodeIgniter->handleRequest(NULL, Object(Config\Cache), false)
#10 G:\OpenServer\domains\vnpt.com.va\index.php(48): CodeIgniter\CodeIgniter->run()
#11 {main}
CRITICAL - 2021-07-29 23:15:28 --> Undefined index: icon
#0 G:\OpenServer\domains\vnpt.com.va\app\Views\frontend\homepage\home\index.php(129): CodeIgniter\Debug\Exceptions->errorHandler(8, 'Undefined index...', 'G:\\OpenServer\\d...', 129, Array)
#1 G:\OpenServer\domains\vnpt.com.va\vendor\codeigniter4\framework\system\View\View.php(246): include('G:\\OpenServer\\d...')
#2 G:\OpenServer\domains\vnpt.com.va\vendor\codeigniter4\framework\system\Common.php(1119): CodeIgniter\View\View->render('frontend/homepa...', Array, true)
#3 G:\OpenServer\domains\vnpt.com.va\app\Views\frontend\homepage\layout\home.php(78): view('frontend/homepa...')
#4 G:\OpenServer\domains\vnpt.com.va\vendor\codeigniter4\framework\system\View\View.php(246): include('G:\\OpenServer\\d...')
#5 G:\OpenServer\domains\vnpt.com.va\vendor\codeigniter4\framework\system\Common.php(1119): CodeIgniter\View\View->render('frontend/homepa...', Array, true)
#6 G:\OpenServer\domains\vnpt.com.va\app\Controllers\Frontend\Homepage\Home.php(33): view('frontend/homepa...', Array)
#7 G:\OpenServer\domains\vnpt.com.va\vendor\codeigniter4\framework\system\CodeIgniter.php(918): App\Controllers\Frontend\Homepage\Home->index()
#8 G:\OpenServer\domains\vnpt.com.va\vendor\codeigniter4\framework\system\CodeIgniter.php(404): CodeIgniter\CodeIgniter->runController(Object(App\Controllers\Frontend\Homepage\Home))
#9 G:\OpenServer\domains\vnpt.com.va\vendor\codeigniter4\framework\system\CodeIgniter.php(312): CodeIgniter\CodeIgniter->handleRequest(NULL, Object(Config\Cache), false)
#10 G:\OpenServer\domains\vnpt.com.va\index.php(48): CodeIgniter\CodeIgniter->run()
#11 {main}
CRITICAL - 2021-07-29 23:15:31 --> Undefined index: icon
#0 G:\OpenServer\domains\vnpt.com.va\app\Views\frontend\homepage\home\index.php(129): CodeIgniter\Debug\Exceptions->errorHandler(8, 'Undefined index...', 'G:\\OpenServer\\d...', 129, Array)
#1 G:\OpenServer\domains\vnpt.com.va\vendor\codeigniter4\framework\system\View\View.php(246): include('G:\\OpenServer\\d...')
#2 G:\OpenServer\domains\vnpt.com.va\vendor\codeigniter4\framework\system\Common.php(1119): CodeIgniter\View\View->render('frontend/homepa...', Array, true)
#3 G:\OpenServer\domains\vnpt.com.va\app\Views\frontend\homepage\layout\home.php(78): view('frontend/homepa...')
#4 G:\OpenServer\domains\vnpt.com.va\vendor\codeigniter4\framework\system\View\View.php(246): include('G:\\OpenServer\\d...')
#5 G:\OpenServer\domains\vnpt.com.va\vendor\codeigniter4\framework\system\Common.php(1119): CodeIgniter\View\View->render('frontend/homepa...', Array, true)
#6 G:\OpenServer\domains\vnpt.com.va\app\Controllers\Frontend\Homepage\Home.php(33): view('frontend/homepa...', Array)
#7 G:\OpenServer\domains\vnpt.com.va\vendor\codeigniter4\framework\system\CodeIgniter.php(918): App\Controllers\Frontend\Homepage\Home->index()
#8 G:\OpenServer\domains\vnpt.com.va\vendor\codeigniter4\framework\system\CodeIgniter.php(404): CodeIgniter\CodeIgniter->runController(Object(App\Controllers\Frontend\Homepage\Home))
#9 G:\OpenServer\domains\vnpt.com.va\vendor\codeigniter4\framework\system\CodeIgniter.php(312): CodeIgniter\CodeIgniter->handleRequest(NULL, Object(Config\Cache), false)
#10 G:\OpenServer\domains\vnpt.com.va\index.php(48): CodeIgniter\CodeIgniter->run()
#11 {main}
