CRITICAL - 2022-08-09 12:21:54 --> Undefined property: CodeIgniter\View\View::$Autoload_Model
#0 G:\DoAnTotNghiep\OpenServer\domains\new-allinci.com\app\Views\frontend\homepage\common\header.php(7): CodeIgniter\Debug\Exceptions->errorHandler(8, 'Undefined prope...', 'G:\\DoAnTotNghie...', 7, Array)
#1 G:\DoAnTotNghiep\OpenServer\domains\new-allinci.com\vendor\codeigniter4\framework\system\View\View.php(246): include('G:\\DoAnTotNghie...')
#2 G:\DoAnTotNghiep\OpenServer\domains\new-allinci.com\vendor\codeigniter4\framework\system\Common.php(1119): CodeIgniter\View\View->render('frontend/homepa...', Array, true)
#3 G:\DoAnTotNghiep\OpenServer\domains\new-allinci.com\app\Views\frontend\homepage\layout\home.php(69): view('frontend/homepa...')
#4 G:\DoAnTotNghiep\OpenServer\domains\new-allinci.com\vendor\codeigniter4\framework\system\View\View.php(246): include('G:\\DoAnTotNghie...')
#5 G:\DoAnTotNghiep\OpenServer\domains\new-allinci.com\vendor\codeigniter4\framework\system\Common.php(1119): CodeIgniter\View\View->render('frontend/homepa...', Array, true)
#6 G:\DoAnTotNghiep\OpenServer\domains\new-allinci.com\app\Controllers\Frontend\Homepage\Home.php(70): view('frontend/homepa...', Array)
#7 G:\DoAnTotNghiep\OpenServer\domains\new-allinci.com\vendor\codeigniter4\framework\system\CodeIgniter.php(918): App\Controllers\Frontend\Homepage\Home->index()
#8 G:\DoAnTotNghiep\OpenServer\domains\new-allinci.com\vendor\codeigniter4\framework\system\CodeIgniter.php(404): CodeIgniter\CodeIgniter->runController(Object(App\Controllers\Frontend\Homepage\Home))
#9 G:\DoAnTotNghiep\OpenServer\domains\new-allinci.com\vendor\codeigniter4\framework\system\CodeIgniter.php(312): CodeIgniter\CodeIgniter->handleRequest(NULL, Object(Config\Cache), false)
#10 G:\DoAnTotNghiep\OpenServer\domains\new-allinci.com\index.php(47): CodeIgniter\CodeIgniter->run()
#11 {main}
CRITICAL - 2022-08-09 12:28:16 --> Undefined property: CodeIgniter\View\View::$load
#0 G:\DoAnTotNghiep\OpenServer\domains\new-allinci.com\app\Views\frontend\homepage\common\header.php(34): CodeIgniter\Debug\Exceptions->errorHandler(8, 'Undefined prope...', 'G:\\DoAnTotNghie...', 34, Array)
#1 G:\DoAnTotNghiep\OpenServer\domains\new-allinci.com\vendor\codeigniter4\framework\system\View\View.php(246): include('G:\\DoAnTotNghie...')
#2 G:\DoAnTotNghiep\OpenServer\domains\new-allinci.com\vendor\codeigniter4\framework\system\Common.php(1119): CodeIgniter\View\View->render('frontend/homepa...', Array, true)
#3 G:\DoAnTotNghiep\OpenServer\domains\new-allinci.com\app\Views\frontend\homepage\layout\home.php(69): view('frontend/homepa...')
#4 G:\DoAnTotNghiep\OpenServer\domains\new-allinci.com\vendor\codeigniter4\framework\system\View\View.php(246): include('G:\\DoAnTotNghie...')
#5 G:\DoAnTotNghiep\OpenServer\domains\new-allinci.com\vendor\codeigniter4\framework\system\Common.php(1119): CodeIgniter\View\View->render('frontend/homepa...', Array, true)
#6 G:\DoAnTotNghiep\OpenServer\domains\new-allinci.com\app\Controllers\Frontend\Homepage\Home.php(70): view('frontend/homepa...', Array)
#7 G:\DoAnTotNghiep\OpenServer\domains\new-allinci.com\vendor\codeigniter4\framework\system\CodeIgniter.php(918): App\Controllers\Frontend\Homepage\Home->index()
#8 G:\DoAnTotNghiep\OpenServer\domains\new-allinci.com\vendor\codeigniter4\framework\system\CodeIgniter.php(404): CodeIgniter\CodeIgniter->runController(Object(App\Controllers\Frontend\Homepage\Home))
#9 G:\DoAnTotNghiep\OpenServer\domains\new-allinci.com\vendor\codeigniter4\framework\system\CodeIgniter.php(312): CodeIgniter\CodeIgniter->handleRequest(NULL, Object(Config\Cache), false)
#10 G:\DoAnTotNghiep\OpenServer\domains\new-allinci.com\index.php(47): CodeIgniter\CodeIgniter->run()
#11 {main}
CRITICAL - 2022-08-09 12:31:15 --> Undefined variable: promotion
#0 G:\DoAnTotNghiep\OpenServer\domains\new-allinci.com\app\Views\frontend\homepage\common\header.php(36): CodeIgniter\Debug\Exceptions->errorHandler(8, 'Undefined varia...', 'G:\\DoAnTotNghie...', 36, Array)
#1 G:\DoAnTotNghiep\OpenServer\domains\new-allinci.com\vendor\codeigniter4\framework\system\View\View.php(246): include('G:\\DoAnTotNghie...')
#2 G:\DoAnTotNghiep\OpenServer\domains\new-allinci.com\vendor\codeigniter4\framework\system\Common.php(1119): CodeIgniter\View\View->render('frontend/homepa...', Array, true)
#3 G:\DoAnTotNghiep\OpenServer\domains\new-allinci.com\app\Views\frontend\homepage\layout\home.php(69): view('frontend/homepa...')
#4 G:\DoAnTotNghiep\OpenServer\domains\new-allinci.com\vendor\codeigniter4\framework\system\View\View.php(246): include('G:\\DoAnTotNghie...')
#5 G:\DoAnTotNghiep\OpenServer\domains\new-allinci.com\vendor\codeigniter4\framework\system\Common.php(1119): CodeIgniter\View\View->render('frontend/homepa...', Array, true)
#6 G:\DoAnTotNghiep\OpenServer\domains\new-allinci.com\app\Controllers\Frontend\Homepage\Home.php(70): view('frontend/homepa...', Array)
#7 G:\DoAnTotNghiep\OpenServer\domains\new-allinci.com\vendor\codeigniter4\framework\system\CodeIgniter.php(918): App\Controllers\Frontend\Homepage\Home->index()
#8 G:\DoAnTotNghiep\OpenServer\domains\new-allinci.com\vendor\codeigniter4\framework\system\CodeIgniter.php(404): CodeIgniter\CodeIgniter->runController(Object(App\Controllers\Frontend\Homepage\Home))
#9 G:\DoAnTotNghiep\OpenServer\domains\new-allinci.com\vendor\codeigniter4\framework\system\CodeIgniter.php(312): CodeIgniter\CodeIgniter->handleRequest(NULL, Object(Config\Cache), false)
#10 G:\DoAnTotNghiep\OpenServer\domains\new-allinci.com\index.php(47): CodeIgniter\CodeIgniter->run()
#11 {main}
CRITICAL - 2022-08-09 12:31:40 --> Call to undefined function layout_control()
#0 G:\DoAnTotNghiep\OpenServer\domains\new-allinci.com\vendor\codeigniter4\framework\system\View\View.php(246): include()
#1 G:\DoAnTotNghiep\OpenServer\domains\new-allinci.com\vendor\codeigniter4\framework\system\Common.php(1119): CodeIgniter\View\View->render('frontend/homepa...', Array, true)
#2 G:\DoAnTotNghiep\OpenServer\domains\new-allinci.com\app\Views\frontend\homepage\layout\home.php(69): view('frontend/homepa...')
#3 G:\DoAnTotNghiep\OpenServer\domains\new-allinci.com\vendor\codeigniter4\framework\system\View\View.php(246): include('G:\\DoAnTotNghie...')
#4 G:\DoAnTotNghiep\OpenServer\domains\new-allinci.com\vendor\codeigniter4\framework\system\Common.php(1119): CodeIgniter\View\View->render('frontend/homepa...', Array, true)
#5 G:\DoAnTotNghiep\OpenServer\domains\new-allinci.com\app\Controllers\Frontend\Homepage\Home.php(70): view('frontend/homepa...', Array)
#6 G:\DoAnTotNghiep\OpenServer\domains\new-allinci.com\vendor\codeigniter4\framework\system\CodeIgniter.php(918): App\Controllers\Frontend\Homepage\Home->index()
#7 G:\DoAnTotNghiep\OpenServer\domains\new-allinci.com\vendor\codeigniter4\framework\system\CodeIgniter.php(404): CodeIgniter\CodeIgniter->runController(Object(App\Controllers\Frontend\Homepage\Home))
#8 G:\DoAnTotNghiep\OpenServer\domains\new-allinci.com\vendor\codeigniter4\framework\system\CodeIgniter.php(312): CodeIgniter\CodeIgniter->handleRequest(NULL, Object(Config\Cache), false)
#9 G:\DoAnTotNghiep\OpenServer\domains\new-allinci.com\index.php(47): CodeIgniter\CodeIgniter->run()
#10 {main}
CRITICAL - 2022-08-09 13:01:41 --> Call to undefined function layout_control()
#0 G:\DoAnTotNghiep\OpenServer\domains\new-allinci.com\vendor\codeigniter4\framework\system\View\View.php(246): include()
#1 G:\DoAnTotNghiep\OpenServer\domains\new-allinci.com\vendor\codeigniter4\framework\system\Common.php(1119): CodeIgniter\View\View->render('frontend/homepa...', Array, true)
#2 G:\DoAnTotNghiep\OpenServer\domains\new-allinci.com\app\Views\frontend\homepage\layout\home.php(69): view('frontend/homepa...')
#3 G:\DoAnTotNghiep\OpenServer\domains\new-allinci.com\vendor\codeigniter4\framework\system\View\View.php(246): include('G:\\DoAnTotNghie...')
#4 G:\DoAnTotNghiep\OpenServer\domains\new-allinci.com\vendor\codeigniter4\framework\system\Common.php(1119): CodeIgniter\View\View->render('frontend/homepa...', Array, true)
#5 G:\DoAnTotNghiep\OpenServer\domains\new-allinci.com\app\Controllers\Frontend\Homepage\Home.php(70): view('frontend/homepa...', Array)
#6 G:\DoAnTotNghiep\OpenServer\domains\new-allinci.com\vendor\codeigniter4\framework\system\CodeIgniter.php(918): App\Controllers\Frontend\Homepage\Home->index()
#7 G:\DoAnTotNghiep\OpenServer\domains\new-allinci.com\vendor\codeigniter4\framework\system\CodeIgniter.php(404): CodeIgniter\CodeIgniter->runController(Object(App\Controllers\Frontend\Homepage\Home))
#8 G:\DoAnTotNghiep\OpenServer\domains\new-allinci.com\vendor\codeigniter4\framework\system\CodeIgniter.php(312): CodeIgniter\CodeIgniter->handleRequest(NULL, Object(Config\Cache), false)
#9 G:\DoAnTotNghiep\OpenServer\domains\new-allinci.com\index.php(47): CodeIgniter\CodeIgniter->run()
#10 {main}
CRITICAL - 2022-08-09 13:31:44 --> Call to undefined function layout_control()
#0 G:\DoAnTotNghiep\OpenServer\domains\new-allinci.com\vendor\codeigniter4\framework\system\View\View.php(246): include()
#1 G:\DoAnTotNghiep\OpenServer\domains\new-allinci.com\vendor\codeigniter4\framework\system\Common.php(1119): CodeIgniter\View\View->render('frontend/homepa...', Array, true)
#2 G:\DoAnTotNghiep\OpenServer\domains\new-allinci.com\app\Views\frontend\homepage\layout\home.php(69): view('frontend/homepa...')
#3 G:\DoAnTotNghiep\OpenServer\domains\new-allinci.com\vendor\codeigniter4\framework\system\View\View.php(246): include('G:\\DoAnTotNghie...')
#4 G:\DoAnTotNghiep\OpenServer\domains\new-allinci.com\vendor\codeigniter4\framework\system\Common.php(1119): CodeIgniter\View\View->render('frontend/homepa...', Array, true)
#5 G:\DoAnTotNghiep\OpenServer\domains\new-allinci.com\app\Controllers\Frontend\Homepage\Home.php(70): view('frontend/homepa...', Array)
#6 G:\DoAnTotNghiep\OpenServer\domains\new-allinci.com\vendor\codeigniter4\framework\system\CodeIgniter.php(918): App\Controllers\Frontend\Homepage\Home->index()
#7 G:\DoAnTotNghiep\OpenServer\domains\new-allinci.com\vendor\codeigniter4\framework\system\CodeIgniter.php(404): CodeIgniter\CodeIgniter->runController(Object(App\Controllers\Frontend\Homepage\Home))
#8 G:\DoAnTotNghiep\OpenServer\domains\new-allinci.com\vendor\codeigniter4\framework\system\CodeIgniter.php(312): CodeIgniter\CodeIgniter->handleRequest(NULL, Object(Config\Cache), false)
#9 G:\DoAnTotNghiep\OpenServer\domains\new-allinci.com\index.php(47): CodeIgniter\CodeIgniter->run()
#10 {main}
