CRITICAL - 2021-10-01 03:14:50 --> Undefined variable: totalTime
#0 G:\OpenServer\domains\ht.anhtrong.com\vendor\codeigniter4\framework\system\Debug\Toolbar\Views\toolbar.tpl.php(56): CodeIgniter\Debug\Exceptions->errorHandler(8, 'Undefined varia...', 'G:\\OpenServer\\d...', 56, Array)
#1 G:\OpenServer\domains\ht.anhtrong.com\vendor\codeigniter4\framework\system\Debug\Toolbar.php(498): include('G:\\OpenServer\\d...')
#2 G:\OpenServer\domains\ht.anhtrong.com\vendor\codeigniter4\framework\system\Debug\Toolbar.php(455): CodeIgniter\Debug\Toolbar->format(Array, 'html')
#3 G:\OpenServer\domains\ht.anhtrong.com\app\Config\Events.php(44): CodeIgniter\Debug\Toolbar->respond()
#4 [internal function]: CodeIgniter\Events\Events::Config\{closure}()
#5 G:\OpenServer\domains\ht.anhtrong.com\vendor\codeigniter4\framework\system\Events\Events.php(188): call_user_func(Object(Closure))
#6 G:\OpenServer\domains\ht.anhtrong.com\vendor\codeigniter4\framework\system\CodeIgniter.php(293): CodeIgniter\Events\Events::trigger('pre_system')
#7 G:\OpenServer\domains\ht.anhtrong.com\index.php(48): CodeIgniter\CodeIgniter->run()
#8 {main}
CRITICAL - 2021-10-01 03:27:36 --> Call to a member function dropdown() on null
#0 G:\OpenServer\domains\ht.anhtrong.com\vendor\codeigniter4\framework\system\CodeIgniter.php(918): App\Controllers\Backend\Landingpage\Landingpage->index()
#1 G:\OpenServer\domains\ht.anhtrong.com\vendor\codeigniter4\framework\system\CodeIgniter.php(404): CodeIgniter\CodeIgniter->runController(Object(App\Controllers\Backend\Landingpage\Landingpage))
#2 G:\OpenServer\domains\ht.anhtrong.com\vendor\codeigniter4\framework\system\CodeIgniter.php(312): CodeIgniter\CodeIgniter->handleRequest(NULL, Object(Config\Cache), false)
#3 G:\OpenServer\domains\ht.anhtrong.com\index.php(48): CodeIgniter\CodeIgniter->run()
#4 {main}
CRITICAL - 2021-10-01 03:27:44 --> Undefined variable: dropdown
#0 G:\OpenServer\domains\ht.anhtrong.com\app\Views\backend\article\article\index.php(66): CodeIgniter\Debug\Exceptions->errorHandler(8, 'Undefined varia...', 'G:\\OpenServer\\d...', 66, Array)
#1 G:\OpenServer\domains\ht.anhtrong.com\vendor\codeigniter4\framework\system\View\View.php(246): include('G:\\OpenServer\\d...')
#2 G:\OpenServer\domains\ht.anhtrong.com\vendor\codeigniter4\framework\system\Common.php(1119): CodeIgniter\View\View->render('backend/article...', Array, true)
#3 G:\OpenServer\domains\ht.anhtrong.com\app\Views\backend\dashboard\layout\home.php(44): view('backend/article...')
#4 G:\OpenServer\domains\ht.anhtrong.com\vendor\codeigniter4\framework\system\View\View.php(246): include('G:\\OpenServer\\d...')
#5 G:\OpenServer\domains\ht.anhtrong.com\vendor\codeigniter4\framework\system\Common.php(1119): CodeIgniter\View\View->render('backend/dashboa...', Array, true)
#6 G:\OpenServer\domains\ht.anhtrong.com\app\Controllers\Backend\Landingpage\Landingpage.php(61): view('backend/dashboa...', Array)
#7 G:\OpenServer\domains\ht.anhtrong.com\vendor\codeigniter4\framework\system\CodeIgniter.php(918): App\Controllers\Backend\Landingpage\Landingpage->index()
#8 G:\OpenServer\domains\ht.anhtrong.com\vendor\codeigniter4\framework\system\CodeIgniter.php(404): CodeIgniter\CodeIgniter->runController(Object(App\Controllers\Backend\Landingpage\Landingpage))
#9 G:\OpenServer\domains\ht.anhtrong.com\vendor\codeigniter4\framework\system\CodeIgniter.php(312): CodeIgniter\CodeIgniter->handleRequest(NULL, Object(Config\Cache), false)
#10 G:\OpenServer\domains\ht.anhtrong.com\index.php(48): CodeIgniter\CodeIgniter->run()
#11 {main}
CRITICAL - 2021-10-01 03:28:06 --> Undefined variable: dropdown
#0 G:\OpenServer\domains\ht.anhtrong.com\app\Views\backend\article\article\index.php(66): CodeIgniter\Debug\Exceptions->errorHandler(8, 'Undefined varia...', 'G:\\OpenServer\\d...', 66, Array)
#1 G:\OpenServer\domains\ht.anhtrong.com\vendor\codeigniter4\framework\system\View\View.php(246): include('G:\\OpenServer\\d...')
#2 G:\OpenServer\domains\ht.anhtrong.com\vendor\codeigniter4\framework\system\Common.php(1119): CodeIgniter\View\View->render('backend/article...', Array, true)
#3 G:\OpenServer\domains\ht.anhtrong.com\app\Views\backend\dashboard\layout\home.php(44): view('backend/article...')
#4 G:\OpenServer\domains\ht.anhtrong.com\vendor\codeigniter4\framework\system\View\View.php(246): include('G:\\OpenServer\\d...')
#5 G:\OpenServer\domains\ht.anhtrong.com\vendor\codeigniter4\framework\system\Common.php(1119): CodeIgniter\View\View->render('backend/dashboa...', Array, true)
#6 G:\OpenServer\domains\ht.anhtrong.com\app\Controllers\Backend\Landingpage\Landingpage.php(61): view('backend/dashboa...', Array)
#7 G:\OpenServer\domains\ht.anhtrong.com\vendor\codeigniter4\framework\system\CodeIgniter.php(918): App\Controllers\Backend\Landingpage\Landingpage->index()
#8 G:\OpenServer\domains\ht.anhtrong.com\vendor\codeigniter4\framework\system\CodeIgniter.php(404): CodeIgniter\CodeIgniter->runController(Object(App\Controllers\Backend\Landingpage\Landingpage))
#9 G:\OpenServer\domains\ht.anhtrong.com\vendor\codeigniter4\framework\system\CodeIgniter.php(312): CodeIgniter\CodeIgniter->handleRequest(NULL, Object(Config\Cache), false)
#10 G:\OpenServer\domains\ht.anhtrong.com\index.php(48): CodeIgniter\CodeIgniter->run()
#11 {main}
CRITICAL - 2021-10-01 03:29:44 --> Call to a member function dropdown() on null
#0 G:\OpenServer\domains\ht.anhtrong.com\vendor\codeigniter4\framework\system\CodeIgniter.php(918): App\Controllers\Backend\Landingpage\Landingpage->create()
#1 G:\OpenServer\domains\ht.anhtrong.com\vendor\codeigniter4\framework\system\CodeIgniter.php(404): CodeIgniter\CodeIgniter->runController(Object(App\Controllers\Backend\Landingpage\Landingpage))
#2 G:\OpenServer\domains\ht.anhtrong.com\vendor\codeigniter4\framework\system\CodeIgniter.php(312): CodeIgniter\CodeIgniter->handleRequest(NULL, Object(Config\Cache), false)
#3 G:\OpenServer\domains\ht.anhtrong.com\index.php(48): CodeIgniter\CodeIgniter->run()
#4 {main}
CRITICAL - 2021-10-01 03:29:54 --> Undefined variable: dropdown
#0 G:\OpenServer\domains\ht.anhtrong.com\app\Views\backend\article\article\store.php(274): CodeIgniter\Debug\Exceptions->errorHandler(8, 'Undefined varia...', 'G:\\OpenServer\\d...', 274, Array)
#1 G:\OpenServer\domains\ht.anhtrong.com\vendor\codeigniter4\framework\system\View\View.php(246): include('G:\\OpenServer\\d...')
#2 G:\OpenServer\domains\ht.anhtrong.com\vendor\codeigniter4\framework\system\Common.php(1119): CodeIgniter\View\View->render('backend/article...', Array, true)
#3 G:\OpenServer\domains\ht.anhtrong.com\app\Views\backend\article\article\create.php(16): view('backend/article...')
#4 G:\OpenServer\domains\ht.anhtrong.com\vendor\codeigniter4\framework\system\View\View.php(246): include('G:\\OpenServer\\d...')
#5 G:\OpenServer\domains\ht.anhtrong.com\vendor\codeigniter4\framework\system\Common.php(1119): CodeIgniter\View\View->render('backend/article...', Array, true)
#6 G:\OpenServer\domains\ht.anhtrong.com\app\Views\backend\dashboard\layout\home.php(44): view('backend/article...')
#7 G:\OpenServer\domains\ht.anhtrong.com\vendor\codeigniter4\framework\system\View\View.php(246): include('G:\\OpenServer\\d...')
#8 G:\OpenServer\domains\ht.anhtrong.com\vendor\codeigniter4\framework\system\Common.php(1119): CodeIgniter\View\View->render('backend/dashboa...', Array, true)
#9 G:\OpenServer\domains\ht.anhtrong.com\app\Controllers\Backend\Landingpage\Landingpage.php(122): view('backend/dashboa...', Array)
#10 G:\OpenServer\domains\ht.anhtrong.com\vendor\codeigniter4\framework\system\CodeIgniter.php(918): App\Controllers\Backend\Landingpage\Landingpage->create()
#11 G:\OpenServer\domains\ht.anhtrong.com\vendor\codeigniter4\framework\system\CodeIgniter.php(404): CodeIgniter\CodeIgniter->runController(Object(App\Controllers\Backend\Landingpage\Landingpage))
#12 G:\OpenServer\domains\ht.anhtrong.com\vendor\codeigniter4\framework\system\CodeIgniter.php(312): CodeIgniter\CodeIgniter->handleRequest(NULL, Object(Config\Cache), false)
#13 G:\OpenServer\domains\ht.anhtrong.com\index.php(48): CodeIgniter\CodeIgniter->run()
#14 {main}
CRITICAL - 2021-10-01 03:30:29 --> Undefined variable: dropdown
#0 G:\OpenServer\domains\ht.anhtrong.com\app\Views\backend\article\article\store.php(274): CodeIgniter\Debug\Exceptions->errorHandler(8, 'Undefined varia...', 'G:\\OpenServer\\d...', 274, Array)
#1 G:\OpenServer\domains\ht.anhtrong.com\vendor\codeigniter4\framework\system\View\View.php(246): include('G:\\OpenServer\\d...')
#2 G:\OpenServer\domains\ht.anhtrong.com\vendor\codeigniter4\framework\system\Common.php(1119): CodeIgniter\View\View->render('backend/article...', Array, true)
#3 G:\OpenServer\domains\ht.anhtrong.com\app\Views\backend\article\article\create.php(16): view('backend/article...')
#4 G:\OpenServer\domains\ht.anhtrong.com\vendor\codeigniter4\framework\system\View\View.php(246): include('G:\\OpenServer\\d...')
#5 G:\OpenServer\domains\ht.anhtrong.com\vendor\codeigniter4\framework\system\Common.php(1119): CodeIgniter\View\View->render('backend/article...', Array, true)
#6 G:\OpenServer\domains\ht.anhtrong.com\app\Views\backend\dashboard\layout\home.php(44): view('backend/article...')
#7 G:\OpenServer\domains\ht.anhtrong.com\vendor\codeigniter4\framework\system\View\View.php(246): include('G:\\OpenServer\\d...')
#8 G:\OpenServer\domains\ht.anhtrong.com\vendor\codeigniter4\framework\system\Common.php(1119): CodeIgniter\View\View->render('backend/dashboa...', Array, true)
#9 G:\OpenServer\domains\ht.anhtrong.com\app\Controllers\Backend\Landingpage\Landingpage.php(122): view('backend/dashboa...', Array)
#10 G:\OpenServer\domains\ht.anhtrong.com\vendor\codeigniter4\framework\system\CodeIgniter.php(918): App\Controllers\Backend\Landingpage\Landingpage->create()
#11 G:\OpenServer\domains\ht.anhtrong.com\vendor\codeigniter4\framework\system\CodeIgniter.php(404): CodeIgniter\CodeIgniter->runController(Object(App\Controllers\Backend\Landingpage\Landingpage))
#12 G:\OpenServer\domains\ht.anhtrong.com\vendor\codeigniter4\framework\system\CodeIgniter.php(312): CodeIgniter\CodeIgniter->handleRequest(NULL, Object(Config\Cache), false)
#13 G:\OpenServer\domains\ht.anhtrong.com\index.php(48): CodeIgniter\CodeIgniter->run()
#14 {main}
CRITICAL - 2021-10-01 03:30:40 --> Undefined variable: dropdown
#0 G:\OpenServer\domains\ht.anhtrong.com\app\Views\backend\article\article\store.php(274): CodeIgniter\Debug\Exceptions->errorHandler(8, 'Undefined varia...', 'G:\\OpenServer\\d...', 274, Array)
#1 G:\OpenServer\domains\ht.anhtrong.com\vendor\codeigniter4\framework\system\View\View.php(246): include('G:\\OpenServer\\d...')
#2 G:\OpenServer\domains\ht.anhtrong.com\vendor\codeigniter4\framework\system\Common.php(1119): CodeIgniter\View\View->render('backend/article...', Array, true)
#3 G:\OpenServer\domains\ht.anhtrong.com\app\Views\backend\article\article\create.php(16): view('backend/article...')
#4 G:\OpenServer\domains\ht.anhtrong.com\vendor\codeigniter4\framework\system\View\View.php(246): include('G:\\OpenServer\\d...')
#5 G:\OpenServer\domains\ht.anhtrong.com\vendor\codeigniter4\framework\system\Common.php(1119): CodeIgniter\View\View->render('backend/article...', Array, true)
#6 G:\OpenServer\domains\ht.anhtrong.com\app\Views\backend\dashboard\layout\home.php(44): view('backend/article...')
#7 G:\OpenServer\domains\ht.anhtrong.com\vendor\codeigniter4\framework\system\View\View.php(246): include('G:\\OpenServer\\d...')
#8 G:\OpenServer\domains\ht.anhtrong.com\vendor\codeigniter4\framework\system\Common.php(1119): CodeIgniter\View\View->render('backend/dashboa...', Array, true)
#9 G:\OpenServer\domains\ht.anhtrong.com\app\Controllers\Backend\Landingpage\Landingpage.php(122): view('backend/dashboa...', Array)
#10 G:\OpenServer\domains\ht.anhtrong.com\vendor\codeigniter4\framework\system\CodeIgniter.php(918): App\Controllers\Backend\Landingpage\Landingpage->create()
#11 G:\OpenServer\domains\ht.anhtrong.com\vendor\codeigniter4\framework\system\CodeIgniter.php(404): CodeIgniter\CodeIgniter->runController(Object(App\Controllers\Backend\Landingpage\Landingpage))
#12 G:\OpenServer\domains\ht.anhtrong.com\vendor\codeigniter4\framework\system\CodeIgniter.php(312): CodeIgniter\CodeIgniter->handleRequest(NULL, Object(Config\Cache), false)
#13 G:\OpenServer\domains\ht.anhtrong.com\index.php(48): CodeIgniter\CodeIgniter->run()
#14 {main}
CRITICAL - 2021-10-01 03:32:45 --> Undefined variable: dropdown
#0 G:\OpenServer\domains\ht.anhtrong.com\app\Views\backend\article\article\store.php(274): CodeIgniter\Debug\Exceptions->errorHandler(8, 'Undefined varia...', 'G:\\OpenServer\\d...', 274, Array)
#1 G:\OpenServer\domains\ht.anhtrong.com\vendor\codeigniter4\framework\system\View\View.php(246): include('G:\\OpenServer\\d...')
#2 G:\OpenServer\domains\ht.anhtrong.com\vendor\codeigniter4\framework\system\Common.php(1119): CodeIgniter\View\View->render('backend/article...', Array, true)
#3 G:\OpenServer\domains\ht.anhtrong.com\app\Views\backend\article\article\create.php(16): view('backend/article...')
#4 G:\OpenServer\domains\ht.anhtrong.com\vendor\codeigniter4\framework\system\View\View.php(246): include('G:\\OpenServer\\d...')
#5 G:\OpenServer\domains\ht.anhtrong.com\vendor\codeigniter4\framework\system\Common.php(1119): CodeIgniter\View\View->render('backend/article...', Array, true)
#6 G:\OpenServer\domains\ht.anhtrong.com\app\Views\backend\dashboard\layout\home.php(44): view('backend/article...')
#7 G:\OpenServer\domains\ht.anhtrong.com\vendor\codeigniter4\framework\system\View\View.php(246): include('G:\\OpenServer\\d...')
#8 G:\OpenServer\domains\ht.anhtrong.com\vendor\codeigniter4\framework\system\Common.php(1119): CodeIgniter\View\View->render('backend/dashboa...', Array, true)
#9 G:\OpenServer\domains\ht.anhtrong.com\app\Controllers\Backend\Landingpage\Landingpage.php(122): view('backend/dashboa...', Array)
#10 G:\OpenServer\domains\ht.anhtrong.com\vendor\codeigniter4\framework\system\CodeIgniter.php(918): App\Controllers\Backend\Landingpage\Landingpage->create()
#11 G:\OpenServer\domains\ht.anhtrong.com\vendor\codeigniter4\framework\system\CodeIgniter.php(404): CodeIgniter\CodeIgniter->runController(Object(App\Controllers\Backend\Landingpage\Landingpage))
#12 G:\OpenServer\domains\ht.anhtrong.com\vendor\codeigniter4\framework\system\CodeIgniter.php(312): CodeIgniter\CodeIgniter->handleRequest(NULL, Object(Config\Cache), false)
#13 G:\OpenServer\domains\ht.anhtrong.com\index.php(48): CodeIgniter\CodeIgniter->run()
#14 {main}
CRITICAL - 2021-10-01 03:32:47 --> Undefined variable: dropdown
#0 G:\OpenServer\domains\ht.anhtrong.com\app\Views\backend\article\article\store.php(274): CodeIgniter\Debug\Exceptions->errorHandler(8, 'Undefined varia...', 'G:\\OpenServer\\d...', 274, Array)
#1 G:\OpenServer\domains\ht.anhtrong.com\vendor\codeigniter4\framework\system\View\View.php(246): include('G:\\OpenServer\\d...')
#2 G:\OpenServer\domains\ht.anhtrong.com\vendor\codeigniter4\framework\system\Common.php(1119): CodeIgniter\View\View->render('backend/article...', Array, true)
#3 G:\OpenServer\domains\ht.anhtrong.com\app\Views\backend\article\article\create.php(16): view('backend/article...')
#4 G:\OpenServer\domains\ht.anhtrong.com\vendor\codeigniter4\framework\system\View\View.php(246): include('G:\\OpenServer\\d...')
#5 G:\OpenServer\domains\ht.anhtrong.com\vendor\codeigniter4\framework\system\Common.php(1119): CodeIgniter\View\View->render('backend/article...', Array, true)
#6 G:\OpenServer\domains\ht.anhtrong.com\app\Views\backend\dashboard\layout\home.php(44): view('backend/article...')
#7 G:\OpenServer\domains\ht.anhtrong.com\vendor\codeigniter4\framework\system\View\View.php(246): include('G:\\OpenServer\\d...')
#8 G:\OpenServer\domains\ht.anhtrong.com\vendor\codeigniter4\framework\system\Common.php(1119): CodeIgniter\View\View->render('backend/dashboa...', Array, true)
#9 G:\OpenServer\domains\ht.anhtrong.com\app\Controllers\Backend\Landingpage\Landingpage.php(122): view('backend/dashboa...', Array)
#10 G:\OpenServer\domains\ht.anhtrong.com\vendor\codeigniter4\framework\system\CodeIgniter.php(918): App\Controllers\Backend\Landingpage\Landingpage->create()
#11 G:\OpenServer\domains\ht.anhtrong.com\vendor\codeigniter4\framework\system\CodeIgniter.php(404): CodeIgniter\CodeIgniter->runController(Object(App\Controllers\Backend\Landingpage\Landingpage))
#12 G:\OpenServer\domains\ht.anhtrong.com\vendor\codeigniter4\framework\system\CodeIgniter.php(312): CodeIgniter\CodeIgniter->handleRequest(NULL, Object(Config\Cache), false)
#13 G:\OpenServer\domains\ht.anhtrong.com\index.php(48): CodeIgniter\CodeIgniter->run()
#14 {main}
CRITICAL - 2021-10-01 03:33:11 --> Undefined variable: dropdown
#0 G:\OpenServer\domains\ht.anhtrong.com\app\Views\backend\article\article\store.php(274): CodeIgniter\Debug\Exceptions->errorHandler(8, 'Undefined varia...', 'G:\\OpenServer\\d...', 274, Array)
#1 G:\OpenServer\domains\ht.anhtrong.com\vendor\codeigniter4\framework\system\View\View.php(246): include('G:\\OpenServer\\d...')
#2 G:\OpenServer\domains\ht.anhtrong.com\vendor\codeigniter4\framework\system\Common.php(1119): CodeIgniter\View\View->render('backend/article...', Array, true)
#3 G:\OpenServer\domains\ht.anhtrong.com\app\Views\backend\article\article\create.php(16): view('backend/article...')
#4 G:\OpenServer\domains\ht.anhtrong.com\vendor\codeigniter4\framework\system\View\View.php(246): include('G:\\OpenServer\\d...')
#5 G:\OpenServer\domains\ht.anhtrong.com\vendor\codeigniter4\framework\system\Common.php(1119): CodeIgniter\View\View->render('backend/article...', Array, true)
#6 G:\OpenServer\domains\ht.anhtrong.com\app\Views\backend\dashboard\layout\home.php(44): view('backend/article...')
#7 G:\OpenServer\domains\ht.anhtrong.com\vendor\codeigniter4\framework\system\View\View.php(246): include('G:\\OpenServer\\d...')
#8 G:\OpenServer\domains\ht.anhtrong.com\vendor\codeigniter4\framework\system\Common.php(1119): CodeIgniter\View\View->render('backend/dashboa...', Array, true)
#9 G:\OpenServer\domains\ht.anhtrong.com\app\Controllers\Backend\Landingpage\Landingpage.php(122): view('backend/dashboa...', Array)
#10 G:\OpenServer\domains\ht.anhtrong.com\vendor\codeigniter4\framework\system\CodeIgniter.php(918): App\Controllers\Backend\Landingpage\Landingpage->create()
#11 G:\OpenServer\domains\ht.anhtrong.com\vendor\codeigniter4\framework\system\CodeIgniter.php(404): CodeIgniter\CodeIgniter->runController(Object(App\Controllers\Backend\Landingpage\Landingpage))
#12 G:\OpenServer\domains\ht.anhtrong.com\vendor\codeigniter4\framework\system\CodeIgniter.php(312): CodeIgniter\CodeIgniter->handleRequest(NULL, Object(Config\Cache), false)
#13 G:\OpenServer\domains\ht.anhtrong.com\index.php(48): CodeIgniter\CodeIgniter->run()
#14 {main}
CRITICAL - 2021-10-01 03:33:18 --> Undefined variable: dropdown
#0 G:\OpenServer\domains\ht.anhtrong.com\app\Views\backend\article\article\store.php(274): CodeIgniter\Debug\Exceptions->errorHandler(8, 'Undefined varia...', 'G:\\OpenServer\\d...', 274, Array)
#1 G:\OpenServer\domains\ht.anhtrong.com\vendor\codeigniter4\framework\system\View\View.php(246): include('G:\\OpenServer\\d...')
#2 G:\OpenServer\domains\ht.anhtrong.com\vendor\codeigniter4\framework\system\Common.php(1119): CodeIgniter\View\View->render('backend/article...', Array, true)
#3 G:\OpenServer\domains\ht.anhtrong.com\app\Views\backend\article\article\create.php(16): view('backend/article...')
#4 G:\OpenServer\domains\ht.anhtrong.com\vendor\codeigniter4\framework\system\View\View.php(246): include('G:\\OpenServer\\d...')
#5 G:\OpenServer\domains\ht.anhtrong.com\vendor\codeigniter4\framework\system\Common.php(1119): CodeIgniter\View\View->render('backend/article...', Array, true)
#6 G:\OpenServer\domains\ht.anhtrong.com\app\Views\backend\dashboard\layout\home.php(44): view('backend/article...')
#7 G:\OpenServer\domains\ht.anhtrong.com\vendor\codeigniter4\framework\system\View\View.php(246): include('G:\\OpenServer\\d...')
#8 G:\OpenServer\domains\ht.anhtrong.com\vendor\codeigniter4\framework\system\Common.php(1119): CodeIgniter\View\View->render('backend/dashboa...', Array, true)
#9 G:\OpenServer\domains\ht.anhtrong.com\app\Controllers\Backend\Landingpage\Landingpage.php(122): view('backend/dashboa...', Array)
#10 G:\OpenServer\domains\ht.anhtrong.com\vendor\codeigniter4\framework\system\CodeIgniter.php(918): App\Controllers\Backend\Landingpage\Landingpage->create()
#11 G:\OpenServer\domains\ht.anhtrong.com\vendor\codeigniter4\framework\system\CodeIgniter.php(404): CodeIgniter\CodeIgniter->runController(Object(App\Controllers\Backend\Landingpage\Landingpage))
#12 G:\OpenServer\domains\ht.anhtrong.com\vendor\codeigniter4\framework\system\CodeIgniter.php(312): CodeIgniter\CodeIgniter->handleRequest(NULL, Object(Config\Cache), false)
#13 G:\OpenServer\domains\ht.anhtrong.com\index.php(48): CodeIgniter\CodeIgniter->run()
#14 {main}
CRITICAL - 2021-10-01 03:34:53 --> Undefined variable: language
#0 G:\OpenServer\domains\ht.anhtrong.com\app\Views\backend\landingpage\landingpage\store.php(14): CodeIgniter\Debug\Exceptions->errorHandler(8, 'Undefined varia...', 'G:\\OpenServer\\d...', 14, Array)
#1 G:\OpenServer\domains\ht.anhtrong.com\vendor\codeigniter4\framework\system\View\View.php(246): include('G:\\OpenServer\\d...')
#2 G:\OpenServer\domains\ht.anhtrong.com\vendor\codeigniter4\framework\system\Common.php(1119): CodeIgniter\View\View->render('backend/landing...', Array, true)
#3 G:\OpenServer\domains\ht.anhtrong.com\app\Views\backend\landingpage\landingpage\create.php(16): view('backend/landing...')
#4 G:\OpenServer\domains\ht.anhtrong.com\vendor\codeigniter4\framework\system\View\View.php(246): include('G:\\OpenServer\\d...')
#5 G:\OpenServer\domains\ht.anhtrong.com\vendor\codeigniter4\framework\system\Common.php(1119): CodeIgniter\View\View->render('backend/landing...', Array, true)
#6 G:\OpenServer\domains\ht.anhtrong.com\app\Views\backend\dashboard\layout\home.php(44): view('backend/landing...')
#7 G:\OpenServer\domains\ht.anhtrong.com\vendor\codeigniter4\framework\system\View\View.php(246): include('G:\\OpenServer\\d...')
#8 G:\OpenServer\domains\ht.anhtrong.com\vendor\codeigniter4\framework\system\Common.php(1119): CodeIgniter\View\View->render('backend/dashboa...', Array, true)
#9 G:\OpenServer\domains\ht.anhtrong.com\app\Controllers\Backend\Landingpage\Landingpage.php(122): view('backend/dashboa...', Array)
#10 G:\OpenServer\domains\ht.anhtrong.com\vendor\codeigniter4\framework\system\CodeIgniter.php(918): App\Controllers\Backend\Landingpage\Landingpage->create()
#11 G:\OpenServer\domains\ht.anhtrong.com\vendor\codeigniter4\framework\system\CodeIgniter.php(404): CodeIgniter\CodeIgniter->runController(Object(App\Controllers\Backend\Landingpage\Landingpage))
#12 G:\OpenServer\domains\ht.anhtrong.com\vendor\codeigniter4\framework\system\CodeIgniter.php(312): CodeIgniter\CodeIgniter->handleRequest(NULL, Object(Config\Cache), false)
#13 G:\OpenServer\domains\ht.anhtrong.com\index.php(48): CodeIgniter\CodeIgniter->run()
#14 {main}
CRITICAL - 2021-10-01 03:46:23 --> Unknown column 'publish' in 'field list'
#0 G:\OpenServer\domains\ht.anhtrong.com\vendor\codeigniter4\framework\system\Database\MySQLi\Connection.php(331): mysqli->query('INSERT INTO `la...')
#1 G:\OpenServer\domains\ht.anhtrong.com\vendor\codeigniter4\framework\system\Database\BaseConnection.php(741): CodeIgniter\Database\MySQLi\Connection->execute('INSERT INTO `la...')
#2 G:\OpenServer\domains\ht.anhtrong.com\vendor\codeigniter4\framework\system\Database\BaseConnection.php(669): CodeIgniter\Database\BaseConnection->simpleQuery('INSERT INTO `la...')
#3 G:\OpenServer\domains\ht.anhtrong.com\vendor\codeigniter4\framework\system\Database\BaseBuilder.php(2249): CodeIgniter\Database\BaseConnection->query('INSERT INTO `la...', Array, false)
#4 G:\OpenServer\domains\ht.anhtrong.com\app\Models\AutoloadModel.php(90): CodeIgniter\Database\BaseBuilder->insert(Array)
#5 G:\OpenServer\domains\ht.anhtrong.com\app\Controllers\Backend\Landingpage\Landingpage.php(79): App\Models\AutoloadModel->_insert(Array)
#6 G:\OpenServer\domains\ht.anhtrong.com\vendor\codeigniter4\framework\system\CodeIgniter.php(918): App\Controllers\Backend\Landingpage\Landingpage->create()
#7 G:\OpenServer\domains\ht.anhtrong.com\vendor\codeigniter4\framework\system\CodeIgniter.php(404): CodeIgniter\CodeIgniter->runController(Object(App\Controllers\Backend\Landingpage\Landingpage))
#8 G:\OpenServer\domains\ht.anhtrong.com\vendor\codeigniter4\framework\system\CodeIgniter.php(312): CodeIgniter\CodeIgniter->handleRequest(NULL, Object(Config\Cache), false)
#9 G:\OpenServer\domains\ht.anhtrong.com\index.php(48): CodeIgniter\CodeIgniter->run()
#10 {main}
CRITICAL - 2021-10-01 03:47:04 --> Undefined index: catalogue
#0 G:\OpenServer\domains\ht.anhtrong.com\app\Views\backend\landingpage\landingpage\index.php(111): CodeIgniter\Debug\Exceptions->errorHandler(8, 'Undefined index...', 'G:\\OpenServer\\d...', 111, Array)
#1 G:\OpenServer\domains\ht.anhtrong.com\vendor\codeigniter4\framework\system\View\View.php(246): include('G:\\OpenServer\\d...')
#2 G:\OpenServer\domains\ht.anhtrong.com\vendor\codeigniter4\framework\system\Common.php(1119): CodeIgniter\View\View->render('backend/landing...', Array, true)
#3 G:\OpenServer\domains\ht.anhtrong.com\app\Views\backend\dashboard\layout\home.php(44): view('backend/landing...')
#4 G:\OpenServer\domains\ht.anhtrong.com\vendor\codeigniter4\framework\system\View\View.php(246): include('G:\\OpenServer\\d...')
#5 G:\OpenServer\domains\ht.anhtrong.com\vendor\codeigniter4\framework\system\Common.php(1119): CodeIgniter\View\View->render('backend/dashboa...', Array, true)
#6 G:\OpenServer\domains\ht.anhtrong.com\app\Controllers\Backend\Landingpage\Landingpage.php(61): view('backend/dashboa...', Array)
#7 G:\OpenServer\domains\ht.anhtrong.com\vendor\codeigniter4\framework\system\CodeIgniter.php(918): App\Controllers\Backend\Landingpage\Landingpage->index()
#8 G:\OpenServer\domains\ht.anhtrong.com\vendor\codeigniter4\framework\system\CodeIgniter.php(404): CodeIgniter\CodeIgniter->runController(Object(App\Controllers\Backend\Landingpage\Landingpage))
#9 G:\OpenServer\domains\ht.anhtrong.com\vendor\codeigniter4\framework\system\CodeIgniter.php(312): CodeIgniter\CodeIgniter->handleRequest(NULL, Object(Config\Cache), false)
#10 G:\OpenServer\domains\ht.anhtrong.com\index.php(48): CodeIgniter\CodeIgniter->run()
#11 {main}
CRITICAL - 2021-10-01 03:47:45 --> Undefined index: order
#0 G:\OpenServer\domains\ht.anhtrong.com\app\Views\backend\landingpage\landingpage\index.php(133): CodeIgniter\Debug\Exceptions->errorHandler(8, 'Undefined index...', 'G:\\OpenServer\\d...', 133, Array)
#1 G:\OpenServer\domains\ht.anhtrong.com\vendor\codeigniter4\framework\system\View\View.php(246): include('G:\\OpenServer\\d...')
#2 G:\OpenServer\domains\ht.anhtrong.com\vendor\codeigniter4\framework\system\Common.php(1119): CodeIgniter\View\View->render('backend/landing...', Array, true)
#3 G:\OpenServer\domains\ht.anhtrong.com\app\Views\backend\dashboard\layout\home.php(44): view('backend/landing...')
#4 G:\OpenServer\domains\ht.anhtrong.com\vendor\codeigniter4\framework\system\View\View.php(246): include('G:\\OpenServer\\d...')
#5 G:\OpenServer\domains\ht.anhtrong.com\vendor\codeigniter4\framework\system\Common.php(1119): CodeIgniter\View\View->render('backend/dashboa...', Array, true)
#6 G:\OpenServer\domains\ht.anhtrong.com\app\Controllers\Backend\Landingpage\Landingpage.php(61): view('backend/dashboa...', Array)
#7 G:\OpenServer\domains\ht.anhtrong.com\vendor\codeigniter4\framework\system\CodeIgniter.php(918): App\Controllers\Backend\Landingpage\Landingpage->index()
#8 G:\OpenServer\domains\ht.anhtrong.com\vendor\codeigniter4\framework\system\CodeIgniter.php(404): CodeIgniter\CodeIgniter->runController(Object(App\Controllers\Backend\Landingpage\Landingpage))
#9 G:\OpenServer\domains\ht.anhtrong.com\vendor\codeigniter4\framework\system\CodeIgniter.php(312): CodeIgniter\CodeIgniter->handleRequest(NULL, Object(Config\Cache), false)
#10 G:\OpenServer\domains\ht.anhtrong.com\index.php(48): CodeIgniter\CodeIgniter->run()
#11 {main}
CRITICAL - 2021-10-01 03:50:03 --> Call to undefined method App\Controllers\Backend\Landingpage\Landingpage::storeLanguage()
#0 G:\OpenServer\domains\ht.anhtrong.com\vendor\codeigniter4\framework\system\CodeIgniter.php(918): App\Controllers\Backend\Landingpage\Landingpage->update(1)
#1 G:\OpenServer\domains\ht.anhtrong.com\vendor\codeigniter4\framework\system\CodeIgniter.php(404): CodeIgniter\CodeIgniter->runController(Object(App\Controllers\Backend\Landingpage\Landingpage))
#2 G:\OpenServer\domains\ht.anhtrong.com\vendor\codeigniter4\framework\system\CodeIgniter.php(312): CodeIgniter\CodeIgniter->handleRequest(NULL, Object(Config\Cache), false)
#3 G:\OpenServer\domains\ht.anhtrong.com\index.php(48): CodeIgniter\CodeIgniter->run()
#4 {main}
