CRITICAL - 2021-06-11 00:07:15 --> Unable to locate view cell class: \App\Controllers\Frontend\Product\ListProduct.
#0 /home/itvc/domains/itvc.codechuanseo.com/public_html/vendor/codeigniter4/framework/system/View/Cell.php(268): CodeIgniter\View\Exceptions\ViewException::forInvalidCellClass('\\App\\Controller...')
#1 /home/itvc/domains/itvc.codechuanseo.com/public_html/vendor/codeigniter4/framework/system/View/Cell.php(110): CodeIgniter\View\Cell->determineClass('\\App\\Controller...')
#2 /home/itvc/domains/itvc.codechuanseo.com/public_html/vendor/codeigniter4/framework/system/Common.php(1140): CodeIgniter\View\Cell->render('\\App\\Controller...', 'page=0', 0, NULL)
#3 /home/itvc/domains/itvc.codechuanseo.com/public_html/app/Controllers/Frontend/Homepage/Router.php(16): view_cell('\\App\\Controller...', 'page=0')
#4 /home/itvc/domains/itvc.codechuanseo.com/public_html/vendor/codeigniter4/framework/system/CodeIgniter.php(918): App\Controllers\Frontend\Homepage\Router->list(0)
#5 /home/itvc/domains/itvc.codechuanseo.com/public_html/vendor/codeigniter4/framework/system/CodeIgniter.php(404): CodeIgniter\CodeIgniter->runController(Object(App\Controllers\Frontend\Homepage\Router))
#6 /home/itvc/domains/itvc.codechuanseo.com/public_html/vendor/codeigniter4/framework/system/CodeIgniter.php(312): CodeIgniter\CodeIgniter->handleRequest(NULL, Object(Config\Cache), false)
#7 /home/itvc/domains/itvc.codechuanseo.com/public_html/index.php(48): CodeIgniter\CodeIgniter->run()
#8 {main}
CRITICAL - 2021-06-11 01:45:42 --> Undefined variable: detailCatalogue
#0 /home/itvc/domains/itvc.codechuanseo.com/public_html/app/Views/frontend/search/index.php(43): CodeIgniter\Debug\Exceptions->errorHandler(8, 'Undefined varia...', '/home/itvc/doma...', 43, Array)
#1 /home/itvc/domains/itvc.codechuanseo.com/public_html/vendor/codeigniter4/framework/system/View/View.php(246): include('/home/itvc/doma...')
#2 /home/itvc/domains/itvc.codechuanseo.com/public_html/vendor/codeigniter4/framework/system/Common.php(1119): CodeIgniter\View\View->render('frontend/search...', Array, true)
#3 /home/itvc/domains/itvc.codechuanseo.com/public_html/app/Views/frontend/homepage/layout/home.php(67): view('frontend/search...')
#4 /home/itvc/domains/itvc.codechuanseo.com/public_html/vendor/codeigniter4/framework/system/View/View.php(246): include('/home/itvc/doma...')
#5 /home/itvc/domains/itvc.codechuanseo.com/public_html/vendor/codeigniter4/framework/system/Common.php(1119): CodeIgniter\View\View->render('frontend/homepa...', Array, true)
#6 /home/itvc/domains/itvc.codechuanseo.com/public_html/app/Controllers/Frontend/Product/ListProduct.php(125): view('frontend/homepa...', Array)
#7 /home/itvc/domains/itvc.codechuanseo.com/public_html/vendor/codeigniter4/framework/system/View/Cell.php(180): App\Controllers\Frontend\Product\ListProduct->index(0)
#8 /home/itvc/domains/itvc.codechuanseo.com/public_html/vendor/codeigniter4/framework/system/Common.php(1140): CodeIgniter\View\Cell->render('\\App\\Controller...', 'page=0', 0, 'AppControllersF...')
#9 /home/itvc/domains/itvc.codechuanseo.com/public_html/app/Controllers/Frontend/Homepage/Router.php(16): view_cell('\\App\\Controller...', 'page=0')
#10 /home/itvc/domains/itvc.codechuanseo.com/public_html/vendor/codeigniter4/framework/system/CodeIgniter.php(918): App\Controllers\Frontend\Homepage\Router->list(0)
#11 /home/itvc/domains/itvc.codechuanseo.com/public_html/vendor/codeigniter4/framework/system/CodeIgniter.php(404): CodeIgniter\CodeIgniter->runController(Object(App\Controllers\Frontend\Homepage\Router))
#12 /home/itvc/domains/itvc.codechuanseo.com/public_html/vendor/codeigniter4/framework/system/CodeIgniter.php(312): CodeIgniter\CodeIgniter->handleRequest(NULL, Object(Config\Cache), false)
#13 /home/itvc/domains/itvc.codechuanseo.com/public_html/index.php(48): CodeIgniter\CodeIgniter->run()
#14 {main}
CRITICAL - 2021-06-11 01:46:06 --> Undefined variable: detailCatalogue
#0 /home/itvc/domains/itvc.codechuanseo.com/public_html/app/Views/frontend/search/index.php(43): CodeIgniter\Debug\Exceptions->errorHandler(8, 'Undefined varia...', '/home/itvc/doma...', 43, Array)
#1 /home/itvc/domains/itvc.codechuanseo.com/public_html/vendor/codeigniter4/framework/system/View/View.php(246): include('/home/itvc/doma...')
#2 /home/itvc/domains/itvc.codechuanseo.com/public_html/vendor/codeigniter4/framework/system/Common.php(1119): CodeIgniter\View\View->render('frontend/search...', Array, true)
#3 /home/itvc/domains/itvc.codechuanseo.com/public_html/app/Views/frontend/homepage/layout/home.php(67): view('frontend/search...')
#4 /home/itvc/domains/itvc.codechuanseo.com/public_html/vendor/codeigniter4/framework/system/View/View.php(246): include('/home/itvc/doma...')
#5 /home/itvc/domains/itvc.codechuanseo.com/public_html/vendor/codeigniter4/framework/system/Common.php(1119): CodeIgniter\View\View->render('frontend/homepa...', Array, true)
#6 /home/itvc/domains/itvc.codechuanseo.com/public_html/app/Controllers/Frontend/Product/ListProduct.php(125): view('frontend/homepa...', Array)
#7 /home/itvc/domains/itvc.codechuanseo.com/public_html/vendor/codeigniter4/framework/system/View/Cell.php(180): App\Controllers\Frontend\Product\ListProduct->index(0)
#8 /home/itvc/domains/itvc.codechuanseo.com/public_html/vendor/codeigniter4/framework/system/Common.php(1140): CodeIgniter\View\Cell->render('\\App\\Controller...', 'page=0', 0, 'AppControllersF...')
#9 /home/itvc/domains/itvc.codechuanseo.com/public_html/app/Controllers/Frontend/Homepage/Router.php(16): view_cell('\\App\\Controller...', 'page=0')
#10 /home/itvc/domains/itvc.codechuanseo.com/public_html/vendor/codeigniter4/framework/system/CodeIgniter.php(918): App\Controllers\Frontend\Homepage\Router->list(0)
#11 /home/itvc/domains/itvc.codechuanseo.com/public_html/vendor/codeigniter4/framework/system/CodeIgniter.php(404): CodeIgniter\CodeIgniter->runController(Object(App\Controllers\Frontend\Homepage\Router))
#12 /home/itvc/domains/itvc.codechuanseo.com/public_html/vendor/codeigniter4/framework/system/CodeIgniter.php(312): CodeIgniter\CodeIgniter->handleRequest(NULL, Object(Config\Cache), false)
#13 /home/itvc/domains/itvc.codechuanseo.com/public_html/index.php(48): CodeIgniter\CodeIgniter->run()
#14 {main}
CRITICAL - 2021-06-11 01:47:59 --> Undefined variable: meta_description
#0 /home/itvc/domains/itvc.codechuanseo.com/public_html/app/Views/frontend/search/index.php(47): CodeIgniter\Debug\Exceptions->errorHandler(8, 'Undefined varia...', '/home/itvc/doma...', 47, Array)
#1 /home/itvc/domains/itvc.codechuanseo.com/public_html/vendor/codeigniter4/framework/system/View/View.php(246): include('/home/itvc/doma...')
#2 /home/itvc/domains/itvc.codechuanseo.com/public_html/vendor/codeigniter4/framework/system/Common.php(1119): CodeIgniter\View\View->render('frontend/search...', Array, true)
#3 /home/itvc/domains/itvc.codechuanseo.com/public_html/app/Views/frontend/homepage/layout/home.php(67): view('frontend/search...')
#4 /home/itvc/domains/itvc.codechuanseo.com/public_html/vendor/codeigniter4/framework/system/View/View.php(246): include('/home/itvc/doma...')
#5 /home/itvc/domains/itvc.codechuanseo.com/public_html/vendor/codeigniter4/framework/system/Common.php(1119): CodeIgniter\View\View->render('frontend/homepa...', Array, true)
#6 /home/itvc/domains/itvc.codechuanseo.com/public_html/app/Controllers/Frontend/Product/ListProduct.php(126): view('frontend/homepa...', Array)
#7 /home/itvc/domains/itvc.codechuanseo.com/public_html/vendor/codeigniter4/framework/system/View/Cell.php(180): App\Controllers\Frontend\Product\ListProduct->index(0)
#8 /home/itvc/domains/itvc.codechuanseo.com/public_html/vendor/codeigniter4/framework/system/Common.php(1140): CodeIgniter\View\Cell->render('\\App\\Controller...', 'page=0', 0, 'AppControllersF...')
#9 /home/itvc/domains/itvc.codechuanseo.com/public_html/app/Controllers/Frontend/Homepage/Router.php(16): view_cell('\\App\\Controller...', 'page=0')
#10 /home/itvc/domains/itvc.codechuanseo.com/public_html/vendor/codeigniter4/framework/system/CodeIgniter.php(918): App\Controllers\Frontend\Homepage\Router->list(0)
#11 /home/itvc/domains/itvc.codechuanseo.com/public_html/vendor/codeigniter4/framework/system/CodeIgniter.php(404): CodeIgniter\CodeIgniter->runController(Object(App\Controllers\Frontend\Homepage\Router))
#12 /home/itvc/domains/itvc.codechuanseo.com/public_html/vendor/codeigniter4/framework/system/CodeIgniter.php(312): CodeIgniter\CodeIgniter->handleRequest(NULL, Object(Config\Cache), false)
#13 /home/itvc/domains/itvc.codechuanseo.com/public_html/index.php(48): CodeIgniter\CodeIgniter->run()
#14 {main}
CRITICAL - 2021-06-11 01:48:00 --> Undefined variable: meta_description
#0 /home/itvc/domains/itvc.codechuanseo.com/public_html/app/Views/frontend/search/index.php(47): CodeIgniter\Debug\Exceptions->errorHandler(8, 'Undefined varia...', '/home/itvc/doma...', 47, Array)
#1 /home/itvc/domains/itvc.codechuanseo.com/public_html/vendor/codeigniter4/framework/system/View/View.php(246): include('/home/itvc/doma...')
#2 /home/itvc/domains/itvc.codechuanseo.com/public_html/vendor/codeigniter4/framework/system/Common.php(1119): CodeIgniter\View\View->render('frontend/search...', Array, true)
#3 /home/itvc/domains/itvc.codechuanseo.com/public_html/app/Views/frontend/homepage/layout/home.php(67): view('frontend/search...')
#4 /home/itvc/domains/itvc.codechuanseo.com/public_html/vendor/codeigniter4/framework/system/View/View.php(246): include('/home/itvc/doma...')
#5 /home/itvc/domains/itvc.codechuanseo.com/public_html/vendor/codeigniter4/framework/system/Common.php(1119): CodeIgniter\View\View->render('frontend/homepa...', Array, true)
#6 /home/itvc/domains/itvc.codechuanseo.com/public_html/app/Controllers/Frontend/Product/ListProduct.php(126): view('frontend/homepa...', Array)
#7 /home/itvc/domains/itvc.codechuanseo.com/public_html/vendor/codeigniter4/framework/system/View/Cell.php(180): App\Controllers\Frontend\Product\ListProduct->index(0)
#8 /home/itvc/domains/itvc.codechuanseo.com/public_html/vendor/codeigniter4/framework/system/Common.php(1140): CodeIgniter\View\Cell->render('\\App\\Controller...', 'page=0', 0, 'AppControllersF...')
#9 /home/itvc/domains/itvc.codechuanseo.com/public_html/app/Controllers/Frontend/Homepage/Router.php(16): view_cell('\\App\\Controller...', 'page=0')
#10 /home/itvc/domains/itvc.codechuanseo.com/public_html/vendor/codeigniter4/framework/system/CodeIgniter.php(918): App\Controllers\Frontend\Homepage\Router->list(0)
#11 /home/itvc/domains/itvc.codechuanseo.com/public_html/vendor/codeigniter4/framework/system/CodeIgniter.php(404): CodeIgniter\CodeIgniter->runController(Object(App\Controllers\Frontend\Homepage\Router))
#12 /home/itvc/domains/itvc.codechuanseo.com/public_html/vendor/codeigniter4/framework/system/CodeIgniter.php(312): CodeIgniter\CodeIgniter->handleRequest(NULL, Object(Config\Cache), false)
#13 /home/itvc/domains/itvc.codechuanseo.com/public_html/index.php(48): CodeIgniter\CodeIgniter->run()
#14 {main}
CRITICAL - 2021-06-11 01:48:01 --> Undefined variable: meta_description
#0 /home/itvc/domains/itvc.codechuanseo.com/public_html/app/Views/frontend/search/index.php(47): CodeIgniter\Debug\Exceptions->errorHandler(8, 'Undefined varia...', '/home/itvc/doma...', 47, Array)
#1 /home/itvc/domains/itvc.codechuanseo.com/public_html/vendor/codeigniter4/framework/system/View/View.php(246): include('/home/itvc/doma...')
#2 /home/itvc/domains/itvc.codechuanseo.com/public_html/vendor/codeigniter4/framework/system/Common.php(1119): CodeIgniter\View\View->render('frontend/search...', Array, true)
#3 /home/itvc/domains/itvc.codechuanseo.com/public_html/app/Views/frontend/homepage/layout/home.php(67): view('frontend/search...')
#4 /home/itvc/domains/itvc.codechuanseo.com/public_html/vendor/codeigniter4/framework/system/View/View.php(246): include('/home/itvc/doma...')
#5 /home/itvc/domains/itvc.codechuanseo.com/public_html/vendor/codeigniter4/framework/system/Common.php(1119): CodeIgniter\View\View->render('frontend/homepa...', Array, true)
#6 /home/itvc/domains/itvc.codechuanseo.com/public_html/app/Controllers/Frontend/Product/ListProduct.php(126): view('frontend/homepa...', Array)
#7 /home/itvc/domains/itvc.codechuanseo.com/public_html/vendor/codeigniter4/framework/system/View/Cell.php(180): App\Controllers\Frontend\Product\ListProduct->index(0)
#8 /home/itvc/domains/itvc.codechuanseo.com/public_html/vendor/codeigniter4/framework/system/Common.php(1140): CodeIgniter\View\Cell->render('\\App\\Controller...', 'page=0', 0, 'AppControllersF...')
#9 /home/itvc/domains/itvc.codechuanseo.com/public_html/app/Controllers/Frontend/Homepage/Router.php(16): view_cell('\\App\\Controller...', 'page=0')
#10 /home/itvc/domains/itvc.codechuanseo.com/public_html/vendor/codeigniter4/framework/system/CodeIgniter.php(918): App\Controllers\Frontend\Homepage\Router->list(0)
#11 /home/itvc/domains/itvc.codechuanseo.com/public_html/vendor/codeigniter4/framework/system/CodeIgniter.php(404): CodeIgniter\CodeIgniter->runController(Object(App\Controllers\Frontend\Homepage\Router))
#12 /home/itvc/domains/itvc.codechuanseo.com/public_html/vendor/codeigniter4/framework/system/CodeIgniter.php(312): CodeIgniter\CodeIgniter->handleRequest(NULL, Object(Config\Cache), false)
#13 /home/itvc/domains/itvc.codechuanseo.com/public_html/index.php(48): CodeIgniter\CodeIgniter->run()
#14 {main}
CRITICAL - 2021-06-11 01:48:01 --> Undefined variable: meta_description
#0 /home/itvc/domains/itvc.codechuanseo.com/public_html/app/Views/frontend/search/index.php(47): CodeIgniter\Debug\Exceptions->errorHandler(8, 'Undefined varia...', '/home/itvc/doma...', 47, Array)
#1 /home/itvc/domains/itvc.codechuanseo.com/public_html/vendor/codeigniter4/framework/system/View/View.php(246): include('/home/itvc/doma...')
#2 /home/itvc/domains/itvc.codechuanseo.com/public_html/vendor/codeigniter4/framework/system/Common.php(1119): CodeIgniter\View\View->render('frontend/search...', Array, true)
#3 /home/itvc/domains/itvc.codechuanseo.com/public_html/app/Views/frontend/homepage/layout/home.php(67): view('frontend/search...')
#4 /home/itvc/domains/itvc.codechuanseo.com/public_html/vendor/codeigniter4/framework/system/View/View.php(246): include('/home/itvc/doma...')
#5 /home/itvc/domains/itvc.codechuanseo.com/public_html/vendor/codeigniter4/framework/system/Common.php(1119): CodeIgniter\View\View->render('frontend/homepa...', Array, true)
#6 /home/itvc/domains/itvc.codechuanseo.com/public_html/app/Controllers/Frontend/Product/ListProduct.php(126): view('frontend/homepa...', Array)
#7 /home/itvc/domains/itvc.codechuanseo.com/public_html/vendor/codeigniter4/framework/system/View/Cell.php(180): App\Controllers\Frontend\Product\ListProduct->index(0)
#8 /home/itvc/domains/itvc.codechuanseo.com/public_html/vendor/codeigniter4/framework/system/Common.php(1140): CodeIgniter\View\Cell->render('\\App\\Controller...', 'page=0', 0, 'AppControllersF...')
#9 /home/itvc/domains/itvc.codechuanseo.com/public_html/app/Controllers/Frontend/Homepage/Router.php(16): view_cell('\\App\\Controller...', 'page=0')
#10 /home/itvc/domains/itvc.codechuanseo.com/public_html/vendor/codeigniter4/framework/system/CodeIgniter.php(918): App\Controllers\Frontend\Homepage\Router->list(0)
#11 /home/itvc/domains/itvc.codechuanseo.com/public_html/vendor/codeigniter4/framework/system/CodeIgniter.php(404): CodeIgniter\CodeIgniter->runController(Object(App\Controllers\Frontend\Homepage\Router))
#12 /home/itvc/domains/itvc.codechuanseo.com/public_html/vendor/codeigniter4/framework/system/CodeIgniter.php(312): CodeIgniter\CodeIgniter->handleRequest(NULL, Object(Config\Cache), false)
#13 /home/itvc/domains/itvc.codechuanseo.com/public_html/index.php(48): CodeIgniter\CodeIgniter->run()
#14 {main}
CRITICAL - 2021-06-11 03:14:36 --> Operand should contain 1 column(s)
#0 /home/itvc/domains/itvc.codechuanseo.com/public_html/vendor/codeigniter4/framework/system/Database/MySQLi/Connection.php(331): mysqli->query('UPDATE `product...')
#1 /home/itvc/domains/itvc.codechuanseo.com/public_html/vendor/codeigniter4/framework/system/Database/BaseConnection.php(741): CodeIgniter\Database\MySQLi\Connection->execute('UPDATE `product...')
#2 /home/itvc/domains/itvc.codechuanseo.com/public_html/vendor/codeigniter4/framework/system/Database/BaseConnection.php(669): CodeIgniter\Database\BaseConnection->simpleQuery('UPDATE `product...')
#3 /home/itvc/domains/itvc.codechuanseo.com/public_html/vendor/codeigniter4/framework/system/Database/BaseBuilder.php(2456): CodeIgniter\Database\BaseConnection->query('UPDATE `product...', Array, false)
#4 /home/itvc/domains/itvc.codechuanseo.com/public_html/app/Models/AutoloadModel.php(105): CodeIgniter\Database\BaseBuilder->update(Array)
#5 /home/itvc/domains/itvc.codechuanseo.com/public_html/app/Controllers/Frontend/Product/Product.php(334): App\Models\AutoloadModel->_update(Array)
#6 /home/itvc/domains/itvc.codechuanseo.com/public_html/app/Controllers/Frontend/Product/Product.php(140): App\Controllers\Frontend\Product\Product->set_cookie(Array, Array)
#7 /home/itvc/domains/itvc.codechuanseo.com/public_html/vendor/codeigniter4/framework/system/View/Cell.php(180): App\Controllers\Frontend\Product\Product->index(Array, '1')
#8 /home/itvc/domains/itvc.codechuanseo.com/public_html/vendor/codeigniter4/framework/system/Common.php(1140): CodeIgniter\View\Cell->render('\\App\\Controller...', 'id=7, page=1', 0, 'AppControllersF...')
#9 /home/itvc/domains/itvc.codechuanseo.com/public_html/app/Controllers/Frontend/Homepage/Router.php(53): view_cell('\\App\\Controller...', 'id=7, page=1')
#10 /home/itvc/domains/itvc.codechuanseo.com/public_html/vendor/codeigniter4/framework/system/CodeIgniter.php(918): App\Controllers\Frontend\Homepage\Router->index('bien-tan-danfos...')
#11 /home/itvc/domains/itvc.codechuanseo.com/public_html/vendor/codeigniter4/framework/system/CodeIgniter.php(404): CodeIgniter\CodeIgniter->runController(Object(App\Controllers\Frontend\Homepage\Router))
#12 /home/itvc/domains/itvc.codechuanseo.com/public_html/vendor/codeigniter4/framework/system/CodeIgniter.php(312): CodeIgniter\CodeIgniter->handleRequest(NULL, Object(Config\Cache), false)
#13 /home/itvc/domains/itvc.codechuanseo.com/public_html/index.php(48): CodeIgniter\CodeIgniter->run()
#14 {main}
CRITICAL - 2021-06-11 21:45:54 --> Operand should contain 1 column(s)
#0 /home/itvc/domains/itvc.codechuanseo.com/public_html/vendor/codeigniter4/framework/system/Database/MySQLi/Connection.php(331): mysqli->query('UPDATE `product...')
#1 /home/itvc/domains/itvc.codechuanseo.com/public_html/vendor/codeigniter4/framework/system/Database/BaseConnection.php(741): CodeIgniter\Database\MySQLi\Connection->execute('UPDATE `product...')
#2 /home/itvc/domains/itvc.codechuanseo.com/public_html/vendor/codeigniter4/framework/system/Database/BaseConnection.php(669): CodeIgniter\Database\BaseConnection->simpleQuery('UPDATE `product...')
#3 /home/itvc/domains/itvc.codechuanseo.com/public_html/vendor/codeigniter4/framework/system/Database/BaseBuilder.php(2456): CodeIgniter\Database\BaseConnection->query('UPDATE `product...', Array, false)
#4 /home/itvc/domains/itvc.codechuanseo.com/public_html/app/Models/AutoloadModel.php(105): CodeIgniter\Database\BaseBuilder->update(Array)
#5 /home/itvc/domains/itvc.codechuanseo.com/public_html/app/Controllers/Frontend/Product/Product.php(334): App\Models\AutoloadModel->_update(Array)
#6 /home/itvc/domains/itvc.codechuanseo.com/public_html/app/Controllers/Frontend/Product/Product.php(140): App\Controllers\Frontend\Product\Product->set_cookie(Array, Array)
#7 /home/itvc/domains/itvc.codechuanseo.com/public_html/vendor/codeigniter4/framework/system/View/Cell.php(180): App\Controllers\Frontend\Product\Product->index(Array, '1')
#8 /home/itvc/domains/itvc.codechuanseo.com/public_html/vendor/codeigniter4/framework/system/Common.php(1140): CodeIgniter\View\Cell->render('\\App\\Controller...', 'id=7, page=1', 0, 'AppControllersF...')
#9 /home/itvc/domains/itvc.codechuanseo.com/public_html/app/Controllers/Frontend/Homepage/Router.php(53): view_cell('\\App\\Controller...', 'id=7, page=1')
#10 /home/itvc/domains/itvc.codechuanseo.com/public_html/vendor/codeigniter4/framework/system/CodeIgniter.php(918): App\Controllers\Frontend\Homepage\Router->index('bien-tan-danfos...')
#11 /home/itvc/domains/itvc.codechuanseo.com/public_html/vendor/codeigniter4/framework/system/CodeIgniter.php(404): CodeIgniter\CodeIgniter->runController(Object(App\Controllers\Frontend\Homepage\Router))
#12 /home/itvc/domains/itvc.codechuanseo.com/public_html/vendor/codeigniter4/framework/system/CodeIgniter.php(312): CodeIgniter\CodeIgniter->handleRequest(NULL, Object(Config\Cache), false)
#13 /home/itvc/domains/itvc.codechuanseo.com/public_html/index.php(48): CodeIgniter\CodeIgniter->run()
#14 {main}
