CRITICAL - 2022-09-03 00:27:09 --> Unparenthesized `a ? b : c ? d : e` is deprecated. Use either `(a ? b : c) ? d : e` or `a ? b : (c ? d : e)`
in APPPATH\Views\backend\article\article\store.php on line 328.
 1 SYSTEMPATH\View\View.php(213): CodeIgniter\Debug\Exceptions->errorHandler()
 2 SYSTEMPATH\View\View.php(213): include()
 3 SYSTEMPATH\View\View.php(216): CodeIgniter\View\View->CodeIgniter\View\{closure}()
 4 SYSTEMPATH\Common.php(1142): CodeIgniter\View\View->render()
 5 APPPATH\Views\backend\article\article\create.php(16): view()
 6 SYSTEMPATH\View\View.php(213): include('APPPATH\\Views\\backend\\article\\article\\create.php')
 7 SYSTEMPATH\View\View.php(216): CodeIgniter\View\View->CodeIgniter\View\{closure}()
 8 SYSTEMPATH\Common.php(1142): CodeIgniter\View\View->render()
 9 APPPATH\Views\backend\dashboard\layout\home.php(44): view()
10 SYSTEMPATH\View\View.php(213): include('APPPATH\\Views\\backend\\dashboard\\layout\\home.php')
11 SYSTEMPATH\View\View.php(216): CodeIgniter\View\View->CodeIgniter\View\{closure}()
12 SYSTEMPATH\Common.php(1142): CodeIgniter\View\View->render()
13 APPPATH\Controllers\Backend\Article\Article.php(161): view()
14 SYSTEMPATH\CodeIgniter.php(904): App\Controllers\Backend\Article\Article->create()
15 SYSTEMPATH\CodeIgniter.php(457): CodeIgniter\CodeIgniter->runController()
16 SYSTEMPATH\CodeIgniter.php(340): CodeIgniter\CodeIgniter->handleRequest()
17 FCPATH\index.php(67): CodeIgniter\CodeIgniter->run()
CRITICAL - 2022-09-03 00:28:29 --> Unparenthesized `a ? b : c ? d : e` is deprecated. Use either `(a ? b : c) ? d : e` or `a ? b : (c ? d : e)`
in APPPATH\Views\backend\article\article\store.php on line 461.
 1 SYSTEMPATH\View\View.php(213): CodeIgniter\Debug\Exceptions->errorHandler()
 2 SYSTEMPATH\View\View.php(213): include()
 3 SYSTEMPATH\View\View.php(216): CodeIgniter\View\View->CodeIgniter\View\{closure}()
 4 SYSTEMPATH\Common.php(1142): CodeIgniter\View\View->render()
 5 APPPATH\Views\backend\article\article\create.php(16): view()
 6 SYSTEMPATH\View\View.php(213): include('APPPATH\\Views\\backend\\article\\article\\create.php')
 7 SYSTEMPATH\View\View.php(216): CodeIgniter\View\View->CodeIgniter\View\{closure}()
 8 SYSTEMPATH\Common.php(1142): CodeIgniter\View\View->render()
 9 APPPATH\Views\backend\dashboard\layout\home.php(44): view()
10 SYSTEMPATH\View\View.php(213): include('APPPATH\\Views\\backend\\dashboard\\layout\\home.php')
11 SYSTEMPATH\View\View.php(216): CodeIgniter\View\View->CodeIgniter\View\{closure}()
12 SYSTEMPATH\Common.php(1142): CodeIgniter\View\View->render()
13 APPPATH\Controllers\Backend\Article\Article.php(161): view()
14 SYSTEMPATH\CodeIgniter.php(904): App\Controllers\Backend\Article\Article->create()
15 SYSTEMPATH\CodeIgniter.php(457): CodeIgniter\CodeIgniter->runController()
16 SYSTEMPATH\CodeIgniter.php(340): CodeIgniter\CodeIgniter->handleRequest()
17 FCPATH\index.php(67): CodeIgniter\CodeIgniter->run()
CRITICAL - 2022-09-03 00:28:59 --> Unparenthesized `a ? b : c ? d : e` is deprecated. Use either `(a ? b : c) ? d : e` or `a ? b : (c ? d : e)`
in APPPATH\Views\backend\article\catalogue\store.php on line 243.
 1 SYSTEMPATH\View\View.php(213): CodeIgniter\Debug\Exceptions->errorHandler()
 2 SYSTEMPATH\View\View.php(213): include()
 3 SYSTEMPATH\View\View.php(216): CodeIgniter\View\View->CodeIgniter\View\{closure}()
 4 SYSTEMPATH\Common.php(1142): CodeIgniter\View\View->render()
 5 APPPATH\Views\backend\article\catalogue\create.php(16): view()
 6 SYSTEMPATH\View\View.php(213): include('APPPATH\\Views\\backend\\article\\catalogue\\create.php')
 7 SYSTEMPATH\View\View.php(216): CodeIgniter\View\View->CodeIgniter\View\{closure}()
 8 SYSTEMPATH\Common.php(1142): CodeIgniter\View\View->render()
 9 APPPATH\Views\backend\dashboard\layout\home.php(44): view()
10 SYSTEMPATH\View\View.php(213): include('APPPATH\\Views\\backend\\dashboard\\layout\\home.php')
11 SYSTEMPATH\View\View.php(216): CodeIgniter\View\View->CodeIgniter\View\{closure}()
12 SYSTEMPATH\Common.php(1142): CodeIgniter\View\View->render()
13 APPPATH\Controllers\Backend\Article\Catalogue.php(128): view()
14 SYSTEMPATH\CodeIgniter.php(904): App\Controllers\Backend\Article\Catalogue->create()
15 SYSTEMPATH\CodeIgniter.php(457): CodeIgniter\CodeIgniter->runController()
16 SYSTEMPATH\CodeIgniter.php(340): CodeIgniter\CodeIgniter->handleRequest()
17 FCPATH\index.php(67): CodeIgniter\CodeIgniter->run()
CRITICAL - 2022-09-03 00:29:21 --> Unparenthesized `a ? b : c ? d : e` is deprecated. Use either `(a ? b : c) ? d : e` or `a ? b : (c ? d : e)`
in APPPATH\Views\backend\article\catalogue\store.php on line 311.
 1 SYSTEMPATH\View\View.php(213): CodeIgniter\Debug\Exceptions->errorHandler()
 2 SYSTEMPATH\View\View.php(213): include()
 3 SYSTEMPATH\View\View.php(216): CodeIgniter\View\View->CodeIgniter\View\{closure}()
 4 SYSTEMPATH\Common.php(1142): CodeIgniter\View\View->render()
 5 APPPATH\Views\backend\article\catalogue\create.php(16): view()
 6 SYSTEMPATH\View\View.php(213): include('APPPATH\\Views\\backend\\article\\catalogue\\create.php')
 7 SYSTEMPATH\View\View.php(216): CodeIgniter\View\View->CodeIgniter\View\{closure}()
 8 SYSTEMPATH\Common.php(1142): CodeIgniter\View\View->render()
 9 APPPATH\Views\backend\dashboard\layout\home.php(44): view()
10 SYSTEMPATH\View\View.php(213): include('APPPATH\\Views\\backend\\dashboard\\layout\\home.php')
11 SYSTEMPATH\View\View.php(216): CodeIgniter\View\View->CodeIgniter\View\{closure}()
12 SYSTEMPATH\Common.php(1142): CodeIgniter\View\View->render()
13 APPPATH\Controllers\Backend\Article\Catalogue.php(128): view()
14 SYSTEMPATH\CodeIgniter.php(904): App\Controllers\Backend\Article\Catalogue->create()
15 SYSTEMPATH\CodeIgniter.php(457): CodeIgniter\CodeIgniter->runController()
16 SYSTEMPATH\CodeIgniter.php(340): CodeIgniter\CodeIgniter->handleRequest()
17 FCPATH\index.php(67): CodeIgniter\CodeIgniter->run()
CRITICAL - 2022-09-03 00:29:34 --> Unparenthesized `a ? b : c ? d : e` is deprecated. Use either `(a ? b : c) ? d : e` or `a ? b : (c ? d : e)`
in APPPATH\Views\backend\article\catalogue\store.php on line 311.
 1 SYSTEMPATH\View\View.php(213): CodeIgniter\Debug\Exceptions->errorHandler()
 2 SYSTEMPATH\View\View.php(213): include()
 3 SYSTEMPATH\View\View.php(216): CodeIgniter\View\View->CodeIgniter\View\{closure}()
 4 SYSTEMPATH\Common.php(1142): CodeIgniter\View\View->render()
 5 APPPATH\Views\backend\article\catalogue\create.php(16): view()
 6 SYSTEMPATH\View\View.php(213): include('APPPATH\\Views\\backend\\article\\catalogue\\create.php')
 7 SYSTEMPATH\View\View.php(216): CodeIgniter\View\View->CodeIgniter\View\{closure}()
 8 SYSTEMPATH\Common.php(1142): CodeIgniter\View\View->render()
 9 APPPATH\Views\backend\dashboard\layout\home.php(44): view()
10 SYSTEMPATH\View\View.php(213): include('APPPATH\\Views\\backend\\dashboard\\layout\\home.php')
11 SYSTEMPATH\View\View.php(216): CodeIgniter\View\View->CodeIgniter\View\{closure}()
12 SYSTEMPATH\Common.php(1142): CodeIgniter\View\View->render()
13 APPPATH\Controllers\Backend\Article\Catalogue.php(128): view()
14 SYSTEMPATH\CodeIgniter.php(904): App\Controllers\Backend\Article\Catalogue->create()
15 SYSTEMPATH\CodeIgniter.php(457): CodeIgniter\CodeIgniter->runController()
16 SYSTEMPATH\CodeIgniter.php(340): CodeIgniter\CodeIgniter->handleRequest()
17 FCPATH\index.php(67): CodeIgniter\CodeIgniter->run()
CRITICAL - 2022-09-03 08:48:29 --> Unparenthesized `a ? b : c ? d : e` is deprecated. Use either `(a ? b : c) ? d : e` or `a ? b : (c ? d : e)`
in APPPATH\Views\backend\slide\slide\store.php on line 124.
 1 SYSTEMPATH\View\View.php(213): CodeIgniter\Debug\Exceptions->errorHandler()
 2 SYSTEMPATH\View\View.php(213): include()
 3 SYSTEMPATH\View\View.php(216): CodeIgniter\View\View->CodeIgniter\View\{closure}()
 4 SYSTEMPATH\Common.php(1142): CodeIgniter\View\View->render()
 5 APPPATH\Views\backend\slide\slide\create.php(16): view()
 6 SYSTEMPATH\View\View.php(213): include('APPPATH\\Views\\backend\\slide\\slide\\create.php')
 7 SYSTEMPATH\View\View.php(216): CodeIgniter\View\View->CodeIgniter\View\{closure}()
 8 SYSTEMPATH\Common.php(1142): CodeIgniter\View\View->render()
 9 APPPATH\Views\backend\dashboard\layout\home.php(44): view()
10 SYSTEMPATH\View\View.php(213): include('APPPATH\\Views\\backend\\dashboard\\layout\\home.php')
11 SYSTEMPATH\View\View.php(216): CodeIgniter\View\View->CodeIgniter\View\{closure}()
12 SYSTEMPATH\Common.php(1142): CodeIgniter\View\View->render()
13 APPPATH\Controllers\Backend\Slide\Slide.php(122): view()
14 SYSTEMPATH\CodeIgniter.php(904): App\Controllers\Backend\Slide\Slide->create()
15 SYSTEMPATH\CodeIgniter.php(457): CodeIgniter\CodeIgniter->runController()
16 SYSTEMPATH\CodeIgniter.php(340): CodeIgniter\CodeIgniter->handleRequest()
17 FCPATH\index.php(67): CodeIgniter\CodeIgniter->run()
CRITICAL - 2022-09-03 09:24:58 --> Undefined variable: id
in APPPATH\Controllers\Ajax\Member.php on line 21.
 1 APPPATH\Controllers\Ajax\Member.php(21): CodeIgniter\Debug\Exceptions->errorHandler()
 2 SYSTEMPATH\CodeIgniter.php(904): App\Controllers\Ajax\Member->get_discount()
 3 SYSTEMPATH\CodeIgniter.php(457): CodeIgniter\CodeIgniter->runController()
 4 SYSTEMPATH\CodeIgniter.php(340): CodeIgniter\CodeIgniter->handleRequest()
 5 FCPATH\index.php(67): CodeIgniter\CodeIgniter->run()
CRITICAL - 2022-09-03 09:24:58 --> Undefined variable: id
in APPPATH\Controllers\Ajax\Member.php on line 21.
 1 APPPATH\Controllers\Ajax\Member.php(21): CodeIgniter\Debug\Exceptions->errorHandler()
 2 SYSTEMPATH\CodeIgniter.php(904): App\Controllers\Ajax\Member->get_discount()
 3 SYSTEMPATH\CodeIgniter.php(457): CodeIgniter\CodeIgniter->runController()
 4 SYSTEMPATH\CodeIgniter.php(340): CodeIgniter\CodeIgniter->handleRequest()
 5 FCPATH\index.php(67): CodeIgniter\CodeIgniter->run()
CRITICAL - 2022-09-03 09:24:58 --> Undefined variable: id
in APPPATH\Controllers\Ajax\Member.php on line 21.
 1 APPPATH\Controllers\Ajax\Member.php(21): CodeIgniter\Debug\Exceptions->errorHandler()
 2 SYSTEMPATH\CodeIgniter.php(904): App\Controllers\Ajax\Member->get_discount()
 3 SYSTEMPATH\CodeIgniter.php(457): CodeIgniter\CodeIgniter->runController()
 4 SYSTEMPATH\CodeIgniter.php(340): CodeIgniter\CodeIgniter->handleRequest()
 5 FCPATH\index.php(67): CodeIgniter\CodeIgniter->run()
CRITICAL - 2022-09-03 09:24:58 --> Undefined variable: id
in APPPATH\Controllers\Ajax\Member.php on line 21.
 1 APPPATH\Controllers\Ajax\Member.php(21): CodeIgniter\Debug\Exceptions->errorHandler()
 2 SYSTEMPATH\CodeIgniter.php(904): App\Controllers\Ajax\Member->get_discount()
 3 SYSTEMPATH\CodeIgniter.php(457): CodeIgniter\CodeIgniter->runController()
 4 SYSTEMPATH\CodeIgniter.php(340): CodeIgniter\CodeIgniter->handleRequest()
 5 FCPATH\index.php(67): CodeIgniter\CodeIgniter->run()
CRITICAL - 2022-09-03 09:25:18 --> Undefined variable: id
in APPPATH\Controllers\Ajax\Member.php on line 21.
 1 APPPATH\Controllers\Ajax\Member.php(21): CodeIgniter\Debug\Exceptions->errorHandler()
 2 SYSTEMPATH\CodeIgniter.php(904): App\Controllers\Ajax\Member->get_discount()
 3 SYSTEMPATH\CodeIgniter.php(457): CodeIgniter\CodeIgniter->runController()
 4 SYSTEMPATH\CodeIgniter.php(340): CodeIgniter\CodeIgniter->handleRequest()
 5 FCPATH\index.php(67): CodeIgniter\CodeIgniter->run()
CRITICAL - 2022-09-03 09:25:23 --> Undefined variable: id
in APPPATH\Controllers\Ajax\Member.php on line 21.
 1 APPPATH\Controllers\Ajax\Member.php(21): CodeIgniter\Debug\Exceptions->errorHandler()
 2 SYSTEMPATH\CodeIgniter.php(904): App\Controllers\Ajax\Member->get_discount()
 3 SYSTEMPATH\CodeIgniter.php(457): CodeIgniter\CodeIgniter->runController()
 4 SYSTEMPATH\CodeIgniter.php(340): CodeIgniter\CodeIgniter->handleRequest()
 5 FCPATH\index.php(67): CodeIgniter\CodeIgniter->run()
CRITICAL - 2022-09-03 09:30:59 --> syntax error, unexpected 'if' (T_IF)
in APPPATH\Controllers\Ajax\Member.php on line 37.
 1 SYSTEMPATH\Router\Router.php(499): CodeIgniter\Router\AutoRouter->getRoute()
 2 SYSTEMPATH\Router\Router.php(205): CodeIgniter\Router\Router->autoRoute()
 3 SYSTEMPATH\CodeIgniter.php(779): CodeIgniter\Router\Router->handle()
 4 SYSTEMPATH\CodeIgniter.php(406): CodeIgniter\CodeIgniter->tryToRouteIt()
 5 SYSTEMPATH\CodeIgniter.php(340): CodeIgniter\CodeIgniter->handleRequest()
 6 FCPATH\index.php(67): CodeIgniter\CodeIgniter->run()
CRITICAL - 2022-09-03 09:31:16 --> syntax error, unexpected ''</td>'' (T_CONSTANT_ENCAPSED_STRING)
in APPPATH\Controllers\Ajax\Member.php on line 41.
 1 SYSTEMPATH\Router\Router.php(499): CodeIgniter\Router\AutoRouter->getRoute()
 2 SYSTEMPATH\Router\Router.php(205): CodeIgniter\Router\Router->autoRoute()
 3 SYSTEMPATH\CodeIgniter.php(779): CodeIgniter\Router\Router->handle()
 4 SYSTEMPATH\CodeIgniter.php(406): CodeIgniter\CodeIgniter->tryToRouteIt()
 5 SYSTEMPATH\CodeIgniter.php(340): CodeIgniter\CodeIgniter->handleRequest()
 6 FCPATH\index.php(67): CodeIgniter\CodeIgniter->run()
