CRITICAL - 2021-07-25 04:18:02 --> Undefined variable: value
#0 /home/hmmedia/domains/hmmedia.codechuanseo.com/public_html/app/Views/frontend/article/article/index.php(19): CodeIgniter\Debug\Exceptions->errorHandler(8, 'Undefined varia...', '/home/hmmedia/d...', 19, Array)
#1 /home/hmmedia/domains/hmmedia.codechuanseo.com/public_html/vendor/codeigniter4/framework/system/View/View.php(246): include('/home/hmmedia/d...')
#2 /home/hmmedia/domains/hmmedia.codechuanseo.com/public_html/vendor/codeigniter4/framework/system/Common.php(1119): CodeIgniter\View\View->render('frontend/articl...', Array, true)
#3 /home/hmmedia/domains/hmmedia.codechuanseo.com/public_html/app/Views/frontend/homepage/layout/home.php(67): view('frontend/articl...')
#4 /home/hmmedia/domains/hmmedia.codechuanseo.com/public_html/vendor/codeigniter4/framework/system/View/View.php(246): include('/home/hmmedia/d...')
#5 /home/hmmedia/domains/hmmedia.codechuanseo.com/public_html/vendor/codeigniter4/framework/system/Common.php(1119): CodeIgniter\View\View->render('frontend/homepa...', Array, true)
#6 /home/hmmedia/domains/hmmedia.codechuanseo.com/public_html/app/Controllers/Frontend/Article/Article.php(135): view('frontend/homepa...', Array)
#7 /home/hmmedia/domains/hmmedia.codechuanseo.com/public_html/vendor/codeigniter4/framework/system/View/Cell.php(180): App\Controllers\Frontend\Article\Article->index(6, '1')
#8 /home/hmmedia/domains/hmmedia.codechuanseo.com/public_html/vendor/codeigniter4/framework/system/Common.php(1140): CodeIgniter\View\Cell->render('\\App\\Controller...', 'id=6, page=1', 0, 'AppControllersF...')
#9 /home/hmmedia/domains/hmmedia.codechuanseo.com/public_html/app/Controllers/Frontend/Homepage/Router.php(53): view_cell('\\App\\Controller...', 'id=6, page=1')
#10 /home/hmmedia/domains/hmmedia.codechuanseo.com/public_html/vendor/codeigniter4/framework/system/CodeIgniter.php(918): App\Controllers\Frontend\Homepage\Router->index('virtual-event-g...')
#11 /home/hmmedia/domains/hmmedia.codechuanseo.com/public_html/vendor/codeigniter4/framework/system/CodeIgniter.php(404): CodeIgniter\CodeIgniter->runController(Object(App\Controllers\Frontend\Homepage\Router))
#12 /home/hmmedia/domains/hmmedia.codechuanseo.com/public_html/vendor/codeigniter4/framework/system/CodeIgniter.php(312): CodeIgniter\CodeIgniter->handleRequest(NULL, Object(Config\Cache), false)
#13 /home/hmmedia/domains/hmmedia.codechuanseo.com/public_html/index.php(48): CodeIgniter\CodeIgniter->run()
#14 {main}
CRITICAL - 2021-07-25 04:18:03 --> Undefined variable: value
#0 /home/hmmedia/domains/hmmedia.codechuanseo.com/public_html/app/Views/frontend/article/article/index.php(19): CodeIgniter\Debug\Exceptions->errorHandler(8, 'Undefined varia...', '/home/hmmedia/d...', 19, Array)
#1 /home/hmmedia/domains/hmmedia.codechuanseo.com/public_html/vendor/codeigniter4/framework/system/View/View.php(246): include('/home/hmmedia/d...')
#2 /home/hmmedia/domains/hmmedia.codechuanseo.com/public_html/vendor/codeigniter4/framework/system/Common.php(1119): CodeIgniter\View\View->render('frontend/articl...', Array, true)
#3 /home/hmmedia/domains/hmmedia.codechuanseo.com/public_html/app/Views/frontend/homepage/layout/home.php(67): view('frontend/articl...')
#4 /home/hmmedia/domains/hmmedia.codechuanseo.com/public_html/vendor/codeigniter4/framework/system/View/View.php(246): include('/home/hmmedia/d...')
#5 /home/hmmedia/domains/hmmedia.codechuanseo.com/public_html/vendor/codeigniter4/framework/system/Common.php(1119): CodeIgniter\View\View->render('frontend/homepa...', Array, true)
#6 /home/hmmedia/domains/hmmedia.codechuanseo.com/public_html/app/Controllers/Frontend/Article/Article.php(135): view('frontend/homepa...', Array)
#7 /home/hmmedia/domains/hmmedia.codechuanseo.com/public_html/vendor/codeigniter4/framework/system/View/Cell.php(180): App\Controllers\Frontend\Article\Article->index(6, '1')
#8 /home/hmmedia/domains/hmmedia.codechuanseo.com/public_html/vendor/codeigniter4/framework/system/Common.php(1140): CodeIgniter\View\Cell->render('\\App\\Controller...', 'id=6, page=1', 0, 'AppControllersF...')
#9 /home/hmmedia/domains/hmmedia.codechuanseo.com/public_html/app/Controllers/Frontend/Homepage/Router.php(53): view_cell('\\App\\Controller...', 'id=6, page=1')
#10 /home/hmmedia/domains/hmmedia.codechuanseo.com/public_html/vendor/codeigniter4/framework/system/CodeIgniter.php(918): App\Controllers\Frontend\Homepage\Router->index('virtual-event-g...')
#11 /home/hmmedia/domains/hmmedia.codechuanseo.com/public_html/vendor/codeigniter4/framework/system/CodeIgniter.php(404): CodeIgniter\CodeIgniter->runController(Object(App\Controllers\Frontend\Homepage\Router))
#12 /home/hmmedia/domains/hmmedia.codechuanseo.com/public_html/vendor/codeigniter4/framework/system/CodeIgniter.php(312): CodeIgniter\CodeIgniter->handleRequest(NULL, Object(Config\Cache), false)
#13 /home/hmmedia/domains/hmmedia.codechuanseo.com/public_html/index.php(48): CodeIgniter\CodeIgniter->run()
#14 {main}
